<?xml version="1.0" encoding="UTF-8"?>
<product>
  <adsHeader>
    <missionId>S1A</missionId>
    <productType>SLC</productType>
    <polarisation>VV</polarisation>
    <mode>IW</mode>
    <swath>IW1</swath>
    <startTime>2015-05-16T13:34:21.818003</startTime>
    <stopTime>2015-05-16T13:34:46.963623</stopTime>
    <absoluteOrbitNumber>5947</absoluteOrbitNumber>
    <missionDataTakeId>31384</missionDataTakeId>
    <imageNumber>001</imageNumber>
  </adsHeader>
  <qualityInformation>
    <productQualityIndex>0.000000000000000e+00</productQualityIndex>
    <qualityDataList count="1">
      <qualityData>
        <azimuthTime>2015-05-16T13:34:21.818003</azimuthTime>
        <downlinkQuality>
          <iInputDataMean>2.266581058502197e-01</iInputDataMean>
          <qInputDataMean>3.237127065658569e-01</qInputDataMean>
          <inputDataMeanOutsideNominalRangeFlag>false</inputDataMeanOutsideNominalRangeFlag>
          <iInputDataStdDev>8.755509376525879e+00</iInputDataStdDev>
          <qInputDataStdDev>8.920121192932129e+00</qInputDataStdDev>
          <inputDataStDevOutsideNominalRangeFlag>false</inputDataStDevOutsideNominalRangeFlag>
          <numDownlinkInputDataGaps>0</numDownlinkInputDataGaps>
          <downlinkGapsInInputDataSignificantFlag>false</downlinkGapsInInputDataSignificantFlag>
          <numDownlinkInputMissingLines>0</numDownlinkInputMissingLines>
          <downlinkMissingLinesSignificantFlag>false</downlinkMissingLinesSignificantFlag>
          <numInstrumentInputDataGaps>0</numInstrumentInputDataGaps>
          <instrumentGapsInInputDataSignificantFlag>false</instrumentGapsInInputDataSignificantFlag>
          <numInstrumentInputMissingLines>0</numInstrumentInputMissingLines>
          <instrumentMissingLinesSignificantFlag>false</instrumentMissingLinesSignificantFlag>
          <numSsbErrorInputDataGaps>0</numSsbErrorInputDataGaps>
          <ssbErrorGapsInInputDataSignificantFlag>false</ssbErrorGapsInInputDataSignificantFlag>
          <numSsbErrorInputMissingLines>0</numSsbErrorInputMissingLines>
          <ssbErrorMissingLinesSignificantFlag>false</ssbErrorMissingLinesSignificantFlag>
          <chirpSourceUsed>Nominal</chirpSourceUsed>
          <pgSourceUsed>Extracted</pgSourceUsed>
          <rrfSpectrumUsed>Extended Tapered</rrfSpectrumUsed>
          <replicaReconstructionFailedFlag>false</replicaReconstructionFailedFlag>
          <meanPgProductAmplitude>6.307373642921448e-01</meanPgProductAmplitude>
          <stdDevPgProductAmplitude>3.674936480820179e-03</stdDevPgProductAmplitude>
          <meanPgProductPhase>2.778315842151642e-01</meanPgProductPhase>
          <stdDevPgProductPhase>1.148721203207970e-02</stdDevPgProductPhase>
          <pgProductDerivationFailedFlag>false</pgProductDerivationFailedFlag>
          <invalidDownlinkParamsFlag>true</invalidDownlinkParamsFlag>
        </downlinkQuality>
        <rawDataAnalysisQuality>
          <iBias>2.266581058502197e-01</iBias>
          <iBiasSignificanceFlag>true</iBiasSignificanceFlag>
          <qBias>3.237127065658569e-01</qBias>
          <qBiasSignificanceFlag>true</qBiasSignificanceFlag>
          <iqGainImbalance>9.815459847450256e-01</iqGainImbalance>
          <iqGainSignificanceFlag>true</iqGainSignificanceFlag>
          <iqQuadratureDeparture>7.858792692422867e-02</iqQuadratureDeparture>
          <iqQuadratureDepartureSignificanceFlag>true</iqQuadratureDepartureSignificanceFlag>
        </rawDataAnalysisQuality>
        <dopplerCentroidQuality>
          <dcMethod>Data Analysis</dcMethod>
          <dopplerCentroidUncertainFlag>false</dopplerCentroidUncertainFlag>
        </dopplerCentroidQuality>
        <imageQuality>
          <imageStatistics>
            <outputDataMean>
              <re>-1.205818e-02</re>
              <im>-3.912289e-03</im>
            </outputDataMean>
            <outputDataStdDev>
              <re>8.304721e+01</re>
              <im>8.307253e+01</im>
            </outputDataStdDev>
          </imageStatistics>
          <outputDataMeanOutsideNominalRangeFlag>true</outputDataMeanOutsideNominalRangeFlag>
          <outputDataStDevOutsideNominalRangeFlag>true</outputDataStDevOutsideNominalRangeFlag>
        </imageQuality>
      </qualityData>
    </qualityDataList>
  </qualityInformation>
  <generalAnnotation>
    <productInformation>
      <pass>Descending</pass>
      <timelinessCategory>Fast-24h</timelinessCategory>
      <platformHeading>-1.667209719043785e+02</platformHeading>
      <projection>Slant Range</projection>
      <rangeSamplingRate>6.434523812571428e+07</rangeSamplingRate>
      <radarFrequency>5.405000454334350e+09</radarFrequency>
      <azimuthSteeringRate>1.590368784000000e+00</azimuthSteeringRate>
    </productInformation>
    <downlinkInformationList count="1">
      <downlinkInformation>
        <swath>IW1</swath>
        <azimuthTime>2015-05-16T13:34:19.059447</azimuthTime>
        <firstLineSensingTime>2015-05-16T13:31:23.660926</firstLineSensingTime>
        <lastLineSensingTime>2015-05-16T13:31:51.433421</lastLineSensingTime>
        <prf>1.717128973878037e+03</prf>
        <bitErrorCount>
          <numErrSyncMarker>0</numErrSyncMarker>
          <numErrDataTakeId>0</numErrDataTakeId>
          <numErrEccNumber>0</numErrEccNumber>
          <numErrTestMode>0</numErrTestMode>
          <numErrRxChannelId>0</numErrRxChannelId>
          <numErrInstrumentConfigId>0</numErrInstrumentConfigId>
          <numErrPacketCount>0</numErrPacketCount>
          <numErrPriCount>0</numErrPriCount>
          <numErrSsbErrorFlag>0</numErrSsbErrorFlag>
          <numErrBaqMode>0</numErrBaqMode>
          <numErrBaqBlockLength>0</numErrBaqBlockLength>
          <numErrRangeDecimation>0</numErrRangeDecimation>
          <numErrRxGain>0</numErrRxGain>
          <numErrTxRampRate>0</numErrTxRampRate>
          <numErrTxPulseStartFrequency>0</numErrTxPulseStartFrequency>
          <numErrRank>0</numErrRank>
          <numErrPri>0</numErrPri>
          <numErrSwst>0</numErrSwst>
          <numErrSwl>0</numErrSwl>
          <numErrPolarisation>0</numErrPolarisation>
          <numErrTempComp>7045</numErrTempComp>
          <numErrElevationBeamAddress>0</numErrElevationBeamAddress>
          <numErrAzimuthBeamAddress>0</numErrAzimuthBeamAddress>
          <numErrSasTestMode>0</numErrSasTestMode>
          <numErrCalType>0</numErrCalType>
          <numErrCalibrationBeamAddress>0</numErrCalibrationBeamAddress>
          <numErrCalMode>0</numErrCalMode>
          <numErrTxPulseNumber>0</numErrTxPulseNumber>
          <numErrSignalType>0</numErrSignalType>
          <numErrSwapFlag>0</numErrSwapFlag>
          <numErrSwathNumber>0</numErrSwathNumber>
          <numErrNumberOfQuads>0</numErrNumberOfQuads>
          <numIspHeaderErrors>7045</numIspHeaderErrors>
        </bitErrorCount>
        <downlinkValues>
          <pri>5.823674372819869e-04</pri>
          <rank>9</rank>
          <dataTakeId>12672</dataTakeId>
          <eccNumber>8</eccNumber>
          <rxChannelId>0</rxChannelId>
          <instrumentConfigId>3</instrumentConfigId>
          <dataFormat>
            <baqBlockLength>256</baqBlockLength>
            <echoFormat>FDBAQ</echoFormat>
            <noiseFormat>BAQ 5 Bit</noiseFormat>
            <calibrationFormat>Decimation</calibrationFormat>
            <meanBitRate>7.232865879646508e-01</meanBitRate>
          </dataFormat>
          <rangeDecimation>
            <decimationFilterBandwidth>5.659000000000000e+07</decimationFilterBandwidth>
            <samplingFrequencyAfterDecimation>6.434523812571429e+07</samplingFrequencyAfterDecimation>
            <filterLength>36</filterLength>
          </rangeDecimation>
          <rxGain>-4.000000000000000e+00</rxGain>
          <txPulseLength>5.240481033595628e-05</txPulseLength>
          <txPulseStartFrequency>-2.825153419637256e+07</txPulseStartFrequency>
          <txPulseRampRate>1.078230321255894e+12</txPulseRampRate>
          <swathNumber>10</swathNumber>
          <swlList count="1">
            <swl>
              <azimuthTime>2015-05-16T13:34:20.185271</azimuthTime>
              <value>3.724284919605149e-04</value>
            </swl>
          </swlList>
          <swstList count="2">
            <swst>
              <azimuthTime>2015-05-16T13:34:20.185271</azimuthTime>
              <value>1.016125808954434e-04</value>
            </swst>
            <swst>
              <azimuthTime>2015-05-16T13:34:45.009765</azimuthTime>
              <value>1.003337649848558e-04</value>
            </swst>
          </swstList>
          <pointingStatusList count="1">
            <pointingStatus>
              <azimuthTime>2015-05-16T13:31:22.906310</azimuthTime>
              <aocsOpMode>Normal Pointing Mode</aocsOpMode>
              <rollErrorFlag>false</rollErrorFlag>
              <pitchErrorFlag>false</pitchErrorFlag>
              <yawErrorFlag>false</yawErrorFlag>
            </pointingStatus>
          </pointingStatusList>
        </downlinkValues>
      </downlinkInformation>
    </downlinkInformationList>
    <orbitList count="31">
      <orbit>
        <time>2015-05-16T13:34:18.003000</time>
        <frame>Earth Fixed</frame>
        <position>
          <x>-1.627673504064629e+06</x>
          <y>-5.330030055895900e+06</y>
          <z>4.351479585691839e+06</z>
        </position>
        <velocity>
          <x>-3.014996978200084e+03</x>
          <y>-3.840417428389496e+03</y>
          <z>-5.815581501234154e+03</z>
        </velocity>
      </orbit>
      <orbit>
        <time>2015-05-16T13:34:19.003000</time>
        <frame>Earth Fixed</frame>
        <position>
          <x>-1.630687868232103e+06</x>
          <y>-5.333867264900520e+06</y>
          <z>4.345661548867026e+06</z>
        </position>
        <velocity>
          <x>-3.013731120459351e+03</x>
          <y>-3.834000658401613e+03</y>
          <z>-5.820492170154124e+03</z>
        </velocity>
      </orbit>
      <orbit>
        <time>2015-05-16T13:34:20.003000</time>
        <frame>Earth Fixed</frame>
        <position>
          <x>-1.633700963885940e+06</x>
          <y>-5.337698055591828e+06</y>
          <z>4.339838604201280e+06</z>
        </position>
        <velocity>
          <x>-3.012460187072521e+03</x>
          <y>-3.827579989425917e+03</y>
          <z>-5.825396275980436e+03</z>
        </velocity>
      </orbit>
      <orbit>
        <time>2015-05-16T13:34:21.003000</time>
        <frame>Earth Fixed</frame>
        <position>
          <x>-1.636712786110082e+06</x>
          <y>-5.341522423280191e+06</y>
          <z>4.334010759176046e+06</z>
        </position>
        <velocity>
          <x>-3.011184176807921e+03</x>
          <y>-3.821155431007703e+03</y>
          <z>-5.830293811277313e+03</z>
        </velocity>
      </orbit>
      <orbit>
        <time>2015-05-16T13:34:22.003000</time>
        <frame>Earth Fixed</frame>
        <position>
          <x>-1.639723331016543e+06</x>
          <y>-5.345340364089526e+06</y>
          <z>4.328178019906560e+06</z>
        </position>
        <velocity>
          <x>-3.009904602863823e+03</x>
          <y>-3.814726526645762e+03</y>
          <z>-5.835184770136354e+03</z>
        </velocity>
      </orbit>
      <orbit>
        <time>2015-05-16T13:34:23.003000</time>
        <frame>Earth Fixed</frame>
        <position>
          <x>-1.642732594166014e+06</x>
          <y>-5.349151873948712e+06</y>
          <z>4.322340392965354e+06</z>
        </position>
        <velocity>
          <x>-3.008621470568944e+03</x>
          <y>-3.808293284895325e+03</y>
          <z>-5.840069155382002e+03</z>
        </velocity>
      </orbit>
      <orbit>
        <time>2015-05-16T13:34:24.003000</time>
        <frame>Earth Fixed</frame>
        <position>
          <x>-1.645740571288079e+06</x>
          <y>-5.352956948738585e+06</y>
          <z>4.316497884942464e+06</z>
        </position>
        <velocity>
          <x>-3.007333259014659e+03</x>
          <y>-3.801856173712434e+03</y>
          <z>-5.844946942282008e+03</z>
        </velocity>
      </orbit>
      <orbit>
        <time>2015-05-16T13:34:25.003000</time>
        <frame>Earth Fixed</frame>
        <position>
          <x>-1.648747257941744e+06</x>
          <y>-5.356755584401815e+06</y>
          <z>4.310650502429919e+06</z>
        </position>
        <velocity>
          <x>-3.006039970657992e+03</x>
          <y>-3.795415204620075e+03</y>
          <z>-5.849818134599627e+03</z>
        </velocity>
      </orbit>
      <orbit>
        <time>2015-05-16T13:34:26.003000</time>
        <frame>Earth Fixed</frame>
        <position>
          <x>-1.651752650005589e+06</x>
          <y>-5.360547776791531e+06</y>
          <z>4.304798252023840e+06</z>
        </position>
        <velocity>
          <x>-3.004743123804507e+03</x>
          <y>-3.788969919065250e+03</y>
          <z>-5.854682727199386e+03</z>
        </velocity>
      </orbit>
      <orbit>
        <time>2015-05-16T13:34:27.003000</time>
        <frame>Earth Fixed</frame>
        <position>
          <x>-1.654756743041119e+06</x>
          <y>-5.364333521866938e+06</y>
          <z>4.298941140325399e+06</z>
        </position>
        <velocity>
          <x>-3.003442721189866e+03</x>
          <y>-3.782520324139456e+03</y>
          <z>-5.859540715297459e+03</z>
        </velocity>
      </orbit>
      <orbit>
        <time>2015-05-16T13:34:28.003000</time>
        <frame>Earth Fixed</frame>
        <position>
          <x>-1.657759532783925e+06</x>
          <y>-5.368112815542376e+06</y>
          <z>4.293079173940563e+06</z>
        </position>
        <velocity>
          <x>-3.002137245043544e+03</x>
          <y>-3.776066896730467e+03</y>
          <z>-5.864392094417261e+03</z>
        </velocity>
      </orbit>
      <orbit>
        <time>2015-05-16T13:34:29.003000</time>
        <frame>Earth Fixed</frame>
        <position>
          <x>-1.660761014797771e+06</x>
          <y>-5.371885653794134e+06</y>
          <z>4.287212359479869e+06</z>
        </position>
        <velocity>
          <x>-3.000826695212276e+03</x>
          <y>-3.769609646884793e+03</y>
          <z>-5.869236860308089e+03</z>
        </velocity>
      </orbit>
      <orbit>
        <time>2015-05-16T13:34:30.003000</time>
        <frame>Earth Fixed</frame>
        <position>
          <x>-1.663761184966936e+06</x>
          <y>-5.375652032508519e+06</y>
          <z>4.281340703558223e+06</z>
        </position>
        <velocity>
          <x>-2.999512594808840e+03</x>
          <y>-3.763148113270243e+03</y>
          <z>-5.874075008966309e+03</z>
        </velocity>
      </orbit>
      <orbit>
        <time>2015-05-16T13:34:31.003000</time>
        <frame>Earth Fixed</frame>
        <position>
          <x>-1.666760038858148e+06</x>
          <y>-5.379411947679139e+06</y>
          <z>4.275464212794745e+06</z>
        </position>
        <velocity>
          <x>-2.998194947055285e+03</x>
          <y>-3.756682303577691e+03</y>
          <z>-5.878906536602801e+03</z>
        </velocity>
      </orbit>
      <orbit>
        <time>2015-05-16T13:34:32.003000</time>
        <frame>Earth Fixed</frame>
        <position>
          <x>-1.669757572213067e+06</x>
          <y>-5.383165395254761e+06</y>
          <z>4.269582893812655e+06</z>
        </position>
        <velocity>
          <x>-2.996872230309765e+03</x>
          <y>-3.750212698574040e+03</y>
          <z>-5.883731439451927e+03</z>
        </velocity>
      </orbit>
      <orbit>
        <time>2015-05-16T13:34:33.003000</time>
        <frame>Earth Fixed</frame>
        <position>
          <x>-1.672753780571499e+06</x>
          <y>-5.386912371210538e+06</y>
          <z>4.263696753299310e+06</z>
        </position>
        <velocity>
          <x>-2.995544401240776e+03</x>
          <y>-3.743739255703913e+03</y>
          <z>-5.888549626263973e+03</z>
        </velocity>
      </orbit>
      <orbit>
        <time>2015-05-16T13:34:34.003000</time>
        <frame>Earth Fixed</frame>
        <position>
          <x>-1.675748659851034e+06</x>
          <y>-5.390652871499501e+06</y>
          <z>4.257805797832791e+06</z>
        </position>
        <velocity>
          <x>-2.994213079043204e+03</x>
          <y>-3.737261621972850e+03</y>
          <z>-5.893361278109258e+03</z>
        </velocity>
      </orbit>
      <orbit>
        <time>2015-05-16T13:34:35.003000</time>
        <frame>Earth Fixed</frame>
        <position>
          <x>-1.678742205633325e+06</x>
          <y>-5.394386892161386e+06</y>
          <z>4.251910034030668e+06</z>
        </position>
        <velocity>
          <x>-2.992878222117589e+03</x>
          <y>-3.730779750512431e+03</y>
          <z>-5.898166300833924e+03</z>
        </velocity>
      </orbit>
      <orbit>
        <time>2015-05-16T13:34:36.003000</time>
        <frame>Earth Fixed</frame>
        <position>
          <x>-1.681734413669075e+06</x>
          <y>-5.398114429182950e+06</y>
          <z>4.246009468527455e+06</z>
        </position>
        <velocity>
          <x>-2.991538303917351e+03</x>
          <y>-3.724294124673823e+03</y>
          <z>-5.902964689366495e+03</z>
        </velocity>
      </orbit>
      <orbit>
        <time>2015-05-16T13:34:37.003000</time>
        <frame>Earth Fixed</frame>
        <position>
          <x>-1.684725279535747e+06</x>
          <y>-5.401835478613088e+06</y>
          <z>4.240104107963151e+06</z>
        </position>
        <velocity>
          <x>-2.990193323500918e+03</x>
          <y>-3.717804753443320e+03</y>
          <z>-5.907756437884334e+03</z>
        </velocity>
      </orbit>
      <orbit>
        <time>2015-05-16T13:34:38.003000</time>
        <frame>Earth Fixed</frame>
        <position>
          <x>-1.687714799107033e+06</x>
          <y>-5.405550036416159e+06</y>
          <z>4.234193958983784e+06</z>
        </position>
        <velocity>
          <x>-2.988845576974910e+03</x>
          <y>-3.711310928220048e+03</y>
          <z>-5.912541539929952e+03</z>
        </velocity>
      </orbit>
      <orbit>
        <time>2015-05-16T13:34:39.003000</time>
        <frame>Earth Fixed</frame>
        <position>
          <x>-1.690702968037146e+06</x>
          <y>-5.409258098632241e+06</y>
          <z>4.228279028241954e+06</z>
        </position>
        <velocity>
          <x>-2.987492768855560e+03</x>
          <y>-3.704813371770984e+03</y>
          <z>-5.917319988407151e+03</z>
        </velocity>
      </orbit>
      <orbit>
        <time>2015-05-16T13:34:40.003000</time>
        <frame>Earth Fixed</frame>
        <position>
          <x>-1.693689782003193e+06</x>
          <y>-5.412959661301277e+06</y>
          <z>4.222359322397362e+06</z>
        </position>
        <velocity>
          <x>-2.986135664088376e+03</x>
          <y>-3.698311852054483e+03</y>
          <z>-5.922091775507324e+03</z>
        </velocity>
      </orbit>
      <orbit>
        <time>2015-05-16T13:34:41.003000</time>
        <frame>Earth Fixed</frame>
        <position>
          <x>-1.696675236608543e+06</x>
          <y>-5.416654720492919e+06</y>
          <z>4.216434848117281e+06</z>
        </position>
        <velocity>
          <x>-2.984773494827488e+03</x>
          <y>-3.691806615570310e+03</y>
          <z>-5.926856892941453e+03</z>
        </velocity>
      </orbit>
      <orbit>
        <time>2015-05-16T13:34:42.003000</time>
        <frame>Earth Fixed</frame>
        <position>
          <x>-1.699659327727381e+06</x>
          <y>-5.420343272198316e+06</y>
          <z>4.210505612076983e+06</z>
        </position>
        <velocity>
          <x>-2.983408562297788e+03</x>
          <y>-3.685296947165939e+03</y>
          <z>-5.931615331891488e+03</z>
        </velocity>
      </orbit>
      <orbit>
        <time>2015-05-16T13:34:43.003000</time>
        <frame>Earth Fixed</frame>
        <position>
          <x>-1.702642051059991e+06</x>
          <y>-5.424025312541434e+06</y>
          <z>4.204571620865870e+06</z>
        </position>
        <velocity>
          <x>-2.982038632270801e+03</x>
          <y>-3.678783657556248e+03</y>
          <z>-5.936367220499477e+03</z>
        </velocity>
      </orbit>
      <orbit>
        <time>2015-05-16T13:34:44.003000</time>
        <frame>Earth Fixed</frame>
        <position>
          <x>-1.705623402240180e+06</x>
          <y>-5.427700837536385e+06</y>
          <z>4.198632881259528e+06</z>
        </position>
        <velocity>
          <x>-2.980664326347597e+03</x>
          <y>-3.672266334633454e+03</y>
          <z>-5.941112259661633e+03</z>
        </velocity>
      </orbit>
      <orbit>
        <time>2015-05-16T13:34:45.003000</time>
        <frame>Earth Fixed</frame>
        <position>
          <x>-1.708603376854961e+06</x>
          <y>-5.431369843260427e+06</y>
          <z>4.192689399986795e+06</z>
        </position>
        <velocity>
          <x>-2.979284944670301e+03</x>
          <y>-3.665745312503059e+03</y>
          <z>-5.945850581479120e+03</z>
        </velocity>
      </orbit>
      <orbit>
        <time>2015-05-16T13:34:46.003000</time>
        <frame>Earth Fixed</frame>
        <position>
          <x>-1.711581970772501e+06</x>
          <y>-5.435032325723476e+06</y>
          <z>4.186741183765301e+06</z>
        </position>
        <velocity>
          <x>-2.977902795250707e+03</x>
          <y>-3.659219871553581e+03</y>
          <z>-5.950582178094638e+03</z>
        </velocity>
      </orbit>
      <orbit>
        <time>2015-05-16T13:34:47.003000</time>
        <frame>Earth Fixed</frame>
        <position>
          <x>-1.714559179640115e+06</x>
          <y>-5.438688281011904e+06</y>
          <z>4.180788239319646e+06</z>
        </position>
        <velocity>
          <x>-2.976515570163879e+03</x>
          <y>-3.652690744892483e+03</y>
          <z>-5.955307042578907e+03</z>
        </velocity>
      </orbit>
      <orbit>
        <time>2015-05-16T13:34:48.003000</time>
        <frame>Earth Fixed</frame>
        <position>
          <x>-1.717534995990033e+06</x>
          <y>-5.442337701518997e+06</y>
          <z>4.174830579469110e+06</z>
        </position>
        <velocity>
          <x>-2.975123269830851e+03</x>
          <y>-3.646157948023272e+03</y>
          <z>-5.960025164091003e+03</z>
        </velocity>
      </orbit>
    </orbitList>
    <attitudeList count="26">
      <attitude>
        <time>2015-05-16T13:34:21.875002</time>
        <frame>GM2000</frame>
        <q0>2.474521e-01</q0>
        <q1>4.688828e-01</q1>
        <q2>4.362746e-01</q2>
        <q3>7.270356e-01</q3>
        <wx>-7.488583651138470e-05</wx>
        <wy>-9.458116837777197e-04</wy>
        <wz>-4.930922877974808e-04</wz>
        <roll>2.826414900783985e+00</roll>
        <pitch>-6.400032637899999e+01</pitch>
        <yaw>6.016731196520643e+01</yaw>
      </attitude>
      <attitude>
        <time>2015-05-16T13:34:22.874996</time>
        <frame>GM2000</frame>
        <q0>2.478950e-01</q0>
        <q1>4.690518e-01</q1>
        <q2>4.362413e-01</q2>
        <q3>7.267957e-01</q3>
        <wx>-7.369273225776851e-05</wx>
        <wy>-9.480643784627318e-04</wy>
        <wz>-4.928683047182858e-04</wz>
        <roll>2.802964286422626e+00</roll>
        <pitch>-6.404911355680171e+01</pitch>
        <yaw>6.019314035210792e+01</yaw>
      </attitude>
      <attitude>
        <time>2015-05-16T13:34:23.875001</time>
        <frame>GM2000</frame>
        <q0>2.483370e-01</q0>
        <q1>4.692207e-01</q1>
        <q2>4.362084e-01</q2>
        <q3>7.265555e-01</q3>
        <wx>-7.409194222418591e-05</wx>
        <wy>-9.458148269914091e-04</wy>
        <wz>-4.930947907269001e-04</wz>
        <roll>2.779636477092916e+00</roll>
        <pitch>-6.409786741856158e+01</pitch>
        <yaw>6.021899464331135e+01</yaw>
      </attitude>
      <attitude>
        <time>2015-05-16T13:34:24.874995</time>
        <frame>GM2000</frame>
        <q0>2.487780e-01</q0>
        <q1>4.693896e-01</q1>
        <q2>4.361755e-01</q2>
        <q3>7.263153e-01</q3>
        <wx>-7.448699761880562e-05</wx>
        <wy>-9.458144777454436e-04</wy>
        <wz>-4.919450148008764e-04</wz>
        <roll>2.756414357002011e+00</roll>
        <pitch>-6.414657260782823e+01</pitch>
        <yaw>6.024481444227104e+01</yaw>
      </attitude>
      <attitude>
        <time>2015-05-16T13:34:25.875000</time>
        <frame>GM2000</frame>
        <q0>2.492194e-01</q0>
        <q1>4.695580e-01</q1>
        <q2>4.361430e-01</q2>
        <q3>7.260746e-01</q3>
        <wx>-7.276615360751748e-05</wx>
        <wy>-9.428131161257625e-04</wy>
        <wz>-4.935563192702830e-04</wz>
        <roll>2.733197416618681e+00</roll>
        <pitch>-6.419528918734316e+01</pitch>
        <yaw>6.027074423747036e+01</yaw>
      </attitude>
      <attitude>
        <time>2015-05-16T13:34:26.874995</time>
        <frame>GM2000</frame>
        <q0>2.496609e-01</q0>
        <q1>4.697259e-01</q1>
        <q2>4.361100e-01</q2>
        <q3>7.258340e-01</q3>
        <wx>-7.196646765805781e-05</wx>
        <wy>-9.461889276280999e-04</wy>
        <wz>-4.921833169646561e-04</wz>
        <roll>2.709927328067293e+00</roll>
        <pitch>-6.424398213031749e+01</pitch>
        <yaw>6.029667209264689e+01</yaw>
      </attitude>
      <attitude>
        <time>2015-05-16T13:34:27.874999</time>
        <frame>GM2000</frame>
        <q0>2.501020e-01</q0>
        <q1>4.698936e-01</q1>
        <q2>4.360774e-01</q2>
        <q3>7.255932e-01</q3>
        <wx>-7.342947355937213e-05</wx>
        <wy>-9.420638089068234e-04</wy>
        <wz>-4.933237796649337e-04</wz>
        <roll>2.686749954703367e+00</roll>
        <pitch>-6.429264292904907e+01</pitch>
        <yaw>6.032264508772690e+01</yaw>
      </attitude>
      <attitude>
        <time>2015-05-16T13:34:28.875004</time>
        <frame>GM2000</frame>
        <q0>2.505431e-01</q0>
        <q1>4.700616e-01</q1>
        <q2>4.360442e-01</q2>
        <q3>7.253522e-01</q3>
        <wx>-7.449128315784037e-05</wx>
        <wy>-9.469395736232400e-04</wy>
        <wz>-4.937836201861501e-04</wz>
        <roll>2.663563180099493e+00</roll>
        <pitch>-6.434137459180765e+01</pitch>
        <yaw>6.034859793841729e+01</yaw>
      </attitude>
      <attitude>
        <time>2015-05-16T13:34:29.874998</time>
        <frame>GM2000</frame>
        <q0>2.509834e-01</q0>
        <q1>4.702290e-01</q1>
        <q2>4.360116e-01</q2>
        <q3>7.251109e-01</q3>
        <wx>-7.422621274599805e-05</wx>
        <wy>-9.443138842470944e-04</wy>
        <wz>-4.937822814099491e-04</wz>
        <roll>2.640492349682028e+00</roll>
        <pitch>-6.439001634059127e+01</pitch>
        <yaw>6.037460393559157e+01</yaw>
      </attitude>
      <attitude>
        <time>2015-05-16T13:34:30.875003</time>
        <frame>GM2000</frame>
        <q0>2.514245e-01</q0>
        <q1>4.703961e-01</q1>
        <q2>4.359787e-01</q2>
        <q3>7.248695e-01</q3>
        <wx>-7.290249050129205e-05</wx>
        <wy>-9.446882759220898e-04</wy>
        <wz>-4.951654118485749e-04</wz>
        <roll>2.617348781856103e+00</roll>
        <pitch>-6.443869863827489e+01</pitch>
        <yaw>6.040065169178879e+01</yaw>
      </attitude>
      <attitude>
        <time>2015-05-16T13:34:31.874998</time>
        <frame>GM2000</frame>
        <q0>2.518659e-01</q0>
        <q1>4.705634e-01</q1>
        <q2>4.359452e-01</q2>
        <q3>7.246278e-01</q3>
        <wx>-7.276615360751748e-05</wx>
        <wy>-9.428131161257625e-04</wy>
        <wz>-4.935563192702830e-04</wz>
        <roll>2.594190291105662e+00</roll>
        <pitch>-6.448745468067048e+01</pitch>
        <yaw>6.042671243888052e+01</yaw>
      </attitude>
      <attitude>
        <time>2015-05-16T13:34:32.875002</time>
        <frame>GM2000</frame>
        <q0>2.523074e-01</q0>
        <q1>4.707310e-01</q1>
        <q2>4.359117e-01</q2>
        <q3>7.243854e-01</q3>
        <wx>-7.436190207954496e-05</wx>
        <wy>-9.450645884498954e-04</wy>
        <wz>-4.949311260133982e-04</wz>
        <roll>2.571083299184019e+00</roll>
        <pitch>-6.453628536185623e+01</pitch>
        <yaw>6.045280038971796e+01</yaw>
      </attitude>
      <attitude>
        <time>2015-05-16T13:34:33.874998</time>
        <frame>GM2000</frame>
        <q0>2.527485e-01</q0>
        <q1>4.708981e-01</q1>
        <q2>4.358785e-01</q2>
        <q3>7.241430e-01</q3>
        <wx>-7.422384805977345e-05</wx>
        <wy>-9.454392711631954e-04</wy>
        <wz>-4.928644048050046e-04</wz>
        <roll>2.548012572959043e+00</roll>
        <pitch>-6.458505588793649e+01</pitch>
        <yaw>6.047894707076817e+01</yaw>
      </attitude>
      <attitude>
        <time>2015-05-16T13:34:34.875002</time>
        <frame>GM2000</frame>
        <q0>2.531908e-01</q0>
        <q1>4.710656e-01</q1>
        <q2>4.358445e-01</q2>
        <q3>7.239000e-01</q3>
        <wx>-7.303232996491715e-05</wx>
        <wy>-9.454385726712644e-04</wy>
        <wz>-4.940169164910913e-04</wz>
        <roll>2.524878807076700e+00</roll>
        <pitch>-6.463399581078379e+01</pitch>
        <yaw>6.050511287278399e+01</yaw>
      </attitude>
      <attitude>
        <time>2015-05-16T13:34:35.874996</time>
        <frame>GM2000</frame>
        <q0>2.536320e-01</q0>
        <q1>4.712327e-01</q1>
        <q2>4.358107e-01</q2>
        <q3>7.236571e-01</q3>
        <wx>-7.329975051106885e-05</wx>
        <wy>-9.469388751313090e-04</wy>
        <wz>-4.949360736645758e-04</wz>
        <roll>2.501832751900198e+00</roll>
        <pitch>-6.468283844490833e+01</pitch>
        <yaw>6.053126417453790e+01</yaw>
      </attitude>
      <attitude>
        <time>2015-05-16T13:34:36.875002</time>
        <frame>GM2000</frame>
        <q0>2.540736e-01</q0>
        <q1>4.713993e-01</q1>
        <q2>4.357768e-01</q2>
        <q3>7.234141e-01</q3>
        <wx>-7.462988287443295e-05</wx>
        <wy>-9.488146752119064e-04</wy>
        <wz>-4.963115788996220e-04</wz>
        <roll>2.478755184489268e+00</roll>
        <pitch>-6.473167408142876e+01</pitch>
        <yaw>6.055746570061657e+01</yaw>
      </attitude>
      <attitude>
        <time>2015-05-16T13:34:37.874995</time>
        <frame>GM2000</frame>
        <q0>2.545148e-01</q0>
        <q1>4.715660e-01</q1>
        <q2>4.357428e-01</q2>
        <q3>7.231708e-01</q3>
        <wx>-7.515768811572343e-05</wx>
        <wy>-9.461896261200309e-04</wy>
        <wz>-4.949293797835708e-04</wz>
        <roll>2.455741190219847e+00</roll>
        <pitch>-6.478052183659992e+01</pitch>
        <yaw>6.058367063880602e+01</yaw>
      </attitude>
      <attitude>
        <time>2015-05-16T13:34:38.875000</time>
        <frame>GM2000</frame>
        <q0>2.549563e-01</q0>
        <q1>4.717326e-01</q1>
        <q2>4.357084e-01</q2>
        <q3>7.229273e-01</q3>
        <wx>-7.356429705396295e-05</wx>
        <wy>-9.450637153349817e-04</wy>
        <wz>-4.944743122905493e-04</wz>
        <roll>2.432709429540922e+00</roll>
        <pitch>-6.482941939521767e+01</pitch>
        <yaw>6.060989599542914e+01</yaw>
      </attitude>
      <attitude>
        <time>2015-05-16T13:34:39.874995</time>
        <frame>GM2000</frame>
        <q0>2.553978e-01</q0>
        <q1>4.718992e-01</q1>
        <q2>4.356737e-01</q2>
        <q3>7.226836e-01</q3>
        <wx>-7.395850843749940e-05</wx>
        <wy>-9.450641227886081e-04</wy>
        <wz>-4.928649868816137e-04</wz>
        <roll>2.409680377934128e+00</roll>
        <pitch>-6.487834336284391e+01</pitch>
        <yaw>6.063612475606746e+01</yaw>
      </attitude>
      <attitude>
        <time>2015-05-16T13:34:40.874999</time>
        <frame>GM2000</frame>
        <q0>2.558387e-01</q0>
        <q1>4.720657e-01</q1>
        <q2>4.356391e-01</q2>
        <q3>7.224397e-01</q3>
        <wx>-7.382853073067963e-05</wx>
        <wy>-9.454389219172299e-04</wy>
        <wz>-4.940144135616720e-04</wz>
        <roll>2.386743949495911e+00</roll>
        <pitch>-6.492725229330374e+01</pitch>
        <yaw>6.066235406795530e+01</yaw>
      </attitude>
      <attitude>
        <time>2015-05-16T13:34:41.875004</time>
        <frame>GM2000</frame>
        <q0>2.562791e-01</q0>
        <q1>4.722321e-01</q1>
        <q2>4.356047e-01</q2>
        <q3>7.221956e-01</q3>
        <wx>-7.528738933615386e-05</wx>
        <wy>-9.480650769546628e-04</wy>
        <wz>-4.937819903716445e-04</wz>
        <roll>2.363873789348890e+00</roll>
        <pitch>-6.497613535414152e+01</pitch>
        <yaw>6.068861087884336e+01</yaw>
      </attitude>
      <attitude>
        <time>2015-05-16T13:34:42.874999</time>
        <frame>GM2000</frame>
        <q0>2.567202e-01</q0>
        <q1>4.723983e-01</q1>
        <q2>4.355700e-01</q2>
        <q3>7.219510e-01</q3>
        <wx>-7.303344318643212e-05</wx>
        <wy>-9.454385144636035e-04</wy>
        <wz>-4.944764077663422e-04</wz>
        <roll>2.340965929338529e+00</roll>
        <pitch>-6.502508369040957e+01</pitch>
        <yaw>6.071493254281719e+01</yaw>
      </attitude>
      <attitude>
        <time>2015-05-16T13:34:43.875003</time>
        <frame>GM2000</frame>
        <q0>2.571605e-01</q0>
        <q1>4.725642e-01</q1>
        <q2>4.355354e-01</q2>
        <q3>7.217066e-01</q3>
        <wx>-7.409832323901355e-05</wx>
        <wy>-9.469388169236481e-04</wy>
        <wz>-4.958523204550147e-04</wz>
        <roll>2.318133214211321e+00</roll>
        <pitch>-6.507395324828937e+01</pitch>
        <yaw>6.074123399742228e+01</yaw>
      </attitude>
      <attitude>
        <time>2015-05-16T13:34:44.874998</time>
        <frame>GM2000</frame>
        <q0>2.576005e-01</q0>
        <q1>4.727294e-01</q1>
        <q2>4.355008e-01</q2>
        <q3>7.214624e-01</q3>
        <wx>-7.303289748961106e-05</wx>
        <wy>-9.431886719539762e-04</wy>
        <wz>-4.940151120536029e-04</wz>
        <roll>2.295299890387484e+00</roll>
        <pitch>-6.512277357372929e+01</pitch>
        <yaw>6.076755734531480e+01</yaw>
      </attitude>
      <attitude>
        <time>2015-05-16T13:34:45.875003</time>
        <frame>GM2000</frame>
        <q0>2.580405e-01</q0>
        <q1>4.728945e-01</q1>
        <q2>4.354665e-01</q2>
        <q3>7.212176e-01</q3>
        <wx>-7.210452167782933e-05</wx>
        <wy>-9.435631218366325e-04</wy>
        <wz>-4.942482919432223e-04</wz>
        <roll>2.272524303476651e+00</roll>
        <pitch>-6.517159745821417e+01</pitch>
        <yaw>6.079395381776735e+01</yaw>
      </attitude>
      <attitude>
        <time>2015-05-16T13:34:46.874998</time>
        <frame>GM2000</frame>
        <q0>2.584806e-01</q0>
        <q1>4.730592e-01</q1>
        <q2>4.354318e-01</q2>
        <q3>7.209729e-01</q3>
        <wx>-7.303289748961106e-05</wx>
        <wy>-9.431886719539762e-04</wy>
        <wz>-4.940151120536029e-04</wz>
        <roll>2.249726112567289e+00</roll>
        <pitch>-6.522041482705283e+01</pitch>
        <yaw>6.082034949523585e+01</yaw>
      </attitude>
    </attitudeList>
    <rawDataAnalysisList count="1">
      <rawDataAnalysis>
        <azimuthTime>2015-05-16T13:34:19.059447</azimuthTime>
        <iBias>2.266581058502197e-01</iBias>
        <qBias>3.237127065658569e-01</qBias>
        <iqQuadratureDeparture>7.858792692422867e-02</iqQuadratureDeparture>
        <iqGainImbalance>9.815459847450256e-01</iqGainImbalance>
        <support>
          <iBiasUpperBound>1.012547034770250e-02</iBiasUpperBound>
          <iBiasLowerBound>-1.012547034770250e-02</iBiasLowerBound>
          <qBiasUpperBound>1.031582988798618e-02</qBiasUpperBound>
          <qBiasLowerBound>-1.031582988798618e-02</qBiasLowerBound>
          <iqGainUpperBound>1.001155972480774e+00</iqGainUpperBound>
          <iqGainLowerBound>9.988436102867126e-01</iqGainLowerBound>
          <iqQuadratureDepartureUpperBound>9.461101889610291e-01</iqQuadratureDepartureUpperBound>
          <iqQuadratureDepartureLowerBound>-7.889524102210999e-01</iqQuadratureDepartureLowerBound>
          <iBiasUsedForCorrection>2.266581058502197e-01</iBiasUsedForCorrection>
          <qBiasUsedForCorrection>3.237127065658569e-01</qBiasUsedForCorrection>
          <iqGainImbalanceUsedForCorrection>9.815459847450256e-01</iqGainImbalanceUsedForCorrection>
          <iqQuadratureDepartureUsedForCorrection>7.858792692422867e-02</iqQuadratureDepartureUsedForCorrection>
        </support>
      </rawDataAnalysis>
    </rawDataAnalysisList>
    <replicaInformationList count="1">
      <replicaInformation>
        <swath>IW1</swath>
        <referenceReplica>
          <azimuthTime>2015-05-16T13:34:20.185268</azimuthTime>
          <chirpSource>Nominal</chirpSource>
          <pgSource>Extracted</pgSource>
          <amplitudeCoefficients count="4">1.000000e+00 0.000000e+00 0.000000e+00 0.000000e+00</amplitudeCoefficients>
          <phaseCoefficients count="4">0.000000e+00 6.935456e+02 5.391152e+11 0.000000e+00</phaseCoefficients>
          <timeDelay>4.448763e-07</timeDelay>
          <gain>
            <re>1.000000e+00</re>
            <im>0.000000e+00</im>
          </gain>
        </referenceReplica>
        <replicaList count="13">
          <replica>
            <azimuthTime>2015-05-16T13:34:00.863296</azimuthTime>
            <crossCorrelationBandwidth>9.857084e-01</crossCorrelationBandwidth>
            <crossCorrelationPslr>-1.280158e+01</crossCorrelationPslr>
            <crossCorrelationIslr>-9.598570e+00</crossCorrelationIslr>
            <crossCorrelationPeakLocation>0.000000e+00</crossCorrelationPeakLocation>
            <reconstructedReplicaValidFlag>true</reconstructedReplicaValidFlag>
            <pgProductAmplitude>8.889060e-04</pgProductAmplitude>
            <pgProductPhase>2.790031e-01</pgProductPhase>
            <modelPgProductAmplitude>6.346600e-01</modelPgProductAmplitude>
            <modelPgProductPhase>0.000000e+00</modelPgProductPhase>
            <relativePgProductValidFlag>true</relativePgProductValidFlag>
            <absolutePgProductValidFlag>true</absolutePgProductValidFlag>
            <internalTimeDelay>4.448765e-07</internalTimeDelay>
          </replica>
          <replica>
            <azimuthTime>2015-05-16T13:34:06.379852</azimuthTime>
            <crossCorrelationBandwidth>9.857768e-01</crossCorrelationBandwidth>
            <crossCorrelationPslr>-1.280216e+01</crossCorrelationPslr>
            <crossCorrelationIslr>-9.601948e+00</crossCorrelationIslr>
            <crossCorrelationPeakLocation>0.000000e+00</crossCorrelationPeakLocation>
            <reconstructedReplicaValidFlag>true</reconstructedReplicaValidFlag>
            <pgProductAmplitude>8.894879e-04</pgProductAmplitude>
            <pgProductPhase>2.826990e-01</pgProductPhase>
            <modelPgProductAmplitude>6.346600e-01</modelPgProductAmplitude>
            <modelPgProductPhase>0.000000e+00</modelPgProductPhase>
            <relativePgProductValidFlag>true</relativePgProductValidFlag>
            <absolutePgProductValidFlag>true</absolutePgProductValidFlag>
            <internalTimeDelay>4.448736e-07</internalTimeDelay>
          </replica>
          <replica>
            <azimuthTime>2015-05-16T13:34:11.896392</azimuthTime>
            <crossCorrelationBandwidth>9.855356e-01</crossCorrelationBandwidth>
            <crossCorrelationPslr>-1.278792e+01</crossCorrelationPslr>
            <crossCorrelationIslr>-9.595726e+00</crossCorrelationIslr>
            <crossCorrelationPeakLocation>0.000000e+00</crossCorrelationPeakLocation>
            <reconstructedReplicaValidFlag>true</reconstructedReplicaValidFlag>
            <pgProductAmplitude>8.897037e-04</pgProductAmplitude>
            <pgProductPhase>2.798780e-01</pgProductPhase>
            <modelPgProductAmplitude>6.346600e-01</modelPgProductAmplitude>
            <modelPgProductPhase>0.000000e+00</modelPgProductPhase>
            <relativePgProductValidFlag>true</relativePgProductValidFlag>
            <absolutePgProductValidFlag>true</absolutePgProductValidFlag>
            <internalTimeDelay>4.448739e-07</internalTimeDelay>
          </replica>
          <replica>
            <azimuthTime>2015-05-16T13:34:17.412963</azimuthTime>
            <crossCorrelationBandwidth>9.856005e-01</crossCorrelationBandwidth>
            <crossCorrelationPslr>-1.279039e+01</crossCorrelationPslr>
            <crossCorrelationIslr>-9.592683e+00</crossCorrelationIslr>
            <crossCorrelationPeakLocation>0.000000e+00</crossCorrelationPeakLocation>
            <reconstructedReplicaValidFlag>true</reconstructedReplicaValidFlag>
            <pgProductAmplitude>8.885448e-04</pgProductAmplitude>
            <pgProductPhase>2.742082e-01</pgProductPhase>
            <modelPgProductAmplitude>6.346600e-01</modelPgProductAmplitude>
            <modelPgProductPhase>0.000000e+00</modelPgProductPhase>
            <relativePgProductValidFlag>true</relativePgProductValidFlag>
            <absolutePgProductValidFlag>true</absolutePgProductValidFlag>
            <internalTimeDelay>4.448760e-07</internalTimeDelay>
          </replica>
          <replica>
            <azimuthTime>2015-05-16T13:34:22.929511</azimuthTime>
            <crossCorrelationBandwidth>9.853033e-01</crossCorrelationBandwidth>
            <crossCorrelationPslr>-1.280094e+01</crossCorrelationPslr>
            <crossCorrelationIslr>-9.582110e+00</crossCorrelationIslr>
            <crossCorrelationPeakLocation>0.000000e+00</crossCorrelationPeakLocation>
            <reconstructedReplicaValidFlag>true</reconstructedReplicaValidFlag>
            <pgProductAmplitude>8.901187e-04</pgProductAmplitude>
            <pgProductPhase>2.741002e-01</pgProductPhase>
            <modelPgProductAmplitude>6.346600e-01</modelPgProductAmplitude>
            <modelPgProductPhase>0.000000e+00</modelPgProductPhase>
            <relativePgProductValidFlag>true</relativePgProductValidFlag>
            <absolutePgProductValidFlag>true</absolutePgProductValidFlag>
            <internalTimeDelay>4.448754e-07</internalTimeDelay>
          </replica>
          <replica>
            <azimuthTime>2015-05-16T13:34:28.446060</azimuthTime>
            <crossCorrelationBandwidth>9.853517e-01</crossCorrelationBandwidth>
            <crossCorrelationPslr>-1.278574e+01</crossCorrelationPslr>
            <crossCorrelationIslr>-9.579429e+00</crossCorrelationIslr>
            <crossCorrelationPeakLocation>0.000000e+00</crossCorrelationPeakLocation>
            <reconstructedReplicaValidFlag>true</reconstructedReplicaValidFlag>
            <pgProductAmplitude>8.904130e-04</pgProductAmplitude>
            <pgProductPhase>2.739700e-01</pgProductPhase>
            <modelPgProductAmplitude>6.346600e-01</modelPgProductAmplitude>
            <modelPgProductPhase>0.000000e+00</modelPgProductPhase>
            <relativePgProductValidFlag>true</relativePgProductValidFlag>
            <absolutePgProductValidFlag>true</absolutePgProductValidFlag>
            <internalTimeDelay>4.448760e-07</internalTimeDelay>
          </replica>
          <replica>
            <azimuthTime>2015-05-16T13:34:33.962623</azimuthTime>
            <crossCorrelationBandwidth>9.858040e-01</crossCorrelationBandwidth>
            <crossCorrelationPslr>-1.280722e+01</crossCorrelationPslr>
            <crossCorrelationIslr>-9.604172e+00</crossCorrelationIslr>
            <crossCorrelationPeakLocation>0.000000e+00</crossCorrelationPeakLocation>
            <reconstructedReplicaValidFlag>true</reconstructedReplicaValidFlag>
            <pgProductAmplitude>8.909880e-04</pgProductAmplitude>
            <pgProductPhase>2.740814e-01</pgProductPhase>
            <modelPgProductAmplitude>6.346600e-01</modelPgProductAmplitude>
            <modelPgProductPhase>0.000000e+00</modelPgProductPhase>
            <relativePgProductValidFlag>true</relativePgProductValidFlag>
            <absolutePgProductValidFlag>true</absolutePgProductValidFlag>
            <internalTimeDelay>4.448765e-07</internalTimeDelay>
          </replica>
          <replica>
            <azimuthTime>2015-05-16T13:34:39.479171</azimuthTime>
            <crossCorrelationBandwidth>9.857796e-01</crossCorrelationBandwidth>
            <crossCorrelationPslr>-1.282188e+01</crossCorrelationPslr>
            <crossCorrelationIslr>-9.600348e+00</crossCorrelationIslr>
            <crossCorrelationPeakLocation>0.000000e+00</crossCorrelationPeakLocation>
            <reconstructedReplicaValidFlag>true</reconstructedReplicaValidFlag>
            <pgProductAmplitude>8.920567e-04</pgProductAmplitude>
            <pgProductPhase>2.758158e-01</pgProductPhase>
            <modelPgProductAmplitude>6.346600e-01</modelPgProductAmplitude>
            <modelPgProductPhase>0.000000e+00</modelPgProductPhase>
            <relativePgProductValidFlag>true</relativePgProductValidFlag>
            <absolutePgProductValidFlag>true</absolutePgProductValidFlag>
            <internalTimeDelay>4.448758e-07</internalTimeDelay>
          </replica>
          <replica>
            <azimuthTime>2015-05-16T13:34:44.995727</azimuthTime>
            <crossCorrelationBandwidth>9.854740e-01</crossCorrelationBandwidth>
            <crossCorrelationPslr>-1.280109e+01</crossCorrelationPslr>
            <crossCorrelationIslr>-9.586899e+00</crossCorrelationIslr>
            <crossCorrelationPeakLocation>0.000000e+00</crossCorrelationPeakLocation>
            <reconstructedReplicaValidFlag>true</reconstructedReplicaValidFlag>
            <pgProductAmplitude>8.922174e-04</pgProductAmplitude>
            <pgProductPhase>2.787452e-01</pgProductPhase>
            <modelPgProductAmplitude>6.346600e-01</modelPgProductAmplitude>
            <modelPgProductPhase>0.000000e+00</modelPgProductPhase>
            <relativePgProductValidFlag>true</relativePgProductValidFlag>
            <absolutePgProductValidFlag>true</absolutePgProductValidFlag>
            <internalTimeDelay>4.448754e-07</internalTimeDelay>
          </replica>
          <replica>
            <azimuthTime>2015-05-16T13:34:50.512283</azimuthTime>
            <crossCorrelationBandwidth>9.851915e-01</crossCorrelationBandwidth>
            <crossCorrelationPslr>-1.278283e+01</crossCorrelationPslr>
            <crossCorrelationIslr>-9.573843e+00</crossCorrelationIslr>
            <crossCorrelationPeakLocation>0.000000e+00</crossCorrelationPeakLocation>
            <reconstructedReplicaValidFlag>true</reconstructedReplicaValidFlag>
            <pgProductAmplitude>8.921007e-04</pgProductAmplitude>
            <pgProductPhase>2.815804e-01</pgProductPhase>
            <modelPgProductAmplitude>6.346600e-01</modelPgProductAmplitude>
            <modelPgProductPhase>0.000000e+00</modelPgProductPhase>
            <relativePgProductValidFlag>true</relativePgProductValidFlag>
            <absolutePgProductValidFlag>true</absolutePgProductValidFlag>
            <internalTimeDelay>4.448760e-07</internalTimeDelay>
          </replica>
          <replica>
            <azimuthTime>2015-05-16T13:34:56.028831</azimuthTime>
            <crossCorrelationBandwidth>9.856988e-01</crossCorrelationBandwidth>
            <crossCorrelationPslr>-1.280567e+01</crossCorrelationPslr>
            <crossCorrelationIslr>-9.598524e+00</crossCorrelationIslr>
            <crossCorrelationPeakLocation>0.000000e+00</crossCorrelationPeakLocation>
            <reconstructedReplicaValidFlag>true</reconstructedReplicaValidFlag>
            <pgProductAmplitude>8.922631e-04</pgProductAmplitude>
            <pgProductPhase>2.828538e-01</pgProductPhase>
            <modelPgProductAmplitude>6.346600e-01</modelPgProductAmplitude>
            <modelPgProductPhase>0.000000e+00</modelPgProductPhase>
            <relativePgProductValidFlag>true</relativePgProductValidFlag>
            <absolutePgProductValidFlag>true</absolutePgProductValidFlag>
            <internalTimeDelay>4.448777e-07</internalTimeDelay>
          </replica>
          <replica>
            <azimuthTime>2015-05-16T13:35:01.545394</azimuthTime>
            <crossCorrelationBandwidth>9.857570e-01</crossCorrelationBandwidth>
            <crossCorrelationPslr>-1.279774e+01</crossCorrelationPslr>
            <crossCorrelationIslr>-9.604323e+00</crossCorrelationIslr>
            <crossCorrelationPeakLocation>0.000000e+00</crossCorrelationPeakLocation>
            <reconstructedReplicaValidFlag>true</reconstructedReplicaValidFlag>
            <pgProductAmplitude>8.930491e-04</pgProductAmplitude>
            <pgProductPhase>2.763912e-01</pgProductPhase>
            <modelPgProductAmplitude>6.346600e-01</modelPgProductAmplitude>
            <modelPgProductPhase>0.000000e+00</modelPgProductPhase>
            <relativePgProductValidFlag>true</relativePgProductValidFlag>
            <absolutePgProductValidFlag>true</absolutePgProductValidFlag>
            <internalTimeDelay>4.448803e-07</internalTimeDelay>
          </replica>
          <replica>
            <azimuthTime>2015-05-16T13:35:07.061942</azimuthTime>
            <crossCorrelationBandwidth>9.855000e-01</crossCorrelationBandwidth>
            <crossCorrelationPslr>-1.279486e+01</crossCorrelationPslr>
            <crossCorrelationIslr>-9.589365e+00</crossCorrelationIslr>
            <crossCorrelationPeakLocation>0.000000e+00</crossCorrelationPeakLocation>
            <reconstructedReplicaValidFlag>true</reconstructedReplicaValidFlag>
            <pgProductAmplitude>8.923736e-04</pgProductAmplitude>
            <pgProductPhase>2.784842e-01</pgProductPhase>
            <modelPgProductAmplitude>6.346600e-01</modelPgProductAmplitude>
            <modelPgProductPhase>0.000000e+00</modelPgProductPhase>
            <relativePgProductValidFlag>true</relativePgProductValidFlag>
            <absolutePgProductValidFlag>true</absolutePgProductValidFlag>
            <internalTimeDelay>4.448777e-07</internalTimeDelay>
          </replica>
        </replicaList>
      </replicaInformation>
    </replicaInformationList>
    <noiseList count="0"/>
    <terrainHeightList count="5">
      <terrainHeight>
        <azimuthTime>2015-05-16T13:34:11.818003</azimuthTime>
        <value>2.108785714285714e+03</value>
      </terrainHeight>
      <terrainHeight>
        <azimuthTime>2015-05-16T13:34:21.818003</azimuthTime>
        <value>2.228995740000000e+03</value>
      </terrainHeight>
      <terrainHeight>
        <azimuthTime>2015-05-16T13:34:31.818003</azimuthTime>
        <value>2.574499861980953e+03</value>
      </terrainHeight>
      <terrainHeight>
        <azimuthTime>2015-05-16T13:34:41.818003</azimuthTime>
        <value>2.144435148495238e+03</value>
      </terrainHeight>
      <terrainHeight>
        <azimuthTime>2015-05-16T13:34:51.818003</azimuthTime>
        <value>1.711986176609523e+03</value>
      </terrainHeight>
    </terrainHeightList>
    <azimuthFmRateList count="10">
      <azimuthFmRate>
        <azimuthTime>2015-05-16T13:34:20.595546</azimuthTime>
        <t0>5.337201932691230e-03</t0>
        <azimuthFmRatePolynomial count="3">-2.326985359611085e+03 4.502613462964831e+05 -7.894994893952972e+07</azimuthFmRatePolynomial>
      </azimuthFmRate>
      <azimuthFmRate>
        <azimuthTime>2015-05-16T13:34:23.353823</azimuthTime>
        <t0>5.337201932691230e-03</t0>
        <azimuthFmRatePolynomial count="3">-2.327078367799191e+03 4.502425270993169e+05 -7.893788273688649e+07</azimuthFmRatePolynomial>
      </azimuthFmRate>
      <azimuthFmRate>
        <azimuthTime>2015-05-16T13:34:26.112100</azimuthTime>
        <t0>5.337201932691230e-03</t0>
        <azimuthFmRatePolynomial count="3">-2.327197044288716e+03 4.502275810283800e+05 -7.892926402055946e+07</azimuthFmRatePolynomial>
      </azimuthFmRate>
      <azimuthFmRate>
        <azimuthTime>2015-05-16T13:34:28.870377</azimuthTime>
        <t0>5.337201932691230e-03</t0>
        <azimuthFmRatePolynomial count="3">-2.327293247097143e+03 4.502068711685473e+05 -7.890834404571621e+07</azimuthFmRatePolynomial>
      </azimuthFmRate>
      <azimuthFmRate>
        <azimuthTime>2015-05-16T13:34:31.628654</azimuthTime>
        <t0>5.337201932691230e-03</t0>
        <azimuthFmRatePolynomial count="3">-2.327408597506006e+03 4.501908475290569e+05 -7.889870675344768e+07</azimuthFmRatePolynomial>
      </azimuthFmRate>
      <azimuthFmRate>
        <azimuthTime>2015-05-16T13:34:34.386931</azimuthTime>
        <t0>5.337201932691230e-03</t0>
        <azimuthFmRatePolynomial count="3">-2.327448158347999e+03 4.501694294903397e+05 -7.889063650104786e+07</azimuthFmRatePolynomial>
      </azimuthFmRate>
      <azimuthFmRate>
        <azimuthTime>2015-05-16T13:34:37.145208</azimuthTime>
        <t0>5.337201932691230e-03</t0>
        <azimuthFmRatePolynomial count="3">-2.327478350628865e+03 4.501480507949013e+05 -7.888428999194032e+07</azimuthFmRatePolynomial>
      </azimuthFmRate>
      <azimuthFmRate>
        <azimuthTime>2015-05-16T13:34:39.903485</azimuthTime>
        <t0>5.337201932691230e-03</t0>
        <azimuthFmRatePolynomial count="3">-2.327541632683725e+03 4.501278327258590e+05 -7.887504445990723e+07</azimuthFmRatePolynomial>
      </azimuthFmRate>
      <azimuthFmRate>
        <azimuthTime>2015-05-16T13:34:42.661762</azimuthTime>
        <t0>5.337201932691230e-03</t0>
        <azimuthFmRatePolynomial count="3">-2.327595589103276e+03 4.501069982788110e+05 -7.886438859209961e+07</azimuthFmRatePolynomial>
      </azimuthFmRate>
      <azimuthFmRate>
        <azimuthTime>2015-05-16T13:34:45.420039</azimuthTime>
        <t0>5.337201932691230e-03</t0>
        <azimuthFmRatePolynomial count="3">-2.327605751121436e+03 4.500850950064125e+05 -7.886211638514842e+07</azimuthFmRatePolynomial>
      </azimuthFmRate>
    </azimuthFmRateList>
  </generalAnnotation>
  <imageAnnotation>
    <imageInformation>
      <productFirstLineUtcTime>2015-05-16T13:34:21.818003</productFirstLineUtcTime>
      <productLastLineUtcTime>2015-05-16T13:34:46.963623</productLastLineUtcTime>
      <ascendingNodeTime>2015-05-16T12:55:32.227393</ascendingNodeTime>
      <anchorTime>2015-05-16T13:31:22.753195</anchorTime>
      <productComposition>Slice</productComposition>
      <sliceNumber>8</sliceNumber>
      <sliceList count="12">
        <slice>
          <sliceNumber>1</sliceNumber>
          <sensingStartTime>2015-05-16T13:31:23.660926</sensingStartTime>
          <sensingStopTime>2015-05-16T13:31:53.989731</sensingStopTime>
        </slice>
        <slice>
          <sliceNumber>2</sliceNumber>
          <sensingStartTime>2015-05-16T13:31:48.485418</sensingStartTime>
          <sensingStopTime>2015-05-16T13:32:18.814223</sensingStopTime>
        </slice>
        <slice>
          <sliceNumber>3</sliceNumber>
          <sensingStartTime>2015-05-16T13:32:13.309910</sensingStartTime>
          <sensingStopTime>2015-05-16T13:32:43.638715</sensingStopTime>
        </slice>
        <slice>
          <sliceNumber>4</sliceNumber>
          <sensingStartTime>2015-05-16T13:32:38.134402</sensingStartTime>
          <sensingStopTime>2015-05-16T13:33:08.463207</sensingStopTime>
        </slice>
        <slice>
          <sliceNumber>5</sliceNumber>
          <sensingStartTime>2015-05-16T13:33:02.958894</sensingStartTime>
          <sensingStopTime>2015-05-16T13:33:33.287699</sensingStopTime>
        </slice>
        <slice>
          <sliceNumber>6</sliceNumber>
          <sensingStartTime>2015-05-16T13:33:30.541663</sensingStartTime>
          <sensingStopTime>2015-05-16T13:33:58.112191</sensingStopTime>
        </slice>
        <slice>
          <sliceNumber>7</sliceNumber>
          <sensingStartTime>2015-05-16T13:33:55.366155</sensingStartTime>
          <sensingStopTime>2015-05-16T13:34:22.936683</sensingStopTime>
        </slice>
        <slice>
          <sliceNumber>8</sliceNumber>
          <sensingStartTime>2015-05-16T13:34:20.190647</sensingStartTime>
          <sensingStopTime>2015-05-16T13:34:47.761175</sensingStopTime>
        </slice>
        <slice>
          <sliceNumber>9</sliceNumber>
          <sensingStartTime>2015-05-16T13:34:45.015139</sensingStartTime>
          <sensingStopTime>2015-05-16T13:35:12.585667</sensingStopTime>
        </slice>
        <slice>
          <sliceNumber>10</sliceNumber>
          <sensingStartTime>2015-05-16T13:35:09.839631</sensingStartTime>
          <sensingStopTime>2015-05-16T13:35:40.168436</sensingStopTime>
        </slice>
        <slice>
          <sliceNumber>11</sliceNumber>
          <sensingStartTime>2015-05-16T13:35:34.664123</sensingStartTime>
          <sensingStopTime>2015-05-16T13:36:04.992928</sensingStopTime>
        </slice>
        <slice>
          <sliceNumber>12</sliceNumber>
          <sensingStartTime>2015-05-16T13:35:59.488615</sensingStartTime>
          <sensingStopTime>2015-05-16T13:36:21.542589</sensingStopTime>
        </slice>
      </sliceList>
      <slantRangeTime>5.337201932691230e-03</slantRangeTime>
      <pixelValue>Complex</pixelValue>
      <outputPixels>16 bit Signed Integer</outputPixels>
      <rangePixelSpacing>2.329562e+00</rangePixelSpacing>
      <azimuthPixelSpacing>1.396358e+01</azimuthPixelSpacing>
      <azimuthTimeInterval>2.055556280538440e-03</azimuthTimeInterval>
      <azimuthFrequency>4.864863149054992e+02</azimuthFrequency>
      <numberOfSamples>21549</numberOfSamples>
      <numberOfLines>13491</numberOfLines>
      <zeroDopMinusAcqTime>1.753985210000000e+02</zeroDopMinusAcqTime>
      <incidenceAngleMidSwath>3.405611273787520e+01</incidenceAngleMidSwath>
      <imageStatistics>
        <outputDataMean>
          <re>-1.205818e-02</re>
          <im>-3.912289e-03</im>
        </outputDataMean>
        <outputDataStdDev>
          <re>8.304721e+01</re>
          <im>8.307253e+01</im>
        </outputDataStdDev>
      </imageStatistics>
    </imageInformation>
    <processingInformation>
      <rawDataAnalysisUsed>true</rawDataAnalysisUsed>
      <orbitDataFileUsed>true</orbitDataFileUsed>
      <attitudeDataFileUsed>false</attitudeDataFileUsed>
      <rxVariationCorrectionApplied>true</rxVariationCorrectionApplied>
      <antennaElevationPatternApplied>true</antennaElevationPatternApplied>
      <antennaAzimuthPatternApplied>true</antennaAzimuthPatternApplied>
      <antennaAzimuthElementPatternApplied>true</antennaAzimuthElementPatternApplied>
      <dcMethod>Data Analysis</dcMethod>
      <dcInputData>Range Compressed</dcInputData>
      <rangeSpreadingLossCompensationApplied>true</rangeSpreadingLossCompensationApplied>
      <srgrConversionApplied>false</srgrConversionApplied>
      <detectionPerformed>false</detectionPerformed>
      <thermalNoiseCorrectionPerformed>false</thermalNoiseCorrectionPerformed>
      <chirpSource>Nominal</chirpSource>
      <pgSource>Extracted</pgSource>
      <rrfSpectrum>Extended Tapered</rrfSpectrum>
      <applicationLutId>IW_Default</applicationLutId>
      <swathProcParamsList count="1">
        <swathProcParams>
          <swath>IW1</swath>
          <rangeProcessing>
            <windowType>Hamming</windowType>
            <windowCoefficient>7.500000000000000e-01</windowCoefficient>
            <totalBandwidth>5.650445548389234e+07</totalBandwidth>
            <processingBandwidth>5.650000000000000e+07</processingBandwidth>
            <lookBandwidth>5.650000000000000e+07</lookBandwidth>
            <numberOfLooks>1</numberOfLooks>
            <lookOverlap>0.000000000000000e+00</lookOverlap>
          </rangeProcessing>
          <azimuthProcessing>
            <windowType>Hamming</windowType>
            <windowCoefficient>7.000000000000000e-01</windowCoefficient>
            <totalBandwidth>3.270000000000000e+02</totalBandwidth>
            <processingBandwidth>3.270000000000000e+02</processingBandwidth>
            <lookBandwidth>3.270000000000000e+02</lookBandwidth>
            <numberOfLooks>1</numberOfLooks>
            <lookOverlap>0.000000000000000e+00</lookOverlap>
          </azimuthProcessing>
          <processorScalingFactor>1.081750e+07</processorScalingFactor>
        </swathProcParams>
      </swathProcParamsList>
      <inputDimensionsList count="1">
        <inputDimensions>
          <azimuthTime>2015-05-16T13:34:20.190647</azimuthTime>
          <swath>IW1</swath>
          <numberOfInputSamples>23828</numberOfInputSamples>
          <numberOfInputLines>14990</numberOfInputLines>
        </inputDimensions>
      </inputDimensionsList>
      <referenceRange>8.000000000000000e+05</referenceRange>
      <ellipsoidName>WGS84</ellipsoidName>
      <ellipsoidSemiMajorAxis>6.378137000000000e+06</ellipsoidSemiMajorAxis>
      <ellipsoidSemiMinorAxis>6.356752314245000e+06</ellipsoidSemiMinorAxis>
      <bistaticDelayCorrectionApplied>true</bistaticDelayCorrectionApplied>
      <topsFilterConvention>Only Echo Lines</topsFilterConvention>
      <orbitSource>Auxiliary</orbitSource>
      <attitudeSource>Downlink</attitudeSource>
    </processingInformation>
  </imageAnnotation>
  <dopplerCentroid>
    <dcEstimateList count="10">
      <dcEstimate>
        <azimuthTime>2015-05-16T13:34:21.558286</azimuthTime>
        <t0>5.342927742124565e-03</t0>
        <geometryDcPolynomial count="3">2.620485e+01 -2.073341e+03 1.097774e+05</geometryDcPolynomial>
        <dataDcPolynomial count="3">6.559153e+00 -4.282796e+03 2.610116e+05</dataDcPolynomial>
        <dataDcRmsError>7.009901046752930e+00</dataDcRmsError>
        <dataDcRmsErrorAboveThreshold>false</dataDcRmsErrorAboveThreshold>
        <fineDceAzimuthStartTime>2015-05-16T13:34:20.169633</fineDceAzimuthStartTime>
        <fineDceAzimuthStopTime>2015-05-16T13:34:22.946940</fineDceAzimuthStopTime>
        <fineDceList count="20">
          <fineDce>
            <slantRangeTime>5.349144207987527e-03</slantRangeTime>
            <frequency>1.021580028533936e+01</frequency>
          </fineDce>
          <fineDce>
            <slantRangeTime>5.368011182174931e-03</slantRangeTime>
            <frequency>1.182695960998535e+01</frequency>
          </fineDce>
          <fineDce>
            <slantRangeTime>5.386893701900525e-03</slantRangeTime>
            <frequency>6.487320899963379e+00</frequency>
          </fineDce>
          <fineDce>
            <slantRangeTime>5.405760671085708e-03</slantRangeTime>
            <frequency>1.204669952392578e+01</frequency>
          </fineDce>
          <fineDce>
            <slantRangeTime>5.424643192630291e-03</slantRangeTime>
            <frequency>1.564387035369873e+01</frequency>
          </fineDce>
          <fineDce>
            <slantRangeTime>5.443510143625580e-03</slantRangeTime>
            <frequency>1.287061977386475e+01</frequency>
          </fineDce>
          <fineDce>
            <slantRangeTime>5.462392643342290e-03</slantRangeTime>
            <frequency>-5.257424712181091e-01</frequency>
          </fineDce>
          <fineDce>
            <slantRangeTime>5.481259645269282e-03</slantRangeTime>
            <frequency>9.761141777038574e+00</frequency>
          </fineDce>
          <fineDce>
            <slantRangeTime>5.500142137710035e-03</slantRangeTime>
            <frequency>6.393030166625977e+00</frequency>
          </fineDce>
          <fineDce>
            <slantRangeTime>5.519009146912984e-03</slantRangeTime>
            <frequency>8.620068550109863e+00</frequency>
          </fineDce>
          <fineDce>
            <slantRangeTime>5.537891639353737e-03</slantRangeTime>
            <frequency>-2.491223961114883e-01</frequency>
          </fineDce>
          <fineDce>
            <slantRangeTime>5.556758648556687e-03</slantRangeTime>
            <frequency>-3.872831106185913e+00</frequency>
          </fineDce>
          <fineDce>
            <slantRangeTime>5.575641140997440e-03</slantRangeTime>
            <frequency>-1.140089988708496e+00</frequency>
          </fineDce>
          <fineDce>
            <slantRangeTime>5.594508150200389e-03</slantRangeTime>
            <frequency>-6.632633209228516e+00</frequency>
          </fineDce>
          <fineDce>
            <slantRangeTime>5.613390628089227e-03</slantRangeTime>
            <frequency>-4.617763042449951e+00</frequency>
          </fineDce>
          <fineDce>
            <slantRangeTime>5.632257651844092e-03</slantRangeTime>
            <frequency>-2.677771091461182e+00</frequency>
          </fineDce>
          <fineDce>
            <slantRangeTime>5.651140129732929e-03</slantRangeTime>
            <frequency>-5.669812202453613e+00</frequency>
          </fineDce>
          <fineDce>
            <slantRangeTime>5.670007153487794e-03</slantRangeTime>
            <frequency>4.212130069732666e+00</frequency>
          </fineDce>
          <fineDce>
            <slantRangeTime>5.688889631376631e-03</slantRangeTime>
            <frequency>-4.501296997070312e+00</frequency>
          </fineDce>
          <fineDce>
            <slantRangeTime>5.707772138369299e-03</slantRangeTime>
            <frequency>-1.089035987854004e+01</frequency>
          </fineDce>
        </fineDceList>
      </dcEstimate>
      <dcEstimate>
        <azimuthTime>2015-05-16T13:34:24.316563</azimuthTime>
        <t0>5.342927742124565e-03</t0>
        <geometryDcPolynomial count="3">2.560197e+01 -2.176349e+03 1.454380e+05</geometryDcPolynomial>
        <dataDcPolynomial count="3">9.590937e+00 -1.378417e+04 5.711502e+06</dataDcPolynomial>
        <dataDcRmsError>5.781014919281006e+00</dataDcRmsError>
        <dataDcRmsErrorAboveThreshold>false</dataDcRmsErrorAboveThreshold>
        <fineDceAzimuthStartTime>2015-05-16T13:34:22.927910</fineDceAzimuthStartTime>
        <fineDceAzimuthStopTime>2015-05-16T13:34:25.705217</fineDceAzimuthStopTime>
        <fineDceList count="20">
          <fineDce>
            <slantRangeTime>5.349144207987527e-03</slantRangeTime>
            <frequency>8.350158691406250e+00</frequency>
          </fineDce>
          <fineDce>
            <slantRangeTime>5.368011182174931e-03</slantRangeTime>
            <frequency>1.423816013336182e+01</frequency>
          </fineDce>
          <fineDce>
            <slantRangeTime>5.386893701900525e-03</slantRangeTime>
            <frequency>9.278857231140137e+00</frequency>
          </fineDce>
          <fineDce>
            <slantRangeTime>5.405760671085708e-03</slantRangeTime>
            <frequency>9.720894813537598e+00</frequency>
          </fineDce>
          <fineDce>
            <slantRangeTime>5.424643192630291e-03</slantRangeTime>
            <frequency>7.314918041229248e+00</frequency>
          </fineDce>
          <fineDce>
            <slantRangeTime>5.443510143625580e-03</slantRangeTime>
            <frequency>8.109808921813965e+00</frequency>
          </fineDce>
          <fineDce>
            <slantRangeTime>5.462392643342290e-03</slantRangeTime>
            <frequency>7.815042018890381e+00</frequency>
          </fineDce>
          <fineDce>
            <slantRangeTime>5.481259645269282e-03</slantRangeTime>
            <frequency>7.437078952789307e+00</frequency>
          </fineDce>
          <fineDce>
            <slantRangeTime>5.500142137710035e-03</slantRangeTime>
            <frequency>6.387824058532715e+00</frequency>
          </fineDce>
          <fineDce>
            <slantRangeTime>5.519009146912984e-03</slantRangeTime>
            <frequency>4.082909107208252e+00</frequency>
          </fineDce>
          <fineDce>
            <slantRangeTime>5.537891639353737e-03</slantRangeTime>
            <frequency>1.086483955383301e+01</frequency>
          </fineDce>
          <fineDce>
            <slantRangeTime>5.556758648556687e-03</slantRangeTime>
            <frequency>8.724241256713867e+00</frequency>
          </fineDce>
          <fineDce>
            <slantRangeTime>5.575641140997440e-03</slantRangeTime>
            <frequency>3.453814029693604e+00</frequency>
          </fineDce>
          <fineDce>
            <slantRangeTime>5.594508150200389e-03</slantRangeTime>
            <frequency>7.992862224578857e+00</frequency>
          </fineDce>
          <fineDce>
            <slantRangeTime>5.613390628089227e-03</slantRangeTime>
            <frequency>5.632847785949707e+00</frequency>
          </fineDce>
          <fineDce>
            <slantRangeTime>5.632257651844092e-03</slantRangeTime>
            <frequency>7.879961013793945e+00</frequency>
          </fineDce>
          <fineDce>
            <slantRangeTime>5.651140129732929e-03</slantRangeTime>
            <frequency>-5.549242019653320e+00</frequency>
          </fineDce>
          <fineDce>
            <slantRangeTime>5.670007153487794e-03</slantRangeTime>
            <frequency>-1.028558969497681e+00</frequency>
          </fineDce>
          <fineDce>
            <slantRangeTime>5.688889631376631e-03</slantRangeTime>
            <frequency>-8.681123852729797e-01</frequency>
          </fineDce>
          <fineDce>
            <slantRangeTime>5.707772138369299e-03</slantRangeTime>
            <frequency>3.601289913058281e-02</frequency>
          </fineDce>
        </fineDceList>
      </dcEstimate>
      <dcEstimate>
        <azimuthTime>2015-05-16T13:34:27.074840</azimuthTime>
        <t0>5.342927742124565e-03</t0>
        <geometryDcPolynomial count="3">2.637733e+01 -2.236698e+03 1.486820e+05</geometryDcPolynomial>
        <dataDcPolynomial count="3">3.912501e+00 1.852945e+04 -2.458852e+07</dataDcPolynomial>
        <dataDcRmsError>5.764757156372070e+00</dataDcRmsError>
        <dataDcRmsErrorAboveThreshold>false</dataDcRmsErrorAboveThreshold>
        <fineDceAzimuthStartTime>2015-05-16T13:34:25.686187</fineDceAzimuthStartTime>
        <fineDceAzimuthStopTime>2015-05-16T13:34:28.463494</fineDceAzimuthStopTime>
        <fineDceList count="20">
          <fineDce>
            <slantRangeTime>5.349144207987527e-03</slantRangeTime>
            <frequency>7.034362792968750e+00</frequency>
          </fineDce>
          <fineDce>
            <slantRangeTime>5.368011182174931e-03</slantRangeTime>
            <frequency>1.169091033935547e+01</frequency>
          </fineDce>
          <fineDce>
            <slantRangeTime>5.386893701900525e-03</slantRangeTime>
            <frequency>9.691841125488281e+00</frequency>
          </fineDce>
          <fineDce>
            <slantRangeTime>5.405760671085708e-03</slantRangeTime>
            <frequency>7.349087238311768e+00</frequency>
          </fineDce>
          <fineDce>
            <slantRangeTime>5.424643192630291e-03</slantRangeTime>
            <frequency>3.821599006652832e+00</frequency>
          </fineDce>
          <fineDce>
            <slantRangeTime>5.443510143625580e-03</slantRangeTime>
            <frequency>5.896530151367188e+00</frequency>
          </fineDce>
          <fineDce>
            <slantRangeTime>5.462392643342290e-03</slantRangeTime>
            <frequency>7.962720870971680e+00</frequency>
          </fineDce>
          <fineDce>
            <slantRangeTime>5.481259645269282e-03</slantRangeTime>
            <frequency>3.279313087463379e+00</frequency>
          </fineDce>
          <fineDce>
            <slantRangeTime>5.500142137710035e-03</slantRangeTime>
            <frequency>7.948152065277100e+00</frequency>
          </fineDce>
          <fineDce>
            <slantRangeTime>5.519009146912984e-03</slantRangeTime>
            <frequency>4.824398994445801e+00</frequency>
          </fineDce>
          <fineDce>
            <slantRangeTime>5.537891639353737e-03</slantRangeTime>
            <frequency>4.767710208892822e+00</frequency>
          </fineDce>
          <fineDce>
            <slantRangeTime>5.556758648556687e-03</slantRangeTime>
            <frequency>-2.242180109024048e+00</frequency>
          </fineDce>
          <fineDce>
            <slantRangeTime>5.575641140997440e-03</slantRangeTime>
            <frequency>7.570222854614258e+00</frequency>
          </fineDce>
          <fineDce>
            <slantRangeTime>5.594508150200389e-03</slantRangeTime>
            <frequency>2.692262887954712e+00</frequency>
          </fineDce>
          <fineDce>
            <slantRangeTime>5.613390628089227e-03</slantRangeTime>
            <frequency>-7.561547756195068e-01</frequency>
          </fineDce>
          <fineDce>
            <slantRangeTime>5.632257651844092e-03</slantRangeTime>
            <frequency>8.013191223144531e-01</frequency>
          </fineDce>
          <fineDce>
            <slantRangeTime>5.651140129732929e-03</slantRangeTime>
            <frequency>1.186018943786621e+00</frequency>
          </fineDce>
          <fineDce>
            <slantRangeTime>5.670007153487794e-03</slantRangeTime>
            <frequency>8.018051147460938e+00</frequency>
          </fineDce>
          <fineDce>
            <slantRangeTime>5.688889631376631e-03</slantRangeTime>
            <frequency>6.752178817987442e-02</frequency>
          </fineDce>
          <fineDce>
            <slantRangeTime>5.707772138369299e-03</slantRangeTime>
            <frequency>1.207970976829529e+00</frequency>
          </fineDce>
        </fineDceList>
      </dcEstimate>
      <dcEstimate>
        <azimuthTime>2015-05-16T13:34:29.833117</azimuthTime>
        <t0>5.342927742124565e-03</t0>
        <geometryDcPolynomial count="3">2.780857e+01 -2.297809e+03 1.415889e+05</geometryDcPolynomial>
        <dataDcPolynomial count="3">4.285772e+00 4.431346e+03 -4.016099e+05</dataDcPolynomial>
        <dataDcRmsError>4.777019977569580e+00</dataDcRmsError>
        <dataDcRmsErrorAboveThreshold>false</dataDcRmsErrorAboveThreshold>
        <fineDceAzimuthStartTime>2015-05-16T13:34:28.444464</fineDceAzimuthStartTime>
        <fineDceAzimuthStopTime>2015-05-16T13:34:31.221771</fineDceAzimuthStopTime>
        <fineDceList count="20">
          <fineDce>
            <slantRangeTime>5.349144207987527e-03</slantRangeTime>
            <frequency>7.642181873321533e+00</frequency>
          </fineDce>
          <fineDce>
            <slantRangeTime>5.368011182174931e-03</slantRangeTime>
            <frequency>5.015765190124512e+00</frequency>
          </fineDce>
          <fineDce>
            <slantRangeTime>5.386893701900525e-03</slantRangeTime>
            <frequency>4.722393989562988e+00</frequency>
          </fineDce>
          <fineDce>
            <slantRangeTime>5.405760671085708e-03</slantRangeTime>
            <frequency>1.113869953155518e+01</frequency>
          </fineDce>
          <fineDce>
            <slantRangeTime>5.424643192630291e-03</slantRangeTime>
            <frequency>7.727602958679199e+00</frequency>
          </fineDce>
          <fineDce>
            <slantRangeTime>5.443510143625580e-03</slantRangeTime>
            <frequency>3.469044923782349e+00</frequency>
          </fineDce>
          <fineDce>
            <slantRangeTime>5.462392643342290e-03</slantRangeTime>
            <frequency>-1.316730022430420e+00</frequency>
          </fineDce>
          <fineDce>
            <slantRangeTime>5.481259645269282e-03</slantRangeTime>
            <frequency>1.070555019378662e+01</frequency>
          </fineDce>
          <fineDce>
            <slantRangeTime>5.500142137710035e-03</slantRangeTime>
            <frequency>9.757095336914062e+00</frequency>
          </fineDce>
          <fineDce>
            <slantRangeTime>5.519009146912984e-03</slantRangeTime>
            <frequency>3.249686002731323e+00</frequency>
          </fineDce>
          <fineDce>
            <slantRangeTime>5.537891639353737e-03</slantRangeTime>
            <frequency>3.634428024291992e+00</frequency>
          </fineDce>
          <fineDce>
            <slantRangeTime>5.556758648556687e-03</slantRangeTime>
            <frequency>-1.183768987655640e+00</frequency>
          </fineDce>
          <fineDce>
            <slantRangeTime>5.575641140997440e-03</slantRangeTime>
            <frequency>4.602223873138428e+00</frequency>
          </fineDce>
          <fineDce>
            <slantRangeTime>5.594508150200389e-03</slantRangeTime>
            <frequency>8.341382980346680e+00</frequency>
          </fineDce>
          <fineDce>
            <slantRangeTime>5.613390628089227e-03</slantRangeTime>
            <frequency>6.980979919433594e+00</frequency>
          </fineDce>
          <fineDce>
            <slantRangeTime>5.632257651844092e-03</slantRangeTime>
            <frequency>-2.629175901412964e+00</frequency>
          </fineDce>
          <fineDce>
            <slantRangeTime>5.651140129732929e-03</slantRangeTime>
            <frequency>6.530793190002441e+00</frequency>
          </fineDce>
          <fineDce>
            <slantRangeTime>5.670007153487794e-03</slantRangeTime>
            <frequency>9.776404380798340e+00</frequency>
          </fineDce>
          <fineDce>
            <slantRangeTime>5.688889631376631e-03</slantRangeTime>
            <frequency>3.195956945419312e+00</frequency>
          </fineDce>
          <fineDce>
            <slantRangeTime>5.707772138369299e-03</slantRangeTime>
            <frequency>-2.853266000747681e+00</frequency>
          </fineDce>
        </fineDceList>
      </dcEstimate>
      <dcEstimate>
        <azimuthTime>2015-05-16T13:34:32.591394</azimuthTime>
        <t0>5.342927742124565e-03</t0>
        <geometryDcPolynomial count="3">2.832281e+01 -2.269306e+03 1.264330e+05</geometryDcPolynomial>
        <dataDcPolynomial count="3">1.529915e+01 -3.342158e+04 2.519304e+07</dataDcPolynomial>
        <dataDcRmsError>4.362774848937988e+00</dataDcRmsError>
        <dataDcRmsErrorAboveThreshold>false</dataDcRmsErrorAboveThreshold>
        <fineDceAzimuthStartTime>2015-05-16T13:34:31.202741</fineDceAzimuthStartTime>
        <fineDceAzimuthStopTime>2015-05-16T13:34:33.980048</fineDceAzimuthStopTime>
        <fineDceList count="20">
          <fineDce>
            <slantRangeTime>5.349144207987527e-03</slantRangeTime>
            <frequency>1.480230045318604e+01</frequency>
          </fineDce>
          <fineDce>
            <slantRangeTime>5.368011182174931e-03</slantRangeTime>
            <frequency>1.275364017486572e+01</frequency>
          </fineDce>
          <fineDce>
            <slantRangeTime>5.386893701900525e-03</slantRangeTime>
            <frequency>2.288051033020020e+01</frequency>
          </fineDce>
          <fineDce>
            <slantRangeTime>5.405760671085708e-03</slantRangeTime>
            <frequency>1.466738033294678e+01</frequency>
          </fineDce>
          <fineDce>
            <slantRangeTime>5.424643192630291e-03</slantRangeTime>
            <frequency>1.498346996307373e+01</frequency>
          </fineDce>
          <fineDce>
            <slantRangeTime>5.443510143625580e-03</slantRangeTime>
            <frequency>1.541539955139160e+01</frequency>
          </fineDce>
          <fineDce>
            <slantRangeTime>5.462392643342290e-03</slantRangeTime>
            <frequency>1.156112957000732e+01</frequency>
          </fineDce>
          <fineDce>
            <slantRangeTime>5.481259645269282e-03</slantRangeTime>
            <frequency>1.407903003692627e+01</frequency>
          </fineDce>
          <fineDce>
            <slantRangeTime>5.500142137710035e-03</slantRangeTime>
            <frequency>8.496380805969238e+00</frequency>
          </fineDce>
          <fineDce>
            <slantRangeTime>5.519009146912984e-03</slantRangeTime>
            <frequency>5.730041980743408e+00</frequency>
          </fineDce>
          <fineDce>
            <slantRangeTime>5.537891639353737e-03</slantRangeTime>
            <frequency>8.043571472167969e+00</frequency>
          </fineDce>
          <fineDce>
            <slantRangeTime>5.556758648556687e-03</slantRangeTime>
            <frequency>7.582880020141602e+00</frequency>
          </fineDce>
          <fineDce>
            <slantRangeTime>5.575641140997440e-03</slantRangeTime>
            <frequency>1.222509965300560e-01</frequency>
          </fineDce>
          <fineDce>
            <slantRangeTime>5.594508150200389e-03</slantRangeTime>
            <frequency>9.264147758483887e+00</frequency>
          </fineDce>
          <fineDce>
            <slantRangeTime>5.613390628089227e-03</slantRangeTime>
            <frequency>3.596864938735962e+00</frequency>
          </fineDce>
          <fineDce>
            <slantRangeTime>5.632257651844092e-03</slantRangeTime>
            <frequency>5.253726005554199e+00</frequency>
          </fineDce>
          <fineDce>
            <slantRangeTime>5.651140129732929e-03</slantRangeTime>
            <frequency>5.992457866668701e+00</frequency>
          </fineDce>
          <fineDce>
            <slantRangeTime>5.670007153487794e-03</slantRangeTime>
            <frequency>3.133985996246338e+00</frequency>
          </fineDce>
          <fineDce>
            <slantRangeTime>5.688889631376631e-03</slantRangeTime>
            <frequency>-7.046673893928528e-01</frequency>
          </fineDce>
          <fineDce>
            <slantRangeTime>5.707772138369299e-03</slantRangeTime>
            <frequency>5.771623134613037e+00</frequency>
          </fineDce>
        </fineDceList>
      </dcEstimate>
      <dcEstimate>
        <azimuthTime>2015-05-16T13:34:35.349670</azimuthTime>
        <t0>5.342927742124565e-03</t0>
        <geometryDcPolynomial count="3">2.775307e+01 -2.148220e+03 1.045175e+05</geometryDcPolynomial>
        <dataDcPolynomial count="3">1.339797e+01 -2.762916e+04 1.597552e+07</dataDcPolynomial>
        <dataDcRmsError>4.322506904602051e+00</dataDcRmsError>
        <dataDcRmsErrorAboveThreshold>false</dataDcRmsErrorAboveThreshold>
        <fineDceAzimuthStartTime>2015-05-16T13:34:33.961017</fineDceAzimuthStartTime>
        <fineDceAzimuthStopTime>2015-05-16T13:34:36.738324</fineDceAzimuthStopTime>
        <fineDceList count="20">
          <fineDce>
            <slantRangeTime>5.349144207987527e-03</slantRangeTime>
            <frequency>7.412561893463135e+00</frequency>
          </fineDce>
          <fineDce>
            <slantRangeTime>5.368011182174931e-03</slantRangeTime>
            <frequency>1.230350017547607e+01</frequency>
          </fineDce>
          <fineDce>
            <slantRangeTime>5.386893701900525e-03</slantRangeTime>
            <frequency>1.588650035858154e+01</frequency>
          </fineDce>
          <fineDce>
            <slantRangeTime>5.405760671085708e-03</slantRangeTime>
            <frequency>1.376010036468506e+01</frequency>
          </fineDce>
          <fineDce>
            <slantRangeTime>5.424643192630291e-03</slantRangeTime>
            <frequency>1.423159027099609e+01</frequency>
          </fineDce>
          <fineDce>
            <slantRangeTime>5.443510143625580e-03</slantRangeTime>
            <frequency>1.482077026367188e+01</frequency>
          </fineDce>
          <fineDce>
            <slantRangeTime>5.462392643342290e-03</slantRangeTime>
            <frequency>1.339465045928955e+01</frequency>
          </fineDce>
          <fineDce>
            <slantRangeTime>5.481259645269282e-03</slantRangeTime>
            <frequency>9.165987968444824e+00</frequency>
          </fineDce>
          <fineDce>
            <slantRangeTime>5.500142137710035e-03</slantRangeTime>
            <frequency>1.444056987762451e+01</frequency>
          </fineDce>
          <fineDce>
            <slantRangeTime>5.519009146912984e-03</slantRangeTime>
            <frequency>1.238712024688721e+01</frequency>
          </fineDce>
          <fineDce>
            <slantRangeTime>5.537891639353737e-03</slantRangeTime>
            <frequency>9.564743995666504e+00</frequency>
          </fineDce>
          <fineDce>
            <slantRangeTime>5.556758648556687e-03</slantRangeTime>
            <frequency>3.640533924102783e+00</frequency>
          </fineDce>
          <fineDce>
            <slantRangeTime>5.575641140997440e-03</slantRangeTime>
            <frequency>4.150760173797607e+00</frequency>
          </fineDce>
          <fineDce>
            <slantRangeTime>5.594508150200389e-03</slantRangeTime>
            <frequency>3.070852041244507e+00</frequency>
          </fineDce>
          <fineDce>
            <slantRangeTime>5.613390628089227e-03</slantRangeTime>
            <frequency>5.086911201477051e+00</frequency>
          </fineDce>
          <fineDce>
            <slantRangeTime>5.632257651844092e-03</slantRangeTime>
            <frequency>3.199208021163940e+00</frequency>
          </fineDce>
          <fineDce>
            <slantRangeTime>5.651140129732929e-03</slantRangeTime>
            <frequency>3.489928007125854e+00</frequency>
          </fineDce>
          <fineDce>
            <slantRangeTime>5.670007153487794e-03</slantRangeTime>
            <frequency>-3.305256068706512e-01</frequency>
          </fineDce>
          <fineDce>
            <slantRangeTime>5.688889631376631e-03</slantRangeTime>
            <frequency>-3.202244043350220e+00</frequency>
          </fineDce>
          <fineDce>
            <slantRangeTime>5.707772138369299e-03</slantRangeTime>
            <frequency>-1.937010049819946e+00</frequency>
          </fineDce>
        </fineDceList>
      </dcEstimate>
      <dcEstimate>
        <azimuthTime>2015-05-16T13:34:38.107947</azimuthTime>
        <t0>5.342927742124565e-03</t0>
        <geometryDcPolynomial count="3">2.739169e+01 -2.083941e+03 9.396948e+04</geometryDcPolynomial>
        <dataDcPolynomial count="3">8.543484e+00 -2.955654e+03 -6.372442e+06</dataDcPolynomial>
        <dataDcRmsError>4.619247913360596e+00</dataDcRmsError>
        <dataDcRmsErrorAboveThreshold>false</dataDcRmsErrorAboveThreshold>
        <fineDceAzimuthStartTime>2015-05-16T13:34:36.719294</fineDceAzimuthStartTime>
        <fineDceAzimuthStopTime>2015-05-16T13:34:39.496601</fineDceAzimuthStopTime>
        <fineDceList count="20">
          <fineDce>
            <slantRangeTime>5.349144207987527e-03</slantRangeTime>
            <frequency>5.643299102783203e+00</frequency>
          </fineDce>
          <fineDce>
            <slantRangeTime>5.368011182174931e-03</slantRangeTime>
            <frequency>-9.505779743194580e-01</frequency>
          </fineDce>
          <fineDce>
            <slantRangeTime>5.386893701900525e-03</slantRangeTime>
            <frequency>1.437718963623047e+01</frequency>
          </fineDce>
          <fineDce>
            <slantRangeTime>5.405760671085708e-03</slantRangeTime>
            <frequency>1.480461025238037e+01</frequency>
          </fineDce>
          <fineDce>
            <slantRangeTime>5.424643192630291e-03</slantRangeTime>
            <frequency>6.736035823822021e+00</frequency>
          </fineDce>
          <fineDce>
            <slantRangeTime>5.443510143625580e-03</slantRangeTime>
            <frequency>6.301175117492676e+00</frequency>
          </fineDce>
          <fineDce>
            <slantRangeTime>5.462392643342290e-03</slantRangeTime>
            <frequency>1.338541030883789e+01</frequency>
          </fineDce>
          <fineDce>
            <slantRangeTime>5.481259645269282e-03</slantRangeTime>
            <frequency>9.727438926696777e+00</frequency>
          </fineDce>
          <fineDce>
            <slantRangeTime>5.500142137710035e-03</slantRangeTime>
            <frequency>1.244941043853760e+01</frequency>
          </fineDce>
          <fineDce>
            <slantRangeTime>5.519009146912984e-03</slantRangeTime>
            <frequency>1.346035003662109e+01</frequency>
          </fineDce>
          <fineDce>
            <slantRangeTime>5.537891639353737e-03</slantRangeTime>
            <frequency>2.142382049560547e+01</frequency>
          </fineDce>
          <fineDce>
            <slantRangeTime>5.556758648556687e-03</slantRangeTime>
            <frequency>6.048025131225586e+00</frequency>
          </fineDce>
          <fineDce>
            <slantRangeTime>5.575641140997440e-03</slantRangeTime>
            <frequency>7.176274776458740e+00</frequency>
          </fineDce>
          <fineDce>
            <slantRangeTime>5.594508150200389e-03</slantRangeTime>
            <frequency>9.938093185424805e+00</frequency>
          </fineDce>
          <fineDce>
            <slantRangeTime>5.613390628089227e-03</slantRangeTime>
            <frequency>2.780781984329224e+00</frequency>
          </fineDce>
          <fineDce>
            <slantRangeTime>5.632257651844092e-03</slantRangeTime>
            <frequency>-3.352777957916260e+00</frequency>
          </fineDce>
          <fineDce>
            <slantRangeTime>5.651140129732929e-03</slantRangeTime>
            <frequency>-9.466251373291016e+00</frequency>
          </fineDce>
          <fineDce>
            <slantRangeTime>5.670007153487794e-03</slantRangeTime>
            <frequency>-3.399190902709961e+00</frequency>
          </fineDce>
          <fineDce>
            <slantRangeTime>5.688889631376631e-03</slantRangeTime>
            <frequency>-1.645952016115189e-01</frequency>
          </fineDce>
          <fineDce>
            <slantRangeTime>5.707772138369299e-03</slantRangeTime>
            <frequency>-5.653830990195274e-02</frequency>
          </fineDce>
        </fineDceList>
      </dcEstimate>
      <dcEstimate>
        <azimuthTime>2015-05-16T13:34:40.866224</azimuthTime>
        <t0>5.342927742124565e-03</t0>
        <geometryDcPolynomial count="3">2.646024e+01 -2.119892e+03 1.178276e+05</geometryDcPolynomial>
        <dataDcPolynomial count="3">1.206400e+01 -1.481250e+04 4.102034e+06</dataDcPolynomial>
        <dataDcRmsError>4.314125061035156e+00</dataDcRmsError>
        <dataDcRmsErrorAboveThreshold>false</dataDcRmsErrorAboveThreshold>
        <fineDceAzimuthStartTime>2015-05-16T13:34:39.477571</fineDceAzimuthStartTime>
        <fineDceAzimuthStopTime>2015-05-16T13:34:42.254878</fineDceAzimuthStopTime>
        <fineDceList count="20">
          <fineDce>
            <slantRangeTime>5.349144207987527e-03</slantRangeTime>
            <frequency>1.402188968658447e+01</frequency>
          </fineDce>
          <fineDce>
            <slantRangeTime>5.368011182174931e-03</slantRangeTime>
            <frequency>1.592516040802002e+01</frequency>
          </fineDce>
          <fineDce>
            <slantRangeTime>5.386893701900525e-03</slantRangeTime>
            <frequency>1.251595973968506e+01</frequency>
          </fineDce>
          <fineDce>
            <slantRangeTime>5.405760671085708e-03</slantRangeTime>
            <frequency>1.318782043457031e+01</frequency>
          </fineDce>
          <fineDce>
            <slantRangeTime>5.424643192630291e-03</slantRangeTime>
            <frequency>1.518439006805420e+01</frequency>
          </fineDce>
          <fineDce>
            <slantRangeTime>5.443510143625580e-03</slantRangeTime>
            <frequency>1.103096961975098e+01</frequency>
          </fineDce>
          <fineDce>
            <slantRangeTime>5.462392643342290e-03</slantRangeTime>
            <frequency>6.334849834442139e+00</frequency>
          </fineDce>
          <fineDce>
            <slantRangeTime>5.481259645269282e-03</slantRangeTime>
            <frequency>1.009578990936279e+01</frequency>
          </fineDce>
          <fineDce>
            <slantRangeTime>5.500142137710035e-03</slantRangeTime>
            <frequency>5.877789974212646e+00</frequency>
          </fineDce>
          <fineDce>
            <slantRangeTime>5.519009146912984e-03</slantRangeTime>
            <frequency>7.672595024108887e+00</frequency>
          </fineDce>
          <fineDce>
            <slantRangeTime>5.537891639353737e-03</slantRangeTime>
            <frequency>3.426219940185547e+00</frequency>
          </fineDce>
          <fineDce>
            <slantRangeTime>5.556758648556687e-03</slantRangeTime>
            <frequency>7.148087024688721e+00</frequency>
          </fineDce>
          <fineDce>
            <slantRangeTime>5.575641140997440e-03</slantRangeTime>
            <frequency>1.610931968688965e+01</frequency>
          </fineDce>
          <fineDce>
            <slantRangeTime>5.594508150200389e-03</slantRangeTime>
            <frequency>1.207546949386597e+00</frequency>
          </fineDce>
          <fineDce>
            <slantRangeTime>5.613390628089227e-03</slantRangeTime>
            <frequency>1.018614959716797e+01</frequency>
          </fineDce>
          <fineDce>
            <slantRangeTime>5.632257651844092e-03</slantRangeTime>
            <frequency>2.826025962829590e+00</frequency>
          </fineDce>
          <fineDce>
            <slantRangeTime>5.651140129732929e-03</slantRangeTime>
            <frequency>1.988121986389160e+01</frequency>
          </fineDce>
          <fineDce>
            <slantRangeTime>5.670007153487794e-03</slantRangeTime>
            <frequency>6.518176198005676e-01</frequency>
          </fineDce>
          <fineDce>
            <slantRangeTime>5.688889631376631e-03</slantRangeTime>
            <frequency>7.607835769653320e+00</frequency>
          </fineDce>
          <fineDce>
            <slantRangeTime>5.707772138369299e-03</slantRangeTime>
            <frequency>-7.544218897819519e-01</frequency>
          </fineDce>
        </fineDceList>
      </dcEstimate>
      <dcEstimate>
        <azimuthTime>2015-05-16T13:34:43.624501</azimuthTime>
        <t0>5.342927742124565e-03</t0>
        <geometryDcPolynomial count="3">2.623412e+01 -2.165222e+03 1.326550e+05</geometryDcPolynomial>
        <dataDcPolynomial count="3">1.486686e+00 1.750368e+04 -1.335387e+07</dataDcPolynomial>
        <dataDcRmsError>3.965454101562500e+00</dataDcRmsError>
        <dataDcRmsErrorAboveThreshold>false</dataDcRmsErrorAboveThreshold>
        <fineDceAzimuthStartTime>2015-05-16T13:34:42.235848</fineDceAzimuthStartTime>
        <fineDceAzimuthStopTime>2015-05-16T13:34:45.013155</fineDceAzimuthStopTime>
        <fineDceList count="20">
          <fineDce>
            <slantRangeTime>5.349144207987527e-03</slantRangeTime>
            <frequency>5.430970191955566e+00</frequency>
          </fineDce>
          <fineDce>
            <slantRangeTime>5.368011182174931e-03</slantRangeTime>
            <frequency>2.129064083099365e+00</frequency>
          </fineDce>
          <fineDce>
            <slantRangeTime>5.386893701900525e-03</slantRangeTime>
            <frequency>8.270511627197266e+00</frequency>
          </fineDce>
          <fineDce>
            <slantRangeTime>5.405760671085708e-03</slantRangeTime>
            <frequency>2.876127958297729e+00</frequency>
          </fineDce>
          <fineDce>
            <slantRangeTime>5.424643192630291e-03</slantRangeTime>
            <frequency>2.229115962982178e+00</frequency>
          </fineDce>
          <fineDce>
            <slantRangeTime>5.443510143625580e-03</slantRangeTime>
            <frequency>3.590614080429077e+00</frequency>
          </fineDce>
          <fineDce>
            <slantRangeTime>5.462392643342290e-03</slantRangeTime>
            <frequency>4.421399116516113e+00</frequency>
          </fineDce>
          <fineDce>
            <slantRangeTime>5.481259645269282e-03</slantRangeTime>
            <frequency>7.986147999763489e-01</frequency>
          </fineDce>
          <fineDce>
            <slantRangeTime>5.500142137710035e-03</slantRangeTime>
            <frequency>7.964015007019043e+00</frequency>
          </fineDce>
          <fineDce>
            <slantRangeTime>5.519009146912984e-03</slantRangeTime>
            <frequency>2.159065008163452e+00</frequency>
          </fineDce>
          <fineDce>
            <slantRangeTime>5.537891639353737e-03</slantRangeTime>
            <frequency>-1.771924018859863e+00</frequency>
          </fineDce>
          <fineDce>
            <slantRangeTime>5.556758648556687e-03</slantRangeTime>
            <frequency>2.744036018848419e-01</frequency>
          </fineDce>
          <fineDce>
            <slantRangeTime>5.575641140997440e-03</slantRangeTime>
            <frequency>5.675916194915771e+00</frequency>
          </fineDce>
          <fineDce>
            <slantRangeTime>5.594508150200389e-03</slantRangeTime>
            <frequency>5.610711097717285e+00</frequency>
          </fineDce>
          <fineDce>
            <slantRangeTime>5.613390628089227e-03</slantRangeTime>
            <frequency>-2.946099996566772e+00</frequency>
          </fineDce>
          <fineDce>
            <slantRangeTime>5.632257651844092e-03</slantRangeTime>
            <frequency>1.233381032943726e+00</frequency>
          </fineDce>
          <fineDce>
            <slantRangeTime>5.651140129732929e-03</slantRangeTime>
            <frequency>1.645097970962524e+00</frequency>
          </fineDce>
          <fineDce>
            <slantRangeTime>5.670007153487794e-03</slantRangeTime>
            <frequency>7.281641960144043e+00</frequency>
          </fineDce>
          <fineDce>
            <slantRangeTime>5.688889631376631e-03</slantRangeTime>
            <frequency>6.220374107360840e+00</frequency>
          </fineDce>
          <fineDce>
            <slantRangeTime>5.707772138369299e-03</slantRangeTime>
            <frequency>-1.100445032119751e+00</frequency>
          </fineDce>
        </fineDceList>
      </dcEstimate>
      <dcEstimate>
        <azimuthTime>2015-05-16T13:34:46.382778</azimuthTime>
        <t0>5.341648926213977e-03</t0>
        <geometryDcPolynomial count="3">2.717859e+01 -2.196106e+03 1.247610e+05</geometryDcPolynomial>
        <dataDcPolynomial count="3">7.470241e+00 -1.736281e+04 1.507272e+07</dataDcPolynomial>
        <dataDcRmsError>3.357877969741821e+00</dataDcRmsError>
        <dataDcRmsErrorAboveThreshold>false</dataDcRmsErrorAboveThreshold>
        <fineDceAzimuthStartTime>2015-05-16T13:34:44.994125</fineDceAzimuthStartTime>
        <fineDceAzimuthStopTime>2015-05-16T13:34:47.771432</fineDceAzimuthStopTime>
        <fineDceList count="20">
          <fineDce>
            <slantRangeTime>5.347865392076940e-03</slantRangeTime>
            <frequency>7.947729110717773e+00</frequency>
          </fineDce>
          <fineDce>
            <slantRangeTime>5.366732366264343e-03</slantRangeTime>
            <frequency>2.108031082153320e+01</frequency>
          </fineDce>
          <fineDce>
            <slantRangeTime>5.385614885989937e-03</slantRangeTime>
            <frequency>4.224781036376953e+00</frequency>
          </fineDce>
          <fineDce>
            <slantRangeTime>5.404481855175120e-03</slantRangeTime>
            <frequency>1.004644966125488e+01</frequency>
          </fineDce>
          <fineDce>
            <slantRangeTime>5.423364376719703e-03</slantRangeTime>
            <frequency>8.579912185668945e+00</frequency>
          </fineDce>
          <fineDce>
            <slantRangeTime>5.442231327714992e-03</slantRangeTime>
            <frequency>1.021457004547119e+01</frequency>
          </fineDce>
          <fineDce>
            <slantRangeTime>5.461113827431702e-03</slantRangeTime>
            <frequency>2.750574111938477e+00</frequency>
          </fineDce>
          <fineDce>
            <slantRangeTime>5.479980829358694e-03</slantRangeTime>
            <frequency>5.819208145141602e+00</frequency>
          </fineDce>
          <fineDce>
            <slantRangeTime>5.498863321799447e-03</slantRangeTime>
            <frequency>8.728300929069519e-01</frequency>
          </fineDce>
          <fineDce>
            <slantRangeTime>5.517730331002397e-03</slantRangeTime>
            <frequency>8.004346847534180e+00</frequency>
          </fineDce>
          <fineDce>
            <slantRangeTime>5.536612823443149e-03</slantRangeTime>
            <frequency>1.025931000709534e+00</frequency>
          </fineDce>
          <fineDce>
            <slantRangeTime>5.555479832646099e-03</slantRangeTime>
            <frequency>4.076673030853271e+00</frequency>
          </fineDce>
          <fineDce>
            <slantRangeTime>5.574362325086852e-03</slantRangeTime>
            <frequency>-5.527215003967285e+00</frequency>
          </fineDce>
          <fineDce>
            <slantRangeTime>5.593229334289801e-03</slantRangeTime>
            <frequency>3.935488939285278e+00</frequency>
          </fineDce>
          <fineDce>
            <slantRangeTime>5.612111812178639e-03</slantRangeTime>
            <frequency>-1.024240016937256e+00</frequency>
          </fineDce>
          <fineDce>
            <slantRangeTime>5.630978835933504e-03</slantRangeTime>
            <frequency>3.095906019210815e+00</frequency>
          </fineDce>
          <fineDce>
            <slantRangeTime>5.649861313822341e-03</slantRangeTime>
            <frequency>-2.588999032974243e+00</frequency>
          </fineDce>
          <fineDce>
            <slantRangeTime>5.668728337577206e-03</slantRangeTime>
            <frequency>-2.241605043411255e+00</frequency>
          </fineDce>
          <fineDce>
            <slantRangeTime>5.687610815466044e-03</slantRangeTime>
            <frequency>3.446421027183533e-01</frequency>
          </fineDce>
          <fineDce>
            <slantRangeTime>5.706493322458712e-03</slantRangeTime>
            <frequency>9.406725764274597e-01</frequency>
          </fineDce>
        </fineDceList>
      </dcEstimate>
    </dcEstimateList>
  </dopplerCentroid>
  <antennaPattern>
    <antennaPatternList count="10">
      <antennaPattern>
        <swath>IW1</swath>
        <azimuthTime>2015-05-16T13:34:21.818007</azimuthTime>
        <slantRangeTime count="676">5.337093144532169e-03 5.337590461830731e-03 5.338087779129293e-03 5.338585096427855e-03 5.339082413726417e-03 5.339579731024979e-03 5.340077048323541e-03 5.340574365622103e-03 5.341071682920665e-03 5.341569000219227e-03 5.342066317517788e-03 5.342563634816350e-03 5.343060952114912e-03 5.343558269413474e-03 5.344055586712036e-03 5.344552904010597e-03 5.345050221309159e-03 5.345547538607721e-03 5.346044855906283e-03 5.346542173204845e-03 5.347039490503407e-03 5.347536807801969e-03 5.348034125100530e-03 5.348531442399092e-03 5.349028759697654e-03 5.349526076996216e-03 5.350023394294778e-03 5.350520711593340e-03 5.351018028891902e-03 5.351515346190464e-03 5.352012663489026e-03 5.352509980787588e-03 5.353007298086149e-03 5.353504615384711e-03 5.354001932683273e-03 5.354499249981835e-03 5.354996567280397e-03 5.355493884578959e-03 5.355991201877521e-03 5.356488519176083e-03 5.356985836474645e-03 5.357483153773207e-03 5.357980471071768e-03 5.358477788370330e-03 5.358975105668892e-03 5.359472422967454e-03 5.359969740266015e-03 5.360467057564577e-03 5.360964374863139e-03 5.361461692161701e-03 5.361959009460263e-03 5.362456326758825e-03 5.362953644057387e-03 5.363450961355948e-03 5.363948278654510e-03 5.364445595953072e-03 5.364942913251634e-03 5.365440230550196e-03 5.365937547848758e-03 5.366434865147320e-03 5.366932182445882e-03 5.367429499744444e-03 5.367926817043006e-03 5.368424134341567e-03 5.368921451640129e-03 5.369418768938691e-03 5.369916086237253e-03 5.370413403535815e-03 5.370910720834377e-03 5.371408038132939e-03 5.371905355431501e-03 5.372402672730063e-03 5.372899990028625e-03 5.373397307327187e-03 5.373894624625748e-03 5.374391941924310e-03 5.374889259222872e-03 5.375386576521433e-03 5.375883893819995e-03 5.376381211118557e-03 5.376878528417119e-03 5.377375845715681e-03 5.377873163014243e-03 5.378370480312805e-03 5.378867797611367e-03 5.379365114909928e-03 5.379862432208490e-03 5.380359749507052e-03 5.380857066805614e-03 5.381354384104176e-03 5.381851701402738e-03 5.382349018701300e-03 5.382846335999862e-03 5.383343653298424e-03 5.383840970596986e-03 5.384338287895547e-03 5.384835605194109e-03 5.385332922492671e-03 5.385830239791233e-03 5.386327557089795e-03 5.386824874388357e-03 5.387322191686919e-03 5.387819508985481e-03 5.388316826284043e-03 5.388814143582605e-03 5.389311460881166e-03 5.389808778179728e-03 5.390306095478289e-03 5.390803412776851e-03 5.391300730075413e-03 5.391798047373975e-03 5.392295364672537e-03 5.392792681971099e-03 5.393289999269661e-03 5.393787316568223e-03 5.394284633866785e-03 5.394781951165347e-03 5.395279268463908e-03 5.395776585762470e-03 5.396273903061032e-03 5.396771220359594e-03 5.397268537658156e-03 5.397765854956718e-03 5.398263172255280e-03 5.398760489553842e-03 5.399257806852404e-03 5.399755124150966e-03 5.400252441449527e-03 5.400749758748089e-03 5.401247076046651e-03 5.401744393345213e-03 5.402241710643775e-03 5.402739027942337e-03 5.403236345240899e-03 5.403733662539461e-03 5.404230979838023e-03 5.404728297136585e-03 5.405225614435146e-03 5.405722931733708e-03 5.406220249032269e-03 5.406717566330831e-03 5.407214883629393e-03 5.407712200927955e-03 5.408209518226517e-03 5.408706835525079e-03 5.409204152823641e-03 5.409701470122203e-03 5.410198787420765e-03 5.410696104719327e-03 5.411193422017888e-03 5.411690739316450e-03 5.412188056615012e-03 5.412685373913574e-03 5.413182691212136e-03 5.413680008510698e-03 5.414177325809260e-03 5.414674643107822e-03 5.415171960406384e-03 5.415669277704946e-03 5.416166595003507e-03 5.416663912302069e-03 5.417161229600631e-03 5.417658546899193e-03 5.418155864197755e-03 5.418653181496317e-03 5.419150498794879e-03 5.419647816093441e-03 5.420145133392003e-03 5.420642450690565e-03 5.421139767989126e-03 5.421637085287687e-03 5.422134402586249e-03 5.422631719884811e-03 5.423129037183373e-03 5.423626354481935e-03 5.424123671780497e-03 5.424620989079059e-03 5.425118306377621e-03 5.425615623676183e-03 5.426112940974745e-03 5.426610258273307e-03 5.427107575571868e-03 5.427604892870430e-03 5.428102210168992e-03 5.428599527467554e-03 5.429096844766116e-03 5.429594162064678e-03 5.430091479363240e-03 5.430588796661802e-03 5.431086113960364e-03 5.431583431258926e-03 5.432080748557487e-03 5.432578065856049e-03 5.433075383154611e-03 5.433572700453173e-03 5.434070017751735e-03 5.434567335050297e-03 5.435064652348859e-03 5.435561969647421e-03 5.436059286945982e-03 5.436556604244544e-03 5.437053921543106e-03 5.437551238841667e-03 5.438048556140229e-03 5.438545873438791e-03 5.439043190737353e-03 5.439540508035915e-03 5.440037825334477e-03 5.440535142633039e-03 5.441032459931601e-03 5.441529777230163e-03 5.442027094528725e-03 5.442524411827286e-03 5.443021729125848e-03 5.443519046424410e-03 5.444016363722972e-03 5.444513681021534e-03 5.445010998320096e-03 5.445508315618658e-03 5.446005632917220e-03 5.446502950215782e-03 5.447000267514344e-03 5.447497584812905e-03 5.447994902111467e-03 5.448492219410029e-03 5.448989536708591e-03 5.449486854007153e-03 5.449984171305715e-03 5.450481488604277e-03 5.450978805902839e-03 5.451476123201400e-03 5.451973440499962e-03 5.452470757798524e-03 5.452968075097086e-03 5.453465392395647e-03 5.453962709694209e-03 5.454460026992771e-03 5.454957344291333e-03 5.455454661589895e-03 5.455951978888457e-03 5.456449296187019e-03 5.456946613485581e-03 5.457443930784143e-03 5.457941248082705e-03 5.458438565381266e-03 5.458935882679828e-03 5.459433199978390e-03 5.459930517276952e-03 5.460427834575514e-03 5.460925151874076e-03 5.461422469172638e-03 5.461919786471200e-03 5.462417103769762e-03 5.462914421068324e-03 5.463411738366885e-03 5.463909055665447e-03 5.464406372964009e-03 5.464903690262571e-03 5.465401007561133e-03 5.465898324859695e-03 5.466395642158257e-03 5.466892959456818e-03 5.467390276755380e-03 5.467887594053942e-03 5.468384911352504e-03 5.468882228651066e-03 5.469379545949627e-03 5.469876863248189e-03 5.470374180546751e-03 5.470871497845313e-03 5.471368815143875e-03 5.471866132442437e-03 5.472363449740999e-03 5.472860767039561e-03 5.473358084338123e-03 5.473855401636685e-03 5.474352718935246e-03 5.474850036233808e-03 5.475347353532370e-03 5.475844670830932e-03 5.476341988129494e-03 5.476839305428056e-03 5.477336622726618e-03 5.477833940025180e-03 5.478331257323742e-03 5.478828574622304e-03 5.479325891920865e-03 5.479823209219427e-03 5.480320526517989e-03 5.480817843816551e-03 5.481315161115113e-03 5.481812478413674e-03 5.482309795712236e-03 5.482807113010798e-03 5.483304430309360e-03 5.483801747607922e-03 5.484299064906484e-03 5.484796382205046e-03 5.485293699503607e-03 5.485791016802169e-03 5.486288334100731e-03 5.486785651399293e-03 5.487282968697855e-03 5.487780285996417e-03 5.488277603294979e-03 5.488774920593541e-03 5.489272237892103e-03 5.489769555190665e-03 5.490266872489226e-03 5.490764189787788e-03 5.491261507086350e-03 5.491758824384912e-03 5.492256141683474e-03 5.492753458982036e-03 5.493250776280598e-03 5.493748093579160e-03 5.494245410877722e-03 5.494742728176284e-03 5.495240045474845e-03 5.495737362773407e-03 5.496234680071969e-03 5.496731997370531e-03 5.497229314669092e-03 5.497726631967654e-03 5.498223949266216e-03 5.498721266564778e-03 5.499218583863340e-03 5.499715901161902e-03 5.500213218460464e-03 5.500710535759025e-03 5.501207853057587e-03 5.501705170356149e-03 5.502202487654711e-03 5.502699804953273e-03 5.503197122251835e-03 5.503694439550397e-03 5.504191756848959e-03 5.504689074147521e-03 5.505186391446083e-03 5.505683708744645e-03 5.506181026043206e-03 5.506678343341768e-03 5.507175660640330e-03 5.507672977938892e-03 5.508170295237454e-03 5.508667612536016e-03 5.509164929834578e-03 5.509662247133140e-03 5.510159564431702e-03 5.510656881730264e-03 5.511154199028825e-03 5.511651516327387e-03 5.512148833625949e-03 5.512646150924510e-03 5.513143468223072e-03 5.513640785521634e-03 5.514138102820196e-03 5.514635420118758e-03 5.515132737417320e-03 5.515630054715882e-03 5.516127372014444e-03 5.516624689313005e-03 5.517122006611567e-03 5.517619323910129e-03 5.518116641208691e-03 5.518613958507253e-03 5.519111275805815e-03 5.519608593104377e-03 5.520105910402939e-03 5.520603227701501e-03 5.521100545000063e-03 5.521597862298624e-03 5.522095179597186e-03 5.522592496895748e-03 5.523089814194310e-03 5.523587131492872e-03 5.524084448791434e-03 5.524581766089996e-03 5.525079083388558e-03 5.525576400687120e-03 5.526073717985682e-03 5.526571035284243e-03 5.527068352582805e-03 5.527565669881366e-03 5.528062987179928e-03 5.528560304478490e-03 5.529057621777052e-03 5.529554939075614e-03 5.530052256374176e-03 5.530549573672738e-03 5.531046890971300e-03 5.531544208269862e-03 5.532041525568424e-03 5.532538842866985e-03 5.533036160165547e-03 5.533533477464109e-03 5.534030794762671e-03 5.534528112061233e-03 5.535025429359795e-03 5.535522746658357e-03 5.536020063956919e-03 5.536517381255481e-03 5.537014698554043e-03 5.537512015852604e-03 5.538009333151166e-03 5.538506650449728e-03 5.539003967748290e-03 5.539501285046852e-03 5.539998602345414e-03 5.540495919643976e-03 5.540993236942538e-03 5.541490554241100e-03 5.541987871539662e-03 5.542485188838223e-03 5.542982506136785e-03 5.543479823435346e-03 5.543977140733908e-03 5.544474458032470e-03 5.544971775331032e-03 5.545469092629594e-03 5.545966409928156e-03 5.546463727226718e-03 5.546961044525280e-03 5.547458361823842e-03 5.547955679122404e-03 5.548452996420965e-03 5.548950313719527e-03 5.549447631018089e-03 5.549944948316651e-03 5.550442265615213e-03 5.550939582913775e-03 5.551436900212337e-03 5.551934217510899e-03 5.552431534809461e-03 5.552928852108023e-03 5.553426169406584e-03 5.553923486705146e-03 5.554420804003708e-03 5.554918121302270e-03 5.555415438600832e-03 5.555912755899393e-03 5.556410073197954e-03 5.556907390496515e-03 5.557404707795076e-03 5.557902025093637e-03 5.558399342392198e-03 5.558896659690759e-03 5.559393976989320e-03 5.559891294287881e-03 5.560388611586442e-03 5.560885928885003e-03 5.561383246183565e-03 5.561880563482126e-03 5.562377880780687e-03 5.562875198079248e-03 5.563372515377809e-03 5.563869832676370e-03 5.564367149974932e-03 5.564864467273493e-03 5.565361784572054e-03 5.565859101870615e-03 5.566356419169176e-03 5.566853736467737e-03 5.567351053766298e-03 5.567848371064859e-03 5.568345688363421e-03 5.568843005661982e-03 5.569340322960543e-03 5.569837640259104e-03 5.570334957557665e-03 5.570832274856226e-03 5.571329592154787e-03 5.571826909453348e-03 5.572324226751909e-03 5.572821544050470e-03 5.573318861349031e-03 5.573816178647592e-03 5.574313495946153e-03 5.574810813244714e-03 5.575308130543276e-03 5.575805447841837e-03 5.576302765140398e-03 5.576800082438959e-03 5.577297399737520e-03 5.577794717036081e-03 5.578292034334642e-03 5.578789351633203e-03 5.579286668931764e-03 5.579783986230325e-03 5.580281303528886e-03 5.580778620827447e-03 5.581275938126008e-03 5.581773255424569e-03 5.582270572723131e-03 5.582767890021692e-03 5.583265207320253e-03 5.583762524618814e-03 5.584259841917375e-03 5.584757159215937e-03 5.585254476514498e-03 5.585751793813059e-03 5.586249111111620e-03 5.586746428410181e-03 5.587243745708742e-03 5.587741063007303e-03 5.588238380305864e-03 5.588735697604425e-03 5.589233014902987e-03 5.589730332201548e-03 5.590227649500109e-03 5.590724966798670e-03 5.591222284097231e-03 5.591719601395792e-03 5.592216918694353e-03 5.592714235992914e-03 5.593211553291475e-03 5.593708870590036e-03 5.594206187888597e-03 5.594703505187158e-03 5.595200822485719e-03 5.595698139784281e-03 5.596195457082842e-03 5.596692774381403e-03 5.597190091679964e-03 5.597687408978525e-03 5.598184726277086e-03 5.598682043575647e-03 5.599179360874208e-03 5.599676678172769e-03 5.600173995471330e-03 5.600671312769891e-03 5.601168630068452e-03 5.601665947367013e-03 5.602163264665574e-03 5.602660581964136e-03 5.603157899262697e-03 5.603655216561258e-03 5.604152533859819e-03 5.604649851158380e-03 5.605147168456942e-03 5.605644485755503e-03 5.606141803054064e-03 5.606639120352625e-03 5.607136437651186e-03 5.607633754949747e-03 5.608131072248308e-03 5.608628389546869e-03 5.609125706845430e-03 5.609623024143992e-03 5.610120341442553e-03 5.610617658741114e-03 5.611114976039675e-03 5.611612293338236e-03 5.612109610636797e-03 5.612606927935358e-03 5.613104245233919e-03 5.613601562532480e-03 5.614098879831041e-03 5.614596197129602e-03 5.615093514428163e-03 5.615590831726724e-03 5.616088149025285e-03 5.616585466323847e-03 5.617082783622408e-03 5.617580100920969e-03 5.618077418219530e-03 5.618574735518091e-03 5.619072052816652e-03 5.619569370115213e-03 5.620066687413774e-03 5.620564004712335e-03 5.621061322010896e-03 5.621558639309457e-03 5.622055956608018e-03 5.622553273906579e-03 5.623050591205140e-03 5.623547908503702e-03 5.624045225802263e-03 5.624542543100824e-03 5.625039860399385e-03 5.625537177697947e-03 5.626034494996508e-03 5.626531812295069e-03 5.627029129593630e-03 5.627526446892191e-03 5.628023764190752e-03 5.628521081489313e-03 5.629018398787874e-03 5.629515716086435e-03 5.630013033384996e-03 5.630510350683558e-03 5.631007667982119e-03 5.631504985280680e-03 5.632002302579241e-03 5.632499619877802e-03 5.632996937176363e-03 5.633494254474924e-03 5.633991571773485e-03 5.634488889072046e-03 5.634986206370607e-03 5.635483523669168e-03 5.635980840967729e-03 5.636478158266290e-03 5.636975475564851e-03 5.637472792863413e-03 5.637970110161974e-03 5.638467427460535e-03 5.638964744759096e-03 5.639462062057657e-03 5.639959379356218e-03 5.640456696654779e-03 5.640954013953340e-03 5.641451331251901e-03 5.641948648550462e-03 5.642445965849023e-03 5.642943283147584e-03 5.643440600446145e-03 5.643937917744707e-03 5.644435235043268e-03 5.644932552341829e-03 5.645429869640391e-03 5.645927186938952e-03 5.646424504237513e-03 5.646921821536074e-03 5.647419138834635e-03 5.647916456133196e-03 5.648413773431757e-03 5.648911090730318e-03 5.649408408028879e-03 5.649905725327440e-03 5.650403042626001e-03 5.650900359924562e-03 5.651397677223124e-03 5.651894994521685e-03 5.652392311820246e-03 5.652889629118807e-03 5.653386946417368e-03 5.653884263715929e-03 5.654381581014490e-03 5.654878898313051e-03 5.655376215611612e-03 5.655873532910173e-03 5.656370850208734e-03 5.656868167507295e-03 5.657365484805856e-03 5.657862802104417e-03 5.658360119402979e-03 5.658857436701540e-03 5.659354754000101e-03 5.659852071298662e-03 5.660349388597223e-03 5.660846705895784e-03 5.661344023194345e-03 5.661841340492906e-03 5.662338657791467e-03 5.662835975090028e-03 5.663333292388589e-03 5.663830609687150e-03 5.664327926985712e-03 5.664825244284273e-03 5.665322561582834e-03 5.665819878881396e-03 5.666317196179957e-03 5.666814513478518e-03 5.667311830777079e-03 5.667809148075640e-03 5.668306465374201e-03 5.668803782672762e-03 5.669301099971323e-03 5.669798417269884e-03 5.670295734568445e-03 5.670793051867006e-03 5.671290369165567e-03 5.671787686464129e-03 5.672285003762690e-03 5.672782321061251e-03</slantRangeTime>
        <elevationAngle count="676">2.754328e+01 2.755219e+01 2.756110e+01 2.757001e+01 2.757891e+01 2.758781e+01 2.759671e+01 2.760560e+01 2.761448e+01 2.762336e+01 2.763224e+01 2.764111e+01 2.764998e+01 2.765884e+01 2.766770e+01 2.767655e+01 2.768540e+01 2.769425e+01 2.770309e+01 2.771193e+01 2.772076e+01 2.772959e+01 2.773841e+01 2.774723e+01 2.775605e+01 2.776486e+01 2.777366e+01 2.778247e+01 2.779126e+01 2.780006e+01 2.780885e+01 2.781763e+01 2.782641e+01 2.783519e+01 2.784396e+01 2.785273e+01 2.786149e+01 2.787025e+01 2.787901e+01 2.788776e+01 2.789650e+01 2.790525e+01 2.791398e+01 2.792272e+01 2.793145e+01 2.794017e+01 2.794889e+01 2.795761e+01 2.796632e+01 2.797503e+01 2.798373e+01 2.799243e+01 2.800113e+01 2.800982e+01 2.801851e+01 2.802719e+01 2.803587e+01 2.804454e+01 2.805322e+01 2.806188e+01 2.807054e+01 2.807920e+01 2.808785e+01 2.809650e+01 2.810515e+01 2.811379e+01 2.812243e+01 2.813106e+01 2.813969e+01 2.814832e+01 2.815693e+01 2.816555e+01 2.817416e+01 2.818277e+01 2.819138e+01 2.819998e+01 2.820857e+01 2.821716e+01 2.822575e+01 2.823433e+01 2.824291e+01 2.825149e+01 2.826006e+01 2.826863e+01 2.827719e+01 2.828575e+01 2.829430e+01 2.830285e+01 2.831140e+01 2.831994e+01 2.832848e+01 2.833702e+01 2.834555e+01 2.835407e+01 2.836260e+01 2.837112e+01 2.837963e+01 2.838814e+01 2.839665e+01 2.840515e+01 2.841365e+01 2.842214e+01 2.843063e+01 2.843912e+01 2.844760e+01 2.845608e+01 2.846455e+01 2.847302e+01 2.848149e+01 2.848995e+01 2.849841e+01 2.850686e+01 2.851532e+01 2.852376e+01 2.853221e+01 2.854064e+01 2.854908e+01 2.855751e+01 2.856594e+01 2.857436e+01 2.858278e+01 2.859119e+01 2.859960e+01 2.860801e+01 2.861641e+01 2.862481e+01 2.863321e+01 2.864160e+01 2.864999e+01 2.865837e+01 2.866675e+01 2.867513e+01 2.868350e+01 2.869187e+01 2.870023e+01 2.870859e+01 2.871695e+01 2.872530e+01 2.873365e+01 2.874199e+01 2.875033e+01 2.875867e+01 2.876700e+01 2.877533e+01 2.878366e+01 2.879198e+01 2.880030e+01 2.880861e+01 2.881692e+01 2.882523e+01 2.883353e+01 2.884183e+01 2.885012e+01 2.885842e+01 2.886670e+01 2.887499e+01 2.888326e+01 2.889154e+01 2.889981e+01 2.890808e+01 2.891635e+01 2.892461e+01 2.893286e+01 2.894112e+01 2.894937e+01 2.895761e+01 2.896585e+01 2.897409e+01 2.898232e+01 2.899056e+01 2.899878e+01 2.900701e+01 2.901522e+01 2.902344e+01 2.903165e+01 2.903986e+01 2.904807e+01 2.905626e+01 2.906446e+01 2.907265e+01 2.908084e+01 2.908903e+01 2.909721e+01 2.910539e+01 2.911357e+01 2.912174e+01 2.912990e+01 2.913807e+01 2.914623e+01 2.915438e+01 2.916253e+01 2.917068e+01 2.917883e+01 2.918697e+01 2.919511e+01 2.920324e+01 2.921137e+01 2.921950e+01 2.922762e+01 2.923574e+01 2.924386e+01 2.925197e+01 2.926008e+01 2.926818e+01 2.927629e+01 2.928438e+01 2.929248e+01 2.930057e+01 2.930865e+01 2.931674e+01 2.932482e+01 2.933289e+01 2.934096e+01 2.934903e+01 2.935710e+01 2.936516e+01 2.937322e+01 2.938127e+01 2.938932e+01 2.939737e+01 2.940541e+01 2.941345e+01 2.942149e+01 2.942952e+01 2.943755e+01 2.944558e+01 2.945360e+01 2.946162e+01 2.946963e+01 2.947764e+01 2.948565e+01 2.949365e+01 2.950166e+01 2.950965e+01 2.951765e+01 2.952564e+01 2.953362e+01 2.954161e+01 2.954959e+01 2.955756e+01 2.956553e+01 2.957350e+01 2.958147e+01 2.958943e+01 2.959739e+01 2.960534e+01 2.961329e+01 2.962124e+01 2.962919e+01 2.963713e+01 2.964507e+01 2.965300e+01 2.966093e+01 2.966886e+01 2.967678e+01 2.968470e+01 2.969262e+01 2.970053e+01 2.970844e+01 2.971635e+01 2.972425e+01 2.973215e+01 2.974005e+01 2.974794e+01 2.975583e+01 2.976371e+01 2.977160e+01 2.977947e+01 2.978735e+01 2.979522e+01 2.980309e+01 2.981095e+01 2.981882e+01 2.982667e+01 2.983453e+01 2.984238e+01 2.985023e+01 2.985807e+01 2.986591e+01 2.987375e+01 2.988158e+01 2.988942e+01 2.989724e+01 2.990507e+01 2.991289e+01 2.992071e+01 2.992852e+01 2.993633e+01 2.994414e+01 2.995194e+01 2.995974e+01 2.996754e+01 2.997533e+01 2.998312e+01 2.999091e+01 2.999869e+01 3.000647e+01 3.001425e+01 3.002202e+01 3.002979e+01 3.003756e+01 3.004533e+01 3.005309e+01 3.006084e+01 3.006860e+01 3.007635e+01 3.008409e+01 3.009184e+01 3.009958e+01 3.010732e+01 3.011505e+01 3.012278e+01 3.013051e+01 3.013823e+01 3.014595e+01 3.015367e+01 3.016138e+01 3.016909e+01 3.017680e+01 3.018451e+01 3.019221e+01 3.019990e+01 3.020760e+01 3.021529e+01 3.022298e+01 3.023066e+01 3.023834e+01 3.024602e+01 3.025369e+01 3.026137e+01 3.026903e+01 3.027670e+01 3.028436e+01 3.029202e+01 3.029967e+01 3.030733e+01 3.031498e+01 3.032262e+01 3.033026e+01 3.033790e+01 3.034554e+01 3.035317e+01 3.036080e+01 3.036843e+01 3.037605e+01 3.038367e+01 3.039128e+01 3.039890e+01 3.040651e+01 3.041412e+01 3.042172e+01 3.042932e+01 3.043692e+01 3.044451e+01 3.045210e+01 3.045969e+01 3.046728e+01 3.047486e+01 3.048244e+01 3.049001e+01 3.049758e+01 3.050515e+01 3.051272e+01 3.052028e+01 3.052784e+01 3.053539e+01 3.054295e+01 3.055050e+01 3.055804e+01 3.056559e+01 3.057313e+01 3.058067e+01 3.058820e+01 3.059573e+01 3.060326e+01 3.061078e+01 3.061831e+01 3.062582e+01 3.063334e+01 3.064085e+01 3.064836e+01 3.065586e+01 3.066337e+01 3.067087e+01 3.067836e+01 3.068586e+01 3.069335e+01 3.070084e+01 3.070832e+01 3.071580e+01 3.072328e+01 3.073075e+01 3.073823e+01 3.074570e+01 3.075316e+01 3.076062e+01 3.076808e+01 3.077554e+01 3.078299e+01 3.079044e+01 3.079789e+01 3.080533e+01 3.081278e+01 3.082021e+01 3.082765e+01 3.083508e+01 3.084251e+01 3.084994e+01 3.085736e+01 3.086478e+01 3.087219e+01 3.087961e+01 3.088702e+01 3.089443e+01 3.090183e+01 3.090923e+01 3.091663e+01 3.092403e+01 3.093142e+01 3.093881e+01 3.094620e+01 3.095358e+01 3.096096e+01 3.096834e+01 3.097571e+01 3.098308e+01 3.099045e+01 3.099782e+01 3.100518e+01 3.101254e+01 3.101990e+01 3.102725e+01 3.103460e+01 3.104195e+01 3.104929e+01 3.105663e+01 3.106397e+01 3.107131e+01 3.107864e+01 3.108597e+01 3.109329e+01 3.110062e+01 3.110794e+01 3.111526e+01 3.112257e+01 3.112988e+01 3.113719e+01 3.114450e+01 3.115180e+01 3.115910e+01 3.116640e+01 3.117369e+01 3.118098e+01 3.118827e+01 3.119556e+01 3.120284e+01 3.121012e+01 3.121740e+01 3.122467e+01 3.123194e+01 3.123921e+01 3.124647e+01 3.125373e+01 3.126099e+01 3.126825e+01 3.127550e+01 3.128275e+01 3.129000e+01 3.129725e+01 3.130449e+01 3.131173e+01 3.131896e+01 3.132619e+01 3.133342e+01 3.134065e+01 3.134788e+01 3.135510e+01 3.136231e+01 3.136953e+01 3.137674e+01 3.138395e+01 3.139116e+01 3.139836e+01 3.140557e+01 3.141276e+01 3.141996e+01 3.142715e+01 3.143434e+01 3.144153e+01 3.144871e+01 3.145589e+01 3.146307e+01 3.147025e+01 3.147742e+01 3.148459e+01 3.149176e+01 3.149892e+01 3.150608e+01 3.151324e+01 3.152040e+01 3.152755e+01 3.153470e+01 3.154185e+01 3.154899e+01 3.155613e+01 3.156327e+01 3.157041e+01 3.157754e+01 3.158467e+01 3.159180e+01 3.159892e+01 3.160604e+01 3.161316e+01 3.162028e+01 3.162739e+01 3.163450e+01 3.164161e+01 3.164871e+01 3.165582e+01 3.166292e+01 3.167001e+01 3.167711e+01 3.168420e+01 3.169129e+01 3.169837e+01 3.170545e+01 3.171253e+01 3.171961e+01 3.172668e+01 3.173376e+01 3.174083e+01 3.174789e+01 3.175496e+01 3.176202e+01 3.176907e+01 3.177613e+01 3.178318e+01 3.179023e+01 3.179728e+01 3.180432e+01 3.181136e+01 3.181840e+01 3.182544e+01 3.183247e+01 3.183950e+01 3.184653e+01 3.185355e+01 3.186057e+01 3.186759e+01 3.187461e+01 3.188163e+01 3.188864e+01 3.189565e+01 3.190265e+01 3.190965e+01 3.191665e+01 3.192365e+01 3.193065e+01 3.193764e+01 3.194463e+01 3.195162e+01 3.195860e+01 3.196558e+01 3.197256e+01 3.197954e+01 3.198651e+01 3.199348e+01 3.200045e+01 3.200741e+01 3.201438e+01 3.202134e+01 3.202829e+01 3.203525e+01 3.204220e+01 3.204915e+01 3.205610e+01 3.206304e+01 3.206998e+01 3.207692e+01 3.208385e+01 3.209079e+01 3.209772e+01 3.210464e+01 3.211157e+01 3.211850e+01 3.212542e+01 3.213233e+01 3.213924e+01 3.214616e+01 3.215307e+01 3.215997e+01 3.216688e+01 3.217378e+01 3.218068e+01 3.218757e+01 3.219447e+01 3.220136e+01 3.220825e+01 3.221513e+01 3.222202e+01 3.222890e+01 3.223577e+01 3.224265e+01 3.224952e+01 3.225639e+01 3.226326e+01 3.227012e+01 3.227699e+01 3.228384e+01 3.229070e+01 3.229755e+01 3.230441e+01 3.231126e+01 3.231810e+01 3.232495e+01 3.233179e+01 3.233863e+01 3.234546e+01 3.235229e+01 3.235913e+01 3.236596e+01 3.237278e+01 3.237960e+01 3.238643e+01 3.239324e+01 3.240006e+01 3.240687e+01 3.241368e+01 3.242049e+01 3.242729e+01 3.243410e+01 3.244090e+01 3.244769e+01 3.245449e+01 3.246128e+01 3.246807e+01 3.247486e+01 3.248164e+01 3.248842e+01 3.249520e+01 3.250198e+01 3.250875e+01 3.251553e+01 3.252230e+01 3.252906e+01 3.253583e+01 3.254259e+01 3.254935e+01 3.255611e+01 3.256286e+01 3.256961e+01 3.257636e+01 3.258311e+01 3.258985e+01 3.259659e+01 3.260333e+01 3.261007e+01 3.261680e+01 3.262353e+01 3.263026e+01 3.263699e+01 3.264371e+01 3.265043e+01 3.265715e+01 3.266387e+01 3.267058e+01 3.267729e+01 3.268400e+01 3.269071e+01 3.269741e+01 3.270411e+01 3.271081e+01 3.271751e+01 3.272421e+01 3.273090e+01 3.273758e+01</elevationAngle>
        <elevationPattern count="676">1.298214e+14 -1.473379e+14 1.298928e+14 -1.484613e+14 1.299641e+14 -1.495842e+14 1.300353e+14 -1.507065e+14 1.301065e+14 -1.518282e+14 1.301778e+14 -1.529495e+14 1.302000e+14 -1.540701e+14 1.302000e+14 -1.551902e+14 1.302000e+14 -1.563097e+14 1.302000e+14 -1.574286e+14 1.302000e+14 -1.585470e+14 1.301969e+14 -1.596650e+14 1.301437e+14 -1.607822e+14 1.300905e+14 -1.618990e+14 1.300374e+14 -1.630152e+14 1.299843e+14 -1.641308e+14 1.299311e+14 -1.652459e+14 1.298488e+14 -1.663605e+14 1.297250e+14 -1.674745e+14 1.296013e+14 -1.685879e+14 1.294777e+14 -1.697008e+14 1.293541e+14 -1.708132e+14 1.292306e+14 -1.719250e+14 1.290672e+14 -1.730495e+14 1.288910e+14 -1.741779e+14 1.287148e+14 -1.753057e+14 1.285386e+14 -1.764329e+14 1.283626e+14 -1.775596e+14 1.281826e+14 -1.786844e+14 1.279539e+14 -1.797923e+14 1.277254e+14 -1.808998e+14 1.274970e+14 -1.820067e+14 1.272687e+14 -1.831130e+14 1.270405e+14 -1.842189e+14 1.267788e+14 -1.853242e+14 1.264632e+14 -1.864289e+14 1.261477e+14 -1.875332e+14 1.258323e+14 -1.886368e+14 1.255172e+14 -1.897399e+14 1.252022e+14 -1.908425e+14 1.248518e+14 -1.919446e+14 1.244847e+14 -1.930460e+14 1.241176e+14 -1.941470e+14 1.237509e+14 -1.952475e+14 1.233842e+14 -1.963473e+14 1.230177e+14 -1.974467e+14 1.226017e+14 -1.985290e+14 1.221833e+14 -1.996099e+14 1.217651e+14 -2.006903e+14 1.213471e+14 -2.017700e+14 1.209293e+14 -2.028493e+14 1.204933e+14 -2.039244e+14 1.199890e+14 -2.049853e+14 1.194849e+14 -2.060457e+14 1.189810e+14 -2.071054e+14 1.184774e+14 -2.081648e+14 1.179740e+14 -2.092236e+14 1.174472e+14 -2.102819e+14 1.168923e+14 -2.113397e+14 1.163377e+14 -2.123970e+14 1.157833e+14 -2.134538e+14 1.152292e+14 -2.145100e+14 1.146753e+14 -2.155658e+14 1.140745e+14 -2.166092e+14 1.134520e+14 -2.176466e+14 1.128298e+14 -2.186835e+14 1.122080e+14 -2.197200e+14 1.115864e+14 -2.207559e+14 1.109651e+14 -2.217914e+14 1.102978e+14 -2.228110e+14 1.096255e+14 -2.238282e+14 1.089534e+14 -2.248449e+14 1.082816e+14 -2.258612e+14 1.076102e+14 -2.268769e+14 1.069328e+14 -2.278922e+14 1.061932e+14 -2.289070e+14 1.054540e+14 -2.299213e+14 1.047151e+14 -2.309351e+14 1.039766e+14 -2.319484e+14 1.032384e+14 -2.329613e+14 1.024843e+14 -2.339644e+14 1.016868e+14 -2.349420e+14 1.008897e+14 -2.359191e+14 1.000930e+14 -2.368957e+14 9.929662e+13 -2.378719e+14 9.850065e+13 -2.388476e+14 9.767610e+13 -2.398081e+14 9.681417e+13 -2.407486e+14 9.595265e+13 -2.416887e+14 9.509156e+13 -2.426285e+14 9.423085e+13 -2.435677e+14 9.337057e+13 -2.445065e+14 9.247403e+13 -2.454349e+14 9.155146e+13 -2.463558e+14 9.062933e+13 -2.472762e+14 8.970766e+13 -2.481963e+14 8.878637e+13 -2.491158e+14 8.786557e+13 -2.500349e+14 8.690038e+13 -2.509294e+14 8.591752e+13 -2.518137e+14 8.493511e+13 -2.526974e+14 8.395319e+13 -2.535809e+14 8.297170e+13 -2.544639e+14 8.199068e+13 -2.553465e+14 8.096248e+13 -2.562006e+14 7.992474e+13 -2.570484e+14 7.888747e+13 -2.578958e+14 7.785071e+13 -2.587429e+14 7.681445e+13 -2.595896e+14 7.577862e+13 -2.604357e+14 7.468704e+13 -2.612659e+14 7.359135e+13 -2.620945e+14 7.249619e+13 -2.629226e+14 7.140152e+13 -2.637504e+14 7.030736e+13 -2.645777e+14 6.921340e+13 -2.654045e+14 6.806291e+13 -2.661804e+14 6.691296e+13 -2.669560e+14 6.576358e+13 -2.677314e+14 6.461471e+13 -2.685062e+14 6.346638e+13 -2.692808e+14 6.231463e+13 -2.700525e+14 6.111187e+13 -2.707927e+14 5.990967e+13 -2.715326e+14 5.870800e+13 -2.722720e+14 5.750692e+13 -2.730112e+14 5.630638e+13 -2.737499e+14 5.509979e+13 -2.744824e+14 5.384503e+13 -2.751702e+14 5.259085e+13 -2.758576e+14 5.133723e+13 -2.765447e+14 5.008422e+13 -2.772315e+14 4.883178e+13 -2.779180e+14 4.757231e+13 -2.785991e+14 4.627084e+13 -2.792515e+14 4.496999e+13 -2.799036e+14 4.366973e+13 -2.805554e+14 4.237007e+13 -2.812069e+14 4.107104e+13 -2.818581e+14 3.976420e+13 -2.825006e+14 3.841632e+13 -2.831012e+14 3.706904e+13 -2.837013e+14 3.572240e+13 -2.843014e+14 3.437638e+13 -2.849011e+14 3.303098e+13 -2.855005e+14 3.167789e+13 -2.860914e+14 3.028383e+13 -2.866403e+14 2.889040e+13 -2.871891e+14 2.749762e+13 -2.877376e+14 2.610547e+13 -2.882857e+14 2.471398e+13 -2.888337e+14 2.331672e+13 -2.893766e+14 2.188336e+13 -2.898908e+14 2.045067e+13 -2.904048e+14 1.901863e+13 -2.909186e+14 1.758726e+13 -2.914322e+14 1.615654e+13 -2.919456e+14 1.472148e+13 -2.924530e+14 1.324840e+13 -2.929163e+14 1.177599e+13 -2.933793e+14 1.030426e+13 -2.938421e+14 8.833201e+12 -2.943047e+14 7.362814e+12 -2.947671e+14 5.890451e+12 -2.952250e+14 4.379503e+12 -2.956210e+14 2.869248e+12 -2.960168e+14 1.359681e+12 -2.964124e+14 -1.491960e+11 -2.968079e+14 -1.657384e+12 -2.972030e+14 -3.164885e+12 -2.975982e+14 -4.707724e+12 -2.979602e+14 -6.250031e+12 -2.983221e+14 -7.791635e+12 -2.986837e+14 -9.332536e+12 -2.990451e+14 -1.087274e+13 -2.994066e+14 -1.241224e+13 -2.997677e+14 -1.398421e+13 -3.000689e+14 -1.555872e+13 -3.003641e+14 -1.713251e+13 -3.006592e+14 -1.870560e+13 -3.009542e+14 -2.027796e+13 -3.012489e+14 -2.184962e+13 -3.015436e+14 -2.344703e+13 -3.017986e+14 -2.504998e+13 -3.020438e+14 -2.665220e+13 -3.022890e+14 -2.825369e+13 -3.025342e+14 -2.985445e+13 -3.027792e+14 -3.145450e+13 -3.030242e+14 -3.307297e+13 -3.032239e+14 -3.469930e+13 -3.034034e+14 -3.632490e+13 -3.035827e+14 -3.794975e+13 -3.037620e+14 -3.957390e+13 -3.039412e+14 -4.119728e+13 -3.041203e+14 -4.283529e+13 -3.042812e+14 -4.448486e+13 -3.044276e+14 -4.613371e+13 -3.045739e+14 -4.778183e+13 -3.047204e+14 -4.942917e+13 -3.048664e+14 -5.107578e+13 -3.050125e+14 -5.273212e+13 -3.051326e+14 -5.440324e+13 -3.052139e+14 -5.607357e+13 -3.052948e+14 -5.774318e+13 -3.053759e+14 -5.941203e+13 -3.054569e+14 -6.108011e+13 -3.055378e+14 -6.275198e+13 -3.056037e+14 -6.443802e+13 -3.056200e+14 -6.612329e+13 -3.056361e+14 -6.780780e+13 -3.056523e+14 -6.949156e+13 -3.056685e+14 -7.117457e+13 -3.056846e+14 -7.285771e+13 -3.056985e+14 -7.455857e+13 -3.056662e+14 -7.625870e+13 -3.056340e+14 -7.795804e+13 -3.056018e+14 -7.965664e+13 -3.055695e+14 -8.135447e+13 -3.055373e+14 -8.305153e+13 -3.055051e+14 -8.476144e+13 -3.054323e+14 -8.647308e+13 -3.053518e+14 -8.818394e+13 -3.052714e+14 -8.989408e+13 -3.051910e+14 -9.160347e+13 -3.051107e+14 -9.331207e+13 -3.050304e+14 -9.502989e+13 -3.049103e+14 -9.675301e+13 -3.047658e+14 -9.847542e+13 -3.046217e+14 -1.001970e+14 -3.044774e+14 -1.019179e+14 -3.043332e+14 -1.036379e+14 -3.041889e+14 -1.053609e+14 -3.040265e+14 -1.070891e+14 -3.038345e+14 -1.088165e+14 -3.036426e+14 -1.105431e+14 -3.034507e+14 -1.122690e+14 -3.032590e+14 -1.139941e+14 -3.030673e+14 -1.157184e+14 -3.028696e+14 -1.174420e+14 -3.026302e+14 -1.191648e+14 -3.023909e+14 -1.208869e+14 -3.021518e+14 -1.226082e+14 -3.019127e+14 -1.243287e+14 -3.016738e+14 -1.260485e+14 -3.014349e+14 -1.277676e+14 -3.011419e+14 -1.294858e+14 -3.008395e+14 -1.312033e+14 -3.005373e+14 -1.329201e+14 -3.002354e+14 -1.346361e+14 -2.999335e+14 -1.363513e+14 -2.996317e+14 -1.380748e+14 -2.992943e+14 -1.398044e+14 -2.989293e+14 -1.415333e+14 -2.985646e+14 -1.432614e+14 -2.982000e+14 -1.449887e+14 -2.978354e+14 -1.467152e+14 -2.974710e+14 -1.484411e+14 -2.970989e+14 -1.501662e+14 -2.967032e+14 -1.518905e+14 -2.963077e+14 -1.536140e+14 -2.959124e+14 -1.553369e+14 -2.955172e+14 -1.570589e+14 -2.951223e+14 -1.587802e+14 -2.947274e+14 -1.605007e+14 -2.942741e+14 -1.622206e+14 -2.938166e+14 -1.639396e+14 -2.933592e+14 -1.656579e+14 -2.929021e+14 -1.673754e+14 -2.924450e+14 -1.690922e+14 -2.919883e+14 -1.707991e+14 -2.915040e+14 -1.724987e+14 -2.910004e+14 -1.741975e+14 -2.904971e+14 -1.758956e+14 -2.899939e+14 -1.775929e+14 -2.894910e+14 -1.792896e+14 -2.889884e+14 -1.809854e+14 -2.884716e+14 -1.826806e+14 -2.879065e+14 -1.843750e+14 -2.873417e+14 -1.860686e+14 -2.867771e+14 -1.877616e+14 -2.862128e+14 -1.894538e+14 -2.856487e+14 -1.911453e+14 -2.850849e+14 -1.928227e+14 -2.844947e+14 -1.944971e+14 -2.839001e+14 -1.961707e+14 -2.833057e+14 -1.978436e+14 -2.827116e+14 -1.995158e+14 -2.821178e+14 -2.011873e+14 -2.815241e+14 -2.028510e+14 -2.809025e+14 -2.045054e+14 -2.802470e+14 -2.061591e+14 -2.795917e+14 -2.078121e+14 -2.789367e+14 -2.094644e+14 -2.782821e+14 -2.111159e+14 -2.776276e+14 -2.127662e+14 -2.769723e+14 -2.144007e+14 -2.762873e+14 -2.160346e+14 -2.756026e+14 -2.176678e+14 -2.749183e+14 -2.193003e+14 -2.742342e+14 -2.209320e+14 -2.735503e+14 -2.225631e+14 -2.728669e+14 -2.243826e+14 -2.719471e+14 -2.263228e+14 -2.708762e+14 -2.282620e+14 -2.698058e+14 -2.302004e+14 -2.687357e+14 -2.321380e+14 -2.676662e+14 -2.340748e+14 -2.665972e+14 -2.358989e+14 -2.656826e+14 -2.371374e+14 -2.655743e+14 -2.383753e+14 -2.654659e+14 -2.396127e+14 -2.653576e+14 -2.408496e+14 -2.652495e+14 -2.420859e+14 -2.651412e+14 -2.433217e+14 -2.650331e+14 -2.447820e+14 -2.644216e+14 -2.463409e+14 -2.635881e+14 -2.478991e+14 -2.627550e+14 -2.494567e+14 -2.619222e+14 -2.510136e+14 -2.610898e+14 -2.525697e+14 -2.602577e+14 -2.541221e+14 -2.594196e+14 -2.556616e+14 -2.585574e+14 -2.572006e+14 -2.576958e+14 -2.587387e+14 -2.568343e+14 -2.602762e+14 -2.559733e+14 -2.618132e+14 -2.551126e+14 -2.633494e+14 -2.542523e+14 -2.648633e+14 -2.533598e+14 -2.663676e+14 -2.524542e+14 -2.678712e+14 -2.515490e+14 -2.693741e+14 -2.506441e+14 -2.708764e+14 -2.497396e+14 -2.723782e+14 -2.488355e+14 -2.738735e+14 -2.479261e+14 -2.753433e+14 -2.469922e+14 -2.768126e+14 -2.460587e+14 -2.782811e+14 -2.451256e+14 -2.797491e+14 -2.441928e+14 -2.812163e+14 -2.432604e+14 -2.826830e+14 -2.423284e+14 -2.841294e+14 -2.413574e+14 -2.855643e+14 -2.403651e+14 -2.869986e+14 -2.393733e+14 -2.884324e+14 -2.383819e+14 -2.898655e+14 -2.373909e+14 -2.912980e+14 -2.364004e+14 -2.927257e+14 -2.354087e+14 -2.941114e+14 -2.344038e+14 -2.954964e+14 -2.333993e+14 -2.968809e+14 -2.323951e+14 -2.982647e+14 -2.313914e+14 -2.996481e+14 -2.303882e+14 -3.010309e+14 -2.293854e+14 -3.023974e+14 -2.283595e+14 -3.037484e+14 -2.273118e+14 -3.050991e+14 -2.262647e+14 -3.064492e+14 -2.252181e+14 -3.077985e+14 -2.241717e+14 -3.091477e+14 -2.231261e+14 -3.104960e+14 -2.220807e+14 -3.118018e+14 -2.210077e+14 -3.131036e+14 -2.199330e+14 -3.144050e+14 -2.188587e+14 -3.157056e+14 -2.177848e+14 -3.170059e+14 -2.167114e+14 -3.183056e+14 -2.156384e+14 -3.195952e+14 -2.145518e+14 -3.208637e+14 -2.134344e+14 -3.221315e+14 -2.123175e+14 -3.233989e+14 -2.112011e+14 -3.246655e+14 -2.100851e+14 -3.259318e+14 -2.089696e+14 -3.271975e+14 -2.078545e+14 -3.284217e+14 -2.067297e+14 -3.296262e+14 -2.056005e+14 -3.308300e+14 -2.044718e+14 -3.320335e+14 -2.033436e+14 -3.332364e+14 -2.022158e+14 -3.344389e+14 -2.010885e+14 -3.356389e+14 -1.999602e+14 -3.367802e+14 -1.987887e+14 -3.379211e+14 -1.976178e+14 -3.390616e+14 -1.964474e+14 -3.402015e+14 -1.952774e+14 -3.413409e+14 -1.941079e+14 -3.424801e+14 -1.929390e+14 -3.436021e+14 -1.917649e+14 -3.446952e+14 -1.905819e+14 -3.457878e+14 -1.893994e+14 -3.468801e+14 -1.882174e+14 -3.479719e+14 -1.870359e+14 -3.490632e+14 -1.858548e+14 -3.501541e+14 -1.846743e+14 -3.512037e+14 -1.834737e+14 -3.522341e+14 -1.822643e+14 -3.532639e+14 -1.810554e+14 -3.542933e+14 -1.798469e+14 -3.553223e+14 -1.786390e+14 -3.563509e+14 -1.774316e+14 -3.573790e+14 -1.762246e+14 -3.583484e+14 -1.749890e+14 -3.593162e+14 -1.737532e+14 -3.602836e+14 -1.725180e+14 -3.612504e+14 -1.712833e+14 -3.622169e+14 -1.700490e+14 -3.631831e+14 -1.688153e+14 -3.641335e+14 -1.675783e+14 -3.650396e+14 -1.663308e+14 -3.659451e+14 -1.650837e+14 -3.668504e+14 -1.638372e+14 -3.677553e+14 -1.625912e+14 -3.686596e+14 -1.613457e+14 -3.695637e+14 -1.601007e+14 -3.704292e+14 -1.588486e+14 -3.712585e+14 -1.575898e+14 -3.720875e+14 -1.563316e+14 -3.729160e+14 -1.550737e+14 -3.737444e+14 -1.538165e+14 -3.745724e+14 -1.525598e+14 -3.754000e+14 -1.513036e+14 -3.761713e+14 -1.500367e+14 -3.769243e+14 -1.487667e+14 -3.776772e+14 -1.474973e+14 -3.784296e+14 -1.462284e+14 -3.791819e+14 -1.449600e+14 -3.799337e+14 -1.436921e+14 -3.806854e+14 -1.424248e+14 -3.813787e+14 -1.411579e+14 -3.820709e+14 -1.398916e+14 -3.827627e+14 -1.386257e+14 -3.834543e+14 -1.373605e+14 -3.841453e+14 -1.360956e+14 -3.848363e+14 -1.348314e+14 -3.855136e+14 -1.335622e+14 -3.861305e+14 -1.322696e+14 -3.867472e+14 -1.309775e+14 -3.873635e+14 -1.296859e+14 -3.879798e+14 -1.283949e+14 -3.885957e+14 -1.271043e+14 -3.892114e+14 -1.258143e+14 -3.897944e+14 -1.245248e+14 -3.903218e+14 -1.232359e+14 -3.908489e+14 -1.219474e+14 -3.913756e+14 -1.206595e+14 -3.919024e+14 -1.193721e+14 -3.924288e+14 -1.180852e+14 -3.929549e+14 -1.167988e+14 -3.934342e+14 -1.155208e+14 -3.938724e+14 -1.142501e+14 -3.943104e+14 -1.129799e+14 -3.947482e+14 -1.117102e+14 -3.951859e+14 -1.104410e+14 -3.956233e+14 -1.091724e+14 -3.960606e+14 -1.079042e+14 -3.964482e+14 -1.066257e+14 -3.968123e+14 -1.053425e+14 -3.971761e+14 -1.040598e+14 -3.975401e+14 -1.027777e+14 -3.979038e+14 -1.014961e+14 -3.982672e+14 -1.002150e+14 -3.986305e+14 -9.893440e+13 -3.989352e+14 -9.766262e+13 -3.992256e+14 -9.639322e+13 -3.995159e+14 -9.512435e+13 -3.998061e+14 -9.385596e+13 -4.000963e+14 -9.258813e+13 -4.003864e+14 -9.132079e+13 -4.006763e+14 -9.005396e+13 -4.008729e+14 -8.879691e+13 -4.010612e+14 -8.754122e+13 -4.012494e+14 -8.628605e+13 -4.014375e+14 -8.503136e+13 -4.016255e+14 -8.377716e+13 -4.018136e+14 -8.252349e+13 -4.020008e+14 -8.127039e+13 -4.021164e+14 -8.003073e+13 -4.022320e+14 -7.879157e+13 -4.023475e+14 -7.755288e+13 -4.024630e+14 -7.631468e+13 -4.025783e+14 -7.507698e+13 -4.026937e+14 -7.383979e+13 -4.028011e+14 -7.260432e+13 -4.028155e+14 -7.138394e+13 -4.028300e+14 -7.016407e+13 -4.028443e+14 -6.894467e+13 -4.028587e+14 -6.772576e+13 -4.028730e+14 -6.650733e+13 -4.028875e+14 -6.528940e+13 -4.028906e+14 -6.407473e+13 -4.028189e+14 -6.287932e+13 -4.027471e+14 -6.168437e+13 -4.026752e+14 -6.048989e+13 -4.026035e+14 -5.929589e+13 -4.025318e+14 -5.810238e+13 -4.024601e+14 -5.690933e+13 -4.023768e+14 -5.572023e+13 -4.022334e+14 -5.454960e+13 -4.020903e+14 -5.337945e+13 -4.019472e+14 -5.220979e+13 -4.018039e+14 -5.104054e+13 -4.016610e+14 -4.987179e+13 -4.015180e+14 -4.870350e+13 -4.013575e+14 -4.754090e+13 -4.011147e+14 -4.640354e+13 -4.008717e+14 -4.526660e+13 -4.006290e+14 -4.413013e+13 -4.003865e+14 -4.299412e+13 -4.001439e+14 -4.185853e+13 -3.999016e+14 -4.072341e+13 -3.996448e+14 -3.959379e+13 -3.993170e+14 -3.848947e+13 -3.989894e+14 -3.738558e+13 -3.986618e+14 -3.628214e+13 -3.983345e+14 -3.517914e+13 -3.980074e+14 -3.407657e+13 -3.976803e+14 -3.297444e+13 -3.973412e+14 -3.187740e+13 -3.969290e+14 -3.080881e+13 -3.965170e+14 -2.974063e+13 -3.961054e+14 -2.867289e+13 -3.956938e+14 -2.760557e+13 -3.952823e+14 -2.653865e+13 -3.948711e+14 -2.547217e+13 -3.944529e+14 -2.440995e+13 -3.939713e+14 -2.338398e+13 -3.934896e+14 -2.235841e+13 -3.930081e+14 -2.133323e+13 -3.925269e+14 -2.030846e+13 -3.920459e+14 -1.928409e+13 -3.915650e+14 -1.826011e+13 -3.910811e+14 -1.723780e+13 -3.905015e+14 -1.625278e+13 -3.899224e+14 -1.526815e+13 -3.893436e+14 -1.428391e+13 -3.887647e+14 -1.330005e+13 -3.881863e+14 -1.231658e+13 -3.876080e+14 -1.133349e+13 -3.870299e+14 -1.035078e+13 -3.863852e+14 -9.409622e+12 -3.857371e+14 -8.471071e+12 -3.850894e+14 -7.532888e+12 -3.844418e+14 -6.595071e+12 -3.837945e+14 -5.657617e+12 -3.831475e+14 -4.720529e+12 -3.825007e+14 -3.783805e+12 -3.817947e+14 -2.886130e+12 -3.810783e+14 -1.995938e+12 -3.803621e+14 -1.106091e+12 -3.796461e+14 -2.165898e+11 -3.789303e+14 6.725662e+11 -3.782150e+14 1.561377e+12 -3.774998e+14 2.449843e+12 -3.767242e+14 3.304026e+12 -3.759255e+14 4.144723e+12 -3.751272e+14 4.985095e+12 -3.743291e+14 5.825141e+12 -3.735315e+14 6.664862e+12 -3.727341e+14 7.504258e+12 -3.719368e+14 8.343325e+12 -3.711078e+14 9.153996e+12 -3.702555e+14 9.943791e+12 -3.694034e+14 1.073328e+13 -3.685516e+14 1.152246e+13 -3.677003e+14 1.231134e+13 -3.668493e+14 1.309991e+13 -3.659984e+14 1.388818e+13 -3.651192e+14 1.465468e+13 -3.641994e+14 1.539049e+13 -3.632800e+14 1.612603e+13 -3.623609e+14 1.686128e+13 -3.614423e+14 1.759625e+13 -3.605239e+14 1.833094e+13 -3.596058e+14 1.906533e+13 -3.586721e+14 1.978790e+13 -3.576854e+14 2.047171e+13 -3.566990e+14 2.115524e+13 -3.557129e+14 2.183852e+13 -3.547273e+14 2.252153e+13 -3.537421e+14 2.320429e+13 -3.527571e+14 2.388678e+13 -3.517714e+14 2.456753e+13 -3.507457e+14 2.519683e+13 -3.497204e+14 2.582588e+13 -3.486953e+14 2.645468e+13 -3.476710e+14 2.708326e+13 -3.466468e+14 2.771159e+13 -3.456230e+14 2.833967e+13 -3.445996e+14 2.896752e+13 -3.435321e+14 2.955284e+13 -3.424543e+14 3.012770e+13 -3.413769e+14 3.070234e+13 -3.402998e+14 3.127675e+13 -3.392232e+14 3.185095e+13 -3.381471e+14 3.242493e+13 -3.370712e+14 3.299869e+13 -3.359650e+14 3.354280e+13 -3.348347e+14 3.406373e+13 -3.337051e+14 3.458449e+13 -3.325759e+14 3.510504e+13 -3.314471e+14 3.562539e+13 -3.303187e+14 3.614555e+13 -3.291908e+14 3.666552e+13 -3.280509e+14 3.716925e+13 -3.268825e+14 3.763520e+13 -3.257145e+14 3.810097e+13 -3.245473e+14 3.856658e+13 -3.233803e+14 3.903201e+13 -3.222136e+14 3.949724e+13 -3.210475e+14 3.996231e+13 -3.198814e+14 4.042637e+13 -3.186889e+14 4.083763e+13 -3.174967e+14 4.124873e+13 -3.163049e+14 4.165967e+13 -3.151138e+14 4.207046e+13 -3.139229e+14 4.248109e+13 -3.127326e+14 4.289158e+13 -3.115426e+14 4.330189e+13 -3.103141e+14 4.367407e+13 -3.090705e+14 4.403078e+13 -3.078273e+14 4.438736e+13 -3.065844e+14 4.474378e+13 -3.053421e+14 4.510007e+13 -3.041004e+14 4.545626e+13 -3.028591e+14 4.581229e+13 -3.016129e+14 4.614860e+13 -3.003588e+14 4.645392e+13 -2.991053e+14 4.675914e+13 -2.978522e+14 4.706422e+13 -2.965997e+14 4.736924e+13 -2.953474e+14 4.767408e+13 -2.940957e+14 4.797883e+13 -2.928434e+14 4.828126e+13 -2.915655e+14 4.853548e+13 -2.902881e+14 4.878961e+13 -2.890111e+14 4.904364e+13 -2.877347e+14 4.929758e+13 -2.864587e+14 4.955143e+13 -2.851832e+14 4.980517e+13 -2.839081e+14 5.005881e+13 -2.826152e+14 5.027919e+13 -2.813140e+14 5.048386e+13 -2.800134e+14 5.068844e+13 -2.787131e+14 5.089294e+13 -2.774133e+14 5.109736e+13 -2.761142e+14 5.130174e+13 -2.748154e+14 5.150602e+13 -2.735131e+14 5.169626e+13 -2.722019e+14 5.185307e+13 -2.708911e+14 5.200984e+13 -2.695808e+14 5.216653e+13 -2.682710e+14 5.232317e+13 -2.669617e+14 5.247974e+13 -2.656529e+14 5.263627e+13 -2.643445e+14 5.279271e+13 -2.630246e+14 5.290833e+13 -2.617038e+14 5.301888e+13 -2.603834e+14 5.312934e+13 -2.590636e+14 5.323976e+13 -2.577443e+14 5.335018e+13 -2.564254e+14 5.346053e+13 -2.551071e+14 5.357086e+13 -2.537829e+14 5.366116e+13 -2.524521e+14 5.372838e+13 -2.511217e+14 5.379556e+13 -2.497919e+14 5.386274e+13 -2.484626e+14 5.392988e+13 -2.471336e+14 5.399697e+13 -2.458053e+14 5.406407e+13 -2.444774e+14 5.413045e+13 -2.431501e+14 5.415728e+13 -2.418232e+14 5.418407e+13 -2.404968e+14 5.421087e+13 -2.391710e+14 5.423766e+13 -2.378455e+14 5.426442e+13 -2.365206e+14 5.429119e+13 -2.351963e+14 5.431796e+13</elevationPattern>
        <incidenceAngle count="676">3.090677e+01 3.091698e+01 3.092719e+01 3.093739e+01 3.094760e+01 3.095779e+01 3.096799e+01 3.097818e+01 3.098837e+01 3.099855e+01 3.100871e+01 3.101889e+01 3.102905e+01 3.103922e+01 3.104936e+01 3.105952e+01 3.106967e+01 3.107980e+01 3.108994e+01 3.110007e+01 3.111020e+01 3.112032e+01 3.113043e+01 3.114055e+01 3.115067e+01 3.116077e+01 3.117087e+01 3.118095e+01 3.119104e+01 3.120113e+01 3.121121e+01 3.122128e+01 3.123135e+01 3.124142e+01 3.125148e+01 3.126154e+01 3.127159e+01 3.128163e+01 3.129167e+01 3.130171e+01 3.131175e+01 3.132178e+01 3.133180e+01 3.134181e+01 3.135184e+01 3.136185e+01 3.137184e+01 3.138185e+01 3.139185e+01 3.140184e+01 3.141182e+01 3.142180e+01 3.143178e+01 3.144176e+01 3.145172e+01 3.146169e+01 3.147165e+01 3.148160e+01 3.149156e+01 3.150150e+01 3.151144e+01 3.152138e+01 3.153131e+01 3.154124e+01 3.155116e+01 3.156108e+01 3.157100e+01 3.158090e+01 3.159081e+01 3.160071e+01 3.161061e+01 3.162050e+01 3.163039e+01 3.164027e+01 3.165015e+01 3.166002e+01 3.166989e+01 3.167975e+01 3.168962e+01 3.169948e+01 3.170932e+01 3.171916e+01 3.172902e+01 3.173885e+01 3.174869e+01 3.175851e+01 3.176834e+01 3.177815e+01 3.178798e+01 3.179779e+01 3.180759e+01 3.181740e+01 3.182719e+01 3.183699e+01 3.184677e+01 3.185657e+01 3.186635e+01 3.187611e+01 3.188589e+01 3.189566e+01 3.190543e+01 3.191518e+01 3.192494e+01 3.193469e+01 3.194443e+01 3.195418e+01 3.196391e+01 3.197365e+01 3.198338e+01 3.199310e+01 3.200282e+01 3.201254e+01 3.202225e+01 3.203195e+01 3.204166e+01 3.205136e+01 3.206105e+01 3.207074e+01 3.208043e+01 3.209010e+01 3.209978e+01 3.210945e+01 3.211913e+01 3.212878e+01 3.213844e+01 3.214810e+01 3.215776e+01 3.216740e+01 3.217705e+01 3.218669e+01 3.219632e+01 3.220595e+01 3.221558e+01 3.222520e+01 3.223482e+01 3.224443e+01 3.225404e+01 3.226364e+01 3.227324e+01 3.228284e+01 3.229243e+01 3.230202e+01 3.231161e+01 3.232118e+01 3.233076e+01 3.234033e+01 3.234990e+01 3.235947e+01 3.236902e+01 3.237859e+01 3.238814e+01 3.239767e+01 3.240723e+01 3.241676e+01 3.242628e+01 3.243582e+01 3.244534e+01 3.245486e+01 3.246439e+01 3.247391e+01 3.248341e+01 3.249292e+01 3.250241e+01 3.251192e+01 3.252141e+01 3.253090e+01 3.254037e+01 3.254987e+01 3.255934e+01 3.256882e+01 3.257828e+01 3.258774e+01 3.259720e+01 3.260666e+01 3.261612e+01 3.262556e+01 3.263501e+01 3.264444e+01 3.265388e+01 3.266331e+01 3.267274e+01 3.268216e+01 3.269159e+01 3.270100e+01 3.271042e+01 3.271982e+01 3.272923e+01 3.273863e+01 3.274802e+01 3.275742e+01 3.276680e+01 3.277618e+01 3.278557e+01 3.279494e+01 3.280431e+01 3.281367e+01 3.282304e+01 3.283240e+01 3.284177e+01 3.285112e+01 3.286046e+01 3.286981e+01 3.287915e+01 3.288849e+01 3.289781e+01 3.290714e+01 3.291647e+01 3.292578e+01 3.293510e+01 3.294441e+01 3.295372e+01 3.296303e+01 3.297234e+01 3.298163e+01 3.299092e+01 3.300021e+01 3.300949e+01 3.301877e+01 3.302805e+01 3.303732e+01 3.304660e+01 3.305586e+01 3.306512e+01 3.307439e+01 3.308363e+01 3.309288e+01 3.310213e+01 3.311137e+01 3.312062e+01 3.312985e+01 3.313908e+01 3.314830e+01 3.315753e+01 3.316675e+01 3.317596e+01 3.318518e+01 3.319438e+01 3.320358e+01 3.321278e+01 3.322198e+01 3.323117e+01 3.324037e+01 3.324956e+01 3.325873e+01 3.326791e+01 3.327708e+01 3.328625e+01 3.329543e+01 3.330458e+01 3.331374e+01 3.332289e+01 3.333205e+01 3.334119e+01 3.335034e+01 3.335948e+01 3.336861e+01 3.337775e+01 3.338687e+01 3.339600e+01 3.340512e+01 3.341423e+01 3.342334e+01 3.343245e+01 3.344156e+01 3.345067e+01 3.345976e+01 3.346886e+01 3.347795e+01 3.348703e+01 3.349612e+01 3.350520e+01 3.351427e+01 3.352335e+01 3.353241e+01 3.354147e+01 3.355054e+01 3.355960e+01 3.356865e+01 3.357770e+01 3.358675e+01 3.359579e+01 3.360483e+01 3.361386e+01 3.362289e+01 3.363193e+01 3.364095e+01 3.364996e+01 3.365898e+01 3.366800e+01 3.367700e+01 3.368602e+01 3.369502e+01 3.370401e+01 3.371301e+01 3.372200e+01 3.373099e+01 3.373997e+01 3.374896e+01 3.375793e+01 3.376691e+01 3.377588e+01 3.378484e+01 3.379381e+01 3.380276e+01 3.381172e+01 3.382066e+01 3.382962e+01 3.383856e+01 3.384750e+01 3.385645e+01 3.386537e+01 3.387430e+01 3.388322e+01 3.389215e+01 3.390108e+01 3.390999e+01 3.391890e+01 3.392781e+01 3.393672e+01 3.394562e+01 3.395451e+01 3.396341e+01 3.397231e+01 3.398119e+01 3.399007e+01 3.399895e+01 3.400783e+01 3.401671e+01 3.402557e+01 3.403444e+01 3.404330e+01 3.405215e+01 3.406102e+01 3.406987e+01 3.407872e+01 3.408755e+01 3.409641e+01 3.410524e+01 3.411407e+01 3.412291e+01 3.413173e+01 3.414055e+01 3.414938e+01 3.415819e+01 3.416701e+01 3.417581e+01 3.418463e+01 3.419342e+01 3.420222e+01 3.421103e+01 3.421982e+01 3.422861e+01 3.423740e+01 3.424617e+01 3.425496e+01 3.426373e+01 3.427251e+01 3.428127e+01 3.429004e+01 3.429880e+01 3.430756e+01 3.431631e+01 3.432506e+01 3.433380e+01 3.434254e+01 3.435129e+01 3.436003e+01 3.436876e+01 3.437750e+01 3.438622e+01 3.439494e+01 3.440367e+01 3.441238e+01 3.442110e+01 3.442981e+01 3.443852e+01 3.444722e+01 3.445592e+01 3.446461e+01 3.447331e+01 3.448199e+01 3.449069e+01 3.449937e+01 3.450806e+01 3.451672e+01 3.452541e+01 3.453407e+01 3.454274e+01 3.455141e+01 3.456006e+01 3.456871e+01 3.457736e+01 3.458601e+01 3.459467e+01 3.460330e+01 3.461195e+01 3.462059e+01 3.462921e+01 3.463785e+01 3.464647e+01 3.465509e+01 3.466371e+01 3.467233e+01 3.468095e+01 3.468956e+01 3.469817e+01 3.470677e+01 3.471536e+01 3.472397e+01 3.473256e+01 3.474115e+01 3.474973e+01 3.475832e+01 3.476689e+01 3.477547e+01 3.478404e+01 3.479262e+01 3.480118e+01 3.480975e+01 3.481831e+01 3.482686e+01 3.483542e+01 3.484396e+01 3.485252e+01 3.486107e+01 3.486960e+01 3.487814e+01 3.488667e+01 3.489520e+01 3.490373e+01 3.491226e+01 3.492078e+01 3.492931e+01 3.493782e+01 3.494632e+01 3.495483e+01 3.496333e+01 3.497185e+01 3.498035e+01 3.498883e+01 3.499733e+01 3.500581e+01 3.501430e+01 3.502278e+01 3.503127e+01 3.503975e+01 3.504822e+01 3.505669e+01 3.506516e+01 3.507362e+01 3.508208e+01 3.509053e+01 3.509898e+01 3.510744e+01 3.511589e+01 3.512433e+01 3.513277e+01 3.514120e+01 3.514964e+01 3.515808e+01 3.516650e+01 3.517493e+01 3.518335e+01 3.519177e+01 3.520020e+01 3.520860e+01 3.521701e+01 3.522542e+01 3.523383e+01 3.524222e+01 3.525063e+01 3.525902e+01 3.526741e+01 3.527579e+01 3.528418e+01 3.529256e+01 3.530093e+01 3.530931e+01 3.531769e+01 3.532605e+01 3.533441e+01 3.534279e+01 3.535114e+01 3.535950e+01 3.536784e+01 3.537621e+01 3.538455e+01 3.539290e+01 3.540123e+01 3.540958e+01 3.541791e+01 3.542624e+01 3.543457e+01 3.544289e+01 3.545122e+01 3.545953e+01 3.546785e+01 3.547617e+01 3.548448e+01 3.549278e+01 3.550108e+01 3.550938e+01 3.551768e+01 3.552599e+01 3.553427e+01 3.554256e+01 3.555084e+01 3.555913e+01 3.556741e+01 3.557568e+01 3.558395e+01 3.559222e+01 3.560049e+01 3.560876e+01 3.561702e+01 3.562529e+01 3.563354e+01 3.564178e+01 3.565004e+01 3.565828e+01 3.566653e+01 3.567477e+01 3.568301e+01 3.569124e+01 3.569948e+01 3.570770e+01 3.571593e+01 3.572415e+01 3.573236e+01 3.574059e+01 3.574879e+01 3.575700e+01 3.576521e+01 3.577342e+01 3.578162e+01 3.578983e+01 3.579802e+01 3.580621e+01 3.581439e+01 3.582259e+01 3.583076e+01 3.583894e+01 3.584712e+01 3.585530e+01 3.586346e+01 3.587164e+01 3.587981e+01 3.588797e+01 3.589613e+01 3.590428e+01 3.591245e+01 3.592059e+01 3.592874e+01 3.593689e+01 3.594502e+01 3.595317e+01 3.596130e+01 3.596944e+01 3.597757e+01 3.598569e+01 3.599382e+01 3.600194e+01 3.601006e+01 3.601817e+01 3.602629e+01 3.603439e+01 3.604250e+01 3.605061e+01 3.605870e+01 3.606680e+01 3.607491e+01 3.608299e+01 3.609108e+01 3.609917e+01 3.610725e+01 3.611534e+01 3.612341e+01 3.613148e+01 3.613956e+01 3.614763e+01 3.615570e+01 3.616376e+01 3.617181e+01 3.617989e+01 3.618793e+01 3.619598e+01 3.620404e+01 3.621208e+01 3.622012e+01 3.622816e+01 3.623621e+01 3.624423e+01 3.625227e+01 3.626030e+01 3.626833e+01 3.627635e+01 3.628436e+01 3.629239e+01 3.630040e+01 3.630841e+01 3.631642e+01 3.632443e+01 3.633243e+01 3.634044e+01 3.634843e+01 3.635643e+01 3.636443e+01 3.637241e+01 3.638040e+01 3.638838e+01 3.639636e+01 3.640434e+01 3.641232e+01 3.642029e+01 3.642825e+01 3.643622e+01 3.644418e+01 3.645215e+01 3.646011e+01 3.646806e+01 3.647601e+01 3.648396e+01 3.649191e+01 3.649986e+01 3.650780e+01 3.651575e+01 3.652368e+01 3.653162e+01 3.653954e+01 3.654747e+01 3.655539e+01 3.656332e+01 3.657124e+01 3.657915e+01 3.658707e+01 3.659499e+01 3.660289e+01 3.661079e+01 3.661870e+01 3.662660e+01 3.663449e+01 3.664240e+01 3.665028e+01 3.665817e+01 3.666606e+01 3.667393e+01 3.668182e+01 3.668970e+01 3.669757e+01 3.670544e+01 3.671332e+01 3.672119e+01 3.672905e+01 3.673691e+01 3.674477e+01 3.675262e+01 3.676048e+01 3.676833e+01 3.677618e+01 3.678403e+01 3.679187e+01 3.679971e+01 3.680754e+01 3.681538e+01 3.682321e+01 3.683104e+01 3.683887e+01 3.684669e+01 3.685451e+01 3.686234e+01 3.687015e+01 3.687796e+01 3.688577e+01 3.689359e+01 3.690138e+01 3.690918e+01</incidenceAngle>
        <terrainHeight>2.227428571428572e+03</terrainHeight>
        <roll>3.009059485593400e+01</roll>
      </antennaPattern>
      <antennaPattern>
        <swath>IW1</swath>
        <azimuthTime>2015-05-16T13:34:24.576567</azimuthTime>
        <slantRangeTime count="676">5.337093144532169e-03 5.337590461830731e-03 5.338087779129293e-03 5.338585096427855e-03 5.339082413726417e-03 5.339579731024979e-03 5.340077048323541e-03 5.340574365622103e-03 5.341071682920665e-03 5.341569000219227e-03 5.342066317517788e-03 5.342563634816350e-03 5.343060952114912e-03 5.343558269413474e-03 5.344055586712036e-03 5.344552904010597e-03 5.345050221309159e-03 5.345547538607721e-03 5.346044855906283e-03 5.346542173204845e-03 5.347039490503407e-03 5.347536807801969e-03 5.348034125100530e-03 5.348531442399092e-03 5.349028759697654e-03 5.349526076996216e-03 5.350023394294778e-03 5.350520711593340e-03 5.351018028891902e-03 5.351515346190464e-03 5.352012663489026e-03 5.352509980787588e-03 5.353007298086149e-03 5.353504615384711e-03 5.354001932683273e-03 5.354499249981835e-03 5.354996567280397e-03 5.355493884578959e-03 5.355991201877521e-03 5.356488519176083e-03 5.356985836474645e-03 5.357483153773207e-03 5.357980471071768e-03 5.358477788370330e-03 5.358975105668892e-03 5.359472422967454e-03 5.359969740266015e-03 5.360467057564577e-03 5.360964374863139e-03 5.361461692161701e-03 5.361959009460263e-03 5.362456326758825e-03 5.362953644057387e-03 5.363450961355948e-03 5.363948278654510e-03 5.364445595953072e-03 5.364942913251634e-03 5.365440230550196e-03 5.365937547848758e-03 5.366434865147320e-03 5.366932182445882e-03 5.367429499744444e-03 5.367926817043006e-03 5.368424134341567e-03 5.368921451640129e-03 5.369418768938691e-03 5.369916086237253e-03 5.370413403535815e-03 5.370910720834377e-03 5.371408038132939e-03 5.371905355431501e-03 5.372402672730063e-03 5.372899990028625e-03 5.373397307327187e-03 5.373894624625748e-03 5.374391941924310e-03 5.374889259222872e-03 5.375386576521433e-03 5.375883893819995e-03 5.376381211118557e-03 5.376878528417119e-03 5.377375845715681e-03 5.377873163014243e-03 5.378370480312805e-03 5.378867797611367e-03 5.379365114909928e-03 5.379862432208490e-03 5.380359749507052e-03 5.380857066805614e-03 5.381354384104176e-03 5.381851701402738e-03 5.382349018701300e-03 5.382846335999862e-03 5.383343653298424e-03 5.383840970596986e-03 5.384338287895547e-03 5.384835605194109e-03 5.385332922492671e-03 5.385830239791233e-03 5.386327557089795e-03 5.386824874388357e-03 5.387322191686919e-03 5.387819508985481e-03 5.388316826284043e-03 5.388814143582605e-03 5.389311460881166e-03 5.389808778179728e-03 5.390306095478289e-03 5.390803412776851e-03 5.391300730075413e-03 5.391798047373975e-03 5.392295364672537e-03 5.392792681971099e-03 5.393289999269661e-03 5.393787316568223e-03 5.394284633866785e-03 5.394781951165347e-03 5.395279268463908e-03 5.395776585762470e-03 5.396273903061032e-03 5.396771220359594e-03 5.397268537658156e-03 5.397765854956718e-03 5.398263172255280e-03 5.398760489553842e-03 5.399257806852404e-03 5.399755124150966e-03 5.400252441449527e-03 5.400749758748089e-03 5.401247076046651e-03 5.401744393345213e-03 5.402241710643775e-03 5.402739027942337e-03 5.403236345240899e-03 5.403733662539461e-03 5.404230979838023e-03 5.404728297136585e-03 5.405225614435146e-03 5.405722931733708e-03 5.406220249032269e-03 5.406717566330831e-03 5.407214883629393e-03 5.407712200927955e-03 5.408209518226517e-03 5.408706835525079e-03 5.409204152823641e-03 5.409701470122203e-03 5.410198787420765e-03 5.410696104719327e-03 5.411193422017888e-03 5.411690739316450e-03 5.412188056615012e-03 5.412685373913574e-03 5.413182691212136e-03 5.413680008510698e-03 5.414177325809260e-03 5.414674643107822e-03 5.415171960406384e-03 5.415669277704946e-03 5.416166595003507e-03 5.416663912302069e-03 5.417161229600631e-03 5.417658546899193e-03 5.418155864197755e-03 5.418653181496317e-03 5.419150498794879e-03 5.419647816093441e-03 5.420145133392003e-03 5.420642450690565e-03 5.421139767989126e-03 5.421637085287687e-03 5.422134402586249e-03 5.422631719884811e-03 5.423129037183373e-03 5.423626354481935e-03 5.424123671780497e-03 5.424620989079059e-03 5.425118306377621e-03 5.425615623676183e-03 5.426112940974745e-03 5.426610258273307e-03 5.427107575571868e-03 5.427604892870430e-03 5.428102210168992e-03 5.428599527467554e-03 5.429096844766116e-03 5.429594162064678e-03 5.430091479363240e-03 5.430588796661802e-03 5.431086113960364e-03 5.431583431258926e-03 5.432080748557487e-03 5.432578065856049e-03 5.433075383154611e-03 5.433572700453173e-03 5.434070017751735e-03 5.434567335050297e-03 5.435064652348859e-03 5.435561969647421e-03 5.436059286945982e-03 5.436556604244544e-03 5.437053921543106e-03 5.437551238841667e-03 5.438048556140229e-03 5.438545873438791e-03 5.439043190737353e-03 5.439540508035915e-03 5.440037825334477e-03 5.440535142633039e-03 5.441032459931601e-03 5.441529777230163e-03 5.442027094528725e-03 5.442524411827286e-03 5.443021729125848e-03 5.443519046424410e-03 5.444016363722972e-03 5.444513681021534e-03 5.445010998320096e-03 5.445508315618658e-03 5.446005632917220e-03 5.446502950215782e-03 5.447000267514344e-03 5.447497584812905e-03 5.447994902111467e-03 5.448492219410029e-03 5.448989536708591e-03 5.449486854007153e-03 5.449984171305715e-03 5.450481488604277e-03 5.450978805902839e-03 5.451476123201400e-03 5.451973440499962e-03 5.452470757798524e-03 5.452968075097086e-03 5.453465392395647e-03 5.453962709694209e-03 5.454460026992771e-03 5.454957344291333e-03 5.455454661589895e-03 5.455951978888457e-03 5.456449296187019e-03 5.456946613485581e-03 5.457443930784143e-03 5.457941248082705e-03 5.458438565381266e-03 5.458935882679828e-03 5.459433199978390e-03 5.459930517276952e-03 5.460427834575514e-03 5.460925151874076e-03 5.461422469172638e-03 5.461919786471200e-03 5.462417103769762e-03 5.462914421068324e-03 5.463411738366885e-03 5.463909055665447e-03 5.464406372964009e-03 5.464903690262571e-03 5.465401007561133e-03 5.465898324859695e-03 5.466395642158257e-03 5.466892959456818e-03 5.467390276755380e-03 5.467887594053942e-03 5.468384911352504e-03 5.468882228651066e-03 5.469379545949627e-03 5.469876863248189e-03 5.470374180546751e-03 5.470871497845313e-03 5.471368815143875e-03 5.471866132442437e-03 5.472363449740999e-03 5.472860767039561e-03 5.473358084338123e-03 5.473855401636685e-03 5.474352718935246e-03 5.474850036233808e-03 5.475347353532370e-03 5.475844670830932e-03 5.476341988129494e-03 5.476839305428056e-03 5.477336622726618e-03 5.477833940025180e-03 5.478331257323742e-03 5.478828574622304e-03 5.479325891920865e-03 5.479823209219427e-03 5.480320526517989e-03 5.480817843816551e-03 5.481315161115113e-03 5.481812478413674e-03 5.482309795712236e-03 5.482807113010798e-03 5.483304430309360e-03 5.483801747607922e-03 5.484299064906484e-03 5.484796382205046e-03 5.485293699503607e-03 5.485791016802169e-03 5.486288334100731e-03 5.486785651399293e-03 5.487282968697855e-03 5.487780285996417e-03 5.488277603294979e-03 5.488774920593541e-03 5.489272237892103e-03 5.489769555190665e-03 5.490266872489226e-03 5.490764189787788e-03 5.491261507086350e-03 5.491758824384912e-03 5.492256141683474e-03 5.492753458982036e-03 5.493250776280598e-03 5.493748093579160e-03 5.494245410877722e-03 5.494742728176284e-03 5.495240045474845e-03 5.495737362773407e-03 5.496234680071969e-03 5.496731997370531e-03 5.497229314669092e-03 5.497726631967654e-03 5.498223949266216e-03 5.498721266564778e-03 5.499218583863340e-03 5.499715901161902e-03 5.500213218460464e-03 5.500710535759025e-03 5.501207853057587e-03 5.501705170356149e-03 5.502202487654711e-03 5.502699804953273e-03 5.503197122251835e-03 5.503694439550397e-03 5.504191756848959e-03 5.504689074147521e-03 5.505186391446083e-03 5.505683708744645e-03 5.506181026043206e-03 5.506678343341768e-03 5.507175660640330e-03 5.507672977938892e-03 5.508170295237454e-03 5.508667612536016e-03 5.509164929834578e-03 5.509662247133140e-03 5.510159564431702e-03 5.510656881730264e-03 5.511154199028825e-03 5.511651516327387e-03 5.512148833625949e-03 5.512646150924510e-03 5.513143468223072e-03 5.513640785521634e-03 5.514138102820196e-03 5.514635420118758e-03 5.515132737417320e-03 5.515630054715882e-03 5.516127372014444e-03 5.516624689313005e-03 5.517122006611567e-03 5.517619323910129e-03 5.518116641208691e-03 5.518613958507253e-03 5.519111275805815e-03 5.519608593104377e-03 5.520105910402939e-03 5.520603227701501e-03 5.521100545000063e-03 5.521597862298624e-03 5.522095179597186e-03 5.522592496895748e-03 5.523089814194310e-03 5.523587131492872e-03 5.524084448791434e-03 5.524581766089996e-03 5.525079083388558e-03 5.525576400687120e-03 5.526073717985682e-03 5.526571035284243e-03 5.527068352582805e-03 5.527565669881366e-03 5.528062987179928e-03 5.528560304478490e-03 5.529057621777052e-03 5.529554939075614e-03 5.530052256374176e-03 5.530549573672738e-03 5.531046890971300e-03 5.531544208269862e-03 5.532041525568424e-03 5.532538842866985e-03 5.533036160165547e-03 5.533533477464109e-03 5.534030794762671e-03 5.534528112061233e-03 5.535025429359795e-03 5.535522746658357e-03 5.536020063956919e-03 5.536517381255481e-03 5.537014698554043e-03 5.537512015852604e-03 5.538009333151166e-03 5.538506650449728e-03 5.539003967748290e-03 5.539501285046852e-03 5.539998602345414e-03 5.540495919643976e-03 5.540993236942538e-03 5.541490554241100e-03 5.541987871539662e-03 5.542485188838223e-03 5.542982506136785e-03 5.543479823435346e-03 5.543977140733908e-03 5.544474458032470e-03 5.544971775331032e-03 5.545469092629594e-03 5.545966409928156e-03 5.546463727226718e-03 5.546961044525280e-03 5.547458361823842e-03 5.547955679122404e-03 5.548452996420965e-03 5.548950313719527e-03 5.549447631018089e-03 5.549944948316651e-03 5.550442265615213e-03 5.550939582913775e-03 5.551436900212337e-03 5.551934217510899e-03 5.552431534809461e-03 5.552928852108023e-03 5.553426169406584e-03 5.553923486705146e-03 5.554420804003708e-03 5.554918121302270e-03 5.555415438600832e-03 5.555912755899393e-03 5.556410073197954e-03 5.556907390496515e-03 5.557404707795076e-03 5.557902025093637e-03 5.558399342392198e-03 5.558896659690759e-03 5.559393976989320e-03 5.559891294287881e-03 5.560388611586442e-03 5.560885928885003e-03 5.561383246183565e-03 5.561880563482126e-03 5.562377880780687e-03 5.562875198079248e-03 5.563372515377809e-03 5.563869832676370e-03 5.564367149974932e-03 5.564864467273493e-03 5.565361784572054e-03 5.565859101870615e-03 5.566356419169176e-03 5.566853736467737e-03 5.567351053766298e-03 5.567848371064859e-03 5.568345688363421e-03 5.568843005661982e-03 5.569340322960543e-03 5.569837640259104e-03 5.570334957557665e-03 5.570832274856226e-03 5.571329592154787e-03 5.571826909453348e-03 5.572324226751909e-03 5.572821544050470e-03 5.573318861349031e-03 5.573816178647592e-03 5.574313495946153e-03 5.574810813244714e-03 5.575308130543276e-03 5.575805447841837e-03 5.576302765140398e-03 5.576800082438959e-03 5.577297399737520e-03 5.577794717036081e-03 5.578292034334642e-03 5.578789351633203e-03 5.579286668931764e-03 5.579783986230325e-03 5.580281303528886e-03 5.580778620827447e-03 5.581275938126008e-03 5.581773255424569e-03 5.582270572723131e-03 5.582767890021692e-03 5.583265207320253e-03 5.583762524618814e-03 5.584259841917375e-03 5.584757159215937e-03 5.585254476514498e-03 5.585751793813059e-03 5.586249111111620e-03 5.586746428410181e-03 5.587243745708742e-03 5.587741063007303e-03 5.588238380305864e-03 5.588735697604425e-03 5.589233014902987e-03 5.589730332201548e-03 5.590227649500109e-03 5.590724966798670e-03 5.591222284097231e-03 5.591719601395792e-03 5.592216918694353e-03 5.592714235992914e-03 5.593211553291475e-03 5.593708870590036e-03 5.594206187888597e-03 5.594703505187158e-03 5.595200822485719e-03 5.595698139784281e-03 5.596195457082842e-03 5.596692774381403e-03 5.597190091679964e-03 5.597687408978525e-03 5.598184726277086e-03 5.598682043575647e-03 5.599179360874208e-03 5.599676678172769e-03 5.600173995471330e-03 5.600671312769891e-03 5.601168630068452e-03 5.601665947367013e-03 5.602163264665574e-03 5.602660581964136e-03 5.603157899262697e-03 5.603655216561258e-03 5.604152533859819e-03 5.604649851158380e-03 5.605147168456942e-03 5.605644485755503e-03 5.606141803054064e-03 5.606639120352625e-03 5.607136437651186e-03 5.607633754949747e-03 5.608131072248308e-03 5.608628389546869e-03 5.609125706845430e-03 5.609623024143992e-03 5.610120341442553e-03 5.610617658741114e-03 5.611114976039675e-03 5.611612293338236e-03 5.612109610636797e-03 5.612606927935358e-03 5.613104245233919e-03 5.613601562532480e-03 5.614098879831041e-03 5.614596197129602e-03 5.615093514428163e-03 5.615590831726724e-03 5.616088149025285e-03 5.616585466323847e-03 5.617082783622408e-03 5.617580100920969e-03 5.618077418219530e-03 5.618574735518091e-03 5.619072052816652e-03 5.619569370115213e-03 5.620066687413774e-03 5.620564004712335e-03 5.621061322010896e-03 5.621558639309457e-03 5.622055956608018e-03 5.622553273906579e-03 5.623050591205140e-03 5.623547908503702e-03 5.624045225802263e-03 5.624542543100824e-03 5.625039860399385e-03 5.625537177697947e-03 5.626034494996508e-03 5.626531812295069e-03 5.627029129593630e-03 5.627526446892191e-03 5.628023764190752e-03 5.628521081489313e-03 5.629018398787874e-03 5.629515716086435e-03 5.630013033384996e-03 5.630510350683558e-03 5.631007667982119e-03 5.631504985280680e-03 5.632002302579241e-03 5.632499619877802e-03 5.632996937176363e-03 5.633494254474924e-03 5.633991571773485e-03 5.634488889072046e-03 5.634986206370607e-03 5.635483523669168e-03 5.635980840967729e-03 5.636478158266290e-03 5.636975475564851e-03 5.637472792863413e-03 5.637970110161974e-03 5.638467427460535e-03 5.638964744759096e-03 5.639462062057657e-03 5.639959379356218e-03 5.640456696654779e-03 5.640954013953340e-03 5.641451331251901e-03 5.641948648550462e-03 5.642445965849023e-03 5.642943283147584e-03 5.643440600446145e-03 5.643937917744707e-03 5.644435235043268e-03 5.644932552341829e-03 5.645429869640391e-03 5.645927186938952e-03 5.646424504237513e-03 5.646921821536074e-03 5.647419138834635e-03 5.647916456133196e-03 5.648413773431757e-03 5.648911090730318e-03 5.649408408028879e-03 5.649905725327440e-03 5.650403042626001e-03 5.650900359924562e-03 5.651397677223124e-03 5.651894994521685e-03 5.652392311820246e-03 5.652889629118807e-03 5.653386946417368e-03 5.653884263715929e-03 5.654381581014490e-03 5.654878898313051e-03 5.655376215611612e-03 5.655873532910173e-03 5.656370850208734e-03 5.656868167507295e-03 5.657365484805856e-03 5.657862802104417e-03 5.658360119402979e-03 5.658857436701540e-03 5.659354754000101e-03 5.659852071298662e-03 5.660349388597223e-03 5.660846705895784e-03 5.661344023194345e-03 5.661841340492906e-03 5.662338657791467e-03 5.662835975090028e-03 5.663333292388589e-03 5.663830609687150e-03 5.664327926985712e-03 5.664825244284273e-03 5.665322561582834e-03 5.665819878881396e-03 5.666317196179957e-03 5.666814513478518e-03 5.667311830777079e-03 5.667809148075640e-03 5.668306465374201e-03 5.668803782672762e-03 5.669301099971323e-03 5.669798417269884e-03 5.670295734568445e-03 5.670793051867006e-03 5.671290369165567e-03 5.671787686464129e-03 5.672285003762690e-03 5.672782321061251e-03</slantRangeTime>
        <elevationAngle count="676">2.756843e+01 2.757734e+01 2.758624e+01 2.759514e+01 2.760403e+01 2.761292e+01 2.762180e+01 2.763068e+01 2.763956e+01 2.764843e+01 2.765730e+01 2.766616e+01 2.767502e+01 2.768387e+01 2.769272e+01 2.770156e+01 2.771041e+01 2.771924e+01 2.772807e+01 2.773690e+01 2.774572e+01 2.775454e+01 2.776336e+01 2.777217e+01 2.778097e+01 2.778977e+01 2.779857e+01 2.780736e+01 2.781615e+01 2.782493e+01 2.783371e+01 2.784249e+01 2.785126e+01 2.786003e+01 2.786879e+01 2.787755e+01 2.788630e+01 2.789505e+01 2.790380e+01 2.791254e+01 2.792128e+01 2.793001e+01 2.793874e+01 2.794746e+01 2.795618e+01 2.796490e+01 2.797361e+01 2.798232e+01 2.799102e+01 2.799972e+01 2.800841e+01 2.801710e+01 2.802579e+01 2.803447e+01 2.804315e+01 2.805182e+01 2.806049e+01 2.806916e+01 2.807782e+01 2.808648e+01 2.809513e+01 2.810378e+01 2.811242e+01 2.812106e+01 2.812970e+01 2.813833e+01 2.814696e+01 2.815558e+01 2.816420e+01 2.817282e+01 2.818143e+01 2.819004e+01 2.819864e+01 2.820724e+01 2.821583e+01 2.822442e+01 2.823301e+01 2.824159e+01 2.825017e+01 2.825875e+01 2.826732e+01 2.827588e+01 2.828445e+01 2.829300e+01 2.830156e+01 2.831011e+01 2.831866e+01 2.832720e+01 2.833573e+01 2.834427e+01 2.835280e+01 2.836132e+01 2.836984e+01 2.837836e+01 2.838688e+01 2.839539e+01 2.840389e+01 2.841239e+01 2.842089e+01 2.842938e+01 2.843787e+01 2.844636e+01 2.845484e+01 2.846332e+01 2.847179e+01 2.848026e+01 2.848873e+01 2.849719e+01 2.850565e+01 2.851410e+01 2.852255e+01 2.853099e+01 2.853944e+01 2.854787e+01 2.855631e+01 2.856474e+01 2.857316e+01 2.858158e+01 2.859000e+01 2.859842e+01 2.860683e+01 2.861523e+01 2.862364e+01 2.863203e+01 2.864043e+01 2.864882e+01 2.865721e+01 2.866559e+01 2.867397e+01 2.868234e+01 2.869071e+01 2.869908e+01 2.870745e+01 2.871580e+01 2.872416e+01 2.873251e+01 2.874086e+01 2.874920e+01 2.875754e+01 2.876588e+01 2.877421e+01 2.878254e+01 2.879086e+01 2.879919e+01 2.880750e+01 2.881582e+01 2.882413e+01 2.883243e+01 2.884073e+01 2.884903e+01 2.885732e+01 2.886562e+01 2.887390e+01 2.888218e+01 2.889046e+01 2.889874e+01 2.890701e+01 2.891528e+01 2.892354e+01 2.893180e+01 2.894006e+01 2.894831e+01 2.895656e+01 2.896480e+01 2.897304e+01 2.898128e+01 2.898951e+01 2.899774e+01 2.900597e+01 2.901419e+01 2.902241e+01 2.903062e+01 2.903884e+01 2.904704e+01 2.905525e+01 2.906345e+01 2.907164e+01 2.907984e+01 2.908802e+01 2.909621e+01 2.910439e+01 2.911257e+01 2.912074e+01 2.912891e+01 2.913708e+01 2.914524e+01 2.915340e+01 2.916156e+01 2.916971e+01 2.917785e+01 2.918600e+01 2.919414e+01 2.920228e+01 2.921041e+01 2.921854e+01 2.922667e+01 2.923479e+01 2.924291e+01 2.925102e+01 2.925913e+01 2.926724e+01 2.927534e+01 2.928345e+01 2.929154e+01 2.929963e+01 2.930773e+01 2.931581e+01 2.932389e+01 2.933197e+01 2.934005e+01 2.934812e+01 2.935619e+01 2.936425e+01 2.937231e+01 2.938037e+01 2.938842e+01 2.939647e+01 2.940452e+01 2.941256e+01 2.942060e+01 2.942864e+01 2.943667e+01 2.944470e+01 2.945272e+01 2.946074e+01 2.946876e+01 2.947678e+01 2.948479e+01 2.949279e+01 2.950080e+01 2.950880e+01 2.951679e+01 2.952479e+01 2.953278e+01 2.954076e+01 2.954874e+01 2.955672e+01 2.956470e+01 2.957267e+01 2.958064e+01 2.958860e+01 2.959656e+01 2.960452e+01 2.961248e+01 2.962043e+01 2.962837e+01 2.963632e+01 2.964426e+01 2.965219e+01 2.966013e+01 2.966806e+01 2.967599e+01 2.968391e+01 2.969183e+01 2.969974e+01 2.970765e+01 2.971556e+01 2.972347e+01 2.973137e+01 2.973927e+01 2.974717e+01 2.975506e+01 2.976295e+01 2.977083e+01 2.977871e+01 2.978659e+01 2.979446e+01 2.980234e+01 2.981020e+01 2.981807e+01 2.982593e+01 2.983379e+01 2.984164e+01 2.984949e+01 2.985734e+01 2.986518e+01 2.987302e+01 2.988086e+01 2.988869e+01 2.989652e+01 2.990435e+01 2.991217e+01 2.991999e+01 2.992781e+01 2.993562e+01 2.994343e+01 2.995124e+01 2.995904e+01 2.996684e+01 2.997464e+01 2.998243e+01 2.999022e+01 2.999801e+01 3.000579e+01 3.001357e+01 3.002135e+01 3.002912e+01 3.003689e+01 3.004466e+01 3.005242e+01 3.006018e+01 3.006794e+01 3.007569e+01 3.008344e+01 3.009118e+01 3.009893e+01 3.010667e+01 3.011440e+01 3.012214e+01 3.012987e+01 3.013759e+01 3.014532e+01 3.015304e+01 3.016075e+01 3.016847e+01 3.017618e+01 3.018388e+01 3.019159e+01 3.019929e+01 3.020698e+01 3.021468e+01 3.022237e+01 3.023005e+01 3.023774e+01 3.024542e+01 3.025310e+01 3.026077e+01 3.026844e+01 3.027611e+01 3.028377e+01 3.029144e+01 3.029909e+01 3.030675e+01 3.031440e+01 3.032205e+01 3.032969e+01 3.033733e+01 3.034497e+01 3.035261e+01 3.036024e+01 3.036787e+01 3.037549e+01 3.038312e+01 3.039074e+01 3.039835e+01 3.040596e+01 3.041357e+01 3.042118e+01 3.042878e+01 3.043638e+01 3.044398e+01 3.045157e+01 3.045916e+01 3.046675e+01 3.047433e+01 3.048191e+01 3.048949e+01 3.049707e+01 3.050464e+01 3.051221e+01 3.051977e+01 3.052733e+01 3.053489e+01 3.054245e+01 3.055000e+01 3.055755e+01 3.056510e+01 3.057264e+01 3.058018e+01 3.058772e+01 3.059525e+01 3.060278e+01 3.061031e+01 3.061783e+01 3.062535e+01 3.063287e+01 3.064038e+01 3.064790e+01 3.065540e+01 3.066291e+01 3.067041e+01 3.067791e+01 3.068541e+01 3.069290e+01 3.070039e+01 3.070788e+01 3.071536e+01 3.072284e+01 3.073032e+01 3.073779e+01 3.074526e+01 3.075273e+01 3.076020e+01 3.076766e+01 3.077512e+01 3.078257e+01 3.079003e+01 3.079748e+01 3.080492e+01 3.081237e+01 3.081981e+01 3.082724e+01 3.083468e+01 3.084211e+01 3.084954e+01 3.085696e+01 3.086439e+01 3.087181e+01 3.087922e+01 3.088663e+01 3.089404e+01 3.090145e+01 3.090886e+01 3.091626e+01 3.092365e+01 3.093105e+01 3.093844e+01 3.094583e+01 3.095322e+01 3.096060e+01 3.096798e+01 3.097536e+01 3.098273e+01 3.099010e+01 3.099747e+01 3.100483e+01 3.101219e+01 3.101955e+01 3.102691e+01 3.103426e+01 3.104161e+01 3.104896e+01 3.105630e+01 3.106364e+01 3.107098e+01 3.107832e+01 3.108565e+01 3.109298e+01 3.110030e+01 3.110763e+01 3.111495e+01 3.112226e+01 3.112958e+01 3.113689e+01 3.114420e+01 3.115150e+01 3.115881e+01 3.116611e+01 3.117340e+01 3.118069e+01 3.118799e+01 3.119527e+01 3.120256e+01 3.120984e+01 3.121712e+01 3.122439e+01 3.123167e+01 3.123894e+01 3.124620e+01 3.125347e+01 3.126073e+01 3.126799e+01 3.127524e+01 3.128250e+01 3.128975e+01 3.129699e+01 3.130424e+01 3.131148e+01 3.131872e+01 3.132595e+01 3.133318e+01 3.134041e+01 3.134764e+01 3.135486e+01 3.136209e+01 3.136930e+01 3.137652e+01 3.138373e+01 3.139094e+01 3.139815e+01 3.140535e+01 3.141255e+01 3.141975e+01 3.142694e+01 3.143413e+01 3.144132e+01 3.144851e+01 3.145569e+01 3.146287e+01 3.147005e+01 3.147723e+01 3.148440e+01 3.149157e+01 3.149873e+01 3.150590e+01 3.151306e+01 3.152022e+01 3.152737e+01 3.153452e+01 3.154167e+01 3.154882e+01 3.155596e+01 3.156310e+01 3.157024e+01 3.157738e+01 3.158451e+01 3.159164e+01 3.159877e+01 3.160589e+01 3.161301e+01 3.162013e+01 3.162724e+01 3.163436e+01 3.164147e+01 3.164858e+01 3.165568e+01 3.166278e+01 3.166988e+01 3.167698e+01 3.168407e+01 3.169116e+01 3.169825e+01 3.170533e+01 3.171242e+01 3.171950e+01 3.172657e+01 3.173365e+01 3.174072e+01 3.174779e+01 3.175485e+01 3.176191e+01 3.176897e+01 3.177603e+01 3.178308e+01 3.179014e+01 3.179719e+01 3.180423e+01 3.181128e+01 3.181832e+01 3.182535e+01 3.183239e+01 3.183942e+01 3.184645e+01 3.185348e+01 3.186050e+01 3.186753e+01 3.187454e+01 3.188156e+01 3.188857e+01 3.189558e+01 3.190259e+01 3.190960e+01 3.191660e+01 3.192360e+01 3.193060e+01 3.193759e+01 3.194458e+01 3.195157e+01 3.195856e+01 3.196554e+01 3.197252e+01 3.197950e+01 3.198648e+01 3.199345e+01 3.200042e+01 3.200739e+01 3.201435e+01 3.202131e+01 3.202827e+01 3.203523e+01 3.204218e+01 3.204914e+01 3.205608e+01 3.206303e+01 3.206997e+01 3.207692e+01 3.208385e+01 3.209079e+01 3.209772e+01 3.210465e+01 3.211158e+01 3.211850e+01 3.212542e+01 3.213234e+01 3.213926e+01 3.214618e+01 3.215309e+01 3.216000e+01 3.216690e+01 3.217381e+01 3.218071e+01 3.218760e+01 3.219450e+01 3.220139e+01 3.220828e+01 3.221517e+01 3.222206e+01 3.222894e+01 3.223582e+01 3.224269e+01 3.224957e+01 3.225644e+01 3.226331e+01 3.227018e+01 3.227704e+01 3.228391e+01 3.229076e+01 3.229762e+01 3.230447e+01 3.231133e+01 3.231817e+01 3.232502e+01 3.233186e+01 3.233870e+01 3.234554e+01 3.235238e+01 3.235921e+01 3.236604e+01 3.237287e+01 3.237969e+01 3.238652e+01 3.239334e+01 3.240015e+01 3.240697e+01 3.241378e+01 3.242059e+01 3.242740e+01 3.243420e+01 3.244101e+01 3.244780e+01 3.245460e+01 3.246140e+01 3.246819e+01 3.247498e+01 3.248176e+01 3.248855e+01 3.249533e+01 3.250211e+01 3.250888e+01 3.251566e+01 3.252243e+01 3.252920e+01 3.253596e+01 3.254273e+01 3.254949e+01 3.255625e+01 3.256300e+01 3.256976e+01 3.257651e+01 3.258326e+01 3.259000e+01 3.259675e+01 3.260349e+01 3.261023e+01 3.261696e+01 3.262370e+01 3.263043e+01 3.263715e+01 3.264388e+01 3.265060e+01 3.265733e+01 3.266404e+01 3.267076e+01 3.267747e+01 3.268419e+01 3.269089e+01 3.269760e+01 3.270430e+01 3.271100e+01 3.271770e+01 3.272440e+01 3.273109e+01 3.273778e+01 3.274447e+01 3.275116e+01 3.275784e+01</elevationAngle>
        <elevationPattern count="676">1.300069e+14 -1.502586e+14 1.300782e+14 -1.513808e+14 1.301494e+14 -1.525024e+14 1.302000e+14 -1.536235e+14 1.302000e+14 -1.547440e+14 1.302000e+14 -1.558640e+14 1.302000e+14 -1.569834e+14 1.302000e+14 -1.581022e+14 1.302000e+14 -1.592205e+14 1.301648e+14 -1.603382e+14 1.301117e+14 -1.614555e+14 1.300585e+14 -1.625721e+14 1.300053e+14 -1.636882e+14 1.299522e+14 -1.648037e+14 1.298979e+14 -1.659187e+14 1.297741e+14 -1.670331e+14 1.296503e+14 -1.681469e+14 1.295266e+14 -1.692603e+14 1.294030e+14 -1.703731e+14 1.292794e+14 -1.714854e+14 1.291369e+14 -1.726033e+14 1.289606e+14 -1.737321e+14 1.287843e+14 -1.748603e+14 1.286081e+14 -1.759880e+14 1.284320e+14 -1.771152e+14 1.282560e+14 -1.782417e+14 1.280441e+14 -1.793558e+14 1.278155e+14 -1.804637e+14 1.275870e+14 -1.815710e+14 1.273586e+14 -1.826777e+14 1.271303e+14 -1.837840e+14 1.269021e+14 -1.848897e+14 1.265872e+14 -1.859949e+14 1.262716e+14 -1.870995e+14 1.259561e+14 -1.882036e+14 1.256409e+14 -1.893072e+14 1.253257e+14 -1.904102e+14 1.249958e+14 -1.915126e+14 1.246285e+14 -1.926146e+14 1.242613e+14 -1.937159e+14 1.238944e+14 -1.948168e+14 1.235277e+14 -1.959172e+14 1.231610e+14 -1.970169e+14 1.227653e+14 -1.981064e+14 1.223467e+14 -1.991877e+14 1.219284e+14 -2.002685e+14 1.215102e+14 -2.013487e+14 1.210922e+14 -2.024284e+14 1.206745e+14 -2.035076e+14 1.201855e+14 -2.045720e+14 1.196811e+14 -2.056327e+14 1.191771e+14 -2.066930e+14 1.186733e+14 -2.077527e+14 1.181697e+14 -2.088119e+14 1.176629e+14 -2.098706e+14 1.171079e+14 -2.109289e+14 1.165530e+14 -2.119865e+14 1.159984e+14 -2.130437e+14 1.154441e+14 -2.141004e+14 1.148901e+14 -2.151566e+14 1.143158e+14 -2.162070e+14 1.136931e+14 -2.172449e+14 1.130707e+14 -2.182822e+14 1.124486e+14 -2.193190e+14 1.118268e+14 -2.203555e+14 1.112053e+14 -2.213913e+14 1.105577e+14 -2.224178e+14 1.098850e+14 -2.234354e+14 1.092127e+14 -2.244525e+14 1.085407e+14 -2.254692e+14 1.078690e+14 -2.264853e+14 1.071977e+14 -2.275010e+14 1.064781e+14 -2.285162e+14 1.057385e+14 -2.295309e+14 1.049994e+14 -2.305451e+14 1.042606e+14 -2.315588e+14 1.035221e+14 -2.325720e+14 1.027840e+14 -2.335847e+14 1.019930e+14 -2.345666e+14 1.011956e+14 -2.355441e+14 1.003986e+14 -2.365211e+14 9.960193e+13 -2.374977e+14 9.880562e+13 -2.384737e+14 9.800636e+13 -2.394477e+14 9.714410e+13 -2.403886e+14 9.628227e+13 -2.413291e+14 9.542083e+13 -2.422691e+14 9.455980e+13 -2.432087e+14 9.369919e+13 -2.441479e+14 9.282644e+13 -2.450832e+14 9.190353e+13 -2.460045e+14 9.098104e+13 -2.469252e+14 9.005899e+13 -2.478455e+14 8.913742e+13 -2.487655e+14 8.821623e+13 -2.496849e+14 8.727467e+13 -2.505927e+14 8.629145e+13 -2.514773e+14 8.530866e+13 -2.523614e+14 8.432636e+13 -2.532452e+14 8.334452e+13 -2.541285e+14 8.236311e+13 -2.550114e+14 8.135644e+13 -2.558788e+14 8.031830e+13 -2.567268e+14 7.928066e+13 -2.575746e+14 7.824350e+13 -2.584219e+14 7.720684e+13 -2.592689e+14 7.617067e+13 -2.601155e+14 7.510173e+13 -2.609524e+14 7.400563e+13 -2.617813e+14 7.291006e+13 -2.626097e+14 7.181497e+13 -2.634378e+14 7.072042e+13 -2.642655e+14 6.962637e+13 -2.650927e+14 6.849678e+13 -2.658878e+14 6.734641e+13 -2.666637e+14 6.619658e+13 -2.674393e+14 6.504728e+13 -2.682144e+14 6.389853e+13 -2.689893e+14 6.275030e+13 -2.697637e+14 6.156403e+13 -2.705144e+14 6.036138e+13 -2.712545e+14 5.915928e+13 -2.719943e+14 5.795774e+13 -2.727337e+14 5.675678e+13 -2.734728e+14 5.555636e+13 -2.742115e+14 5.431526e+13 -2.749123e+14 5.306062e+13 -2.756001e+14 5.180655e+13 -2.762875e+14 5.055308e+13 -2.769746e+14 4.930018e+13 -2.776613e+14 4.804786e+13 -2.783477e+14 4.675706e+13 -2.790078e+14 4.545572e+13 -2.796601e+14 4.415499e+13 -2.803122e+14 4.285486e+13 -2.809639e+14 4.155533e+13 -2.816153e+14 4.025640e+13 -2.822664e+14 3.891828e+13 -2.828775e+14 3.757053e+13 -2.834780e+14 3.622339e+13 -2.840782e+14 3.487687e+13 -2.846781e+14 3.353099e+13 -2.852779e+14 3.218571e+13 -2.858772e+14 3.080136e+13 -2.864366e+14 2.940744e+13 -2.869856e+14 2.801414e+13 -2.875342e+14 2.662148e+13 -2.880825e+14 2.522948e+13 -2.886308e+14 2.383811e+13 -2.891787e+14 2.241379e+13 -2.897005e+14 2.098058e+13 -2.902148e+14 1.954802e+13 -2.907287e+14 1.811612e+13 -2.912425e+14 1.668487e+13 -2.917560e+14 1.525429e+13 -2.922694e+14 1.379180e+13 -2.927453e+14 1.231886e+13 -2.932085e+14 1.084658e+13 -2.936715e+14 9.374991e+12 -2.941343e+14 7.904069e+12 -2.945969e+14 6.433821e+12 -2.950593e+14 4.935095e+12 -2.954754e+14 3.424289e+12 -2.958713e+14 1.914174e+12 -2.962672e+14 4.047467e+11 -2.966626e+14 -1.103990e+12 -2.970580e+14 -2.612038e+12 -2.974532e+14 -4.142159e+12 -2.978276e+14 -5.685026e+12 -2.981895e+14 -7.227191e+12 -2.985513e+14 -8.768655e+12 -2.989130e+14 -1.030941e+13 -2.992744e+14 -1.184948e+13 -2.996357e+14 -1.340869e+13 -2.999610e+14 -1.498377e+13 -3.002564e+14 -1.655813e+13 -3.005514e+14 -1.813179e+13 -3.008466e+14 -1.970473e+13 -3.011416e+14 -2.127694e+13 -3.014362e+14 -2.286301e+13 -3.017091e+14 -2.446653e+13 -3.019545e+14 -2.606933e+13 -3.021999e+14 -2.767140e+13 -3.024451e+14 -2.927275e+13 -3.026902e+14 -3.087337e+13 -3.029352e+14 -3.248235e+13 -3.031588e+14 -3.410926e+13 -3.033382e+14 -3.573544e+13 -3.035177e+14 -3.736088e+13 -3.036969e+14 -3.898560e+13 -3.038762e+14 -4.060959e+13 -3.040554e+14 -4.223815e+13 -3.042282e+14 -4.388836e+13 -3.043748e+14 -4.553779e+13 -3.045211e+14 -4.718649e+13 -3.046675e+14 -4.883444e+13 -3.048138e+14 -5.048164e+13 -3.049600e+14 -5.212919e+13 -3.051034e+14 -5.380089e+13 -3.051845e+14 -5.547185e+13 -3.052657e+14 -5.714204e+13 -3.053467e+14 -5.881147e+13 -3.054277e+14 -6.048019e+13 -3.055088e+14 -6.214814e+13 -3.055897e+14 -6.383228e+13 -3.056140e+14 -6.551815e+13 -3.056302e+14 -6.720327e+13 -3.056464e+14 -6.888764e+13 -3.056626e+14 -7.057126e+13 -3.056789e+14 -7.225411e+13 -3.056950e+14 -7.394954e+13 -3.056779e+14 -7.565025e+13 -3.056455e+14 -7.735021e+13 -3.056133e+14 -7.904941e+13 -3.055810e+14 -8.074785e+13 -3.055488e+14 -8.244554e+13 -3.055166e+14 -8.415025e+13 -3.054609e+14 -8.586251e+13 -3.053805e+14 -8.757401e+13 -3.053001e+14 -8.928476e+13 -3.052197e+14 -9.099473e+13 -3.051393e+14 -9.270394e+13 -3.050590e+14 -9.441669e+13 -3.049618e+14 -9.614045e+13 -3.048173e+14 -9.786339e+13 -3.046729e+14 -9.958564e+13 -3.045286e+14 -1.013071e+14 -3.043844e+14 -1.030278e+14 -3.042401e+14 -1.047480e+14 -3.040947e+14 -1.064768e+14 -3.039026e+14 -1.082048e+14 -3.037106e+14 -1.099320e+14 -3.035187e+14 -1.116585e+14 -3.033269e+14 -1.133842e+14 -3.031350e+14 -1.151092e+14 -3.029434e+14 -1.168333e+14 -3.027148e+14 -1.185568e+14 -3.024755e+14 -1.202794e+14 -3.022361e+14 -1.220013e+14 -3.019970e+14 -1.237225e+14 -3.017580e+14 -1.254429e+14 -3.015191e+14 -1.271625e+14 -3.012482e+14 -1.288814e+14 -3.009459e+14 -1.305995e+14 -3.006437e+14 -1.323169e+14 -3.003415e+14 -1.340335e+14 -3.000395e+14 -1.357493e+14 -2.997377e+14 -1.374678e+14 -2.994224e+14 -1.391981e+14 -2.990573e+14 -1.409275e+14 -2.986924e+14 -1.426562e+14 -2.983276e+14 -1.443841e+14 -2.979630e+14 -1.461113e+14 -2.975986e+14 -1.478377e+14 -2.972342e+14 -1.495634e+14 -2.968414e+14 -1.512884e+14 -2.964458e+14 -1.530125e+14 -2.960503e+14 -1.547359e+14 -2.956550e+14 -1.564586e+14 -2.952599e+14 -1.581805e+14 -2.948650e+14 -1.599016e+14 -2.944335e+14 -1.616221e+14 -2.939758e+14 -1.633417e+14 -2.935183e+14 -1.650605e+14 -2.930609e+14 -1.667787e+14 -2.926037e+14 -1.684961e+14 -2.921469e+14 -1.702090e+14 -2.916788e+14 -1.719092e+14 -2.911751e+14 -1.736086e+14 -2.906715e+14 -1.753073e+14 -2.901682e+14 -1.770052e+14 -2.896651e+14 -1.787024e+14 -2.891622e+14 -1.803989e+14 -2.886596e+14 -1.820946e+14 -2.881017e+14 -1.837896e+14 -2.875368e+14 -1.854839e+14 -2.869720e+14 -1.871774e+14 -2.864075e+14 -1.888702e+14 -2.858432e+14 -1.905623e+14 -2.852792e+14 -1.922457e+14 -2.846997e+14 -1.939207e+14 -2.841049e+14 -1.955949e+14 -2.835102e+14 -1.972684e+14 -2.829159e+14 -1.989412e+14 -2.823219e+14 -2.006132e+14 -2.817280e+14 -2.022828e+14 -2.811276e+14 -2.039377e+14 -2.804718e+14 -2.055920e+14 -2.798163e+14 -2.072456e+14 -2.791612e+14 -2.088985e+14 -2.785063e+14 -2.105506e+14 -2.778517e+14 -2.122020e+14 -2.771973e+14 -2.138419e+14 -2.765215e+14 -2.154763e+14 -2.758366e+14 -2.171101e+14 -2.751520e+14 -2.187431e+14 -2.744676e+14 -2.203754e+14 -2.737836e+14 -2.220070e+14 -2.730999e+14 -2.237215e+14 -2.723122e+14 -2.256622e+14 -2.712409e+14 -2.276022e+14 -2.701701e+14 -2.295412e+14 -2.690997e+14 -2.314794e+14 -2.680298e+14 -2.334168e+14 -2.669603e+14 -2.353535e+14 -2.658913e+14 -2.367171e+14 -2.656110e+14 -2.379555e+14 -2.655026e+14 -2.391933e+14 -2.653943e+14 -2.404306e+14 -2.652861e+14 -2.416674e+14 -2.651779e+14 -2.429037e+14 -2.650697e+14 -2.442546e+14 -2.647035e+14 -2.458140e+14 -2.638697e+14 -2.473729e+14 -2.630363e+14 -2.489310e+14 -2.622034e+14 -2.504883e+14 -2.613705e+14 -2.520451e+14 -2.605383e+14 -2.536012e+14 -2.597062e+14 -2.551432e+14 -2.588478e+14 -2.566826e+14 -2.579857e+14 -2.582213e+14 -2.571240e+14 -2.597594e+14 -2.562627e+14 -2.612968e+14 -2.554017e+14 -2.628336e+14 -2.545412e+14 -2.643583e+14 -2.536638e+14 -2.658631e+14 -2.527579e+14 -2.673672e+14 -2.518524e+14 -2.688708e+14 -2.509472e+14 -2.703736e+14 -2.500425e+14 -2.718758e+14 -2.491381e+14 -2.733774e+14 -2.482341e+14 -2.748522e+14 -2.473043e+14 -2.763218e+14 -2.463704e+14 -2.777910e+14 -2.454370e+14 -2.792594e+14 -2.445039e+14 -2.807272e+14 -2.435713e+14 -2.821944e+14 -2.426390e+14 -2.836515e+14 -2.416879e+14 -2.850868e+14 -2.406953e+14 -2.865217e+14 -2.397032e+14 -2.879558e+14 -2.387114e+14 -2.893894e+14 -2.377201e+14 -2.908225e+14 -2.367292e+14 -2.922548e+14 -2.357387e+14 -2.936519e+14 -2.347370e+14 -2.950374e+14 -2.337321e+14 -2.964224e+14 -2.327277e+14 -2.978068e+14 -2.317237e+14 -2.991906e+14 -2.307201e+14 -3.005737e+14 -2.297168e+14 -3.019507e+14 -2.287056e+14 -3.033023e+14 -2.276577e+14 -3.046534e+14 -2.266103e+14 -3.060039e+14 -2.255632e+14 -3.073539e+14 -2.245166e+14 -3.087032e+14 -2.234705e+14 -3.100520e+14 -2.224248e+14 -3.113734e+14 -2.213615e+14 -3.126756e+14 -2.202864e+14 -3.139773e+14 -2.192117e+14 -3.152787e+14 -2.181375e+14 -3.165792e+14 -2.170637e+14 -3.178793e+14 -2.159904e+14 -3.191788e+14 -2.149175e+14 -3.204481e+14 -2.138005e+14 -3.217164e+14 -2.126832e+14 -3.229841e+14 -2.115664e+14 -3.242514e+14 -2.104501e+14 -3.255181e+14 -2.093342e+14 -3.267841e+14 -2.082187e+14 -3.280284e+14 -2.070984e+14 -3.292332e+14 -2.059688e+14 -3.304376e+14 -2.048398e+14 -3.316414e+14 -2.037112e+14 -3.328448e+14 -2.025830e+14 -3.340477e+14 -2.014554e+14 -3.352499e+14 -2.003281e+14 -3.364092e+14 -1.991694e+14 -3.375506e+14 -1.979982e+14 -3.386913e+14 -1.968273e+14 -3.398317e+14 -1.956570e+14 -3.409716e+14 -1.944871e+14 -3.421110e+14 -1.933177e+14 -3.432479e+14 -1.921482e+14 -3.443415e+14 -1.909648e+14 -3.454345e+14 -1.897819e+14 -3.465271e+14 -1.885994e+14 -3.476192e+14 -1.874175e+14 -3.487109e+14 -1.862361e+14 -3.498021e+14 -1.850551e+14 -3.508715e+14 -1.838640e+14 -3.519021e+14 -1.826541e+14 -3.529322e+14 -1.814447e+14 -3.539621e+14 -1.802359e+14 -3.549915e+14 -1.790276e+14 -3.560204e+14 -1.778197e+14 -3.570487e+14 -1.766123e+14 -3.580376e+14 -1.753858e+14 -3.590056e+14 -1.741496e+14 -3.599733e+14 -1.729140e+14 -3.609406e+14 -1.716789e+14 -3.619075e+14 -1.704443e+14 -3.628738e+14 -1.692101e+14 -3.638401e+14 -1.679766e+14 -3.647500e+14 -1.667295e+14 -3.656559e+14 -1.654821e+14 -3.665614e+14 -1.642352e+14 -3.674666e+14 -1.629888e+14 -3.683713e+14 -1.617428e+14 -3.692757e+14 -1.604974e+14 -3.701650e+14 -1.592496e+14 -3.709945e+14 -1.579904e+14 -3.718237e+14 -1.567317e+14 -3.726528e+14 -1.554736e+14 -3.734813e+14 -1.542159e+14 -3.743095e+14 -1.529588e+14 -3.751374e+14 -1.517021e+14 -3.759323e+14 -1.504395e+14 -3.766857e+14 -1.491691e+14 -3.774388e+14 -1.478993e+14 -3.781916e+14 -1.466299e+14 -3.789440e+14 -1.453611e+14 -3.796961e+14 -1.440928e+14 -3.804479e+14 -1.428250e+14 -3.811604e+14 -1.415578e+14 -3.818526e+14 -1.402910e+14 -3.825445e+14 -1.390248e+14 -3.832363e+14 -1.377591e+14 -3.839277e+14 -1.364938e+14 -3.846190e+14 -1.352292e+14 -3.853098e+14 -1.339650e+14 -3.859366e+14 -1.326758e+14 -3.865535e+14 -1.313833e+14 -3.871702e+14 -1.300913e+14 -3.877865e+14 -1.287998e+14 -3.884026e+14 -1.275088e+14 -3.890185e+14 -1.262184e+14 -3.896292e+14 -1.249285e+14 -3.901568e+14 -1.236391e+14 -3.906840e+14 -1.223502e+14 -3.912111e+14 -1.210619e+14 -3.917379e+14 -1.197741e+14 -3.922645e+14 -1.184868e+14 -3.927909e+14 -1.172000e+14 -3.932977e+14 -1.159170e+14 -3.937359e+14 -1.146459e+14 -3.941740e+14 -1.133753e+14 -3.946120e+14 -1.121051e+14 -3.950497e+14 -1.108355e+14 -3.954873e+14 -1.095664e+14 -3.959249e+14 -1.082979e+14 -3.963351e+14 -1.070239e+14 -3.966993e+14 -1.057403e+14 -3.970634e+14 -1.044573e+14 -3.974272e+14 -1.031747e+14 -3.977912e+14 -1.018927e+14 -3.981548e+14 -1.006112e+14 -3.985183e+14 -9.933020e+13 -3.988452e+14 -9.805479e+13 -3.991359e+14 -9.678500e+13 -3.994266e+14 -9.551579e+13 -3.997168e+14 -9.424698e+13 -4.000070e+14 -9.297871e+13 -4.002969e+14 -9.171091e+13 -4.005870e+14 -9.044369e+13 -4.008151e+14 -8.918318e+13 -4.010035e+14 -8.792707e+13 -4.011916e+14 -8.667145e+13 -4.013797e+14 -8.541637e+13 -4.015679e+14 -8.416179e+13 -4.017560e+14 -8.290770e+13 -4.019439e+14 -8.165412e+13 -4.020811e+14 -8.041015e+13 -4.021966e+14 -7.917058e+13 -4.023121e+14 -7.793148e+13 -4.024277e+14 -7.669290e+13 -4.025432e+14 -7.545482e+13 -4.026585e+14 -7.421720e+13 -4.027739e+14 -7.298010e+13 -4.028112e+14 -7.175576e+13 -4.028256e+14 -7.053548e+13 -4.028399e+14 -6.931569e+13 -4.028544e+14 -6.809638e+13 -4.028687e+14 -6.687756e+13 -4.028832e+14 -6.565924e+13 -4.028975e+14 -6.444138e+13 -4.028407e+14 -6.324185e+13 -4.027687e+14 -6.204649e+13 -4.026970e+14 -6.085165e+13 -4.026251e+14 -5.965726e+13 -4.025535e+14 -5.846337e+13 -4.024818e+14 -5.726993e+13 -4.024100e+14 -5.607697e+13 -4.022767e+14 -5.490297e+13 -4.021336e+14 -5.373244e+13 -4.019903e+14 -5.256238e+13 -4.018471e+14 -5.139278e+13 -4.017041e+14 -5.022366e+13 -4.015610e+14 -4.905497e+13 -4.014179e+14 -4.788675e+13 -4.011876e+14 -4.674526e+13 -4.009447e+14 -4.560798e+13 -4.007019e+14 -4.447114e+13 -4.004591e+14 -4.333475e+13 -4.002166e+14 -4.219881e+13 -3.999740e+14 -4.106332e+13 -3.997317e+14 -3.992828e+13 -3.994150e+14 -3.881971e+13 -3.990874e+14 -3.771549e+13 -3.987598e+14 -3.661170e+13 -3.984322e+14 -3.550833e+13 -3.981049e+14 -3.440542e+13 -3.977778e+14 -3.330293e+13 -3.974506e+14 -3.220087e+13 -3.970517e+14 -3.112687e+13 -3.966397e+14 -3.005837e+13 -3.962278e+14 -2.899028e+13 -3.958160e+14 -2.792260e+13 -3.954045e+14 -2.685536e+13 -3.949930e+14 -2.578852e+13 -3.945819e+14 -2.472213e+13 -3.941138e+14 -2.368791e+13 -3.936321e+14 -2.266201e+13 -3.931506e+14 -2.163652e+13 -3.926692e+14 -2.061142e+13 -3.921880e+14 -1.958673e+13 -3.917069e+14 -1.856243e+13 -3.912260e+14 -1.753854e+13 -3.906726e+14 -1.654320e+13 -3.900930e+14 -1.555826e+13 -3.895140e+14 -1.457371e+13 -3.889350e+14 -1.358954e+13 -3.883563e+14 -1.260575e+13 -3.877778e+14 -1.162235e+13 -3.871996e+14 -1.063934e+13 -3.865753e+14 -9.685128e+12 -3.859272e+14 -8.746285e+12 -3.852792e+14 -7.807805e+12 -3.846314e+14 -6.869691e+12 -3.839840e+14 -5.931943e+12 -3.833367e+14 -4.994560e+12 -3.826897e+14 -4.057542e+12 -3.820042e+14 -3.146193e+12 -3.812874e+14 -2.255720e+12 -3.805709e+14 -1.365593e+12 -3.798547e+14 -4.758120e+11 -3.791386e+14 4.136230e+11 -3.784231e+14 1.302713e+12 -3.777078e+14 2.191458e+12 -3.769565e+14 3.059608e+12 -3.761575e+14 3.900568e+12 -3.753590e+14 4.741205e+12 -3.745607e+14 5.581513e+12 -3.737626e+14 6.421495e+12 -3.729650e+14 7.261156e+12 -3.721676e+14 8.100487e+12 -3.713545e+14 8.925489e+12 -3.705019e+14 9.715532e+12 -3.696495e+14 1.050526e+13 -3.687976e+14 1.129470e+13 -3.679458e+14 1.208382e+13 -3.670946e+14 1.287264e+13 -3.662434e+14 1.366115e+13 -3.653840e+14 1.444282e+13 -3.644639e+14 1.517887e+13 -3.635442e+14 1.591463e+13 -3.626249e+14 1.665012e+13 -3.617059e+14 1.738531e+13 -3.607872e+14 1.812023e+13 -3.598690e+14 1.885486e+13 -3.589510e+14 1.958920e+13 -3.579677e+14 2.027600e+13 -3.569810e+14 2.095975e+13 -3.559947e+14 2.164324e+13 -3.550088e+14 2.232646e+13 -3.540231e+14 2.300943e+13 -3.530380e+14 2.369213e+13 -3.520531e+14 2.437457e+13 -3.510378e+14 2.501761e+13 -3.500122e+14 2.564686e+13 -3.489870e+14 2.627587e+13 -3.479619e+14 2.690462e+13 -3.469376e+14 2.753315e+13 -3.459136e+14 2.816144e+13 -3.448899e+14 2.878947e+13 -3.438377e+14 2.938988e+13 -3.427595e+14 2.996492e+13 -3.416817e+14 3.053973e+13 -3.406042e+14 3.111431e+13 -3.395273e+14 3.168869e+13 -3.384509e+14 3.226285e+13 -3.373748e+14 3.283679e+13 -3.362836e+14 3.339584e+13 -3.351532e+14 3.391695e+13 -3.340231e+14 3.443786e+13 -3.328936e+14 3.495857e+13 -3.317644e+14 3.547909e+13 -3.306358e+14 3.599941e+13 -3.295073e+14 3.651952e+13 -3.283789e+14 3.703848e+13 -3.272101e+14 3.750456e+13 -3.260419e+14 3.797049e+13 -3.248739e+14 3.843622e+13 -3.237067e+14 3.890179e+13 -3.225398e+14 3.936718e+13 -3.213733e+14 3.983239e+13 -3.202073e+14 4.029743e+13 -3.190216e+14 4.072292e+13 -3.178290e+14 4.113413e+13 -3.166369e+14 4.154521e+13 -3.154452e+14 4.195611e+13 -3.142541e+14 4.236687e+13 -3.130633e+14 4.277746e+13 -3.118730e+14 4.318791e+13 -3.106594e+14 4.357504e+13 -3.094154e+14 4.393186e+13 -3.081719e+14 4.428854e+13 -3.069287e+14 4.464509e+13 -3.056860e+14 4.500149e+13 -3.044438e+14 4.535777e+13 -3.032021e+14 4.571390e+13 -3.019593e+14 4.606425e+13 -3.007050e+14 4.636968e+13 -2.994509e+14 4.667498e+13 -2.981975e+14 4.698018e+13 -2.969445e+14 4.728525e+13 -2.956920e+14 4.759021e+13 -2.944400e+14 4.789507e+13 -2.931884e+14 4.819980e+13 -2.919163e+14 4.846569e+13 -2.906386e+14 4.871990e+13 -2.893610e+14 4.897399e+13 -2.880843e+14 4.922802e+13 -2.868079e+14 4.948193e+13 -2.855320e+14 4.973576e+13 -2.842567e+14 4.998950e+13 -2.829706e+14 5.022326e+13 -2.816690e+14 5.042799e+13 -2.803680e+14 5.063266e+13 -2.790674e+14 5.083723e+13 -2.777673e+14 5.104171e+13 -2.764677e+14 5.124614e+13 -2.751685e+14 5.145047e+13 -2.738695e+14 5.165364e+13 -2.725579e+14 5.181050e+13 -2.712467e+14 5.196730e+13 -2.699360e+14 5.212405e+13 -2.686258e+14 5.228074e+13 -2.673161e+14 5.243736e+13 -2.660069e+14 5.259392e+13 -2.646981e+14 5.275043e+13 -2.633815e+14 5.287849e+13 -2.620603e+14 5.298905e+13 -2.607395e+14 5.309955e+13 -2.594193e+14 5.321001e+13 -2.580996e+14 5.332045e+13 -2.567803e+14 5.343084e+13 -2.554615e+14 5.354118e+13 -2.541406e+14 5.364310e+13 -2.528093e+14 5.371034e+13 -2.514786e+14 5.377754e+13 -2.501484e+14 5.384472e+13 -2.488186e+14 5.391189e+13 -2.474894e+14 5.397904e+13 -2.461606e+14 5.404613e+13 -2.448323e+14 5.411321e+13 -2.435046e+14 5.415012e+13 -2.421773e+14 5.417693e+13 -2.408505e+14 5.420373e+13 -2.395242e+14 5.423052e+13 -2.381985e+14 5.425731e+13 -2.368732e+14 5.428408e+13 -2.355483e+14 5.431083e+13 -2.342240e+14 5.432658e+13 -2.329002e+14 5.431455e+13 -2.315768e+14 5.430250e+13</elevationPattern>
        <incidenceAngle count="676">3.093456e+01 3.094476e+01 3.095496e+01 3.096516e+01 3.097536e+01 3.098553e+01 3.099573e+01 3.100591e+01 3.101607e+01 3.102625e+01 3.103641e+01 3.104657e+01 3.105672e+01 3.106686e+01 3.107701e+01 3.108714e+01 3.109729e+01 3.110742e+01 3.111754e+01 3.112766e+01 3.113777e+01 3.114789e+01 3.115799e+01 3.116809e+01 3.117819e+01 3.118829e+01 3.119838e+01 3.120845e+01 3.121854e+01 3.122861e+01 3.123868e+01 3.124875e+01 3.125880e+01 3.126886e+01 3.127892e+01 3.128896e+01 3.129900e+01 3.130904e+01 3.131906e+01 3.132909e+01 3.133911e+01 3.134914e+01 3.135915e+01 3.136916e+01 3.137915e+01 3.138916e+01 3.139915e+01 3.140915e+01 3.141913e+01 3.142911e+01 3.143909e+01 3.144905e+01 3.145903e+01 3.146899e+01 3.147894e+01 3.148891e+01 3.149886e+01 3.150879e+01 3.151874e+01 3.152867e+01 3.153860e+01 3.154852e+01 3.155846e+01 3.156837e+01 3.157828e+01 3.158820e+01 3.159810e+01 3.160799e+01 3.161789e+01 3.162778e+01 3.163766e+01 3.164755e+01 3.165742e+01 3.166730e+01 3.167717e+01 3.168703e+01 3.169688e+01 3.170674e+01 3.171660e+01 3.172644e+01 3.173628e+01 3.174612e+01 3.175595e+01 3.176578e+01 3.177560e+01 3.178542e+01 3.179524e+01 3.180505e+01 3.181485e+01 3.182466e+01 3.183446e+01 3.184424e+01 3.185403e+01 3.186382e+01 3.187360e+01 3.188338e+01 3.189314e+01 3.190291e+01 3.191267e+01 3.192242e+01 3.193219e+01 3.194194e+01 3.195168e+01 3.196143e+01 3.197116e+01 3.198088e+01 3.199062e+01 3.200034e+01 3.201006e+01 3.201978e+01 3.202948e+01 3.203918e+01 3.204889e+01 3.205859e+01 3.206828e+01 3.207797e+01 3.208766e+01 3.209734e+01 3.210701e+01 3.211668e+01 3.212636e+01 3.213602e+01 3.214568e+01 3.215533e+01 3.216498e+01 3.217462e+01 3.218427e+01 3.219391e+01 3.220354e+01 3.221317e+01 3.222279e+01 3.223241e+01 3.224203e+01 3.225165e+01 3.226125e+01 3.227086e+01 3.228046e+01 3.229005e+01 3.229964e+01 3.230923e+01 3.231882e+01 3.232838e+01 3.233797e+01 3.234753e+01 3.235710e+01 3.236667e+01 3.237622e+01 3.238577e+01 3.239532e+01 3.240488e+01 3.241441e+01 3.242395e+01 3.243349e+01 3.244301e+01 3.245253e+01 3.246205e+01 3.247157e+01 3.248109e+01 3.249060e+01 3.250011e+01 3.250960e+01 3.251909e+01 3.252859e+01 3.253807e+01 3.254756e+01 3.255704e+01 3.256651e+01 3.257599e+01 3.258545e+01 3.259492e+01 3.260437e+01 3.261383e+01 3.262329e+01 3.263274e+01 3.264218e+01 3.265161e+01 3.266104e+01 3.267049e+01 3.267990e+01 3.268933e+01 3.269875e+01 3.270816e+01 3.271758e+01 3.272697e+01 3.273639e+01 3.274579e+01 3.275517e+01 3.276457e+01 3.277396e+01 3.278334e+01 3.279271e+01 3.280209e+01 3.281146e+01 3.282083e+01 3.283020e+01 3.283955e+01 3.284891e+01 3.285826e+01 3.286760e+01 3.287695e+01 3.288629e+01 3.289563e+01 3.290495e+01 3.291428e+01 3.292360e+01 3.293292e+01 3.294225e+01 3.295155e+01 3.296086e+01 3.297017e+01 3.297946e+01 3.298875e+01 3.299805e+01 3.300734e+01 3.301662e+01 3.302591e+01 3.303519e+01 3.304445e+01 3.305373e+01 3.306299e+01 3.307225e+01 3.308150e+01 3.309076e+01 3.310001e+01 3.310925e+01 3.311850e+01 3.312773e+01 3.313696e+01 3.314619e+01 3.315543e+01 3.316464e+01 3.317386e+01 3.318307e+01 3.319229e+01 3.320149e+01 3.321069e+01 3.321989e+01 3.322910e+01 3.323828e+01 3.324747e+01 3.325665e+01 3.326584e+01 3.327501e+01 3.328418e+01 3.329335e+01 3.330252e+01 3.331168e+01 3.332083e+01 3.332999e+01 3.333914e+01 3.334828e+01 3.335742e+01 3.336656e+01 3.337570e+01 3.338483e+01 3.339397e+01 3.340309e+01 3.341220e+01 3.342133e+01 3.343044e+01 3.343954e+01 3.344864e+01 3.345775e+01 3.346684e+01 3.347594e+01 3.348503e+01 3.349411e+01 3.350319e+01 3.351227e+01 3.352135e+01 3.353043e+01 3.353949e+01 3.354855e+01 3.355762e+01 3.356667e+01 3.357573e+01 3.358478e+01 3.359381e+01 3.360286e+01 3.361189e+01 3.362093e+01 3.362996e+01 3.363899e+01 3.364801e+01 3.365703e+01 3.366605e+01 3.367506e+01 3.368407e+01 3.369307e+01 3.370207e+01 3.371107e+01 3.372006e+01 3.372906e+01 3.373805e+01 3.374702e+01 3.375601e+01 3.376498e+01 3.377396e+01 3.378293e+01 3.379189e+01 3.380086e+01 3.380981e+01 3.381877e+01 3.382771e+01 3.383667e+01 3.384561e+01 3.385455e+01 3.386348e+01 3.387242e+01 3.388135e+01 3.389027e+01 3.389919e+01 3.390811e+01 3.391702e+01 3.392593e+01 3.393484e+01 3.394376e+01 3.395265e+01 3.396155e+01 3.397044e+01 3.397932e+01 3.398822e+01 3.399710e+01 3.400598e+01 3.401486e+01 3.402373e+01 3.403259e+01 3.404146e+01 3.405032e+01 3.405917e+01 3.406804e+01 3.407689e+01 3.408574e+01 3.409457e+01 3.410342e+01 3.411226e+01 3.412109e+01 3.412991e+01 3.413875e+01 3.414757e+01 3.415639e+01 3.416521e+01 3.417401e+01 3.418283e+01 3.419164e+01 3.420044e+01 3.420923e+01 3.421803e+01 3.422682e+01 3.423561e+01 3.424440e+01 3.425317e+01 3.426195e+01 3.427074e+01 3.427950e+01 3.428827e+01 3.429703e+01 3.430579e+01 3.431454e+01 3.432330e+01 3.433206e+01 3.434081e+01 3.434955e+01 3.435829e+01 3.436702e+01 3.437576e+01 3.438449e+01 3.439322e+01 3.440193e+01 3.441066e+01 3.441937e+01 3.442809e+01 3.443680e+01 3.444550e+01 3.445421e+01 3.446291e+01 3.447160e+01 3.448029e+01 3.448898e+01 3.449767e+01 3.450635e+01 3.451503e+01 3.452370e+01 3.453238e+01 3.454105e+01 3.454971e+01 3.455838e+01 3.456703e+01 3.457568e+01 3.458434e+01 3.459299e+01 3.460164e+01 3.461028e+01 3.461891e+01 3.462755e+01 3.463618e+01 3.464481e+01 3.465344e+01 3.466206e+01 3.467068e+01 3.467929e+01 3.468791e+01 3.469652e+01 3.470512e+01 3.471373e+01 3.472232e+01 3.473093e+01 3.473952e+01 3.474811e+01 3.475668e+01 3.476527e+01 3.477385e+01 3.478242e+01 3.479100e+01 3.479958e+01 3.480814e+01 3.481670e+01 3.482526e+01 3.483382e+01 3.484236e+01 3.485092e+01 3.485947e+01 3.486801e+01 3.487654e+01 3.488509e+01 3.489362e+01 3.490215e+01 3.491068e+01 3.491920e+01 3.492772e+01 3.493623e+01 3.494475e+01 3.495326e+01 3.496178e+01 3.497028e+01 3.497878e+01 3.498727e+01 3.499577e+01 3.500426e+01 3.501276e+01 3.502124e+01 3.502971e+01 3.503819e+01 3.504668e+01 3.505515e+01 3.506361e+01 3.507208e+01 3.508054e+01 3.508900e+01 3.509746e+01 3.510591e+01 3.511436e+01 3.512280e+01 3.513126e+01 3.513969e+01 3.514813e+01 3.515657e+01 3.516499e+01 3.517342e+01 3.518185e+01 3.519026e+01 3.519868e+01 3.520711e+01 3.521552e+01 3.522392e+01 3.523233e+01 3.524074e+01 3.524913e+01 3.525752e+01 3.526591e+01 3.527431e+01 3.528270e+01 3.529108e+01 3.529947e+01 3.530785e+01 3.531621e+01 3.532458e+01 3.533295e+01 3.534132e+01 3.534969e+01 3.535805e+01 3.536639e+01 3.537476e+01 3.538310e+01 3.539145e+01 3.539980e+01 3.540813e+01 3.541647e+01 3.542480e+01 3.543314e+01 3.544145e+01 3.544978e+01 3.545810e+01 3.546643e+01 3.547475e+01 3.548305e+01 3.549136e+01 3.549966e+01 3.550797e+01 3.551627e+01 3.552457e+01 3.553287e+01 3.554115e+01 3.554944e+01 3.555772e+01 3.556601e+01 3.557430e+01 3.558257e+01 3.559084e+01 3.559911e+01 3.560738e+01 3.561563e+01 3.562390e+01 3.563216e+01 3.564041e+01 3.564867e+01 3.565691e+01 3.566516e+01 3.567340e+01 3.568164e+01 3.568988e+01 3.569810e+01 3.570634e+01 3.571457e+01 3.572279e+01 3.573102e+01 3.573923e+01 3.574745e+01 3.575566e+01 3.576387e+01 3.577208e+01 3.578027e+01 3.578848e+01 3.579668e+01 3.580487e+01 3.581306e+01 3.582126e+01 3.582944e+01 3.583762e+01 3.584581e+01 3.585397e+01 3.586215e+01 3.587033e+01 3.587849e+01 3.588666e+01 3.589482e+01 3.590298e+01 3.591113e+01 3.591928e+01 3.592744e+01 3.593558e+01 3.594373e+01 3.595187e+01 3.596001e+01 3.596814e+01 3.597627e+01 3.598441e+01 3.599254e+01 3.600066e+01 3.600877e+01 3.601689e+01 3.602501e+01 3.603313e+01 3.604123e+01 3.604935e+01 3.605745e+01 3.606554e+01 3.607364e+01 3.608174e+01 3.608983e+01 3.609792e+01 3.610600e+01 3.611409e+01 3.612216e+01 3.613025e+01 3.613832e+01 3.614639e+01 3.615446e+01 3.616252e+01 3.617059e+01 3.617865e+01 3.618671e+01 3.619476e+01 3.620280e+01 3.621086e+01 3.621890e+01 3.622694e+01 3.623499e+01 3.624303e+01 3.625105e+01 3.625909e+01 3.626712e+01 3.627515e+01 3.628317e+01 3.629118e+01 3.629921e+01 3.630722e+01 3.631523e+01 3.632324e+01 3.633124e+01 3.633925e+01 3.634724e+01 3.635524e+01 3.636324e+01 3.637123e+01 3.637921e+01 3.638721e+01 3.639519e+01 3.640317e+01 3.641115e+01 3.641911e+01 3.642709e+01 3.643506e+01 3.644302e+01 3.645099e+01 3.645895e+01 3.646690e+01 3.647487e+01 3.648282e+01 3.649077e+01 3.649872e+01 3.650665e+01 3.651460e+01 3.652254e+01 3.653047e+01 3.653841e+01 3.654634e+01 3.655426e+01 3.656219e+01 3.657011e+01 3.657803e+01 3.658594e+01 3.659386e+01 3.660176e+01 3.660968e+01 3.661758e+01 3.662549e+01 3.663338e+01 3.664128e+01 3.664917e+01 3.665706e+01 3.666495e+01 3.667284e+01 3.668073e+01 3.668860e+01 3.669649e+01 3.670436e+01 3.671223e+01 3.672009e+01 3.672797e+01 3.673582e+01 3.674368e+01 3.675154e+01 3.675940e+01 3.676726e+01 3.677510e+01 3.678296e+01 3.679080e+01 3.679865e+01 3.680647e+01 3.681432e+01 3.682214e+01 3.682999e+01 3.683781e+01 3.684564e+01 3.685345e+01 3.686128e+01 3.686909e+01 3.687691e+01 3.688472e+01 3.689253e+01 3.690034e+01 3.690814e+01 3.691595e+01 3.692375e+01 3.693155e+01</incidenceAngle>
        <terrainHeight>2.375278228095238e+03</terrainHeight>
        <roll>3.009257111718667e+01</roll>
      </antennaPattern>
      <antennaPattern>
        <swath>IW1</swath>
        <azimuthTime>2015-05-16T13:34:27.333068</azimuthTime>
        <slantRangeTime count="676">5.337093144532169e-03 5.337590461830731e-03 5.338087779129293e-03 5.338585096427855e-03 5.339082413726417e-03 5.339579731024979e-03 5.340077048323541e-03 5.340574365622103e-03 5.341071682920665e-03 5.341569000219227e-03 5.342066317517788e-03 5.342563634816350e-03 5.343060952114912e-03 5.343558269413474e-03 5.344055586712036e-03 5.344552904010597e-03 5.345050221309159e-03 5.345547538607721e-03 5.346044855906283e-03 5.346542173204845e-03 5.347039490503407e-03 5.347536807801969e-03 5.348034125100530e-03 5.348531442399092e-03 5.349028759697654e-03 5.349526076996216e-03 5.350023394294778e-03 5.350520711593340e-03 5.351018028891902e-03 5.351515346190464e-03 5.352012663489026e-03 5.352509980787588e-03 5.353007298086149e-03 5.353504615384711e-03 5.354001932683273e-03 5.354499249981835e-03 5.354996567280397e-03 5.355493884578959e-03 5.355991201877521e-03 5.356488519176083e-03 5.356985836474645e-03 5.357483153773207e-03 5.357980471071768e-03 5.358477788370330e-03 5.358975105668892e-03 5.359472422967454e-03 5.359969740266015e-03 5.360467057564577e-03 5.360964374863139e-03 5.361461692161701e-03 5.361959009460263e-03 5.362456326758825e-03 5.362953644057387e-03 5.363450961355948e-03 5.363948278654510e-03 5.364445595953072e-03 5.364942913251634e-03 5.365440230550196e-03 5.365937547848758e-03 5.366434865147320e-03 5.366932182445882e-03 5.367429499744444e-03 5.367926817043006e-03 5.368424134341567e-03 5.368921451640129e-03 5.369418768938691e-03 5.369916086237253e-03 5.370413403535815e-03 5.370910720834377e-03 5.371408038132939e-03 5.371905355431501e-03 5.372402672730063e-03 5.372899990028625e-03 5.373397307327187e-03 5.373894624625748e-03 5.374391941924310e-03 5.374889259222872e-03 5.375386576521433e-03 5.375883893819995e-03 5.376381211118557e-03 5.376878528417119e-03 5.377375845715681e-03 5.377873163014243e-03 5.378370480312805e-03 5.378867797611367e-03 5.379365114909928e-03 5.379862432208490e-03 5.380359749507052e-03 5.380857066805614e-03 5.381354384104176e-03 5.381851701402738e-03 5.382349018701300e-03 5.382846335999862e-03 5.383343653298424e-03 5.383840970596986e-03 5.384338287895547e-03 5.384835605194109e-03 5.385332922492671e-03 5.385830239791233e-03 5.386327557089795e-03 5.386824874388357e-03 5.387322191686919e-03 5.387819508985481e-03 5.388316826284043e-03 5.388814143582605e-03 5.389311460881166e-03 5.389808778179728e-03 5.390306095478289e-03 5.390803412776851e-03 5.391300730075413e-03 5.391798047373975e-03 5.392295364672537e-03 5.392792681971099e-03 5.393289999269661e-03 5.393787316568223e-03 5.394284633866785e-03 5.394781951165347e-03 5.395279268463908e-03 5.395776585762470e-03 5.396273903061032e-03 5.396771220359594e-03 5.397268537658156e-03 5.397765854956718e-03 5.398263172255280e-03 5.398760489553842e-03 5.399257806852404e-03 5.399755124150966e-03 5.400252441449527e-03 5.400749758748089e-03 5.401247076046651e-03 5.401744393345213e-03 5.402241710643775e-03 5.402739027942337e-03 5.403236345240899e-03 5.403733662539461e-03 5.404230979838023e-03 5.404728297136585e-03 5.405225614435146e-03 5.405722931733708e-03 5.406220249032269e-03 5.406717566330831e-03 5.407214883629393e-03 5.407712200927955e-03 5.408209518226517e-03 5.408706835525079e-03 5.409204152823641e-03 5.409701470122203e-03 5.410198787420765e-03 5.410696104719327e-03 5.411193422017888e-03 5.411690739316450e-03 5.412188056615012e-03 5.412685373913574e-03 5.413182691212136e-03 5.413680008510698e-03 5.414177325809260e-03 5.414674643107822e-03 5.415171960406384e-03 5.415669277704946e-03 5.416166595003507e-03 5.416663912302069e-03 5.417161229600631e-03 5.417658546899193e-03 5.418155864197755e-03 5.418653181496317e-03 5.419150498794879e-03 5.419647816093441e-03 5.420145133392003e-03 5.420642450690565e-03 5.421139767989126e-03 5.421637085287687e-03 5.422134402586249e-03 5.422631719884811e-03 5.423129037183373e-03 5.423626354481935e-03 5.424123671780497e-03 5.424620989079059e-03 5.425118306377621e-03 5.425615623676183e-03 5.426112940974745e-03 5.426610258273307e-03 5.427107575571868e-03 5.427604892870430e-03 5.428102210168992e-03 5.428599527467554e-03 5.429096844766116e-03 5.429594162064678e-03 5.430091479363240e-03 5.430588796661802e-03 5.431086113960364e-03 5.431583431258926e-03 5.432080748557487e-03 5.432578065856049e-03 5.433075383154611e-03 5.433572700453173e-03 5.434070017751735e-03 5.434567335050297e-03 5.435064652348859e-03 5.435561969647421e-03 5.436059286945982e-03 5.436556604244544e-03 5.437053921543106e-03 5.437551238841667e-03 5.438048556140229e-03 5.438545873438791e-03 5.439043190737353e-03 5.439540508035915e-03 5.440037825334477e-03 5.440535142633039e-03 5.441032459931601e-03 5.441529777230163e-03 5.442027094528725e-03 5.442524411827286e-03 5.443021729125848e-03 5.443519046424410e-03 5.444016363722972e-03 5.444513681021534e-03 5.445010998320096e-03 5.445508315618658e-03 5.446005632917220e-03 5.446502950215782e-03 5.447000267514344e-03 5.447497584812905e-03 5.447994902111467e-03 5.448492219410029e-03 5.448989536708591e-03 5.449486854007153e-03 5.449984171305715e-03 5.450481488604277e-03 5.450978805902839e-03 5.451476123201400e-03 5.451973440499962e-03 5.452470757798524e-03 5.452968075097086e-03 5.453465392395647e-03 5.453962709694209e-03 5.454460026992771e-03 5.454957344291333e-03 5.455454661589895e-03 5.455951978888457e-03 5.456449296187019e-03 5.456946613485581e-03 5.457443930784143e-03 5.457941248082705e-03 5.458438565381266e-03 5.458935882679828e-03 5.459433199978390e-03 5.459930517276952e-03 5.460427834575514e-03 5.460925151874076e-03 5.461422469172638e-03 5.461919786471200e-03 5.462417103769762e-03 5.462914421068324e-03 5.463411738366885e-03 5.463909055665447e-03 5.464406372964009e-03 5.464903690262571e-03 5.465401007561133e-03 5.465898324859695e-03 5.466395642158257e-03 5.466892959456818e-03 5.467390276755380e-03 5.467887594053942e-03 5.468384911352504e-03 5.468882228651066e-03 5.469379545949627e-03 5.469876863248189e-03 5.470374180546751e-03 5.470871497845313e-03 5.471368815143875e-03 5.471866132442437e-03 5.472363449740999e-03 5.472860767039561e-03 5.473358084338123e-03 5.473855401636685e-03 5.474352718935246e-03 5.474850036233808e-03 5.475347353532370e-03 5.475844670830932e-03 5.476341988129494e-03 5.476839305428056e-03 5.477336622726618e-03 5.477833940025180e-03 5.478331257323742e-03 5.478828574622304e-03 5.479325891920865e-03 5.479823209219427e-03 5.480320526517989e-03 5.480817843816551e-03 5.481315161115113e-03 5.481812478413674e-03 5.482309795712236e-03 5.482807113010798e-03 5.483304430309360e-03 5.483801747607922e-03 5.484299064906484e-03 5.484796382205046e-03 5.485293699503607e-03 5.485791016802169e-03 5.486288334100731e-03 5.486785651399293e-03 5.487282968697855e-03 5.487780285996417e-03 5.488277603294979e-03 5.488774920593541e-03 5.489272237892103e-03 5.489769555190665e-03 5.490266872489226e-03 5.490764189787788e-03 5.491261507086350e-03 5.491758824384912e-03 5.492256141683474e-03 5.492753458982036e-03 5.493250776280598e-03 5.493748093579160e-03 5.494245410877722e-03 5.494742728176284e-03 5.495240045474845e-03 5.495737362773407e-03 5.496234680071969e-03 5.496731997370531e-03 5.497229314669092e-03 5.497726631967654e-03 5.498223949266216e-03 5.498721266564778e-03 5.499218583863340e-03 5.499715901161902e-03 5.500213218460464e-03 5.500710535759025e-03 5.501207853057587e-03 5.501705170356149e-03 5.502202487654711e-03 5.502699804953273e-03 5.503197122251835e-03 5.503694439550397e-03 5.504191756848959e-03 5.504689074147521e-03 5.505186391446083e-03 5.505683708744645e-03 5.506181026043206e-03 5.506678343341768e-03 5.507175660640330e-03 5.507672977938892e-03 5.508170295237454e-03 5.508667612536016e-03 5.509164929834578e-03 5.509662247133140e-03 5.510159564431702e-03 5.510656881730264e-03 5.511154199028825e-03 5.511651516327387e-03 5.512148833625949e-03 5.512646150924510e-03 5.513143468223072e-03 5.513640785521634e-03 5.514138102820196e-03 5.514635420118758e-03 5.515132737417320e-03 5.515630054715882e-03 5.516127372014444e-03 5.516624689313005e-03 5.517122006611567e-03 5.517619323910129e-03 5.518116641208691e-03 5.518613958507253e-03 5.519111275805815e-03 5.519608593104377e-03 5.520105910402939e-03 5.520603227701501e-03 5.521100545000063e-03 5.521597862298624e-03 5.522095179597186e-03 5.522592496895748e-03 5.523089814194310e-03 5.523587131492872e-03 5.524084448791434e-03 5.524581766089996e-03 5.525079083388558e-03 5.525576400687120e-03 5.526073717985682e-03 5.526571035284243e-03 5.527068352582805e-03 5.527565669881366e-03 5.528062987179928e-03 5.528560304478490e-03 5.529057621777052e-03 5.529554939075614e-03 5.530052256374176e-03 5.530549573672738e-03 5.531046890971300e-03 5.531544208269862e-03 5.532041525568424e-03 5.532538842866985e-03 5.533036160165547e-03 5.533533477464109e-03 5.534030794762671e-03 5.534528112061233e-03 5.535025429359795e-03 5.535522746658357e-03 5.536020063956919e-03 5.536517381255481e-03 5.537014698554043e-03 5.537512015852604e-03 5.538009333151166e-03 5.538506650449728e-03 5.539003967748290e-03 5.539501285046852e-03 5.539998602345414e-03 5.540495919643976e-03 5.540993236942538e-03 5.541490554241100e-03 5.541987871539662e-03 5.542485188838223e-03 5.542982506136785e-03 5.543479823435346e-03 5.543977140733908e-03 5.544474458032470e-03 5.544971775331032e-03 5.545469092629594e-03 5.545966409928156e-03 5.546463727226718e-03 5.546961044525280e-03 5.547458361823842e-03 5.547955679122404e-03 5.548452996420965e-03 5.548950313719527e-03 5.549447631018089e-03 5.549944948316651e-03 5.550442265615213e-03 5.550939582913775e-03 5.551436900212337e-03 5.551934217510899e-03 5.552431534809461e-03 5.552928852108023e-03 5.553426169406584e-03 5.553923486705146e-03 5.554420804003708e-03 5.554918121302270e-03 5.555415438600832e-03 5.555912755899393e-03 5.556410073197954e-03 5.556907390496515e-03 5.557404707795076e-03 5.557902025093637e-03 5.558399342392198e-03 5.558896659690759e-03 5.559393976989320e-03 5.559891294287881e-03 5.560388611586442e-03 5.560885928885003e-03 5.561383246183565e-03 5.561880563482126e-03 5.562377880780687e-03 5.562875198079248e-03 5.563372515377809e-03 5.563869832676370e-03 5.564367149974932e-03 5.564864467273493e-03 5.565361784572054e-03 5.565859101870615e-03 5.566356419169176e-03 5.566853736467737e-03 5.567351053766298e-03 5.567848371064859e-03 5.568345688363421e-03 5.568843005661982e-03 5.569340322960543e-03 5.569837640259104e-03 5.570334957557665e-03 5.570832274856226e-03 5.571329592154787e-03 5.571826909453348e-03 5.572324226751909e-03 5.572821544050470e-03 5.573318861349031e-03 5.573816178647592e-03 5.574313495946153e-03 5.574810813244714e-03 5.575308130543276e-03 5.575805447841837e-03 5.576302765140398e-03 5.576800082438959e-03 5.577297399737520e-03 5.577794717036081e-03 5.578292034334642e-03 5.578789351633203e-03 5.579286668931764e-03 5.579783986230325e-03 5.580281303528886e-03 5.580778620827447e-03 5.581275938126008e-03 5.581773255424569e-03 5.582270572723131e-03 5.582767890021692e-03 5.583265207320253e-03 5.583762524618814e-03 5.584259841917375e-03 5.584757159215937e-03 5.585254476514498e-03 5.585751793813059e-03 5.586249111111620e-03 5.586746428410181e-03 5.587243745708742e-03 5.587741063007303e-03 5.588238380305864e-03 5.588735697604425e-03 5.589233014902987e-03 5.589730332201548e-03 5.590227649500109e-03 5.590724966798670e-03 5.591222284097231e-03 5.591719601395792e-03 5.592216918694353e-03 5.592714235992914e-03 5.593211553291475e-03 5.593708870590036e-03 5.594206187888597e-03 5.594703505187158e-03 5.595200822485719e-03 5.595698139784281e-03 5.596195457082842e-03 5.596692774381403e-03 5.597190091679964e-03 5.597687408978525e-03 5.598184726277086e-03 5.598682043575647e-03 5.599179360874208e-03 5.599676678172769e-03 5.600173995471330e-03 5.600671312769891e-03 5.601168630068452e-03 5.601665947367013e-03 5.602163264665574e-03 5.602660581964136e-03 5.603157899262697e-03 5.603655216561258e-03 5.604152533859819e-03 5.604649851158380e-03 5.605147168456942e-03 5.605644485755503e-03 5.606141803054064e-03 5.606639120352625e-03 5.607136437651186e-03 5.607633754949747e-03 5.608131072248308e-03 5.608628389546869e-03 5.609125706845430e-03 5.609623024143992e-03 5.610120341442553e-03 5.610617658741114e-03 5.611114976039675e-03 5.611612293338236e-03 5.612109610636797e-03 5.612606927935358e-03 5.613104245233919e-03 5.613601562532480e-03 5.614098879831041e-03 5.614596197129602e-03 5.615093514428163e-03 5.615590831726724e-03 5.616088149025285e-03 5.616585466323847e-03 5.617082783622408e-03 5.617580100920969e-03 5.618077418219530e-03 5.618574735518091e-03 5.619072052816652e-03 5.619569370115213e-03 5.620066687413774e-03 5.620564004712335e-03 5.621061322010896e-03 5.621558639309457e-03 5.622055956608018e-03 5.622553273906579e-03 5.623050591205140e-03 5.623547908503702e-03 5.624045225802263e-03 5.624542543100824e-03 5.625039860399385e-03 5.625537177697947e-03 5.626034494996508e-03 5.626531812295069e-03 5.627029129593630e-03 5.627526446892191e-03 5.628023764190752e-03 5.628521081489313e-03 5.629018398787874e-03 5.629515716086435e-03 5.630013033384996e-03 5.630510350683558e-03 5.631007667982119e-03 5.631504985280680e-03 5.632002302579241e-03 5.632499619877802e-03 5.632996937176363e-03 5.633494254474924e-03 5.633991571773485e-03 5.634488889072046e-03 5.634986206370607e-03 5.635483523669168e-03 5.635980840967729e-03 5.636478158266290e-03 5.636975475564851e-03 5.637472792863413e-03 5.637970110161974e-03 5.638467427460535e-03 5.638964744759096e-03 5.639462062057657e-03 5.639959379356218e-03 5.640456696654779e-03 5.640954013953340e-03 5.641451331251901e-03 5.641948648550462e-03 5.642445965849023e-03 5.642943283147584e-03 5.643440600446145e-03 5.643937917744707e-03 5.644435235043268e-03 5.644932552341829e-03 5.645429869640391e-03 5.645927186938952e-03 5.646424504237513e-03 5.646921821536074e-03 5.647419138834635e-03 5.647916456133196e-03 5.648413773431757e-03 5.648911090730318e-03 5.649408408028879e-03 5.649905725327440e-03 5.650403042626001e-03 5.650900359924562e-03 5.651397677223124e-03 5.651894994521685e-03 5.652392311820246e-03 5.652889629118807e-03 5.653386946417368e-03 5.653884263715929e-03 5.654381581014490e-03 5.654878898313051e-03 5.655376215611612e-03 5.655873532910173e-03 5.656370850208734e-03 5.656868167507295e-03 5.657365484805856e-03 5.657862802104417e-03 5.658360119402979e-03 5.658857436701540e-03 5.659354754000101e-03 5.659852071298662e-03 5.660349388597223e-03 5.660846705895784e-03 5.661344023194345e-03 5.661841340492906e-03 5.662338657791467e-03 5.662835975090028e-03 5.663333292388589e-03 5.663830609687150e-03 5.664327926985712e-03 5.664825244284273e-03 5.665322561582834e-03 5.665819878881396e-03 5.666317196179957e-03 5.666814513478518e-03 5.667311830777079e-03 5.667809148075640e-03 5.668306465374201e-03 5.668803782672762e-03 5.669301099971323e-03 5.669798417269884e-03 5.670295734568445e-03 5.670793051867006e-03 5.671290369165567e-03 5.671787686464129e-03 5.672285003762690e-03 5.672782321061251e-03</slantRangeTime>
        <elevationAngle count="676">2.757679e+01 2.758570e+01 2.759460e+01 2.760349e+01 2.761238e+01 2.762127e+01 2.763015e+01 2.763902e+01 2.764790e+01 2.765676e+01 2.766563e+01 2.767448e+01 2.768334e+01 2.769219e+01 2.770104e+01 2.770988e+01 2.771871e+01 2.772755e+01 2.773638e+01 2.774520e+01 2.775402e+01 2.776283e+01 2.777165e+01 2.778045e+01 2.778926e+01 2.779805e+01 2.780685e+01 2.781564e+01 2.782442e+01 2.783320e+01 2.784198e+01 2.785075e+01 2.785952e+01 2.786828e+01 2.787704e+01 2.788580e+01 2.789455e+01 2.790330e+01 2.791204e+01 2.792078e+01 2.792951e+01 2.793824e+01 2.794697e+01 2.795569e+01 2.796440e+01 2.797312e+01 2.798182e+01 2.799053e+01 2.799923e+01 2.800793e+01 2.801662e+01 2.802530e+01 2.803399e+01 2.804267e+01 2.805134e+01 2.806001e+01 2.806868e+01 2.807734e+01 2.808600e+01 2.809465e+01 2.810330e+01 2.811195e+01 2.812059e+01 2.812923e+01 2.813786e+01 2.814649e+01 2.815512e+01 2.816373e+01 2.817235e+01 2.818096e+01 2.818957e+01 2.819818e+01 2.820678e+01 2.821537e+01 2.822396e+01 2.823255e+01 2.824114e+01 2.824972e+01 2.825829e+01 2.826686e+01 2.827543e+01 2.828399e+01 2.829255e+01 2.830111e+01 2.830966e+01 2.831821e+01 2.832675e+01 2.833529e+01 2.834382e+01 2.835235e+01 2.836088e+01 2.836940e+01 2.837792e+01 2.838644e+01 2.839495e+01 2.840345e+01 2.841196e+01 2.842046e+01 2.842895e+01 2.843744e+01 2.844593e+01 2.845441e+01 2.846289e+01 2.847136e+01 2.847983e+01 2.848830e+01 2.849676e+01 2.850522e+01 2.851368e+01 2.852213e+01 2.853057e+01 2.853902e+01 2.854745e+01 2.855589e+01 2.856432e+01 2.857275e+01 2.858117e+01 2.858959e+01 2.859801e+01 2.860642e+01 2.861482e+01 2.862323e+01 2.863163e+01 2.864002e+01 2.864841e+01 2.865680e+01 2.866519e+01 2.867356e+01 2.868194e+01 2.869031e+01 2.869868e+01 2.870705e+01 2.871541e+01 2.872376e+01 2.873211e+01 2.874047e+01 2.874881e+01 2.875715e+01 2.876549e+01 2.877382e+01 2.878215e+01 2.879048e+01 2.879880e+01 2.880712e+01 2.881543e+01 2.882374e+01 2.883205e+01 2.884035e+01 2.884865e+01 2.885695e+01 2.886524e+01 2.887352e+01 2.888181e+01 2.889009e+01 2.889836e+01 2.890664e+01 2.891490e+01 2.892317e+01 2.893143e+01 2.893969e+01 2.894794e+01 2.895619e+01 2.896444e+01 2.897268e+01 2.898092e+01 2.898915e+01 2.899738e+01 2.900561e+01 2.901383e+01 2.902205e+01 2.903027e+01 2.903848e+01 2.904669e+01 2.905489e+01 2.906309e+01 2.907129e+01 2.907948e+01 2.908767e+01 2.909586e+01 2.910404e+01 2.911222e+01 2.912039e+01 2.912856e+01 2.913673e+01 2.914490e+01 2.915306e+01 2.916121e+01 2.916936e+01 2.917752e+01 2.918566e+01 2.919380e+01 2.920194e+01 2.921007e+01 2.921820e+01 2.922633e+01 2.923446e+01 2.924257e+01 2.925069e+01 2.925880e+01 2.926691e+01 2.927502e+01 2.928312e+01 2.929122e+01 2.929931e+01 2.930740e+01 2.931549e+01 2.932357e+01 2.933165e+01 2.933973e+01 2.934780e+01 2.935587e+01 2.936393e+01 2.937200e+01 2.938005e+01 2.938811e+01 2.939616e+01 2.940421e+01 2.941225e+01 2.942029e+01 2.942833e+01 2.943636e+01 2.944439e+01 2.945242e+01 2.946044e+01 2.946846e+01 2.947647e+01 2.948448e+01 2.949249e+01 2.950050e+01 2.950850e+01 2.951649e+01 2.952449e+01 2.953248e+01 2.954046e+01 2.954845e+01 2.955643e+01 2.956441e+01 2.957238e+01 2.958035e+01 2.958831e+01 2.959628e+01 2.960423e+01 2.961219e+01 2.962014e+01 2.962809e+01 2.963603e+01 2.964397e+01 2.965191e+01 2.965985e+01 2.966778e+01 2.967570e+01 2.968363e+01 2.969155e+01 2.969946e+01 2.970738e+01 2.971529e+01 2.972320e+01 2.973110e+01 2.973900e+01 2.974689e+01 2.975479e+01 2.976268e+01 2.977056e+01 2.977844e+01 2.978632e+01 2.979420e+01 2.980207e+01 2.980994e+01 2.981780e+01 2.982567e+01 2.983352e+01 2.984138e+01 2.984923e+01 2.985708e+01 2.986492e+01 2.987276e+01 2.988060e+01 2.988844e+01 2.989627e+01 2.990410e+01 2.991192e+01 2.991974e+01 2.992756e+01 2.993537e+01 2.994318e+01 2.995099e+01 2.995880e+01 2.996660e+01 2.997439e+01 2.998219e+01 2.998998e+01 2.999777e+01 3.000555e+01 3.001333e+01 3.002111e+01 3.002888e+01 3.003665e+01 3.004442e+01 3.005218e+01 3.005994e+01 3.006770e+01 3.007546e+01 3.008321e+01 3.009095e+01 3.009870e+01 3.010644e+01 3.011418e+01 3.012191e+01 3.012964e+01 3.013737e+01 3.014509e+01 3.015281e+01 3.016053e+01 3.016825e+01 3.017595e+01 3.018366e+01 3.019137e+01 3.019907e+01 3.020677e+01 3.021446e+01 3.022215e+01 3.022984e+01 3.023753e+01 3.024521e+01 3.025288e+01 3.026056e+01 3.026823e+01 3.027590e+01 3.028357e+01 3.029123e+01 3.029889e+01 3.030654e+01 3.031419e+01 3.032184e+01 3.032949e+01 3.033713e+01 3.034477e+01 3.035241e+01 3.036004e+01 3.036767e+01 3.037530e+01 3.038292e+01 3.039054e+01 3.039816e+01 3.040577e+01 3.041338e+01 3.042099e+01 3.042859e+01 3.043619e+01 3.044379e+01 3.045138e+01 3.045897e+01 3.046656e+01 3.047415e+01 3.048173e+01 3.048931e+01 3.049688e+01 3.050446e+01 3.051202e+01 3.051959e+01 3.052715e+01 3.053471e+01 3.054227e+01 3.054982e+01 3.055737e+01 3.056492e+01 3.057246e+01 3.058000e+01 3.058754e+01 3.059508e+01 3.060261e+01 3.061013e+01 3.061766e+01 3.062518e+01 3.063270e+01 3.064021e+01 3.064773e+01 3.065524e+01 3.066274e+01 3.067025e+01 3.067775e+01 3.068524e+01 3.069274e+01 3.070023e+01 3.070772e+01 3.071520e+01 3.072268e+01 3.073016e+01 3.073763e+01 3.074511e+01 3.075257e+01 3.076004e+01 3.076750e+01 3.077497e+01 3.078242e+01 3.078988e+01 3.079733e+01 3.080477e+01 3.081222e+01 3.081966e+01 3.082710e+01 3.083453e+01 3.084196e+01 3.084939e+01 3.085682e+01 3.086424e+01 3.087166e+01 3.087908e+01 3.088649e+01 3.089391e+01 3.090131e+01 3.090872e+01 3.091612e+01 3.092352e+01 3.093091e+01 3.093831e+01 3.094570e+01 3.095308e+01 3.096047e+01 3.096785e+01 3.097523e+01 3.098260e+01 3.098997e+01 3.099734e+01 3.100471e+01 3.101207e+01 3.101943e+01 3.102678e+01 3.103414e+01 3.104149e+01 3.104884e+01 3.105618e+01 3.106352e+01 3.107086e+01 3.107820e+01 3.108553e+01 3.109286e+01 3.110019e+01 3.110751e+01 3.111483e+01 3.112215e+01 3.112947e+01 3.113678e+01 3.114409e+01 3.115139e+01 3.115870e+01 3.116599e+01 3.117329e+01 3.118059e+01 3.118788e+01 3.119517e+01 3.120245e+01 3.120974e+01 3.121701e+01 3.122429e+01 3.123157e+01 3.123884e+01 3.124611e+01 3.125337e+01 3.126063e+01 3.126789e+01 3.127515e+01 3.128240e+01 3.128965e+01 3.129690e+01 3.130414e+01 3.131139e+01 3.131862e+01 3.132586e+01 3.133309e+01 3.134032e+01 3.134755e+01 3.135477e+01 3.136200e+01 3.136922e+01 3.137643e+01 3.138364e+01 3.139085e+01 3.139806e+01 3.140527e+01 3.141247e+01 3.141967e+01 3.142686e+01 3.143405e+01 3.144124e+01 3.144843e+01 3.145562e+01 3.146280e+01 3.146998e+01 3.147715e+01 3.148432e+01 3.149149e+01 3.149866e+01 3.150583e+01 3.151299e+01 3.152015e+01 3.152730e+01 3.153445e+01 3.154160e+01 3.154875e+01 3.155590e+01 3.156304e+01 3.157018e+01 3.157731e+01 3.158445e+01 3.159158e+01 3.159871e+01 3.160583e+01 3.161295e+01 3.162007e+01 3.162719e+01 3.163430e+01 3.164141e+01 3.164852e+01 3.165562e+01 3.166273e+01 3.166983e+01 3.167692e+01 3.168402e+01 3.169111e+01 3.169820e+01 3.170528e+01 3.171237e+01 3.171945e+01 3.172652e+01 3.173360e+01 3.174067e+01 3.174774e+01 3.175480e+01 3.176187e+01 3.176893e+01 3.177599e+01 3.178304e+01 3.179010e+01 3.179715e+01 3.180419e+01 3.181124e+01 3.181828e+01 3.182532e+01 3.183235e+01 3.183939e+01 3.184642e+01 3.185345e+01 3.186047e+01 3.186749e+01 3.187451e+01 3.188153e+01 3.188854e+01 3.189555e+01 3.190256e+01 3.190957e+01 3.191657e+01 3.192357e+01 3.193057e+01 3.193757e+01 3.194456e+01 3.195155e+01 3.195854e+01 3.196552e+01 3.197250e+01 3.197948e+01 3.198646e+01 3.199343e+01 3.200040e+01 3.200737e+01 3.201434e+01 3.202130e+01 3.202826e+01 3.203521e+01 3.204217e+01 3.204912e+01 3.205607e+01 3.206302e+01 3.206996e+01 3.207690e+01 3.208384e+01 3.209078e+01 3.209771e+01 3.210464e+01 3.211157e+01 3.211850e+01 3.212542e+01 3.213234e+01 3.213926e+01 3.214617e+01 3.215308e+01 3.215999e+01 3.216690e+01 3.217381e+01 3.218071e+01 3.218761e+01 3.219450e+01 3.220140e+01 3.220829e+01 3.221518e+01 3.222206e+01 3.222894e+01 3.223582e+01 3.224270e+01 3.224958e+01 3.225645e+01 3.226332e+01 3.227019e+01 3.227705e+01 3.228392e+01 3.229078e+01 3.229763e+01 3.230449e+01 3.231134e+01 3.231819e+01 3.232504e+01 3.233188e+01 3.233872e+01 3.234556e+01 3.235239e+01 3.235923e+01 3.236606e+01 3.237289e+01 3.237971e+01 3.238654e+01 3.239336e+01 3.240018e+01 3.240699e+01 3.241380e+01 3.242062e+01 3.242742e+01 3.243423e+01 3.244103e+01 3.244783e+01 3.245463e+01 3.246143e+01 3.246822e+01 3.247501e+01 3.248179e+01 3.248858e+01 3.249536e+01 3.250214e+01 3.250892e+01 3.251569e+01 3.252246e+01 3.252924e+01 3.253600e+01 3.254277e+01 3.254953e+01 3.255629e+01 3.256305e+01 3.256980e+01 3.257655e+01 3.258330e+01 3.259005e+01 3.259679e+01 3.260353e+01 3.261027e+01 3.261701e+01 3.262374e+01 3.263047e+01 3.263720e+01 3.264393e+01 3.265065e+01 3.265738e+01 3.266409e+01 3.267081e+01 3.267752e+01 3.268423e+01 3.269094e+01 3.269765e+01 3.270436e+01 3.271106e+01 3.271776e+01 3.272445e+01 3.273115e+01 3.273784e+01 3.274453e+01 3.275122e+01 3.275790e+01 3.276458e+01</elevationAngle>
        <elevationPattern count="676">1.300592e+14 -1.510823e+14 1.301304e+14 -1.522041e+14 1.302000e+14 -1.533253e+14 1.302000e+14 -1.544460e+14 1.302000e+14 -1.555660e+14 1.302000e+14 -1.566855e+14 1.302000e+14 -1.578046e+14 1.302000e+14 -1.589230e+14 1.301790e+14 -1.600409e+14 1.301258e+14 -1.611583e+14 1.300726e+14 -1.622750e+14 1.300195e+14 -1.633913e+14 1.299663e+14 -1.645070e+14 1.299132e+14 -1.656221e+14 1.298070e+14 -1.667367e+14 1.296833e+14 -1.678507e+14 1.295595e+14 -1.689642e+14 1.294359e+14 -1.700771e+14 1.293123e+14 -1.711895e+14 1.291839e+14 -1.723029e+14 1.290075e+14 -1.734319e+14 1.288312e+14 -1.745602e+14 1.286550e+14 -1.756881e+14 1.284789e+14 -1.768154e+14 1.283028e+14 -1.779421e+14 1.281049e+14 -1.790609e+14 1.278763e+14 -1.801689e+14 1.276477e+14 -1.812764e+14 1.274193e+14 -1.823833e+14 1.271910e+14 -1.834897e+14 1.269628e+14 -1.845956e+14 1.266712e+14 -1.857009e+14 1.263555e+14 -1.868057e+14 1.260400e+14 -1.879099e+14 1.257247e+14 -1.890136e+14 1.254095e+14 -1.901167e+14 1.250935e+14 -1.912194e+14 1.247262e+14 -1.923215e+14 1.243590e+14 -1.934230e+14 1.239920e+14 -1.945241e+14 1.236252e+14 -1.956245e+14 1.232585e+14 -1.967244e+14 1.228767e+14 -1.978187e+14 1.224580e+14 -1.989001e+14 1.220396e+14 -1.999810e+14 1.216214e+14 -2.010614e+14 1.212034e+14 -2.021413e+14 1.207856e+14 -2.032206e+14 1.203196e+14 -2.042897e+14 1.198153e+14 -2.053506e+14 1.193112e+14 -2.064110e+14 1.188073e+14 -2.074708e+14 1.183036e+14 -2.085302e+14 1.178003e+14 -2.095891e+14 1.172555e+14 -2.106474e+14 1.167005e+14 -2.117052e+14 1.161459e+14 -2.127625e+14 1.155915e+14 -2.138193e+14 1.150374e+14 -2.148757e+14 1.144815e+14 -2.159309e+14 1.138587e+14 -2.169689e+14 1.132362e+14 -2.180064e+14 1.126140e+14 -2.190434e+14 1.119921e+14 -2.200798e+14 1.113705e+14 -2.211158e+14 1.107367e+14 -2.221471e+14 1.100639e+14 -2.231648e+14 1.093915e+14 -2.241821e+14 1.087194e+14 -2.251989e+14 1.080476e+14 -2.262151e+14 1.073762e+14 -2.272309e+14 1.066748e+14 -2.282462e+14 1.059352e+14 -2.292610e+14 1.051959e+14 -2.302754e+14 1.044570e+14 -2.312892e+14 1.037185e+14 -2.323025e+14 1.029803e+14 -2.333154e+14 1.022052e+14 -2.343065e+14 1.014077e+14 -2.352842e+14 1.006105e+14 -2.362613e+14 9.981375e+13 -2.372380e+14 9.901736e+13 -2.382142e+14 9.822136e+13 -2.391900e+14 9.737339e+13 -2.401384e+14 9.651143e+13 -2.410790e+14 9.564989e+13 -2.420192e+14 9.478875e+13 -2.429589e+14 9.392802e+13 -2.438981e+14 9.306771e+13 -2.448370e+14 9.214891e+13 -2.457595e+14 9.122632e+13 -2.466804e+14 9.030418e+13 -2.476009e+14 8.938246e+13 -2.485209e+14 8.846115e+13 -2.494404e+14 8.753622e+13 -2.503574e+14 8.655284e+13 -2.512420e+14 8.556993e+13 -2.521263e+14 8.458751e+13 -2.530102e+14 8.360553e+13 -2.538936e+14 8.262406e+13 -2.547767e+14 8.163259e+13 -2.556531e+14 8.059431e+13 -2.565013e+14 7.955654e+13 -2.573492e+14 7.851926e+13 -2.581967e+14 7.748247e+13 -2.590438e+14 7.644613e+13 -2.598904e+14 7.539329e+13 -2.607319e+14 7.429706e+13 -2.615609e+14 7.320131e+13 -2.623894e+14 7.210609e+13 -2.632176e+14 7.101140e+13 -2.640454e+14 6.991723e+13 -2.648728e+14 6.880275e+13 -2.656814e+14 6.765223e+13 -2.664574e+14 6.650225e+13 -2.672331e+14 6.535281e+13 -2.680084e+14 6.420392e+13 -2.687833e+14 6.305553e+13 -2.695578e+14 6.188390e+13 -2.703176e+14 6.068109e+13 -2.710578e+14 5.947883e+13 -2.717976e+14 5.827715e+13 -2.725371e+14 5.707603e+13 -2.732763e+14 5.587547e+13 -2.740151e+14 5.464892e+13 -2.747294e+14 5.339413e+13 -2.754173e+14 5.213990e+13 -2.761047e+14 5.088627e+13 -2.767919e+14 4.963322e+13 -2.774788e+14 4.838074e+13 -2.781653e+14 4.710312e+13 -2.788342e+14 4.580162e+13 -2.794867e+14 4.450074e+13 -2.801389e+14 4.320045e+13 -2.807907e+14 4.190076e+13 -2.814422e+14 4.060166e+13 -2.820934e+14 3.927669e+13 -2.827177e+14 3.792876e+13 -2.833184e+14 3.658145e+13 -2.839186e+14 3.523478e+13 -2.845187e+14 3.388871e+13 -2.851184e+14 3.254327e+13 -2.857178e+14 3.117202e+13 -2.862905e+14 2.977792e+13 -2.868396e+14 2.838446e+13 -2.873884e+14 2.699163e+13 -2.879368e+14 2.559945e+13 -2.884851e+14 2.420790e+13 -2.890330e+14 2.279488e+13 -2.895638e+14 2.136149e+13 -2.900781e+14 1.992875e+13 -2.905921e+14 1.849667e+13 -2.911059e+14 1.706525e+13 -2.916195e+14 1.563449e+13 -2.921329e+14 1.418343e+13 -2.926222e+14 1.271031e+13 -2.930854e+14 1.123786e+13 -2.935485e+14 9.766075e+12 -2.940112e+14 8.294972e+12 -2.944739e+14 6.824542e+12 -2.949363e+14 5.336775e+12 -2.953701e+14 3.825784e+12 -2.957661e+14 2.315480e+12 -2.961619e+14 8.058676e+11 -2.965575e+14 -7.030558e+11 -2.969529e+14 -2.211291e+12 -2.973482e+14 -3.731974e+12 -2.977314e+14 -5.275032e+12 -2.980934e+14 -6.817387e+12 -2.984552e+14 -8.359038e+12 -2.988168e+14 -9.899993e+12 -2.991784e+14 -1.144024e+13 -2.995396e+14 -1.298996e+13 -2.998825e+14 -1.456524e+13 -3.001778e+14 -1.613980e+13 -3.004731e+14 -1.771365e+13 -3.007682e+14 -1.928678e+13 -3.010631e+14 -2.085918e+13 -3.013579e+14 -2.243675e+13 -3.016439e+14 -2.404046e+13 -3.018893e+14 -2.564346e+13 -3.021346e+14 -2.724572e+13 -3.023799e+14 -2.884726e+13 -3.026250e+14 -3.044809e+13 -3.028701e+14 -3.204988e+13 -3.031110e+14 -3.367700e+13 -3.032905e+14 -3.530338e+13 -3.034699e+14 -3.692902e+13 -3.036493e+14 -3.855394e+13 -3.038286e+14 -4.017811e+13 -3.040078e+14 -4.180154e+13 -3.041868e+14 -4.344993e+13 -3.043358e+14 -4.509956e+13 -3.044821e+14 -4.674846e+13 -3.046286e+14 -4.839662e+13 -3.047749e+14 -5.004403e+13 -3.049211e+14 -5.169069e+13 -3.050672e+14 -5.335679e+13 -3.051630e+14 -5.502793e+13 -3.052441e+14 -5.669834e+13 -3.053252e+14 -5.836798e+13 -3.054062e+14 -6.003689e+13 -3.054873e+14 -6.170504e+13 -3.055682e+14 -6.338425e+13 -3.056099e+14 -6.507030e+13 -3.056259e+14 -6.675566e+13 -3.056423e+14 -6.844019e+13 -3.056583e+14 -7.012402e+13 -3.056745e+14 -7.180707e+13 -3.056907e+14 -7.349757e+13 -3.056864e+14 -7.519849e+13 -3.056541e+14 -7.689864e+13 -3.056218e+14 -7.859804e+13 -3.055895e+14 -8.029670e+13 -3.055574e+14 -8.199459e+13 -3.055252e+14 -8.369525e+13 -3.054823e+14 -8.540771e+13 -3.054019e+14 -8.711943e+13 -3.053214e+14 -8.883037e+13 -3.052411e+14 -9.054054e+13 -3.051606e+14 -9.224998e+13 -3.050803e+14 -9.395868e+13 -3.050001e+14 -9.568258e+13 -3.048556e+14 -9.740579e+13 -3.047113e+14 -9.912823e+13 -3.045669e+14 -1.008499e+14 -3.044226e+14 -1.025708e+14 -3.042785e+14 -1.042909e+14 -3.041343e+14 -1.060176e+14 -3.039536e+14 -1.077458e+14 -3.037615e+14 -1.094733e+14 -3.035696e+14 -1.112000e+14 -3.033778e+14 -1.129259e+14 -3.031861e+14 -1.146510e+14 -3.029943e+14 -1.163755e+14 -3.027785e+14 -1.180991e+14 -3.025390e+14 -1.198220e+14 -3.022998e+14 -1.215441e+14 -3.020606e+14 -1.232654e+14 -3.018215e+14 -1.249860e+14 -3.015825e+14 -1.267059e+14 -3.013286e+14 -1.284249e+14 -3.010262e+14 -1.301433e+14 -3.007239e+14 -1.318608e+14 -3.004217e+14 -1.335776e+14 -3.001197e+14 -1.352937e+14 -2.998177e+14 -1.370090e+14 -2.995160e+14 -1.387386e+14 -2.991543e+14 -1.404682e+14 -2.987892e+14 -1.421972e+14 -2.984245e+14 -1.439253e+14 -2.980598e+14 -1.456527e+14 -2.976953e+14 -1.473794e+14 -2.973311e+14 -1.491052e+14 -2.969464e+14 -1.508304e+14 -2.965508e+14 -1.525547e+14 -2.961553e+14 -1.542783e+14 -2.957600e+14 -1.560012e+14 -2.953648e+14 -1.577233e+14 -2.949699e+14 -1.594447e+14 -2.945551e+14 -1.611652e+14 -2.940973e+14 -1.628851e+14 -2.936398e+14 -1.646042e+14 -2.931824e+14 -1.663226e+14 -2.927252e+14 -1.680402e+14 -2.922682e+14 -1.697570e+14 -2.918114e+14 -1.714578e+14 -2.913088e+14 -1.731574e+14 -2.908052e+14 -1.748563e+14 -2.903019e+14 -1.765545e+14 -2.897987e+14 -1.782519e+14 -2.892958e+14 -1.799485e+14 -2.887930e+14 -1.816445e+14 -2.882519e+14 -1.833397e+14 -2.876868e+14 -1.850341e+14 -2.871219e+14 -1.867279e+14 -2.865574e+14 -1.884209e+14 -2.859930e+14 -1.901132e+14 -2.854290e+14 -1.918009e+14 -2.848577e+14 -1.934760e+14 -2.842627e+14 -1.951505e+14 -2.836681e+14 -1.968242e+14 -2.830737e+14 -1.984972e+14 -2.824796e+14 -2.001694e+14 -2.818857e+14 -2.018409e+14 -2.812921e+14 -2.034985e+14 -2.806459e+14 -2.051530e+14 -2.799903e+14 -2.068068e+14 -2.793351e+14 -2.084597e+14 -2.786800e+14 -2.101120e+14 -2.780253e+14 -2.117637e+14 -2.773710e+14 -2.134079e+14 -2.767034e+14 -2.150425e+14 -2.760183e+14 -2.166764e+14 -2.753336e+14 -2.183097e+14 -2.746493e+14 -2.199422e+14 -2.739652e+14 -2.215740e+14 -2.732814e+14 -2.232061e+14 -2.725966e+14 -2.251471e+14 -2.715252e+14 -2.270873e+14 -2.704543e+14 -2.290266e+14 -2.693838e+14 -2.309650e+14 -2.683137e+14 -2.329027e+14 -2.672441e+14 -2.348395e+14 -2.661749e+14 -2.363883e+14 -2.656398e+14 -2.376268e+14 -2.655314e+14 -2.388648e+14 -2.654231e+14 -2.401022e+14 -2.653148e+14 -2.413391e+14 -2.652066e+14 -2.425756e+14 -2.650984e+14 -2.438407e+14 -2.649248e+14 -2.454003e+14 -2.640910e+14 -2.469592e+14 -2.632575e+14 -2.485175e+14 -2.624244e+14 -2.500750e+14 -2.615915e+14 -2.516321e+14 -2.607591e+14 -2.531883e+14 -2.599270e+14 -2.547346e+14 -2.590766e+14 -2.562742e+14 -2.582145e+14 -2.578131e+14 -2.573526e+14 -2.593513e+14 -2.564912e+14 -2.608889e+14 -2.556301e+14 -2.624259e+14 -2.547695e+14 -2.639590e+14 -2.539044e+14 -2.654639e+14 -2.529982e+14 -2.669682e+14 -2.520926e+14 -2.684718e+14 -2.511874e+14 -2.699749e+14 -2.502825e+14 -2.714772e+14 -2.493780e+14 -2.729790e+14 -2.484738e+14 -2.744621e+14 -2.475522e+14 -2.759320e+14 -2.466182e+14 -2.774012e+14 -2.456846e+14 -2.788699e+14 -2.447515e+14 -2.803378e+14 -2.438187e+14 -2.818053e+14 -2.428864e+14 -2.832704e+14 -2.419513e+14 -2.847061e+14 -2.409586e+14 -2.861411e+14 -2.399664e+14 -2.875755e+14 -2.389745e+14 -2.890091e+14 -2.379830e+14 -2.904423e+14 -2.369920e+14 -2.918749e+14 -2.360014e+14 -2.932843e+14 -2.350037e+14 -2.946699e+14 -2.339987e+14 -2.960550e+14 -2.329941e+14 -2.974396e+14 -2.319900e+14 -2.988235e+14 -2.309862e+14 -3.002068e+14 -2.299830e+14 -3.015896e+14 -2.289801e+14 -3.029437e+14 -2.279356e+14 -3.042950e+14 -2.268881e+14 -3.056457e+14 -2.258410e+14 -3.069958e+14 -2.247942e+14 -3.083455e+14 -2.237480e+14 -3.096943e+14 -2.227021e+14 -3.110278e+14 -2.216468e+14 -3.123303e+14 -2.205715e+14 -3.136321e+14 -2.194967e+14 -3.149334e+14 -2.184224e+14 -3.162342e+14 -2.173485e+14 -3.175345e+14 -2.162751e+14 -3.188341e+14 -2.152020e+14 -3.201117e+14 -2.140969e+14 -3.213800e+14 -2.129795e+14 -3.226479e+14 -2.118625e+14 -3.239152e+14 -2.107461e+14 -3.251821e+14 -2.096301e+14 -3.264484e+14 -2.085145e+14 -3.277087e+14 -2.073980e+14 -3.289137e+14 -2.062684e+14 -3.301182e+14 -2.051392e+14 -3.313222e+14 -2.040104e+14 -3.325257e+14 -2.028822e+14 -3.337286e+14 -2.017543e+14 -3.349311e+14 -2.006270e+14 -3.361065e+14 -1.994802e+14 -3.372478e+14 -1.983087e+14 -3.383889e+14 -1.971378e+14 -3.395294e+14 -1.959673e+14 -3.406693e+14 -1.947973e+14 -3.418088e+14 -1.936277e+14 -3.429479e+14 -1.924587e+14 -3.440514e+14 -1.912785e+14 -3.451446e+14 -1.900955e+14 -3.462374e+14 -1.889129e+14 -3.473296e+14 -1.877308e+14 -3.484215e+14 -1.865493e+14 -3.495130e+14 -1.853683e+14 -3.505981e+14 -1.841847e+14 -3.516289e+14 -1.829748e+14 -3.526591e+14 -1.817653e+14 -3.536891e+14 -1.805563e+14 -3.547185e+14 -1.793478e+14 -3.557476e+14 -1.781399e+14 -3.567762e+14 -1.769324e+14 -3.577809e+14 -1.757137e+14 -3.587491e+14 -1.744774e+14 -3.597169e+14 -1.732416e+14 -3.606842e+14 -1.720063e+14 -3.616512e+14 -1.707716e+14 -3.626177e+14 -1.695373e+14 -3.635839e+14 -1.683036e+14 -3.645097e+14 -1.670603e+14 -3.654158e+14 -1.658127e+14 -3.663213e+14 -1.645656e+14 -3.672265e+14 -1.633191e+14 -3.681314e+14 -1.620730e+14 -3.690360e+14 -1.608275e+14 -3.699401e+14 -1.595825e+14 -3.707746e+14 -1.583241e+14 -3.716041e+14 -1.570653e+14 -3.724330e+14 -1.558070e+14 -3.732616e+14 -1.545492e+14 -3.740900e+14 -1.532919e+14 -3.749180e+14 -1.520351e+14 -3.757326e+14 -1.507763e+14 -3.764861e+14 -1.495058e+14 -3.772392e+14 -1.482358e+14 -3.779921e+14 -1.469663e+14 -3.787444e+14 -1.456973e+14 -3.794969e+14 -1.444289e+14 -3.802487e+14 -1.431610e+14 -3.809766e+14 -1.418936e+14 -3.816691e+14 -1.406267e+14 -3.823612e+14 -1.393603e+14 -3.830530e+14 -1.380945e+14 -3.837446e+14 -1.368291e+14 -3.844357e+14 -1.355643e+14 -3.851268e+14 -1.343000e+14 -3.857730e+14 -1.330184e+14 -3.863901e+14 -1.317258e+14 -3.870067e+14 -1.304336e+14 -3.876231e+14 -1.291420e+14 -3.882394e+14 -1.278509e+14 -3.888553e+14 -1.265603e+14 -3.894710e+14 -1.252702e+14 -3.900170e+14 -1.239807e+14 -3.905443e+14 -1.226917e+14 -3.910715e+14 -1.214032e+14 -3.915984e+14 -1.201153e+14 -3.921250e+14 -1.188278e+14 -3.926515e+14 -1.175409e+14 -3.931777e+14 -1.162545e+14 -3.936198e+14 -1.149826e+14 -3.940579e+14 -1.137118e+14 -3.944960e+14 -1.124416e+14 -3.949338e+14 -1.111719e+14 -3.953715e+14 -1.099026e+14 -3.958090e+14 -1.086340e+14 -3.962385e+14 -1.073641e+14 -3.966029e+14 -1.060803e+14 -3.969669e+14 -1.047971e+14 -3.973310e+14 -1.035145e+14 -3.976948e+14 -1.022323e+14 -3.980585e+14 -1.009506e+14 -3.984220e+14 -9.966952e+13 -3.987684e+14 -9.839129e+13 -3.990589e+14 -9.712137e+13 -3.993496e+14 -9.585197e+13 -3.996398e+14 -9.458301e+13 -3.999299e+14 -9.331459e+13 -4.002202e+14 -9.204670e+13 -4.005103e+14 -9.077933e+13 -4.007651e+14 -8.951595e+13 -4.009535e+14 -8.825972e+13 -4.011418e+14 -8.700399e+13 -4.013300e+14 -8.574879e+13 -4.015182e+14 -8.449405e+13 -4.017060e+14 -8.323980e+13 -4.018941e+14 -8.198610e+13 -4.020504e+14 -8.073856e+13 -4.021662e+14 -7.949886e+13 -4.022816e+14 -7.825962e+13 -4.023971e+14 -7.702089e+13 -4.025124e+14 -7.578265e+13 -4.026281e+14 -7.454495e+13 -4.027433e+14 -7.330769e+13 -4.028073e+14 -7.207900e+13 -4.028218e+14 -7.085861e+13 -4.028362e+14 -6.963868e+13 -4.028505e+14 -6.841923e+13 -4.028650e+14 -6.720030e+13 -4.028793e+14 -6.598183e+13 -4.028937e+14 -6.476385e+13 -4.028597e+14 -6.355846e+13 -4.027879e+14 -6.236301e+13 -4.027160e+14 -6.116801e+13 -4.026442e+14 -5.997350e+13 -4.025724e+14 -5.877945e+13 -4.025007e+14 -5.758589e+13 -4.024291e+14 -5.639282e+13 -4.023147e+14 -5.521299e+13 -4.021714e+14 -5.404234e+13 -4.020281e+14 -5.287214e+13 -4.018850e+14 -5.170242e+13 -4.017418e+14 -5.053315e+13 -4.015989e+14 -4.936437e+13 -4.014559e+14 -4.819603e+13 -4.012519e+14 -4.704645e+13 -4.010090e+14 -4.590904e+13 -4.007663e+14 -4.477210e+13 -4.005234e+14 -4.363557e+13 -4.002808e+14 -4.249951e+13 -4.000383e+14 -4.136390e+13 -3.997958e+14 -4.022874e+13 -3.995019e+14 -3.911212e+13 -3.991740e+14 -3.800776e+13 -3.988464e+14 -3.690386e+13 -3.985189e+14 -3.580038e+13 -3.981917e+14 -3.469735e+13 -3.978643e+14 -3.359473e+13 -3.975372e+14 -3.249256e+13 -3.971609e+14 -3.140980e+13 -3.967487e+14 -3.034117e+13 -3.963369e+14 -2.927297e+13 -3.959251e+14 -2.820518e+13 -3.955135e+14 -2.713783e+13 -3.951020e+14 -2.607088e+13 -3.946908e+14 -2.500436e+13 -3.942415e+14 -2.395953e+13 -3.937597e+14 -2.293353e+13 -3.932780e+14 -2.190791e+13 -3.927966e+14 -2.088270e+13 -3.923154e+14 -1.985790e+13 -3.918341e+14 -1.883349e+13 -3.913534e+14 -1.780949e+13 -3.908258e+14 -1.680394e+13 -3.902464e+14 -1.581890e+13 -3.896672e+14 -1.483424e+13 -3.890882e+14 -1.384997e+13 -3.885094e+14 -1.286607e+13 -3.879310e+14 -1.188257e+13 -3.873528e+14 -1.089945e+13 -3.867470e+14 -9.933643e+12 -3.860987e+14 -8.994700e+12 -3.854508e+14 -8.056122e+12 -3.848028e+14 -7.117904e+12 -3.841554e+14 -6.180059e+12 -3.835080e+14 -5.242575e+12 -3.828610e+14 -4.305457e+12 -3.821939e+14 -3.381881e+12 -3.814771e+14 -2.491313e+12 -3.807605e+14 -1.601091e+12 -3.800441e+14 -7.112154e+11 -3.793281e+14 1.783144e+11 -3.786125e+14 1.067499e+12 -3.778970e+14 1.956338e+12 -3.771679e+14 2.837046e+12 -3.763688e+14 3.678096e+12 -3.755702e+14 4.518820e+12 -3.747719e+14 5.359220e+12 -3.739739e+14 6.199294e+12 -3.731761e+14 7.039042e+12 -3.723786e+14 7.878463e+12 -3.715801e+14 8.716425e+12 -3.707275e+14 9.506550e+12 -3.698750e+14 1.029637e+13 -3.690229e+14 1.108588e+13 -3.681711e+14 1.187509e+13 -3.673196e+14 1.266399e+13 -3.664686e+14 1.345259e+13 -3.656177e+14 1.424088e+13 -3.647072e+14 1.498419e+13 -3.637874e+14 1.572003e+13 -3.628680e+14 1.645559e+13 -3.619489e+14 1.719087e+13 -3.610302e+14 1.792586e+13 -3.601118e+14 1.866057e+13 -3.591937e+14 1.939498e+13 -3.582288e+14 2.009510e+13 -3.572420e+14 2.077892e+13 -3.562556e+14 2.146249e+13 -3.552695e+14 2.214579e+13 -3.542839e+14 2.282883e+13 -3.532985e+14 2.351159e+13 -3.523136e+14 2.419410e+13 -3.513091e+14 2.485115e+13 -3.502834e+14 2.548046e+13 -3.492579e+14 2.610952e+13 -3.482331e+14 2.673836e+13 -3.472085e+14 2.736695e+13 -3.461843e+14 2.799530e+13 -3.451604e+14 2.862340e+13 -3.441228e+14 2.923777e+13 -3.430446e+14 2.981287e+13 -3.419667e+14 3.038775e+13 -3.408892e+14 3.096239e+13 -3.398121e+14 3.153683e+13 -3.387356e+14 3.211105e+13 -3.376593e+14 3.268504e+13 -3.365827e+14 3.325801e+13 -3.354521e+14 3.377919e+13 -3.343220e+14 3.430015e+13 -3.331922e+14 3.482091e+13 -3.320629e+14 3.534148e+13 -3.309341e+14 3.586184e+13 -3.298057e+14 3.638201e+13 -3.286777e+14 3.690199e+13 -3.275190e+14 3.738134e+13 -3.263508e+14 3.784732e+13 -3.251827e+14 3.831310e+13 -3.240153e+14 3.877872e+13 -3.228482e+14 3.924415e+13 -3.216817e+14 3.970942e+13 -3.205156e+14 4.017452e+13 -3.193370e+14 4.061418e+13 -3.181442e+14 4.102543e+13 -3.169519e+14 4.143654e+13 -3.157603e+14 4.184751e+13 -3.145689e+14 4.225830e+13 -3.133780e+14 4.266894e+13 -3.121877e+14 4.307944e+13 -3.109884e+14 4.348070e+13 -3.097442e+14 4.383755e+13 -3.085004e+14 4.419425e+13 -3.072572e+14 4.455084e+13 -3.060145e+14 4.490731e+13 -3.047721e+14 4.526361e+13 -3.035303e+14 4.561978e+13 -3.022888e+14 4.597582e+13 -3.010364e+14 4.628896e+13 -2.997824e+14 4.659431e+13 -2.985286e+14 4.689951e+13 -2.972756e+14 4.720463e+13 -2.960230e+14 4.750964e+13 -2.947708e+14 4.781451e+13 -2.935192e+14 4.811928e+13 -2.922541e+14 4.839850e+13 -2.909761e+14 4.865272e+13 -2.896986e+14 4.890685e+13 -2.884217e+14 4.916090e+13 -2.871451e+14 4.941484e+13 -2.858691e+14 4.966868e+13 -2.845936e+14 4.992245e+13 -2.833146e+14 5.016914e+13 -2.820129e+14 5.037390e+13 -2.807117e+14 5.057857e+13 -2.794110e+14 5.078316e+13 -2.781108e+14 5.098769e+13 -2.768109e+14 5.119211e+13 -2.755118e+14 5.139649e+13 -2.742130e+14 5.160077e+13 -2.729045e+14 5.176907e+13 -2.715931e+14 5.192587e+13 -2.702823e+14 5.208264e+13 -2.689719e+14 5.223934e+13 -2.676621e+14 5.239598e+13 -2.663527e+14 5.255256e+13 -2.650439e+14 5.270909e+13 -2.637307e+14 5.284927e+13 -2.624093e+14 5.295983e+13 -2.610885e+14 5.307037e+13 -2.597680e+14 5.318084e+13 -2.584482e+14 5.329129e+13 -2.571288e+14 5.340169e+13 -2.558098e+14 5.351204e+13 -2.544914e+14 5.362235e+13 -2.531609e+14 5.369257e+13 -2.518301e+14 5.375980e+13 -2.504997e+14 5.382698e+13 -2.491698e+14 5.389414e+13 -2.478404e+14 5.396128e+13 -2.465116e+14 5.402842e+13 -2.451832e+14 5.409551e+13 -2.438552e+14 5.414302e+13 -2.425278e+14 5.416984e+13 -2.412009e+14 5.419665e+13 -2.398745e+14 5.422346e+13 -2.385486e+14 5.425024e+13 -2.372231e+14 5.427700e+13 -2.358982e+14 5.430378e+13 -2.345738e+14 5.432977e+13 -2.332498e+14 5.431772e+13 -2.319263e+14 5.430569e+13 -2.306034e+14 5.429368e+13</elevationPattern>
        <incidenceAngle count="676">3.094374e+01 3.095395e+01 3.096414e+01 3.097433e+01 3.098453e+01 3.099472e+01 3.100490e+01 3.101506e+01 3.102524e+01 3.103540e+01 3.104556e+01 3.105571e+01 3.106587e+01 3.107600e+01 3.108615e+01 3.109628e+01 3.110641e+01 3.111655e+01 3.112666e+01 3.113678e+01 3.114690e+01 3.115701e+01 3.116711e+01 3.117720e+01 3.118730e+01 3.119739e+01 3.120747e+01 3.121756e+01 3.122763e+01 3.123770e+01 3.124777e+01 3.125783e+01 3.126788e+01 3.127794e+01 3.128798e+01 3.129802e+01 3.130806e+01 3.131810e+01 3.132812e+01 3.133815e+01 3.134816e+01 3.135818e+01 3.136819e+01 3.137819e+01 3.138820e+01 3.139819e+01 3.140819e+01 3.141817e+01 3.142815e+01 3.143813e+01 3.144810e+01 3.145807e+01 3.146803e+01 3.147800e+01 3.148795e+01 3.149789e+01 3.150784e+01 3.151779e+01 3.152773e+01 3.153766e+01 3.154759e+01 3.155751e+01 3.156743e+01 3.157735e+01 3.158725e+01 3.159715e+01 3.160706e+01 3.161696e+01 3.162685e+01 3.163673e+01 3.164662e+01 3.165649e+01 3.166637e+01 3.167624e+01 3.168610e+01 3.169597e+01 3.170581e+01 3.171567e+01 3.172551e+01 3.173535e+01 3.174519e+01 3.175504e+01 3.176486e+01 3.177469e+01 3.178450e+01 3.179433e+01 3.180414e+01 3.181393e+01 3.182375e+01 3.183354e+01 3.184334e+01 3.185312e+01 3.186292e+01 3.187270e+01 3.188246e+01 3.189224e+01 3.190201e+01 3.191177e+01 3.192152e+01 3.193129e+01 3.194104e+01 3.195078e+01 3.196053e+01 3.197026e+01 3.198000e+01 3.198973e+01 3.199945e+01 3.200917e+01 3.201889e+01 3.202859e+01 3.203830e+01 3.204800e+01 3.205771e+01 3.206740e+01 3.207709e+01 3.208678e+01 3.209645e+01 3.210614e+01 3.211580e+01 3.212547e+01 3.213513e+01 3.214481e+01 3.215445e+01 3.216411e+01 3.217375e+01 3.218340e+01 3.219304e+01 3.220267e+01 3.221230e+01 3.222192e+01 3.223155e+01 3.224117e+01 3.225078e+01 3.226039e+01 3.226999e+01 3.227960e+01 3.228918e+01 3.229878e+01 3.230836e+01 3.231796e+01 3.232753e+01 3.233711e+01 3.234668e+01 3.235625e+01 3.236581e+01 3.237537e+01 3.238493e+01 3.239449e+01 3.240402e+01 3.241357e+01 3.242311e+01 3.243265e+01 3.244217e+01 3.245169e+01 3.246121e+01 3.247073e+01 3.248026e+01 3.248976e+01 3.249927e+01 3.250877e+01 3.251826e+01 3.252776e+01 3.253725e+01 3.254674e+01 3.255621e+01 3.256569e+01 3.257516e+01 3.258463e+01 3.259410e+01 3.260356e+01 3.261301e+01 3.262247e+01 3.263191e+01 3.264136e+01 3.265080e+01 3.266023e+01 3.266966e+01 3.267909e+01 3.268852e+01 3.269794e+01 3.270735e+01 3.271677e+01 3.272617e+01 3.273558e+01 3.274498e+01 3.275436e+01 3.276376e+01 3.277315e+01 3.278253e+01 3.279192e+01 3.280128e+01 3.281067e+01 3.282004e+01 3.282939e+01 3.283876e+01 3.284811e+01 3.285747e+01 3.286681e+01 3.287616e+01 3.288550e+01 3.289484e+01 3.290416e+01 3.291350e+01 3.292282e+01 3.293214e+01 3.294145e+01 3.295076e+01 3.296007e+01 3.296938e+01 3.297868e+01 3.298798e+01 3.299727e+01 3.300656e+01 3.301584e+01 3.302513e+01 3.303441e+01 3.304367e+01 3.305295e+01 3.306221e+01 3.307147e+01 3.308073e+01 3.308998e+01 3.309924e+01 3.310849e+01 3.311772e+01 3.312697e+01 3.313620e+01 3.314543e+01 3.315466e+01 3.316388e+01 3.317310e+01 3.318231e+01 3.319153e+01 3.320073e+01 3.320995e+01 3.321915e+01 3.322833e+01 3.323753e+01 3.324672e+01 3.325591e+01 3.326509e+01 3.327426e+01 3.328343e+01 3.329260e+01 3.330177e+01 3.331093e+01 3.332010e+01 3.332924e+01 3.333839e+01 3.334755e+01 3.335669e+01 3.336583e+01 3.337497e+01 3.338409e+01 3.339322e+01 3.340234e+01 3.341147e+01 3.342059e+01 3.342970e+01 3.343881e+01 3.344792e+01 3.345702e+01 3.346611e+01 3.347520e+01 3.348430e+01 3.349339e+01 3.350247e+01 3.351155e+01 3.352063e+01 3.352969e+01 3.353877e+01 3.354784e+01 3.355690e+01 3.356595e+01 3.357500e+01 3.358406e+01 3.359309e+01 3.360214e+01 3.361118e+01 3.362022e+01 3.362926e+01 3.363828e+01 3.364731e+01 3.365633e+01 3.366534e+01 3.367435e+01 3.368336e+01 3.369237e+01 3.370137e+01 3.371037e+01 3.371936e+01 3.372836e+01 3.373735e+01 3.374632e+01 3.375531e+01 3.376428e+01 3.377325e+01 3.378223e+01 3.379120e+01 3.380016e+01 3.380911e+01 3.381807e+01 3.382703e+01 3.383597e+01 3.384491e+01 3.385385e+01 3.386279e+01 3.387173e+01 3.388066e+01 3.388959e+01 3.389851e+01 3.390742e+01 3.391634e+01 3.392526e+01 3.393416e+01 3.394307e+01 3.395197e+01 3.396088e+01 3.396976e+01 3.397865e+01 3.398755e+01 3.399643e+01 3.400531e+01 3.401418e+01 3.402306e+01 3.403192e+01 3.404079e+01 3.404965e+01 3.405852e+01 3.406737e+01 3.407622e+01 3.408507e+01 3.409392e+01 3.410275e+01 3.411159e+01 3.412042e+01 3.412926e+01 3.413809e+01 3.414691e+01 3.415573e+01 3.416455e+01 3.417337e+01 3.418217e+01 3.419098e+01 3.419978e+01 3.420859e+01 3.421738e+01 3.422617e+01 3.423495e+01 3.424374e+01 3.425253e+01 3.426131e+01 3.427008e+01 3.427885e+01 3.428763e+01 3.429639e+01 3.430515e+01 3.431390e+01 3.432266e+01 3.433142e+01 3.434016e+01 3.434891e+01 3.435765e+01 3.436639e+01 3.437512e+01 3.438385e+01 3.439258e+01 3.440131e+01 3.441002e+01 3.441875e+01 3.442746e+01 3.443617e+01 3.444487e+01 3.445358e+01 3.446228e+01 3.447098e+01 3.447966e+01 3.448836e+01 3.449704e+01 3.450572e+01 3.451440e+01 3.452309e+01 3.453175e+01 3.454042e+01 3.454909e+01 3.455775e+01 3.456642e+01 3.457507e+01 3.458372e+01 3.459238e+01 3.460103e+01 3.460966e+01 3.461830e+01 3.462694e+01 3.463557e+01 3.464421e+01 3.465283e+01 3.466145e+01 3.467007e+01 3.467870e+01 3.468730e+01 3.469591e+01 3.470453e+01 3.471312e+01 3.472173e+01 3.473032e+01 3.473892e+01 3.474750e+01 3.475609e+01 3.476468e+01 3.477325e+01 3.478183e+01 3.479041e+01 3.479898e+01 3.480754e+01 3.481610e+01 3.482466e+01 3.483322e+01 3.484178e+01 3.485033e+01 3.485887e+01 3.486742e+01 3.487596e+01 3.488451e+01 3.489304e+01 3.490157e+01 3.491010e+01 3.491862e+01 3.492714e+01 3.493565e+01 3.494417e+01 3.495268e+01 3.496120e+01 3.496970e+01 3.497820e+01 3.498669e+01 3.499519e+01 3.500369e+01 3.501218e+01 3.502066e+01 3.502914e+01 3.503763e+01 3.504610e+01 3.505458e+01 3.506305e+01 3.507152e+01 3.507997e+01 3.508844e+01 3.509689e+01 3.510535e+01 3.511380e+01 3.512225e+01 3.513069e+01 3.513913e+01 3.514757e+01 3.515601e+01 3.516444e+01 3.517287e+01 3.518129e+01 3.518971e+01 3.519814e+01 3.520654e+01 3.521497e+01 3.522337e+01 3.523178e+01 3.524019e+01 3.524858e+01 3.525697e+01 3.526538e+01 3.527376e+01 3.528215e+01 3.529054e+01 3.529892e+01 3.530730e+01 3.531567e+01 3.532405e+01 3.533241e+01 3.534077e+01 3.534914e+01 3.535750e+01 3.536586e+01 3.537421e+01 3.538257e+01 3.539091e+01 3.539926e+01 3.540759e+01 3.541594e+01 3.542427e+01 3.543260e+01 3.544093e+01 3.544925e+01 3.545758e+01 3.546590e+01 3.547421e+01 3.548253e+01 3.549084e+01 3.549915e+01 3.550745e+01 3.551575e+01 3.552405e+01 3.553235e+01 3.554063e+01 3.554892e+01 3.555721e+01 3.556549e+01 3.557378e+01 3.558205e+01 3.559032e+01 3.559859e+01 3.560686e+01 3.561513e+01 3.562338e+01 3.563165e+01 3.563991e+01 3.564815e+01 3.565640e+01 3.566464e+01 3.567290e+01 3.568114e+01 3.568938e+01 3.569760e+01 3.570584e+01 3.571407e+01 3.572229e+01 3.573051e+01 3.573874e+01 3.574695e+01 3.575516e+01 3.576337e+01 3.577158e+01 3.577979e+01 3.578798e+01 3.579619e+01 3.580438e+01 3.581258e+01 3.582076e+01 3.582895e+01 3.583713e+01 3.584531e+01 3.585349e+01 3.586166e+01 3.586984e+01 3.587801e+01 3.588617e+01 3.589433e+01 3.590250e+01 3.591064e+01 3.591881e+01 3.592696e+01 3.593510e+01 3.594325e+01 3.595139e+01 3.595953e+01 3.596767e+01 3.597580e+01 3.598393e+01 3.599205e+01 3.600018e+01 3.600830e+01 3.601642e+01 3.602454e+01 3.603265e+01 3.604076e+01 3.604887e+01 3.605698e+01 3.606508e+01 3.607317e+01 3.608127e+01 3.608936e+01 3.609744e+01 3.610553e+01 3.611362e+01 3.612170e+01 3.612978e+01 3.613785e+01 3.614592e+01 3.615399e+01 3.616206e+01 3.617012e+01 3.617819e+01 3.618625e+01 3.619431e+01 3.620235e+01 3.621040e+01 3.621844e+01 3.622649e+01 3.623453e+01 3.624257e+01 3.625061e+01 3.625864e+01 3.626666e+01 3.627469e+01 3.628271e+01 3.629074e+01 3.629875e+01 3.630676e+01 3.631479e+01 3.632278e+01 3.633080e+01 3.633881e+01 3.634680e+01 3.635480e+01 3.636279e+01 3.637079e+01 3.637878e+01 3.638676e+01 3.639474e+01 3.640273e+01 3.641071e+01 3.641869e+01 3.642665e+01 3.643463e+01 3.644260e+01 3.645056e+01 3.645851e+01 3.646648e+01 3.647443e+01 3.648239e+01 3.649034e+01 3.649828e+01 3.650623e+01 3.651418e+01 3.652211e+01 3.653004e+01 3.653798e+01 3.654591e+01 3.655383e+01 3.656177e+01 3.656969e+01 3.657761e+01 3.658553e+01 3.659343e+01 3.660135e+01 3.660925e+01 3.661716e+01 3.662506e+01 3.663297e+01 3.664087e+01 3.664876e+01 3.665665e+01 3.666454e+01 3.667242e+01 3.668031e+01 3.668819e+01 3.669606e+01 3.670395e+01 3.671182e+01 3.671968e+01 3.672755e+01 3.673541e+01 3.674329e+01 3.675114e+01 3.675900e+01 3.676685e+01 3.677470e+01 3.678255e+01 3.679039e+01 3.679823e+01 3.680608e+01 3.681392e+01 3.682175e+01 3.682957e+01 3.683742e+01 3.684523e+01 3.685306e+01 3.686089e+01 3.686870e+01 3.687651e+01 3.688432e+01 3.689214e+01 3.689995e+01 3.690775e+01 3.691556e+01 3.692336e+01 3.693115e+01 3.693895e+01</incidenceAngle>
        <terrainHeight>2.402772360266667e+03</terrainHeight>
        <roll>3.009439562407196e+01</roll>
      </antennaPattern>
      <antennaPattern>
        <swath>IW1</swath>
        <azimuthTime>2015-05-16T13:34:30.093672</azimuthTime>
        <slantRangeTime count="676">5.337093144532169e-03 5.337590461830731e-03 5.338087779129293e-03 5.338585096427855e-03 5.339082413726417e-03 5.339579731024979e-03 5.340077048323541e-03 5.340574365622103e-03 5.341071682920665e-03 5.341569000219227e-03 5.342066317517788e-03 5.342563634816350e-03 5.343060952114912e-03 5.343558269413474e-03 5.344055586712036e-03 5.344552904010597e-03 5.345050221309159e-03 5.345547538607721e-03 5.346044855906283e-03 5.346542173204845e-03 5.347039490503407e-03 5.347536807801969e-03 5.348034125100530e-03 5.348531442399092e-03 5.349028759697654e-03 5.349526076996216e-03 5.350023394294778e-03 5.350520711593340e-03 5.351018028891902e-03 5.351515346190464e-03 5.352012663489026e-03 5.352509980787588e-03 5.353007298086149e-03 5.353504615384711e-03 5.354001932683273e-03 5.354499249981835e-03 5.354996567280397e-03 5.355493884578959e-03 5.355991201877521e-03 5.356488519176083e-03 5.356985836474645e-03 5.357483153773207e-03 5.357980471071768e-03 5.358477788370330e-03 5.358975105668892e-03 5.359472422967454e-03 5.359969740266015e-03 5.360467057564577e-03 5.360964374863139e-03 5.361461692161701e-03 5.361959009460263e-03 5.362456326758825e-03 5.362953644057387e-03 5.363450961355948e-03 5.363948278654510e-03 5.364445595953072e-03 5.364942913251634e-03 5.365440230550196e-03 5.365937547848758e-03 5.366434865147320e-03 5.366932182445882e-03 5.367429499744444e-03 5.367926817043006e-03 5.368424134341567e-03 5.368921451640129e-03 5.369418768938691e-03 5.369916086237253e-03 5.370413403535815e-03 5.370910720834377e-03 5.371408038132939e-03 5.371905355431501e-03 5.372402672730063e-03 5.372899990028625e-03 5.373397307327187e-03 5.373894624625748e-03 5.374391941924310e-03 5.374889259222872e-03 5.375386576521433e-03 5.375883893819995e-03 5.376381211118557e-03 5.376878528417119e-03 5.377375845715681e-03 5.377873163014243e-03 5.378370480312805e-03 5.378867797611367e-03 5.379365114909928e-03 5.379862432208490e-03 5.380359749507052e-03 5.380857066805614e-03 5.381354384104176e-03 5.381851701402738e-03 5.382349018701300e-03 5.382846335999862e-03 5.383343653298424e-03 5.383840970596986e-03 5.384338287895547e-03 5.384835605194109e-03 5.385332922492671e-03 5.385830239791233e-03 5.386327557089795e-03 5.386824874388357e-03 5.387322191686919e-03 5.387819508985481e-03 5.388316826284043e-03 5.388814143582605e-03 5.389311460881166e-03 5.389808778179728e-03 5.390306095478289e-03 5.390803412776851e-03 5.391300730075413e-03 5.391798047373975e-03 5.392295364672537e-03 5.392792681971099e-03 5.393289999269661e-03 5.393787316568223e-03 5.394284633866785e-03 5.394781951165347e-03 5.395279268463908e-03 5.395776585762470e-03 5.396273903061032e-03 5.396771220359594e-03 5.397268537658156e-03 5.397765854956718e-03 5.398263172255280e-03 5.398760489553842e-03 5.399257806852404e-03 5.399755124150966e-03 5.400252441449527e-03 5.400749758748089e-03 5.401247076046651e-03 5.401744393345213e-03 5.402241710643775e-03 5.402739027942337e-03 5.403236345240899e-03 5.403733662539461e-03 5.404230979838023e-03 5.404728297136585e-03 5.405225614435146e-03 5.405722931733708e-03 5.406220249032269e-03 5.406717566330831e-03 5.407214883629393e-03 5.407712200927955e-03 5.408209518226517e-03 5.408706835525079e-03 5.409204152823641e-03 5.409701470122203e-03 5.410198787420765e-03 5.410696104719327e-03 5.411193422017888e-03 5.411690739316450e-03 5.412188056615012e-03 5.412685373913574e-03 5.413182691212136e-03 5.413680008510698e-03 5.414177325809260e-03 5.414674643107822e-03 5.415171960406384e-03 5.415669277704946e-03 5.416166595003507e-03 5.416663912302069e-03 5.417161229600631e-03 5.417658546899193e-03 5.418155864197755e-03 5.418653181496317e-03 5.419150498794879e-03 5.419647816093441e-03 5.420145133392003e-03 5.420642450690565e-03 5.421139767989126e-03 5.421637085287687e-03 5.422134402586249e-03 5.422631719884811e-03 5.423129037183373e-03 5.423626354481935e-03 5.424123671780497e-03 5.424620989079059e-03 5.425118306377621e-03 5.425615623676183e-03 5.426112940974745e-03 5.426610258273307e-03 5.427107575571868e-03 5.427604892870430e-03 5.428102210168992e-03 5.428599527467554e-03 5.429096844766116e-03 5.429594162064678e-03 5.430091479363240e-03 5.430588796661802e-03 5.431086113960364e-03 5.431583431258926e-03 5.432080748557487e-03 5.432578065856049e-03 5.433075383154611e-03 5.433572700453173e-03 5.434070017751735e-03 5.434567335050297e-03 5.435064652348859e-03 5.435561969647421e-03 5.436059286945982e-03 5.436556604244544e-03 5.437053921543106e-03 5.437551238841667e-03 5.438048556140229e-03 5.438545873438791e-03 5.439043190737353e-03 5.439540508035915e-03 5.440037825334477e-03 5.440535142633039e-03 5.441032459931601e-03 5.441529777230163e-03 5.442027094528725e-03 5.442524411827286e-03 5.443021729125848e-03 5.443519046424410e-03 5.444016363722972e-03 5.444513681021534e-03 5.445010998320096e-03 5.445508315618658e-03 5.446005632917220e-03 5.446502950215782e-03 5.447000267514344e-03 5.447497584812905e-03 5.447994902111467e-03 5.448492219410029e-03 5.448989536708591e-03 5.449486854007153e-03 5.449984171305715e-03 5.450481488604277e-03 5.450978805902839e-03 5.451476123201400e-03 5.451973440499962e-03 5.452470757798524e-03 5.452968075097086e-03 5.453465392395647e-03 5.453962709694209e-03 5.454460026992771e-03 5.454957344291333e-03 5.455454661589895e-03 5.455951978888457e-03 5.456449296187019e-03 5.456946613485581e-03 5.457443930784143e-03 5.457941248082705e-03 5.458438565381266e-03 5.458935882679828e-03 5.459433199978390e-03 5.459930517276952e-03 5.460427834575514e-03 5.460925151874076e-03 5.461422469172638e-03 5.461919786471200e-03 5.462417103769762e-03 5.462914421068324e-03 5.463411738366885e-03 5.463909055665447e-03 5.464406372964009e-03 5.464903690262571e-03 5.465401007561133e-03 5.465898324859695e-03 5.466395642158257e-03 5.466892959456818e-03 5.467390276755380e-03 5.467887594053942e-03 5.468384911352504e-03 5.468882228651066e-03 5.469379545949627e-03 5.469876863248189e-03 5.470374180546751e-03 5.470871497845313e-03 5.471368815143875e-03 5.471866132442437e-03 5.472363449740999e-03 5.472860767039561e-03 5.473358084338123e-03 5.473855401636685e-03 5.474352718935246e-03 5.474850036233808e-03 5.475347353532370e-03 5.475844670830932e-03 5.476341988129494e-03 5.476839305428056e-03 5.477336622726618e-03 5.477833940025180e-03 5.478331257323742e-03 5.478828574622304e-03 5.479325891920865e-03 5.479823209219427e-03 5.480320526517989e-03 5.480817843816551e-03 5.481315161115113e-03 5.481812478413674e-03 5.482309795712236e-03 5.482807113010798e-03 5.483304430309360e-03 5.483801747607922e-03 5.484299064906484e-03 5.484796382205046e-03 5.485293699503607e-03 5.485791016802169e-03 5.486288334100731e-03 5.486785651399293e-03 5.487282968697855e-03 5.487780285996417e-03 5.488277603294979e-03 5.488774920593541e-03 5.489272237892103e-03 5.489769555190665e-03 5.490266872489226e-03 5.490764189787788e-03 5.491261507086350e-03 5.491758824384912e-03 5.492256141683474e-03 5.492753458982036e-03 5.493250776280598e-03 5.493748093579160e-03 5.494245410877722e-03 5.494742728176284e-03 5.495240045474845e-03 5.495737362773407e-03 5.496234680071969e-03 5.496731997370531e-03 5.497229314669092e-03 5.497726631967654e-03 5.498223949266216e-03 5.498721266564778e-03 5.499218583863340e-03 5.499715901161902e-03 5.500213218460464e-03 5.500710535759025e-03 5.501207853057587e-03 5.501705170356149e-03 5.502202487654711e-03 5.502699804953273e-03 5.503197122251835e-03 5.503694439550397e-03 5.504191756848959e-03 5.504689074147521e-03 5.505186391446083e-03 5.505683708744645e-03 5.506181026043206e-03 5.506678343341768e-03 5.507175660640330e-03 5.507672977938892e-03 5.508170295237454e-03 5.508667612536016e-03 5.509164929834578e-03 5.509662247133140e-03 5.510159564431702e-03 5.510656881730264e-03 5.511154199028825e-03 5.511651516327387e-03 5.512148833625949e-03 5.512646150924510e-03 5.513143468223072e-03 5.513640785521634e-03 5.514138102820196e-03 5.514635420118758e-03 5.515132737417320e-03 5.515630054715882e-03 5.516127372014444e-03 5.516624689313005e-03 5.517122006611567e-03 5.517619323910129e-03 5.518116641208691e-03 5.518613958507253e-03 5.519111275805815e-03 5.519608593104377e-03 5.520105910402939e-03 5.520603227701501e-03 5.521100545000063e-03 5.521597862298624e-03 5.522095179597186e-03 5.522592496895748e-03 5.523089814194310e-03 5.523587131492872e-03 5.524084448791434e-03 5.524581766089996e-03 5.525079083388558e-03 5.525576400687120e-03 5.526073717985682e-03 5.526571035284243e-03 5.527068352582805e-03 5.527565669881366e-03 5.528062987179928e-03 5.528560304478490e-03 5.529057621777052e-03 5.529554939075614e-03 5.530052256374176e-03 5.530549573672738e-03 5.531046890971300e-03 5.531544208269862e-03 5.532041525568424e-03 5.532538842866985e-03 5.533036160165547e-03 5.533533477464109e-03 5.534030794762671e-03 5.534528112061233e-03 5.535025429359795e-03 5.535522746658357e-03 5.536020063956919e-03 5.536517381255481e-03 5.537014698554043e-03 5.537512015852604e-03 5.538009333151166e-03 5.538506650449728e-03 5.539003967748290e-03 5.539501285046852e-03 5.539998602345414e-03 5.540495919643976e-03 5.540993236942538e-03 5.541490554241100e-03 5.541987871539662e-03 5.542485188838223e-03 5.542982506136785e-03 5.543479823435346e-03 5.543977140733908e-03 5.544474458032470e-03 5.544971775331032e-03 5.545469092629594e-03 5.545966409928156e-03 5.546463727226718e-03 5.546961044525280e-03 5.547458361823842e-03 5.547955679122404e-03 5.548452996420965e-03 5.548950313719527e-03 5.549447631018089e-03 5.549944948316651e-03 5.550442265615213e-03 5.550939582913775e-03 5.551436900212337e-03 5.551934217510899e-03 5.552431534809461e-03 5.552928852108023e-03 5.553426169406584e-03 5.553923486705146e-03 5.554420804003708e-03 5.554918121302270e-03 5.555415438600832e-03 5.555912755899393e-03 5.556410073197954e-03 5.556907390496515e-03 5.557404707795076e-03 5.557902025093637e-03 5.558399342392198e-03 5.558896659690759e-03 5.559393976989320e-03 5.559891294287881e-03 5.560388611586442e-03 5.560885928885003e-03 5.561383246183565e-03 5.561880563482126e-03 5.562377880780687e-03 5.562875198079248e-03 5.563372515377809e-03 5.563869832676370e-03 5.564367149974932e-03 5.564864467273493e-03 5.565361784572054e-03 5.565859101870615e-03 5.566356419169176e-03 5.566853736467737e-03 5.567351053766298e-03 5.567848371064859e-03 5.568345688363421e-03 5.568843005661982e-03 5.569340322960543e-03 5.569837640259104e-03 5.570334957557665e-03 5.570832274856226e-03 5.571329592154787e-03 5.571826909453348e-03 5.572324226751909e-03 5.572821544050470e-03 5.573318861349031e-03 5.573816178647592e-03 5.574313495946153e-03 5.574810813244714e-03 5.575308130543276e-03 5.575805447841837e-03 5.576302765140398e-03 5.576800082438959e-03 5.577297399737520e-03 5.577794717036081e-03 5.578292034334642e-03 5.578789351633203e-03 5.579286668931764e-03 5.579783986230325e-03 5.580281303528886e-03 5.580778620827447e-03 5.581275938126008e-03 5.581773255424569e-03 5.582270572723131e-03 5.582767890021692e-03 5.583265207320253e-03 5.583762524618814e-03 5.584259841917375e-03 5.584757159215937e-03 5.585254476514498e-03 5.585751793813059e-03 5.586249111111620e-03 5.586746428410181e-03 5.587243745708742e-03 5.587741063007303e-03 5.588238380305864e-03 5.588735697604425e-03 5.589233014902987e-03 5.589730332201548e-03 5.590227649500109e-03 5.590724966798670e-03 5.591222284097231e-03 5.591719601395792e-03 5.592216918694353e-03 5.592714235992914e-03 5.593211553291475e-03 5.593708870590036e-03 5.594206187888597e-03 5.594703505187158e-03 5.595200822485719e-03 5.595698139784281e-03 5.596195457082842e-03 5.596692774381403e-03 5.597190091679964e-03 5.597687408978525e-03 5.598184726277086e-03 5.598682043575647e-03 5.599179360874208e-03 5.599676678172769e-03 5.600173995471330e-03 5.600671312769891e-03 5.601168630068452e-03 5.601665947367013e-03 5.602163264665574e-03 5.602660581964136e-03 5.603157899262697e-03 5.603655216561258e-03 5.604152533859819e-03 5.604649851158380e-03 5.605147168456942e-03 5.605644485755503e-03 5.606141803054064e-03 5.606639120352625e-03 5.607136437651186e-03 5.607633754949747e-03 5.608131072248308e-03 5.608628389546869e-03 5.609125706845430e-03 5.609623024143992e-03 5.610120341442553e-03 5.610617658741114e-03 5.611114976039675e-03 5.611612293338236e-03 5.612109610636797e-03 5.612606927935358e-03 5.613104245233919e-03 5.613601562532480e-03 5.614098879831041e-03 5.614596197129602e-03 5.615093514428163e-03 5.615590831726724e-03 5.616088149025285e-03 5.616585466323847e-03 5.617082783622408e-03 5.617580100920969e-03 5.618077418219530e-03 5.618574735518091e-03 5.619072052816652e-03 5.619569370115213e-03 5.620066687413774e-03 5.620564004712335e-03 5.621061322010896e-03 5.621558639309457e-03 5.622055956608018e-03 5.622553273906579e-03 5.623050591205140e-03 5.623547908503702e-03 5.624045225802263e-03 5.624542543100824e-03 5.625039860399385e-03 5.625537177697947e-03 5.626034494996508e-03 5.626531812295069e-03 5.627029129593630e-03 5.627526446892191e-03 5.628023764190752e-03 5.628521081489313e-03 5.629018398787874e-03 5.629515716086435e-03 5.630013033384996e-03 5.630510350683558e-03 5.631007667982119e-03 5.631504985280680e-03 5.632002302579241e-03 5.632499619877802e-03 5.632996937176363e-03 5.633494254474924e-03 5.633991571773485e-03 5.634488889072046e-03 5.634986206370607e-03 5.635483523669168e-03 5.635980840967729e-03 5.636478158266290e-03 5.636975475564851e-03 5.637472792863413e-03 5.637970110161974e-03 5.638467427460535e-03 5.638964744759096e-03 5.639462062057657e-03 5.639959379356218e-03 5.640456696654779e-03 5.640954013953340e-03 5.641451331251901e-03 5.641948648550462e-03 5.642445965849023e-03 5.642943283147584e-03 5.643440600446145e-03 5.643937917744707e-03 5.644435235043268e-03 5.644932552341829e-03 5.645429869640391e-03 5.645927186938952e-03 5.646424504237513e-03 5.646921821536074e-03 5.647419138834635e-03 5.647916456133196e-03 5.648413773431757e-03 5.648911090730318e-03 5.649408408028879e-03 5.649905725327440e-03 5.650403042626001e-03 5.650900359924562e-03 5.651397677223124e-03 5.651894994521685e-03 5.652392311820246e-03 5.652889629118807e-03 5.653386946417368e-03 5.653884263715929e-03 5.654381581014490e-03 5.654878898313051e-03 5.655376215611612e-03 5.655873532910173e-03 5.656370850208734e-03 5.656868167507295e-03 5.657365484805856e-03 5.657862802104417e-03 5.658360119402979e-03 5.658857436701540e-03 5.659354754000101e-03 5.659852071298662e-03 5.660349388597223e-03 5.660846705895784e-03 5.661344023194345e-03 5.661841340492906e-03 5.662338657791467e-03 5.662835975090028e-03 5.663333292388589e-03 5.663830609687150e-03 5.664327926985712e-03 5.664825244284273e-03 5.665322561582834e-03 5.665819878881396e-03 5.666317196179957e-03 5.666814513478518e-03 5.667311830777079e-03 5.667809148075640e-03 5.668306465374201e-03 5.668803782672762e-03 5.669301099971323e-03 5.669798417269884e-03 5.670295734568445e-03 5.670793051867006e-03 5.671290369165567e-03 5.671787686464129e-03 5.672285003762690e-03 5.672782321061251e-03</slantRangeTime>
        <elevationAngle count="676">2.760461e+01 2.761351e+01 2.762239e+01 2.763128e+01 2.764016e+01 2.764903e+01 2.765790e+01 2.766677e+01 2.767563e+01 2.768449e+01 2.769334e+01 2.770219e+01 2.771103e+01 2.771987e+01 2.772871e+01 2.773754e+01 2.774636e+01 2.775519e+01 2.776400e+01 2.777282e+01 2.778163e+01 2.779043e+01 2.779923e+01 2.780803e+01 2.781682e+01 2.782561e+01 2.783439e+01 2.784317e+01 2.785194e+01 2.786071e+01 2.786948e+01 2.787824e+01 2.788700e+01 2.789575e+01 2.790450e+01 2.791325e+01 2.792199e+01 2.793072e+01 2.793946e+01 2.794818e+01 2.795691e+01 2.796563e+01 2.797434e+01 2.798305e+01 2.799176e+01 2.800046e+01 2.800916e+01 2.801785e+01 2.802654e+01 2.803523e+01 2.804391e+01 2.805259e+01 2.806126e+01 2.806993e+01 2.807859e+01 2.808725e+01 2.809591e+01 2.810456e+01 2.811321e+01 2.812185e+01 2.813050e+01 2.813913e+01 2.814776e+01 2.815639e+01 2.816501e+01 2.817363e+01 2.818225e+01 2.819086e+01 2.819946e+01 2.820807e+01 2.821666e+01 2.822526e+01 2.823385e+01 2.824243e+01 2.825101e+01 2.825959e+01 2.826817e+01 2.827674e+01 2.828530e+01 2.829386e+01 2.830242e+01 2.831097e+01 2.831952e+01 2.832807e+01 2.833661e+01 2.834515e+01 2.835368e+01 2.836221e+01 2.837073e+01 2.837926e+01 2.838777e+01 2.839628e+01 2.840479e+01 2.841330e+01 2.842180e+01 2.843030e+01 2.843879e+01 2.844728e+01 2.845576e+01 2.846424e+01 2.847272e+01 2.848119e+01 2.848966e+01 2.849813e+01 2.850659e+01 2.851504e+01 2.852350e+01 2.853195e+01 2.854039e+01 2.854883e+01 2.855727e+01 2.856570e+01 2.857413e+01 2.858256e+01 2.859098e+01 2.859940e+01 2.860781e+01 2.861622e+01 2.862462e+01 2.863303e+01 2.864142e+01 2.864982e+01 2.865821e+01 2.866659e+01 2.867497e+01 2.868335e+01 2.869173e+01 2.870010e+01 2.870847e+01 2.871683e+01 2.872519e+01 2.873354e+01 2.874189e+01 2.875024e+01 2.875858e+01 2.876692e+01 2.877526e+01 2.878359e+01 2.879192e+01 2.880024e+01 2.880856e+01 2.881688e+01 2.882519e+01 2.883350e+01 2.884180e+01 2.885011e+01 2.885840e+01 2.886670e+01 2.887498e+01 2.888327e+01 2.889155e+01 2.889983e+01 2.890811e+01 2.891638e+01 2.892464e+01 2.893291e+01 2.894117e+01 2.894942e+01 2.895767e+01 2.896592e+01 2.897416e+01 2.898240e+01 2.899064e+01 2.899887e+01 2.900710e+01 2.901533e+01 2.902355e+01 2.903177e+01 2.903998e+01 2.904819e+01 2.905640e+01 2.906460e+01 2.907280e+01 2.908100e+01 2.908919e+01 2.909738e+01 2.910556e+01 2.911374e+01 2.912192e+01 2.913009e+01 2.913826e+01 2.914643e+01 2.915459e+01 2.916275e+01 2.917090e+01 2.917905e+01 2.918720e+01 2.919534e+01 2.920349e+01 2.921162e+01 2.921976e+01 2.922788e+01 2.923601e+01 2.924413e+01 2.925225e+01 2.926036e+01 2.926847e+01 2.927658e+01 2.928469e+01 2.929278e+01 2.930088e+01 2.930897e+01 2.931706e+01 2.932515e+01 2.933323e+01 2.934131e+01 2.934938e+01 2.935745e+01 2.936552e+01 2.937358e+01 2.938164e+01 2.938970e+01 2.939775e+01 2.940580e+01 2.941385e+01 2.942189e+01 2.942993e+01 2.943797e+01 2.944600e+01 2.945402e+01 2.946205e+01 2.947007e+01 2.947809e+01 2.948610e+01 2.949411e+01 2.950212e+01 2.951012e+01 2.951812e+01 2.952612e+01 2.953411e+01 2.954210e+01 2.955008e+01 2.955806e+01 2.956604e+01 2.957402e+01 2.958199e+01 2.958995e+01 2.959792e+01 2.960588e+01 2.961384e+01 2.962179e+01 2.962974e+01 2.963769e+01 2.964563e+01 2.965357e+01 2.966151e+01 2.966944e+01 2.967737e+01 2.968530e+01 2.969322e+01 2.970114e+01 2.970905e+01 2.971696e+01 2.972487e+01 2.973278e+01 2.974068e+01 2.974858e+01 2.975647e+01 2.976436e+01 2.977225e+01 2.978013e+01 2.978802e+01 2.979589e+01 2.980377e+01 2.981164e+01 2.981950e+01 2.982737e+01 2.983523e+01 2.984308e+01 2.985094e+01 2.985879e+01 2.986663e+01 2.987448e+01 2.988232e+01 2.989015e+01 2.989799e+01 2.990582e+01 2.991364e+01 2.992147e+01 2.992929e+01 2.993710e+01 2.994492e+01 2.995272e+01 2.996053e+01 2.996833e+01 2.997613e+01 2.998393e+01 2.999172e+01 2.999951e+01 3.000730e+01 3.001508e+01 3.002286e+01 3.003063e+01 3.003841e+01 3.004618e+01 3.005394e+01 3.006170e+01 3.006946e+01 3.007722e+01 3.008497e+01 3.009272e+01 3.010047e+01 3.010821e+01 3.011595e+01 3.012368e+01 3.013142e+01 3.013914e+01 3.014687e+01 3.015459e+01 3.016231e+01 3.017003e+01 3.017774e+01 3.018545e+01 3.019316e+01 3.020086e+01 3.020856e+01 3.021626e+01 3.022395e+01 3.023164e+01 3.023933e+01 3.024701e+01 3.025469e+01 3.026237e+01 3.027004e+01 3.027771e+01 3.028538e+01 3.029304e+01 3.030070e+01 3.030836e+01 3.031601e+01 3.032366e+01 3.033131e+01 3.033896e+01 3.034660e+01 3.035423e+01 3.036187e+01 3.036950e+01 3.037713e+01 3.038475e+01 3.039238e+01 3.040000e+01 3.040761e+01 3.041522e+01 3.042283e+01 3.043044e+01 3.043804e+01 3.044564e+01 3.045324e+01 3.046083e+01 3.046842e+01 3.047601e+01 3.048359e+01 3.049117e+01 3.049875e+01 3.050632e+01 3.051389e+01 3.052146e+01 3.052902e+01 3.053658e+01 3.054414e+01 3.055170e+01 3.055925e+01 3.056680e+01 3.057434e+01 3.058189e+01 3.058943e+01 3.059696e+01 3.060450e+01 3.061202e+01 3.061955e+01 3.062708e+01 3.063460e+01 3.064211e+01 3.064963e+01 3.065714e+01 3.066465e+01 3.067215e+01 3.067965e+01 3.068715e+01 3.069465e+01 3.070214e+01 3.070963e+01 3.071712e+01 3.072460e+01 3.073208e+01 3.073956e+01 3.074703e+01 3.075450e+01 3.076197e+01 3.076943e+01 3.077689e+01 3.078435e+01 3.079181e+01 3.079926e+01 3.080671e+01 3.081416e+01 3.082160e+01 3.082904e+01 3.083648e+01 3.084391e+01 3.085134e+01 3.085877e+01 3.086619e+01 3.087362e+01 3.088103e+01 3.088845e+01 3.089586e+01 3.090327e+01 3.091068e+01 3.091808e+01 3.092548e+01 3.093288e+01 3.094027e+01 3.094767e+01 3.095505e+01 3.096244e+01 3.096982e+01 3.097720e+01 3.098458e+01 3.099195e+01 3.099932e+01 3.100669e+01 3.101405e+01 3.102141e+01 3.102877e+01 3.103613e+01 3.104348e+01 3.105083e+01 3.105818e+01 3.106552e+01 3.107286e+01 3.108020e+01 3.108753e+01 3.109486e+01 3.110219e+01 3.110952e+01 3.111684e+01 3.112416e+01 3.113148e+01 3.113879e+01 3.114610e+01 3.115341e+01 3.116071e+01 3.116802e+01 3.117532e+01 3.118261e+01 3.118990e+01 3.119720e+01 3.120448e+01 3.121177e+01 3.121905e+01 3.122633e+01 3.123360e+01 3.124087e+01 3.124814e+01 3.125541e+01 3.126267e+01 3.126994e+01 3.127719e+01 3.128445e+01 3.129170e+01 3.129895e+01 3.130620e+01 3.131344e+01 3.132068e+01 3.132792e+01 3.133515e+01 3.134238e+01 3.134961e+01 3.135684e+01 3.136406e+01 3.137128e+01 3.137850e+01 3.138571e+01 3.139293e+01 3.140014e+01 3.140734e+01 3.141454e+01 3.142174e+01 3.142894e+01 3.143614e+01 3.144333e+01 3.145052e+01 3.145770e+01 3.146489e+01 3.147206e+01 3.147924e+01 3.148642e+01 3.149359e+01 3.150076e+01 3.150792e+01 3.151509e+01 3.152225e+01 3.152940e+01 3.153656e+01 3.154371e+01 3.155086e+01 3.155801e+01 3.156515e+01 3.157229e+01 3.157943e+01 3.158656e+01 3.159369e+01 3.160082e+01 3.160795e+01 3.161507e+01 3.162219e+01 3.162931e+01 3.163643e+01 3.164354e+01 3.165065e+01 3.165776e+01 3.166486e+01 3.167196e+01 3.167906e+01 3.168616e+01 3.169325e+01 3.170034e+01 3.170743e+01 3.171451e+01 3.172159e+01 3.172867e+01 3.173575e+01 3.174282e+01 3.174989e+01 3.175696e+01 3.176402e+01 3.177109e+01 3.177815e+01 3.178520e+01 3.179226e+01 3.179931e+01 3.180636e+01 3.181340e+01 3.182045e+01 3.182749e+01 3.183452e+01 3.184156e+01 3.184859e+01 3.185562e+01 3.186265e+01 3.186967e+01 3.187669e+01 3.188371e+01 3.189073e+01 3.189774e+01 3.190475e+01 3.191176e+01 3.191876e+01 3.192576e+01 3.193276e+01 3.193976e+01 3.194675e+01 3.195375e+01 3.196074e+01 3.196772e+01 3.197470e+01 3.198169e+01 3.198866e+01 3.199564e+01 3.200261e+01 3.200958e+01 3.201655e+01 3.202351e+01 3.203047e+01 3.203743e+01 3.204439e+01 3.205134e+01 3.205829e+01 3.206524e+01 3.207219e+01 3.207913e+01 3.208607e+01 3.209301e+01 3.209994e+01 3.210688e+01 3.211380e+01 3.212073e+01 3.212766e+01 3.213458e+01 3.214149e+01 3.214841e+01 3.215533e+01 3.216224e+01 3.216915e+01 3.217605e+01 3.218296e+01 3.218985e+01 3.219675e+01 3.220365e+01 3.221054e+01 3.221743e+01 3.222432e+01 3.223120e+01 3.223809e+01 3.224496e+01 3.225184e+01 3.225872e+01 3.226559e+01 3.227246e+01 3.227932e+01 3.228619e+01 3.229305e+01 3.229991e+01 3.230676e+01 3.231361e+01 3.232047e+01 3.232731e+01 3.233416e+01 3.234100e+01 3.234784e+01 3.235468e+01 3.236152e+01 3.236835e+01 3.237518e+01 3.238201e+01 3.238883e+01 3.239565e+01 3.240247e+01 3.240929e+01 3.241610e+01 3.242292e+01 3.242973e+01 3.243653e+01 3.244334e+01 3.245014e+01 3.245694e+01 3.246373e+01 3.247053e+01 3.247732e+01 3.248411e+01 3.249089e+01 3.249768e+01 3.250446e+01 3.251124e+01 3.251801e+01 3.252479e+01 3.253156e+01 3.253833e+01 3.254509e+01 3.255186e+01 3.255862e+01 3.256538e+01 3.257213e+01 3.257888e+01 3.258564e+01 3.259238e+01 3.259913e+01 3.260587e+01 3.261261e+01 3.261935e+01 3.262609e+01 3.263282e+01 3.263955e+01 3.264628e+01 3.265300e+01 3.265973e+01 3.266645e+01 3.267316e+01 3.267988e+01 3.268660e+01 3.269331e+01 3.270001e+01 3.270672e+01 3.271342e+01 3.272012e+01 3.272682e+01 3.273352e+01 3.274021e+01 3.274690e+01 3.275359e+01 3.276027e+01 3.276696e+01 3.277364e+01 3.278032e+01 3.278699e+01</elevationAngle>
        <elevationPattern count="676">1.302000e+14 -1.543571e+14 1.302000e+14 -1.554775e+14 1.302000e+14 -1.565974e+14 1.302000e+14 -1.577167e+14 1.302000e+14 -1.588354e+14 1.301832e+14 -1.599536e+14 1.301300e+14 -1.610713e+14 1.300768e+14 -1.621884e+14 1.300236e+14 -1.633049e+14 1.299704e+14 -1.644209e+14 1.299173e+14 -1.655364e+14 1.298165e+14 -1.666512e+14 1.296927e+14 -1.677655e+14 1.295690e+14 -1.688793e+14 1.294453e+14 -1.699926e+14 1.293217e+14 -1.711053e+14 1.291972e+14 -1.722177e+14 1.290208e+14 -1.733470e+14 1.288445e+14 -1.744756e+14 1.286682e+14 -1.756037e+14 1.284920e+14 -1.767313e+14 1.283158e+14 -1.778583e+14 1.281218e+14 -1.789788e+14 1.278931e+14 -1.800871e+14 1.276646e+14 -1.811949e+14 1.274361e+14 -1.823021e+14 1.272077e+14 -1.834088e+14 1.269794e+14 -1.845150e+14 1.266942e+14 -1.856206e+14 1.263784e+14 -1.867257e+14 1.260628e+14 -1.878302e+14 1.257474e+14 -1.889342e+14 1.254321e+14 -1.900376e+14 1.251170e+14 -1.911405e+14 1.247524e+14 -1.922429e+14 1.243851e+14 -1.933447e+14 1.240180e+14 -1.944461e+14 1.236511e+14 -1.955469e+14 1.232843e+14 -1.966471e+14 1.229060e+14 -1.977428e+14 1.224873e+14 -1.988246e+14 1.220687e+14 -1.999058e+14 1.216504e+14 -2.009864e+14 1.212323e+14 -2.020666e+14 1.208143e+14 -2.031462e+14 1.203543e+14 -2.042169e+14 1.198498e+14 -2.052780e+14 1.193456e+14 -2.063387e+14 1.188415e+14 -2.073988e+14 1.183378e+14 -2.084584e+14 1.178343e+14 -2.095176e+14 1.172928e+14 -2.105762e+14 1.167377e+14 -2.116343e+14 1.161829e+14 -2.126919e+14 1.156284e+14 -2.137490e+14 1.150741e+14 -2.148056e+14 1.145201e+14 -2.158616e+14 1.138997e+14 -2.169005e+14 1.132770e+14 -2.179383e+14 1.126547e+14 -2.189755e+14 1.120326e+14 -2.200123e+14 1.114109e+14 -2.210485e+14 1.107802e+14 -2.220812e+14 1.101073e+14 -2.230993e+14 1.094347e+14 -2.241167e+14 1.087624e+14 -2.251338e+14 1.080904e+14 -2.261503e+14 1.074188e+14 -2.271664e+14 1.067216e+14 -2.281820e+14 1.059818e+14 -2.291971e+14 1.052424e+14 -2.302117e+14 1.045032e+14 -2.312258e+14 1.037645e+14 -2.322394e+14 1.030261e+14 -2.332526e+14 1.022545e+14 -2.342460e+14 1.014568e+14 -2.352239e+14 1.006594e+14 -2.362013e+14 9.986248e+13 -2.371783e+14 9.906589e+13 -2.381548e+14 9.826964e+13 -2.391307e+14 9.742548e+13 -2.400815e+14 9.656334e+13 -2.410224e+14 9.570154e+13 -2.419628e+14 9.484019e+13 -2.429028e+14 9.397924e+13 -2.438423e+14 9.311869e+13 -2.447814e+14 9.220343e+13 -2.457052e+14 9.128055e+13 -2.466262e+14 9.035818e+13 -2.475470e+14 8.943621e+13 -2.484672e+14 8.851466e+13 -2.493870e+14 8.759317e+13 -2.503062e+14 8.660953e+13 -2.511911e+14 8.562636e+13 -2.520756e+14 8.464364e+13 -2.529596e+14 8.366142e+13 -2.538433e+14 8.267966e+13 -2.547266e+14 8.169122e+13 -2.556053e+14 8.065267e+13 -2.564537e+14 7.961461e+13 -2.573017e+14 7.857706e+13 -2.581495e+14 7.753999e+13 -2.589967e+14 7.650342e+13 -2.598436e+14 7.545361e+13 -2.606863e+14 7.435708e+13 -2.615155e+14 7.326108e+13 -2.623443e+14 7.216559e+13 -2.631726e+14 7.107060e+13 -2.640006e+14 6.997612e+13 -2.648282e+14 6.886444e+13 -2.656398e+14 6.771362e+13 -2.664160e+14 6.656336e+13 -2.671919e+14 6.541361e+13 -2.679674e+14 6.426440e+13 -2.687424e+14 6.311574e+13 -2.695173e+14 6.194669e+13 -2.702790e+14 6.074358e+13 -2.710194e+14 5.954100e+13 -2.717593e+14 5.833900e+13 -2.724991e+14 5.713755e+13 -2.732384e+14 5.593669e+13 -2.739775e+14 5.471267e+13 -2.746945e+14 5.345755e+13 -2.753826e+14 5.220298e+13 -2.760702e+14 5.094902e+13 -2.767575e+14 4.969563e+13 -2.774445e+14 4.844283e+13 -2.781312e+14 4.716739e+13 -2.788021e+14 4.586554e+13 -2.794547e+14 4.456432e+13 -2.801070e+14 4.326368e+13 -2.807589e+14 4.196367e+13 -2.814107e+14 4.066424e+13 -2.820620e+14 3.934133e+13 -2.826890e+14 3.799305e+13 -2.832898e+14 3.664539e+13 -2.838902e+14 3.529836e+13 -2.844903e+14 3.395194e+13 -2.850902e+14 3.260614e+13 -2.856897e+14 3.123689e+13 -2.862651e+14 2.984243e+13 -2.868143e+14 2.844859e+13 -2.873631e+14 2.705541e+13 -2.879117e+14 2.566288e+13 -2.884602e+14 2.427097e+13 -2.890082e+14 2.285954e+13 -2.895406e+14 2.142577e+13 -2.900549e+14 1.999266e+13 -2.905691e+14 1.856022e+13 -2.910832e+14 1.712843e+13 -2.915968e+14 1.569730e+13 -2.921104e+14 1.424779e+13 -2.926020e+14 1.277428e+13 -2.930654e+14 1.130145e+13 -2.935284e+14 9.829293e+12 -2.939914e+14 8.357811e+12 -2.944542e+14 6.887006e+12 -2.949168e+14 5.400634e+12 -2.953535e+14 3.889250e+12 -2.957494e+14 2.378561e+12 -2.961453e+14 8.685616e+11 -2.965411e+14 -6.407482e+11 -2.969366e+14 -2.149368e+12 -2.973318e+14 -3.668959e+12 -2.977166e+14 -5.212412e+12 -2.980786e+14 -6.755162e+12 -2.984406e+14 -8.297207e+12 -2.988023e+14 -9.838553e+12 -2.991639e+14 -1.137919e+13 -2.995253e+14 -1.292788e+13 -2.998710e+14 -1.450355e+13 -3.001663e+14 -1.607852e+13 -3.004616e+14 -1.765276e+13 -3.007568e+14 -1.922629e+13 -3.010518e+14 -2.079911e+13 -3.013466e+14 -2.237583e+13 -3.016345e+14 -2.397996e+13 -3.018802e+14 -2.558336e+13 -3.021256e+14 -2.718603e+13 -3.023709e+14 -2.878798e+13 -3.026160e+14 -3.038920e+13 -3.028611e+14 -3.199039e+13 -3.031044e+14 -3.361792e+13 -3.032840e+14 -3.524472e+13 -3.034635e+14 -3.687077e+13 -3.036429e+14 -3.849609e+13 -3.038222e+14 -4.012069e+13 -3.040016e+14 -4.174454e+13 -3.041806e+14 -4.339235e+13 -3.043307e+14 -4.504241e+13 -3.044771e+14 -4.669172e+13 -3.046235e+14 -4.834029e+13 -3.047698e+14 -4.998812e+13 -3.049161e+14 -5.163520e+13 -3.050623e+14 -5.330083e+13 -3.051602e+14 -5.497241e+13 -3.052414e+14 -5.664324e+13 -3.053226e+14 -5.831330e+13 -3.054036e+14 -5.998262e+13 -3.054846e+14 -6.165121e+13 -3.055657e+14 -6.333020e+13 -3.056093e+14 -6.501671e+13 -3.056255e+14 -6.670246e+13 -3.056417e+14 -6.838744e+13 -3.056579e+14 -7.007168e+13 -3.056740e+14 -7.175516e+13 -3.056901e+14 -7.344548e+13 -3.056874e+14 -7.514683e+13 -3.056551e+14 -7.684743e+13 -3.056229e+14 -7.854725e+13 -3.055906e+14 -8.024632e+13 -3.055583e+14 -8.194465e+13 -3.055262e+14 -8.364525e+13 -3.054846e+14 -8.535815e+13 -3.054043e+14 -8.707031e+13 -3.053238e+14 -8.878166e+13 -3.052434e+14 -9.049228e+13 -3.051630e+14 -9.220213e+13 -3.050826e+14 -9.391122e+13 -3.050023e+14 -9.563515e+13 -3.048596e+14 -9.735878e+13 -3.047152e+14 -9.908162e+13 -3.045708e+14 -1.008037e+14 -3.044265e+14 -1.025250e+14 -3.042822e+14 -1.042456e+14 -3.041381e+14 -1.059725e+14 -3.039586e+14 -1.077011e+14 -3.037666e+14 -1.094290e+14 -3.035745e+14 -1.111561e+14 -3.033826e+14 -1.128825e+14 -3.031908e+14 -1.146081e+14 -3.029991e+14 -1.163329e+14 -3.027844e+14 -1.180570e+14 -3.025448e+14 -1.197803e+14 -3.023055e+14 -1.215028e+14 -3.020663e+14 -1.232246e+14 -3.018271e+14 -1.249457e+14 -3.015881e+14 -1.266659e+14 -3.013356e+14 -1.283854e+14 -3.010332e+14 -1.301041e+14 -3.007308e+14 -1.318221e+14 -3.004285e+14 -1.335394e+14 -3.001264e+14 -1.352558e+14 -2.998244e+14 -1.369716e+14 -2.995226e+14 -1.387012e+14 -2.991621e+14 -1.404314e+14 -2.987970e+14 -1.421607e+14 -2.984321e+14 -1.438893e+14 -2.980674e+14 -1.456171e+14 -2.977028e+14 -1.473442e+14 -2.973384e+14 -1.490705e+14 -2.969545e+14 -1.507960e+14 -2.965587e+14 -1.525208e+14 -2.961632e+14 -1.542449e+14 -2.957677e+14 -1.559681e+14 -2.953724e+14 -1.576907e+14 -2.949774e+14 -1.594124e+14 -2.945636e+14 -1.611334e+14 -2.941057e+14 -1.628538e+14 -2.936481e+14 -1.645733e+14 -2.931906e+14 -1.662920e+14 -2.927333e+14 -1.680101e+14 -2.922762e+14 -1.697274e+14 -2.918194e+14 -1.714288e+14 -2.913174e+14 -1.731289e+14 -2.908137e+14 -1.748282e+14 -2.903101e+14 -1.765268e+14 -2.898069e+14 -1.782246e+14 -2.893039e+14 -1.799216e+14 -2.888009e+14 -1.816180e+14 -2.882607e+14 -1.833136e+14 -2.876954e+14 -1.850085e+14 -2.871305e+14 -1.867027e+14 -2.865659e+14 -1.883960e+14 -2.860013e+14 -1.900887e+14 -2.854371e+14 -1.917772e+14 -2.848661e+14 -1.934527e+14 -2.842710e+14 -1.951276e+14 -2.836762e+14 -1.968016e+14 -2.830817e+14 -1.984750e+14 -2.824874e+14 -2.001477e+14 -2.818934e+14 -2.018196e+14 -2.812996e+14 -2.034778e+14 -2.806541e+14 -2.051327e+14 -2.799983e+14 -2.067868e+14 -2.793429e+14 -2.084403e+14 -2.786878e+14 -2.100930e+14 -2.780330e+14 -2.117451e+14 -2.773785e+14 -2.133898e+14 -2.767110e+14 -2.150249e+14 -2.760258e+14 -2.166592e+14 -2.753410e+14 -2.182928e+14 -2.746563e+14 -2.199257e+14 -2.739721e+14 -2.215579e+14 -2.732881e+14 -2.231894e+14 -2.726044e+14 -2.251289e+14 -2.715353e+14 -2.270695e+14 -2.704640e+14 -2.290093e+14 -2.693933e+14 -2.309482e+14 -2.683230e+14 -2.328863e+14 -2.672531e+14 -2.348237e+14 -2.661838e+14 -2.363785e+14 -2.656406e+14 -2.376173e+14 -2.655323e+14 -2.388555e+14 -2.654239e+14 -2.400933e+14 -2.653155e+14 -2.413305e+14 -2.652073e+14 -2.425672e+14 -2.650992e+14 -2.438305e+14 -2.649302e+14 -2.453905e+14 -2.640962e+14 -2.469498e+14 -2.632625e+14 -2.485085e+14 -2.624292e+14 -2.500665e+14 -2.615962e+14 -2.516237e+14 -2.607635e+14 -2.531804e+14 -2.599313e+14 -2.547271e+14 -2.590808e+14 -2.562670e+14 -2.582184e+14 -2.578064e+14 -2.573564e+14 -2.593450e+14 -2.564948e+14 -2.608829e+14 -2.556335e+14 -2.624202e+14 -2.547726e+14 -2.639538e+14 -2.539074e+14 -2.654591e+14 -2.530011e+14 -2.669637e+14 -2.520952e+14 -2.684678e+14 -2.511898e+14 -2.699711e+14 -2.502846e+14 -2.714739e+14 -2.493800e+14 -2.729761e+14 -2.484757e+14 -2.744597e+14 -2.475539e+14 -2.759298e+14 -2.466196e+14 -2.773993e+14 -2.456858e+14 -2.788684e+14 -2.447524e+14 -2.803367e+14 -2.438194e+14 -2.818044e+14 -2.428868e+14 -2.832700e+14 -2.419516e+14 -2.847060e+14 -2.409587e+14 -2.861413e+14 -2.399662e+14 -2.875759e+14 -2.389740e+14 -2.890101e+14 -2.379824e+14 -2.904435e+14 -2.369911e+14 -2.918765e+14 -2.360003e+14 -2.932861e+14 -2.350023e+14 -2.946722e+14 -2.339971e+14 -2.960577e+14 -2.329923e+14 -2.974424e+14 -2.319879e+14 -2.988267e+14 -2.309839e+14 -3.002104e+14 -2.299803e+14 -3.015935e+14 -2.289773e+14 -3.029480e+14 -2.279325e+14 -3.042995e+14 -2.268846e+14 -3.056505e+14 -2.258372e+14 -3.070009e+14 -2.247903e+14 -3.083507e+14 -2.237437e+14 -3.097000e+14 -2.226976e+14 -3.110337e+14 -2.216419e+14 -3.123364e+14 -2.205664e+14 -3.136386e+14 -2.194914e+14 -3.149403e+14 -2.184168e+14 -3.162413e+14 -2.173426e+14 -3.175419e+14 -2.162689e+14 -3.188419e+14 -2.151956e+14 -3.201194e+14 -2.140899e+14 -3.213881e+14 -2.129723e+14 -3.226564e+14 -2.118552e+14 -3.239240e+14 -2.107384e+14 -3.251910e+14 -2.096220e+14 -3.264577e+14 -2.085063e+14 -3.277180e+14 -2.073895e+14 -3.289231e+14 -2.062595e+14 -3.301280e+14 -2.051300e+14 -3.313323e+14 -2.040011e+14 -3.325360e+14 -2.028725e+14 -3.337392e+14 -2.017444e+14 -3.349420e+14 -2.006168e+14 -3.361170e+14 -1.994693e+14 -3.372587e+14 -1.982975e+14 -3.384000e+14 -1.971263e+14 -3.395408e+14 -1.959556e+14 -3.406810e+14 -1.947853e+14 -3.418208e+14 -1.936155e+14 -3.429603e+14 -1.924462e+14 -3.440634e+14 -1.912655e+14 -3.451569e+14 -1.900822e+14 -3.462499e+14 -1.888994e+14 -3.473425e+14 -1.877171e+14 -3.484346e+14 -1.865352e+14 -3.495262e+14 -1.853538e+14 -3.506110e+14 -1.841698e+14 -3.516420e+14 -1.829595e+14 -3.526724e+14 -1.817497e+14 -3.537026e+14 -1.805404e+14 -3.547323e+14 -1.793317e+14 -3.557615e+14 -1.781234e+14 -3.567903e+14 -1.769156e+14 -3.577946e+14 -1.756962e+14 -3.587629e+14 -1.744596e+14 -3.597310e+14 -1.732236e+14 -3.606985e+14 -1.719880e+14 -3.616657e+14 -1.707530e+14 -3.626326e+14 -1.695185e+14 -3.635990e+14 -1.682844e+14 -3.645242e+14 -1.670407e+14 -3.654302e+14 -1.657927e+14 -3.663360e+14 -1.645454e+14 -3.672415e+14 -1.632985e+14 -3.681466e+14 -1.620522e+14 -3.690513e+14 -1.608063e+14 -3.699556e+14 -1.595610e+14 -3.707892e+14 -1.583021e+14 -3.716188e+14 -1.570430e+14 -3.724479e+14 -1.557844e+14 -3.732768e+14 -1.545263e+14 -3.741052e+14 -1.532687e+14 -3.749334e+14 -1.520117e+14 -3.757470e+14 -1.507523e+14 -3.765006e+14 -1.494815e+14 -3.772539e+14 -1.482112e+14 -3.780067e+14 -1.469414e+14 -3.787597e+14 -1.456722e+14 -3.795120e+14 -1.444034e+14 -3.802641e+14 -1.431352e+14 -3.809909e+14 -1.418675e+14 -3.816835e+14 -1.406003e+14 -3.823758e+14 -1.393336e+14 -3.830678e+14 -1.380675e+14 -3.837596e+14 -1.368019e+14 -3.844509e+14 -1.355368e+14 -3.851419e+14 -1.342721e+14 -3.857868e+14 -1.329896e+14 -3.864040e+14 -1.316967e+14 -3.870208e+14 -1.304042e+14 -3.876374e+14 -1.291123e+14 -3.882538e+14 -1.278209e+14 -3.888696e+14 -1.265300e+14 -3.894856e+14 -1.252396e+14 -3.900295e+14 -1.239498e+14 -3.905571e+14 -1.226605e+14 -3.910842e+14 -1.213717e+14 -3.916114e+14 -1.200835e+14 -3.921382e+14 -1.187958e+14 -3.926648e+14 -1.175086e+14 -3.931911e+14 -1.162218e+14 -3.936311e+14 -1.149500e+14 -3.940693e+14 -1.136790e+14 -3.945074e+14 -1.124084e+14 -3.949452e+14 -1.111384e+14 -3.953832e+14 -1.098689e+14 -3.958207e+14 -1.085999e+14 -3.962485e+14 -1.073293e+14 -3.966128e+14 -1.060453e+14 -3.969769e+14 -1.047618e+14 -3.973410e+14 -1.034788e+14 -3.977050e+14 -1.021963e+14 -3.980688e+14 -1.009144e+14 -3.984324e+14 -9.963295e+13 -3.987768e+14 -9.835474e+13 -3.990674e+14 -9.708449e+13 -3.993579e+14 -9.581478e+13 -3.996485e+14 -9.454561e+13 -3.999387e+14 -9.327690e+13 -4.002289e+14 -9.200870e+13 -4.005189e+14 -9.074101e+13 -4.007708e+14 -8.947766e+13 -4.009592e+14 -8.822114e+13 -4.011477e+14 -8.696514e+13 -4.013358e+14 -8.570960e+13 -4.015241e+14 -8.445461e+13 -4.017121e+14 -8.320012e+13 -4.019001e+14 -8.194608e+13 -4.020542e+14 -8.069867e+13 -4.021698e+14 -7.945868e+13 -4.022853e+14 -7.821916e+13 -4.024009e+14 -7.698018e+13 -4.025165e+14 -7.574169e+13 -4.026318e+14 -7.450366e+13 -4.027472e+14 -7.326613e+13 -4.028078e+14 -7.203769e+13 -4.028222e+14 -7.081701e+13 -4.028367e+14 -6.959681e+13 -4.028510e+14 -6.837710e+13 -4.028655e+14 -6.715787e+13 -4.028797e+14 -6.593910e+13 -4.028942e+14 -6.472087e+13 -4.028571e+14 -6.351596e+13 -4.027853e+14 -6.232023e+13 -4.027134e+14 -6.112497e+13 -4.026416e+14 -5.993018e+13 -4.025698e+14 -5.873588e+13 -4.024982e+14 -5.754206e+13 -4.024263e+14 -5.634868e+13 -4.023093e+14 -5.516938e+13 -4.021660e+14 -5.399848e+13 -4.020228e+14 -5.282802e+13 -4.018795e+14 -5.165803e+13 -4.017364e+14 -5.048850e+13 -4.015933e+14 -4.931944e+13 -4.014503e+14 -4.815083e+13 -4.012424e+14 -4.700216e+13 -4.009994e+14 -4.586450e+13 -4.007567e+14 -4.472729e+13 -4.005138e+14 -4.359052e+13 -4.002711e+14 -4.245420e+13 -4.000286e+14 -4.131834e+13 -3.997861e+14 -4.018292e+13 -3.994885e+14 -3.906726e+13 -3.991606e+14 -3.796265e+13 -3.988330e+14 -3.685850e+13 -3.985055e+14 -3.575477e+13 -3.981779e+14 -3.465148e+13 -3.978508e+14 -3.354863e+13 -3.975236e+14 -3.244621e+13 -3.971434e+14 -3.136458e+13 -3.967312e+14 -3.029571e+13 -3.963191e+14 -2.922727e+13 -3.959073e+14 -2.815924e+13 -3.954957e+14 -2.709165e+13 -3.950840e+14 -2.602445e+13 -3.946726e+14 -2.495769e+13 -3.942203e+14 -2.391437e+13 -3.937384e+14 -2.288813e+13 -3.932566e+14 -2.186230e+13 -3.927751e+14 -2.083686e+13 -3.922937e+14 -1.981182e+13 -3.918125e+14 -1.878719e+13 -3.913315e+14 -1.776296e+13 -3.907994e+14 -1.675892e+13 -3.902198e+14 -1.577366e+13 -3.896403e+14 -1.478877e+13 -3.890613e+14 -1.380428e+13 -3.884824e+14 -1.282017e+13 -3.879038e+14 -1.183645e+13 -3.873253e+14 -1.085310e+13 -3.867162e+14 -9.889138e+12 -3.860679e+14 -8.949987e+12 -3.854196e+14 -8.011196e+12 -3.847717e+14 -7.072773e+12 -3.841241e+14 -6.134717e+12 -3.834765e+14 -5.197023e+12 -3.828292e+14 -4.259694e+12 -3.821586e+14 -3.338159e+12 -3.814416e+14 -2.447393e+12 -3.807250e+14 -1.556973e+12 -3.800086e+14 -6.668989e+11 -3.792924e+14 2.228294e+11 -3.785764e+14 1.112212e+12 -3.778608e+14 2.001249e+12 -3.771273e+14 2.879762e+12 -3.763281e+14 3.721000e+12 -3.755293e+14 4.561911e+12 -3.747306e+14 5.402495e+12 -3.739325e+14 6.242758e+12 -3.731346e+14 7.082693e+12 -3.723368e+14 7.922298e+12 -3.715353e+14 8.757895e+12 -3.706824e+14 9.548194e+12 -3.698298e+14 1.033819e+13 -3.689775e+14 1.112787e+13 -3.681255e+14 1.191726e+13 -3.672740e+14 1.270634e+13 -3.664227e+14 1.349511e+13 -3.655717e+14 1.428358e+13 -3.646573e+14 1.502424e+13 -3.637372e+14 1.576024e+13 -3.628176e+14 1.649597e+13 -3.618982e+14 1.723140e+13 -3.609793e+14 1.796655e+13 -3.600608e+14 1.870143e+13 -3.591425e+14 1.943601e+13 -3.581735e+14 2.013348e+13 -3.571863e+14 2.081744e+13 -3.561998e+14 2.150117e+13 -3.552134e+14 2.218461e+13 -3.542277e+14 2.286781e+13 -3.532420e+14 2.355072e+13 -3.522569e+14 2.423339e+13 -3.512498e+14 2.488753e+13 -3.502238e+14 2.551698e+13 -3.491982e+14 2.614619e+13 -3.481730e+14 2.677516e+13 -3.471482e+14 2.740389e+13 -3.461238e+14 2.803238e+13 -3.451000e+14 2.866063e+13 -3.440588e+14 2.927200e+13 -3.429803e+14 2.984723e+13 -3.419021e+14 3.042223e+13 -3.408244e+14 3.099701e+13 -3.397470e+14 3.157156e+13 -3.386703e+14 3.214592e+13 -3.375937e+14 3.272002e+13 -3.365134e+14 3.328992e+13 -3.353826e+14 3.381120e+13 -3.342522e+14 3.433227e+13 -3.331223e+14 3.485316e+13 -3.319927e+14 3.537383e+13 -3.308635e+14 3.589431e+13 -3.297350e+14 3.641460e+13 -3.286069e+14 3.693470e+13 -3.274454e+14 3.741079e+13 -3.262766e+14 3.787684e+13 -3.251086e+14 3.834275e+13 -3.239408e+14 3.880846e+13 -3.227736e+14 3.927402e+13 -3.216067e+14 3.973936e+13 -3.204402e+14 4.020454e+13 -3.192595e+14 4.064084e+13 -3.180667e+14 4.105221e+13 -3.168741e+14 4.146340e+13 -3.156822e+14 4.187446e+13 -3.144905e+14 4.228534e+13 -3.132994e+14 4.269606e+13 -3.121087e+14 4.310664e+13 -3.109055e+14 4.350445e+13 -3.096611e+14 4.386138e+13 -3.084171e+14 4.421817e+13 -3.071737e+14 4.457485e+13 -3.059306e+14 4.493136e+13 -3.046879e+14 4.528774e+13 -3.034458e+14 4.564401e+13 -3.022042e+14 4.600012e+13 -3.009505e+14 4.630988e+13 -2.996962e+14 4.661529e+13 -2.984423e+14 4.692058e+13 -2.971889e+14 4.722574e+13 -2.959359e+14 4.753080e+13 -2.946835e+14 4.783575e+13 -2.934315e+14 4.814058e+13 -2.921643e+14 4.841634e+13 -2.908862e+14 4.867063e+13 -2.896084e+14 4.892482e+13 -2.883312e+14 4.917892e+13 -2.870544e+14 4.943292e+13 -2.857781e+14 4.968682e+13 -2.845022e+14 4.994063e+13 -2.832210e+14 5.018387e+13 -2.819190e+14 5.038866e+13 -2.806175e+14 5.059338e+13 -2.793166e+14 5.079802e+13 -2.780161e+14 5.100259e+13 -2.767160e+14 5.120707e+13 -2.754165e+14 5.141148e+13 -2.741174e+14 5.161580e+13 -2.728076e+14 5.178064e+13 -2.714960e+14 5.193750e+13 -2.701848e+14 5.209429e+13 -2.688742e+14 5.225102e+13 -2.675640e+14 5.240769e+13 -2.662544e+14 5.256431e+13 -2.649453e+14 5.272087e+13 -2.636308e+14 5.285763e+13 -2.623091e+14 5.296820e+13 -2.609880e+14 5.307877e+13 -2.596674e+14 5.318927e+13 -2.583471e+14 5.329971e+13 -2.570274e+14 5.341014e+13 -2.557083e+14 5.352053e+13 -2.543895e+14 5.363053e+13 -2.530578e+14 5.369777e+13 -2.517267e+14 5.376502e+13 -2.503960e+14 5.383223e+13 -2.490658e+14 5.389940e+13 -2.477361e+14 5.396655e+13 -2.464070e+14 5.403369e+13 -2.450783e+14 5.410080e+13 -2.437501e+14 5.414516e+13 -2.424224e+14 5.417198e+13 -2.410952e+14 5.419878e+13 -2.397685e+14 5.422560e+13 -2.384423e+14 5.425238e+13 -2.371165e+14 5.427915e+13 -2.357913e+14 5.430593e+13 -2.344666e+14 5.432879e+13 -2.331424e+14 5.431675e+13 -2.318186e+14 5.430473e+13 -2.304954e+14 5.429269e+13 -2.291726e+14 5.428066e+13 -2.278503e+14 5.426865e+13 -2.265285e+14 5.425663e+13</elevationPattern>
        <incidenceAngle count="676">3.097449e+01 3.098468e+01 3.099486e+01 3.100505e+01 3.101523e+01 3.102539e+01 3.103557e+01 3.104572e+01 3.105588e+01 3.106604e+01 3.107619e+01 3.108632e+01 3.109647e+01 3.110660e+01 3.111673e+01 3.112685e+01 3.113696e+01 3.114708e+01 3.115720e+01 3.116730e+01 3.117740e+01 3.118750e+01 3.119759e+01 3.120767e+01 3.121776e+01 3.122783e+01 3.123790e+01 3.124797e+01 3.125804e+01 3.126810e+01 3.127815e+01 3.128819e+01 3.129825e+01 3.130829e+01 3.131831e+01 3.132835e+01 3.133838e+01 3.134840e+01 3.135841e+01 3.136842e+01 3.137843e+01 3.138844e+01 3.139844e+01 3.140843e+01 3.141843e+01 3.142841e+01 3.143839e+01 3.144836e+01 3.145833e+01 3.146829e+01 3.147826e+01 3.148822e+01 3.149817e+01 3.150812e+01 3.151807e+01 3.152800e+01 3.153793e+01 3.154787e+01 3.155779e+01 3.156772e+01 3.157762e+01 3.158754e+01 3.159744e+01 3.160735e+01 3.161725e+01 3.162714e+01 3.163704e+01 3.164691e+01 3.165680e+01 3.166667e+01 3.167654e+01 3.168642e+01 3.169627e+01 3.170613e+01 3.171599e+01 3.172583e+01 3.173569e+01 3.174553e+01 3.175536e+01 3.176518e+01 3.177501e+01 3.178484e+01 3.179466e+01 3.180447e+01 3.181429e+01 3.182408e+01 3.183389e+01 3.184369e+01 3.185347e+01 3.186327e+01 3.187305e+01 3.188283e+01 3.189259e+01 3.190237e+01 3.191214e+01 3.192189e+01 3.193166e+01 3.194141e+01 3.195116e+01 3.196089e+01 3.197064e+01 3.198038e+01 3.199010e+01 3.199983e+01 3.200955e+01 3.201927e+01 3.202898e+01 3.203870e+01 3.204840e+01 3.205811e+01 3.206779e+01 3.207748e+01 3.208717e+01 3.209686e+01 3.210654e+01 3.211621e+01 3.212589e+01 3.213554e+01 3.214522e+01 3.215488e+01 3.216452e+01 3.217418e+01 3.218382e+01 3.219347e+01 3.220309e+01 3.221272e+01 3.222235e+01 3.223198e+01 3.224161e+01 3.225122e+01 3.226083e+01 3.227043e+01 3.228004e+01 3.228964e+01 3.229924e+01 3.230882e+01 3.231841e+01 3.232799e+01 3.233757e+01 3.234714e+01 3.235672e+01 3.236627e+01 3.237584e+01 3.238539e+01 3.239494e+01 3.240450e+01 3.241405e+01 3.242358e+01 3.243312e+01 3.244266e+01 3.245218e+01 3.246170e+01 3.247122e+01 3.248074e+01 3.249025e+01 3.249976e+01 3.250926e+01 3.251877e+01 3.252826e+01 3.253775e+01 3.254724e+01 3.255672e+01 3.256619e+01 3.257567e+01 3.258514e+01 3.259460e+01 3.260406e+01 3.261353e+01 3.262299e+01 3.263243e+01 3.264188e+01 3.265132e+01 3.266077e+01 3.267020e+01 3.267963e+01 3.268906e+01 3.269847e+01 3.270789e+01 3.271730e+01 3.272672e+01 3.273611e+01 3.274553e+01 3.275491e+01 3.276431e+01 3.277370e+01 3.278310e+01 3.279247e+01 3.280185e+01 3.281122e+01 3.282059e+01 3.282996e+01 3.283932e+01 3.284868e+01 3.285803e+01 3.286739e+01 3.287672e+01 3.288608e+01 3.289542e+01 3.290474e+01 3.291408e+01 3.292340e+01 3.293272e+01 3.294205e+01 3.295135e+01 3.296066e+01 3.296997e+01 3.297928e+01 3.298857e+01 3.299786e+01 3.300716e+01 3.301645e+01 3.302573e+01 3.303502e+01 3.304428e+01 3.305356e+01 3.306282e+01 3.307210e+01 3.308134e+01 3.309061e+01 3.309985e+01 3.310910e+01 3.311835e+01 3.312759e+01 3.313683e+01 3.314606e+01 3.315529e+01 3.316452e+01 3.317374e+01 3.318295e+01 3.319217e+01 3.320139e+01 3.321059e+01 3.321979e+01 3.322899e+01 3.323817e+01 3.324738e+01 3.325656e+01 3.326575e+01 3.327492e+01 3.328410e+01 3.329327e+01 3.330243e+01 3.331160e+01 3.332076e+01 3.332991e+01 3.333907e+01 3.334822e+01 3.335736e+01 3.336650e+01 3.337564e+01 3.338478e+01 3.339391e+01 3.340303e+01 3.341216e+01 3.342128e+01 3.343039e+01 3.343950e+01 3.344861e+01 3.345772e+01 3.346681e+01 3.347591e+01 3.348500e+01 3.349409e+01 3.350317e+01 3.351225e+01 3.352133e+01 3.353041e+01 3.353947e+01 3.354855e+01 3.355762e+01 3.356667e+01 3.357573e+01 3.358478e+01 3.359383e+01 3.360287e+01 3.361191e+01 3.362096e+01 3.362999e+01 3.363901e+01 3.364804e+01 3.365706e+01 3.366608e+01 3.367509e+01 3.368411e+01 3.369312e+01 3.370212e+01 3.371112e+01 3.372012e+01 3.372911e+01 3.373810e+01 3.374709e+01 3.375607e+01 3.376505e+01 3.377402e+01 3.378299e+01 3.379196e+01 3.380093e+01 3.380989e+01 3.381885e+01 3.382780e+01 3.383675e+01 3.384569e+01 3.385464e+01 3.386357e+01 3.387251e+01 3.388144e+01 3.389037e+01 3.389929e+01 3.390822e+01 3.391713e+01 3.392606e+01 3.393497e+01 3.394386e+01 3.395277e+01 3.396167e+01 3.397057e+01 3.397946e+01 3.398834e+01 3.399724e+01 3.400612e+01 3.401500e+01 3.402386e+01 3.403275e+01 3.404161e+01 3.405048e+01 3.405934e+01 3.406819e+01 3.407704e+01 3.408589e+01 3.409474e+01 3.410359e+01 3.411243e+01 3.412126e+01 3.413010e+01 3.413893e+01 3.414775e+01 3.415657e+01 3.416539e+01 3.417421e+01 3.418301e+01 3.419183e+01 3.420064e+01 3.420943e+01 3.421823e+01 3.422702e+01 3.423582e+01 3.424460e+01 3.425339e+01 3.426218e+01 3.427095e+01 3.427972e+01 3.428850e+01 3.429726e+01 3.430602e+01 3.431479e+01 3.432353e+01 3.433229e+01 3.434105e+01 3.434979e+01 3.435854e+01 3.436726e+01 3.437601e+01 3.438474e+01 3.439346e+01 3.440219e+01 3.441092e+01 3.441963e+01 3.442834e+01 3.443706e+01 3.444577e+01 3.445448e+01 3.446318e+01 3.447188e+01 3.448058e+01 3.448926e+01 3.449796e+01 3.450664e+01 3.451532e+01 3.452400e+01 3.453267e+01 3.454135e+01 3.455002e+01 3.455869e+01 3.456734e+01 3.457600e+01 3.458466e+01 3.459331e+01 3.460196e+01 3.461060e+01 3.461923e+01 3.462788e+01 3.463651e+01 3.464514e+01 3.465378e+01 3.466240e+01 3.467102e+01 3.467964e+01 3.468825e+01 3.469687e+01 3.470547e+01 3.471408e+01 3.472267e+01 3.473128e+01 3.473987e+01 3.474846e+01 3.475705e+01 3.476564e+01 3.477422e+01 3.478279e+01 3.479137e+01 3.479994e+01 3.480852e+01 3.481708e+01 3.482564e+01 3.483420e+01 3.484276e+01 3.485130e+01 3.485986e+01 3.486841e+01 3.487695e+01 3.488548e+01 3.489403e+01 3.490256e+01 3.491109e+01 3.491962e+01 3.492813e+01 3.493666e+01 3.494518e+01 3.495369e+01 3.496219e+01 3.497070e+01 3.497920e+01 3.498770e+01 3.499620e+01 3.500470e+01 3.501318e+01 3.502168e+01 3.503017e+01 3.503864e+01 3.504712e+01 3.505559e+01 3.506407e+01 3.507254e+01 3.508099e+01 3.508946e+01 3.509792e+01 3.510637e+01 3.511482e+01 3.512328e+01 3.513173e+01 3.514017e+01 3.514861e+01 3.515704e+01 3.516548e+01 3.517390e+01 3.518234e+01 3.519077e+01 3.519917e+01 3.520760e+01 3.521602e+01 3.522443e+01 3.523283e+01 3.524124e+01 3.524963e+01 3.525804e+01 3.526643e+01 3.527483e+01 3.528322e+01 3.529160e+01 3.529999e+01 3.530836e+01 3.531674e+01 3.532512e+01 3.533348e+01 3.534186e+01 3.535022e+01 3.535858e+01 3.536694e+01 3.537529e+01 3.538365e+01 3.539200e+01 3.540034e+01 3.540868e+01 3.541702e+01 3.542535e+01 3.543369e+01 3.544202e+01 3.545035e+01 3.545868e+01 3.546700e+01 3.547531e+01 3.548363e+01 3.549194e+01 3.550024e+01 3.550856e+01 3.551686e+01 3.552516e+01 3.553345e+01 3.554175e+01 3.555003e+01 3.555832e+01 3.556660e+01 3.557489e+01 3.558318e+01 3.559145e+01 3.559972e+01 3.560799e+01 3.561626e+01 3.562451e+01 3.563277e+01 3.564104e+01 3.564929e+01 3.565753e+01 3.566579e+01 3.567403e+01 3.568227e+01 3.569051e+01 3.569875e+01 3.570699e+01 3.571521e+01 3.572343e+01 3.573166e+01 3.573988e+01 3.574809e+01 3.575632e+01 3.576453e+01 3.577274e+01 3.578094e+01 3.578914e+01 3.579735e+01 3.580554e+01 3.581374e+01 3.582193e+01 3.583011e+01 3.583830e+01 3.584648e+01 3.585466e+01 3.586284e+01 3.587100e+01 3.587918e+01 3.588734e+01 3.589551e+01 3.590367e+01 3.591183e+01 3.591998e+01 3.592813e+01 3.593629e+01 3.594443e+01 3.595258e+01 3.596072e+01 3.596886e+01 3.597699e+01 3.598512e+01 3.599326e+01 3.600137e+01 3.600951e+01 3.601762e+01 3.602574e+01 3.603386e+01 3.604196e+01 3.605008e+01 3.605818e+01 3.606628e+01 3.607439e+01 3.608247e+01 3.609058e+01 3.609866e+01 3.610675e+01 3.611484e+01 3.612292e+01 3.613100e+01 3.613907e+01 3.614716e+01 3.615523e+01 3.616328e+01 3.617136e+01 3.617941e+01 3.618747e+01 3.619553e+01 3.620358e+01 3.621164e+01 3.621968e+01 3.622772e+01 3.623578e+01 3.624380e+01 3.625185e+01 3.625989e+01 3.626791e+01 3.627594e+01 3.628397e+01 3.629199e+01 3.630000e+01 3.630803e+01 3.631604e+01 3.632405e+01 3.633206e+01 3.634006e+01 3.634807e+01 3.635606e+01 3.636406e+01 3.637206e+01 3.638005e+01 3.638803e+01 3.639601e+01 3.640401e+01 3.641197e+01 3.641995e+01 3.642793e+01 3.643590e+01 3.644386e+01 3.645184e+01 3.645979e+01 3.646776e+01 3.647572e+01 3.648367e+01 3.649162e+01 3.649957e+01 3.650752e+01 3.651546e+01 3.652341e+01 3.653134e+01 3.653928e+01 3.654721e+01 3.655513e+01 3.656306e+01 3.657098e+01 3.657890e+01 3.658682e+01 3.659474e+01 3.660265e+01 3.661057e+01 3.661847e+01 3.662637e+01 3.663428e+01 3.664218e+01 3.665007e+01 3.665796e+01 3.666586e+01 3.667374e+01 3.668163e+01 3.668951e+01 3.669739e+01 3.670526e+01 3.671313e+01 3.672101e+01 3.672888e+01 3.673676e+01 3.674461e+01 3.675247e+01 3.676033e+01 3.676819e+01 3.677603e+01 3.678389e+01 3.679173e+01 3.679958e+01 3.680742e+01 3.681526e+01 3.682309e+01 3.683093e+01 3.683876e+01 3.684659e+01 3.685442e+01 3.686223e+01 3.687006e+01 3.687787e+01 3.688568e+01 3.689349e+01 3.690131e+01 3.690912e+01 3.691692e+01 3.692471e+01 3.693251e+01 3.694031e+01 3.694810e+01 3.695590e+01 3.696368e+01</incidenceAngle>
        <terrainHeight>2.570185402947619e+03</terrainHeight>
        <roll>3.009622527408552e+01</roll>
      </antennaPattern>
      <antennaPattern>
        <swath>IW1</swath>
        <azimuthTime>2015-05-16T13:34:32.852233</azimuthTime>
        <slantRangeTime count="676">5.337093144532169e-03 5.337590461830731e-03 5.338087779129293e-03 5.338585096427855e-03 5.339082413726417e-03 5.339579731024979e-03 5.340077048323541e-03 5.340574365622103e-03 5.341071682920665e-03 5.341569000219227e-03 5.342066317517788e-03 5.342563634816350e-03 5.343060952114912e-03 5.343558269413474e-03 5.344055586712036e-03 5.344552904010597e-03 5.345050221309159e-03 5.345547538607721e-03 5.346044855906283e-03 5.346542173204845e-03 5.347039490503407e-03 5.347536807801969e-03 5.348034125100530e-03 5.348531442399092e-03 5.349028759697654e-03 5.349526076996216e-03 5.350023394294778e-03 5.350520711593340e-03 5.351018028891902e-03 5.351515346190464e-03 5.352012663489026e-03 5.352509980787588e-03 5.353007298086149e-03 5.353504615384711e-03 5.354001932683273e-03 5.354499249981835e-03 5.354996567280397e-03 5.355493884578959e-03 5.355991201877521e-03 5.356488519176083e-03 5.356985836474645e-03 5.357483153773207e-03 5.357980471071768e-03 5.358477788370330e-03 5.358975105668892e-03 5.359472422967454e-03 5.359969740266015e-03 5.360467057564577e-03 5.360964374863139e-03 5.361461692161701e-03 5.361959009460263e-03 5.362456326758825e-03 5.362953644057387e-03 5.363450961355948e-03 5.363948278654510e-03 5.364445595953072e-03 5.364942913251634e-03 5.365440230550196e-03 5.365937547848758e-03 5.366434865147320e-03 5.366932182445882e-03 5.367429499744444e-03 5.367926817043006e-03 5.368424134341567e-03 5.368921451640129e-03 5.369418768938691e-03 5.369916086237253e-03 5.370413403535815e-03 5.370910720834377e-03 5.371408038132939e-03 5.371905355431501e-03 5.372402672730063e-03 5.372899990028625e-03 5.373397307327187e-03 5.373894624625748e-03 5.374391941924310e-03 5.374889259222872e-03 5.375386576521433e-03 5.375883893819995e-03 5.376381211118557e-03 5.376878528417119e-03 5.377375845715681e-03 5.377873163014243e-03 5.378370480312805e-03 5.378867797611367e-03 5.379365114909928e-03 5.379862432208490e-03 5.380359749507052e-03 5.380857066805614e-03 5.381354384104176e-03 5.381851701402738e-03 5.382349018701300e-03 5.382846335999862e-03 5.383343653298424e-03 5.383840970596986e-03 5.384338287895547e-03 5.384835605194109e-03 5.385332922492671e-03 5.385830239791233e-03 5.386327557089795e-03 5.386824874388357e-03 5.387322191686919e-03 5.387819508985481e-03 5.388316826284043e-03 5.388814143582605e-03 5.389311460881166e-03 5.389808778179728e-03 5.390306095478289e-03 5.390803412776851e-03 5.391300730075413e-03 5.391798047373975e-03 5.392295364672537e-03 5.392792681971099e-03 5.393289999269661e-03 5.393787316568223e-03 5.394284633866785e-03 5.394781951165347e-03 5.395279268463908e-03 5.395776585762470e-03 5.396273903061032e-03 5.396771220359594e-03 5.397268537658156e-03 5.397765854956718e-03 5.398263172255280e-03 5.398760489553842e-03 5.399257806852404e-03 5.399755124150966e-03 5.400252441449527e-03 5.400749758748089e-03 5.401247076046651e-03 5.401744393345213e-03 5.402241710643775e-03 5.402739027942337e-03 5.403236345240899e-03 5.403733662539461e-03 5.404230979838023e-03 5.404728297136585e-03 5.405225614435146e-03 5.405722931733708e-03 5.406220249032269e-03 5.406717566330831e-03 5.407214883629393e-03 5.407712200927955e-03 5.408209518226517e-03 5.408706835525079e-03 5.409204152823641e-03 5.409701470122203e-03 5.410198787420765e-03 5.410696104719327e-03 5.411193422017888e-03 5.411690739316450e-03 5.412188056615012e-03 5.412685373913574e-03 5.413182691212136e-03 5.413680008510698e-03 5.414177325809260e-03 5.414674643107822e-03 5.415171960406384e-03 5.415669277704946e-03 5.416166595003507e-03 5.416663912302069e-03 5.417161229600631e-03 5.417658546899193e-03 5.418155864197755e-03 5.418653181496317e-03 5.419150498794879e-03 5.419647816093441e-03 5.420145133392003e-03 5.420642450690565e-03 5.421139767989126e-03 5.421637085287687e-03 5.422134402586249e-03 5.422631719884811e-03 5.423129037183373e-03 5.423626354481935e-03 5.424123671780497e-03 5.424620989079059e-03 5.425118306377621e-03 5.425615623676183e-03 5.426112940974745e-03 5.426610258273307e-03 5.427107575571868e-03 5.427604892870430e-03 5.428102210168992e-03 5.428599527467554e-03 5.429096844766116e-03 5.429594162064678e-03 5.430091479363240e-03 5.430588796661802e-03 5.431086113960364e-03 5.431583431258926e-03 5.432080748557487e-03 5.432578065856049e-03 5.433075383154611e-03 5.433572700453173e-03 5.434070017751735e-03 5.434567335050297e-03 5.435064652348859e-03 5.435561969647421e-03 5.436059286945982e-03 5.436556604244544e-03 5.437053921543106e-03 5.437551238841667e-03 5.438048556140229e-03 5.438545873438791e-03 5.439043190737353e-03 5.439540508035915e-03 5.440037825334477e-03 5.440535142633039e-03 5.441032459931601e-03 5.441529777230163e-03 5.442027094528725e-03 5.442524411827286e-03 5.443021729125848e-03 5.443519046424410e-03 5.444016363722972e-03 5.444513681021534e-03 5.445010998320096e-03 5.445508315618658e-03 5.446005632917220e-03 5.446502950215782e-03 5.447000267514344e-03 5.447497584812905e-03 5.447994902111467e-03 5.448492219410029e-03 5.448989536708591e-03 5.449486854007153e-03 5.449984171305715e-03 5.450481488604277e-03 5.450978805902839e-03 5.451476123201400e-03 5.451973440499962e-03 5.452470757798524e-03 5.452968075097086e-03 5.453465392395647e-03 5.453962709694209e-03 5.454460026992771e-03 5.454957344291333e-03 5.455454661589895e-03 5.455951978888457e-03 5.456449296187019e-03 5.456946613485581e-03 5.457443930784143e-03 5.457941248082705e-03 5.458438565381266e-03 5.458935882679828e-03 5.459433199978390e-03 5.459930517276952e-03 5.460427834575514e-03 5.460925151874076e-03 5.461422469172638e-03 5.461919786471200e-03 5.462417103769762e-03 5.462914421068324e-03 5.463411738366885e-03 5.463909055665447e-03 5.464406372964009e-03 5.464903690262571e-03 5.465401007561133e-03 5.465898324859695e-03 5.466395642158257e-03 5.466892959456818e-03 5.467390276755380e-03 5.467887594053942e-03 5.468384911352504e-03 5.468882228651066e-03 5.469379545949627e-03 5.469876863248189e-03 5.470374180546751e-03 5.470871497845313e-03 5.471368815143875e-03 5.471866132442437e-03 5.472363449740999e-03 5.472860767039561e-03 5.473358084338123e-03 5.473855401636685e-03 5.474352718935246e-03 5.474850036233808e-03 5.475347353532370e-03 5.475844670830932e-03 5.476341988129494e-03 5.476839305428056e-03 5.477336622726618e-03 5.477833940025180e-03 5.478331257323742e-03 5.478828574622304e-03 5.479325891920865e-03 5.479823209219427e-03 5.480320526517989e-03 5.480817843816551e-03 5.481315161115113e-03 5.481812478413674e-03 5.482309795712236e-03 5.482807113010798e-03 5.483304430309360e-03 5.483801747607922e-03 5.484299064906484e-03 5.484796382205046e-03 5.485293699503607e-03 5.485791016802169e-03 5.486288334100731e-03 5.486785651399293e-03 5.487282968697855e-03 5.487780285996417e-03 5.488277603294979e-03 5.488774920593541e-03 5.489272237892103e-03 5.489769555190665e-03 5.490266872489226e-03 5.490764189787788e-03 5.491261507086350e-03 5.491758824384912e-03 5.492256141683474e-03 5.492753458982036e-03 5.493250776280598e-03 5.493748093579160e-03 5.494245410877722e-03 5.494742728176284e-03 5.495240045474845e-03 5.495737362773407e-03 5.496234680071969e-03 5.496731997370531e-03 5.497229314669092e-03 5.497726631967654e-03 5.498223949266216e-03 5.498721266564778e-03 5.499218583863340e-03 5.499715901161902e-03 5.500213218460464e-03 5.500710535759025e-03 5.501207853057587e-03 5.501705170356149e-03 5.502202487654711e-03 5.502699804953273e-03 5.503197122251835e-03 5.503694439550397e-03 5.504191756848959e-03 5.504689074147521e-03 5.505186391446083e-03 5.505683708744645e-03 5.506181026043206e-03 5.506678343341768e-03 5.507175660640330e-03 5.507672977938892e-03 5.508170295237454e-03 5.508667612536016e-03 5.509164929834578e-03 5.509662247133140e-03 5.510159564431702e-03 5.510656881730264e-03 5.511154199028825e-03 5.511651516327387e-03 5.512148833625949e-03 5.512646150924510e-03 5.513143468223072e-03 5.513640785521634e-03 5.514138102820196e-03 5.514635420118758e-03 5.515132737417320e-03 5.515630054715882e-03 5.516127372014444e-03 5.516624689313005e-03 5.517122006611567e-03 5.517619323910129e-03 5.518116641208691e-03 5.518613958507253e-03 5.519111275805815e-03 5.519608593104377e-03 5.520105910402939e-03 5.520603227701501e-03 5.521100545000063e-03 5.521597862298624e-03 5.522095179597186e-03 5.522592496895748e-03 5.523089814194310e-03 5.523587131492872e-03 5.524084448791434e-03 5.524581766089996e-03 5.525079083388558e-03 5.525576400687120e-03 5.526073717985682e-03 5.526571035284243e-03 5.527068352582805e-03 5.527565669881366e-03 5.528062987179928e-03 5.528560304478490e-03 5.529057621777052e-03 5.529554939075614e-03 5.530052256374176e-03 5.530549573672738e-03 5.531046890971300e-03 5.531544208269862e-03 5.532041525568424e-03 5.532538842866985e-03 5.533036160165547e-03 5.533533477464109e-03 5.534030794762671e-03 5.534528112061233e-03 5.535025429359795e-03 5.535522746658357e-03 5.536020063956919e-03 5.536517381255481e-03 5.537014698554043e-03 5.537512015852604e-03 5.538009333151166e-03 5.538506650449728e-03 5.539003967748290e-03 5.539501285046852e-03 5.539998602345414e-03 5.540495919643976e-03 5.540993236942538e-03 5.541490554241100e-03 5.541987871539662e-03 5.542485188838223e-03 5.542982506136785e-03 5.543479823435346e-03 5.543977140733908e-03 5.544474458032470e-03 5.544971775331032e-03 5.545469092629594e-03 5.545966409928156e-03 5.546463727226718e-03 5.546961044525280e-03 5.547458361823842e-03 5.547955679122404e-03 5.548452996420965e-03 5.548950313719527e-03 5.549447631018089e-03 5.549944948316651e-03 5.550442265615213e-03 5.550939582913775e-03 5.551436900212337e-03 5.551934217510899e-03 5.552431534809461e-03 5.552928852108023e-03 5.553426169406584e-03 5.553923486705146e-03 5.554420804003708e-03 5.554918121302270e-03 5.555415438600832e-03 5.555912755899393e-03 5.556410073197954e-03 5.556907390496515e-03 5.557404707795076e-03 5.557902025093637e-03 5.558399342392198e-03 5.558896659690759e-03 5.559393976989320e-03 5.559891294287881e-03 5.560388611586442e-03 5.560885928885003e-03 5.561383246183565e-03 5.561880563482126e-03 5.562377880780687e-03 5.562875198079248e-03 5.563372515377809e-03 5.563869832676370e-03 5.564367149974932e-03 5.564864467273493e-03 5.565361784572054e-03 5.565859101870615e-03 5.566356419169176e-03 5.566853736467737e-03 5.567351053766298e-03 5.567848371064859e-03 5.568345688363421e-03 5.568843005661982e-03 5.569340322960543e-03 5.569837640259104e-03 5.570334957557665e-03 5.570832274856226e-03 5.571329592154787e-03 5.571826909453348e-03 5.572324226751909e-03 5.572821544050470e-03 5.573318861349031e-03 5.573816178647592e-03 5.574313495946153e-03 5.574810813244714e-03 5.575308130543276e-03 5.575805447841837e-03 5.576302765140398e-03 5.576800082438959e-03 5.577297399737520e-03 5.577794717036081e-03 5.578292034334642e-03 5.578789351633203e-03 5.579286668931764e-03 5.579783986230325e-03 5.580281303528886e-03 5.580778620827447e-03 5.581275938126008e-03 5.581773255424569e-03 5.582270572723131e-03 5.582767890021692e-03 5.583265207320253e-03 5.583762524618814e-03 5.584259841917375e-03 5.584757159215937e-03 5.585254476514498e-03 5.585751793813059e-03 5.586249111111620e-03 5.586746428410181e-03 5.587243745708742e-03 5.587741063007303e-03 5.588238380305864e-03 5.588735697604425e-03 5.589233014902987e-03 5.589730332201548e-03 5.590227649500109e-03 5.590724966798670e-03 5.591222284097231e-03 5.591719601395792e-03 5.592216918694353e-03 5.592714235992914e-03 5.593211553291475e-03 5.593708870590036e-03 5.594206187888597e-03 5.594703505187158e-03 5.595200822485719e-03 5.595698139784281e-03 5.596195457082842e-03 5.596692774381403e-03 5.597190091679964e-03 5.597687408978525e-03 5.598184726277086e-03 5.598682043575647e-03 5.599179360874208e-03 5.599676678172769e-03 5.600173995471330e-03 5.600671312769891e-03 5.601168630068452e-03 5.601665947367013e-03 5.602163264665574e-03 5.602660581964136e-03 5.603157899262697e-03 5.603655216561258e-03 5.604152533859819e-03 5.604649851158380e-03 5.605147168456942e-03 5.605644485755503e-03 5.606141803054064e-03 5.606639120352625e-03 5.607136437651186e-03 5.607633754949747e-03 5.608131072248308e-03 5.608628389546869e-03 5.609125706845430e-03 5.609623024143992e-03 5.610120341442553e-03 5.610617658741114e-03 5.611114976039675e-03 5.611612293338236e-03 5.612109610636797e-03 5.612606927935358e-03 5.613104245233919e-03 5.613601562532480e-03 5.614098879831041e-03 5.614596197129602e-03 5.615093514428163e-03 5.615590831726724e-03 5.616088149025285e-03 5.616585466323847e-03 5.617082783622408e-03 5.617580100920969e-03 5.618077418219530e-03 5.618574735518091e-03 5.619072052816652e-03 5.619569370115213e-03 5.620066687413774e-03 5.620564004712335e-03 5.621061322010896e-03 5.621558639309457e-03 5.622055956608018e-03 5.622553273906579e-03 5.623050591205140e-03 5.623547908503702e-03 5.624045225802263e-03 5.624542543100824e-03 5.625039860399385e-03 5.625537177697947e-03 5.626034494996508e-03 5.626531812295069e-03 5.627029129593630e-03 5.627526446892191e-03 5.628023764190752e-03 5.628521081489313e-03 5.629018398787874e-03 5.629515716086435e-03 5.630013033384996e-03 5.630510350683558e-03 5.631007667982119e-03 5.631504985280680e-03 5.632002302579241e-03 5.632499619877802e-03 5.632996937176363e-03 5.633494254474924e-03 5.633991571773485e-03 5.634488889072046e-03 5.634986206370607e-03 5.635483523669168e-03 5.635980840967729e-03 5.636478158266290e-03 5.636975475564851e-03 5.637472792863413e-03 5.637970110161974e-03 5.638467427460535e-03 5.638964744759096e-03 5.639462062057657e-03 5.639959379356218e-03 5.640456696654779e-03 5.640954013953340e-03 5.641451331251901e-03 5.641948648550462e-03 5.642445965849023e-03 5.642943283147584e-03 5.643440600446145e-03 5.643937917744707e-03 5.644435235043268e-03 5.644932552341829e-03 5.645429869640391e-03 5.645927186938952e-03 5.646424504237513e-03 5.646921821536074e-03 5.647419138834635e-03 5.647916456133196e-03 5.648413773431757e-03 5.648911090730318e-03 5.649408408028879e-03 5.649905725327440e-03 5.650403042626001e-03 5.650900359924562e-03 5.651397677223124e-03 5.651894994521685e-03 5.652392311820246e-03 5.652889629118807e-03 5.653386946417368e-03 5.653884263715929e-03 5.654381581014490e-03 5.654878898313051e-03 5.655376215611612e-03 5.655873532910173e-03 5.656370850208734e-03 5.656868167507295e-03 5.657365484805856e-03 5.657862802104417e-03 5.658360119402979e-03 5.658857436701540e-03 5.659354754000101e-03 5.659852071298662e-03 5.660349388597223e-03 5.660846705895784e-03 5.661344023194345e-03 5.661841340492906e-03 5.662338657791467e-03 5.662835975090028e-03 5.663333292388589e-03 5.663830609687150e-03 5.664327926985712e-03 5.664825244284273e-03 5.665322561582834e-03 5.665819878881396e-03 5.666317196179957e-03 5.666814513478518e-03 5.667311830777079e-03 5.667809148075640e-03 5.668306465374201e-03 5.668803782672762e-03 5.669301099971323e-03 5.669798417269884e-03 5.670295734568445e-03 5.670793051867006e-03 5.671290369165567e-03 5.671787686464129e-03 5.672285003762690e-03 5.672782321061251e-03</slantRangeTime>
        <elevationAngle count="676">2.759706e+01 2.760595e+01 2.761484e+01 2.762373e+01 2.763261e+01 2.764149e+01 2.765036e+01 2.765923e+01 2.766809e+01 2.767695e+01 2.768581e+01 2.769466e+01 2.770351e+01 2.771235e+01 2.772119e+01 2.773002e+01 2.773885e+01 2.774768e+01 2.775650e+01 2.776531e+01 2.777413e+01 2.778293e+01 2.779174e+01 2.780054e+01 2.780933e+01 2.781812e+01 2.782691e+01 2.783569e+01 2.784447e+01 2.785324e+01 2.786201e+01 2.787078e+01 2.787954e+01 2.788829e+01 2.789704e+01 2.790579e+01 2.791453e+01 2.792327e+01 2.793201e+01 2.794074e+01 2.794946e+01 2.795819e+01 2.796691e+01 2.797562e+01 2.798433e+01 2.799303e+01 2.800173e+01 2.801043e+01 2.801912e+01 2.802781e+01 2.803650e+01 2.804518e+01 2.805385e+01 2.806252e+01 2.807119e+01 2.807985e+01 2.808851e+01 2.809717e+01 2.810582e+01 2.811447e+01 2.812311e+01 2.813175e+01 2.814038e+01 2.814901e+01 2.815764e+01 2.816626e+01 2.817488e+01 2.818349e+01 2.819210e+01 2.820070e+01 2.820930e+01 2.821790e+01 2.822649e+01 2.823508e+01 2.824367e+01 2.825225e+01 2.826082e+01 2.826940e+01 2.827797e+01 2.828653e+01 2.829509e+01 2.830365e+01 2.831220e+01 2.832075e+01 2.832929e+01 2.833783e+01 2.834636e+01 2.835490e+01 2.836342e+01 2.837195e+01 2.838047e+01 2.838898e+01 2.839750e+01 2.840600e+01 2.841451e+01 2.842301e+01 2.843150e+01 2.843999e+01 2.844848e+01 2.845696e+01 2.846544e+01 2.847392e+01 2.848239e+01 2.849086e+01 2.849932e+01 2.850778e+01 2.851624e+01 2.852469e+01 2.853314e+01 2.854158e+01 2.855002e+01 2.855845e+01 2.856689e+01 2.857531e+01 2.858374e+01 2.859216e+01 2.860057e+01 2.860899e+01 2.861740e+01 2.862580e+01 2.863420e+01 2.864260e+01 2.865099e+01 2.865938e+01 2.866776e+01 2.867614e+01 2.868452e+01 2.869289e+01 2.870126e+01 2.870963e+01 2.871799e+01 2.872635e+01 2.873470e+01 2.874305e+01 2.875140e+01 2.875974e+01 2.876808e+01 2.877641e+01 2.878474e+01 2.879307e+01 2.880139e+01 2.880971e+01 2.881802e+01 2.882634e+01 2.883464e+01 2.884295e+01 2.885125e+01 2.885954e+01 2.886783e+01 2.887612e+01 2.888441e+01 2.889269e+01 2.890096e+01 2.890924e+01 2.891751e+01 2.892577e+01 2.893403e+01 2.894229e+01 2.895055e+01 2.895880e+01 2.896704e+01 2.897529e+01 2.898353e+01 2.899176e+01 2.899999e+01 2.900822e+01 2.901645e+01 2.902467e+01 2.903288e+01 2.904110e+01 2.904930e+01 2.905751e+01 2.906571e+01 2.907391e+01 2.908210e+01 2.909029e+01 2.909848e+01 2.910666e+01 2.911484e+01 2.912302e+01 2.913119e+01 2.913936e+01 2.914752e+01 2.915569e+01 2.916384e+01 2.917200e+01 2.918015e+01 2.918829e+01 2.919643e+01 2.920457e+01 2.921271e+01 2.922084e+01 2.922897e+01 2.923709e+01 2.924521e+01 2.925333e+01 2.926144e+01 2.926955e+01 2.927766e+01 2.928576e+01 2.929386e+01 2.930195e+01 2.931005e+01 2.931813e+01 2.932622e+01 2.933430e+01 2.934237e+01 2.935045e+01 2.935852e+01 2.936658e+01 2.937465e+01 2.938271e+01 2.939076e+01 2.939881e+01 2.940686e+01 2.941491e+01 2.942295e+01 2.943098e+01 2.943902e+01 2.944705e+01 2.945507e+01 2.946310e+01 2.947112e+01 2.947913e+01 2.948715e+01 2.949516e+01 2.950316e+01 2.951116e+01 2.951916e+01 2.952715e+01 2.953515e+01 2.954313e+01 2.955112e+01 2.955910e+01 2.956708e+01 2.957505e+01 2.958302e+01 2.959099e+01 2.959895e+01 2.960691e+01 2.961486e+01 2.962282e+01 2.963077e+01 2.963871e+01 2.964665e+01 2.965459e+01 2.966253e+01 2.967046e+01 2.967839e+01 2.968631e+01 2.969423e+01 2.970215e+01 2.971006e+01 2.971798e+01 2.972588e+01 2.973379e+01 2.974169e+01 2.974958e+01 2.975748e+01 2.976537e+01 2.977325e+01 2.978114e+01 2.978902e+01 2.979689e+01 2.980477e+01 2.981264e+01 2.982050e+01 2.982836e+01 2.983622e+01 2.984408e+01 2.985193e+01 2.985978e+01 2.986763e+01 2.987547e+01 2.988331e+01 2.989114e+01 2.989897e+01 2.990680e+01 2.991463e+01 2.992245e+01 2.993027e+01 2.993808e+01 2.994589e+01 2.995370e+01 2.996151e+01 2.996931e+01 2.997711e+01 2.998490e+01 2.999269e+01 3.000048e+01 3.000827e+01 3.001605e+01 3.002382e+01 3.003160e+01 3.003937e+01 3.004714e+01 3.005490e+01 3.006267e+01 3.007042e+01 3.007818e+01 3.008593e+01 3.009368e+01 3.010142e+01 3.010916e+01 3.011690e+01 3.012464e+01 3.013237e+01 3.014010e+01 3.014782e+01 3.015554e+01 3.016326e+01 3.017098e+01 3.017869e+01 3.018640e+01 3.019410e+01 3.020180e+01 3.020950e+01 3.021720e+01 3.022489e+01 3.023258e+01 3.024026e+01 3.024795e+01 3.025562e+01 3.026330e+01 3.027097e+01 3.027864e+01 3.028631e+01 3.029397e+01 3.030163e+01 3.030929e+01 3.031694e+01 3.032459e+01 3.033224e+01 3.033988e+01 3.034752e+01 3.035516e+01 3.036279e+01 3.037042e+01 3.037805e+01 3.038567e+01 3.039329e+01 3.040091e+01 3.040853e+01 3.041614e+01 3.042374e+01 3.043135e+01 3.043895e+01 3.044655e+01 3.045414e+01 3.046173e+01 3.046932e+01 3.047691e+01 3.048449e+01 3.049207e+01 3.049965e+01 3.050722e+01 3.051479e+01 3.052236e+01 3.052992e+01 3.053748e+01 3.054504e+01 3.055259e+01 3.056014e+01 3.056769e+01 3.057524e+01 3.058278e+01 3.059031e+01 3.059785e+01 3.060538e+01 3.061291e+01 3.062044e+01 3.062796e+01 3.063548e+01 3.064299e+01 3.065051e+01 3.065802e+01 3.066552e+01 3.067303e+01 3.068053e+01 3.068803e+01 3.069552e+01 3.070301e+01 3.071050e+01 3.071799e+01 3.072547e+01 3.073295e+01 3.074042e+01 3.074790e+01 3.075537e+01 3.076283e+01 3.077030e+01 3.077776e+01 3.078521e+01 3.079267e+01 3.080012e+01 3.080757e+01 3.081501e+01 3.082245e+01 3.082989e+01 3.083733e+01 3.084476e+01 3.085219e+01 3.085962e+01 3.086704e+01 3.087446e+01 3.088188e+01 3.088930e+01 3.089671e+01 3.090412e+01 3.091152e+01 3.091892e+01 3.092632e+01 3.093372e+01 3.094111e+01 3.094851e+01 3.095589e+01 3.096328e+01 3.097066e+01 3.097804e+01 3.098541e+01 3.099278e+01 3.100015e+01 3.100752e+01 3.101488e+01 3.102224e+01 3.102960e+01 3.103695e+01 3.104431e+01 3.105165e+01 3.105900e+01 3.106634e+01 3.107368e+01 3.108102e+01 3.108835e+01 3.109568e+01 3.110301e+01 3.111033e+01 3.111766e+01 3.112498e+01 3.113229e+01 3.113960e+01 3.114691e+01 3.115422e+01 3.116152e+01 3.116883e+01 3.117612e+01 3.118342e+01 3.119071e+01 3.119800e+01 3.120529e+01 3.121257e+01 3.121985e+01 3.122713e+01 3.123440e+01 3.124167e+01 3.124894e+01 3.125621e+01 3.126347e+01 3.127073e+01 3.127799e+01 3.128524e+01 3.129249e+01 3.129974e+01 3.130699e+01 3.131423e+01 3.132147e+01 3.132870e+01 3.133594e+01 3.134317e+01 3.135040e+01 3.135762e+01 3.136485e+01 3.137206e+01 3.137928e+01 3.138649e+01 3.139371e+01 3.140091e+01 3.140812e+01 3.141532e+01 3.142252e+01 3.142972e+01 3.143691e+01 3.144410e+01 3.145129e+01 3.145847e+01 3.146565e+01 3.147283e+01 3.148001e+01 3.148718e+01 3.149435e+01 3.150152e+01 3.150869e+01 3.151585e+01 3.152301e+01 3.153016e+01 3.153732e+01 3.154447e+01 3.155162e+01 3.155876e+01 3.156590e+01 3.157305e+01 3.158018e+01 3.158732e+01 3.159445e+01 3.160158e+01 3.160870e+01 3.161582e+01 3.162294e+01 3.163006e+01 3.163717e+01 3.164429e+01 3.165139e+01 3.165850e+01 3.166560e+01 3.167270e+01 3.167980e+01 3.168690e+01 3.169399e+01 3.170108e+01 3.170816e+01 3.171525e+01 3.172233e+01 3.172941e+01 3.173648e+01 3.174355e+01 3.175062e+01 3.175769e+01 3.176476e+01 3.177182e+01 3.177888e+01 3.178593e+01 3.179298e+01 3.180003e+01 3.180708e+01 3.181413e+01 3.182117e+01 3.182821e+01 3.183525e+01 3.184228e+01 3.184931e+01 3.185634e+01 3.186337e+01 3.187039e+01 3.187741e+01 3.188443e+01 3.189144e+01 3.189845e+01 3.190546e+01 3.191247e+01 3.191947e+01 3.192647e+01 3.193347e+01 3.194047e+01 3.194746e+01 3.195445e+01 3.196144e+01 3.196842e+01 3.197541e+01 3.198239e+01 3.198936e+01 3.199634e+01 3.200331e+01 3.201028e+01 3.201724e+01 3.202421e+01 3.203117e+01 3.203813e+01 3.204508e+01 3.205204e+01 3.205899e+01 3.206593e+01 3.207288e+01 3.207982e+01 3.208676e+01 3.209370e+01 3.210063e+01 3.210756e+01 3.211449e+01 3.212141e+01 3.212834e+01 3.213526e+01 3.214218e+01 3.214909e+01 3.215601e+01 3.216291e+01 3.216982e+01 3.217673e+01 3.218363e+01 3.219053e+01 3.219743e+01 3.220432e+01 3.221121e+01 3.221810e+01 3.222499e+01 3.223187e+01 3.223875e+01 3.224563e+01 3.225251e+01 3.225938e+01 3.226625e+01 3.227312e+01 3.227999e+01 3.228685e+01 3.229371e+01 3.230057e+01 3.230742e+01 3.231427e+01 3.232113e+01 3.232797e+01 3.233482e+01 3.234166e+01 3.234850e+01 3.235534e+01 3.236217e+01 3.236900e+01 3.237583e+01 3.238266e+01 3.238948e+01 3.239630e+01 3.240312e+01 3.240993e+01 3.241675e+01 3.242356e+01 3.243037e+01 3.243718e+01 3.244398e+01 3.245078e+01 3.245758e+01 3.246437e+01 3.247117e+01 3.247796e+01 3.248475e+01 3.249153e+01 3.249831e+01 3.250509e+01 3.251187e+01 3.251865e+01 3.252542e+01 3.253219e+01 3.253896e+01 3.254572e+01 3.255249e+01 3.255925e+01 3.256600e+01 3.257276e+01 3.257951e+01 3.258626e+01 3.259301e+01 3.259975e+01 3.260649e+01 3.261324e+01 3.261997e+01 3.262671e+01 3.263344e+01 3.264017e+01 3.264690e+01 3.265362e+01 3.266034e+01 3.266706e+01 3.267378e+01 3.268049e+01 3.268721e+01 3.269392e+01 3.270062e+01 3.270733e+01 3.271403e+01 3.272073e+01 3.272743e+01 3.273412e+01 3.274081e+01 3.274751e+01 3.275419e+01 3.276088e+01 3.276756e+01 3.277424e+01 3.278091e+01</elevationAngle>
        <elevationPattern count="676">1.301921e+14 -1.531750e+14 1.301999e+14 -1.542957e+14 1.302000e+14 -1.554160e+14 1.302000e+14 -1.565357e+14 1.302000e+14 -1.576548e+14 1.302000e+14 -1.587734e+14 1.301861e+14 -1.598914e+14 1.301329e+14 -1.610089e+14 1.300797e+14 -1.621257e+14 1.300266e+14 -1.632421e+14 1.299734e+14 -1.643579e+14 1.299203e+14 -1.654732e+14 1.298236e+14 -1.665879e+14 1.296998e+14 -1.677020e+14 1.295761e+14 -1.688156e+14 1.294524e+14 -1.699287e+14 1.293287e+14 -1.710412e+14 1.292052e+14 -1.721532e+14 1.290310e+14 -1.732814e+14 1.288547e+14 -1.744100e+14 1.286785e+14 -1.755379e+14 1.285023e+14 -1.766653e+14 1.283262e+14 -1.777921e+14 1.281353e+14 -1.789134e+14 1.279067e+14 -1.800216e+14 1.276781e+14 -1.811292e+14 1.274497e+14 -1.822363e+14 1.272213e+14 -1.833428e+14 1.269931e+14 -1.844488e+14 1.267131e+14 -1.855542e+14 1.263974e+14 -1.866591e+14 1.260819e+14 -1.877635e+14 1.257665e+14 -1.888673e+14 1.254513e+14 -1.899706e+14 1.251362e+14 -1.910732e+14 1.247748e+14 -1.921755e+14 1.244076e+14 -1.932772e+14 1.240406e+14 -1.943783e+14 1.236737e+14 -1.954789e+14 1.233070e+14 -1.965789e+14 1.229320e+14 -1.976756e+14 1.225134e+14 -1.987572e+14 1.220949e+14 -1.998382e+14 1.216766e+14 -2.009187e+14 1.212586e+14 -2.019987e+14 1.208407e+14 -2.030781e+14 1.203862e+14 -2.041497e+14 1.198818e+14 -2.052107e+14 1.193776e+14 -2.062712e+14 1.188737e+14 -2.073311e+14 1.183701e+14 -2.083907e+14 1.178666e+14 -2.094496e+14 1.173286e+14 -2.105080e+14 1.167736e+14 -2.115659e+14 1.162189e+14 -2.126234e+14 1.156644e+14 -2.136803e+14 1.151102e+14 -2.147367e+14 1.145563e+14 -2.157926e+14 1.139405e+14 -2.168325e+14 1.133180e+14 -2.178700e+14 1.126957e+14 -2.189071e+14 1.120737e+14 -2.199437e+14 1.114521e+14 -2.209798e+14 1.108250e+14 -2.220135e+14 1.101522e+14 -2.230314e+14 1.094797e+14 -2.240487e+14 1.088075e+14 -2.250656e+14 1.081357e+14 -2.260820e+14 1.074641e+14 -2.270979e+14 1.067717e+14 -2.281133e+14 1.060320e+14 -2.291282e+14 1.052926e+14 -2.301426e+14 1.045537e+14 -2.311566e+14 1.038150e+14 -2.321701e+14 1.030768e+14 -2.331831e+14 1.023094e+14 -2.341788e+14 1.015118e+14 -2.351565e+14 1.007146e+14 -2.361338e+14 9.991773e+13 -2.371105e+14 9.912127e+13 -2.380869e+14 9.832516e+13 -2.390627e+14 9.748579e+13 -2.400157e+14 9.662374e+13 -2.409564e+14 9.576210e+13 -2.418967e+14 9.490089e+13 -2.428365e+14 9.404007e+13 -2.437759e+14 9.317968e+13 -2.447149e+14 9.226899e+13 -2.456396e+14 9.134630e+13 -2.465606e+14 9.042406e+13 -2.474812e+14 8.950224e+13 -2.484013e+14 8.858087e+13 -2.493210e+14 8.765989e+13 -2.502402e+14 8.668053e+13 -2.511272e+14 8.569751e+13 -2.520116e+14 8.471499e+13 -2.528956e+14 8.373291e+13 -2.537791e+14 8.275128e+13 -2.546622e+14 8.176720e+13 -2.555432e+14 8.072883e+13 -2.563915e+14 7.969092e+13 -2.572394e+14 7.865353e+13 -2.580870e+14 7.761662e+13 -2.589341e+14 7.658020e+13 -2.597809e+14 7.553511e+13 -2.606247e+14 7.443875e+13 -2.614538e+14 7.334290e+13 -2.622824e+14 7.224758e+13 -2.631107e+14 7.115276e+13 -2.639385e+14 7.005847e+13 -2.647660e+14 6.895127e+13 -2.655813e+14 6.780062e+13 -2.663573e+14 6.665053e+13 -2.671331e+14 6.550096e+13 -2.679084e+14 6.435193e+13 -2.686834e+14 6.320344e+13 -2.694580e+14 6.203884e+13 -2.702223e+14 6.083590e+13 -2.709626e+14 5.963351e+13 -2.717024e+14 5.843170e+13 -2.724420e+14 5.723045e+13 -2.731812e+14 5.602975e+13 -2.739201e+14 5.481023e+13 -2.746411e+14 5.355529e+13 -2.753289e+14 5.230092e+13 -2.760165e+14 5.104715e+13 -2.767037e+14 4.979396e+13 -2.773906e+14 4.854136e+13 -2.780772e+14 4.727005e+13 -2.787506e+14 4.596842e+13 -2.794031e+14 4.466737e+13 -2.800553e+14 4.336694e+13 -2.807072e+14 4.206712e+13 -2.813587e+14 4.076790e+13 -2.820101e+14 3.944920e+13 -2.826410e+14 3.810113e+13 -2.832417e+14 3.675366e+13 -2.838419e+14 3.540683e+13 -2.844419e+14 3.406063e+13 -2.850417e+14 3.271505e+13 -2.856414e+14 3.135004e+13 -2.862205e+14 2.995578e+13 -2.867696e+14 2.856217e+13 -2.873183e+14 2.716920e+13 -2.878669e+14 2.577687e+13 -2.884152e+14 2.438518e+13 -2.889632e+14 2.297750e+13 -2.894982e+14 2.154396e+13 -2.900126e+14 2.011107e+13 -2.905267e+14 1.867884e+13 -2.910406e+14 1.724727e+13 -2.915542e+14 1.581636e+13 -2.920676e+14 1.437070e+13 -2.925633e+14 1.289742e+13 -2.930266e+14 1.142481e+13 -2.934896e+14 9.952879e+12 -2.939525e+14 8.481623e+12 -2.944153e+14 7.011034e+12 -2.948777e+14 5.528431e+12 -2.953199e+14 4.017279e+12 -2.957159e+14 2.506817e+12 -2.961117e+14 9.970459e+11 -2.965075e+14 -5.120366e+11 -2.969029e+14 -2.020430e+12 -2.972982e+14 -3.536690e+12 -2.976856e+14 -5.079911e+12 -2.980476e+14 -6.622427e+12 -2.984094e+14 -8.164241e+12 -2.987711e+14 -9.705354e+12 -2.991327e+14 -1.124577e+13 -2.994941e+14 -1.279105e+13 -2.998452e+14 -1.436649e+13 -3.001406e+14 -1.594122e+13 -3.004359e+14 -1.751523e+13 -3.007310e+14 -1.908851e+13 -3.010259e+14 -2.066111e+13 -3.013209e+14 -2.223471e+13 -3.016130e+14 -2.383858e+13 -3.018584e+14 -2.544175e+13 -3.021038e+14 -2.704418e+13 -3.023491e+14 -2.864589e+13 -3.025942e+14 -3.024688e+13 -3.028393e+14 -3.184714e+13 -3.030843e+14 -3.347264e+13 -3.032680e+14 -3.509919e+13 -3.034475e+14 -3.672501e+13 -3.036269e+14 -3.835008e+13 -3.038061e+14 -3.997444e+13 -3.039853e+14 -4.159805e+13 -3.041645e+14 -4.324311e+13 -3.043174e+14 -4.489292e+13 -3.044638e+14 -4.654200e+13 -3.046103e+14 -4.819032e+13 -3.047566e+14 -4.983789e+13 -3.049027e+14 -5.148475e+13 -3.050490e+14 -5.314774e+13 -3.051528e+14 -5.481907e+13 -3.052340e+14 -5.648964e+13 -3.053150e+14 -5.815947e+13 -3.053961e+14 -5.982855e+13 -3.054771e+14 -6.149688e+13 -3.055582e+14 -6.317382e+13 -3.056078e+14 -6.486009e+13 -3.056240e+14 -6.654558e+13 -3.056402e+14 -6.823030e+13 -3.056563e+14 -6.991430e+13 -3.056725e+14 -7.159754e+13 -3.056887e+14 -7.328577e+13 -3.056904e+14 -7.498687e+13 -3.056581e+14 -7.668724e+13 -3.056258e+14 -7.838683e+13 -3.055937e+14 -8.008562e+13 -3.055614e+14 -8.178368e+13 -3.055291e+14 -8.348252e+13 -3.054923e+14 -8.519520e+13 -3.054120e+14 -8.690708e+13 -3.053314e+14 -8.861815e+13 -3.052510e+14 -9.032853e+13 -3.051706e+14 -9.203816e+13 -3.050904e+14 -9.374698e+13 -3.050100e+14 -9.546909e+13 -3.048735e+14 -9.719248e+13 -3.047291e+14 -9.891508e+13 -3.045848e+14 -1.006369e+14 -3.044404e+14 -1.023580e+14 -3.042962e+14 -1.040783e+14 -3.041521e+14 -1.058040e+14 -3.039774e+14 -1.075324e+14 -3.037854e+14 -1.092600e+14 -3.035934e+14 -1.109869e+14 -3.034014e+14 -1.127130e+14 -3.032097e+14 -1.144383e+14 -3.030180e+14 -1.161629e+14 -3.028079e+14 -1.178867e+14 -3.025685e+14 -1.196098e+14 -3.023292e+14 -1.213321e+14 -3.020900e+14 -1.230536e+14 -3.018509e+14 -1.247743e+14 -3.016119e+14 -1.264944e+14 -3.013659e+14 -1.282137e+14 -3.010634e+14 -1.299321e+14 -3.007610e+14 -1.316499e+14 -3.004588e+14 -1.333668e+14 -3.001567e+14 -1.350831e+14 -2.998549e+14 -1.367986e+14 -2.995531e+14 -1.385264e+14 -2.991990e+14 -1.402562e+14 -2.988340e+14 -1.419853e+14 -2.984691e+14 -1.437136e+14 -2.981045e+14 -1.454412e+14 -2.977400e+14 -1.471680e+14 -2.973755e+14 -1.488941e+14 -2.969950e+14 -1.506194e+14 -2.965992e+14 -1.523439e+14 -2.962037e+14 -1.540677e+14 -2.958082e+14 -1.557907e+14 -2.954131e+14 -1.575130e+14 -2.950180e+14 -1.592346e+14 -2.946110e+14 -1.609553e+14 -2.941531e+14 -1.626754e+14 -2.936956e+14 -1.643947e+14 -2.932382e+14 -1.661132e+14 -2.927809e+14 -1.678309e+14 -2.923238e+14 -1.695480e+14 -2.918671e+14 -1.712508e+14 -2.913701e+14 -1.729507e+14 -2.908665e+14 -1.746497e+14 -2.903630e+14 -1.763481e+14 -2.898599e+14 -1.780455e+14 -2.893568e+14 -1.797425e+14 -2.888541e+14 -1.814386e+14 -2.883205e+14 -1.831340e+14 -2.877554e+14 -1.848285e+14 -2.871905e+14 -1.865224e+14 -2.866258e+14 -1.882157e+14 -2.860615e+14 -1.899081e+14 -2.854973e+14 -1.915979e+14 -2.849297e+14 -1.932732e+14 -2.843348e+14 -1.949478e+14 -2.837400e+14 -1.966217e+14 -2.831456e+14 -1.982948e+14 -2.825514e+14 -1.999672e+14 -2.819574e+14 -2.016389e+14 -2.813637e+14 -2.032986e+14 -2.807251e+14 -2.049532e+14 -2.800695e+14 -2.066071e+14 -2.794141e+14 -2.082603e+14 -2.787591e+14 -2.099129e+14 -2.781044e+14 -2.115646e+14 -2.774499e+14 -2.132109e+14 -2.767859e+14 -2.148456e+14 -2.761009e+14 -2.164797e+14 -2.754161e+14 -2.181131e+14 -2.747316e+14 -2.197458e+14 -2.740475e+14 -2.213778e+14 -2.733635e+14 -2.230091e+14 -2.726800e+14 -2.249139e+14 -2.716539e+14 -2.268543e+14 -2.705829e+14 -2.287937e+14 -2.695123e+14 -2.307325e+14 -2.684421e+14 -2.326703e+14 -2.673724e+14 -2.346073e+14 -2.663032e+14 -2.362398e+14 -2.656528e+14 -2.374785e+14 -2.655444e+14 -2.387165e+14 -2.654360e+14 -2.399541e+14 -2.653278e+14 -2.411911e+14 -2.652195e+14 -2.424276e+14 -2.651114e+14 -2.436636e+14 -2.650032e+14 -2.452139e+14 -2.641906e+14 -2.467730e+14 -2.633571e+14 -2.483313e+14 -2.625238e+14 -2.498892e+14 -2.616910e+14 -2.514462e+14 -2.608584e+14 -2.530028e+14 -2.600263e+14 -2.545510e+14 -2.591794e+14 -2.560907e+14 -2.583172e+14 -2.576298e+14 -2.574554e+14 -2.591681e+14 -2.565937e+14 -2.607060e+14 -2.557327e+14 -2.622431e+14 -2.548719e+14 -2.637795e+14 -2.540115e+14 -2.652849e+14 -2.531059e+14 -2.667894e+14 -2.522002e+14 -2.682932e+14 -2.512949e+14 -2.697964e+14 -2.503899e+14 -2.712990e+14 -2.494854e+14 -2.728009e+14 -2.485812e+14 -2.742878e+14 -2.476630e+14 -2.757578e+14 -2.467289e+14 -2.772271e+14 -2.457952e+14 -2.786959e+14 -2.448619e+14 -2.801640e+14 -2.439291e+14 -2.816316e+14 -2.429966e+14 -2.830984e+14 -2.420645e+14 -2.845363e+14 -2.410760e+14 -2.859714e+14 -2.400836e+14 -2.874059e+14 -2.390917e+14 -2.888398e+14 -2.381001e+14 -2.902732e+14 -2.371091e+14 -2.917059e+14 -2.361183e+14 -2.931207e+14 -2.351222e+14 -2.945066e+14 -2.341172e+14 -2.958918e+14 -2.331125e+14 -2.972765e+14 -2.321083e+14 -2.986605e+14 -2.311044e+14 -3.000440e+14 -2.301011e+14 -3.014269e+14 -2.290980e+14 -3.027848e+14 -2.280589e+14 -3.041362e+14 -2.270112e+14 -3.054870e+14 -2.259640e+14 -3.068373e+14 -2.249171e+14 -3.081870e+14 -2.238708e+14 -3.095361e+14 -2.228249e+14 -3.108749e+14 -2.217729e+14 -3.121775e+14 -2.206976e+14 -3.134795e+14 -2.196226e+14 -3.147810e+14 -2.185482e+14 -3.160819e+14 -2.174742e+14 -3.173822e+14 -2.164006e+14 -3.186821e+14 -2.153275e+14 -3.199633e+14 -2.142277e+14 -3.212316e+14 -2.131101e+14 -3.224998e+14 -2.119931e+14 -3.237672e+14 -2.108764e+14 -3.250342e+14 -2.097604e+14 -3.263006e+14 -2.086447e+14 -3.275666e+14 -2.075295e+14 -3.287733e+14 -2.064002e+14 -3.299779e+14 -2.052709e+14 -3.311818e+14 -2.041419e+14 -3.323855e+14 -2.030135e+14 -3.335886e+14 -2.018856e+14 -3.347914e+14 -2.007582e+14 -3.359736e+14 -1.996165e+14 -3.371152e+14 -1.984449e+14 -3.382563e+14 -1.972738e+14 -3.393968e+14 -1.961032e+14 -3.405370e+14 -1.949331e+14 -3.416766e+14 -1.937635e+14 -3.428157e+14 -1.925943e+14 -3.439247e+14 -1.914158e+14 -3.450180e+14 -1.902326e+14 -3.461108e+14 -1.890500e+14 -3.472032e+14 -1.878678e+14 -3.482952e+14 -1.866861e+14 -3.493867e+14 -1.855049e+14 -3.504777e+14 -1.843242e+14 -3.515097e+14 -1.831147e+14 -3.525400e+14 -1.819050e+14 -3.535701e+14 -1.806960e+14 -3.545996e+14 -1.794874e+14 -3.556288e+14 -1.782793e+14 -3.566575e+14 -1.770717e+14 -3.576692e+14 -1.758563e+14 -3.586373e+14 -1.746198e+14 -3.596053e+14 -1.733840e+14 -3.605728e+14 -1.721486e+14 -3.615398e+14 -1.709137e+14 -3.625065e+14 -1.696793e+14 -3.634729e+14 -1.684455e+14 -3.644056e+14 -1.672038e+14 -3.653116e+14 -1.659561e+14 -3.662173e+14 -1.647089e+14 -3.671227e+14 -1.634622e+14 -3.680276e+14 -1.622160e+14 -3.689322e+14 -1.609704e+14 -3.698365e+14 -1.597253e+14 -3.706795e+14 -1.584684e+14 -3.715090e+14 -1.572095e+14 -3.723381e+14 -1.559511e+14 -3.731668e+14 -1.546932e+14 -3.739951e+14 -1.534358e+14 -3.748233e+14 -1.521789e+14 -3.756465e+14 -1.509216e+14 -3.764000e+14 -1.496510e+14 -3.771532e+14 -1.483808e+14 -3.779061e+14 -1.471113e+14 -3.786587e+14 -1.458421e+14 -3.794110e+14 -1.445736e+14 -3.801630e+14 -1.433056e+14 -3.808978e+14 -1.420380e+14 -3.815903e+14 -1.407710e+14 -3.822824e+14 -1.395045e+14 -3.829743e+14 -1.382385e+14 -3.836658e+14 -1.369731e+14 -3.843573e+14 -1.357081e+14 -3.850482e+14 -1.344437e+14 -3.857029e+14 -1.331653e+14 -3.863199e+14 -1.318725e+14 -3.869368e+14 -1.305803e+14 -3.875533e+14 -1.292885e+14 -3.881695e+14 -1.279973e+14 -3.887855e+14 -1.267066e+14 -3.894013e+14 -1.254164e+14 -3.899572e+14 -1.241268e+14 -3.904847e+14 -1.228377e+14 -3.910116e+14 -1.215490e+14 -3.915388e+14 -1.202610e+14 -3.920653e+14 -1.189733e+14 -3.925918e+14 -1.176863e+14 -3.931183e+14 -1.163998e+14 -3.935703e+14 -1.151262e+14 -3.940087e+14 -1.138553e+14 -3.944466e+14 -1.125849e+14 -3.948846e+14 -1.113151e+14 -3.953221e+14 -1.100457e+14 -3.957596e+14 -1.087769e+14 -3.961972e+14 -1.075086e+14 -3.965619e+14 -1.062249e+14 -3.969260e+14 -1.049415e+14 -3.972900e+14 -1.036587e+14 -3.976539e+14 -1.023764e+14 -3.980177e+14 -1.010947e+14 -3.983812e+14 -9.981342e+13 -3.987356e+14 -9.853390e+13 -3.990263e+14 -9.726384e+13 -3.993168e+14 -9.599431e+13 -3.996072e+14 -9.472528e+13 -3.998976e+14 -9.345676e+13 -4.001877e+14 -9.218875e+13 -4.004777e+14 -9.092123e+13 -4.007440e+14 -8.965660e+13 -4.009325e+14 -8.840027e+13 -4.011207e+14 -8.714440e+13 -4.013089e+14 -8.588905e+13 -4.014970e+14 -8.463420e+13 -4.016852e+14 -8.337989e+13 -4.018732e+14 -8.212604e+13 -4.020376e+14 -8.087692e+13 -4.021532e+14 -7.963709e+13 -4.022687e+14 -7.839774e+13 -4.023843e+14 -7.715893e+13 -4.024998e+14 -7.592058e+13 -4.026150e+14 -7.468270e+13 -4.027306e+14 -7.344537e+13 -4.028057e+14 -7.221478e+13 -4.028202e+14 -7.099427e+13 -4.028346e+14 -6.977424e+13 -4.028490e+14 -6.855468e+13 -4.028633e+14 -6.733560e+13 -4.028777e+14 -6.611702e+13 -4.028922e+14 -6.489893e+13 -4.028676e+14 -6.369103e+13 -4.027958e+14 -6.249547e+13 -4.027240e+14 -6.130037e+13 -4.026522e+14 -6.010575e+13 -4.025804e+14 -5.891159e+13 -4.025087e+14 -5.771792e+13 -4.024370e+14 -5.652470e+13 -4.023305e+14 -5.534240e+13 -4.021873e+14 -5.417165e+13 -4.020440e+14 -5.300134e+13 -4.019008e+14 -5.183150e+13 -4.017577e+14 -5.066213e+13 -4.016146e+14 -4.949322e+13 -4.014715e+14 -4.832476e+13 -4.012786e+14 -4.717177e+13 -4.010357e+14 -4.603425e+13 -4.007929e+14 -4.489720e+13 -4.005501e+14 -4.376058e+13 -4.003075e+14 -4.262441e+13 -4.000649e+14 -4.148870e+13 -3.998224e+14 -4.035342e+13 -3.995378e+14 -3.923342e+13 -3.992100e+14 -3.812896e+13 -3.988824e+14 -3.702495e+13 -3.985548e+14 -3.592137e+13 -3.982274e+14 -3.481822e+13 -3.979002e+14 -3.371552e+13 -3.975731e+14 -3.261324e+13 -3.972058e+14 -3.152678e+13 -3.967937e+14 -3.045806e+13 -3.963818e+14 -2.938976e+13 -3.959700e+14 -2.832188e+13 -3.955583e+14 -2.725441e+13 -3.951469e+14 -2.618737e+13 -3.947355e+14 -2.512074e+13 -3.942940e+14 -2.407149e+13 -3.938122e+14 -2.304539e+13 -3.933304e+14 -2.201968e+13 -3.928490e+14 -2.099438e+13 -3.923677e+14 -1.996948e+13 -3.918867e+14 -1.894499e+13 -3.914057e+14 -1.792088e+13 -3.908889e+14 -1.691109e+13 -3.903093e+14 -1.592595e+13 -3.897300e+14 -1.494120e+13 -3.891511e+14 -1.395684e+13 -3.885722e+14 -1.297285e+13 -3.879937e+14 -1.198926e+13 -3.874154e+14 -1.100605e+13 -3.868174e+14 -1.003544e+13 -3.861690e+14 -9.096413e+12 -3.855208e+14 -8.157743e+12 -3.848730e+14 -7.219444e+12 -3.842253e+14 -6.281507e+12 -3.835780e+14 -5.343938e+12 -3.829308e+14 -4.406731e+12 -3.822713e+14 -3.478117e+12 -3.815544e+14 -2.587467e+12 -3.808378e+14 -1.697162e+12 -3.801214e+14 -8.072043e+11 -3.794053e+14 8.240799e+10 -3.786894e+14 9.716746e+11 -3.779740e+14 1.860596e+12 -3.772540e+14 2.746459e+12 -3.764548e+14 3.587587e+12 -3.756561e+14 4.428390e+12 -3.748576e+14 5.268866e+12 -3.740595e+14 6.109017e+12 -3.732619e+14 6.948845e+12 -3.724642e+14 7.788342e+12 -3.716669e+14 8.627518e+12 -3.708188e+14 9.421802e+12 -3.699663e+14 1.021169e+13 -3.691141e+14 1.100128e+13 -3.682622e+14 1.179056e+13 -3.674107e+14 1.257953e+13 -3.665596e+14 1.336821e+13 -3.657086e+14 1.415657e+13 -3.648056e+14 1.490550e+13 -3.638857e+14 1.564141e+13 -3.629664e+14 1.637704e+13 -3.620471e+14 1.711238e+13 -3.611283e+14 1.784744e+13 -3.602098e+14 1.858221e+13 -3.592916e+14 1.931670e+13 -3.583341e+14 2.002222e+13 -3.573472e+14 2.070610e+13 -3.563606e+14 2.138972e+13 -3.553744e+14 2.207308e+13 -3.543887e+14 2.275618e+13 -3.534032e+14 2.343902e+13 -3.524183e+14 2.412160e+13 -3.514183e+14 2.478430e+13 -3.503923e+14 2.541367e+13 -3.493667e+14 2.604279e+13 -3.483418e+14 2.667168e+13 -3.473170e+14 2.730032e+13 -3.462928e+14 2.792874e+13 -3.452690e+14 2.855690e+13 -3.442372e+14 2.917689e+13 -3.431586e+14 2.975203e+13 -3.420807e+14 3.032697e+13 -3.410031e+14 3.090167e+13 -3.399260e+14 3.147616e+13 -3.388492e+14 3.205043e+13 -3.377728e+14 3.262447e+13 -3.366970e+14 3.319830e+13 -3.355713e+14 3.372423e+13 -3.344410e+14 3.424524e+13 -3.333111e+14 3.476605e+13 -3.321818e+14 3.528667e+13 -3.310529e+14 3.580710e+13 -3.299244e+14 3.632732e+13 -3.287963e+14 3.684733e+13 -3.276419e+14 3.733238e+13 -3.264734e+14 3.779839e+13 -3.253054e+14 3.826422e+13 -3.241377e+14 3.872986e+13 -3.229706e+14 3.919535e+13 -3.218039e+14 3.966066e+13 -3.206377e+14 4.012579e+13 -3.194620e+14 4.057110e+13 -3.182692e+14 4.098241e+13 -3.170767e+14 4.139354e+13 -3.158848e+14 4.180454e+13 -3.146934e+14 4.221537e+13 -3.135024e+14 4.262605e+13 -3.123119e+14 4.303657e+13 -3.111183e+14 4.344344e+13 -3.098740e+14 4.380034e+13 -3.086302e+14 4.415707e+13 -3.073868e+14 4.451370e+13 -3.061438e+14 4.487016e+13 -3.049014e+14 4.522651e+13 -3.036595e+14 4.558273e+13 -3.024180e+14 4.593881e+13 -3.011668e+14 4.625721e+13 -2.999127e+14 4.656258e+13 -2.986589e+14 4.686783e+13 -2.974057e+14 4.717297e+13 -2.961529e+14 4.747798e+13 -2.949006e+14 4.778289e+13 -2.936487e+14 4.808767e+13 -2.923866e+14 4.837216e+13 -2.911085e+14 4.862640e+13 -2.898308e+14 4.888056e+13 -2.885539e+14 4.913464e+13 -2.872771e+14 4.938859e+13 -2.860010e+14 4.964246e+13 -2.847254e+14 4.989625e+13 -2.834491e+14 5.014800e+13 -2.821472e+14 5.035277e+13 -2.808459e+14 5.055747e+13 -2.795451e+14 5.076208e+13 -2.782447e+14 5.096661e+13 -2.769448e+14 5.117107e+13 -2.756454e+14 5.137546e+13 -2.743466e+14 5.157975e+13 -2.730393e+14 5.175293e+13 -2.717279e+14 5.190977e+13 -2.704169e+14 5.206655e+13 -2.691065e+14 5.222325e+13 -2.677964e+14 5.237990e+13 -2.664869e+14 5.253650e+13 -2.651780e+14 5.269304e+13 -2.638661e+14 5.283793e+13 -2.625446e+14 5.294851e+13 -2.612236e+14 5.305904e+13 -2.599031e+14 5.316954e+13 -2.585831e+14 5.327998e+13 -2.572636e+14 5.339040e+13 -2.559446e+14 5.350076e+13 -2.546260e+14 5.361109e+13 -2.532968e+14 5.368571e+13 -2.519658e+14 5.375292e+13 -2.506353e+14 5.382013e+13 -2.493053e+14 5.388731e+13 -2.479758e+14 5.395446e+13 -2.466468e+14 5.402157e+13 -2.453184e+14 5.408869e+13 -2.439903e+14 5.414029e+13 -2.426627e+14 5.416712e+13 -2.413357e+14 5.419393e+13 -2.400091e+14 5.422072e+13 -2.386831e+14 5.424751e+13 -2.373576e+14 5.427429e+13 -2.360325e+14 5.430106e+13 -2.347080e+14 5.432782e+13 -2.333839e+14 5.431895e+13 -2.320603e+14 5.430691e+13 -2.307372e+14 5.429489e+13 -2.294146e+14 5.428285e+13 -2.280924e+14 5.427084e+13</elevationPattern>
        <incidenceAngle count="676">3.096605e+01 3.097624e+01 3.098643e+01 3.099661e+01 3.100679e+01 3.101697e+01 3.102715e+01 3.103731e+01 3.104747e+01 3.105762e+01 3.106778e+01 3.107793e+01 3.108806e+01 3.109821e+01 3.110834e+01 3.111845e+01 3.112859e+01 3.113870e+01 3.114882e+01 3.115892e+01 3.116902e+01 3.117912e+01 3.118922e+01 3.119931e+01 3.120940e+01 3.121948e+01 3.122955e+01 3.123962e+01 3.124969e+01 3.125975e+01 3.126981e+01 3.127986e+01 3.128990e+01 3.129996e+01 3.131000e+01 3.132002e+01 3.133005e+01 3.134007e+01 3.135010e+01 3.136011e+01 3.137012e+01 3.138013e+01 3.139014e+01 3.140013e+01 3.141013e+01 3.142010e+01 3.143010e+01 3.144008e+01 3.145004e+01 3.146002e+01 3.146999e+01 3.147993e+01 3.148990e+01 3.149985e+01 3.150980e+01 3.151973e+01 3.152968e+01 3.153961e+01 3.154953e+01 3.155946e+01 3.156938e+01 3.157930e+01 3.158920e+01 3.159911e+01 3.160901e+01 3.161891e+01 3.162880e+01 3.163869e+01 3.164857e+01 3.165845e+01 3.166833e+01 3.167819e+01 3.168806e+01 3.169792e+01 3.170778e+01 3.171764e+01 3.172748e+01 3.173732e+01 3.174716e+01 3.175700e+01 3.176683e+01 3.177666e+01 3.178648e+01 3.179630e+01 3.180611e+01 3.181592e+01 3.182571e+01 3.183553e+01 3.184531e+01 3.185510e+01 3.186488e+01 3.187468e+01 3.188445e+01 3.189423e+01 3.190399e+01 3.191376e+01 3.192352e+01 3.193327e+01 3.194302e+01 3.195277e+01 3.196251e+01 3.197224e+01 3.198198e+01 3.199171e+01 3.200143e+01 3.201115e+01 3.202087e+01 3.203059e+01 3.204030e+01 3.205000e+01 3.205969e+01 3.206940e+01 3.207909e+01 3.208878e+01 3.209845e+01 3.210814e+01 3.211781e+01 3.212747e+01 3.213715e+01 3.214680e+01 3.215646e+01 3.216611e+01 3.217577e+01 3.218541e+01 3.219504e+01 3.220468e+01 3.221431e+01 3.222394e+01 3.223357e+01 3.224318e+01 3.225279e+01 3.226241e+01 3.227200e+01 3.228162e+01 3.229121e+01 3.230080e+01 3.231039e+01 3.231998e+01 3.232956e+01 3.233913e+01 3.234871e+01 3.235828e+01 3.236784e+01 3.237740e+01 3.238695e+01 3.239650e+01 3.240605e+01 3.241559e+01 3.242514e+01 3.243466e+01 3.244420e+01 3.245372e+01 3.246326e+01 3.247276e+01 3.248228e+01 3.249179e+01 3.250130e+01 3.251080e+01 3.252029e+01 3.252980e+01 3.253928e+01 3.254877e+01 3.255824e+01 3.256773e+01 3.257719e+01 3.258667e+01 3.259613e+01 3.260559e+01 3.261505e+01 3.262451e+01 3.263396e+01 3.264340e+01 3.265285e+01 3.266228e+01 3.267171e+01 3.268114e+01 3.269057e+01 3.269998e+01 3.270940e+01 3.271881e+01 3.272823e+01 3.273763e+01 3.274702e+01 3.275642e+01 3.276582e+01 3.277521e+01 3.278459e+01 3.279398e+01 3.280334e+01 3.281273e+01 3.282210e+01 3.283145e+01 3.284082e+01 3.285017e+01 3.285953e+01 3.286888e+01 3.287822e+01 3.288756e+01 3.289690e+01 3.290623e+01 3.291556e+01 3.292488e+01 3.293420e+01 3.294353e+01 3.295284e+01 3.296214e+01 3.297145e+01 3.298076e+01 3.299005e+01 3.299934e+01 3.300864e+01 3.301793e+01 3.302721e+01 3.303648e+01 3.304576e+01 3.305502e+01 3.306430e+01 3.307356e+01 3.308281e+01 3.309207e+01 3.310132e+01 3.311057e+01 3.311981e+01 3.312906e+01 3.313829e+01 3.314752e+01 3.315675e+01 3.316597e+01 3.317519e+01 3.318440e+01 3.319362e+01 3.320284e+01 3.321204e+01 3.322124e+01 3.323044e+01 3.323962e+01 3.324881e+01 3.325800e+01 3.326718e+01 3.327637e+01 3.328554e+01 3.329471e+01 3.330388e+01 3.331303e+01 3.332219e+01 3.333134e+01 3.334050e+01 3.334966e+01 3.335880e+01 3.336794e+01 3.337708e+01 3.338620e+01 3.339532e+01 3.340445e+01 3.341357e+01 3.342270e+01 3.343181e+01 3.344092e+01 3.345003e+01 3.345914e+01 3.346823e+01 3.347733e+01 3.348642e+01 3.349550e+01 3.350459e+01 3.351367e+01 3.352275e+01 3.353181e+01 3.354089e+01 3.354996e+01 3.355902e+01 3.356807e+01 3.357713e+01 3.358618e+01 3.359523e+01 3.360426e+01 3.361331e+01 3.362234e+01 3.363138e+01 3.364041e+01 3.364943e+01 3.365845e+01 3.366747e+01 3.367648e+01 3.368550e+01 3.369450e+01 3.370351e+01 3.371251e+01 3.372150e+01 3.373050e+01 3.373949e+01 3.374846e+01 3.375745e+01 3.376642e+01 3.377541e+01 3.378436e+01 3.379333e+01 3.380229e+01 3.381126e+01 3.382022e+01 3.382916e+01 3.383812e+01 3.384706e+01 3.385600e+01 3.386494e+01 3.387387e+01 3.388281e+01 3.389174e+01 3.390065e+01 3.390958e+01 3.391849e+01 3.392741e+01 3.393631e+01 3.394522e+01 3.395413e+01 3.396303e+01 3.397192e+01 3.398080e+01 3.398970e+01 3.399858e+01 3.400746e+01 3.401634e+01 3.402522e+01 3.403409e+01 3.404295e+01 3.405182e+01 3.406067e+01 3.406953e+01 3.407838e+01 3.408723e+01 3.409608e+01 3.410492e+01 3.411375e+01 3.412259e+01 3.413142e+01 3.414026e+01 3.414908e+01 3.415790e+01 3.416672e+01 3.417554e+01 3.418434e+01 3.419315e+01 3.420195e+01 3.421075e+01 3.421956e+01 3.422835e+01 3.423714e+01 3.424593e+01 3.425470e+01 3.426349e+01 3.427226e+01 3.428104e+01 3.428981e+01 3.429857e+01 3.430733e+01 3.431609e+01 3.432484e+01 3.433360e+01 3.434235e+01 3.435109e+01 3.435983e+01 3.436858e+01 3.437730e+01 3.438603e+01 3.439476e+01 3.440349e+01 3.441222e+01 3.442093e+01 3.442964e+01 3.443835e+01 3.444707e+01 3.445576e+01 3.446448e+01 3.447318e+01 3.448186e+01 3.449055e+01 3.449924e+01 3.450792e+01 3.451660e+01 3.452528e+01 3.453395e+01 3.454263e+01 3.455130e+01 3.455995e+01 3.456862e+01 3.457727e+01 3.458594e+01 3.459457e+01 3.460323e+01 3.461188e+01 3.462051e+01 3.462915e+01 3.463779e+01 3.464641e+01 3.465504e+01 3.466367e+01 3.467229e+01 3.468091e+01 3.468951e+01 3.469812e+01 3.470674e+01 3.471533e+01 3.472394e+01 3.473253e+01 3.474113e+01 3.474973e+01 3.475830e+01 3.476689e+01 3.477547e+01 3.478406e+01 3.479262e+01 3.480119e+01 3.480977e+01 3.481833e+01 3.482689e+01 3.483545e+01 3.484401e+01 3.485255e+01 3.486110e+01 3.486964e+01 3.487819e+01 3.488673e+01 3.489526e+01 3.490379e+01 3.491232e+01 3.492085e+01 3.492937e+01 3.493788e+01 3.494641e+01 3.495491e+01 3.496342e+01 3.497194e+01 3.498044e+01 3.498894e+01 3.499744e+01 3.500592e+01 3.501442e+01 3.502290e+01 3.503139e+01 3.503987e+01 3.504834e+01 3.505681e+01 3.506529e+01 3.507375e+01 3.508221e+01 3.509068e+01 3.509914e+01 3.510759e+01 3.511604e+01 3.512450e+01 3.513293e+01 3.514137e+01 3.514981e+01 3.515825e+01 3.516669e+01 3.517511e+01 3.518355e+01 3.519197e+01 3.520038e+01 3.520880e+01 3.521721e+01 3.522563e+01 3.523404e+01 3.524243e+01 3.525084e+01 3.525923e+01 3.526762e+01 3.527602e+01 3.528441e+01 3.529280e+01 3.530118e+01 3.530956e+01 3.531793e+01 3.532631e+01 3.533467e+01 3.534305e+01 3.535141e+01 3.535977e+01 3.536812e+01 3.537648e+01 3.538483e+01 3.539317e+01 3.540152e+01 3.540987e+01 3.541820e+01 3.542653e+01 3.543488e+01 3.544319e+01 3.545152e+01 3.545985e+01 3.546817e+01 3.547649e+01 3.548480e+01 3.549310e+01 3.550142e+01 3.550972e+01 3.551802e+01 3.552632e+01 3.553462e+01 3.554291e+01 3.555119e+01 3.555949e+01 3.556776e+01 3.557605e+01 3.558434e+01 3.559261e+01 3.560088e+01 3.560915e+01 3.561740e+01 3.562567e+01 3.563393e+01 3.564218e+01 3.565044e+01 3.565869e+01 3.566693e+01 3.567517e+01 3.568343e+01 3.569165e+01 3.569989e+01 3.570813e+01 3.571635e+01 3.572458e+01 3.573280e+01 3.574103e+01 3.574924e+01 3.575745e+01 3.576567e+01 3.577386e+01 3.578207e+01 3.579028e+01 3.579848e+01 3.580667e+01 3.581487e+01 3.582306e+01 3.583124e+01 3.583943e+01 3.584761e+01 3.585579e+01 3.586397e+01 3.587213e+01 3.588031e+01 3.588847e+01 3.589664e+01 3.590480e+01 3.591295e+01 3.592111e+01 3.592926e+01 3.593741e+01 3.594556e+01 3.595369e+01 3.596184e+01 3.596997e+01 3.597810e+01 3.598624e+01 3.599437e+01 3.600249e+01 3.601062e+01 3.601874e+01 3.602686e+01 3.603496e+01 3.604308e+01 3.605118e+01 3.605928e+01 3.606738e+01 3.607549e+01 3.608359e+01 3.609167e+01 3.609976e+01 3.610785e+01 3.611594e+01 3.612402e+01 3.613210e+01 3.614017e+01 3.614824e+01 3.615631e+01 3.616438e+01 3.617245e+01 3.618051e+01 3.618857e+01 3.619662e+01 3.620468e+01 3.621272e+01 3.622078e+01 3.622882e+01 3.623686e+01 3.624490e+01 3.625293e+01 3.626097e+01 3.626900e+01 3.627702e+01 3.628505e+01 3.629306e+01 3.630109e+01 3.630910e+01 3.631711e+01 3.632512e+01 3.633313e+01 3.634114e+01 3.634914e+01 3.635713e+01 3.636513e+01 3.637312e+01 3.638112e+01 3.638910e+01 3.639708e+01 3.640506e+01 3.641304e+01 3.642102e+01 3.642900e+01 3.643697e+01 3.644493e+01 3.645290e+01 3.646086e+01 3.646883e+01 3.647678e+01 3.648473e+01 3.649268e+01 3.650063e+01 3.650858e+01 3.651651e+01 3.652446e+01 3.653239e+01 3.654033e+01 3.654826e+01 3.655618e+01 3.656412e+01 3.657204e+01 3.657996e+01 3.658788e+01 3.659579e+01 3.660370e+01 3.661160e+01 3.661952e+01 3.662741e+01 3.663531e+01 3.664322e+01 3.665111e+01 3.665901e+01 3.666690e+01 3.667479e+01 3.668266e+01 3.669055e+01 3.669843e+01 3.670630e+01 3.671417e+01 3.672205e+01 3.672992e+01 3.673778e+01 3.674564e+01 3.675351e+01 3.676135e+01 3.676921e+01 3.677707e+01 3.678491e+01 3.679276e+01 3.680060e+01 3.680844e+01 3.681628e+01 3.682411e+01 3.683195e+01 3.683978e+01 3.684761e+01 3.685544e+01 3.686325e+01 3.687108e+01 3.687889e+01 3.688670e+01 3.689452e+01 3.690233e+01 3.691013e+01 3.691792e+01 3.692574e+01 3.693353e+01 3.694131e+01 3.694911e+01 3.695691e+01</incidenceAngle>
        <terrainHeight>2.483571428571428e+03</terrainHeight>
        <roll>3.009804876689832e+01</roll>
      </antennaPattern>
      <antennaPattern>
        <swath>IW1</swath>
        <azimuthTime>2015-05-16T13:34:35.610793</azimuthTime>
        <slantRangeTime count="676">5.337093144532169e-03 5.337590461830731e-03 5.338087779129293e-03 5.338585096427855e-03 5.339082413726417e-03 5.339579731024979e-03 5.340077048323541e-03 5.340574365622103e-03 5.341071682920665e-03 5.341569000219227e-03 5.342066317517788e-03 5.342563634816350e-03 5.343060952114912e-03 5.343558269413474e-03 5.344055586712036e-03 5.344552904010597e-03 5.345050221309159e-03 5.345547538607721e-03 5.346044855906283e-03 5.346542173204845e-03 5.347039490503407e-03 5.347536807801969e-03 5.348034125100530e-03 5.348531442399092e-03 5.349028759697654e-03 5.349526076996216e-03 5.350023394294778e-03 5.350520711593340e-03 5.351018028891902e-03 5.351515346190464e-03 5.352012663489026e-03 5.352509980787588e-03 5.353007298086149e-03 5.353504615384711e-03 5.354001932683273e-03 5.354499249981835e-03 5.354996567280397e-03 5.355493884578959e-03 5.355991201877521e-03 5.356488519176083e-03 5.356985836474645e-03 5.357483153773207e-03 5.357980471071768e-03 5.358477788370330e-03 5.358975105668892e-03 5.359472422967454e-03 5.359969740266015e-03 5.360467057564577e-03 5.360964374863139e-03 5.361461692161701e-03 5.361959009460263e-03 5.362456326758825e-03 5.362953644057387e-03 5.363450961355948e-03 5.363948278654510e-03 5.364445595953072e-03 5.364942913251634e-03 5.365440230550196e-03 5.365937547848758e-03 5.366434865147320e-03 5.366932182445882e-03 5.367429499744444e-03 5.367926817043006e-03 5.368424134341567e-03 5.368921451640129e-03 5.369418768938691e-03 5.369916086237253e-03 5.370413403535815e-03 5.370910720834377e-03 5.371408038132939e-03 5.371905355431501e-03 5.372402672730063e-03 5.372899990028625e-03 5.373397307327187e-03 5.373894624625748e-03 5.374391941924310e-03 5.374889259222872e-03 5.375386576521433e-03 5.375883893819995e-03 5.376381211118557e-03 5.376878528417119e-03 5.377375845715681e-03 5.377873163014243e-03 5.378370480312805e-03 5.378867797611367e-03 5.379365114909928e-03 5.379862432208490e-03 5.380359749507052e-03 5.380857066805614e-03 5.381354384104176e-03 5.381851701402738e-03 5.382349018701300e-03 5.382846335999862e-03 5.383343653298424e-03 5.383840970596986e-03 5.384338287895547e-03 5.384835605194109e-03 5.385332922492671e-03 5.385830239791233e-03 5.386327557089795e-03 5.386824874388357e-03 5.387322191686919e-03 5.387819508985481e-03 5.388316826284043e-03 5.388814143582605e-03 5.389311460881166e-03 5.389808778179728e-03 5.390306095478289e-03 5.390803412776851e-03 5.391300730075413e-03 5.391798047373975e-03 5.392295364672537e-03 5.392792681971099e-03 5.393289999269661e-03 5.393787316568223e-03 5.394284633866785e-03 5.394781951165347e-03 5.395279268463908e-03 5.395776585762470e-03 5.396273903061032e-03 5.396771220359594e-03 5.397268537658156e-03 5.397765854956718e-03 5.398263172255280e-03 5.398760489553842e-03 5.399257806852404e-03 5.399755124150966e-03 5.400252441449527e-03 5.400749758748089e-03 5.401247076046651e-03 5.401744393345213e-03 5.402241710643775e-03 5.402739027942337e-03 5.403236345240899e-03 5.403733662539461e-03 5.404230979838023e-03 5.404728297136585e-03 5.405225614435146e-03 5.405722931733708e-03 5.406220249032269e-03 5.406717566330831e-03 5.407214883629393e-03 5.407712200927955e-03 5.408209518226517e-03 5.408706835525079e-03 5.409204152823641e-03 5.409701470122203e-03 5.410198787420765e-03 5.410696104719327e-03 5.411193422017888e-03 5.411690739316450e-03 5.412188056615012e-03 5.412685373913574e-03 5.413182691212136e-03 5.413680008510698e-03 5.414177325809260e-03 5.414674643107822e-03 5.415171960406384e-03 5.415669277704946e-03 5.416166595003507e-03 5.416663912302069e-03 5.417161229600631e-03 5.417658546899193e-03 5.418155864197755e-03 5.418653181496317e-03 5.419150498794879e-03 5.419647816093441e-03 5.420145133392003e-03 5.420642450690565e-03 5.421139767989126e-03 5.421637085287687e-03 5.422134402586249e-03 5.422631719884811e-03 5.423129037183373e-03 5.423626354481935e-03 5.424123671780497e-03 5.424620989079059e-03 5.425118306377621e-03 5.425615623676183e-03 5.426112940974745e-03 5.426610258273307e-03 5.427107575571868e-03 5.427604892870430e-03 5.428102210168992e-03 5.428599527467554e-03 5.429096844766116e-03 5.429594162064678e-03 5.430091479363240e-03 5.430588796661802e-03 5.431086113960364e-03 5.431583431258926e-03 5.432080748557487e-03 5.432578065856049e-03 5.433075383154611e-03 5.433572700453173e-03 5.434070017751735e-03 5.434567335050297e-03 5.435064652348859e-03 5.435561969647421e-03 5.436059286945982e-03 5.436556604244544e-03 5.437053921543106e-03 5.437551238841667e-03 5.438048556140229e-03 5.438545873438791e-03 5.439043190737353e-03 5.439540508035915e-03 5.440037825334477e-03 5.440535142633039e-03 5.441032459931601e-03 5.441529777230163e-03 5.442027094528725e-03 5.442524411827286e-03 5.443021729125848e-03 5.443519046424410e-03 5.444016363722972e-03 5.444513681021534e-03 5.445010998320096e-03 5.445508315618658e-03 5.446005632917220e-03 5.446502950215782e-03 5.447000267514344e-03 5.447497584812905e-03 5.447994902111467e-03 5.448492219410029e-03 5.448989536708591e-03 5.449486854007153e-03 5.449984171305715e-03 5.450481488604277e-03 5.450978805902839e-03 5.451476123201400e-03 5.451973440499962e-03 5.452470757798524e-03 5.452968075097086e-03 5.453465392395647e-03 5.453962709694209e-03 5.454460026992771e-03 5.454957344291333e-03 5.455454661589895e-03 5.455951978888457e-03 5.456449296187019e-03 5.456946613485581e-03 5.457443930784143e-03 5.457941248082705e-03 5.458438565381266e-03 5.458935882679828e-03 5.459433199978390e-03 5.459930517276952e-03 5.460427834575514e-03 5.460925151874076e-03 5.461422469172638e-03 5.461919786471200e-03 5.462417103769762e-03 5.462914421068324e-03 5.463411738366885e-03 5.463909055665447e-03 5.464406372964009e-03 5.464903690262571e-03 5.465401007561133e-03 5.465898324859695e-03 5.466395642158257e-03 5.466892959456818e-03 5.467390276755380e-03 5.467887594053942e-03 5.468384911352504e-03 5.468882228651066e-03 5.469379545949627e-03 5.469876863248189e-03 5.470374180546751e-03 5.470871497845313e-03 5.471368815143875e-03 5.471866132442437e-03 5.472363449740999e-03 5.472860767039561e-03 5.473358084338123e-03 5.473855401636685e-03 5.474352718935246e-03 5.474850036233808e-03 5.475347353532370e-03 5.475844670830932e-03 5.476341988129494e-03 5.476839305428056e-03 5.477336622726618e-03 5.477833940025180e-03 5.478331257323742e-03 5.478828574622304e-03 5.479325891920865e-03 5.479823209219427e-03 5.480320526517989e-03 5.480817843816551e-03 5.481315161115113e-03 5.481812478413674e-03 5.482309795712236e-03 5.482807113010798e-03 5.483304430309360e-03 5.483801747607922e-03 5.484299064906484e-03 5.484796382205046e-03 5.485293699503607e-03 5.485791016802169e-03 5.486288334100731e-03 5.486785651399293e-03 5.487282968697855e-03 5.487780285996417e-03 5.488277603294979e-03 5.488774920593541e-03 5.489272237892103e-03 5.489769555190665e-03 5.490266872489226e-03 5.490764189787788e-03 5.491261507086350e-03 5.491758824384912e-03 5.492256141683474e-03 5.492753458982036e-03 5.493250776280598e-03 5.493748093579160e-03 5.494245410877722e-03 5.494742728176284e-03 5.495240045474845e-03 5.495737362773407e-03 5.496234680071969e-03 5.496731997370531e-03 5.497229314669092e-03 5.497726631967654e-03 5.498223949266216e-03 5.498721266564778e-03 5.499218583863340e-03 5.499715901161902e-03 5.500213218460464e-03 5.500710535759025e-03 5.501207853057587e-03 5.501705170356149e-03 5.502202487654711e-03 5.502699804953273e-03 5.503197122251835e-03 5.503694439550397e-03 5.504191756848959e-03 5.504689074147521e-03 5.505186391446083e-03 5.505683708744645e-03 5.506181026043206e-03 5.506678343341768e-03 5.507175660640330e-03 5.507672977938892e-03 5.508170295237454e-03 5.508667612536016e-03 5.509164929834578e-03 5.509662247133140e-03 5.510159564431702e-03 5.510656881730264e-03 5.511154199028825e-03 5.511651516327387e-03 5.512148833625949e-03 5.512646150924510e-03 5.513143468223072e-03 5.513640785521634e-03 5.514138102820196e-03 5.514635420118758e-03 5.515132737417320e-03 5.515630054715882e-03 5.516127372014444e-03 5.516624689313005e-03 5.517122006611567e-03 5.517619323910129e-03 5.518116641208691e-03 5.518613958507253e-03 5.519111275805815e-03 5.519608593104377e-03 5.520105910402939e-03 5.520603227701501e-03 5.521100545000063e-03 5.521597862298624e-03 5.522095179597186e-03 5.522592496895748e-03 5.523089814194310e-03 5.523587131492872e-03 5.524084448791434e-03 5.524581766089996e-03 5.525079083388558e-03 5.525576400687120e-03 5.526073717985682e-03 5.526571035284243e-03 5.527068352582805e-03 5.527565669881366e-03 5.528062987179928e-03 5.528560304478490e-03 5.529057621777052e-03 5.529554939075614e-03 5.530052256374176e-03 5.530549573672738e-03 5.531046890971300e-03 5.531544208269862e-03 5.532041525568424e-03 5.532538842866985e-03 5.533036160165547e-03 5.533533477464109e-03 5.534030794762671e-03 5.534528112061233e-03 5.535025429359795e-03 5.535522746658357e-03 5.536020063956919e-03 5.536517381255481e-03 5.537014698554043e-03 5.537512015852604e-03 5.538009333151166e-03 5.538506650449728e-03 5.539003967748290e-03 5.539501285046852e-03 5.539998602345414e-03 5.540495919643976e-03 5.540993236942538e-03 5.541490554241100e-03 5.541987871539662e-03 5.542485188838223e-03 5.542982506136785e-03 5.543479823435346e-03 5.543977140733908e-03 5.544474458032470e-03 5.544971775331032e-03 5.545469092629594e-03 5.545966409928156e-03 5.546463727226718e-03 5.546961044525280e-03 5.547458361823842e-03 5.547955679122404e-03 5.548452996420965e-03 5.548950313719527e-03 5.549447631018089e-03 5.549944948316651e-03 5.550442265615213e-03 5.550939582913775e-03 5.551436900212337e-03 5.551934217510899e-03 5.552431534809461e-03 5.552928852108023e-03 5.553426169406584e-03 5.553923486705146e-03 5.554420804003708e-03 5.554918121302270e-03 5.555415438600832e-03 5.555912755899393e-03 5.556410073197954e-03 5.556907390496515e-03 5.557404707795076e-03 5.557902025093637e-03 5.558399342392198e-03 5.558896659690759e-03 5.559393976989320e-03 5.559891294287881e-03 5.560388611586442e-03 5.560885928885003e-03 5.561383246183565e-03 5.561880563482126e-03 5.562377880780687e-03 5.562875198079248e-03 5.563372515377809e-03 5.563869832676370e-03 5.564367149974932e-03 5.564864467273493e-03 5.565361784572054e-03 5.565859101870615e-03 5.566356419169176e-03 5.566853736467737e-03 5.567351053766298e-03 5.567848371064859e-03 5.568345688363421e-03 5.568843005661982e-03 5.569340322960543e-03 5.569837640259104e-03 5.570334957557665e-03 5.570832274856226e-03 5.571329592154787e-03 5.571826909453348e-03 5.572324226751909e-03 5.572821544050470e-03 5.573318861349031e-03 5.573816178647592e-03 5.574313495946153e-03 5.574810813244714e-03 5.575308130543276e-03 5.575805447841837e-03 5.576302765140398e-03 5.576800082438959e-03 5.577297399737520e-03 5.577794717036081e-03 5.578292034334642e-03 5.578789351633203e-03 5.579286668931764e-03 5.579783986230325e-03 5.580281303528886e-03 5.580778620827447e-03 5.581275938126008e-03 5.581773255424569e-03 5.582270572723131e-03 5.582767890021692e-03 5.583265207320253e-03 5.583762524618814e-03 5.584259841917375e-03 5.584757159215937e-03 5.585254476514498e-03 5.585751793813059e-03 5.586249111111620e-03 5.586746428410181e-03 5.587243745708742e-03 5.587741063007303e-03 5.588238380305864e-03 5.588735697604425e-03 5.589233014902987e-03 5.589730332201548e-03 5.590227649500109e-03 5.590724966798670e-03 5.591222284097231e-03 5.591719601395792e-03 5.592216918694353e-03 5.592714235992914e-03 5.593211553291475e-03 5.593708870590036e-03 5.594206187888597e-03 5.594703505187158e-03 5.595200822485719e-03 5.595698139784281e-03 5.596195457082842e-03 5.596692774381403e-03 5.597190091679964e-03 5.597687408978525e-03 5.598184726277086e-03 5.598682043575647e-03 5.599179360874208e-03 5.599676678172769e-03 5.600173995471330e-03 5.600671312769891e-03 5.601168630068452e-03 5.601665947367013e-03 5.602163264665574e-03 5.602660581964136e-03 5.603157899262697e-03 5.603655216561258e-03 5.604152533859819e-03 5.604649851158380e-03 5.605147168456942e-03 5.605644485755503e-03 5.606141803054064e-03 5.606639120352625e-03 5.607136437651186e-03 5.607633754949747e-03 5.608131072248308e-03 5.608628389546869e-03 5.609125706845430e-03 5.609623024143992e-03 5.610120341442553e-03 5.610617658741114e-03 5.611114976039675e-03 5.611612293338236e-03 5.612109610636797e-03 5.612606927935358e-03 5.613104245233919e-03 5.613601562532480e-03 5.614098879831041e-03 5.614596197129602e-03 5.615093514428163e-03 5.615590831726724e-03 5.616088149025285e-03 5.616585466323847e-03 5.617082783622408e-03 5.617580100920969e-03 5.618077418219530e-03 5.618574735518091e-03 5.619072052816652e-03 5.619569370115213e-03 5.620066687413774e-03 5.620564004712335e-03 5.621061322010896e-03 5.621558639309457e-03 5.622055956608018e-03 5.622553273906579e-03 5.623050591205140e-03 5.623547908503702e-03 5.624045225802263e-03 5.624542543100824e-03 5.625039860399385e-03 5.625537177697947e-03 5.626034494996508e-03 5.626531812295069e-03 5.627029129593630e-03 5.627526446892191e-03 5.628023764190752e-03 5.628521081489313e-03 5.629018398787874e-03 5.629515716086435e-03 5.630013033384996e-03 5.630510350683558e-03 5.631007667982119e-03 5.631504985280680e-03 5.632002302579241e-03 5.632499619877802e-03 5.632996937176363e-03 5.633494254474924e-03 5.633991571773485e-03 5.634488889072046e-03 5.634986206370607e-03 5.635483523669168e-03 5.635980840967729e-03 5.636478158266290e-03 5.636975475564851e-03 5.637472792863413e-03 5.637970110161974e-03 5.638467427460535e-03 5.638964744759096e-03 5.639462062057657e-03 5.639959379356218e-03 5.640456696654779e-03 5.640954013953340e-03 5.641451331251901e-03 5.641948648550462e-03 5.642445965849023e-03 5.642943283147584e-03 5.643440600446145e-03 5.643937917744707e-03 5.644435235043268e-03 5.644932552341829e-03 5.645429869640391e-03 5.645927186938952e-03 5.646424504237513e-03 5.646921821536074e-03 5.647419138834635e-03 5.647916456133196e-03 5.648413773431757e-03 5.648911090730318e-03 5.649408408028879e-03 5.649905725327440e-03 5.650403042626001e-03 5.650900359924562e-03 5.651397677223124e-03 5.651894994521685e-03 5.652392311820246e-03 5.652889629118807e-03 5.653386946417368e-03 5.653884263715929e-03 5.654381581014490e-03 5.654878898313051e-03 5.655376215611612e-03 5.655873532910173e-03 5.656370850208734e-03 5.656868167507295e-03 5.657365484805856e-03 5.657862802104417e-03 5.658360119402979e-03 5.658857436701540e-03 5.659354754000101e-03 5.659852071298662e-03 5.660349388597223e-03 5.660846705895784e-03 5.661344023194345e-03 5.661841340492906e-03 5.662338657791467e-03 5.662835975090028e-03 5.663333292388589e-03 5.663830609687150e-03 5.664327926985712e-03 5.664825244284273e-03 5.665322561582834e-03 5.665819878881396e-03 5.666317196179957e-03 5.666814513478518e-03 5.667311830777079e-03 5.667809148075640e-03 5.668306465374201e-03 5.668803782672762e-03 5.669301099971323e-03 5.669798417269884e-03 5.670295734568445e-03 5.670793051867006e-03 5.671290369165567e-03 5.671787686464129e-03 5.672285003762690e-03 5.672782321061251e-03</slantRangeTime>
        <elevationAngle count="676">2.756575e+01 2.757465e+01 2.758356e+01 2.759246e+01 2.760135e+01 2.761024e+01 2.761913e+01 2.762801e+01 2.763688e+01 2.764575e+01 2.765462e+01 2.766349e+01 2.767234e+01 2.768120e+01 2.769005e+01 2.769889e+01 2.770774e+01 2.771657e+01 2.772541e+01 2.773424e+01 2.774306e+01 2.775188e+01 2.776069e+01 2.776950e+01 2.777831e+01 2.778712e+01 2.779591e+01 2.780471e+01 2.781350e+01 2.782228e+01 2.783106e+01 2.783984e+01 2.784861e+01 2.785738e+01 2.786614e+01 2.787490e+01 2.788366e+01 2.789241e+01 2.790115e+01 2.790990e+01 2.791863e+01 2.792737e+01 2.793610e+01 2.794482e+01 2.795354e+01 2.796226e+01 2.797097e+01 2.797968e+01 2.798839e+01 2.799709e+01 2.800578e+01 2.801447e+01 2.802316e+01 2.803185e+01 2.804052e+01 2.804920e+01 2.805787e+01 2.806654e+01 2.807520e+01 2.808386e+01 2.809251e+01 2.810116e+01 2.810981e+01 2.811845e+01 2.812708e+01 2.813572e+01 2.814435e+01 2.815297e+01 2.816159e+01 2.817021e+01 2.817882e+01 2.818743e+01 2.819603e+01 2.820463e+01 2.821323e+01 2.822182e+01 2.823041e+01 2.823899e+01 2.824757e+01 2.825615e+01 2.826472e+01 2.827329e+01 2.828185e+01 2.829041e+01 2.829896e+01 2.830752e+01 2.831606e+01 2.832461e+01 2.833314e+01 2.834168e+01 2.835021e+01 2.835874e+01 2.836726e+01 2.837578e+01 2.838429e+01 2.839280e+01 2.840131e+01 2.840981e+01 2.841831e+01 2.842681e+01 2.843530e+01 2.844378e+01 2.845226e+01 2.846074e+01 2.846922e+01 2.847769e+01 2.848615e+01 2.849462e+01 2.850308e+01 2.851153e+01 2.851998e+01 2.852843e+01 2.853687e+01 2.854531e+01 2.855374e+01 2.856218e+01 2.857060e+01 2.857903e+01 2.858744e+01 2.859586e+01 2.860427e+01 2.861268e+01 2.862108e+01 2.862948e+01 2.863788e+01 2.864627e+01 2.865466e+01 2.866304e+01 2.867142e+01 2.867979e+01 2.868817e+01 2.869654e+01 2.870490e+01 2.871326e+01 2.872162e+01 2.872997e+01 2.873832e+01 2.874666e+01 2.875500e+01 2.876334e+01 2.877168e+01 2.878000e+01 2.878833e+01 2.879665e+01 2.880497e+01 2.881328e+01 2.882159e+01 2.882990e+01 2.883820e+01 2.884650e+01 2.885480e+01 2.886309e+01 2.887138e+01 2.887966e+01 2.888794e+01 2.889622e+01 2.890449e+01 2.891276e+01 2.892102e+01 2.892928e+01 2.893754e+01 2.894579e+01 2.895404e+01 2.896229e+01 2.897053e+01 2.897877e+01 2.898700e+01 2.899523e+01 2.900346e+01 2.901168e+01 2.901990e+01 2.902812e+01 2.903633e+01 2.904454e+01 2.905274e+01 2.906094e+01 2.906914e+01 2.907733e+01 2.908552e+01 2.909371e+01 2.910189e+01 2.911007e+01 2.911825e+01 2.912642e+01 2.913458e+01 2.914275e+01 2.915091e+01 2.915906e+01 2.916722e+01 2.917537e+01 2.918351e+01 2.919165e+01 2.919979e+01 2.920792e+01 2.921605e+01 2.922418e+01 2.923231e+01 2.924043e+01 2.924854e+01 2.925665e+01 2.926476e+01 2.927287e+01 2.928097e+01 2.928907e+01 2.929716e+01 2.930525e+01 2.931334e+01 2.932142e+01 2.932950e+01 2.933758e+01 2.934565e+01 2.935372e+01 2.936178e+01 2.936984e+01 2.937790e+01 2.938596e+01 2.939401e+01 2.940206e+01 2.941010e+01 2.941814e+01 2.942618e+01 2.943421e+01 2.944224e+01 2.945026e+01 2.945829e+01 2.946630e+01 2.947432e+01 2.948233e+01 2.949034e+01 2.949834e+01 2.950635e+01 2.951434e+01 2.952234e+01 2.953033e+01 2.953831e+01 2.954630e+01 2.955428e+01 2.956225e+01 2.957022e+01 2.957819e+01 2.958616e+01 2.959412e+01 2.960208e+01 2.961004e+01 2.961799e+01 2.962594e+01 2.963388e+01 2.964182e+01 2.964976e+01 2.965769e+01 2.966562e+01 2.967355e+01 2.968147e+01 2.968940e+01 2.969731e+01 2.970522e+01 2.971313e+01 2.972104e+01 2.972894e+01 2.973685e+01 2.974474e+01 2.975263e+01 2.976052e+01 2.976841e+01 2.977629e+01 2.978417e+01 2.979205e+01 2.979992e+01 2.980779e+01 2.981565e+01 2.982351e+01 2.983137e+01 2.983923e+01 2.984708e+01 2.985493e+01 2.986277e+01 2.987061e+01 2.987845e+01 2.988628e+01 2.989411e+01 2.990194e+01 2.990977e+01 2.991759e+01 2.992541e+01 2.993322e+01 2.994103e+01 2.994884e+01 2.995664e+01 2.996444e+01 2.997224e+01 2.998003e+01 2.998782e+01 2.999561e+01 3.000340e+01 3.001118e+01 3.001895e+01 3.002673e+01 3.003450e+01 3.004226e+01 3.005003e+01 3.005779e+01 3.006555e+01 3.007330e+01 3.008105e+01 3.008880e+01 3.009654e+01 3.010428e+01 3.011202e+01 3.011975e+01 3.012748e+01 3.013521e+01 3.014293e+01 3.015066e+01 3.015837e+01 3.016609e+01 3.017380e+01 3.018151e+01 3.018921e+01 3.019691e+01 3.020461e+01 3.021231e+01 3.022000e+01 3.022768e+01 3.023537e+01 3.024305e+01 3.025073e+01 3.025840e+01 3.026608e+01 3.027374e+01 3.028141e+01 3.028907e+01 3.029673e+01 3.030438e+01 3.031204e+01 3.031968e+01 3.032733e+01 3.033497e+01 3.034261e+01 3.035025e+01 3.035788e+01 3.036551e+01 3.037314e+01 3.038076e+01 3.038838e+01 3.039600e+01 3.040361e+01 3.041122e+01 3.041883e+01 3.042643e+01 3.043403e+01 3.044163e+01 3.044922e+01 3.045682e+01 3.046440e+01 3.047199e+01 3.047957e+01 3.048715e+01 3.049472e+01 3.050230e+01 3.050986e+01 3.051743e+01 3.052499e+01 3.053255e+01 3.054011e+01 3.054766e+01 3.055521e+01 3.056276e+01 3.057030e+01 3.057784e+01 3.058538e+01 3.059291e+01 3.060045e+01 3.060798e+01 3.061550e+01 3.062302e+01 3.063054e+01 3.063806e+01 3.064557e+01 3.065308e+01 3.066058e+01 3.066809e+01 3.067559e+01 3.068308e+01 3.069058e+01 3.069807e+01 3.070555e+01 3.071304e+01 3.072052e+01 3.072800e+01 3.073547e+01 3.074295e+01 3.075041e+01 3.075788e+01 3.076534e+01 3.077280e+01 3.078026e+01 3.078771e+01 3.079516e+01 3.080261e+01 3.081006e+01 3.081750e+01 3.082494e+01 3.083237e+01 3.083980e+01 3.084723e+01 3.085466e+01 3.086208e+01 3.086950e+01 3.087692e+01 3.088433e+01 3.089174e+01 3.089915e+01 3.090656e+01 3.091396e+01 3.092136e+01 3.092875e+01 3.093614e+01 3.094353e+01 3.095092e+01 3.095830e+01 3.096568e+01 3.097306e+01 3.098044e+01 3.098781e+01 3.099518e+01 3.100254e+01 3.100990e+01 3.101727e+01 3.102462e+01 3.103197e+01 3.103933e+01 3.104667e+01 3.105402e+01 3.106136e+01 3.106870e+01 3.107603e+01 3.108337e+01 3.109070e+01 3.109802e+01 3.110535e+01 3.111267e+01 3.111999e+01 3.112730e+01 3.113461e+01 3.114192e+01 3.114923e+01 3.115653e+01 3.116383e+01 3.117113e+01 3.117842e+01 3.118571e+01 3.119300e+01 3.120029e+01 3.120757e+01 3.121485e+01 3.122213e+01 3.122940e+01 3.123667e+01 3.124394e+01 3.125120e+01 3.125847e+01 3.126573e+01 3.127298e+01 3.128024e+01 3.128749e+01 3.129473e+01 3.130198e+01 3.130922e+01 3.131646e+01 3.132369e+01 3.133093e+01 3.133816e+01 3.134538e+01 3.135261e+01 3.135983e+01 3.136705e+01 3.137427e+01 3.138148e+01 3.138869e+01 3.139590e+01 3.140310e+01 3.141030e+01 3.141750e+01 3.142469e+01 3.143189e+01 3.143908e+01 3.144626e+01 3.145345e+01 3.146063e+01 3.146781e+01 3.147499e+01 3.148216e+01 3.148933e+01 3.149649e+01 3.150366e+01 3.151082e+01 3.151798e+01 3.152514e+01 3.153229e+01 3.153944e+01 3.154659e+01 3.155373e+01 3.156087e+01 3.156801e+01 3.157515e+01 3.158228e+01 3.158941e+01 3.159654e+01 3.160366e+01 3.161078e+01 3.161790e+01 3.162502e+01 3.163213e+01 3.163924e+01 3.164635e+01 3.165346e+01 3.166056e+01 3.166766e+01 3.167476e+01 3.168185e+01 3.168894e+01 3.169603e+01 3.170311e+01 3.171020e+01 3.171728e+01 3.172435e+01 3.173143e+01 3.173850e+01 3.174557e+01 3.175264e+01 3.175970e+01 3.176676e+01 3.177382e+01 3.178087e+01 3.178793e+01 3.179498e+01 3.180202e+01 3.180907e+01 3.181611e+01 3.182315e+01 3.183018e+01 3.183722e+01 3.184425e+01 3.185127e+01 3.185830e+01 3.186532e+01 3.187234e+01 3.187936e+01 3.188637e+01 3.189338e+01 3.190039e+01 3.190740e+01 3.191440e+01 3.192140e+01 3.192840e+01 3.193540e+01 3.194239e+01 3.194938e+01 3.195636e+01 3.196335e+01 3.197033e+01 3.197731e+01 3.198429e+01 3.199126e+01 3.199823e+01 3.200520e+01 3.201217e+01 3.201913e+01 3.202608e+01 3.203304e+01 3.204000e+01 3.204695e+01 3.205390e+01 3.206085e+01 3.206779e+01 3.207473e+01 3.208167e+01 3.208861e+01 3.209554e+01 3.210247e+01 3.210940e+01 3.211633e+01 3.212325e+01 3.213017e+01 3.213708e+01 3.214400e+01 3.215091e+01 3.215782e+01 3.216473e+01 3.217163e+01 3.217853e+01 3.218543e+01 3.219233e+01 3.219922e+01 3.220611e+01 3.221300e+01 3.221989e+01 3.222677e+01 3.223365e+01 3.224053e+01 3.224741e+01 3.225428e+01 3.226115e+01 3.226801e+01 3.227488e+01 3.228174e+01 3.228860e+01 3.229546e+01 3.230231e+01 3.230917e+01 3.231601e+01 3.232286e+01 3.232970e+01 3.233654e+01 3.234338e+01 3.235022e+01 3.235706e+01 3.236388e+01 3.237071e+01 3.237754e+01 3.238436e+01 3.239118e+01 3.239800e+01 3.240482e+01 3.241163e+01 3.241844e+01 3.242525e+01 3.243205e+01 3.243885e+01 3.244566e+01 3.245245e+01 3.245925e+01 3.246604e+01 3.247283e+01 3.247962e+01 3.248640e+01 3.249319e+01 3.249997e+01 3.250674e+01 3.251352e+01 3.252029e+01 3.252706e+01 3.253382e+01 3.254059e+01 3.254735e+01 3.255411e+01 3.256087e+01 3.256762e+01 3.257438e+01 3.258112e+01 3.258787e+01 3.259461e+01 3.260136e+01 3.260809e+01 3.261483e+01 3.262157e+01 3.262830e+01 3.263503e+01 3.264175e+01 3.264848e+01 3.265520e+01 3.266192e+01 3.266863e+01 3.267535e+01 3.268206e+01 3.268877e+01 3.269548e+01 3.270218e+01 3.270888e+01 3.271558e+01 3.272227e+01 3.272897e+01 3.273566e+01 3.274235e+01 3.274904e+01 3.275572e+01</elevationAngle>
        <elevationPattern count="676">1.299274e+14 -1.490062e+14 1.299986e+14 -1.501286e+14 1.300698e+14 -1.512503e+14 1.301411e+14 -1.523716e+14 1.302000e+14 -1.534922e+14 1.302000e+14 -1.546123e+14 1.302000e+14 -1.557319e+14 1.302000e+14 -1.568509e+14 1.302000e+14 -1.579693e+14 1.302000e+14 -1.590872e+14 1.301712e+14 -1.602045e+14 1.301181e+14 -1.613213e+14 1.300649e+14 -1.624375e+14 1.300118e+14 -1.635532e+14 1.299586e+14 -1.646683e+14 1.299056e+14 -1.657829e+14 1.297892e+14 -1.668969e+14 1.296655e+14 -1.680104e+14 1.295418e+14 -1.691233e+14 1.294183e+14 -1.702357e+14 1.292947e+14 -1.713476e+14 1.291589e+14 -1.724630e+14 1.289826e+14 -1.735913e+14 1.288064e+14 -1.747191e+14 1.286303e+14 -1.758464e+14 1.284542e+14 -1.769731e+14 1.282782e+14 -1.780993e+14 1.280731e+14 -1.792151e+14 1.278446e+14 -1.803226e+14 1.276161e+14 -1.814295e+14 1.273879e+14 -1.825359e+14 1.271596e+14 -1.836417e+14 1.269316e+14 -1.847471e+14 1.266281e+14 -1.858519e+14 1.263126e+14 -1.869561e+14 1.259972e+14 -1.880597e+14 1.256821e+14 -1.891629e+14 1.253670e+14 -1.902655e+14 1.250441e+14 -1.913676e+14 1.246769e+14 -1.924691e+14 1.243100e+14 -1.935701e+14 1.239432e+14 -1.946706e+14 1.235765e+14 -1.957705e+14 1.232100e+14 -1.968699e+14 1.228214e+14 -1.979614e+14 1.224030e+14 -1.990422e+14 1.219848e+14 -2.001227e+14 1.215668e+14 -2.012025e+14 1.211490e+14 -2.022818e+14 1.207314e+14 -2.033606e+14 1.202544e+14 -2.044270e+14 1.197503e+14 -2.054873e+14 1.192464e+14 -2.065472e+14 1.187428e+14 -2.076065e+14 1.182394e+14 -2.086654e+14 1.177363e+14 -2.097237e+14 1.171851e+14 -2.107815e+14 1.166305e+14 -2.118388e+14 1.160761e+14 -2.128956e+14 1.155219e+14 -2.139519e+14 1.149681e+14 -2.150077e+14 1.144038e+14 -2.160603e+14 1.137814e+14 -2.170978e+14 1.131592e+14 -2.181347e+14 1.125373e+14 -2.191712e+14 1.119157e+14 -2.202072e+14 1.112944e+14 -2.212427e+14 1.106545e+14 -2.222713e+14 1.099821e+14 -2.232886e+14 1.093100e+14 -2.243054e+14 1.086383e+14 -2.253216e+14 1.079668e+14 -2.263374e+14 1.072957e+14 -2.273527e+14 1.065864e+14 -2.283675e+14 1.058471e+14 -2.293818e+14 1.051082e+14 -2.303957e+14 1.043697e+14 -2.314091e+14 1.036315e+14 -2.324219e+14 1.028937e+14 -2.334343e+14 1.021119e+14 -2.344209e+14 1.013148e+14 -2.353980e+14 1.005180e+14 -2.363746e+14 9.972163e+13 -2.373510e+14 9.892560e+13 -2.383266e+14 9.813000e+13 -2.393019e+14 9.727476e+13 -2.402460e+14 9.641322e+13 -2.411862e+14 9.555210e+13 -2.421259e+14 9.469139e+13 -2.430652e+14 9.383109e+13 -2.440040e+14 9.296831e+13 -2.449415e+14 9.204573e+13 -2.458625e+14 9.112359e+13 -2.467829e+14 9.020187e+13 -2.477030e+14 8.928059e+13 -2.486225e+14 8.835974e+13 -2.495417e+14 8.742835e+13 -2.504544e+14 8.644544e+13 -2.513387e+14 8.546300e+13 -2.522225e+14 8.448105e+13 -2.531060e+14 8.349956e+13 -2.539890e+14 8.251851e+13 -2.548716e+14 8.152133e+13 -2.557440e+14 8.048359e+13 -2.565919e+14 7.944629e+13 -2.574393e+14 7.840949e+13 -2.582863e+14 7.737320e+13 -2.591330e+14 7.633737e+13 -2.599793e+14 7.527863e+13 -2.608186e+14 7.418294e+13 -2.616472e+14 7.308770e+13 -2.624753e+14 7.199302e+13 -2.633031e+14 7.089885e+13 -2.641306e+14 6.980518e+13 -2.649575e+14 6.868537e+13 -2.657606e+14 6.753539e+13 -2.665362e+14 6.638595e+13 -2.673115e+14 6.523708e+13 -2.680865e+14 6.408872e+13 -2.688610e+14 6.294089e+13 -2.696352e+14 6.176426e+13 -2.703912e+14 6.056201e+13 -2.711310e+14 5.936035e+13 -2.718706e+14 5.815921e+13 -2.726097e+14 5.695867e+13 -2.733485e+14 5.575867e+13 -2.740870e+14 5.452733e+13 -2.747961e+14 5.327313e+13 -2.754836e+14 5.201949e+13 -2.761707e+14 5.076644e+13 -2.768575e+14 4.951399e+13 -2.775441e+14 4.826211e+13 -2.782303e+14 4.698034e+13 -2.788958e+14 4.567945e+13 -2.795479e+14 4.437918e+13 -2.801998e+14 4.307949e+13 -2.808513e+14 4.178041e+13 -2.815025e+14 4.048194e+13 -2.821534e+14 3.915298e+13 -2.827729e+14 3.780568e+13 -2.833732e+14 3.645900e+13 -2.839732e+14 3.511294e+13 -2.845729e+14 3.376751e+13 -2.851724e+14 3.242269e+13 -2.857715e+14 3.104763e+13 -2.863396e+14 2.965418e+13 -2.868883e+14 2.826137e+13 -2.874369e+14 2.686919e+13 -2.879850e+14 2.547766e+13 -2.885330e+14 2.408677e+13 -2.890808e+14 2.267066e+13 -2.896083e+14 2.123793e+13 -2.901224e+14 1.980586e+13 -2.906361e+14 1.837445e+13 -2.911498e+14 1.694370e+13 -2.916632e+14 1.551360e+13 -2.921762e+14 1.405953e+13 -2.926612e+14 1.258709e+13 -2.931242e+14 1.111532e+13 -2.935870e+14 9.644226e+12 -2.940496e+14 8.173807e+12 -2.945120e+14 6.704059e+12 -2.949742e+14 5.213560e+12 -2.954025e+14 3.703266e+12 -2.957983e+14 2.193662e+12 -2.961939e+14 6.847479e+11 -2.965893e+14 -8.234774e+11 -2.969846e+14 -2.331015e+12 -2.973797e+14 -3.853859e+12 -2.977599e+14 -5.396204e+12 -2.981218e+14 -6.937847e+12 -2.984834e+14 -8.478786e+12 -2.988449e+14 -1.001903e+13 -2.992062e+14 -1.155856e+13 -2.995674e+14 -1.311036e+13 -2.999051e+14 -1.468491e+13 -3.002003e+14 -1.625875e+13 -3.004954e+14 -1.783187e+13 -3.007903e+14 -1.940427e+13 -3.010851e+14 -2.097597e+13 -3.013798e+14 -2.255522e+13 -3.016620e+14 -2.415820e+13 -3.019073e+14 -2.576047e+13 -3.021527e+14 -2.736199e+13 -3.023978e+14 -2.896280e+13 -3.026428e+14 -3.056288e+13 -3.028877e+14 -3.216592e+13 -3.031238e+14 -3.379230e+13 -3.033033e+14 -3.541792e+13 -3.034826e+14 -3.704282e+13 -3.036619e+14 -3.866699e+13 -3.038411e+14 -4.029043e+13 -3.040202e+14 -4.191314e+13 -3.041993e+14 -4.356264e+13 -3.043457e+14 -4.521153e+13 -3.044921e+14 -4.685967e+13 -3.046384e+14 -4.850707e+13 -3.047846e+14 -5.015372e+13 -3.049308e+14 -5.179965e+13 -3.050769e+14 -5.346668e+13 -3.051683e+14 -5.513707e+13 -3.052494e+14 -5.680671e+13 -3.053304e+14 -5.847561e+13 -3.054115e+14 -6.014376e+13 -3.054925e+14 -6.181115e+13 -3.055734e+14 -6.349082e+13 -3.056108e+14 -6.517614e+13 -3.056271e+14 -6.686069e+13 -3.056432e+14 -6.854447e+13 -3.056593e+14 -7.022753e+13 -3.056755e+14 -7.190984e+13 -3.056917e+14 -7.360073e+13 -3.056845e+14 -7.530087e+13 -3.056522e+14 -7.700024e+13 -3.056198e+14 -7.869891e+13 -3.055878e+14 -8.039678e+13 -3.055554e+14 -8.209390e+13 -3.055233e+14 -8.379470e+13 -3.054776e+14 -8.550641e+13 -3.053972e+14 -8.721734e+13 -3.053168e+14 -8.892753e+13 -3.052365e+14 -9.063694e+13 -3.051562e+14 -9.234561e+13 -3.050759e+14 -9.405436e+13 -3.049920e+14 -9.577756e+13 -3.048478e+14 -9.749994e+13 -3.047033e+14 -9.922160e+13 -3.045591e+14 -1.009425e+14 -3.044149e+14 -1.026626e+14 -3.042707e+14 -1.043820e+14 -3.041267e+14 -1.061084e+14 -3.039436e+14 -1.078359e+14 -3.037516e+14 -1.095625e+14 -3.035597e+14 -1.112885e+14 -3.033680e+14 -1.130136e+14 -3.031762e+14 -1.147380e+14 -3.029847e+14 -1.164616e+14 -3.027664e+14 -1.181845e+14 -3.025272e+14 -1.199066e+14 -3.022880e+14 -1.216279e+14 -3.020488e+14 -1.233485e+14 -3.018099e+14 -1.250683e+14 -3.015711e+14 -1.267874e+14 -3.013142e+14 -1.285057e+14 -3.010120e+14 -1.302233e+14 -3.007098e+14 -1.319400e+14 -3.004077e+14 -1.336561e+14 -3.001059e+14 -1.353714e+14 -2.998041e+14 -1.370859e+14 -2.995025e+14 -1.388154e+14 -2.991380e+14 -1.405443e+14 -2.987732e+14 -1.422725e+14 -2.984086e+14 -1.439999e+14 -2.980441e+14 -1.457265e+14 -2.976797e+14 -1.474524e+14 -2.973156e+14 -1.491775e+14 -2.969299e+14 -1.509018e+14 -2.965344e+14 -1.526254e+14 -2.961391e+14 -1.543483e+14 -2.957440e+14 -1.560703e+14 -2.953489e+14 -1.577917e+14 -2.949542e+14 -1.595123e+14 -2.945371e+14 -1.612322e+14 -2.940795e+14 -1.629512e+14 -2.936221e+14 -1.646696e+14 -2.931650e+14 -1.663872e+14 -2.927080e+14 -1.681040e+14 -2.922512e+14 -1.698199e+14 -2.917941e+14 -1.715195e+14 -2.912905e+14 -1.732184e+14 -2.907871e+14 -1.749166e+14 -2.902841e+14 -1.766139e+14 -2.897810e+14 -1.783106e+14 -2.892783e+14 -1.800065e+14 -2.887758e+14 -1.817017e+14 -2.882327e+14 -1.833962e+14 -2.876680e+14 -1.850899e+14 -2.871034e+14 -1.867829e+14 -2.865391e+14 -1.884751e+14 -2.859750e+14 -1.901666e+14 -2.854111e+14 -1.918532e+14 -2.848390e+14 -1.935276e+14 -2.842444e+14 -1.952012e+14 -2.836500e+14 -1.968742e+14 -2.830558e+14 -1.985465e+14 -2.824620e+14 -2.002180e+14 -2.818684e+14 -2.018888e+14 -2.812750e+14 -2.035452e+14 -2.806274e+14 -2.051990e+14 -2.799722e+14 -2.068520e+14 -2.793172e+14 -2.085043e+14 -2.786624e+14 -2.101559e+14 -2.780081e+14 -2.118068e+14 -2.773539e+14 -2.134499e+14 -2.766858e+14 -2.150838e+14 -2.760010e+14 -2.167170e+14 -2.753167e+14 -2.183495e+14 -2.746326e+14 -2.199813e+14 -2.739488e+14 -2.216124e+14 -2.732653e+14 -2.232509e+14 -2.725718e+14 -2.251911e+14 -2.715009e+14 -2.271305e+14 -2.704305e+14 -2.290688e+14 -2.693604e+14 -2.310065e+14 -2.682908e+14 -2.329433e+14 -2.672217e+14 -2.348793e+14 -2.661530e+14 -2.364133e+14 -2.656377e+14 -2.376512e+14 -2.655293e+14 -2.388886e+14 -2.654210e+14 -2.401255e+14 -2.653127e+14 -2.413620e+14 -2.652046e+14 -2.425978e+14 -2.650965e+14 -2.438680e+14 -2.649101e+14 -2.454270e+14 -2.640767e+14 -2.469852e+14 -2.632435e+14 -2.485429e+14 -2.624108e+14 -2.500998e+14 -2.615784e+14 -2.516560e+14 -2.607462e+14 -2.532116e+14 -2.599146e+14 -2.547571e+14 -2.590641e+14 -2.562960e+14 -2.582023e+14 -2.578342e+14 -2.573408e+14 -2.593718e+14 -2.564798e+14 -2.609087e+14 -2.556191e+14 -2.624450e+14 -2.547588e+14 -2.639770e+14 -2.538935e+14 -2.654814e+14 -2.529878e+14 -2.669849e+14 -2.520826e+14 -2.684879e+14 -2.511776e+14 -2.699904e+14 -2.502732e+14 -2.714920e+14 -2.493690e+14 -2.729932e+14 -2.484654e+14 -2.744754e+14 -2.475438e+14 -2.759447e+14 -2.466102e+14 -2.774132e+14 -2.456770e+14 -2.788812e+14 -2.447442e+14 -2.803485e+14 -2.438118e+14 -2.818153e+14 -2.428799e+14 -2.832796e+14 -2.419448e+14 -2.847147e+14 -2.409526e+14 -2.861490e+14 -2.399607e+14 -2.875828e+14 -2.389693e+14 -2.890160e+14 -2.379783e+14 -2.904485e+14 -2.369877e+14 -2.918804e+14 -2.359975e+14 -2.932891e+14 -2.350002e+14 -2.946741e+14 -2.339956e+14 -2.960587e+14 -2.329915e+14 -2.974427e+14 -2.319878e+14 -2.988259e+14 -2.309844e+14 -3.002087e+14 -2.299816e+14 -3.015908e+14 -2.289792e+14 -3.029445e+14 -2.279352e+14 -3.042951e+14 -2.268880e+14 -3.056452e+14 -2.258413e+14 -3.069948e+14 -2.247951e+14 -3.083437e+14 -2.237492e+14 -3.096921e+14 -2.227039e+14 -3.110252e+14 -2.216490e+14 -3.123270e+14 -2.205742e+14 -3.136283e+14 -2.194999e+14 -3.149290e+14 -2.184259e+14 -3.162293e+14 -2.173526e+14 -3.175290e+14 -2.162796e+14 -3.188282e+14 -2.152070e+14 -3.201052e+14 -2.141026e+14 -3.213731e+14 -2.129857e+14 -3.226404e+14 -2.118691e+14 -3.239072e+14 -2.107531e+14 -3.251736e+14 -2.096376e+14 -3.264392e+14 -2.085225e+14 -3.276995e+14 -2.074067e+14 -3.289040e+14 -2.062775e+14 -3.301080e+14 -2.051488e+14 -3.313114e+14 -2.040205e+14 -3.325144e+14 -2.028927e+14 -3.337170e+14 -2.017654e+14 -3.349189e+14 -2.006386e+14 -3.360943e+14 -1.994926e+14 -3.372353e+14 -1.983217e+14 -3.383758e+14 -1.971512e+14 -3.395158e+14 -1.959812e+14 -3.406553e+14 -1.948117e+14 -3.417943e+14 -1.936427e+14 -3.429329e+14 -1.924741e+14 -3.440366e+14 -1.912946e+14 -3.451294e+14 -1.901121e+14 -3.462216e+14 -1.889300e+14 -3.473135e+14 -1.877485e+14 -3.484048e+14 -1.865674e+14 -3.494956e+14 -1.853868e+14 -3.505815e+14 -1.842044e+14 -3.516117e+14 -1.829949e+14 -3.526416e+14 -1.817860e+14 -3.536711e+14 -1.805775e+14 -3.547001e+14 -1.793695e+14 -3.557287e+14 -1.781620e+14 -3.567569e+14 -1.769550e+14 -3.577623e+14 -1.757374e+14 -3.587300e+14 -1.745016e+14 -3.596975e+14 -1.732664e+14 -3.606644e+14 -1.720315e+14 -3.616310e+14 -1.707973e+14 -3.625972e+14 -1.695636e+14 -3.635629e+14 -1.683303e+14 -3.644896e+14 -1.670880e+14 -3.653952e+14 -1.658409e+14 -3.663005e+14 -1.645944e+14 -3.672054e+14 -1.633484e+14 -3.681099e+14 -1.621028e+14 -3.690140e+14 -1.608578e+14 -3.699177e+14 -1.596133e+14 -3.707539e+14 -1.583558e+14 -3.715828e+14 -1.570975e+14 -3.724115e+14 -1.558397e+14 -3.732397e+14 -1.545824e+14 -3.740678e+14 -1.533257e+14 -3.748954e+14 -1.520694e+14 -3.757118e+14 -1.508116e+14 -3.764649e+14 -1.495416e+14 -3.772177e+14 -1.482721e+14 -3.779702e+14 -1.470031e+14 -3.787224e+14 -1.457347e+14 -3.794744e+14 -1.444668e+14 -3.802260e+14 -1.431994e+14 -3.809555e+14 -1.419325e+14 -3.816477e+14 -1.406662e+14 -3.823392e+14 -1.394003e+14 -3.830309e+14 -1.381350e+14 -3.837221e+14 -1.368701e+14 -3.844131e+14 -1.356058e+14 -3.851038e+14 -1.343421e+14 -3.857522e+14 -1.330620e+14 -3.863689e+14 -1.317699e+14 -3.869853e+14 -1.304782e+14 -3.876016e+14 -1.291872e+14 -3.882175e+14 -1.278966e+14 -3.888334e+14 -1.266066e+14 -3.894488e+14 -1.253171e+14 -3.899976e+14 -1.240280e+14 -3.905246e+14 -1.227395e+14 -3.910516e+14 -1.214516e+14 -3.915782e+14 -1.201642e+14 -3.921047e+14 -1.188773e+14 -3.926309e+14 -1.175908e+14 -3.931570e+14 -1.163050e+14 -3.936023e+14 -1.150330e+14 -3.940403e+14 -1.137628e+14 -3.944784e+14 -1.124931e+14 -3.949159e+14 -1.112239e+14 -3.953533e+14 -1.099552e+14 -3.957907e+14 -1.086870e+14 -3.962232e+14 -1.074183e+14 -3.965873e+14 -1.061351e+14 -3.969512e+14 -1.048525e+14 -3.973150e+14 -1.035703e+14 -3.976787e+14 -1.022886e+14 -3.980423e+14 -1.010075e+14 -3.984058e+14 -9.972693e+13 -3.987552e+14 -9.844878e+13 -3.990457e+14 -9.717938e+13 -3.993361e+14 -9.591047e+13 -3.996263e+14 -9.464207e+13 -3.999165e+14 -9.337418e+13 -4.002065e+14 -9.210681e+13 -4.004964e+14 -9.083993e+13 -4.007560e+14 -8.957658e+13 -4.009443e+14 -8.832087e+13 -4.011325e+14 -8.706565e+13 -4.013207e+14 -8.581095e+13 -4.015087e+14 -8.455673e+13 -4.016967e+14 -8.330302e+13 -4.018846e+14 -8.204981e+13 -4.020446e+14 -8.080212e+13 -4.021602e+14 -7.956291e+13 -4.022756e+14 -7.832418e+13 -4.023910e+14 -7.708595e+13 -4.025063e+14 -7.584822e+13 -4.026218e+14 -7.461100e+13 -4.027371e+14 -7.337426e+13 -4.028067e+14 -7.214526e+13 -4.028211e+14 -7.092534e+13 -4.028354e+14 -6.970589e+13 -4.028497e+14 -6.848694e+13 -4.028642e+14 -6.726851e+13 -4.028785e+14 -6.605052e+13 -4.028929e+14 -6.483303e+13 -4.028638e+14 -6.362691e+13 -4.027920e+14 -6.243193e+13 -4.027200e+14 -6.123740e+13 -4.026485e+14 -6.004340e+13 -4.025766e+14 -5.884983e+13 -4.025050e+14 -5.765676e+13 -4.024334e+14 -5.646416e+13 -4.023235e+14 -5.528354e+13 -4.021801e+14 -5.411333e+13 -4.020370e+14 -5.294363e+13 -4.018937e+14 -5.177436e+13 -4.017507e+14 -5.060559e+13 -4.016078e+14 -4.943725e+13 -4.014648e+14 -4.826938e+13 -4.012674e+14 -4.711840e+13 -4.010245e+14 -4.598144e+13 -4.007818e+14 -4.484494e+13 -4.005391e+14 -4.370888e+13 -4.002966e+14 -4.257328e+13 -4.000541e+14 -4.143813e+13 -3.998117e+14 -4.030341e+13 -3.995235e+14 -3.918528e+13 -3.991959e+14 -3.808138e+13 -3.988684e+14 -3.697791e+13 -3.985411e+14 -3.587488e+13 -3.982139e+14 -3.477228e+13 -3.978868e+14 -3.367012e+13 -3.975599e+14 -3.256839e+13 -3.971893e+14 -3.148379e+13 -3.967774e+14 -3.041560e+13 -3.963657e+14 -2.934783e+13 -3.959541e+14 -2.828048e+13 -3.955427e+14 -2.721354e+13 -3.951313e+14 -2.614702e+13 -3.947201e+14 -2.508091e+13 -3.942763e+14 -2.403366e+13 -3.937946e+14 -2.300805e+13 -3.933133e+14 -2.198287e+13 -3.928320e+14 -2.095807e+13 -3.923510e+14 -1.993367e+13 -3.918700e+14 -1.890967e+13 -3.913892e+14 -1.788607e+13 -3.908694e+14 -1.687807e+13 -3.902902e+14 -1.589341e+13 -3.897112e+14 -1.490915e+13 -3.891324e+14 -1.392527e+13 -3.885540e+14 -1.294177e+13 -3.879756e+14 -1.195865e+13 -3.873976e+14 -1.097592e+13 -3.867976e+14 -1.000712e+13 -3.861496e+14 -9.068547e+12 -3.855019e+14 -8.130341e+12 -3.848543e+14 -7.192499e+12 -3.842069e+14 -6.255024e+12 -3.835599e+14 -5.317913e+12 -3.829132e+14 -4.381169e+12 -3.822521e+14 -3.454241e+12 -3.815356e+14 -2.564029e+12 -3.808192e+14 -1.674160e+12 -3.801033e+14 -7.846372e+11 -3.793876e+14 1.045397e+11 -3.786722e+14 9.933717e+11 -3.779568e+14 1.881857e+12 -3.772351e+14 2.766181e+12 -3.764365e+14 3.606899e+12 -3.756382e+14 4.447291e+12 -3.748402e+14 5.287358e+12 -3.740424e+14 6.127099e+12 -3.732448e+14 6.966512e+12 -3.724478e+14 7.805604e+12 -3.716510e+14 8.644368e+12 -3.708021e+14 9.437291e+12 -3.699500e+14 1.022680e+13 -3.690981e+14 1.101600e+13 -3.682468e+14 1.180489e+13 -3.673957e+14 1.259349e+13 -3.665450e+14 1.338178e+13 -3.656945e+14 1.416976e+13 -3.647907e+14 1.491746e+13 -3.638712e+14 1.565301e+13 -3.629522e+14 1.638828e+13 -3.620335e+14 1.712327e+13 -3.611151e+14 1.785796e+13 -3.601970e+14 1.859238e+13 -3.592793e+14 1.932652e+13 -3.583212e+14 2.003102e+13 -3.573349e+14 2.071458e+13 -3.563488e+14 2.139788e+13 -3.553631e+14 2.208091e+13 -3.543777e+14 2.276367e+13 -3.533930e+14 2.344618e+13 -3.524084e+14 2.412843e+13 -3.514084e+14 2.479029e+13 -3.503830e+14 2.541935e+13 -3.493581e+14 2.604819e+13 -3.483336e+14 2.667677e+13 -3.473093e+14 2.730511e+13 -3.462855e+14 2.793321e+13 -3.452622e+14 2.856108e+13 -3.442305e+14 2.918043e+13 -3.431525e+14 2.975529e+13 -3.420750e+14 3.032995e+13 -3.409981e+14 3.090438e+13 -3.399213e+14 3.147858e+13 -3.388452e+14 3.205259e+13 -3.377694e+14 3.262636e+13 -3.366939e+14 3.319990e+13 -3.355686e+14 3.372544e+13 -3.344389e+14 3.424620e+13 -3.333097e+14 3.476677e+13 -3.321808e+14 3.528713e+13 -3.310524e+14 3.580730e+13 -3.299244e+14 3.632727e+13 -3.287969e+14 3.684704e+13 -3.276431e+14 3.733189e+13 -3.264751e+14 3.779766e+13 -3.253077e+14 3.826328e+13 -3.241407e+14 3.872872e+13 -3.229741e+14 3.919397e+13 -3.218079e+14 3.965905e+13 -3.206423e+14 4.012396e+13 -3.194671e+14 4.056928e+13 -3.182749e+14 4.098039e+13 -3.170831e+14 4.139134e+13 -3.158919e+14 4.180214e+13 -3.147010e+14 4.221278e+13 -3.135105e+14 4.262324e+13 -3.123206e+14 4.303357e+13 -3.111280e+14 4.344067e+13 -3.098842e+14 4.379738e+13 -3.086410e+14 4.415396e+13 -3.073982e+14 4.451040e+13 -3.061559e+14 4.486672e+13 -3.049141e+14 4.522289e+13 -3.036728e+14 4.557894e+13 -3.024318e+14 4.593484e+13 -3.011814e+14 4.625366e+13 -2.999278e+14 4.655888e+13 -2.986746e+14 4.686398e+13 -2.974220e+14 4.716898e+13 -2.961698e+14 4.747385e+13 -2.949182e+14 4.777861e+13 -2.936669e+14 4.808325e+13 -2.924058e+14 4.836835e+13 -2.911281e+14 4.862244e+13 -2.898512e+14 4.887651e+13 -2.885748e+14 4.913046e+13 -2.872988e+14 4.938431e+13 -2.860232e+14 4.963805e+13 -2.847481e+14 4.989170e+13 -2.834730e+14 5.014426e+13 -2.821718e+14 5.034892e+13 -2.808711e+14 5.055351e+13 -2.795709e+14 5.075803e+13 -2.782711e+14 5.096247e+13 -2.769719e+14 5.116683e+13 -2.756731e+14 5.137111e+13 -2.743748e+14 5.157531e+13 -2.730685e+14 5.174946e+13 -2.717576e+14 5.190620e+13 -2.704473e+14 5.206291e+13 -2.691374e+14 5.221953e+13 -2.678281e+14 5.237614e+13 -2.665192e+14 5.253265e+13 -2.652108e+14 5.268910e+13 -2.639000e+14 5.283510e+13 -2.625791e+14 5.294563e+13 -2.612586e+14 5.305611e+13 -2.599388e+14 5.316656e+13 -2.586193e+14 5.327694e+13 -2.573005e+14 5.338730e+13 -2.559822e+14 5.349763e+13 -2.546641e+14 5.360789e+13 -2.533361e+14 5.368375e+13 -2.520056e+14 5.375091e+13 -2.506758e+14 5.381810e+13 -2.493464e+14 5.388523e+13 -2.480175e+14 5.395234e+13 -2.466892e+14 5.401945e+13 -2.453613e+14 5.408651e+13 -2.440339e+14 5.413943e+13 -2.427069e+14 5.416623e+13 -2.413805e+14 5.419302e+13 -2.400546e+14 5.421981e+13 -2.387291e+14 5.424657e+13 -2.374043e+14 5.427335e+13 -2.360798e+14 5.430010e+13 -2.347559e+14 5.432686e+13 -2.334324e+14 5.431940e+13</elevationPattern>
        <incidenceAngle count="676">3.093130e+01 3.094151e+01 3.095171e+01 3.096191e+01 3.097211e+01 3.098230e+01 3.099248e+01 3.100266e+01 3.101283e+01 3.102299e+01 3.103316e+01 3.104332e+01 3.105348e+01 3.106363e+01 3.107378e+01 3.108392e+01 3.109406e+01 3.110419e+01 3.111432e+01 3.112444e+01 3.113455e+01 3.114467e+01 3.115477e+01 3.116487e+01 3.117497e+01 3.118507e+01 3.119516e+01 3.120525e+01 3.121532e+01 3.122540e+01 3.123546e+01 3.124553e+01 3.125558e+01 3.126566e+01 3.127570e+01 3.128575e+01 3.129579e+01 3.130583e+01 3.131586e+01 3.132588e+01 3.133591e+01 3.134593e+01 3.135594e+01 3.136595e+01 3.137596e+01 3.138597e+01 3.139597e+01 3.140594e+01 3.141594e+01 3.142592e+01 3.143590e+01 3.144588e+01 3.145584e+01 3.146581e+01 3.147577e+01 3.148572e+01 3.149567e+01 3.150562e+01 3.151556e+01 3.152550e+01 3.153543e+01 3.154535e+01 3.155528e+01 3.156520e+01 3.157512e+01 3.158502e+01 3.159492e+01 3.160483e+01 3.161473e+01 3.162462e+01 3.163451e+01 3.164438e+01 3.165427e+01 3.166414e+01 3.167401e+01 3.168387e+01 3.169374e+01 3.170358e+01 3.171344e+01 3.172328e+01 3.173312e+01 3.174297e+01 3.175281e+01 3.176263e+01 3.177246e+01 3.178227e+01 3.179210e+01 3.180191e+01 3.181171e+01 3.182152e+01 3.183131e+01 3.184111e+01 3.185091e+01 3.186069e+01 3.187047e+01 3.188025e+01 3.189001e+01 3.189978e+01 3.190955e+01 3.191931e+01 3.192906e+01 3.193881e+01 3.194856e+01 3.195830e+01 3.196803e+01 3.197777e+01 3.198750e+01 3.199722e+01 3.200694e+01 3.201666e+01 3.202637e+01 3.203607e+01 3.204578e+01 3.205548e+01 3.206517e+01 3.207486e+01 3.208455e+01 3.209424e+01 3.210391e+01 3.211359e+01 3.212325e+01 3.213292e+01 3.214258e+01 3.215224e+01 3.216188e+01 3.217152e+01 3.218117e+01 3.219081e+01 3.220044e+01 3.221008e+01 3.221970e+01 3.222932e+01 3.223894e+01 3.224855e+01 3.225816e+01 3.226778e+01 3.227737e+01 3.228697e+01 3.229655e+01 3.230615e+01 3.231573e+01 3.232532e+01 3.233488e+01 3.234447e+01 3.235403e+01 3.236359e+01 3.237315e+01 3.238271e+01 3.239226e+01 3.240181e+01 3.241135e+01 3.242088e+01 3.243042e+01 3.243996e+01 3.244948e+01 3.245900e+01 3.246852e+01 3.247803e+01 3.248753e+01 3.249704e+01 3.250655e+01 3.251604e+01 3.252554e+01 3.253502e+01 3.254451e+01 3.255399e+01 3.256346e+01 3.257294e+01 3.258241e+01 3.259187e+01 3.260133e+01 3.261079e+01 3.262024e+01 3.262970e+01 3.263913e+01 3.264857e+01 3.265802e+01 3.266745e+01 3.267688e+01 3.268629e+01 3.269572e+01 3.270514e+01 3.271454e+01 3.272395e+01 3.273335e+01 3.274275e+01 3.275215e+01 3.276155e+01 3.277094e+01 3.278032e+01 3.278970e+01 3.279907e+01 3.280844e+01 3.281781e+01 3.282718e+01 3.283653e+01 3.284590e+01 3.285524e+01 3.286459e+01 3.287393e+01 3.288329e+01 3.289261e+01 3.290195e+01 3.291127e+01 3.292059e+01 3.292992e+01 3.293924e+01 3.294855e+01 3.295786e+01 3.296716e+01 3.297647e+01 3.298576e+01 3.299506e+01 3.300435e+01 3.301363e+01 3.302292e+01 3.303220e+01 3.304146e+01 3.305074e+01 3.306000e+01 3.306926e+01 3.307852e+01 3.308777e+01 3.309702e+01 3.310626e+01 3.311551e+01 3.312476e+01 3.313399e+01 3.314322e+01 3.315245e+01 3.316167e+01 3.317088e+01 3.318010e+01 3.318932e+01 3.319852e+01 3.320773e+01 3.321693e+01 3.322612e+01 3.323532e+01 3.324451e+01 3.325369e+01 3.326288e+01 3.327205e+01 3.328122e+01 3.329039e+01 3.329956e+01 3.330872e+01 3.331789e+01 3.332704e+01 3.333618e+01 3.334534e+01 3.335448e+01 3.336362e+01 3.337276e+01 3.338188e+01 3.339101e+01 3.340013e+01 3.340926e+01 3.341838e+01 3.342749e+01 3.343660e+01 3.344571e+01 3.345480e+01 3.346390e+01 3.347299e+01 3.348209e+01 3.349118e+01 3.350026e+01 3.350934e+01 3.351842e+01 3.352748e+01 3.353656e+01 3.354562e+01 3.355469e+01 3.356374e+01 3.357280e+01 3.358185e+01 3.359090e+01 3.359993e+01 3.360898e+01 3.361801e+01 3.362704e+01 3.363606e+01 3.364510e+01 3.365411e+01 3.366313e+01 3.367215e+01 3.368115e+01 3.369016e+01 3.369916e+01 3.370816e+01 3.371716e+01 3.372615e+01 3.373514e+01 3.374413e+01 3.375310e+01 3.376208e+01 3.377106e+01 3.378001e+01 3.378899e+01 3.379794e+01 3.380692e+01 3.381586e+01 3.382481e+01 3.383377e+01 3.384271e+01 3.385165e+01 3.386058e+01 3.386952e+01 3.387845e+01 3.388737e+01 3.389630e+01 3.390523e+01 3.391414e+01 3.392305e+01 3.393196e+01 3.394086e+01 3.394977e+01 3.395866e+01 3.396756e+01 3.397644e+01 3.398534e+01 3.399422e+01 3.400310e+01 3.401198e+01 3.402084e+01 3.402972e+01 3.403859e+01 3.404745e+01 3.405630e+01 3.406517e+01 3.407402e+01 3.408287e+01 3.409171e+01 3.410056e+01 3.410939e+01 3.411823e+01 3.412706e+01 3.413588e+01 3.414470e+01 3.415353e+01 3.416234e+01 3.417116e+01 3.417996e+01 3.418878e+01 3.419757e+01 3.420638e+01 3.421518e+01 3.422397e+01 3.423276e+01 3.424155e+01 3.425032e+01 3.425911e+01 3.426788e+01 3.427666e+01 3.428542e+01 3.429419e+01 3.430295e+01 3.431171e+01 3.432047e+01 3.432921e+01 3.433797e+01 3.434671e+01 3.435544e+01 3.436418e+01 3.437292e+01 3.438165e+01 3.439038e+01 3.439909e+01 3.440782e+01 3.441653e+01 3.442525e+01 3.443396e+01 3.444267e+01 3.445137e+01 3.446007e+01 3.446877e+01 3.447746e+01 3.448616e+01 3.449484e+01 3.450352e+01 3.451221e+01 3.452089e+01 3.452956e+01 3.453822e+01 3.454689e+01 3.455556e+01 3.456421e+01 3.457288e+01 3.458153e+01 3.459018e+01 3.459882e+01 3.460747e+01 3.461610e+01 3.462474e+01 3.463338e+01 3.464200e+01 3.465063e+01 3.465926e+01 3.466788e+01 3.467650e+01 3.468510e+01 3.469371e+01 3.470232e+01 3.471092e+01 3.471953e+01 3.472812e+01 3.473671e+01 3.474530e+01 3.475389e+01 3.476248e+01 3.477106e+01 3.477963e+01 3.478821e+01 3.479678e+01 3.480534e+01 3.481390e+01 3.482246e+01 3.483102e+01 3.483958e+01 3.484813e+01 3.485667e+01 3.486522e+01 3.487376e+01 3.488229e+01 3.489084e+01 3.489937e+01 3.490790e+01 3.491641e+01 3.492494e+01 3.493346e+01 3.494197e+01 3.495049e+01 3.495900e+01 3.496750e+01 3.497600e+01 3.498450e+01 3.499300e+01 3.500150e+01 3.500998e+01 3.501846e+01 3.502695e+01 3.503543e+01 3.504390e+01 3.505238e+01 3.506085e+01 3.506932e+01 3.507777e+01 3.508624e+01 3.509470e+01 3.510315e+01 3.511160e+01 3.512006e+01 3.512849e+01 3.513693e+01 3.514537e+01 3.515381e+01 3.516225e+01 3.517067e+01 3.517909e+01 3.518752e+01 3.519594e+01 3.520436e+01 3.521277e+01 3.522118e+01 3.522958e+01 3.523799e+01 3.524638e+01 3.525479e+01 3.526318e+01 3.527158e+01 3.527995e+01 3.528835e+01 3.529672e+01 3.530510e+01 3.531348e+01 3.532185e+01 3.533022e+01 3.533859e+01 3.534695e+01 3.535530e+01 3.536366e+01 3.537202e+01 3.538037e+01 3.538872e+01 3.539706e+01 3.540540e+01 3.541374e+01 3.542207e+01 3.543040e+01 3.543874e+01 3.544707e+01 3.545538e+01 3.546370e+01 3.547202e+01 3.548033e+01 3.548865e+01 3.549695e+01 3.550525e+01 3.551355e+01 3.552185e+01 3.553015e+01 3.553844e+01 3.554674e+01 3.555502e+01 3.556329e+01 3.557158e+01 3.557985e+01 3.558813e+01 3.559641e+01 3.560468e+01 3.561293e+01 3.562120e+01 3.562946e+01 3.563771e+01 3.564597e+01 3.565421e+01 3.566246e+01 3.567070e+01 3.567894e+01 3.568718e+01 3.569542e+01 3.570364e+01 3.571187e+01 3.572009e+01 3.572832e+01 3.573654e+01 3.574475e+01 3.575298e+01 3.576118e+01 3.576939e+01 3.577759e+01 3.578580e+01 3.579399e+01 3.580219e+01 3.581038e+01 3.581857e+01 3.582675e+01 3.583495e+01 3.584312e+01 3.585130e+01 3.585947e+01 3.586765e+01 3.587581e+01 3.588397e+01 3.589214e+01 3.590030e+01 3.590846e+01 3.591661e+01 3.592476e+01 3.593291e+01 3.594106e+01 3.594920e+01 3.595734e+01 3.596547e+01 3.597360e+01 3.598174e+01 3.598987e+01 3.599799e+01 3.600612e+01 3.601424e+01 3.602235e+01 3.603046e+01 3.603857e+01 3.604668e+01 3.605478e+01 3.606288e+01 3.607098e+01 3.607907e+01 3.608717e+01 3.609526e+01 3.610335e+01 3.611143e+01 3.611951e+01 3.612759e+01 3.613567e+01 3.614374e+01 3.615181e+01 3.615987e+01 3.616794e+01 3.617599e+01 3.618405e+01 3.619211e+01 3.620016e+01 3.620821e+01 3.621626e+01 3.622430e+01 3.623235e+01 3.624039e+01 3.624841e+01 3.625645e+01 3.626448e+01 3.627251e+01 3.628053e+01 3.628854e+01 3.629657e+01 3.630458e+01 3.631259e+01 3.632060e+01 3.632861e+01 3.633661e+01 3.634462e+01 3.635262e+01 3.636061e+01 3.636861e+01 3.637659e+01 3.638458e+01 3.639256e+01 3.640054e+01 3.640852e+01 3.641650e+01 3.642447e+01 3.643243e+01 3.644040e+01 3.644836e+01 3.645633e+01 3.646429e+01 3.647224e+01 3.648019e+01 3.648814e+01 3.649609e+01 3.650404e+01 3.651198e+01 3.651993e+01 3.652786e+01 3.653580e+01 3.654372e+01 3.655165e+01 3.655957e+01 3.656750e+01 3.657542e+01 3.658334e+01 3.659125e+01 3.659917e+01 3.660707e+01 3.661497e+01 3.662288e+01 3.663078e+01 3.663867e+01 3.664658e+01 3.665446e+01 3.666235e+01 3.667024e+01 3.667813e+01 3.668600e+01 3.669388e+01 3.670177e+01 3.670963e+01 3.671750e+01 3.672537e+01 3.673323e+01 3.674109e+01 3.674896e+01 3.675681e+01 3.676466e+01 3.677252e+01 3.678036e+01 3.678821e+01 3.679605e+01 3.680389e+01 3.681174e+01 3.681956e+01 3.682739e+01 3.683522e+01 3.684305e+01 3.685088e+01 3.685870e+01 3.686652e+01 3.687433e+01 3.688214e+01 3.688995e+01 3.689777e+01 3.690556e+01 3.691338e+01 3.692117e+01 3.692897e+01</incidenceAngle>
        <terrainHeight>2.226560493870833e+03</terrainHeight>
        <roll>3.009982446383884e+01</roll>
      </antennaPattern>
      <antennaPattern>
        <swath>IW1</swath>
        <azimuthTime>2015-05-16T13:34:38.369338</azimuthTime>
        <slantRangeTime count="676">5.337093144532169e-03 5.337590461830731e-03 5.338087779129293e-03 5.338585096427855e-03 5.339082413726417e-03 5.339579731024979e-03 5.340077048323541e-03 5.340574365622103e-03 5.341071682920665e-03 5.341569000219227e-03 5.342066317517788e-03 5.342563634816350e-03 5.343060952114912e-03 5.343558269413474e-03 5.344055586712036e-03 5.344552904010597e-03 5.345050221309159e-03 5.345547538607721e-03 5.346044855906283e-03 5.346542173204845e-03 5.347039490503407e-03 5.347536807801969e-03 5.348034125100530e-03 5.348531442399092e-03 5.349028759697654e-03 5.349526076996216e-03 5.350023394294778e-03 5.350520711593340e-03 5.351018028891902e-03 5.351515346190464e-03 5.352012663489026e-03 5.352509980787588e-03 5.353007298086149e-03 5.353504615384711e-03 5.354001932683273e-03 5.354499249981835e-03 5.354996567280397e-03 5.355493884578959e-03 5.355991201877521e-03 5.356488519176083e-03 5.356985836474645e-03 5.357483153773207e-03 5.357980471071768e-03 5.358477788370330e-03 5.358975105668892e-03 5.359472422967454e-03 5.359969740266015e-03 5.360467057564577e-03 5.360964374863139e-03 5.361461692161701e-03 5.361959009460263e-03 5.362456326758825e-03 5.362953644057387e-03 5.363450961355948e-03 5.363948278654510e-03 5.364445595953072e-03 5.364942913251634e-03 5.365440230550196e-03 5.365937547848758e-03 5.366434865147320e-03 5.366932182445882e-03 5.367429499744444e-03 5.367926817043006e-03 5.368424134341567e-03 5.368921451640129e-03 5.369418768938691e-03 5.369916086237253e-03 5.370413403535815e-03 5.370910720834377e-03 5.371408038132939e-03 5.371905355431501e-03 5.372402672730063e-03 5.372899990028625e-03 5.373397307327187e-03 5.373894624625748e-03 5.374391941924310e-03 5.374889259222872e-03 5.375386576521433e-03 5.375883893819995e-03 5.376381211118557e-03 5.376878528417119e-03 5.377375845715681e-03 5.377873163014243e-03 5.378370480312805e-03 5.378867797611367e-03 5.379365114909928e-03 5.379862432208490e-03 5.380359749507052e-03 5.380857066805614e-03 5.381354384104176e-03 5.381851701402738e-03 5.382349018701300e-03 5.382846335999862e-03 5.383343653298424e-03 5.383840970596986e-03 5.384338287895547e-03 5.384835605194109e-03 5.385332922492671e-03 5.385830239791233e-03 5.386327557089795e-03 5.386824874388357e-03 5.387322191686919e-03 5.387819508985481e-03 5.388316826284043e-03 5.388814143582605e-03 5.389311460881166e-03 5.389808778179728e-03 5.390306095478289e-03 5.390803412776851e-03 5.391300730075413e-03 5.391798047373975e-03 5.392295364672537e-03 5.392792681971099e-03 5.393289999269661e-03 5.393787316568223e-03 5.394284633866785e-03 5.394781951165347e-03 5.395279268463908e-03 5.395776585762470e-03 5.396273903061032e-03 5.396771220359594e-03 5.397268537658156e-03 5.397765854956718e-03 5.398263172255280e-03 5.398760489553842e-03 5.399257806852404e-03 5.399755124150966e-03 5.400252441449527e-03 5.400749758748089e-03 5.401247076046651e-03 5.401744393345213e-03 5.402241710643775e-03 5.402739027942337e-03 5.403236345240899e-03 5.403733662539461e-03 5.404230979838023e-03 5.404728297136585e-03 5.405225614435146e-03 5.405722931733708e-03 5.406220249032269e-03 5.406717566330831e-03 5.407214883629393e-03 5.407712200927955e-03 5.408209518226517e-03 5.408706835525079e-03 5.409204152823641e-03 5.409701470122203e-03 5.410198787420765e-03 5.410696104719327e-03 5.411193422017888e-03 5.411690739316450e-03 5.412188056615012e-03 5.412685373913574e-03 5.413182691212136e-03 5.413680008510698e-03 5.414177325809260e-03 5.414674643107822e-03 5.415171960406384e-03 5.415669277704946e-03 5.416166595003507e-03 5.416663912302069e-03 5.417161229600631e-03 5.417658546899193e-03 5.418155864197755e-03 5.418653181496317e-03 5.419150498794879e-03 5.419647816093441e-03 5.420145133392003e-03 5.420642450690565e-03 5.421139767989126e-03 5.421637085287687e-03 5.422134402586249e-03 5.422631719884811e-03 5.423129037183373e-03 5.423626354481935e-03 5.424123671780497e-03 5.424620989079059e-03 5.425118306377621e-03 5.425615623676183e-03 5.426112940974745e-03 5.426610258273307e-03 5.427107575571868e-03 5.427604892870430e-03 5.428102210168992e-03 5.428599527467554e-03 5.429096844766116e-03 5.429594162064678e-03 5.430091479363240e-03 5.430588796661802e-03 5.431086113960364e-03 5.431583431258926e-03 5.432080748557487e-03 5.432578065856049e-03 5.433075383154611e-03 5.433572700453173e-03 5.434070017751735e-03 5.434567335050297e-03 5.435064652348859e-03 5.435561969647421e-03 5.436059286945982e-03 5.436556604244544e-03 5.437053921543106e-03 5.437551238841667e-03 5.438048556140229e-03 5.438545873438791e-03 5.439043190737353e-03 5.439540508035915e-03 5.440037825334477e-03 5.440535142633039e-03 5.441032459931601e-03 5.441529777230163e-03 5.442027094528725e-03 5.442524411827286e-03 5.443021729125848e-03 5.443519046424410e-03 5.444016363722972e-03 5.444513681021534e-03 5.445010998320096e-03 5.445508315618658e-03 5.446005632917220e-03 5.446502950215782e-03 5.447000267514344e-03 5.447497584812905e-03 5.447994902111467e-03 5.448492219410029e-03 5.448989536708591e-03 5.449486854007153e-03 5.449984171305715e-03 5.450481488604277e-03 5.450978805902839e-03 5.451476123201400e-03 5.451973440499962e-03 5.452470757798524e-03 5.452968075097086e-03 5.453465392395647e-03 5.453962709694209e-03 5.454460026992771e-03 5.454957344291333e-03 5.455454661589895e-03 5.455951978888457e-03 5.456449296187019e-03 5.456946613485581e-03 5.457443930784143e-03 5.457941248082705e-03 5.458438565381266e-03 5.458935882679828e-03 5.459433199978390e-03 5.459930517276952e-03 5.460427834575514e-03 5.460925151874076e-03 5.461422469172638e-03 5.461919786471200e-03 5.462417103769762e-03 5.462914421068324e-03 5.463411738366885e-03 5.463909055665447e-03 5.464406372964009e-03 5.464903690262571e-03 5.465401007561133e-03 5.465898324859695e-03 5.466395642158257e-03 5.466892959456818e-03 5.467390276755380e-03 5.467887594053942e-03 5.468384911352504e-03 5.468882228651066e-03 5.469379545949627e-03 5.469876863248189e-03 5.470374180546751e-03 5.470871497845313e-03 5.471368815143875e-03 5.471866132442437e-03 5.472363449740999e-03 5.472860767039561e-03 5.473358084338123e-03 5.473855401636685e-03 5.474352718935246e-03 5.474850036233808e-03 5.475347353532370e-03 5.475844670830932e-03 5.476341988129494e-03 5.476839305428056e-03 5.477336622726618e-03 5.477833940025180e-03 5.478331257323742e-03 5.478828574622304e-03 5.479325891920865e-03 5.479823209219427e-03 5.480320526517989e-03 5.480817843816551e-03 5.481315161115113e-03 5.481812478413674e-03 5.482309795712236e-03 5.482807113010798e-03 5.483304430309360e-03 5.483801747607922e-03 5.484299064906484e-03 5.484796382205046e-03 5.485293699503607e-03 5.485791016802169e-03 5.486288334100731e-03 5.486785651399293e-03 5.487282968697855e-03 5.487780285996417e-03 5.488277603294979e-03 5.488774920593541e-03 5.489272237892103e-03 5.489769555190665e-03 5.490266872489226e-03 5.490764189787788e-03 5.491261507086350e-03 5.491758824384912e-03 5.492256141683474e-03 5.492753458982036e-03 5.493250776280598e-03 5.493748093579160e-03 5.494245410877722e-03 5.494742728176284e-03 5.495240045474845e-03 5.495737362773407e-03 5.496234680071969e-03 5.496731997370531e-03 5.497229314669092e-03 5.497726631967654e-03 5.498223949266216e-03 5.498721266564778e-03 5.499218583863340e-03 5.499715901161902e-03 5.500213218460464e-03 5.500710535759025e-03 5.501207853057587e-03 5.501705170356149e-03 5.502202487654711e-03 5.502699804953273e-03 5.503197122251835e-03 5.503694439550397e-03 5.504191756848959e-03 5.504689074147521e-03 5.505186391446083e-03 5.505683708744645e-03 5.506181026043206e-03 5.506678343341768e-03 5.507175660640330e-03 5.507672977938892e-03 5.508170295237454e-03 5.508667612536016e-03 5.509164929834578e-03 5.509662247133140e-03 5.510159564431702e-03 5.510656881730264e-03 5.511154199028825e-03 5.511651516327387e-03 5.512148833625949e-03 5.512646150924510e-03 5.513143468223072e-03 5.513640785521634e-03 5.514138102820196e-03 5.514635420118758e-03 5.515132737417320e-03 5.515630054715882e-03 5.516127372014444e-03 5.516624689313005e-03 5.517122006611567e-03 5.517619323910129e-03 5.518116641208691e-03 5.518613958507253e-03 5.519111275805815e-03 5.519608593104377e-03 5.520105910402939e-03 5.520603227701501e-03 5.521100545000063e-03 5.521597862298624e-03 5.522095179597186e-03 5.522592496895748e-03 5.523089814194310e-03 5.523587131492872e-03 5.524084448791434e-03 5.524581766089996e-03 5.525079083388558e-03 5.525576400687120e-03 5.526073717985682e-03 5.526571035284243e-03 5.527068352582805e-03 5.527565669881366e-03 5.528062987179928e-03 5.528560304478490e-03 5.529057621777052e-03 5.529554939075614e-03 5.530052256374176e-03 5.530549573672738e-03 5.531046890971300e-03 5.531544208269862e-03 5.532041525568424e-03 5.532538842866985e-03 5.533036160165547e-03 5.533533477464109e-03 5.534030794762671e-03 5.534528112061233e-03 5.535025429359795e-03 5.535522746658357e-03 5.536020063956919e-03 5.536517381255481e-03 5.537014698554043e-03 5.537512015852604e-03 5.538009333151166e-03 5.538506650449728e-03 5.539003967748290e-03 5.539501285046852e-03 5.539998602345414e-03 5.540495919643976e-03 5.540993236942538e-03 5.541490554241100e-03 5.541987871539662e-03 5.542485188838223e-03 5.542982506136785e-03 5.543479823435346e-03 5.543977140733908e-03 5.544474458032470e-03 5.544971775331032e-03 5.545469092629594e-03 5.545966409928156e-03 5.546463727226718e-03 5.546961044525280e-03 5.547458361823842e-03 5.547955679122404e-03 5.548452996420965e-03 5.548950313719527e-03 5.549447631018089e-03 5.549944948316651e-03 5.550442265615213e-03 5.550939582913775e-03 5.551436900212337e-03 5.551934217510899e-03 5.552431534809461e-03 5.552928852108023e-03 5.553426169406584e-03 5.553923486705146e-03 5.554420804003708e-03 5.554918121302270e-03 5.555415438600832e-03 5.555912755899393e-03 5.556410073197954e-03 5.556907390496515e-03 5.557404707795076e-03 5.557902025093637e-03 5.558399342392198e-03 5.558896659690759e-03 5.559393976989320e-03 5.559891294287881e-03 5.560388611586442e-03 5.560885928885003e-03 5.561383246183565e-03 5.561880563482126e-03 5.562377880780687e-03 5.562875198079248e-03 5.563372515377809e-03 5.563869832676370e-03 5.564367149974932e-03 5.564864467273493e-03 5.565361784572054e-03 5.565859101870615e-03 5.566356419169176e-03 5.566853736467737e-03 5.567351053766298e-03 5.567848371064859e-03 5.568345688363421e-03 5.568843005661982e-03 5.569340322960543e-03 5.569837640259104e-03 5.570334957557665e-03 5.570832274856226e-03 5.571329592154787e-03 5.571826909453348e-03 5.572324226751909e-03 5.572821544050470e-03 5.573318861349031e-03 5.573816178647592e-03 5.574313495946153e-03 5.574810813244714e-03 5.575308130543276e-03 5.575805447841837e-03 5.576302765140398e-03 5.576800082438959e-03 5.577297399737520e-03 5.577794717036081e-03 5.578292034334642e-03 5.578789351633203e-03 5.579286668931764e-03 5.579783986230325e-03 5.580281303528886e-03 5.580778620827447e-03 5.581275938126008e-03 5.581773255424569e-03 5.582270572723131e-03 5.582767890021692e-03 5.583265207320253e-03 5.583762524618814e-03 5.584259841917375e-03 5.584757159215937e-03 5.585254476514498e-03 5.585751793813059e-03 5.586249111111620e-03 5.586746428410181e-03 5.587243745708742e-03 5.587741063007303e-03 5.588238380305864e-03 5.588735697604425e-03 5.589233014902987e-03 5.589730332201548e-03 5.590227649500109e-03 5.590724966798670e-03 5.591222284097231e-03 5.591719601395792e-03 5.592216918694353e-03 5.592714235992914e-03 5.593211553291475e-03 5.593708870590036e-03 5.594206187888597e-03 5.594703505187158e-03 5.595200822485719e-03 5.595698139784281e-03 5.596195457082842e-03 5.596692774381403e-03 5.597190091679964e-03 5.597687408978525e-03 5.598184726277086e-03 5.598682043575647e-03 5.599179360874208e-03 5.599676678172769e-03 5.600173995471330e-03 5.600671312769891e-03 5.601168630068452e-03 5.601665947367013e-03 5.602163264665574e-03 5.602660581964136e-03 5.603157899262697e-03 5.603655216561258e-03 5.604152533859819e-03 5.604649851158380e-03 5.605147168456942e-03 5.605644485755503e-03 5.606141803054064e-03 5.606639120352625e-03 5.607136437651186e-03 5.607633754949747e-03 5.608131072248308e-03 5.608628389546869e-03 5.609125706845430e-03 5.609623024143992e-03 5.610120341442553e-03 5.610617658741114e-03 5.611114976039675e-03 5.611612293338236e-03 5.612109610636797e-03 5.612606927935358e-03 5.613104245233919e-03 5.613601562532480e-03 5.614098879831041e-03 5.614596197129602e-03 5.615093514428163e-03 5.615590831726724e-03 5.616088149025285e-03 5.616585466323847e-03 5.617082783622408e-03 5.617580100920969e-03 5.618077418219530e-03 5.618574735518091e-03 5.619072052816652e-03 5.619569370115213e-03 5.620066687413774e-03 5.620564004712335e-03 5.621061322010896e-03 5.621558639309457e-03 5.622055956608018e-03 5.622553273906579e-03 5.623050591205140e-03 5.623547908503702e-03 5.624045225802263e-03 5.624542543100824e-03 5.625039860399385e-03 5.625537177697947e-03 5.626034494996508e-03 5.626531812295069e-03 5.627029129593630e-03 5.627526446892191e-03 5.628023764190752e-03 5.628521081489313e-03 5.629018398787874e-03 5.629515716086435e-03 5.630013033384996e-03 5.630510350683558e-03 5.631007667982119e-03 5.631504985280680e-03 5.632002302579241e-03 5.632499619877802e-03 5.632996937176363e-03 5.633494254474924e-03 5.633991571773485e-03 5.634488889072046e-03 5.634986206370607e-03 5.635483523669168e-03 5.635980840967729e-03 5.636478158266290e-03 5.636975475564851e-03 5.637472792863413e-03 5.637970110161974e-03 5.638467427460535e-03 5.638964744759096e-03 5.639462062057657e-03 5.639959379356218e-03 5.640456696654779e-03 5.640954013953340e-03 5.641451331251901e-03 5.641948648550462e-03 5.642445965849023e-03 5.642943283147584e-03 5.643440600446145e-03 5.643937917744707e-03 5.644435235043268e-03 5.644932552341829e-03 5.645429869640391e-03 5.645927186938952e-03 5.646424504237513e-03 5.646921821536074e-03 5.647419138834635e-03 5.647916456133196e-03 5.648413773431757e-03 5.648911090730318e-03 5.649408408028879e-03 5.649905725327440e-03 5.650403042626001e-03 5.650900359924562e-03 5.651397677223124e-03 5.651894994521685e-03 5.652392311820246e-03 5.652889629118807e-03 5.653386946417368e-03 5.653884263715929e-03 5.654381581014490e-03 5.654878898313051e-03 5.655376215611612e-03 5.655873532910173e-03 5.656370850208734e-03 5.656868167507295e-03 5.657365484805856e-03 5.657862802104417e-03 5.658360119402979e-03 5.658857436701540e-03 5.659354754000101e-03 5.659852071298662e-03 5.660349388597223e-03 5.660846705895784e-03 5.661344023194345e-03 5.661841340492906e-03 5.662338657791467e-03 5.662835975090028e-03 5.663333292388589e-03 5.663830609687150e-03 5.664327926985712e-03 5.664825244284273e-03 5.665322561582834e-03 5.665819878881396e-03 5.666317196179957e-03 5.666814513478518e-03 5.667311830777079e-03 5.667809148075640e-03 5.668306465374201e-03 5.668803782672762e-03 5.669301099971323e-03 5.669798417269884e-03 5.670295734568445e-03 5.670793051867006e-03 5.671290369165567e-03 5.671787686464129e-03 5.672285003762690e-03 5.672782321061251e-03</slantRangeTime>
        <elevationAngle count="676">2.757002e+01 2.757893e+01 2.758783e+01 2.759673e+01 2.760562e+01 2.761451e+01 2.762339e+01 2.763227e+01 2.764115e+01 2.765002e+01 2.765888e+01 2.766774e+01 2.767660e+01 2.768545e+01 2.769430e+01 2.770315e+01 2.771199e+01 2.772082e+01 2.772965e+01 2.773848e+01 2.774730e+01 2.775612e+01 2.776493e+01 2.777374e+01 2.778255e+01 2.779135e+01 2.780015e+01 2.780894e+01 2.781773e+01 2.782651e+01 2.783529e+01 2.784406e+01 2.785283e+01 2.786160e+01 2.787036e+01 2.787912e+01 2.788787e+01 2.789662e+01 2.790537e+01 2.791411e+01 2.792285e+01 2.793158e+01 2.794031e+01 2.794903e+01 2.795775e+01 2.796646e+01 2.797518e+01 2.798388e+01 2.799259e+01 2.800129e+01 2.800998e+01 2.801867e+01 2.802736e+01 2.803604e+01 2.804471e+01 2.805339e+01 2.806206e+01 2.807072e+01 2.807938e+01 2.808804e+01 2.809669e+01 2.810534e+01 2.811398e+01 2.812262e+01 2.813126e+01 2.813989e+01 2.814852e+01 2.815714e+01 2.816576e+01 2.817438e+01 2.818299e+01 2.819159e+01 2.820020e+01 2.820879e+01 2.821739e+01 2.822598e+01 2.823457e+01 2.824315e+01 2.825173e+01 2.826030e+01 2.826887e+01 2.827744e+01 2.828600e+01 2.829455e+01 2.830311e+01 2.831166e+01 2.832020e+01 2.832874e+01 2.833728e+01 2.834582e+01 2.835434e+01 2.836287e+01 2.837139e+01 2.837991e+01 2.838842e+01 2.839693e+01 2.840544e+01 2.841394e+01 2.842243e+01 2.843093e+01 2.843941e+01 2.844790e+01 2.845638e+01 2.846486e+01 2.847333e+01 2.848180e+01 2.849026e+01 2.849873e+01 2.850718e+01 2.851564e+01 2.852409e+01 2.853253e+01 2.854097e+01 2.854941e+01 2.855784e+01 2.856627e+01 2.857470e+01 2.858312e+01 2.859154e+01 2.859995e+01 2.860836e+01 2.861677e+01 2.862517e+01 2.863357e+01 2.864196e+01 2.865035e+01 2.865874e+01 2.866712e+01 2.867550e+01 2.868387e+01 2.869224e+01 2.870061e+01 2.870897e+01 2.871733e+01 2.872569e+01 2.873404e+01 2.874239e+01 2.875073e+01 2.875907e+01 2.876740e+01 2.877574e+01 2.878407e+01 2.879239e+01 2.880071e+01 2.880903e+01 2.881734e+01 2.882565e+01 2.883395e+01 2.884225e+01 2.885055e+01 2.885884e+01 2.886713e+01 2.887542e+01 2.888370e+01 2.889198e+01 2.890026e+01 2.890853e+01 2.891679e+01 2.892506e+01 2.893332e+01 2.894157e+01 2.894982e+01 2.895807e+01 2.896632e+01 2.897456e+01 2.898279e+01 2.899103e+01 2.899926e+01 2.900748e+01 2.901570e+01 2.902392e+01 2.903214e+01 2.904035e+01 2.904855e+01 2.905676e+01 2.906496e+01 2.907315e+01 2.908134e+01 2.908953e+01 2.909772e+01 2.910590e+01 2.911407e+01 2.912225e+01 2.913042e+01 2.913858e+01 2.914675e+01 2.915491e+01 2.916306e+01 2.917121e+01 2.917936e+01 2.918750e+01 2.919564e+01 2.920378e+01 2.921191e+01 2.922004e+01 2.922817e+01 2.923629e+01 2.924441e+01 2.925252e+01 2.926063e+01 2.926874e+01 2.927684e+01 2.928494e+01 2.929304e+01 2.930113e+01 2.930922e+01 2.931731e+01 2.932539e+01 2.933347e+01 2.934154e+01 2.934962e+01 2.935768e+01 2.936575e+01 2.937381e+01 2.938186e+01 2.938992e+01 2.939796e+01 2.940601e+01 2.941405e+01 2.942209e+01 2.943013e+01 2.943816e+01 2.944619e+01 2.945421e+01 2.946223e+01 2.947025e+01 2.947826e+01 2.948627e+01 2.949428e+01 2.950228e+01 2.951028e+01 2.951828e+01 2.952627e+01 2.953426e+01 2.954225e+01 2.955023e+01 2.955821e+01 2.956618e+01 2.957415e+01 2.958212e+01 2.959009e+01 2.959805e+01 2.960600e+01 2.961396e+01 2.962191e+01 2.962985e+01 2.963780e+01 2.964574e+01 2.965368e+01 2.966161e+01 2.966954e+01 2.967746e+01 2.968538e+01 2.969330e+01 2.970122e+01 2.970913e+01 2.971704e+01 2.972495e+01 2.973285e+01 2.974075e+01 2.974864e+01 2.975653e+01 2.976442e+01 2.977230e+01 2.978019e+01 2.978806e+01 2.979594e+01 2.980381e+01 2.981168e+01 2.981954e+01 2.982740e+01 2.983526e+01 2.984311e+01 2.985096e+01 2.985881e+01 2.986665e+01 2.987449e+01 2.988233e+01 2.989016e+01 2.989799e+01 2.990582e+01 2.991364e+01 2.992146e+01 2.992928e+01 2.993709e+01 2.994490e+01 2.995271e+01 2.996051e+01 2.996831e+01 2.997610e+01 2.998390e+01 2.999169e+01 2.999947e+01 3.000725e+01 3.001503e+01 3.002281e+01 3.003058e+01 3.003835e+01 3.004612e+01 3.005388e+01 3.006164e+01 3.006940e+01 3.007715e+01 3.008490e+01 3.009264e+01 3.010039e+01 3.010813e+01 3.011586e+01 3.012359e+01 3.013132e+01 3.013905e+01 3.014677e+01 3.015449e+01 3.016221e+01 3.016992e+01 3.017763e+01 3.018534e+01 3.019304e+01 3.020074e+01 3.020844e+01 3.021613e+01 3.022382e+01 3.023151e+01 3.023919e+01 3.024687e+01 3.025455e+01 3.026222e+01 3.026989e+01 3.027756e+01 3.028522e+01 3.029288e+01 3.030054e+01 3.030820e+01 3.031585e+01 3.032349e+01 3.033114e+01 3.033878e+01 3.034642e+01 3.035405e+01 3.036168e+01 3.036931e+01 3.037694e+01 3.038456e+01 3.039218e+01 3.039979e+01 3.040741e+01 3.041502e+01 3.042262e+01 3.043022e+01 3.043782e+01 3.044542e+01 3.045301e+01 3.046060e+01 3.046819e+01 3.047577e+01 3.048335e+01 3.049093e+01 3.049851e+01 3.050608e+01 3.051365e+01 3.052121e+01 3.052877e+01 3.053633e+01 3.054388e+01 3.055144e+01 3.055898e+01 3.056653e+01 3.057407e+01 3.058161e+01 3.058915e+01 3.059668e+01 3.060421e+01 3.061174e+01 3.061926e+01 3.062678e+01 3.063430e+01 3.064182e+01 3.064933e+01 3.065683e+01 3.066434e+01 3.067184e+01 3.067934e+01 3.068684e+01 3.069433e+01 3.070182e+01 3.070930e+01 3.071679e+01 3.072427e+01 3.073174e+01 3.073922e+01 3.074669e+01 3.075416e+01 3.076162e+01 3.076908e+01 3.077654e+01 3.078400e+01 3.079145e+01 3.079890e+01 3.080634e+01 3.081379e+01 3.082123e+01 3.082867e+01 3.083610e+01 3.084353e+01 3.085096e+01 3.085839e+01 3.086581e+01 3.087322e+01 3.088064e+01 3.088805e+01 3.089546e+01 3.090287e+01 3.091027e+01 3.091768e+01 3.092507e+01 3.093247e+01 3.093986e+01 3.094725e+01 3.095463e+01 3.096202e+01 3.096939e+01 3.097677e+01 3.098414e+01 3.099151e+01 3.099888e+01 3.100625e+01 3.101361e+01 3.102097e+01 3.102832e+01 3.103568e+01 3.104302e+01 3.105037e+01 3.105771e+01 3.106505e+01 3.107239e+01 3.107973e+01 3.108706e+01 3.109439e+01 3.110171e+01 3.110904e+01 3.111636e+01 3.112367e+01 3.113099e+01 3.113830e+01 3.114561e+01 3.115291e+01 3.116021e+01 3.116751e+01 3.117481e+01 3.118210e+01 3.118939e+01 3.119668e+01 3.120396e+01 3.121124e+01 3.121852e+01 3.122580e+01 3.123307e+01 3.124034e+01 3.124761e+01 3.125487e+01 3.126213e+01 3.126939e+01 3.127665e+01 3.128390e+01 3.129115e+01 3.129839e+01 3.130564e+01 3.131288e+01 3.132012e+01 3.132735e+01 3.133458e+01 3.134181e+01 3.134904e+01 3.135626e+01 3.136348e+01 3.137070e+01 3.137791e+01 3.138513e+01 3.139233e+01 3.139954e+01 3.140674e+01 3.141394e+01 3.142114e+01 3.142834e+01 3.143553e+01 3.144272e+01 3.144990e+01 3.145709e+01 3.146427e+01 3.147144e+01 3.147862e+01 3.148579e+01 3.149296e+01 3.150013e+01 3.150729e+01 3.151445e+01 3.152161e+01 3.152876e+01 3.153591e+01 3.154306e+01 3.155021e+01 3.155735e+01 3.156449e+01 3.157163e+01 3.157877e+01 3.158590e+01 3.159303e+01 3.160015e+01 3.160728e+01 3.161440e+01 3.162152e+01 3.162863e+01 3.163574e+01 3.164285e+01 3.164996e+01 3.165706e+01 3.166417e+01 3.167126e+01 3.167836e+01 3.168545e+01 3.169254e+01 3.169963e+01 3.170671e+01 3.171380e+01 3.172088e+01 3.172795e+01 3.173503e+01 3.174210e+01 3.174916e+01 3.175623e+01 3.176329e+01 3.177035e+01 3.177741e+01 3.178446e+01 3.179152e+01 3.179856e+01 3.180561e+01 3.181265e+01 3.181969e+01 3.182673e+01 3.183377e+01 3.184080e+01 3.184783e+01 3.185485e+01 3.186188e+01 3.186890e+01 3.187592e+01 3.188293e+01 3.188995e+01 3.189696e+01 3.190396e+01 3.191097e+01 3.191797e+01 3.192497e+01 3.193197e+01 3.193896e+01 3.194596e+01 3.195294e+01 3.195993e+01 3.196691e+01 3.197389e+01 3.198087e+01 3.198785e+01 3.199482e+01 3.200179e+01 3.200875e+01 3.201572e+01 3.202268e+01 3.202964e+01 3.203660e+01 3.204355e+01 3.205050e+01 3.205745e+01 3.206440e+01 3.207134e+01 3.207828e+01 3.208522e+01 3.209215e+01 3.209909e+01 3.210601e+01 3.211294e+01 3.211987e+01 3.212679e+01 3.213371e+01 3.214062e+01 3.214754e+01 3.215445e+01 3.216136e+01 3.216826e+01 3.217517e+01 3.218207e+01 3.218896e+01 3.219586e+01 3.220275e+01 3.220964e+01 3.221653e+01 3.222342e+01 3.223030e+01 3.223717e+01 3.224405e+01 3.225093e+01 3.225780e+01 3.226467e+01 3.227153e+01 3.227840e+01 3.228526e+01 3.229212e+01 3.229897e+01 3.230583e+01 3.231268e+01 3.231953e+01 3.232637e+01 3.233322e+01 3.234006e+01 3.234689e+01 3.235373e+01 3.236056e+01 3.236739e+01 3.237422e+01 3.238105e+01 3.238787e+01 3.239469e+01 3.240150e+01 3.240832e+01 3.241513e+01 3.242194e+01 3.242875e+01 3.243555e+01 3.244235e+01 3.244915e+01 3.245595e+01 3.246274e+01 3.246954e+01 3.247632e+01 3.248311e+01 3.248989e+01 3.249667e+01 3.250345e+01 3.251023e+01 3.251700e+01 3.252377e+01 3.253054e+01 3.253731e+01 3.254407e+01 3.255083e+01 3.255759e+01 3.256435e+01 3.257110e+01 3.257785e+01 3.258460e+01 3.259135e+01 3.259809e+01 3.260483e+01 3.261157e+01 3.261831e+01 3.262504e+01 3.263177e+01 3.263850e+01 3.264522e+01 3.265194e+01 3.265866e+01 3.266538e+01 3.267210e+01 3.267881e+01 3.268552e+01 3.269223e+01 3.269894e+01 3.270564e+01 3.271234e+01 3.271904e+01 3.272573e+01 3.273243e+01 3.273912e+01 3.274580e+01 3.275249e+01 3.275917e+01</elevationAngle>
        <elevationPattern count="676">1.299478e+14 -1.493281e+14 1.300190e+14 -1.504502e+14 1.300903e+14 -1.515718e+14 1.301615e+14 -1.526928e+14 1.302000e+14 -1.538132e+14 1.302000e+14 -1.549331e+14 1.302000e+14 -1.560525e+14 1.302000e+14 -1.571713e+14 1.302000e+14 -1.582895e+14 1.302000e+14 -1.594071e+14 1.301560e+14 -1.605243e+14 1.301028e+14 -1.616409e+14 1.300497e+14 -1.627569e+14 1.299966e+14 -1.638724e+14 1.299435e+14 -1.649873e+14 1.298776e+14 -1.661016e+14 1.297539e+14 -1.672155e+14 1.296301e+14 -1.683288e+14 1.295065e+14 -1.694415e+14 1.293829e+14 -1.705537e+14 1.292594e+14 -1.716653e+14 1.291085e+14 -1.727855e+14 1.289323e+14 -1.739137e+14 1.287560e+14 -1.750413e+14 1.285799e+14 -1.761683e+14 1.284040e+14 -1.772949e+14 1.282280e+14 -1.784208e+14 1.280078e+14 -1.795314e+14 1.277793e+14 -1.806387e+14 1.275510e+14 -1.817454e+14 1.273227e+14 -1.828516e+14 1.270945e+14 -1.839572e+14 1.268536e+14 -1.850624e+14 1.265380e+14 -1.861670e+14 1.262226e+14 -1.872709e+14 1.259073e+14 -1.883745e+14 1.255922e+14 -1.894774e+14 1.252772e+14 -1.905798e+14 1.249394e+14 -1.916817e+14 1.245723e+14 -1.927831e+14 1.242054e+14 -1.938838e+14 1.238386e+14 -1.949841e+14 1.234720e+14 -1.960838e+14 1.231056e+14 -1.971830e+14 1.227022e+14 -1.982693e+14 1.222839e+14 -1.993500e+14 1.218657e+14 -2.004302e+14 1.214478e+14 -2.015098e+14 1.210301e+14 -2.025890e+14 1.206126e+14 -2.036676e+14 1.201109e+14 -2.047287e+14 1.196069e+14 -2.057890e+14 1.191031e+14 -2.068487e+14 1.185996e+14 -2.079078e+14 1.180963e+14 -2.089664e+14 1.175822e+14 -2.100246e+14 1.170273e+14 -2.110822e+14 1.164728e+14 -2.121393e+14 1.159185e+14 -2.131959e+14 1.153645e+14 -2.142520e+14 1.148108e+14 -2.153076e+14 1.142269e+14 -2.163551e+14 1.136046e+14 -2.173925e+14 1.129825e+14 -2.184292e+14 1.123607e+14 -2.194655e+14 1.117392e+14 -2.205013e+14 1.111181e+14 -2.215366e+14 1.104636e+14 -2.225602e+14 1.097913e+14 -2.235772e+14 1.091193e+14 -2.245938e+14 1.084477e+14 -2.256099e+14 1.077764e+14 -2.266255e+14 1.071053e+14 -2.276406e+14 1.063767e+14 -2.286552e+14 1.056375e+14 -2.296694e+14 1.048988e+14 -2.306831e+14 1.041603e+14 -2.316962e+14 1.034223e+14 -2.327089e+14 1.026833e+14 -2.337204e+14 1.018860e+14 -2.346979e+14 1.010890e+14 -2.356748e+14 1.002923e+14 -2.366513e+14 9.949609e+13 -2.376274e+14 9.870022e+13 -2.386029e+14 9.789257e+13 -2.395718e+14 9.703078e+13 -2.405122e+14 9.616939e+13 -2.414523e+14 9.530839e+13 -2.423917e+14 9.444786e+13 -2.433309e+14 9.358768e+13 -2.442695e+14 9.270725e+13 -2.452022e+14 9.178482e+13 -2.461229e+14 9.086282e+13 -2.470432e+14 8.994129e+13 -2.479631e+14 8.902016e+13 -2.488825e+14 8.809944e+13 -2.498014e+14 8.715045e+13 -2.507045e+14 8.616772e+13 -2.515885e+14 8.518548e+13 -2.524723e+14 8.420368e+13 -2.533555e+14 8.322231e+13 -2.542384e+14 8.224147e+13 -2.551208e+14 8.122816e+13 -2.559835e+14 8.019060e+13 -2.568312e+14 7.915348e+13 -2.576785e+14 7.811687e+13 -2.585254e+14 7.708075e+13 -2.593719e+14 7.604511e+13 -2.602180e+14 7.496940e+13 -2.610525e+14 7.387385e+13 -2.618809e+14 7.277884e+13 -2.627089e+14 7.168435e+13 -2.635366e+14 7.059035e+13 -2.643638e+14 6.949687e+13 -2.651906e+14 6.836109e+13 -2.659793e+14 6.721132e+13 -2.667548e+14 6.606207e+13 -2.675299e+14 6.491340e+13 -2.683048e+14 6.376521e+13 -2.690791e+14 6.261762e+13 -2.698533e+14 6.142553e+13 -2.705996e+14 6.022350e+13 -2.713394e+14 5.902204e+13 -2.720788e+14 5.782111e+13 -2.728177e+14 5.662078e+13 -2.735565e+14 5.542099e+13 -2.742948e+14 5.417429e+13 -2.749896e+14 5.292028e+13 -2.756770e+14 5.166688e+13 -2.763640e+14 5.041405e+13 -2.770508e+14 4.916178e+13 -2.777371e+14 4.791011e+13 -2.784232e+14 4.661448e+13 -2.790793e+14 4.531381e+13 -2.797313e+14 4.401375e+13 -2.803830e+14 4.271428e+13 -2.810343e+14 4.141542e+13 -2.816854e+14 4.011719e+13 -2.823363e+14 3.877438e+13 -2.829415e+14 3.742732e+13 -2.835418e+14 3.608087e+13 -2.841416e+14 3.473506e+13 -2.847413e+14 3.338984e+13 -2.853406e+14 3.204526e+13 -2.859397e+14 3.065643e+13 -2.864937e+14 2.926320e+13 -2.870423e+14 2.787062e+13 -2.875907e+14 2.647869e+13 -2.881388e+14 2.508738e+13 -2.886866e+14 2.369674e+13 -2.892343e+14 2.226877e+13 -2.897526e+14 2.083629e+13 -2.902665e+14 1.940447e+13 -2.907802e+14 1.797330e+13 -2.912937e+14 1.654279e+13 -2.918070e+14 1.511294e+13 -2.923201e+14 1.364688e+13 -2.927909e+14 1.217468e+13 -2.932539e+14 1.070316e+13 -2.937166e+14 9.232322e+12 -2.941793e+14 7.762146e+12 -2.946414e+14 6.292647e+12 -2.951035e+14 4.790667e+12 -2.955133e+14 3.280629e+12 -2.959090e+14 1.771281e+12 -2.963045e+14 2.626217e+11 -2.966999e+14 -1.245349e+12 -2.970951e+14 -2.752630e+12 -2.974900e+14 -4.285344e+12 -2.978612e+14 -5.827428e+12 -2.982229e+14 -7.368810e+12 -2.985845e+14 -8.909492e+12 -2.989460e+14 -1.044947e+13 -2.993072e+14 -1.198875e+13 -2.996683e+14 -1.355047e+13 -2.999876e+14 -1.512475e+13 -3.002828e+14 -1.669832e+13 -3.005778e+14 -1.827118e+13 -3.008728e+14 -1.984332e+13 -3.011674e+14 -2.141475e+13 -3.014621e+14 -2.300287e+13 -3.017305e+14 -2.460559e+13 -3.019759e+14 -2.620757e+13 -3.022210e+14 -2.780885e+13 -3.024662e+14 -2.940939e+13 -3.027112e+14 -3.100921e+13 -3.029561e+14 -3.261971e+13 -3.031740e+14 -3.424581e+13 -3.033533e+14 -3.587116e+13 -3.035326e+14 -3.749580e+13 -3.037119e+14 -3.911968e+13 -3.038909e+14 -4.074286e+13 -3.040701e+14 -4.237288e+13 -3.042402e+14 -4.402223e+13 -3.043865e+14 -4.567084e+13 -3.045328e+14 -4.731870e+13 -3.046791e+14 -4.896585e+13 -3.048254e+14 -5.061223e+13 -3.049715e+14 -5.226099e+13 -3.051098e+14 -5.393185e+13 -3.051908e+14 -5.560199e+13 -3.052720e+14 -5.727133e+13 -3.053529e+14 -5.893997e+13 -3.054341e+14 -6.060782e+13 -3.055149e+14 -6.227494e+13 -3.055959e+14 -6.395973e+13 -3.056154e+14 -6.564476e+13 -3.056315e+14 -6.732903e+13 -3.056477e+14 -6.901256e+13 -3.056639e+14 -7.069535e+13 -3.056801e+14 -7.237737e+13 -3.056962e+14 -7.407335e+13 -3.056755e+14 -7.577322e+13 -3.056432e+14 -7.747232e+13 -3.056109e+14 -7.917068e+13 -3.055787e+14 -8.086830e+13 -3.055466e+14 -8.256509e+13 -3.055142e+14 -8.427013e+13 -3.054553e+14 -8.598155e+13 -3.053750e+14 -8.769221e+13 -3.052946e+14 -8.940209e+13 -3.052142e+14 -9.111124e+13 -3.051339e+14 -9.281959e+13 -3.050535e+14 -9.453253e+13 -3.049519e+14 -9.625546e+13 -3.048077e+14 -9.797757e+13 -3.046634e+14 -9.969897e+13 -3.045191e+14 -1.014195e+14 -3.043748e+14 -1.031394e+14 -3.042307e+14 -1.048594e+14 -3.040822e+14 -1.065873e+14 -3.038903e+14 -1.083144e+14 -3.036984e+14 -1.100408e+14 -3.035065e+14 -1.117664e+14 -3.033148e+14 -1.134913e+14 -3.031231e+14 -1.152155e+14 -3.029317e+14 -1.169387e+14 -3.027001e+14 -1.186613e+14 -3.024609e+14 -1.203832e+14 -3.022218e+14 -1.221042e+14 -3.019828e+14 -1.238246e+14 -3.017438e+14 -1.255441e+14 -3.015050e+14 -1.272629e+14 -3.012307e+14 -1.289809e+14 -3.009283e+14 -1.306982e+14 -3.006263e+14 -1.324147e+14 -3.003243e+14 -1.341305e+14 -3.000225e+14 -1.358455e+14 -2.997207e+14 -1.375640e+14 -2.994021e+14 -1.392934e+14 -2.990372e+14 -1.410220e+14 -2.986724e+14 -1.427498e+14 -2.983078e+14 -1.444769e+14 -2.979434e+14 -1.462033e+14 -2.975791e+14 -1.479288e+14 -2.972149e+14 -1.496537e+14 -2.968207e+14 -1.513778e+14 -2.964253e+14 -1.531011e+14 -2.960300e+14 -1.548237e+14 -2.956350e+14 -1.565455e+14 -2.952400e+14 -1.582666e+14 -2.948454e+14 -1.599869e+14 -2.944108e+14 -1.617064e+14 -2.939533e+14 -1.634253e+14 -2.934961e+14 -1.651434e+14 -2.930390e+14 -1.668606e+14 -2.925820e+14 -1.685772e+14 -2.921253e+14 -1.702885e+14 -2.916553e+14 -1.719878e+14 -2.911517e+14 -1.736865e+14 -2.906485e+14 -1.753843e+14 -2.901454e+14 -1.770815e+14 -2.896425e+14 -1.787779e+14 -2.891399e+14 -1.804735e+14 -2.886375e+14 -1.821684e+14 -2.880771e+14 -1.838626e+14 -2.875125e+14 -1.855560e+14 -2.869479e+14 -1.872487e+14 -2.863838e+14 -1.889407e+14 -2.858198e+14 -1.906320e+14 -2.852560e+14 -1.923140e+14 -2.846755e+14 -1.939880e+14 -2.840808e+14 -1.956615e+14 -2.834866e+14 -1.973342e+14 -2.828926e+14 -1.990061e+14 -2.822988e+14 -2.006774e+14 -2.817053e+14 -2.023456e+14 -2.811027e+14 -2.039997e+14 -2.804472e+14 -2.056533e+14 -2.797921e+14 -2.073060e+14 -2.791372e+14 -2.089580e+14 -2.784826e+14 -2.106094e+14 -2.778283e+14 -2.122600e+14 -2.771743e+14 -2.138986e+14 -2.764977e+14 -2.155322e+14 -2.758132e+14 -2.171652e+14 -2.751288e+14 -2.187974e+14 -2.744449e+14 -2.204290e+14 -2.737612e+14 -2.220598e+14 -2.730777e+14 -2.237834e+14 -2.722781e+14 -2.257232e+14 -2.712073e+14 -2.276622e+14 -2.701370e+14 -2.296003e+14 -2.690670e+14 -2.315376e+14 -2.679975e+14 -2.334742e+14 -2.669287e+14 -2.354098e+14 -2.658602e+14 -2.367526e+14 -2.656079e+14 -2.379903e+14 -2.654995e+14 -2.392276e+14 -2.653913e+14 -2.404643e+14 -2.652831e+14 -2.417005e+14 -2.651750e+14 -2.429361e+14 -2.650668e+14 -2.442950e+14 -2.646819e+14 -2.458537e+14 -2.638486e+14 -2.474117e+14 -2.630155e+14 -2.489691e+14 -2.621830e+14 -2.505258e+14 -2.613506e+14 -2.520817e+14 -2.605187e+14 -2.536371e+14 -2.596871e+14 -2.551781e+14 -2.588283e+14 -2.567167e+14 -2.579667e+14 -2.582547e+14 -2.571054e+14 -2.597921e+14 -2.562445e+14 -2.613287e+14 -2.553838e+14 -2.628648e+14 -2.545237e+14 -2.643882e+14 -2.536459e+14 -2.658923e+14 -2.527405e+14 -2.673957e+14 -2.518353e+14 -2.688984e+14 -2.509305e+14 -2.704005e+14 -2.500262e+14 -2.719020e+14 -2.491222e+14 -2.734029e+14 -2.482186e+14 -2.748766e+14 -2.472889e+14 -2.763455e+14 -2.463554e+14 -2.778139e+14 -2.454224e+14 -2.792817e+14 -2.444898e+14 -2.807488e+14 -2.435576e+14 -2.822153e+14 -2.426257e+14 -2.836712e+14 -2.416742e+14 -2.851059e+14 -2.406821e+14 -2.865400e+14 -2.396904e+14 -2.879737e+14 -2.386992e+14 -2.894065e+14 -2.377083e+14 -2.908389e+14 -2.367179e+14 -2.922705e+14 -2.357278e+14 -2.936665e+14 -2.347265e+14 -2.950514e+14 -2.337221e+14 -2.964357e+14 -2.327181e+14 -2.978194e+14 -2.317145e+14 -2.992025e+14 -2.307114e+14 -3.005850e+14 -2.297086e+14 -3.019612e+14 -2.286975e+14 -3.033121e+14 -2.276501e+14 -3.046626e+14 -2.266031e+14 -3.060125e+14 -2.255566e+14 -3.073618e+14 -2.245105e+14 -3.087106e+14 -2.234648e+14 -3.100588e+14 -2.224196e+14 -3.113793e+14 -2.213567e+14 -3.126809e+14 -2.202821e+14 -3.139820e+14 -2.192079e+14 -3.152826e+14 -2.181342e+14 -3.165825e+14 -2.170609e+14 -3.178821e+14 -2.159881e+14 -3.191810e+14 -2.149157e+14 -3.204497e+14 -2.137991e+14 -3.217173e+14 -2.126823e+14 -3.229845e+14 -2.115660e+14 -3.242512e+14 -2.104502e+14 -3.255172e+14 -2.093348e+14 -3.267828e+14 -2.082200e+14 -3.280265e+14 -2.071002e+14 -3.292307e+14 -2.059711e+14 -3.304346e+14 -2.048426e+14 -3.316379e+14 -2.037145e+14 -3.328408e+14 -2.025869e+14 -3.340430e+14 -2.014597e+14 -3.352448e+14 -2.003331e+14 -3.364037e+14 -1.991751e+14 -3.375445e+14 -1.980043e+14 -3.386849e+14 -1.968341e+14 -3.398247e+14 -1.956642e+14 -3.409641e+14 -1.944950e+14 -3.421028e+14 -1.933260e+14 -3.432395e+14 -1.921571e+14 -3.443326e+14 -1.909743e+14 -3.454252e+14 -1.897920e+14 -3.465173e+14 -1.886101e+14 -3.476090e+14 -1.874287e+14 -3.487001e+14 -1.862478e+14 -3.497909e+14 -1.850674e+14 -3.508603e+14 -1.838770e+14 -3.518905e+14 -1.826678e+14 -3.529201e+14 -1.814589e+14 -3.539495e+14 -1.802507e+14 -3.549783e+14 -1.790428e+14 -3.560068e+14 -1.778356e+14 -3.570348e+14 -1.766288e+14 -3.580239e+14 -1.754033e+14 -3.589917e+14 -1.741677e+14 -3.599588e+14 -1.729326e+14 -3.609256e+14 -1.716980e+14 -3.618921e+14 -1.704640e+14 -3.628582e+14 -1.692305e+14 -3.638237e+14 -1.679974e+14 -3.647344e+14 -1.667512e+14 -3.656397e+14 -1.655043e+14 -3.665449e+14 -1.642580e+14 -3.674495e+14 -1.630121e+14 -3.683539e+14 -1.617667e+14 -3.692577e+14 -1.605219e+14 -3.701483e+14 -1.592749e+14 -3.709774e+14 -1.580163e+14 -3.718064e+14 -1.567582e+14 -3.726349e+14 -1.555006e+14 -3.734631e+14 -1.542435e+14 -3.742909e+14 -1.529870e+14 -3.751185e+14 -1.517309e+14 -3.759148e+14 -1.504692e+14 -3.766677e+14 -1.491994e+14 -3.774205e+14 -1.479301e+14 -3.781728e+14 -1.466614e+14 -3.789250e+14 -1.453931e+14 -3.796769e+14 -1.441255e+14 -3.804283e+14 -1.428582e+14 -3.811418e+14 -1.415915e+14 -3.818337e+14 -1.403253e+14 -3.825256e+14 -1.390597e+14 -3.832169e+14 -1.377945e+14 -3.839080e+14 -1.365299e+14 -3.845990e+14 -1.352658e+14 -3.852894e+14 -1.340022e+14 -3.859180e+14 -1.327144e+14 -3.865347e+14 -1.314225e+14 -3.871511e+14 -1.301311e+14 -3.877671e+14 -1.288402e+14 -3.883831e+14 -1.275498e+14 -3.889986e+14 -1.262599e+14 -3.896120e+14 -1.249706e+14 -3.901393e+14 -1.236818e+14 -3.906663e+14 -1.223936e+14 -3.911931e+14 -1.211058e+14 -3.917197e+14 -1.198186e+14 -3.922461e+14 -1.185318e+14 -3.927722e+14 -1.172456e+14 -3.932819e+14 -1.159627e+14 -3.937199e+14 -1.146921e+14 -3.941580e+14 -1.134221e+14 -3.945955e+14 -1.121525e+14 -3.950332e+14 -1.108835e+14 -3.954707e+14 -1.096150e+14 -3.959079e+14 -1.083470e+14 -3.963208e+14 -1.070742e+14 -3.966849e+14 -1.057912e+14 -3.970488e+14 -1.045087e+14 -3.974126e+14 -1.032268e+14 -3.977762e+14 -1.019453e+14 -3.981398e+14 -1.006644e+14 -3.985031e+14 -9.938397e+13 -3.988330e+14 -9.810874e+13 -3.991235e+14 -9.683951e+13 -3.994138e+14 -9.557079e+13 -3.997041e+14 -9.430258e+13 -3.999941e+14 -9.303488e+13 -4.002841e+14 -9.176771e+13 -4.005739e+14 -9.050102e+13 -4.008064e+14 -8.924056e+13 -4.009948e+14 -8.798503e+13 -4.011828e+14 -8.672999e+13 -4.013709e+14 -8.547547e+13 -4.015589e+14 -8.422142e+13 -4.017469e+14 -8.296790e+13 -4.019348e+14 -8.171487e+13 -4.020755e+14 -8.047085e+13 -4.021910e+14 -7.923183e+13 -4.023065e+14 -7.799330e+13 -4.024219e+14 -7.675526e+13 -4.025372e+14 -7.551771e+13 -4.026527e+14 -7.428068e+13 -4.027678e+14 -7.304409e+13 -4.028105e+14 -7.181950e+13 -4.028247e+14 -7.059973e+13 -4.028392e+14 -6.938049e+13 -4.028536e+14 -6.816175e+13 -4.028680e+14 -6.694347e+13 -4.028823e+14 -6.572567e+13 -4.028967e+14 -6.450837e+13 -4.028447e+14 -6.330817e+13 -4.027728e+14 -6.211336e+13 -4.027009e+14 -6.091902e+13 -4.026293e+14 -5.972517e+13 -4.025576e+14 -5.853179e+13 -4.024860e+14 -5.733890e+13 -4.024141e+14 -5.614645e+13 -4.022851e+14 -5.497171e+13 -4.021419e+14 -5.380170e+13 -4.019988e+14 -5.263216e+13 -4.018556e+14 -5.146306e+13 -4.017127e+14 -5.029446e+13 -4.015696e+14 -4.912630e+13 -4.014267e+14 -4.795861e+13 -4.012026e+14 -4.681576e+13 -4.009598e+14 -4.567897e+13 -4.007170e+14 -4.454264e+13 -4.004746e+14 -4.340675e+13 -4.002322e+14 -4.227133e+13 -3.999897e+14 -4.113633e+13 -3.997473e+14 -4.000178e+13 -3.994363e+14 -3.889175e+13 -3.991088e+14 -3.778802e+13 -3.987814e+14 -3.668471e+13 -3.984539e+14 -3.558183e+13 -3.981270e+14 -3.447941e+13 -3.977999e+14 -3.337739e+13 -3.974730e+14 -3.227583e+13 -3.970800e+14 -3.120008e+13 -3.966681e+14 -3.013204e+13 -3.962564e+14 -2.906441e+13 -3.958448e+14 -2.799721e+13 -3.954334e+14 -2.693043e+13 -3.950222e+14 -2.586407e+13 -3.946111e+14 -2.479812e+13 -3.941484e+14 -2.376154e+13 -3.936670e+14 -2.273609e+13 -3.931855e+14 -2.171104e+13 -3.927043e+14 -2.068639e+13 -3.922233e+14 -1.966214e+13 -3.917426e+14 -1.863830e+13 -3.912619e+14 -1.761485e+13 -3.907159e+14 -1.661709e+13 -3.901368e+14 -1.563259e+13 -3.895579e+14 -1.464846e+13 -3.889791e+14 -1.366472e+13 -3.884008e+14 -1.268137e+13 -3.878226e+14 -1.169839e+13 -3.872445e+14 -1.071580e+13 -3.866261e+14 -9.758626e+12 -3.859782e+14 -8.820191e+12 -3.853305e+14 -7.882120e+12 -3.846830e+14 -6.944414e+12 -3.840358e+14 -6.007073e+12 -3.833888e+14 -5.070097e+12 -3.827421e+14 -4.133485e+12 -3.820626e+14 -3.218807e+12 -3.813462e+14 -2.328721e+12 -3.806299e+14 -1.438980e+12 -3.799141e+14 -5.495847e+11 -3.791984e+14 3.394650e+11 -3.784832e+14 1.228170e+12 -3.777681e+14 2.116529e+12 -3.770242e+14 2.988288e+12 -3.762256e+14 3.828885e+12 -3.754273e+14 4.669156e+12 -3.746294e+14 5.509102e+12 -3.738319e+14 6.348724e+12 -3.730344e+14 7.188017e+12 -3.722374e+14 8.026988e+12 -3.714297e+14 8.855915e+12 -3.705773e+14 9.645613e+12 -3.697254e+14 1.043501e+13 -3.688737e+14 1.122409e+13 -3.680223e+14 1.201288e+13 -3.671714e+14 1.280136e+13 -3.663206e+14 1.358953e+13 -3.654680e+14 1.437560e+13 -3.645483e+14 1.511133e+13 -3.636290e+14 1.584678e+13 -3.627102e+14 1.658195e+13 -3.617915e+14 1.731682e+13 -3.608733e+14 1.805142e+13 -3.599553e+14 1.878573e+13 -3.590378e+14 1.951977e+13 -3.580616e+14 2.021100e+13 -3.570753e+14 2.089446e+13 -3.560892e+14 2.157765e+13 -3.551039e+14 2.226059e+13 -3.541187e+14 2.294326e+13 -3.531338e+14 2.362567e+13 -3.521494e+14 2.430781e+13 -3.511386e+14 2.495574e+13 -3.501135e+14 2.558472e+13 -3.490886e+14 2.621345e+13 -3.480642e+14 2.684195e+13 -3.470402e+14 2.747020e+13 -3.460166e+14 2.809822e+13 -3.449934e+14 2.872600e+13 -3.439472e+14 2.933147e+13 -3.428695e+14 2.990626e+13 -3.417922e+14 3.048082e+13 -3.407154e+14 3.105518e+13 -3.396390e+14 3.162931e+13 -3.385627e+14 3.220321e+13 -3.374871e+14 3.277690e+13 -3.364022e+14 3.334121e+13 -3.352722e+14 3.386209e+13 -3.341426e+14 3.438277e+13 -3.330135e+14 3.490327e+13 -3.318850e+14 3.542357e+13 -3.307567e+14 3.594365e+13 -3.296287e+14 3.646355e+13 -3.285014e+14 3.698325e+13 -3.273369e+14 3.745397e+13 -3.261692e+14 3.791969e+13 -3.250020e+14 3.838525e+13 -3.238351e+14 3.885062e+13 -3.226687e+14 3.931581e+13 -3.215026e+14 3.978081e+13 -3.203372e+14 4.024566e+13 -3.191549e+14 4.067692e+13 -3.179629e+14 4.108796e+13 -3.167713e+14 4.149885e+13 -3.155802e+14 4.190960e+13 -3.143896e+14 4.232019e+13 -3.131992e+14 4.273060e+13 -3.120095e+14 4.314088e+13 -3.108026e+14 4.353396e+13 -3.095591e+14 4.389062e+13 -3.083161e+14 4.424716e+13 -3.070734e+14 4.460355e+13 -3.058313e+14 4.495982e+13 -3.045896e+14 4.531594e+13 -3.033484e+14 4.567192e+13 -3.021077e+14 4.602778e+13 -3.008540e+14 4.633341e+13 -2.996006e+14 4.663858e+13 -2.983476e+14 4.694365e+13 -2.970951e+14 4.724858e+13 -2.958431e+14 4.755341e+13 -2.945916e+14 4.785814e+13 -2.933406e+14 4.816274e+13 -2.920723e+14 4.843464e+13 -2.907950e+14 4.868874e+13 -2.895183e+14 4.894275e+13 -2.882419e+14 4.919666e+13 -2.869661e+14 4.945046e+13 -2.856907e+14 4.970418e+13 -2.844159e+14 4.995780e+13 -2.831338e+14 5.019760e+13 -2.818328e+14 5.040225e+13 -2.805322e+14 5.060680e+13 -2.792322e+14 5.081128e+13 -2.779327e+14 5.101571e+13 -2.766336e+14 5.122003e+13 -2.753350e+14 5.142428e+13 -2.740369e+14 5.162847e+13 -2.727272e+14 5.179026e+13 -2.714166e+14 5.194700e+13 -2.701063e+14 5.210366e+13 -2.687967e+14 5.226029e+13 -2.674876e+14 5.241685e+13 -2.661788e+14 5.257334e+13 -2.648707e+14 5.272979e+13 -2.635564e+14 5.286385e+13 -2.622357e+14 5.297435e+13 -2.609155e+14 5.308481e+13 -2.595958e+14 5.319525e+13 -2.582766e+14 5.330562e+13 -2.569580e+14 5.341598e+13 -2.556398e+14 5.352629e+13 -2.543212e+14 5.363398e+13 -2.529905e+14 5.370118e+13 -2.516603e+14 5.376838e+13 -2.503306e+14 5.383552e+13 -2.490014e+14 5.390266e+13 -2.476727e+14 5.396976e+13 -2.463445e+14 5.403683e+13 -2.450168e+14 5.410389e+13 -2.436896e+14 5.414638e+13 -2.423629e+14 5.417317e+13 -2.410366e+14 5.419997e+13 -2.397109e+14 5.422675e+13 -2.383856e+14 5.425351e+13 -2.370609e+14 5.428027e+13 -2.357366e+14 5.430704e+13 -2.344128e+14 5.432829e+13 -2.330896e+14 5.431627e+13</elevationPattern>
        <incidenceAngle count="676">3.093596e+01 3.094617e+01 3.095638e+01 3.096657e+01 3.097676e+01 3.098695e+01 3.099713e+01 3.100731e+01 3.101749e+01 3.102765e+01 3.103781e+01 3.104797e+01 3.105812e+01 3.106827e+01 3.107841e+01 3.108855e+01 3.109869e+01 3.110883e+01 3.111894e+01 3.112906e+01 3.113918e+01 3.114929e+01 3.115939e+01 3.116949e+01 3.117960e+01 3.118968e+01 3.119977e+01 3.120985e+01 3.121994e+01 3.123001e+01 3.124008e+01 3.125014e+01 3.126019e+01 3.127025e+01 3.128030e+01 3.129034e+01 3.130038e+01 3.131042e+01 3.132045e+01 3.133049e+01 3.134050e+01 3.135052e+01 3.136053e+01 3.137054e+01 3.138055e+01 3.139055e+01 3.140054e+01 3.141054e+01 3.142052e+01 3.143050e+01 3.144048e+01 3.145044e+01 3.146042e+01 3.147038e+01 3.148033e+01 3.149028e+01 3.150023e+01 3.151018e+01 3.152013e+01 3.153006e+01 3.153999e+01 3.154991e+01 3.155983e+01 3.156975e+01 3.157967e+01 3.158957e+01 3.159947e+01 3.160938e+01 3.161926e+01 3.162917e+01 3.163904e+01 3.164893e+01 3.165880e+01 3.166867e+01 3.167854e+01 3.168840e+01 3.169827e+01 3.170811e+01 3.171797e+01 3.172781e+01 3.173766e+01 3.174750e+01 3.175732e+01 3.176715e+01 3.177698e+01 3.178679e+01 3.179662e+01 3.180643e+01 3.181622e+01 3.182602e+01 3.183583e+01 3.184561e+01 3.185541e+01 3.186519e+01 3.187497e+01 3.188474e+01 3.189452e+01 3.190428e+01 3.191405e+01 3.192380e+01 3.193355e+01 3.194330e+01 3.195305e+01 3.196278e+01 3.197252e+01 3.198225e+01 3.199197e+01 3.200171e+01 3.201143e+01 3.202113e+01 3.203085e+01 3.204056e+01 3.205025e+01 3.205995e+01 3.206964e+01 3.207933e+01 3.208902e+01 3.209869e+01 3.210837e+01 3.211804e+01 3.212772e+01 3.213737e+01 3.214703e+01 3.215669e+01 3.216634e+01 3.217598e+01 3.218562e+01 3.219527e+01 3.220490e+01 3.221452e+01 3.222415e+01 3.223376e+01 3.224338e+01 3.225299e+01 3.226260e+01 3.227220e+01 3.228181e+01 3.229140e+01 3.230099e+01 3.231058e+01 3.232016e+01 3.232974e+01 3.233931e+01 3.234889e+01 3.235844e+01 3.236801e+01 3.237756e+01 3.238713e+01 3.239667e+01 3.240622e+01 3.241576e+01 3.242529e+01 3.243483e+01 3.244435e+01 3.245389e+01 3.246341e+01 3.247292e+01 3.248244e+01 3.249194e+01 3.250145e+01 3.251094e+01 3.252045e+01 3.252994e+01 3.253941e+01 3.254890e+01 3.255838e+01 3.256786e+01 3.257733e+01 3.258679e+01 3.259625e+01 3.260571e+01 3.261517e+01 3.262462e+01 3.263406e+01 3.264351e+01 3.265295e+01 3.266238e+01 3.267181e+01 3.268124e+01 3.269066e+01 3.270009e+01 3.270950e+01 3.271890e+01 3.272832e+01 3.273772e+01 3.274712e+01 3.275652e+01 3.276590e+01 3.277528e+01 3.278467e+01 3.279405e+01 3.280342e+01 3.281279e+01 3.282216e+01 3.283153e+01 3.284088e+01 3.285023e+01 3.285959e+01 3.286893e+01 3.287828e+01 3.288762e+01 3.289696e+01 3.290628e+01 3.291560e+01 3.292493e+01 3.293425e+01 3.294357e+01 3.295288e+01 3.296219e+01 3.297148e+01 3.298079e+01 3.299008e+01 3.299937e+01 3.300867e+01 3.301794e+01 3.302722e+01 3.303650e+01 3.304578e+01 3.305504e+01 3.306430e+01 3.307356e+01 3.308282e+01 3.309207e+01 3.310133e+01 3.311057e+01 3.311981e+01 3.312904e+01 3.313829e+01 3.314751e+01 3.315674e+01 3.316595e+01 3.317517e+01 3.318439e+01 3.319360e+01 3.320280e+01 3.321201e+01 3.322121e+01 3.323041e+01 3.323959e+01 3.324878e+01 3.325797e+01 3.326715e+01 3.327632e+01 3.328549e+01 3.329466e+01 3.330383e+01 3.331299e+01 3.332214e+01 3.333130e+01 3.334045e+01 3.334959e+01 3.335873e+01 3.336787e+01 3.337701e+01 3.338614e+01 3.339526e+01 3.340439e+01 3.341351e+01 3.342262e+01 3.343173e+01 3.344084e+01 3.344995e+01 3.345905e+01 3.346815e+01 3.347725e+01 3.348633e+01 3.349542e+01 3.350450e+01 3.351358e+01 3.352266e+01 3.353172e+01 3.354079e+01 3.354985e+01 3.355891e+01 3.356798e+01 3.357703e+01 3.358607e+01 3.359512e+01 3.360416e+01 3.361319e+01 3.362224e+01 3.363126e+01 3.364029e+01 3.364931e+01 3.365833e+01 3.366734e+01 3.367636e+01 3.368536e+01 3.369437e+01 3.370337e+01 3.371237e+01 3.372136e+01 3.373036e+01 3.373933e+01 3.374832e+01 3.375731e+01 3.376628e+01 3.377525e+01 3.378423e+01 3.379318e+01 3.380214e+01 3.381110e+01 3.382005e+01 3.382901e+01 3.383795e+01 3.384689e+01 3.385583e+01 3.386478e+01 3.387370e+01 3.388263e+01 3.389156e+01 3.390048e+01 3.390939e+01 3.391832e+01 3.392723e+01 3.393613e+01 3.394504e+01 3.395393e+01 3.396283e+01 3.397173e+01 3.398062e+01 3.398950e+01 3.399838e+01 3.400726e+01 3.401614e+01 3.402501e+01 3.403387e+01 3.404274e+01 3.405161e+01 3.406047e+01 3.406932e+01 3.407817e+01 3.408702e+01 3.409586e+01 3.410471e+01 3.411354e+01 3.412238e+01 3.413120e+01 3.414003e+01 3.414885e+01 3.415767e+01 3.416649e+01 3.417529e+01 3.418411e+01 3.419292e+01 3.420172e+01 3.421051e+01 3.421931e+01 3.422810e+01 3.423689e+01 3.424567e+01 3.425446e+01 3.426323e+01 3.427200e+01 3.428078e+01 3.428955e+01 3.429831e+01 3.430707e+01 3.431583e+01 3.432458e+01 3.433333e+01 3.434207e+01 3.435081e+01 3.435956e+01 3.436830e+01 3.437703e+01 3.438576e+01 3.439449e+01 3.440321e+01 3.441193e+01 3.442064e+01 3.442935e+01 3.443806e+01 3.444678e+01 3.445547e+01 3.446417e+01 3.447287e+01 3.448157e+01 3.449025e+01 3.449893e+01 3.450761e+01 3.451630e+01 3.452498e+01 3.453365e+01 3.454231e+01 3.455098e+01 3.455965e+01 3.456830e+01 3.457695e+01 3.458560e+01 3.459425e+01 3.460291e+01 3.461154e+01 3.462018e+01 3.462881e+01 3.463745e+01 3.464607e+01 3.465471e+01 3.466333e+01 3.467194e+01 3.468056e+01 3.468916e+01 3.469778e+01 3.470639e+01 3.471498e+01 3.472359e+01 3.473218e+01 3.474077e+01 3.474936e+01 3.475795e+01 3.476653e+01 3.477512e+01 3.478369e+01 3.479225e+01 3.480083e+01 3.480939e+01 3.481795e+01 3.482651e+01 3.483507e+01 3.484363e+01 3.485217e+01 3.486072e+01 3.486926e+01 3.487781e+01 3.488634e+01 3.489487e+01 3.490340e+01 3.491193e+01 3.492046e+01 3.492897e+01 3.493748e+01 3.494600e+01 3.495451e+01 3.496303e+01 3.497153e+01 3.498003e+01 3.498853e+01 3.499702e+01 3.500551e+01 3.501399e+01 3.502248e+01 3.503096e+01 3.503944e+01 3.504791e+01 3.505640e+01 3.506487e+01 3.507332e+01 3.508179e+01 3.509024e+01 3.509871e+01 3.510716e+01 3.511560e+01 3.512405e+01 3.513249e+01 3.514093e+01 3.514937e+01 3.515781e+01 3.516624e+01 3.517467e+01 3.518309e+01 3.519151e+01 3.519994e+01 3.520834e+01 3.521675e+01 3.522516e+01 3.523357e+01 3.524197e+01 3.525037e+01 3.525877e+01 3.526717e+01 3.527556e+01 3.528394e+01 3.529233e+01 3.530070e+01 3.530908e+01 3.531746e+01 3.532582e+01 3.533420e+01 3.534256e+01 3.535092e+01 3.535928e+01 3.536763e+01 3.537599e+01 3.538434e+01 3.539268e+01 3.540103e+01 3.540936e+01 3.541771e+01 3.542604e+01 3.543437e+01 3.544269e+01 3.545102e+01 3.545934e+01 3.546767e+01 3.547597e+01 3.548428e+01 3.549260e+01 3.550090e+01 3.550920e+01 3.551750e+01 3.552580e+01 3.553410e+01 3.554239e+01 3.555067e+01 3.555896e+01 3.556725e+01 3.557552e+01 3.558380e+01 3.559207e+01 3.560034e+01 3.560861e+01 3.561687e+01 3.562512e+01 3.563339e+01 3.564165e+01 3.564989e+01 3.565814e+01 3.566638e+01 3.567462e+01 3.568286e+01 3.569110e+01 3.569934e+01 3.570757e+01 3.571579e+01 3.572401e+01 3.573224e+01 3.574046e+01 3.574867e+01 3.575688e+01 3.576509e+01 3.577330e+01 3.578151e+01 3.578970e+01 3.579790e+01 3.580609e+01 3.581429e+01 3.582248e+01 3.583066e+01 3.583885e+01 3.584703e+01 3.585519e+01 3.586337e+01 3.587155e+01 3.587971e+01 3.588788e+01 3.589604e+01 3.590421e+01 3.591235e+01 3.592050e+01 3.592865e+01 3.593680e+01 3.594495e+01 3.595309e+01 3.596123e+01 3.596936e+01 3.597749e+01 3.598563e+01 3.599374e+01 3.600188e+01 3.600999e+01 3.601811e+01 3.602623e+01 3.603433e+01 3.604245e+01 3.605055e+01 3.605865e+01 3.606676e+01 3.607486e+01 3.608295e+01 3.609103e+01 3.609914e+01 3.610721e+01 3.611530e+01 3.612338e+01 3.613145e+01 3.613953e+01 3.614760e+01 3.615567e+01 3.616374e+01 3.617180e+01 3.617986e+01 3.618791e+01 3.619597e+01 3.620403e+01 3.621207e+01 3.622011e+01 3.622815e+01 3.623619e+01 3.624423e+01 3.625227e+01 3.626030e+01 3.626833e+01 3.627635e+01 3.628438e+01 3.629239e+01 3.630042e+01 3.630843e+01 3.631644e+01 3.632445e+01 3.633244e+01 3.634045e+01 3.634845e+01 3.635645e+01 3.636444e+01 3.637244e+01 3.638042e+01 3.638841e+01 3.639639e+01 3.640437e+01 3.641235e+01 3.642032e+01 3.642830e+01 3.643626e+01 3.644423e+01 3.645219e+01 3.646016e+01 3.646811e+01 3.647607e+01 3.648402e+01 3.649197e+01 3.649991e+01 3.650786e+01 3.651579e+01 3.652374e+01 3.653168e+01 3.653961e+01 3.654753e+01 3.655547e+01 3.656339e+01 3.657130e+01 3.657922e+01 3.658714e+01 3.659506e+01 3.660297e+01 3.661087e+01 3.661877e+01 3.662668e+01 3.663458e+01 3.664247e+01 3.665038e+01 3.665826e+01 3.666615e+01 3.667404e+01 3.668192e+01 3.668980e+01 3.669768e+01 3.670555e+01 3.671342e+01 3.672128e+01 3.672916e+01 3.673701e+01 3.674489e+01 3.675275e+01 3.676059e+01 3.676845e+01 3.677629e+01 3.678415e+01 3.679199e+01 3.679984e+01 3.680768e+01 3.681551e+01 3.682333e+01 3.683118e+01 3.683900e+01 3.684683e+01 3.685464e+01 3.686247e+01 3.687029e+01 3.687810e+01 3.688591e+01 3.689372e+01 3.690154e+01 3.690933e+01 3.691713e+01 3.692494e+01 3.693272e+01</incidenceAngle>
        <terrainHeight>2.225181912857143e+03</terrainHeight>
        <roll>3.010154624140259e+01</roll>
      </antennaPattern>
      <antennaPattern>
        <swath>IW1</swath>
        <azimuthTime>2015-05-16T13:34:41.123793</azimuthTime>
        <slantRangeTime count="676">5.337093144532169e-03 5.337590461830731e-03 5.338087779129293e-03 5.338585096427855e-03 5.339082413726417e-03 5.339579731024979e-03 5.340077048323541e-03 5.340574365622103e-03 5.341071682920665e-03 5.341569000219227e-03 5.342066317517788e-03 5.342563634816350e-03 5.343060952114912e-03 5.343558269413474e-03 5.344055586712036e-03 5.344552904010597e-03 5.345050221309159e-03 5.345547538607721e-03 5.346044855906283e-03 5.346542173204845e-03 5.347039490503407e-03 5.347536807801969e-03 5.348034125100530e-03 5.348531442399092e-03 5.349028759697654e-03 5.349526076996216e-03 5.350023394294778e-03 5.350520711593340e-03 5.351018028891902e-03 5.351515346190464e-03 5.352012663489026e-03 5.352509980787588e-03 5.353007298086149e-03 5.353504615384711e-03 5.354001932683273e-03 5.354499249981835e-03 5.354996567280397e-03 5.355493884578959e-03 5.355991201877521e-03 5.356488519176083e-03 5.356985836474645e-03 5.357483153773207e-03 5.357980471071768e-03 5.358477788370330e-03 5.358975105668892e-03 5.359472422967454e-03 5.359969740266015e-03 5.360467057564577e-03 5.360964374863139e-03 5.361461692161701e-03 5.361959009460263e-03 5.362456326758825e-03 5.362953644057387e-03 5.363450961355948e-03 5.363948278654510e-03 5.364445595953072e-03 5.364942913251634e-03 5.365440230550196e-03 5.365937547848758e-03 5.366434865147320e-03 5.366932182445882e-03 5.367429499744444e-03 5.367926817043006e-03 5.368424134341567e-03 5.368921451640129e-03 5.369418768938691e-03 5.369916086237253e-03 5.370413403535815e-03 5.370910720834377e-03 5.371408038132939e-03 5.371905355431501e-03 5.372402672730063e-03 5.372899990028625e-03 5.373397307327187e-03 5.373894624625748e-03 5.374391941924310e-03 5.374889259222872e-03 5.375386576521433e-03 5.375883893819995e-03 5.376381211118557e-03 5.376878528417119e-03 5.377375845715681e-03 5.377873163014243e-03 5.378370480312805e-03 5.378867797611367e-03 5.379365114909928e-03 5.379862432208490e-03 5.380359749507052e-03 5.380857066805614e-03 5.381354384104176e-03 5.381851701402738e-03 5.382349018701300e-03 5.382846335999862e-03 5.383343653298424e-03 5.383840970596986e-03 5.384338287895547e-03 5.384835605194109e-03 5.385332922492671e-03 5.385830239791233e-03 5.386327557089795e-03 5.386824874388357e-03 5.387322191686919e-03 5.387819508985481e-03 5.388316826284043e-03 5.388814143582605e-03 5.389311460881166e-03 5.389808778179728e-03 5.390306095478289e-03 5.390803412776851e-03 5.391300730075413e-03 5.391798047373975e-03 5.392295364672537e-03 5.392792681971099e-03 5.393289999269661e-03 5.393787316568223e-03 5.394284633866785e-03 5.394781951165347e-03 5.395279268463908e-03 5.395776585762470e-03 5.396273903061032e-03 5.396771220359594e-03 5.397268537658156e-03 5.397765854956718e-03 5.398263172255280e-03 5.398760489553842e-03 5.399257806852404e-03 5.399755124150966e-03 5.400252441449527e-03 5.400749758748089e-03 5.401247076046651e-03 5.401744393345213e-03 5.402241710643775e-03 5.402739027942337e-03 5.403236345240899e-03 5.403733662539461e-03 5.404230979838023e-03 5.404728297136585e-03 5.405225614435146e-03 5.405722931733708e-03 5.406220249032269e-03 5.406717566330831e-03 5.407214883629393e-03 5.407712200927955e-03 5.408209518226517e-03 5.408706835525079e-03 5.409204152823641e-03 5.409701470122203e-03 5.410198787420765e-03 5.410696104719327e-03 5.411193422017888e-03 5.411690739316450e-03 5.412188056615012e-03 5.412685373913574e-03 5.413182691212136e-03 5.413680008510698e-03 5.414177325809260e-03 5.414674643107822e-03 5.415171960406384e-03 5.415669277704946e-03 5.416166595003507e-03 5.416663912302069e-03 5.417161229600631e-03 5.417658546899193e-03 5.418155864197755e-03 5.418653181496317e-03 5.419150498794879e-03 5.419647816093441e-03 5.420145133392003e-03 5.420642450690565e-03 5.421139767989126e-03 5.421637085287687e-03 5.422134402586249e-03 5.422631719884811e-03 5.423129037183373e-03 5.423626354481935e-03 5.424123671780497e-03 5.424620989079059e-03 5.425118306377621e-03 5.425615623676183e-03 5.426112940974745e-03 5.426610258273307e-03 5.427107575571868e-03 5.427604892870430e-03 5.428102210168992e-03 5.428599527467554e-03 5.429096844766116e-03 5.429594162064678e-03 5.430091479363240e-03 5.430588796661802e-03 5.431086113960364e-03 5.431583431258926e-03 5.432080748557487e-03 5.432578065856049e-03 5.433075383154611e-03 5.433572700453173e-03 5.434070017751735e-03 5.434567335050297e-03 5.435064652348859e-03 5.435561969647421e-03 5.436059286945982e-03 5.436556604244544e-03 5.437053921543106e-03 5.437551238841667e-03 5.438048556140229e-03 5.438545873438791e-03 5.439043190737353e-03 5.439540508035915e-03 5.440037825334477e-03 5.440535142633039e-03 5.441032459931601e-03 5.441529777230163e-03 5.442027094528725e-03 5.442524411827286e-03 5.443021729125848e-03 5.443519046424410e-03 5.444016363722972e-03 5.444513681021534e-03 5.445010998320096e-03 5.445508315618658e-03 5.446005632917220e-03 5.446502950215782e-03 5.447000267514344e-03 5.447497584812905e-03 5.447994902111467e-03 5.448492219410029e-03 5.448989536708591e-03 5.449486854007153e-03 5.449984171305715e-03 5.450481488604277e-03 5.450978805902839e-03 5.451476123201400e-03 5.451973440499962e-03 5.452470757798524e-03 5.452968075097086e-03 5.453465392395647e-03 5.453962709694209e-03 5.454460026992771e-03 5.454957344291333e-03 5.455454661589895e-03 5.455951978888457e-03 5.456449296187019e-03 5.456946613485581e-03 5.457443930784143e-03 5.457941248082705e-03 5.458438565381266e-03 5.458935882679828e-03 5.459433199978390e-03 5.459930517276952e-03 5.460427834575514e-03 5.460925151874076e-03 5.461422469172638e-03 5.461919786471200e-03 5.462417103769762e-03 5.462914421068324e-03 5.463411738366885e-03 5.463909055665447e-03 5.464406372964009e-03 5.464903690262571e-03 5.465401007561133e-03 5.465898324859695e-03 5.466395642158257e-03 5.466892959456818e-03 5.467390276755380e-03 5.467887594053942e-03 5.468384911352504e-03 5.468882228651066e-03 5.469379545949627e-03 5.469876863248189e-03 5.470374180546751e-03 5.470871497845313e-03 5.471368815143875e-03 5.471866132442437e-03 5.472363449740999e-03 5.472860767039561e-03 5.473358084338123e-03 5.473855401636685e-03 5.474352718935246e-03 5.474850036233808e-03 5.475347353532370e-03 5.475844670830932e-03 5.476341988129494e-03 5.476839305428056e-03 5.477336622726618e-03 5.477833940025180e-03 5.478331257323742e-03 5.478828574622304e-03 5.479325891920865e-03 5.479823209219427e-03 5.480320526517989e-03 5.480817843816551e-03 5.481315161115113e-03 5.481812478413674e-03 5.482309795712236e-03 5.482807113010798e-03 5.483304430309360e-03 5.483801747607922e-03 5.484299064906484e-03 5.484796382205046e-03 5.485293699503607e-03 5.485791016802169e-03 5.486288334100731e-03 5.486785651399293e-03 5.487282968697855e-03 5.487780285996417e-03 5.488277603294979e-03 5.488774920593541e-03 5.489272237892103e-03 5.489769555190665e-03 5.490266872489226e-03 5.490764189787788e-03 5.491261507086350e-03 5.491758824384912e-03 5.492256141683474e-03 5.492753458982036e-03 5.493250776280598e-03 5.493748093579160e-03 5.494245410877722e-03 5.494742728176284e-03 5.495240045474845e-03 5.495737362773407e-03 5.496234680071969e-03 5.496731997370531e-03 5.497229314669092e-03 5.497726631967654e-03 5.498223949266216e-03 5.498721266564778e-03 5.499218583863340e-03 5.499715901161902e-03 5.500213218460464e-03 5.500710535759025e-03 5.501207853057587e-03 5.501705170356149e-03 5.502202487654711e-03 5.502699804953273e-03 5.503197122251835e-03 5.503694439550397e-03 5.504191756848959e-03 5.504689074147521e-03 5.505186391446083e-03 5.505683708744645e-03 5.506181026043206e-03 5.506678343341768e-03 5.507175660640330e-03 5.507672977938892e-03 5.508170295237454e-03 5.508667612536016e-03 5.509164929834578e-03 5.509662247133140e-03 5.510159564431702e-03 5.510656881730264e-03 5.511154199028825e-03 5.511651516327387e-03 5.512148833625949e-03 5.512646150924510e-03 5.513143468223072e-03 5.513640785521634e-03 5.514138102820196e-03 5.514635420118758e-03 5.515132737417320e-03 5.515630054715882e-03 5.516127372014444e-03 5.516624689313005e-03 5.517122006611567e-03 5.517619323910129e-03 5.518116641208691e-03 5.518613958507253e-03 5.519111275805815e-03 5.519608593104377e-03 5.520105910402939e-03 5.520603227701501e-03 5.521100545000063e-03 5.521597862298624e-03 5.522095179597186e-03 5.522592496895748e-03 5.523089814194310e-03 5.523587131492872e-03 5.524084448791434e-03 5.524581766089996e-03 5.525079083388558e-03 5.525576400687120e-03 5.526073717985682e-03 5.526571035284243e-03 5.527068352582805e-03 5.527565669881366e-03 5.528062987179928e-03 5.528560304478490e-03 5.529057621777052e-03 5.529554939075614e-03 5.530052256374176e-03 5.530549573672738e-03 5.531046890971300e-03 5.531544208269862e-03 5.532041525568424e-03 5.532538842866985e-03 5.533036160165547e-03 5.533533477464109e-03 5.534030794762671e-03 5.534528112061233e-03 5.535025429359795e-03 5.535522746658357e-03 5.536020063956919e-03 5.536517381255481e-03 5.537014698554043e-03 5.537512015852604e-03 5.538009333151166e-03 5.538506650449728e-03 5.539003967748290e-03 5.539501285046852e-03 5.539998602345414e-03 5.540495919643976e-03 5.540993236942538e-03 5.541490554241100e-03 5.541987871539662e-03 5.542485188838223e-03 5.542982506136785e-03 5.543479823435346e-03 5.543977140733908e-03 5.544474458032470e-03 5.544971775331032e-03 5.545469092629594e-03 5.545966409928156e-03 5.546463727226718e-03 5.546961044525280e-03 5.547458361823842e-03 5.547955679122404e-03 5.548452996420965e-03 5.548950313719527e-03 5.549447631018089e-03 5.549944948316651e-03 5.550442265615213e-03 5.550939582913775e-03 5.551436900212337e-03 5.551934217510899e-03 5.552431534809461e-03 5.552928852108023e-03 5.553426169406584e-03 5.553923486705146e-03 5.554420804003708e-03 5.554918121302270e-03 5.555415438600832e-03 5.555912755899393e-03 5.556410073197954e-03 5.556907390496515e-03 5.557404707795076e-03 5.557902025093637e-03 5.558399342392198e-03 5.558896659690759e-03 5.559393976989320e-03 5.559891294287881e-03 5.560388611586442e-03 5.560885928885003e-03 5.561383246183565e-03 5.561880563482126e-03 5.562377880780687e-03 5.562875198079248e-03 5.563372515377809e-03 5.563869832676370e-03 5.564367149974932e-03 5.564864467273493e-03 5.565361784572054e-03 5.565859101870615e-03 5.566356419169176e-03 5.566853736467737e-03 5.567351053766298e-03 5.567848371064859e-03 5.568345688363421e-03 5.568843005661982e-03 5.569340322960543e-03 5.569837640259104e-03 5.570334957557665e-03 5.570832274856226e-03 5.571329592154787e-03 5.571826909453348e-03 5.572324226751909e-03 5.572821544050470e-03 5.573318861349031e-03 5.573816178647592e-03 5.574313495946153e-03 5.574810813244714e-03 5.575308130543276e-03 5.575805447841837e-03 5.576302765140398e-03 5.576800082438959e-03 5.577297399737520e-03 5.577794717036081e-03 5.578292034334642e-03 5.578789351633203e-03 5.579286668931764e-03 5.579783986230325e-03 5.580281303528886e-03 5.580778620827447e-03 5.581275938126008e-03 5.581773255424569e-03 5.582270572723131e-03 5.582767890021692e-03 5.583265207320253e-03 5.583762524618814e-03 5.584259841917375e-03 5.584757159215937e-03 5.585254476514498e-03 5.585751793813059e-03 5.586249111111620e-03 5.586746428410181e-03 5.587243745708742e-03 5.587741063007303e-03 5.588238380305864e-03 5.588735697604425e-03 5.589233014902987e-03 5.589730332201548e-03 5.590227649500109e-03 5.590724966798670e-03 5.591222284097231e-03 5.591719601395792e-03 5.592216918694353e-03 5.592714235992914e-03 5.593211553291475e-03 5.593708870590036e-03 5.594206187888597e-03 5.594703505187158e-03 5.595200822485719e-03 5.595698139784281e-03 5.596195457082842e-03 5.596692774381403e-03 5.597190091679964e-03 5.597687408978525e-03 5.598184726277086e-03 5.598682043575647e-03 5.599179360874208e-03 5.599676678172769e-03 5.600173995471330e-03 5.600671312769891e-03 5.601168630068452e-03 5.601665947367013e-03 5.602163264665574e-03 5.602660581964136e-03 5.603157899262697e-03 5.603655216561258e-03 5.604152533859819e-03 5.604649851158380e-03 5.605147168456942e-03 5.605644485755503e-03 5.606141803054064e-03 5.606639120352625e-03 5.607136437651186e-03 5.607633754949747e-03 5.608131072248308e-03 5.608628389546869e-03 5.609125706845430e-03 5.609623024143992e-03 5.610120341442553e-03 5.610617658741114e-03 5.611114976039675e-03 5.611612293338236e-03 5.612109610636797e-03 5.612606927935358e-03 5.613104245233919e-03 5.613601562532480e-03 5.614098879831041e-03 5.614596197129602e-03 5.615093514428163e-03 5.615590831726724e-03 5.616088149025285e-03 5.616585466323847e-03 5.617082783622408e-03 5.617580100920969e-03 5.618077418219530e-03 5.618574735518091e-03 5.619072052816652e-03 5.619569370115213e-03 5.620066687413774e-03 5.620564004712335e-03 5.621061322010896e-03 5.621558639309457e-03 5.622055956608018e-03 5.622553273906579e-03 5.623050591205140e-03 5.623547908503702e-03 5.624045225802263e-03 5.624542543100824e-03 5.625039860399385e-03 5.625537177697947e-03 5.626034494996508e-03 5.626531812295069e-03 5.627029129593630e-03 5.627526446892191e-03 5.628023764190752e-03 5.628521081489313e-03 5.629018398787874e-03 5.629515716086435e-03 5.630013033384996e-03 5.630510350683558e-03 5.631007667982119e-03 5.631504985280680e-03 5.632002302579241e-03 5.632499619877802e-03 5.632996937176363e-03 5.633494254474924e-03 5.633991571773485e-03 5.634488889072046e-03 5.634986206370607e-03 5.635483523669168e-03 5.635980840967729e-03 5.636478158266290e-03 5.636975475564851e-03 5.637472792863413e-03 5.637970110161974e-03 5.638467427460535e-03 5.638964744759096e-03 5.639462062057657e-03 5.639959379356218e-03 5.640456696654779e-03 5.640954013953340e-03 5.641451331251901e-03 5.641948648550462e-03 5.642445965849023e-03 5.642943283147584e-03 5.643440600446145e-03 5.643937917744707e-03 5.644435235043268e-03 5.644932552341829e-03 5.645429869640391e-03 5.645927186938952e-03 5.646424504237513e-03 5.646921821536074e-03 5.647419138834635e-03 5.647916456133196e-03 5.648413773431757e-03 5.648911090730318e-03 5.649408408028879e-03 5.649905725327440e-03 5.650403042626001e-03 5.650900359924562e-03 5.651397677223124e-03 5.651894994521685e-03 5.652392311820246e-03 5.652889629118807e-03 5.653386946417368e-03 5.653884263715929e-03 5.654381581014490e-03 5.654878898313051e-03 5.655376215611612e-03 5.655873532910173e-03 5.656370850208734e-03 5.656868167507295e-03 5.657365484805856e-03 5.657862802104417e-03 5.658360119402979e-03 5.658857436701540e-03 5.659354754000101e-03 5.659852071298662e-03 5.660349388597223e-03 5.660846705895784e-03 5.661344023194345e-03 5.661841340492906e-03 5.662338657791467e-03 5.662835975090028e-03 5.663333292388589e-03 5.663830609687150e-03 5.664327926985712e-03 5.664825244284273e-03 5.665322561582834e-03 5.665819878881396e-03 5.666317196179957e-03 5.666814513478518e-03 5.667311830777079e-03 5.667809148075640e-03 5.668306465374201e-03 5.668803782672762e-03 5.669301099971323e-03 5.669798417269884e-03 5.670295734568445e-03 5.670793051867006e-03 5.671290369165567e-03 5.671787686464129e-03 5.672285003762690e-03 5.672782321061251e-03</slantRangeTime>
        <elevationAngle count="676">2.756042e+01 2.756933e+01 2.757823e+01 2.758713e+01 2.759603e+01 2.760492e+01 2.761381e+01 2.762269e+01 2.763157e+01 2.764044e+01 2.764931e+01 2.765818e+01 2.766704e+01 2.767590e+01 2.768475e+01 2.769360e+01 2.770244e+01 2.771128e+01 2.772012e+01 2.772894e+01 2.773777e+01 2.774659e+01 2.775541e+01 2.776423e+01 2.777303e+01 2.778184e+01 2.779064e+01 2.779943e+01 2.780823e+01 2.781701e+01 2.782580e+01 2.783457e+01 2.784335e+01 2.785212e+01 2.786088e+01 2.786965e+01 2.787840e+01 2.788716e+01 2.789590e+01 2.790465e+01 2.791339e+01 2.792212e+01 2.793086e+01 2.793958e+01 2.794831e+01 2.795703e+01 2.796574e+01 2.797445e+01 2.798316e+01 2.799186e+01 2.800056e+01 2.800925e+01 2.801794e+01 2.802663e+01 2.803531e+01 2.804398e+01 2.805266e+01 2.806133e+01 2.806999e+01 2.807865e+01 2.808731e+01 2.809596e+01 2.810460e+01 2.811325e+01 2.812189e+01 2.813052e+01 2.813915e+01 2.814778e+01 2.815640e+01 2.816502e+01 2.817364e+01 2.818225e+01 2.819085e+01 2.819945e+01 2.820805e+01 2.821665e+01 2.822523e+01 2.823382e+01 2.824240e+01 2.825098e+01 2.825955e+01 2.826812e+01 2.827669e+01 2.828525e+01 2.829381e+01 2.830236e+01 2.831091e+01 2.831945e+01 2.832799e+01 2.833653e+01 2.834506e+01 2.835359e+01 2.836212e+01 2.837064e+01 2.837915e+01 2.838767e+01 2.839618e+01 2.840468e+01 2.841318e+01 2.842168e+01 2.843017e+01 2.843866e+01 2.844714e+01 2.845562e+01 2.846410e+01 2.847257e+01 2.848104e+01 2.848950e+01 2.849796e+01 2.850642e+01 2.851487e+01 2.852332e+01 2.853177e+01 2.854021e+01 2.854864e+01 2.855708e+01 2.856551e+01 2.857393e+01 2.858235e+01 2.859077e+01 2.859918e+01 2.860759e+01 2.861600e+01 2.862440e+01 2.863279e+01 2.864119e+01 2.864958e+01 2.865796e+01 2.866634e+01 2.867472e+01 2.868310e+01 2.869147e+01 2.869983e+01 2.870819e+01 2.871655e+01 2.872491e+01 2.873326e+01 2.874161e+01 2.874995e+01 2.875829e+01 2.876662e+01 2.877495e+01 2.878328e+01 2.879160e+01 2.879992e+01 2.880824e+01 2.881655e+01 2.882486e+01 2.883317e+01 2.884147e+01 2.884976e+01 2.885806e+01 2.886635e+01 2.887463e+01 2.888291e+01 2.889119e+01 2.889947e+01 2.890774e+01 2.891600e+01 2.892426e+01 2.893252e+01 2.894078e+01 2.894903e+01 2.895728e+01 2.896552e+01 2.897376e+01 2.898200e+01 2.899023e+01 2.899846e+01 2.900668e+01 2.901491e+01 2.902312e+01 2.903134e+01 2.903955e+01 2.904775e+01 2.905596e+01 2.906415e+01 2.907235e+01 2.908054e+01 2.908873e+01 2.909691e+01 2.910509e+01 2.911327e+01 2.912144e+01 2.912961e+01 2.913778e+01 2.914594e+01 2.915410e+01 2.916225e+01 2.917040e+01 2.917855e+01 2.918669e+01 2.919483e+01 2.920297e+01 2.921110e+01 2.921923e+01 2.922735e+01 2.923548e+01 2.924359e+01 2.925171e+01 2.925982e+01 2.926792e+01 2.927603e+01 2.928413e+01 2.929222e+01 2.930032e+01 2.930840e+01 2.931649e+01 2.932457e+01 2.933265e+01 2.934072e+01 2.934879e+01 2.935686e+01 2.936492e+01 2.937298e+01 2.938104e+01 2.938909e+01 2.939714e+01 2.940519e+01 2.941323e+01 2.942127e+01 2.942930e+01 2.943733e+01 2.944536e+01 2.945338e+01 2.946140e+01 2.946942e+01 2.947743e+01 2.948544e+01 2.949345e+01 2.950145e+01 2.950945e+01 2.951745e+01 2.952544e+01 2.953343e+01 2.954141e+01 2.954939e+01 2.955737e+01 2.956535e+01 2.957332e+01 2.958128e+01 2.958925e+01 2.959721e+01 2.960517e+01 2.961312e+01 2.962107e+01 2.962901e+01 2.963696e+01 2.964490e+01 2.965283e+01 2.966076e+01 2.966869e+01 2.967662e+01 2.968454e+01 2.969246e+01 2.970037e+01 2.970829e+01 2.971619e+01 2.972410e+01 2.973200e+01 2.973990e+01 2.974779e+01 2.975568e+01 2.976357e+01 2.977145e+01 2.977934e+01 2.978721e+01 2.979509e+01 2.980296e+01 2.981082e+01 2.981869e+01 2.982655e+01 2.983440e+01 2.984225e+01 2.985011e+01 2.985795e+01 2.986580e+01 2.987363e+01 2.988147e+01 2.988930e+01 2.989713e+01 2.990496e+01 2.991278e+01 2.992060e+01 2.992842e+01 2.993623e+01 2.994404e+01 2.995184e+01 2.995964e+01 2.996744e+01 2.997524e+01 2.998303e+01 2.999082e+01 2.999861e+01 3.000639e+01 3.001417e+01 3.002194e+01 3.002971e+01 3.003748e+01 3.004525e+01 3.005301e+01 3.006077e+01 3.006853e+01 3.007628e+01 3.008403e+01 3.009177e+01 3.009951e+01 3.010725e+01 3.011499e+01 3.012272e+01 3.013045e+01 3.013817e+01 3.014590e+01 3.015362e+01 3.016133e+01 3.016904e+01 3.017675e+01 3.018446e+01 3.019216e+01 3.019986e+01 3.020756e+01 3.021525e+01 3.022294e+01 3.023063e+01 3.023831e+01 3.024599e+01 3.025367e+01 3.026134e+01 3.026901e+01 3.027667e+01 3.028434e+01 3.029200e+01 3.029966e+01 3.030731e+01 3.031496e+01 3.032261e+01 3.033025e+01 3.033789e+01 3.034553e+01 3.035316e+01 3.036080e+01 3.036842e+01 3.037605e+01 3.038367e+01 3.039129e+01 3.039890e+01 3.040652e+01 3.041412e+01 3.042173e+01 3.042933e+01 3.043693e+01 3.044453e+01 3.045212e+01 3.045971e+01 3.046729e+01 3.047488e+01 3.048246e+01 3.049003e+01 3.049761e+01 3.050518e+01 3.051274e+01 3.052031e+01 3.052787e+01 3.053543e+01 3.054298e+01 3.055054e+01 3.055808e+01 3.056563e+01 3.057317e+01 3.058071e+01 3.058825e+01 3.059578e+01 3.060331e+01 3.061083e+01 3.061836e+01 3.062588e+01 3.063339e+01 3.064091e+01 3.064842e+01 3.065593e+01 3.066343e+01 3.067093e+01 3.067843e+01 3.068593e+01 3.069342e+01 3.070091e+01 3.070839e+01 3.071588e+01 3.072335e+01 3.073083e+01 3.073831e+01 3.074578e+01 3.075324e+01 3.076071e+01 3.076817e+01 3.077563e+01 3.078308e+01 3.079053e+01 3.079798e+01 3.080543e+01 3.081287e+01 3.082031e+01 3.082775e+01 3.083518e+01 3.084261e+01 3.085004e+01 3.085746e+01 3.086489e+01 3.087230e+01 3.087972e+01 3.088713e+01 3.089454e+01 3.090195e+01 3.090935e+01 3.091675e+01 3.092415e+01 3.093154e+01 3.093893e+01 3.094632e+01 3.095370e+01 3.096109e+01 3.096847e+01 3.097584e+01 3.098322e+01 3.099059e+01 3.099795e+01 3.100532e+01 3.101268e+01 3.102003e+01 3.102739e+01 3.103474e+01 3.104209e+01 3.104944e+01 3.105678e+01 3.106412e+01 3.107146e+01 3.107879e+01 3.108612e+01 3.109345e+01 3.110078e+01 3.110810e+01 3.111542e+01 3.112273e+01 3.113005e+01 3.113736e+01 3.114467e+01 3.115197e+01 3.115927e+01 3.116657e+01 3.117387e+01 3.118116e+01 3.118845e+01 3.119574e+01 3.120302e+01 3.121030e+01 3.121758e+01 3.122485e+01 3.123213e+01 3.123940e+01 3.124666e+01 3.125393e+01 3.126119e+01 3.126844e+01 3.127570e+01 3.128295e+01 3.129020e+01 3.129745e+01 3.130469e+01 3.131193e+01 3.131917e+01 3.132640e+01 3.133363e+01 3.134086e+01 3.134809e+01 3.135531e+01 3.136253e+01 3.136975e+01 3.137696e+01 3.138417e+01 3.139138e+01 3.139859e+01 3.140579e+01 3.141299e+01 3.142019e+01 3.142738e+01 3.143457e+01 3.144176e+01 3.144895e+01 3.145613e+01 3.146331e+01 3.147048e+01 3.147766e+01 3.148483e+01 3.149200e+01 3.149916e+01 3.150633e+01 3.151349e+01 3.152064e+01 3.152780e+01 3.153495e+01 3.154210e+01 3.154924e+01 3.155639e+01 3.156353e+01 3.157067e+01 3.157780e+01 3.158493e+01 3.159206e+01 3.159919e+01 3.160631e+01 3.161343e+01 3.162055e+01 3.162766e+01 3.163477e+01 3.164188e+01 3.164899e+01 3.165609e+01 3.166319e+01 3.167029e+01 3.167739e+01 3.168448e+01 3.169157e+01 3.169866e+01 3.170574e+01 3.171282e+01 3.171990e+01 3.172698e+01 3.173405e+01 3.174112e+01 3.174819e+01 3.175525e+01 3.176232e+01 3.176937e+01 3.177643e+01 3.178349e+01 3.179053e+01 3.179758e+01 3.180463e+01 3.181167e+01 3.181871e+01 3.182575e+01 3.183278e+01 3.183982e+01 3.184685e+01 3.185387e+01 3.186090e+01 3.186792e+01 3.187493e+01 3.188195e+01 3.188896e+01 3.189597e+01 3.190298e+01 3.190998e+01 3.191699e+01 3.192398e+01 3.193098e+01 3.193797e+01 3.194497e+01 3.195195e+01 3.195894e+01 3.196592e+01 3.197290e+01 3.197988e+01 3.198685e+01 3.199383e+01 3.200080e+01 3.200776e+01 3.201473e+01 3.202169e+01 3.202865e+01 3.203560e+01 3.204256e+01 3.204951e+01 3.205646e+01 3.206340e+01 3.207034e+01 3.207728e+01 3.208422e+01 3.209116e+01 3.209809e+01 3.210501e+01 3.211194e+01 3.211887e+01 3.212579e+01 3.213271e+01 3.213962e+01 3.214654e+01 3.215345e+01 3.216035e+01 3.216726e+01 3.217416e+01 3.218106e+01 3.218796e+01 3.219485e+01 3.220175e+01 3.220864e+01 3.221553e+01 3.222241e+01 3.222929e+01 3.223617e+01 3.224305e+01 3.224992e+01 3.225679e+01 3.226366e+01 3.227053e+01 3.227739e+01 3.228425e+01 3.229111e+01 3.229797e+01 3.230482e+01 3.231167e+01 3.231852e+01 3.232536e+01 3.233220e+01 3.233904e+01 3.234588e+01 3.235272e+01 3.235955e+01 3.236638e+01 3.237321e+01 3.238003e+01 3.238685e+01 3.239367e+01 3.240049e+01 3.240730e+01 3.241411e+01 3.242092e+01 3.242773e+01 3.243453e+01 3.244133e+01 3.244813e+01 3.245493e+01 3.246172e+01 3.246851e+01 3.247530e+01 3.248209e+01 3.248887e+01 3.249566e+01 3.250243e+01 3.250921e+01 3.251598e+01 3.252275e+01 3.252952e+01 3.253629e+01 3.254305e+01 3.254981e+01 3.255657e+01 3.256332e+01 3.257008e+01 3.257682e+01 3.258357e+01 3.259032e+01 3.259706e+01 3.260380e+01 3.261054e+01 3.261728e+01 3.262401e+01 3.263074e+01 3.263747e+01 3.264419e+01 3.265091e+01 3.265763e+01 3.266435e+01 3.267107e+01 3.267778e+01 3.268449e+01 3.269120e+01 3.269790e+01 3.270461e+01 3.271131e+01 3.271800e+01 3.272470e+01 3.273139e+01 3.273808e+01 3.274477e+01 3.275145e+01</elevationAngle>
        <elevationPattern count="676">1.298565e+14 -1.478903e+14 1.299278e+14 -1.490129e+14 1.299991e+14 -1.501349e+14 1.300703e+14 -1.512565e+14 1.301414e+14 -1.523774e+14 1.302000e+14 -1.534977e+14 1.302000e+14 -1.546175e+14 1.302000e+14 -1.557368e+14 1.302000e+14 -1.568555e+14 1.302000e+14 -1.579736e+14 1.302000e+14 -1.590913e+14 1.301710e+14 -1.602083e+14 1.301178e+14 -1.613247e+14 1.300648e+14 -1.624407e+14 1.300116e+14 -1.635561e+14 1.299585e+14 -1.646709e+14 1.299055e+14 -1.657852e+14 1.297890e+14 -1.668990e+14 1.296653e+14 -1.680122e+14 1.295417e+14 -1.691248e+14 1.294181e+14 -1.702369e+14 1.292946e+14 -1.713485e+14 1.291588e+14 -1.724636e+14 1.289825e+14 -1.735917e+14 1.288064e+14 -1.747192e+14 1.286303e+14 -1.758461e+14 1.284543e+14 -1.769726e+14 1.282784e+14 -1.780984e+14 1.280733e+14 -1.792140e+14 1.278448e+14 -1.803212e+14 1.276165e+14 -1.814279e+14 1.273883e+14 -1.825340e+14 1.271601e+14 -1.836396e+14 1.269321e+14 -1.847445e+14 1.266288e+14 -1.858490e+14 1.263134e+14 -1.869530e+14 1.259982e+14 -1.880564e+14 1.256830e+14 -1.891593e+14 1.253681e+14 -1.902616e+14 1.250455e+14 -1.913634e+14 1.246784e+14 -1.924647e+14 1.243116e+14 -1.935654e+14 1.239448e+14 -1.946656e+14 1.235782e+14 -1.957652e+14 1.232119e+14 -1.968643e+14 1.228237e+14 -1.979556e+14 1.224053e+14 -1.990362e+14 1.219872e+14 -2.001163e+14 1.215693e+14 -2.011959e+14 1.211516e+14 -2.022750e+14 1.207341e+14 -2.033535e+14 1.202579e+14 -2.044197e+14 1.197539e+14 -2.054798e+14 1.192501e+14 -2.065394e+14 1.187466e+14 -2.075984e+14 1.182434e+14 -2.086570e+14 1.177403e+14 -2.097151e+14 1.171897e+14 -2.107727e+14 1.166352e+14 -2.118297e+14 1.160810e+14 -2.128863e+14 1.155270e+14 -2.139422e+14 1.149733e+14 -2.149977e+14 1.144098e+14 -2.160503e+14 1.137875e+14 -2.170875e+14 1.131655e+14 -2.181242e+14 1.125437e+14 -2.191604e+14 1.119223e+14 -2.201961e+14 1.113012e+14 -2.212314e+14 1.106620e+14 -2.222600e+14 1.099898e+14 -2.232770e+14 1.093179e+14 -2.242935e+14 1.086463e+14 -2.253095e+14 1.079750e+14 -2.263250e+14 1.073040e+14 -2.273400e+14 1.065958e+14 -2.283546e+14 1.058567e+14 -2.293687e+14 1.051180e+14 -2.303823e+14 1.043796e+14 -2.313954e+14 1.036416e+14 -2.324080e+14 1.029040e+14 -2.334202e+14 1.021232e+14 -2.344070e+14 1.013263e+14 -2.353839e+14 1.005297e+14 -2.363604e+14 9.973354e+13 -2.373363e+14 9.893775e+13 -2.383118e+14 9.814233e+13 -2.392869e+14 9.728832e+13 -2.402311e+14 9.642702e+13 -2.411712e+14 9.556611e+13 -2.421106e+14 9.470560e+13 -2.430496e+14 9.384548e+13 -2.439882e+14 9.298403e+13 -2.449259e+14 9.206167e+13 -2.458466e+14 9.113976e+13 -2.467668e+14 9.021825e+13 -2.476866e+14 8.929721e+13 -2.486060e+14 8.837658e+13 -2.495248e+14 8.744659e+13 -2.504380e+14 8.646392e+13 -2.513220e+14 8.548174e+13 -2.522057e+14 8.450003e+13 -2.530890e+14 8.351876e+13 -2.539717e+14 8.253794e+13 -2.548540e+14 8.154218e+13 -2.557270e+14 8.050467e+13 -2.565747e+14 7.946765e+13 -2.574219e+14 7.843110e+13 -2.582687e+14 7.739507e+13 -2.591152e+14 7.635949e+13 -2.599612e+14 7.530231e+13 -2.608007e+14 7.420688e+13 -2.616291e+14 7.311192e+13 -2.624570e+14 7.201749e+13 -2.632846e+14 7.092358e+13 -2.641118e+14 6.983020e+13 -2.649386e+14 6.871198e+13 -2.657427e+14 6.756227e+13 -2.665181e+14 6.641313e+13 -2.672932e+14 6.526452e+13 -2.680679e+14 6.411643e+13 -2.688423e+14 6.296889e+13 -2.696163e+14 6.179390e+13 -2.703729e+14 6.059197e+13 -2.711127e+14 5.939058e+13 -2.718520e+14 5.818975e+13 -2.725909e+14 5.698949e+13 -2.733296e+14 5.578978e+13 -2.740678e+14 5.456020e+13 -2.747782e+14 5.330628e+13 -2.754654e+14 5.205295e+13 -2.761524e+14 5.080020e+13 -2.768390e+14 4.954805e+13 -2.775254e+14 4.829646e+13 -2.782115e+14 4.701639e+13 -2.788777e+14 4.571583e+13 -2.795297e+14 4.441585e+13 -2.801814e+14 4.311650e+13 -2.808327e+14 4.181772e+13 -2.814838e+14 4.051957e+13 -2.821347e+14 3.919237e+13 -2.827553e+14 3.784541e+13 -2.833555e+14 3.649905e+13 -2.839554e+14 3.515332e+13 -2.845549e+14 3.380822e+13 -2.851543e+14 3.246371e+13 -2.857532e+14 3.109051e+13 -2.863226e+14 2.969740e+13 -2.868713e+14 2.830492e+13 -2.874197e+14 2.691307e+13 -2.879677e+14 2.552188e+13 -2.885156e+14 2.413132e+13 -2.890632e+14 2.271693e+13 -2.895917e+14 2.128455e+13 -2.901056e+14 1.985282e+13 -2.906193e+14 1.842176e+13 -2.911328e+14 1.699135e+13 -2.916460e+14 1.556159e+13 -2.921590e+14 1.410935e+13 -2.926455e+14 1.263725e+13 -2.931084e+14 1.116584e+13 -2.935711e+14 9.695093e+12 -2.940336e+14 8.225023e+12 -2.944959e+14 6.755628e+12 -2.949580e+14 5.266957e+12 -2.953885e+14 3.757024e+12 -2.957842e+14 2.247779e+12 -2.961796e+14 7.392249e+11 -2.965750e+14 -7.686413e+11 -2.969702e+14 -2.275819e+12 -2.973651e+14 -3.796972e+12 -2.977466e+14 -5.338949e+12 -2.981083e+14 -6.880227e+12 -2.984699e+14 -8.420801e+12 -2.988313e+14 -9.960674e+12 -2.991926e+14 -1.149984e+13 -2.995535e+14 -1.304988e+13 -2.998937e+14 -1.462406e+13 -3.001890e+14 -1.619752e+13 -3.004838e+14 -1.777027e+13 -3.007787e+14 -1.934230e+13 -3.010735e+14 -2.091363e+13 -3.013682e+14 -2.249120e+13 -3.016522e+14 -2.409380e+13 -3.018975e+14 -2.569568e+13 -3.021426e+14 -2.729683e+13 -3.023878e+14 -2.889726e+13 -3.026328e+14 -3.049697e+13 -3.028776e+14 -3.209848e+13 -3.031164e+14 -3.372448e+13 -3.032958e+14 -3.534972e+13 -3.034751e+14 -3.697425e+13 -3.036544e+14 -3.859802e+13 -3.038335e+14 -4.022108e+13 -3.040125e+14 -4.184340e+13 -3.041915e+14 -4.349133e+13 -3.043394e+14 -4.513984e+13 -3.044858e+14 -4.678759e+13 -3.046320e+14 -4.843460e+13 -3.047782e+14 -5.008088e+13 -3.049244e+14 -5.172640e+13 -3.050704e+14 -5.339191e+13 -3.051647e+14 -5.506190e+13 -3.052457e+14 -5.673116e+13 -3.053268e+14 -5.839965e+13 -3.054078e+14 -6.006742e+13 -3.054888e+14 -6.173441e+13 -3.055697e+14 -6.341279e+13 -3.056101e+14 -6.509770e+13 -3.056263e+14 -6.678186e+13 -3.056424e+14 -6.846530e+13 -3.056587e+14 -7.014791e+13 -3.056746e+14 -7.182985e+13 -3.056909e+14 -7.351940e+13 -3.056860e+14 -7.521917e+13 -3.056538e+14 -7.691816e+13 -3.056215e+14 -7.861640e+13 -3.055893e+14 -8.031388e+13 -3.055570e+14 -8.201060e+13 -3.055248e+14 -8.371025e+13 -3.054816e+14 -8.542155e+13 -3.054013e+14 -8.713208e+13 -3.053208e+14 -8.884186e+13 -3.052405e+14 -9.055087e+13 -3.051602e+14 -9.225912e+13 -3.050799e+14 -9.396668e+13 -3.049994e+14 -9.568947e+13 -3.048550e+14 -9.741149e+13 -3.047108e+14 -9.913275e+13 -3.045665e+14 -1.008532e+14 -3.044223e+14 -1.025729e+14 -3.042781e+14 -1.042919e+14 -3.041342e+14 -1.060175e+14 -3.039536e+14 -1.077445e+14 -3.037617e+14 -1.094708e+14 -3.035699e+14 -1.111963e+14 -3.033782e+14 -1.129210e+14 -3.031865e+14 -1.146450e+14 -3.029949e+14 -1.163682e+14 -3.027794e+14 -1.180907e+14 -3.025402e+14 -1.198124e+14 -3.023010e+14 -1.215334e+14 -3.020620e+14 -1.232535e+14 -3.018231e+14 -1.249730e+14 -3.015842e+14 -1.266916e+14 -3.013311e+14 -1.284096e+14 -3.010289e+14 -1.301267e+14 -3.007268e+14 -1.318431e+14 -3.004248e+14 -1.335588e+14 -3.001230e+14 -1.352737e+14 -2.998213e+14 -1.369878e+14 -2.995197e+14 -1.387160e+14 -2.991590e+14 -1.404446e+14 -2.987943e+14 -1.421723e+14 -2.984297e+14 -1.438993e+14 -2.980653e+14 -1.456255e+14 -2.977010e+14 -1.473509e+14 -2.973369e+14 -1.490757e+14 -2.969533e+14 -1.507997e+14 -2.965579e+14 -1.525229e+14 -2.961626e+14 -1.542453e+14 -2.957675e+14 -1.559670e+14 -2.953727e+14 -1.576880e+14 -2.949780e+14 -1.594081e+14 -2.945647e+14 -1.611276e+14 -2.941073e+14 -1.628463e+14 -2.936500e+14 -1.645643e+14 -2.931930e+14 -1.662815e+14 -2.927361e+14 -1.679979e+14 -2.922795e+14 -1.697136e+14 -2.918230e+14 -1.714136e+14 -2.913219e+14 -1.731121e+14 -2.908186e+14 -1.748099e+14 -2.903156e+14 -1.765069e+14 -2.898128e+14 -1.782031e+14 -2.893101e+14 -1.798987e+14 -2.888077e+14 -1.815935e+14 -2.882688e+14 -1.832876e+14 -2.877042e+14 -1.849809e+14 -2.871397e+14 -1.866736e+14 -2.865755e+14 -1.883654e+14 -2.860116e+14 -1.900565e+14 -2.854478e+14 -1.917437e+14 -2.848779e+14 -1.934177e+14 -2.842834e+14 -1.950910e+14 -2.836891e+14 -1.967636e+14 -2.830951e+14 -1.984355e+14 -2.825014e+14 -2.001066e+14 -2.819079e+14 -2.017770e+14 -2.813147e+14 -2.034341e+14 -2.806714e+14 -2.050875e+14 -2.800163e+14 -2.067401e+14 -2.793614e+14 -2.083921e+14 -2.787069e+14 -2.100434e+14 -2.780527e+14 -2.116939e+14 -2.773987e+14 -2.133376e+14 -2.767328e+14 -2.149712e+14 -2.760483e+14 -2.166040e+14 -2.753640e+14 -2.182361e+14 -2.746801e+14 -2.198676e+14 -2.739964e+14 -2.214983e+14 -2.733130e+14 -2.231284e+14 -2.726300e+14 -2.250545e+14 -2.715764e+14 -2.269932e+14 -2.705060e+14 -2.289313e+14 -2.694363e+14 -2.308685e+14 -2.683670e+14 -2.328049e+14 -2.672981e+14 -2.347404e+14 -2.662296e+14 -2.363241e+14 -2.656454e+14 -2.375619e+14 -2.655372e+14 -2.387990e+14 -2.654289e+14 -2.400355e+14 -2.653206e+14 -2.412717e+14 -2.652125e+14 -2.425073e+14 -2.651044e+14 -2.437534e+14 -2.649714e+14 -2.453120e+14 -2.641381e+14 -2.468700e+14 -2.633052e+14 -2.484272e+14 -2.624726e+14 -2.499837e+14 -2.616404e+14 -2.515397e+14 -2.608084e+14 -2.530949e+14 -2.599770e+14 -2.546412e+14 -2.591291e+14 -2.561796e+14 -2.582673e+14 -2.577176e+14 -2.574061e+14 -2.592549e+14 -2.565453e+14 -2.607914e+14 -2.556848e+14 -2.623274e+14 -2.548247e+14 -2.638614e+14 -2.539630e+14 -2.653654e+14 -2.530576e+14 -2.668687e+14 -2.521526e+14 -2.683713e+14 -2.512478e+14 -2.698734e+14 -2.503436e+14 -2.713748e+14 -2.494397e+14 -2.728755e+14 -2.485361e+14 -2.743599e+14 -2.476172e+14 -2.758288e+14 -2.466838e+14 -2.772971e+14 -2.457508e+14 -2.787647e+14 -2.448183e+14 -2.802317e+14 -2.438861e+14 -2.816981e+14 -2.429543e+14 -2.831639e+14 -2.420229e+14 -2.845993e+14 -2.410323e+14 -2.860333e+14 -2.400407e+14 -2.874668e+14 -2.390495e+14 -2.888997e+14 -2.380588e+14 -2.903320e+14 -2.370684e+14 -2.917635e+14 -2.360784e+14 -2.931756e+14 -2.350825e+14 -2.945603e+14 -2.340781e+14 -2.959446e+14 -2.330743e+14 -2.973282e+14 -2.320708e+14 -2.987112e+14 -2.310677e+14 -3.000937e+14 -2.300651e+14 -3.014755e+14 -2.290628e+14 -3.028314e+14 -2.280228e+14 -3.041818e+14 -2.269759e+14 -3.055316e+14 -2.259295e+14 -3.068808e+14 -2.248834e+14 -3.082294e+14 -2.238378e+14 -3.095777e+14 -2.227927e+14 -3.109142e+14 -2.217407e+14 -3.122157e+14 -2.206660e+14 -3.135167e+14 -2.195919e+14 -3.148172e+14 -2.185183e+14 -3.161172e+14 -2.174451e+14 -3.174165e+14 -2.163723e+14 -3.187155e+14 -2.153001e+14 -3.199949e+14 -2.141998e+14 -3.212625e+14 -2.130831e+14 -3.225295e+14 -2.119669e+14 -3.237961e+14 -2.108511e+14 -3.250620e+14 -2.097358e+14 -3.263275e+14 -2.086209e+14 -3.275925e+14 -2.075066e+14 -3.287971e+14 -2.063778e+14 -3.300007e+14 -2.052492e+14 -3.312040e+14 -2.041212e+14 -3.324067e+14 -2.029937e+14 -3.336089e+14 -2.018666e+14 -3.348107e+14 -2.007400e+14 -3.359913e+14 -1.995984e+14 -3.371318e+14 -1.984277e+14 -3.382721e+14 -1.972575e+14 -3.394120e+14 -1.960878e+14 -3.405512e+14 -1.949185e+14 -3.416900e+14 -1.937497e+14 -3.428283e+14 -1.925814e+14 -3.439359e+14 -1.914035e+14 -3.450283e+14 -1.902212e+14 -3.461205e+14 -1.890395e+14 -3.472120e+14 -1.878582e+14 -3.483032e+14 -1.866774e+14 -3.493938e+14 -1.854970e+14 -3.504842e+14 -1.843172e+14 -3.515151e+14 -1.831084e+14 -3.525447e+14 -1.818998e+14 -3.535739e+14 -1.806915e+14 -3.546028e+14 -1.794838e+14 -3.556311e+14 -1.782766e+14 -3.566590e+14 -1.770698e+14 -3.576699e+14 -1.758553e+14 -3.586374e+14 -1.746198e+14 -3.596047e+14 -1.733848e+14 -3.605714e+14 -1.721503e+14 -3.615378e+14 -1.709164e+14 -3.625038e+14 -1.696829e+14 -3.634693e+14 -1.684499e+14 -3.644016e+14 -1.672092e+14 -3.653070e+14 -1.659624e+14 -3.662120e+14 -1.647162e+14 -3.671169e+14 -1.634704e+14 -3.680210e+14 -1.622251e+14 -3.689249e+14 -1.609803e+14 -3.698285e+14 -1.597361e+14 -3.706718e+14 -1.584804e+14 -3.715006e+14 -1.572224e+14 -3.723291e+14 -1.559649e+14 -3.731571e+14 -1.547078e+14 -3.739851e+14 -1.534514e+14 -3.748124e+14 -1.521954e+14 -3.756360e+14 -1.509392e+14 -3.763890e+14 -1.496695e+14 -3.771417e+14 -1.484003e+14 -3.778939e+14 -1.471316e+14 -3.786461e+14 -1.458634e+14 -3.793978e+14 -1.445958e+14 -3.801491e+14 -1.433287e+14 -3.808846e+14 -1.420620e+14 -3.815765e+14 -1.407960e+14 -3.822683e+14 -1.395304e+14 -3.829596e+14 -1.382654e+14 -3.836507e+14 -1.370008e+14 -3.843415e+14 -1.357368e+14 -3.850320e+14 -1.344732e+14 -3.856880e+14 -1.331965e+14 -3.863045e+14 -1.319046e+14 -3.869209e+14 -1.306133e+14 -3.875370e+14 -1.293225e+14 -3.881527e+14 -1.280322e+14 -3.887684e+14 -1.267424e+14 -3.893836e+14 -1.254532e+14 -3.899417e+14 -1.241645e+14 -3.904689e+14 -1.228763e+14 -3.909955e+14 -1.215886e+14 -3.915222e+14 -1.203015e+14 -3.920485e+14 -1.190148e+14 -3.925746e+14 -1.177287e+14 -3.931005e+14 -1.164431e+14 -3.935551e+14 -1.151698e+14 -3.939931e+14 -1.138999e+14 -3.944308e+14 -1.126304e+14 -3.948684e+14 -1.113615e+14 -3.953058e+14 -1.100931e+14 -3.957430e+14 -1.088251e+14 -3.961801e+14 -1.075578e+14 -3.965474e+14 -1.062755e+14 -3.969114e+14 -1.049932e+14 -3.972751e+14 -1.037113e+14 -3.976386e+14 -1.024299e+14 -3.980022e+14 -1.011491e+14 -3.983655e+14 -9.986870e+13 -3.987230e+14 -9.858967e+13 -3.990133e+14 -9.732052e+13 -3.993035e+14 -9.605188e+13 -3.995939e+14 -9.478376e+13 -3.998840e+14 -9.351616e+13 -4.001739e+14 -9.224905e+13 -4.004638e+14 -9.098245e+13 -4.007348e+14 -8.971823e+13 -4.009231e+14 -8.846277e+13 -4.011113e+14 -8.720782e+13 -4.012993e+14 -8.595337e+13 -4.014872e+14 -8.469938e+13 -4.016752e+14 -8.344597e+13 -4.018630e+14 -8.219299e+13 -4.020314e+14 -8.094410e+13 -4.021468e+14 -7.970512e+13 -4.022623e+14 -7.846670e+13 -4.023778e+14 -7.722873e+13 -4.024932e+14 -7.599127e+13 -4.026085e+14 -7.475429e+13 -4.027237e+14 -7.351779e+13 -4.028048e+14 -7.228717e+13 -4.028192e+14 -7.106752e+13 -4.028337e+14 -6.984836e+13 -4.028480e+14 -6.862965e+13 -4.028625e+14 -6.741147e+13 -4.028768e+14 -6.619374e+13 -4.028912e+14 -6.497651e+13 -4.028721e+14 -6.376807e+13 -4.028005e+14 -6.257337e+13 -4.027286e+14 -6.137910e+13 -4.026569e+14 -6.018533e+13 -4.025852e+14 -5.899203e+13 -4.025136e+14 -5.779920e+13 -4.024420e+14 -5.660684e+13 -4.023405e+14 -5.542387e+13 -4.021972e+14 -5.425392e+13 -4.020542e+14 -5.308447e+13 -4.019110e+14 -5.191544e+13 -4.017680e+14 -5.074691e+13 -4.016251e+14 -4.957882e+13 -4.014822e+14 -4.841120e+13 -4.012968e+14 -4.725679e+13 -4.010539e+14 -4.612006e+13 -4.008114e+14 -4.498381e+13 -4.005686e+14 -4.384798e+13 -4.003263e+14 -4.271263e+13 -4.000840e+14 -4.157771e+13 -3.998416e+14 -4.044323e+13 -3.995639e+14 -3.932163e+13 -3.992363e+14 -3.821795e+13 -3.989090e+14 -3.711471e+13 -3.985818e+14 -3.601191e+13 -3.982546e+14 -3.490954e+13 -3.979275e+14 -3.380760e+13 -3.976007e+14 -3.270610e+13 -3.972409e+14 -3.161764e+13 -3.968290e+14 -3.054966e+13 -3.964173e+14 -2.948211e+13 -3.960060e+14 -2.841498e+13 -3.955946e+14 -2.734827e+13 -3.951833e+14 -2.628197e+13 -3.947724e+14 -2.521609e+13 -3.943375e+14 -2.416400e+13 -3.938560e+14 -2.313862e+13 -3.933747e+14 -2.211364e+13 -3.928935e+14 -2.108904e+13 -3.924125e+14 -2.006486e+13 -3.919318e+14 -1.904108e+13 -3.914511e+14 -1.801769e+13 -3.909441e+14 -1.700497e+13 -3.903650e+14 -1.602052e+13 -3.897862e+14 -1.503646e+13 -3.892075e+14 -1.405278e+13 -3.886291e+14 -1.306948e+13 -3.880509e+14 -1.208657e+13 -3.874729e+14 -1.110404e+13 -3.868825e+14 -1.012977e+13 -3.862346e+14 -9.191385e+12 -3.855869e+14 -8.253372e+12 -3.849395e+14 -7.315723e+12 -3.842923e+14 -6.378439e+12 -3.836454e+14 -5.441520e+12 -3.829986e+14 -4.504964e+12 -3.823471e+14 -3.572162e+12 -3.816306e+14 -2.682129e+12 -3.809144e+14 -1.792443e+12 -3.801987e+14 -9.031023e+11 -3.794831e+14 -1.410666e+10 -3.787677e+14 8.745439e+11 -3.780527e+14 1.762849e+12 -3.773380e+14 2.650811e+12 -3.765438e+14 3.493859e+12 -3.757458e+14 4.334081e+12 -3.749478e+14 5.173974e+12 -3.741503e+14 6.013546e+12 -3.733530e+14 6.852789e+12 -3.725560e+14 7.691710e+12 -3.717593e+14 8.530304e+12 -3.709182e+14 9.329681e+12 -3.700663e+14 1.011903e+13 -3.692148e+14 1.090807e+13 -3.683634e+14 1.169680e+13 -3.675126e+14 1.248524e+13 -3.666621e+14 1.327337e+13 -3.658118e+14 1.406119e+13 -3.649177e+14 1.481588e+13 -3.639984e+14 1.555128e+13 -3.630795e+14 1.628640e+13 -3.621609e+14 1.702124e+13 -3.612428e+14 1.775580e+13 -3.603250e+14 1.849006e+13 -3.594075e+14 1.922405e+13 -3.584593e+14 1.993541e+13 -3.574731e+14 2.061883e+13 -3.564872e+14 2.130198e+13 -3.555018e+14 2.198488e+13 -3.545166e+14 2.266750e+13 -3.535319e+14 2.334987e+13 -3.525475e+14 2.403197e+13 -3.515536e+14 2.470116e+13 -3.505284e+14 2.533010e+13 -3.495036e+14 2.595880e+13 -3.484793e+14 2.658725e+13 -3.474554e+14 2.721548e+13 -3.464318e+14 2.784346e+13 -3.454087e+14 2.847119e+13 -3.443851e+14 2.909796e+13 -3.433074e+14 2.967271e+13 -3.422301e+14 3.024724e+13 -3.411533e+14 3.082156e+13 -3.400769e+14 3.139566e+13 -3.390009e+14 3.196953e+13 -3.379252e+14 3.254318e+13 -3.368501e+14 3.311662e+13 -3.357331e+14 3.364967e+13 -3.346035e+14 3.417032e+13 -3.334745e+14 3.469078e+13 -3.323459e+14 3.521104e+13 -3.312177e+14 3.573110e+13 -3.300899e+14 3.625096e+13 -3.289626e+14 3.677062e+13 -3.278152e+14 3.726327e+13 -3.266474e+14 3.772896e+13 -3.254802e+14 3.819448e+13 -3.243134e+14 3.865982e+13 -3.231472e+14 3.912500e+13 -3.219812e+14 3.958997e+13 -3.208157e+14 4.005478e+13 -3.196448e+14 4.050798e+13 -3.184528e+14 4.091899e+13 -3.172614e+14 4.132988e+13 -3.160703e+14 4.174059e+13 -3.148798e+14 4.215115e+13 -3.136895e+14 4.256154e+13 -3.124998e+14 4.297180e+13 -3.113105e+14 4.338188e+13 -3.100722e+14 4.374348e+13 -3.088291e+14 4.409998e+13 -3.075867e+14 4.445638e+13 -3.063446e+14 4.481262e+13 -3.051029e+14 4.516870e+13 -3.038619e+14 4.552468e+13 -3.026212e+14 4.588051e+13 -3.013732e+14 4.620699e+13 -3.001198e+14 4.651213e+13 -2.988669e+14 4.681719e+13 -2.976145e+14 4.712212e+13 -2.963626e+14 4.742692e+13 -2.951111e+14 4.773163e+13 -2.938602e+14 4.803622e+13 -2.926034e+14 4.832901e+13 -2.913262e+14 4.858311e+13 -2.900494e+14 4.883708e+13 -2.887732e+14 4.909098e+13 -2.874975e+14 4.934477e+13 -2.862221e+14 4.959847e+13 -2.849473e+14 4.985208e+13 -2.836730e+14 5.010558e+13 -2.823756e+14 5.031683e+13 -2.810752e+14 5.052137e+13 -2.797753e+14 5.072587e+13 -2.784758e+14 5.093028e+13 -2.771768e+14 5.113458e+13 -2.758783e+14 5.133883e+13 -2.745803e+14 5.154301e+13 -2.732763e+14 5.172459e+13 -2.719657e+14 5.188131e+13 -2.706557e+14 5.203800e+13 -2.693461e+14 5.219458e+13 -2.680370e+14 5.235114e+13 -2.667284e+14 5.250764e+13 -2.654203e+14 5.266408e+13 -2.641118e+14 5.281738e+13 -2.627912e+14 5.292788e+13 -2.614710e+14 5.303834e+13 -2.601515e+14 5.314878e+13 -2.588323e+14 5.325913e+13 -2.575137e+14 5.336948e+13 -2.561956e+14 5.347978e+13 -2.548779e+14 5.359001e+13 -2.535521e+14 5.367281e+13 -2.522220e+14 5.373999e+13 -2.508924e+14 5.380716e+13 -2.495633e+14 5.387428e+13 -2.482346e+14 5.394137e+13 -2.469066e+14 5.400846e+13 -2.455789e+14 5.407552e+13 -2.442518e+14 5.413501e+13 -2.429251e+14 5.416181e+13 -2.415990e+14 5.418862e+13 -2.402733e+14 5.421538e+13 -2.389481e+14 5.424216e+13 -2.376235e+14 5.426892e+13 -2.362993e+14 5.429567e+13 -2.349756e+14 5.432242e+13</elevationPattern>
        <incidenceAngle count="676">3.092526e+01 3.093547e+01 3.094566e+01 3.095587e+01 3.096606e+01 3.097626e+01 3.098645e+01 3.099663e+01 3.100681e+01 3.101697e+01 3.102715e+01 3.103731e+01 3.104745e+01 3.105762e+01 3.106776e+01 3.107791e+01 3.108804e+01 3.109818e+01 3.110831e+01 3.111844e+01 3.112856e+01 3.113867e+01 3.114877e+01 3.115889e+01 3.116899e+01 3.117908e+01 3.118918e+01 3.119926e+01 3.120934e+01 3.121942e+01 3.122949e+01 3.123956e+01 3.124962e+01 3.125967e+01 3.126973e+01 3.127979e+01 3.128983e+01 3.129987e+01 3.130991e+01 3.131993e+01 3.132996e+01 3.133998e+01 3.135001e+01 3.136002e+01 3.137003e+01 3.138002e+01 3.139001e+01 3.140001e+01 3.141000e+01 3.141998e+01 3.142996e+01 3.143994e+01 3.144992e+01 3.145988e+01 3.146985e+01 3.147980e+01 3.148976e+01 3.149971e+01 3.150964e+01 3.151959e+01 3.152953e+01 3.153944e+01 3.154938e+01 3.155930e+01 3.156921e+01 3.157913e+01 3.158904e+01 3.159894e+01 3.160884e+01 3.161873e+01 3.162862e+01 3.163850e+01 3.164839e+01 3.165826e+01 3.166814e+01 3.167799e+01 3.168787e+01 3.169772e+01 3.170758e+01 3.171742e+01 3.172726e+01 3.173711e+01 3.174695e+01 3.175677e+01 3.176660e+01 3.177643e+01 3.178624e+01 3.179607e+01 3.180586e+01 3.181567e+01 3.182547e+01 3.183527e+01 3.184506e+01 3.185486e+01 3.186464e+01 3.187442e+01 3.188419e+01 3.189395e+01 3.190372e+01 3.191348e+01 3.192325e+01 3.193300e+01 3.194275e+01 3.195248e+01 3.196222e+01 3.197197e+01 3.198169e+01 3.199142e+01 3.200114e+01 3.201086e+01 3.202057e+01 3.203029e+01 3.203999e+01 3.204968e+01 3.205939e+01 3.206908e+01 3.207877e+01 3.208846e+01 3.209813e+01 3.210780e+01 3.211748e+01 3.212714e+01 3.213681e+01 3.214647e+01 3.215611e+01 3.216577e+01 3.217542e+01 3.218506e+01 3.219469e+01 3.220432e+01 3.221394e+01 3.222357e+01 3.223320e+01 3.224281e+01 3.225243e+01 3.226202e+01 3.227164e+01 3.228123e+01 3.229082e+01 3.230042e+01 3.231000e+01 3.231958e+01 3.232916e+01 3.233873e+01 3.234831e+01 3.235786e+01 3.236743e+01 3.237698e+01 3.238654e+01 3.239609e+01 3.240564e+01 3.241518e+01 3.242471e+01 3.243425e+01 3.244377e+01 3.245329e+01 3.246281e+01 3.247234e+01 3.248184e+01 3.249135e+01 3.250085e+01 3.251036e+01 3.251985e+01 3.252934e+01 3.253883e+01 3.254831e+01 3.255779e+01 3.256726e+01 3.257674e+01 3.258620e+01 3.259566e+01 3.260512e+01 3.261458e+01 3.262402e+01 3.263347e+01 3.264291e+01 3.265236e+01 3.266179e+01 3.267122e+01 3.268065e+01 3.269006e+01 3.269948e+01 3.270889e+01 3.271831e+01 3.272772e+01 3.273712e+01 3.274652e+01 3.275591e+01 3.276530e+01 3.277469e+01 3.278407e+01 3.279344e+01 3.280283e+01 3.281219e+01 3.282155e+01 3.283092e+01 3.284027e+01 3.284962e+01 3.285898e+01 3.286833e+01 3.287767e+01 3.288701e+01 3.289635e+01 3.290567e+01 3.291499e+01 3.292432e+01 3.293364e+01 3.294295e+01 3.295227e+01 3.296156e+01 3.297087e+01 3.298018e+01 3.298947e+01 3.299876e+01 3.300804e+01 3.301733e+01 3.302661e+01 3.303589e+01 3.304515e+01 3.305443e+01 3.306369e+01 3.307295e+01 3.308220e+01 3.309146e+01 3.310071e+01 3.310995e+01 3.311919e+01 3.312843e+01 3.313766e+01 3.314690e+01 3.315611e+01 3.316533e+01 3.317456e+01 3.318376e+01 3.319298e+01 3.320218e+01 3.321138e+01 3.322058e+01 3.322978e+01 3.323897e+01 3.324815e+01 3.325734e+01 3.326653e+01 3.327570e+01 3.328487e+01 3.329404e+01 3.330319e+01 3.331236e+01 3.332152e+01 3.333067e+01 3.333981e+01 3.334897e+01 3.335811e+01 3.336725e+01 3.337637e+01 3.338551e+01 3.339464e+01 3.340376e+01 3.341287e+01 3.342198e+01 3.343111e+01 3.344022e+01 3.344931e+01 3.345842e+01 3.346751e+01 3.347661e+01 3.348569e+01 3.349478e+01 3.350386e+01 3.351294e+01 3.352200e+01 3.353108e+01 3.354015e+01 3.354921e+01 3.355827e+01 3.356732e+01 3.357637e+01 3.358542e+01 3.359447e+01 3.360352e+01 3.361255e+01 3.362158e+01 3.363062e+01 3.363963e+01 3.364867e+01 3.365768e+01 3.366670e+01 3.367570e+01 3.368471e+01 3.369373e+01 3.370271e+01 3.371172e+01 3.372070e+01 3.372971e+01 3.373869e+01 3.374767e+01 3.375665e+01 3.376562e+01 3.377460e+01 3.378357e+01 3.379253e+01 3.380148e+01 3.381044e+01 3.381940e+01 3.382835e+01 3.383730e+01 3.384624e+01 3.385518e+01 3.386411e+01 3.387305e+01 3.388197e+01 3.389090e+01 3.389983e+01 3.390874e+01 3.391765e+01 3.392656e+01 3.393547e+01 3.394437e+01 3.395328e+01 3.396217e+01 3.397105e+01 3.397995e+01 3.398883e+01 3.399771e+01 3.400659e+01 3.401547e+01 3.402434e+01 3.403322e+01 3.404207e+01 3.405093e+01 3.405980e+01 3.406865e+01 3.407750e+01 3.408635e+01 3.409518e+01 3.410403e+01 3.411287e+01 3.412170e+01 3.413052e+01 3.413936e+01 3.414818e+01 3.415700e+01 3.416580e+01 3.417462e+01 3.418343e+01 3.419223e+01 3.420103e+01 3.420984e+01 3.421863e+01 3.422742e+01 3.423621e+01 3.424500e+01 3.425377e+01 3.426254e+01 3.427132e+01 3.428009e+01 3.428886e+01 3.429762e+01 3.430638e+01 3.431514e+01 3.432390e+01 3.433264e+01 3.434138e+01 3.435013e+01 3.435887e+01 3.436761e+01 3.437634e+01 3.438507e+01 3.439380e+01 3.440251e+01 3.441124e+01 3.441995e+01 3.442867e+01 3.443738e+01 3.444608e+01 3.445479e+01 3.446349e+01 3.447218e+01 3.448087e+01 3.448956e+01 3.449825e+01 3.450693e+01 3.451559e+01 3.452428e+01 3.453294e+01 3.454161e+01 3.455028e+01 3.455894e+01 3.456760e+01 3.457626e+01 3.458492e+01 3.459355e+01 3.460220e+01 3.461084e+01 3.461948e+01 3.462811e+01 3.463675e+01 3.464537e+01 3.465401e+01 3.466263e+01 3.467123e+01 3.467986e+01 3.468846e+01 3.469708e+01 3.470567e+01 3.471428e+01 3.472289e+01 3.473148e+01 3.474007e+01 3.474866e+01 3.475725e+01 3.476582e+01 3.477440e+01 3.478297e+01 3.479155e+01 3.480013e+01 3.480869e+01 3.481725e+01 3.482581e+01 3.483437e+01 3.484291e+01 3.485146e+01 3.486000e+01 3.486855e+01 3.487709e+01 3.488562e+01 3.489417e+01 3.490269e+01 3.491121e+01 3.491974e+01 3.492825e+01 3.493678e+01 3.494528e+01 3.495380e+01 3.496231e+01 3.497081e+01 3.497931e+01 3.498781e+01 3.499631e+01 3.500479e+01 3.501328e+01 3.502176e+01 3.503024e+01 3.503873e+01 3.504720e+01 3.505566e+01 3.506413e+01 3.507260e+01 3.508107e+01 3.508952e+01 3.509798e+01 3.510643e+01 3.511488e+01 3.512334e+01 3.513177e+01 3.514021e+01 3.514865e+01 3.515709e+01 3.516551e+01 3.517393e+01 3.518236e+01 3.519078e+01 3.519920e+01 3.520761e+01 3.521603e+01 3.522444e+01 3.523285e+01 3.524124e+01 3.524965e+01 3.525804e+01 3.526643e+01 3.527483e+01 3.528320e+01 3.529160e+01 3.529997e+01 3.530835e+01 3.531673e+01 3.532509e+01 3.533347e+01 3.534183e+01 3.535019e+01 3.535855e+01 3.536690e+01 3.537524e+01 3.538361e+01 3.539195e+01 3.540028e+01 3.540863e+01 3.541696e+01 3.542529e+01 3.543362e+01 3.544196e+01 3.545029e+01 3.545860e+01 3.546692e+01 3.547523e+01 3.548355e+01 3.549185e+01 3.550017e+01 3.550847e+01 3.551677e+01 3.552505e+01 3.553336e+01 3.554164e+01 3.554993e+01 3.555821e+01 3.556650e+01 3.557477e+01 3.558305e+01 3.559132e+01 3.559959e+01 3.560786e+01 3.561612e+01 3.562437e+01 3.563264e+01 3.564090e+01 3.564914e+01 3.565739e+01 3.566563e+01 3.567387e+01 3.568211e+01 3.569035e+01 3.569859e+01 3.570682e+01 3.571504e+01 3.572327e+01 3.573149e+01 3.573970e+01 3.574792e+01 3.575613e+01 3.576434e+01 3.577255e+01 3.578075e+01 3.578896e+01 3.579715e+01 3.580534e+01 3.581354e+01 3.582172e+01 3.582991e+01 3.583809e+01 3.584627e+01 3.585445e+01 3.586261e+01 3.587079e+01 3.587895e+01 3.588712e+01 3.589528e+01 3.590344e+01 3.591159e+01 3.591974e+01 3.592790e+01 3.593604e+01 3.594418e+01 3.595233e+01 3.596046e+01 3.596860e+01 3.597673e+01 3.598486e+01 3.599298e+01 3.600111e+01 3.600923e+01 3.601735e+01 3.602547e+01 3.603357e+01 3.604169e+01 3.604979e+01 3.605789e+01 3.606599e+01 3.607408e+01 3.608218e+01 3.609027e+01 3.609836e+01 3.610645e+01 3.611453e+01 3.612260e+01 3.613069e+01 3.613876e+01 3.614684e+01 3.615489e+01 3.616296e+01 3.617102e+01 3.617908e+01 3.618713e+01 3.619519e+01 3.620325e+01 3.621129e+01 3.621935e+01 3.622739e+01 3.623541e+01 3.624345e+01 3.625150e+01 3.625952e+01 3.626755e+01 3.627557e+01 3.628360e+01 3.629161e+01 3.629964e+01 3.630765e+01 3.631566e+01 3.632367e+01 3.633167e+01 3.633968e+01 3.634767e+01 3.635567e+01 3.636366e+01 3.637166e+01 3.637964e+01 3.638763e+01 3.639561e+01 3.640359e+01 3.641156e+01 3.641954e+01 3.642751e+01 3.643549e+01 3.644345e+01 3.645142e+01 3.645937e+01 3.646733e+01 3.647528e+01 3.648323e+01 3.649118e+01 3.649913e+01 3.650706e+01 3.651501e+01 3.652295e+01 3.653088e+01 3.653882e+01 3.654675e+01 3.655467e+01 3.656259e+01 3.657051e+01 3.657843e+01 3.658635e+01 3.659427e+01 3.660217e+01 3.661008e+01 3.661798e+01 3.662589e+01 3.663379e+01 3.664168e+01 3.664958e+01 3.665747e+01 3.666536e+01 3.667323e+01 3.668112e+01 3.668900e+01 3.669688e+01 3.670476e+01 3.671263e+01 3.672049e+01 3.672836e+01 3.673622e+01 3.674408e+01 3.675194e+01 3.675980e+01 3.676765e+01 3.677550e+01 3.678334e+01 3.679118e+01 3.679903e+01 3.680687e+01 3.681471e+01 3.682254e+01 3.683037e+01 3.683820e+01 3.684602e+01 3.685385e+01 3.686166e+01 3.686948e+01 3.687730e+01 3.688512e+01 3.689291e+01 3.690073e+01 3.690852e+01 3.691634e+01 3.692413e+01</incidenceAngle>
        <terrainHeight>2.124294254428572e+03</terrainHeight>
        <roll>3.010335184771828e+01</roll>
      </antennaPattern>
      <antennaPattern>
        <swath>IW1</swath>
        <azimuthTime>2015-05-16T13:34:43.884398</azimuthTime>
        <slantRangeTime count="676">5.337093144532169e-03 5.337590461830731e-03 5.338087779129293e-03 5.338585096427855e-03 5.339082413726417e-03 5.339579731024979e-03 5.340077048323541e-03 5.340574365622103e-03 5.341071682920665e-03 5.341569000219227e-03 5.342066317517788e-03 5.342563634816350e-03 5.343060952114912e-03 5.343558269413474e-03 5.344055586712036e-03 5.344552904010597e-03 5.345050221309159e-03 5.345547538607721e-03 5.346044855906283e-03 5.346542173204845e-03 5.347039490503407e-03 5.347536807801969e-03 5.348034125100530e-03 5.348531442399092e-03 5.349028759697654e-03 5.349526076996216e-03 5.350023394294778e-03 5.350520711593340e-03 5.351018028891902e-03 5.351515346190464e-03 5.352012663489026e-03 5.352509980787588e-03 5.353007298086149e-03 5.353504615384711e-03 5.354001932683273e-03 5.354499249981835e-03 5.354996567280397e-03 5.355493884578959e-03 5.355991201877521e-03 5.356488519176083e-03 5.356985836474645e-03 5.357483153773207e-03 5.357980471071768e-03 5.358477788370330e-03 5.358975105668892e-03 5.359472422967454e-03 5.359969740266015e-03 5.360467057564577e-03 5.360964374863139e-03 5.361461692161701e-03 5.361959009460263e-03 5.362456326758825e-03 5.362953644057387e-03 5.363450961355948e-03 5.363948278654510e-03 5.364445595953072e-03 5.364942913251634e-03 5.365440230550196e-03 5.365937547848758e-03 5.366434865147320e-03 5.366932182445882e-03 5.367429499744444e-03 5.367926817043006e-03 5.368424134341567e-03 5.368921451640129e-03 5.369418768938691e-03 5.369916086237253e-03 5.370413403535815e-03 5.370910720834377e-03 5.371408038132939e-03 5.371905355431501e-03 5.372402672730063e-03 5.372899990028625e-03 5.373397307327187e-03 5.373894624625748e-03 5.374391941924310e-03 5.374889259222872e-03 5.375386576521433e-03 5.375883893819995e-03 5.376381211118557e-03 5.376878528417119e-03 5.377375845715681e-03 5.377873163014243e-03 5.378370480312805e-03 5.378867797611367e-03 5.379365114909928e-03 5.379862432208490e-03 5.380359749507052e-03 5.380857066805614e-03 5.381354384104176e-03 5.381851701402738e-03 5.382349018701300e-03 5.382846335999862e-03 5.383343653298424e-03 5.383840970596986e-03 5.384338287895547e-03 5.384835605194109e-03 5.385332922492671e-03 5.385830239791233e-03 5.386327557089795e-03 5.386824874388357e-03 5.387322191686919e-03 5.387819508985481e-03 5.388316826284043e-03 5.388814143582605e-03 5.389311460881166e-03 5.389808778179728e-03 5.390306095478289e-03 5.390803412776851e-03 5.391300730075413e-03 5.391798047373975e-03 5.392295364672537e-03 5.392792681971099e-03 5.393289999269661e-03 5.393787316568223e-03 5.394284633866785e-03 5.394781951165347e-03 5.395279268463908e-03 5.395776585762470e-03 5.396273903061032e-03 5.396771220359594e-03 5.397268537658156e-03 5.397765854956718e-03 5.398263172255280e-03 5.398760489553842e-03 5.399257806852404e-03 5.399755124150966e-03 5.400252441449527e-03 5.400749758748089e-03 5.401247076046651e-03 5.401744393345213e-03 5.402241710643775e-03 5.402739027942337e-03 5.403236345240899e-03 5.403733662539461e-03 5.404230979838023e-03 5.404728297136585e-03 5.405225614435146e-03 5.405722931733708e-03 5.406220249032269e-03 5.406717566330831e-03 5.407214883629393e-03 5.407712200927955e-03 5.408209518226517e-03 5.408706835525079e-03 5.409204152823641e-03 5.409701470122203e-03 5.410198787420765e-03 5.410696104719327e-03 5.411193422017888e-03 5.411690739316450e-03 5.412188056615012e-03 5.412685373913574e-03 5.413182691212136e-03 5.413680008510698e-03 5.414177325809260e-03 5.414674643107822e-03 5.415171960406384e-03 5.415669277704946e-03 5.416166595003507e-03 5.416663912302069e-03 5.417161229600631e-03 5.417658546899193e-03 5.418155864197755e-03 5.418653181496317e-03 5.419150498794879e-03 5.419647816093441e-03 5.420145133392003e-03 5.420642450690565e-03 5.421139767989126e-03 5.421637085287687e-03 5.422134402586249e-03 5.422631719884811e-03 5.423129037183373e-03 5.423626354481935e-03 5.424123671780497e-03 5.424620989079059e-03 5.425118306377621e-03 5.425615623676183e-03 5.426112940974745e-03 5.426610258273307e-03 5.427107575571868e-03 5.427604892870430e-03 5.428102210168992e-03 5.428599527467554e-03 5.429096844766116e-03 5.429594162064678e-03 5.430091479363240e-03 5.430588796661802e-03 5.431086113960364e-03 5.431583431258926e-03 5.432080748557487e-03 5.432578065856049e-03 5.433075383154611e-03 5.433572700453173e-03 5.434070017751735e-03 5.434567335050297e-03 5.435064652348859e-03 5.435561969647421e-03 5.436059286945982e-03 5.436556604244544e-03 5.437053921543106e-03 5.437551238841667e-03 5.438048556140229e-03 5.438545873438791e-03 5.439043190737353e-03 5.439540508035915e-03 5.440037825334477e-03 5.440535142633039e-03 5.441032459931601e-03 5.441529777230163e-03 5.442027094528725e-03 5.442524411827286e-03 5.443021729125848e-03 5.443519046424410e-03 5.444016363722972e-03 5.444513681021534e-03 5.445010998320096e-03 5.445508315618658e-03 5.446005632917220e-03 5.446502950215782e-03 5.447000267514344e-03 5.447497584812905e-03 5.447994902111467e-03 5.448492219410029e-03 5.448989536708591e-03 5.449486854007153e-03 5.449984171305715e-03 5.450481488604277e-03 5.450978805902839e-03 5.451476123201400e-03 5.451973440499962e-03 5.452470757798524e-03 5.452968075097086e-03 5.453465392395647e-03 5.453962709694209e-03 5.454460026992771e-03 5.454957344291333e-03 5.455454661589895e-03 5.455951978888457e-03 5.456449296187019e-03 5.456946613485581e-03 5.457443930784143e-03 5.457941248082705e-03 5.458438565381266e-03 5.458935882679828e-03 5.459433199978390e-03 5.459930517276952e-03 5.460427834575514e-03 5.460925151874076e-03 5.461422469172638e-03 5.461919786471200e-03 5.462417103769762e-03 5.462914421068324e-03 5.463411738366885e-03 5.463909055665447e-03 5.464406372964009e-03 5.464903690262571e-03 5.465401007561133e-03 5.465898324859695e-03 5.466395642158257e-03 5.466892959456818e-03 5.467390276755380e-03 5.467887594053942e-03 5.468384911352504e-03 5.468882228651066e-03 5.469379545949627e-03 5.469876863248189e-03 5.470374180546751e-03 5.470871497845313e-03 5.471368815143875e-03 5.471866132442437e-03 5.472363449740999e-03 5.472860767039561e-03 5.473358084338123e-03 5.473855401636685e-03 5.474352718935246e-03 5.474850036233808e-03 5.475347353532370e-03 5.475844670830932e-03 5.476341988129494e-03 5.476839305428056e-03 5.477336622726618e-03 5.477833940025180e-03 5.478331257323742e-03 5.478828574622304e-03 5.479325891920865e-03 5.479823209219427e-03 5.480320526517989e-03 5.480817843816551e-03 5.481315161115113e-03 5.481812478413674e-03 5.482309795712236e-03 5.482807113010798e-03 5.483304430309360e-03 5.483801747607922e-03 5.484299064906484e-03 5.484796382205046e-03 5.485293699503607e-03 5.485791016802169e-03 5.486288334100731e-03 5.486785651399293e-03 5.487282968697855e-03 5.487780285996417e-03 5.488277603294979e-03 5.488774920593541e-03 5.489272237892103e-03 5.489769555190665e-03 5.490266872489226e-03 5.490764189787788e-03 5.491261507086350e-03 5.491758824384912e-03 5.492256141683474e-03 5.492753458982036e-03 5.493250776280598e-03 5.493748093579160e-03 5.494245410877722e-03 5.494742728176284e-03 5.495240045474845e-03 5.495737362773407e-03 5.496234680071969e-03 5.496731997370531e-03 5.497229314669092e-03 5.497726631967654e-03 5.498223949266216e-03 5.498721266564778e-03 5.499218583863340e-03 5.499715901161902e-03 5.500213218460464e-03 5.500710535759025e-03 5.501207853057587e-03 5.501705170356149e-03 5.502202487654711e-03 5.502699804953273e-03 5.503197122251835e-03 5.503694439550397e-03 5.504191756848959e-03 5.504689074147521e-03 5.505186391446083e-03 5.505683708744645e-03 5.506181026043206e-03 5.506678343341768e-03 5.507175660640330e-03 5.507672977938892e-03 5.508170295237454e-03 5.508667612536016e-03 5.509164929834578e-03 5.509662247133140e-03 5.510159564431702e-03 5.510656881730264e-03 5.511154199028825e-03 5.511651516327387e-03 5.512148833625949e-03 5.512646150924510e-03 5.513143468223072e-03 5.513640785521634e-03 5.514138102820196e-03 5.514635420118758e-03 5.515132737417320e-03 5.515630054715882e-03 5.516127372014444e-03 5.516624689313005e-03 5.517122006611567e-03 5.517619323910129e-03 5.518116641208691e-03 5.518613958507253e-03 5.519111275805815e-03 5.519608593104377e-03 5.520105910402939e-03 5.520603227701501e-03 5.521100545000063e-03 5.521597862298624e-03 5.522095179597186e-03 5.522592496895748e-03 5.523089814194310e-03 5.523587131492872e-03 5.524084448791434e-03 5.524581766089996e-03 5.525079083388558e-03 5.525576400687120e-03 5.526073717985682e-03 5.526571035284243e-03 5.527068352582805e-03 5.527565669881366e-03 5.528062987179928e-03 5.528560304478490e-03 5.529057621777052e-03 5.529554939075614e-03 5.530052256374176e-03 5.530549573672738e-03 5.531046890971300e-03 5.531544208269862e-03 5.532041525568424e-03 5.532538842866985e-03 5.533036160165547e-03 5.533533477464109e-03 5.534030794762671e-03 5.534528112061233e-03 5.535025429359795e-03 5.535522746658357e-03 5.536020063956919e-03 5.536517381255481e-03 5.537014698554043e-03 5.537512015852604e-03 5.538009333151166e-03 5.538506650449728e-03 5.539003967748290e-03 5.539501285046852e-03 5.539998602345414e-03 5.540495919643976e-03 5.540993236942538e-03 5.541490554241100e-03 5.541987871539662e-03 5.542485188838223e-03 5.542982506136785e-03 5.543479823435346e-03 5.543977140733908e-03 5.544474458032470e-03 5.544971775331032e-03 5.545469092629594e-03 5.545966409928156e-03 5.546463727226718e-03 5.546961044525280e-03 5.547458361823842e-03 5.547955679122404e-03 5.548452996420965e-03 5.548950313719527e-03 5.549447631018089e-03 5.549944948316651e-03 5.550442265615213e-03 5.550939582913775e-03 5.551436900212337e-03 5.551934217510899e-03 5.552431534809461e-03 5.552928852108023e-03 5.553426169406584e-03 5.553923486705146e-03 5.554420804003708e-03 5.554918121302270e-03 5.555415438600832e-03 5.555912755899393e-03 5.556410073197954e-03 5.556907390496515e-03 5.557404707795076e-03 5.557902025093637e-03 5.558399342392198e-03 5.558896659690759e-03 5.559393976989320e-03 5.559891294287881e-03 5.560388611586442e-03 5.560885928885003e-03 5.561383246183565e-03 5.561880563482126e-03 5.562377880780687e-03 5.562875198079248e-03 5.563372515377809e-03 5.563869832676370e-03 5.564367149974932e-03 5.564864467273493e-03 5.565361784572054e-03 5.565859101870615e-03 5.566356419169176e-03 5.566853736467737e-03 5.567351053766298e-03 5.567848371064859e-03 5.568345688363421e-03 5.568843005661982e-03 5.569340322960543e-03 5.569837640259104e-03 5.570334957557665e-03 5.570832274856226e-03 5.571329592154787e-03 5.571826909453348e-03 5.572324226751909e-03 5.572821544050470e-03 5.573318861349031e-03 5.573816178647592e-03 5.574313495946153e-03 5.574810813244714e-03 5.575308130543276e-03 5.575805447841837e-03 5.576302765140398e-03 5.576800082438959e-03 5.577297399737520e-03 5.577794717036081e-03 5.578292034334642e-03 5.578789351633203e-03 5.579286668931764e-03 5.579783986230325e-03 5.580281303528886e-03 5.580778620827447e-03 5.581275938126008e-03 5.581773255424569e-03 5.582270572723131e-03 5.582767890021692e-03 5.583265207320253e-03 5.583762524618814e-03 5.584259841917375e-03 5.584757159215937e-03 5.585254476514498e-03 5.585751793813059e-03 5.586249111111620e-03 5.586746428410181e-03 5.587243745708742e-03 5.587741063007303e-03 5.588238380305864e-03 5.588735697604425e-03 5.589233014902987e-03 5.589730332201548e-03 5.590227649500109e-03 5.590724966798670e-03 5.591222284097231e-03 5.591719601395792e-03 5.592216918694353e-03 5.592714235992914e-03 5.593211553291475e-03 5.593708870590036e-03 5.594206187888597e-03 5.594703505187158e-03 5.595200822485719e-03 5.595698139784281e-03 5.596195457082842e-03 5.596692774381403e-03 5.597190091679964e-03 5.597687408978525e-03 5.598184726277086e-03 5.598682043575647e-03 5.599179360874208e-03 5.599676678172769e-03 5.600173995471330e-03 5.600671312769891e-03 5.601168630068452e-03 5.601665947367013e-03 5.602163264665574e-03 5.602660581964136e-03 5.603157899262697e-03 5.603655216561258e-03 5.604152533859819e-03 5.604649851158380e-03 5.605147168456942e-03 5.605644485755503e-03 5.606141803054064e-03 5.606639120352625e-03 5.607136437651186e-03 5.607633754949747e-03 5.608131072248308e-03 5.608628389546869e-03 5.609125706845430e-03 5.609623024143992e-03 5.610120341442553e-03 5.610617658741114e-03 5.611114976039675e-03 5.611612293338236e-03 5.612109610636797e-03 5.612606927935358e-03 5.613104245233919e-03 5.613601562532480e-03 5.614098879831041e-03 5.614596197129602e-03 5.615093514428163e-03 5.615590831726724e-03 5.616088149025285e-03 5.616585466323847e-03 5.617082783622408e-03 5.617580100920969e-03 5.618077418219530e-03 5.618574735518091e-03 5.619072052816652e-03 5.619569370115213e-03 5.620066687413774e-03 5.620564004712335e-03 5.621061322010896e-03 5.621558639309457e-03 5.622055956608018e-03 5.622553273906579e-03 5.623050591205140e-03 5.623547908503702e-03 5.624045225802263e-03 5.624542543100824e-03 5.625039860399385e-03 5.625537177697947e-03 5.626034494996508e-03 5.626531812295069e-03 5.627029129593630e-03 5.627526446892191e-03 5.628023764190752e-03 5.628521081489313e-03 5.629018398787874e-03 5.629515716086435e-03 5.630013033384996e-03 5.630510350683558e-03 5.631007667982119e-03 5.631504985280680e-03 5.632002302579241e-03 5.632499619877802e-03 5.632996937176363e-03 5.633494254474924e-03 5.633991571773485e-03 5.634488889072046e-03 5.634986206370607e-03 5.635483523669168e-03 5.635980840967729e-03 5.636478158266290e-03 5.636975475564851e-03 5.637472792863413e-03 5.637970110161974e-03 5.638467427460535e-03 5.638964744759096e-03 5.639462062057657e-03 5.639959379356218e-03 5.640456696654779e-03 5.640954013953340e-03 5.641451331251901e-03 5.641948648550462e-03 5.642445965849023e-03 5.642943283147584e-03 5.643440600446145e-03 5.643937917744707e-03 5.644435235043268e-03 5.644932552341829e-03 5.645429869640391e-03 5.645927186938952e-03 5.646424504237513e-03 5.646921821536074e-03 5.647419138834635e-03 5.647916456133196e-03 5.648413773431757e-03 5.648911090730318e-03 5.649408408028879e-03 5.649905725327440e-03 5.650403042626001e-03 5.650900359924562e-03 5.651397677223124e-03 5.651894994521685e-03 5.652392311820246e-03 5.652889629118807e-03 5.653386946417368e-03 5.653884263715929e-03 5.654381581014490e-03 5.654878898313051e-03 5.655376215611612e-03 5.655873532910173e-03 5.656370850208734e-03 5.656868167507295e-03 5.657365484805856e-03 5.657862802104417e-03 5.658360119402979e-03 5.658857436701540e-03 5.659354754000101e-03 5.659852071298662e-03 5.660349388597223e-03 5.660846705895784e-03 5.661344023194345e-03 5.661841340492906e-03 5.662338657791467e-03 5.662835975090028e-03 5.663333292388589e-03 5.663830609687150e-03 5.664327926985712e-03 5.664825244284273e-03 5.665322561582834e-03 5.665819878881396e-03 5.666317196179957e-03 5.666814513478518e-03 5.667311830777079e-03 5.667809148075640e-03 5.668306465374201e-03 5.668803782672762e-03 5.669301099971323e-03 5.669798417269884e-03 5.670295734568445e-03 5.670793051867006e-03 5.671290369165567e-03 5.671787686464129e-03 5.672285003762690e-03 5.672782321061251e-03</slantRangeTime>
        <elevationAngle count="676">2.753984e+01 2.754876e+01 2.755767e+01 2.756658e+01 2.757549e+01 2.758438e+01 2.759328e+01 2.760217e+01 2.761106e+01 2.761994e+01 2.762882e+01 2.763769e+01 2.764656e+01 2.765542e+01 2.766429e+01 2.767314e+01 2.768199e+01 2.769084e+01 2.769968e+01 2.770852e+01 2.771735e+01 2.772618e+01 2.773501e+01 2.774383e+01 2.775265e+01 2.776146e+01 2.777027e+01 2.777907e+01 2.778787e+01 2.779667e+01 2.780546e+01 2.781424e+01 2.782302e+01 2.783180e+01 2.784058e+01 2.784935e+01 2.785811e+01 2.786687e+01 2.787563e+01 2.788438e+01 2.789313e+01 2.790187e+01 2.791061e+01 2.791935e+01 2.792808e+01 2.793680e+01 2.794553e+01 2.795424e+01 2.796296e+01 2.797167e+01 2.798037e+01 2.798907e+01 2.799777e+01 2.800646e+01 2.801515e+01 2.802384e+01 2.803252e+01 2.804119e+01 2.804987e+01 2.805853e+01 2.806720e+01 2.807586e+01 2.808451e+01 2.809316e+01 2.810181e+01 2.811045e+01 2.811909e+01 2.812773e+01 2.813635e+01 2.814498e+01 2.815360e+01 2.816222e+01 2.817084e+01 2.817944e+01 2.818805e+01 2.819665e+01 2.820525e+01 2.821384e+01 2.822243e+01 2.823101e+01 2.823960e+01 2.824817e+01 2.825674e+01 2.826531e+01 2.827388e+01 2.828244e+01 2.829099e+01 2.829955e+01 2.830810e+01 2.831664e+01 2.832518e+01 2.833372e+01 2.834225e+01 2.835077e+01 2.835930e+01 2.836782e+01 2.837634e+01 2.838485e+01 2.839335e+01 2.840186e+01 2.841036e+01 2.841885e+01 2.842735e+01 2.843583e+01 2.844432e+01 2.845280e+01 2.846127e+01 2.846974e+01 2.847821e+01 2.848668e+01 2.849513e+01 2.850359e+01 2.851204e+01 2.852049e+01 2.852893e+01 2.853737e+01 2.854581e+01 2.855424e+01 2.856267e+01 2.857109e+01 2.857951e+01 2.858793e+01 2.859634e+01 2.860475e+01 2.861316e+01 2.862156e+01 2.862995e+01 2.863835e+01 2.864673e+01 2.865512e+01 2.866350e+01 2.867188e+01 2.868025e+01 2.868862e+01 2.869699e+01 2.870535e+01 2.871371e+01 2.872206e+01 2.873041e+01 2.873875e+01 2.874710e+01 2.875544e+01 2.876377e+01 2.877210e+01 2.878043e+01 2.878875e+01 2.879707e+01 2.880539e+01 2.881370e+01 2.882200e+01 2.883031e+01 2.883861e+01 2.884690e+01 2.885520e+01 2.886349e+01 2.887177e+01 2.888005e+01 2.888833e+01 2.889660e+01 2.890487e+01 2.891314e+01 2.892140e+01 2.892966e+01 2.893791e+01 2.894616e+01 2.895441e+01 2.896265e+01 2.897089e+01 2.897913e+01 2.898736e+01 2.899559e+01 2.900381e+01 2.901203e+01 2.902025e+01 2.902846e+01 2.903667e+01 2.904488e+01 2.905308e+01 2.906128e+01 2.906947e+01 2.907766e+01 2.908585e+01 2.909403e+01 2.910221e+01 2.911039e+01 2.911856e+01 2.912673e+01 2.913489e+01 2.914305e+01 2.915121e+01 2.915936e+01 2.916751e+01 2.917566e+01 2.918380e+01 2.919194e+01 2.920008e+01 2.920821e+01 2.921634e+01 2.922446e+01 2.923258e+01 2.924070e+01 2.924881e+01 2.925692e+01 2.926503e+01 2.927313e+01 2.928123e+01 2.928932e+01 2.929742e+01 2.930550e+01 2.931359e+01 2.932167e+01 2.932975e+01 2.933782e+01 2.934589e+01 2.935396e+01 2.936202e+01 2.937008e+01 2.937813e+01 2.938618e+01 2.939423e+01 2.940228e+01 2.941032e+01 2.941836e+01 2.942639e+01 2.943442e+01 2.944245e+01 2.945047e+01 2.945849e+01 2.946651e+01 2.947452e+01 2.948253e+01 2.949053e+01 2.949854e+01 2.950653e+01 2.951453e+01 2.952252e+01 2.953051e+01 2.953849e+01 2.954647e+01 2.955445e+01 2.956242e+01 2.957039e+01 2.957836e+01 2.958632e+01 2.959428e+01 2.960224e+01 2.961019e+01 2.961814e+01 2.962609e+01 2.963403e+01 2.964197e+01 2.964990e+01 2.965784e+01 2.966576e+01 2.967369e+01 2.968161e+01 2.968953e+01 2.969744e+01 2.970535e+01 2.971326e+01 2.972116e+01 2.972906e+01 2.973696e+01 2.974486e+01 2.975274e+01 2.976063e+01 2.976851e+01 2.977640e+01 2.978427e+01 2.979214e+01 2.980001e+01 2.980788e+01 2.981574e+01 2.982360e+01 2.983146e+01 2.983931e+01 2.984716e+01 2.985501e+01 2.986285e+01 2.987069e+01 2.987852e+01 2.988635e+01 2.989418e+01 2.990201e+01 2.990983e+01 2.991765e+01 2.992546e+01 2.993328e+01 2.994108e+01 2.994889e+01 2.995669e+01 2.996449e+01 2.997228e+01 2.998008e+01 2.998786e+01 2.999565e+01 3.000343e+01 3.001121e+01 3.001898e+01 3.002675e+01 3.003452e+01 3.004229e+01 3.005005e+01 3.005781e+01 3.006556e+01 3.007331e+01 3.008106e+01 3.008881e+01 3.009655e+01 3.010429e+01 3.011202e+01 3.011975e+01 3.012748e+01 3.013521e+01 3.014293e+01 3.015065e+01 3.015836e+01 3.016607e+01 3.017378e+01 3.018149e+01 3.018919e+01 3.019689e+01 3.020458e+01 3.021227e+01 3.021996e+01 3.022765e+01 3.023533e+01 3.024301e+01 3.025069e+01 3.025836e+01 3.026603e+01 3.027369e+01 3.028136e+01 3.028902e+01 3.029667e+01 3.030433e+01 3.031198e+01 3.031962e+01 3.032727e+01 3.033491e+01 3.034254e+01 3.035018e+01 3.035781e+01 3.036543e+01 3.037306e+01 3.038068e+01 3.038830e+01 3.039591e+01 3.040352e+01 3.041113e+01 3.041874e+01 3.042634e+01 3.043394e+01 3.044153e+01 3.044912e+01 3.045671e+01 3.046430e+01 3.047188e+01 3.047946e+01 3.048704e+01 3.049461e+01 3.050218e+01 3.050975e+01 3.051731e+01 3.052487e+01 3.053243e+01 3.053998e+01 3.054753e+01 3.055508e+01 3.056262e+01 3.057017e+01 3.057770e+01 3.058524e+01 3.059277e+01 3.060030e+01 3.060783e+01 3.061535e+01 3.062287e+01 3.063038e+01 3.063790e+01 3.064541e+01 3.065291e+01 3.066042e+01 3.066792e+01 3.067542e+01 3.068291e+01 3.069040e+01 3.069789e+01 3.070538e+01 3.071286e+01 3.072034e+01 3.072781e+01 3.073529e+01 3.074276e+01 3.075022e+01 3.075769e+01 3.076515e+01 3.077261e+01 3.078006e+01 3.078751e+01 3.079496e+01 3.080240e+01 3.080985e+01 3.081729e+01 3.082472e+01 3.083216e+01 3.083958e+01 3.084701e+01 3.085443e+01 3.086186e+01 3.086927e+01 3.087669e+01 3.088410e+01 3.089151e+01 3.089891e+01 3.090632e+01 3.091372e+01 3.092111e+01 3.092851e+01 3.093590e+01 3.094328e+01 3.095067e+01 3.095805e+01 3.096543e+01 3.097281e+01 3.098018e+01 3.098755e+01 3.099491e+01 3.100228e+01 3.100964e+01 3.101699e+01 3.102435e+01 3.103170e+01 3.103905e+01 3.104639e+01 3.105374e+01 3.106108e+01 3.106841e+01 3.107575e+01 3.108308e+01 3.109040e+01 3.109773e+01 3.110505e+01 3.111237e+01 3.111969e+01 3.112700e+01 3.113431e+01 3.114161e+01 3.114892e+01 3.115622e+01 3.116352e+01 3.117081e+01 3.117811e+01 3.118539e+01 3.119268e+01 3.119996e+01 3.120724e+01 3.121452e+01 3.122180e+01 3.122907e+01 3.123634e+01 3.124360e+01 3.125087e+01 3.125813e+01 3.126538e+01 3.127264e+01 3.127989e+01 3.128714e+01 3.129438e+01 3.130162e+01 3.130886e+01 3.131610e+01 3.132334e+01 3.133057e+01 3.133779e+01 3.134502e+01 3.135224e+01 3.135946e+01 3.136668e+01 3.137389e+01 3.138110e+01 3.138831e+01 3.139552e+01 3.140272e+01 3.140992e+01 3.141711e+01 3.142431e+01 3.143150e+01 3.143868e+01 3.144587e+01 3.145305e+01 3.146023e+01 3.146741e+01 3.147458e+01 3.148175e+01 3.148892e+01 3.149608e+01 3.150325e+01 3.151041e+01 3.151756e+01 3.152472e+01 3.153187e+01 3.153902e+01 3.154616e+01 3.155330e+01 3.156044e+01 3.156758e+01 3.157471e+01 3.158184e+01 3.158897e+01 3.159610e+01 3.160322e+01 3.161034e+01 3.161746e+01 3.162457e+01 3.163169e+01 3.163879e+01 3.164590e+01 3.165300e+01 3.166010e+01 3.166720e+01 3.167430e+01 3.168139e+01 3.168848e+01 3.169556e+01 3.170265e+01 3.170973e+01 3.171680e+01 3.172388e+01 3.173095e+01 3.173802e+01 3.174509e+01 3.175215e+01 3.175922e+01 3.176627e+01 3.177333e+01 3.178038e+01 3.178743e+01 3.179448e+01 3.180153e+01 3.180857e+01 3.181561e+01 3.182265e+01 3.182968e+01 3.183671e+01 3.184374e+01 3.185077e+01 3.185779e+01 3.186481e+01 3.187183e+01 3.187884e+01 3.188585e+01 3.189286e+01 3.189987e+01 3.190687e+01 3.191387e+01 3.192087e+01 3.192787e+01 3.193486e+01 3.194185e+01 3.194884e+01 3.195583e+01 3.196281e+01 3.196979e+01 3.197676e+01 3.198374e+01 3.199071e+01 3.199768e+01 3.200465e+01 3.201161e+01 3.201857e+01 3.202553e+01 3.203248e+01 3.203944e+01 3.204639e+01 3.205333e+01 3.206028e+01 3.206722e+01 3.207416e+01 3.208110e+01 3.208803e+01 3.209496e+01 3.210189e+01 3.210882e+01 3.211574e+01 3.212266e+01 3.212958e+01 3.213649e+01 3.214341e+01 3.215032e+01 3.215723e+01 3.216413e+01 3.217103e+01 3.217793e+01 3.218483e+01 3.219172e+01 3.219862e+01 3.220551e+01 3.221239e+01 3.221928e+01 3.222615e+01 3.223304e+01 3.223991e+01 3.224678e+01 3.225365e+01 3.226052e+01 3.226739e+01 3.227425e+01 3.228111e+01 3.228797e+01 3.229482e+01 3.230168e+01 3.230853e+01 3.231537e+01 3.232222e+01 3.232906e+01 3.233590e+01 3.234274e+01 3.234957e+01 3.235640e+01 3.236323e+01 3.237006e+01 3.237688e+01 3.238371e+01 3.239052e+01 3.239734e+01 3.240415e+01 3.241096e+01 3.241777e+01 3.242458e+01 3.243138e+01 3.243818e+01 3.244498e+01 3.245178e+01 3.245857e+01 3.246536e+01 3.247215e+01 3.247894e+01 3.248572e+01 3.249250e+01 3.249928e+01 3.250605e+01 3.251283e+01 3.251959e+01 3.252636e+01 3.253313e+01 3.253989e+01 3.254665e+01 3.255341e+01 3.256016e+01 3.256691e+01 3.257366e+01 3.258041e+01 3.258715e+01 3.259390e+01 3.260064e+01 3.260738e+01 3.261411e+01 3.262084e+01 3.262757e+01 3.263430e+01 3.264103e+01 3.264775e+01 3.265446e+01 3.266118e+01 3.266790e+01 3.267461e+01 3.268132e+01 3.268803e+01 3.269473e+01 3.270144e+01 3.270813e+01 3.271483e+01 3.272153e+01 3.272822e+01 3.273491e+01</elevationAngle>
        <elevationPattern count="676">1.295867e+14 -1.451106e+14 1.297115e+14 -1.462164e+14 1.298207e+14 -1.473268e+14 1.298921e+14 -1.484493e+14 1.299632e+14 -1.495712e+14 1.300344e+14 -1.506926e+14 1.301056e+14 -1.518135e+14 1.301768e+14 -1.529337e+14 1.302000e+14 -1.540534e+14 1.302000e+14 -1.551725e+14 1.302000e+14 -1.562912e+14 1.302000e+14 -1.574092e+14 1.302000e+14 -1.585267e+14 1.301979e+14 -1.596437e+14 1.301447e+14 -1.607600e+14 1.300916e+14 -1.618759e+14 1.300385e+14 -1.629912e+14 1.299854e+14 -1.641059e+14 1.299324e+14 -1.652201e+14 1.298518e+14 -1.663338e+14 1.297281e+14 -1.674468e+14 1.296045e+14 -1.685594e+14 1.294809e+14 -1.696714e+14 1.293575e+14 -1.707828e+14 1.292340e+14 -1.718937e+14 1.290724e+14 -1.730169e+14 1.288962e+14 -1.741442e+14 1.287201e+14 -1.752711e+14 1.285441e+14 -1.763974e+14 1.283682e+14 -1.775232e+14 1.281902e+14 -1.786477e+14 1.279617e+14 -1.797548e+14 1.277334e+14 -1.808614e+14 1.275052e+14 -1.819674e+14 1.272770e+14 -1.830728e+14 1.270490e+14 -1.841778e+14 1.267908e+14 -1.852821e+14 1.264755e+14 -1.863860e+14 1.261602e+14 -1.874893e+14 1.258451e+14 -1.885921e+14 1.255302e+14 -1.896943e+14 1.252154e+14 -1.907960e+14 1.248676e+14 -1.918972e+14 1.245007e+14 -1.929977e+14 1.241340e+14 -1.940978e+14 1.237675e+14 -1.951974e+14 1.234012e+14 -1.962964e+14 1.230350e+14 -1.973950e+14 1.226217e+14 -1.984771e+14 1.222037e+14 -1.995571e+14 1.217858e+14 -2.006366e+14 1.213682e+14 -2.017156e+14 1.209507e+14 -2.027940e+14 1.205196e+14 -2.038692e+14 1.200156e+14 -2.049292e+14 1.195119e+14 -2.059886e+14 1.190085e+14 -2.070477e+14 1.185053e+14 -2.081061e+14 1.180023e+14 -2.091641e+14 1.174789e+14 -2.102216e+14 1.169244e+14 -2.112785e+14 1.163702e+14 -2.123350e+14 1.158163e+14 -2.133909e+14 1.152626e+14 -2.144463e+14 1.147092e+14 -2.155012e+14 1.141131e+14 -2.165449e+14 1.134911e+14 -2.175815e+14 1.128694e+14 -2.186177e+14 1.122480e+14 -2.196532e+14 1.116270e+14 -2.206884e+14 1.110062e+14 -2.217230e+14 1.103428e+14 -2.227428e+14 1.096710e+14 -2.237593e+14 1.089994e+14 -2.247752e+14 1.083283e+14 -2.257907e+14 1.076573e+14 -2.268056e+14 1.069854e+14 -2.278200e+14 1.062464e+14 -2.288340e+14 1.055077e+14 -2.298475e+14 1.047694e+14 -2.308605e+14 1.040315e+14 -2.318731e+14 1.032939e+14 -2.328852e+14 1.025450e+14 -2.338900e+14 1.017481e+14 -2.348668e+14 1.009516e+14 -2.358432e+14 1.001555e+14 -2.368191e+14 9.935974e+13 -2.377945e+14 9.856440e+13 -2.387694e+14 9.774589e+13 -2.397319e+14 9.688466e+13 -2.406717e+14 9.602380e+13 -2.416111e+14 9.516338e+13 -2.425501e+14 9.430335e+13 -2.434886e+14 9.344376e+13 -2.444267e+14 9.255332e+13 -2.453559e+14 9.163146e+13 -2.462760e+14 9.071005e+13 -2.471957e+14 8.978908e+13 -2.481150e+14 8.886854e+13 -2.490338e+14 8.794842e+13 -2.499522e+14 8.698973e+13 -2.508491e+14 8.600760e+13 -2.517326e+14 8.502597e+13 -2.526157e+14 8.404478e+13 -2.534984e+14 8.306406e+13 -2.543807e+14 8.208384e+13 -2.552627e+14 8.106192e+13 -2.561194e+14 8.002498e+13 -2.569665e+14 7.898854e+13 -2.578133e+14 7.795258e+13 -2.586597e+14 7.691712e+13 -2.595057e+14 7.588212e+13 -2.603513e+14 7.479748e+13 -2.611825e+14 7.370261e+13 -2.620103e+14 7.260830e+13 -2.628379e+14 7.151450e+13 -2.636650e+14 7.042120e+13 -2.644917e+14 6.932840e+13 -2.653181e+14 6.818447e+13 -2.660984e+14 6.703545e+13 -2.668735e+14 6.588691e+13 -2.676481e+14 6.473893e+13 -2.684224e+14 6.359150e+13 -2.691964e+14 6.244459e+13 -2.699699e+14 6.124490e+13 -2.707108e+14 6.004362e+13 -2.714501e+14 5.884289e+13 -2.721890e+14 5.764274e+13 -2.729275e+14 5.644315e+13 -2.736658e+14 5.524380e+13 -2.744033e+14 5.399002e+13 -2.750907e+14 5.273678e+13 -2.757775e+14 5.148416e+13 -2.764642e+14 5.023210e+13 -2.771504e+14 4.898063e+13 -2.778365e+14 4.772812e+13 -2.785210e+14 4.642767e+13 -2.791729e+14 4.512781e+13 -2.798245e+14 4.382855e+13 -2.804758e+14 4.252991e+13 -2.811268e+14 4.123185e+13 -2.817775e+14 3.993226e+13 -2.824258e+14 3.858539e+13 -2.830259e+14 3.723915e+13 -2.836256e+14 3.589354e+13 -2.842252e+14 3.454855e+13 -2.848244e+14 3.320418e+13 -2.854234e+14 3.185859e+13 -2.860203e+14 3.046558e+13 -2.865688e+14 2.907322e+13 -2.871171e+14 2.768152e+13 -2.876653e+14 2.629042e+13 -2.882130e+14 2.489999e+13 -2.887605e+14 2.350958e+13 -2.893073e+14 2.207731e+13 -2.898211e+14 2.064571e+13 -2.903349e+14 1.921477e+13 -2.908482e+14 1.778448e+13 -2.913615e+14 1.635485e+13 -2.918744e+14 1.492587e+13 -2.923870e+14 1.345501e+13 -2.928513e+14 1.198372e+13 -2.933138e+14 1.051310e+13 -2.937764e+14 9.043154e+12 -2.942385e+14 7.573889e+12 -2.947007e+14 6.105288e+12 -2.951625e+14 4.598887e+12 -2.955635e+14 3.089774e+12 -2.959590e+14 1.581349e+12 -2.963543e+14 7.361298e+10 -2.967495e+14 -1.433436e+12 -2.971444e+14 -2.939798e+12 -2.975392e+14 -4.476063e+12 -2.979059e+14 -6.017209e+12 -2.982675e+14 -7.557648e+12 -2.986287e+14 -9.097390e+12 -2.989900e+14 -1.063643e+13 -2.993511e+14 -1.217477e+13 -2.997119e+14 -1.373993e+13 -3.000231e+14 -1.531326e+13 -3.003181e+14 -1.688587e+13 -3.006129e+14 -1.845778e+13 -3.009077e+14 -2.002896e+13 -3.012023e+14 -2.159943e+13 -3.014967e+14 -2.319043e+13 -3.017592e+14 -2.479218e+13 -3.020045e+14 -2.639320e+13 -3.022496e+14 -2.799348e+13 -3.024944e+14 -2.959305e+13 -3.027393e+14 -3.119189e+13 -3.029839e+14 -3.280459e+13 -3.031943e+14 -3.442970e+13 -3.033736e+14 -3.605409e+13 -3.035528e+14 -3.767772e+13 -3.037319e+14 -3.930064e+13 -3.039110e+14 -4.092282e+13 -3.040900e+14 -4.255491e+13 -3.042563e+14 -4.420327e+13 -3.044027e+14 -4.585089e+13 -3.045488e+14 -4.749777e+13 -3.046951e+14 -4.914390e+13 -3.048412e+14 -5.078929e+13 -3.049872e+14 -5.243985e+13 -3.051184e+14 -5.410970e+13 -3.051995e+14 -5.577882e+13 -3.052806e+14 -5.744718e+13 -3.053616e+14 -5.911480e+13 -3.054426e+14 -6.078163e+13 -3.055233e+14 -6.244880e+13 -3.056009e+14 -6.413355e+13 -3.056170e+14 -6.581758e+13 -3.056332e+14 -6.750083e+13 -3.056493e+14 -6.918335e+13 -3.056655e+14 -7.086510e+13 -3.056816e+14 -7.254612e+13 -3.056978e+14 -7.424304e+13 -3.056723e+14 -7.594190e+13 -3.056400e+14 -7.764000e+13 -3.056078e+14 -7.933733e+13 -3.055755e+14 -8.103392e+13 -3.055434e+14 -8.272974e+13 -3.055112e+14 -8.443528e+13 -3.054475e+14 -8.614566e+13 -3.053672e+14 -8.785532e+13 -3.052869e+14 -8.956421e+13 -3.052066e+14 -9.127230e+13 -3.051263e+14 -9.297963e+13 -3.050460e+14 -9.469308e+13 -3.049386e+14 -9.641496e+13 -3.047943e+14 -9.813605e+13 -3.046500e+14 -9.985640e+13 -3.045059e+14 -1.015760e+14 -3.043618e+14 -1.032948e+14 -3.042177e+14 -1.050146e+14 -3.040651e+14 -1.067415e+14 -3.038731e+14 -1.084676e+14 -3.036813e+14 -1.101930e+14 -3.034895e+14 -1.119176e+14 -3.032981e+14 -1.136414e+14 -3.031065e+14 -1.153645e+14 -3.029151e+14 -1.170868e+14 -3.026796e+14 -1.188084e+14 -3.024406e+14 -1.205292e+14 -3.022015e+14 -1.222493e+14 -3.019626e+14 -1.239685e+14 -3.017238e+14 -1.256871e+14 -3.014851e+14 -1.274048e+14 -3.012057e+14 -1.291219e+14 -3.009036e+14 -1.308381e+14 -3.006016e+14 -1.325536e+14 -3.002999e+14 -1.342684e+14 -2.999981e+14 -1.359824e+14 -2.996967e+14 -1.377011e+14 -2.993731e+14 -1.394295e+14 -2.990085e+14 -1.411571e+14 -2.986439e+14 -1.428839e+14 -2.982796e+14 -1.446100e+14 -2.979153e+14 -1.463353e+14 -2.975512e+14 -1.480599e+14 -2.971863e+14 -1.497837e+14 -2.967909e+14 -1.515067e+14 -2.963956e+14 -1.532291e+14 -2.960006e+14 -1.549506e+14 -2.956058e+14 -1.566715e+14 -2.952111e+14 -1.583915e+14 -2.948167e+14 -1.601108e+14 -2.943779e+14 -1.618294e+14 -2.939206e+14 -1.635471e+14 -2.934635e+14 -1.652643e+14 -2.930068e+14 -1.669806e+14 -2.925502e+14 -1.686961e+14 -2.920937e+14 -1.704054e+14 -2.916207e+14 -1.721037e+14 -2.911175e+14 -1.738013e+14 -2.906144e+14 -1.754981e+14 -2.901116e+14 -1.771943e+14 -2.896091e+14 -1.788897e+14 -2.891068e+14 -1.805844e+14 -2.886047e+14 -1.822783e+14 -2.880406e+14 -1.839715e+14 -2.874762e+14 -1.856640e+14 -2.869121e+14 -1.873556e+14 -2.863481e+14 -1.890466e+14 -2.857844e+14 -1.907369e+14 -2.852211e+14 -1.924169e+14 -2.846388e+14 -1.940901e+14 -2.840446e+14 -1.957624e+14 -2.834506e+14 -1.974342e+14 -2.828570e+14 -1.991052e+14 -2.822635e+14 -2.007755e+14 -2.816704e+14 -2.024418e+14 -2.810645e+14 -2.040951e+14 -2.804095e+14 -2.057476e+14 -2.797547e+14 -2.073994e+14 -2.791003e+14 -2.090505e+14 -2.784460e+14 -2.107009e+14 -2.777921e+14 -2.123506e+14 -2.771385e+14 -2.139873e+14 -2.764606e+14 -2.156199e+14 -2.757764e+14 -2.172520e+14 -2.750926e+14 -2.188833e+14 -2.744089e+14 -2.205140e+14 -2.737256e+14 -2.221438e+14 -2.730426e+14 -2.238821e+14 -2.722234e+14 -2.258209e+14 -2.711533e+14 -2.277587e+14 -2.700835e+14 -2.296957e+14 -2.690143e+14 -2.316319e+14 -2.679454e+14 -2.335674e+14 -2.668772e+14 -2.355019e+14 -2.658094e+14 -2.368109e+14 -2.656028e+14 -2.380479e+14 -2.654945e+14 -2.392844e+14 -2.653864e+14 -2.405204e+14 -2.652782e+14 -2.417559e+14 -2.651701e+14 -2.429908e+14 -2.650621e+14 -2.443631e+14 -2.646454e+14 -2.459210e+14 -2.638127e+14 -2.474780e+14 -2.629800e+14 -2.490345e+14 -2.621479e+14 -2.505903e+14 -2.613161e+14 -2.521454e+14 -2.604845e+14 -2.537000e+14 -2.596536e+14 -2.552394e+14 -2.587940e+14 -2.567771e+14 -2.579328e+14 -2.583142e+14 -2.570720e+14 -2.598507e+14 -2.562116e+14 -2.613865e+14 -2.553516e+14 -2.629216e+14 -2.544918e+14 -2.644430e+14 -2.536128e+14 -2.659463e+14 -2.527079e+14 -2.674489e+14 -2.518033e+14 -2.689507e+14 -2.508990e+14 -2.704520e+14 -2.499952e+14 -2.719526e+14 -2.490918e+14 -2.734527e+14 -2.481887e+14 -2.749245e+14 -2.472585e+14 -2.763926e+14 -2.463255e+14 -2.778601e+14 -2.453931e+14 -2.793270e+14 -2.444609e+14 -2.807933e+14 -2.435292e+14 -2.822590e+14 -2.425980e+14 -2.837132e+14 -2.416452e+14 -2.851470e+14 -2.406536e+14 -2.865805e+14 -2.396625e+14 -2.880131e+14 -2.386718e+14 -2.894453e+14 -2.376815e+14 -2.908768e+14 -2.366916e+14 -2.923076e+14 -2.357021e+14 -2.937017e+14 -2.347010e+14 -2.950858e+14 -2.336972e+14 -2.964692e+14 -2.326937e+14 -2.978522e+14 -2.316908e+14 -2.992344e+14 -2.306881e+14 -3.006163e+14 -2.296860e+14 -3.019908e+14 -2.286744e+14 -3.033412e+14 -2.276276e+14 -3.046909e+14 -2.265813e+14 -3.060400e+14 -2.255353e+14 -3.073886e+14 -2.244899e+14 -3.087365e+14 -2.234448e+14 -3.100840e+14 -2.224001e+14 -3.114028e+14 -2.213372e+14 -3.127038e+14 -2.202632e+14 -3.140041e+14 -2.191896e+14 -3.153039e+14 -2.181165e+14 -3.166032e+14 -2.170438e+14 -3.179020e+14 -2.159716e+14 -3.192003e+14 -2.148999e+14 -3.204678e+14 -2.137833e+14 -3.217346e+14 -2.126671e+14 -3.230011e+14 -2.115514e+14 -3.242670e+14 -2.104362e+14 -3.255323e+14 -2.093214e+14 -3.267973e+14 -2.082072e+14 -3.280396e+14 -2.070879e+14 -3.292432e+14 -2.059594e+14 -3.304463e+14 -2.048316e+14 -3.316489e+14 -2.037041e+14 -3.328510e+14 -2.025771e+14 -3.340528e+14 -2.014507e+14 -3.352538e+14 -2.003246e+14 -3.364118e+14 -1.991669e+14 -3.375518e+14 -1.979968e+14 -3.386915e+14 -1.968271e+14 -3.398306e+14 -1.956580e+14 -3.409694e+14 -1.944893e+14 -3.421076e+14 -1.933211e+14 -3.432434e+14 -1.921528e+14 -3.443360e+14 -1.909706e+14 -3.454279e+14 -1.897890e+14 -3.465194e+14 -1.886077e+14 -3.476103e+14 -1.874269e+14 -3.487011e+14 -1.862468e+14 -3.497912e+14 -1.850670e+14 -3.508600e+14 -1.838773e+14 -3.518897e+14 -1.826688e+14 -3.529188e+14 -1.814606e+14 -3.539473e+14 -1.802529e+14 -3.549758e+14 -1.790459e+14 -3.560036e+14 -1.778392e+14 -3.570310e+14 -1.766331e+14 -3.580199e+14 -1.754084e+14 -3.589871e+14 -1.741735e+14 -3.599536e+14 -1.729391e+14 -3.609200e+14 -1.717052e+14 -3.618859e+14 -1.704719e+14 -3.628514e+14 -1.692390e+14 -3.638165e+14 -1.680067e+14 -3.647270e+14 -1.667613e+14 -3.656320e+14 -1.655151e+14 -3.665366e+14 -1.642694e+14 -3.674407e+14 -1.630242e+14 -3.683446e+14 -1.617796e+14 -3.692481e+14 -1.605354e+14 -3.701389e+14 -1.592893e+14 -3.709676e+14 -1.580314e+14 -3.717960e+14 -1.567740e+14 -3.726241e+14 -1.555171e+14 -3.734518e+14 -1.542607e+14 -3.742792e+14 -1.530048e+14 -3.751063e+14 -1.517495e+14 -3.759033e+14 -1.504887e+14 -3.766558e+14 -1.492196e+14 -3.774081e+14 -1.479510e+14 -3.781601e+14 -1.466829e+14 -3.789119e+14 -1.454154e+14 -3.796632e+14 -1.441484e+14 -3.804142e+14 -1.428819e+14 -3.811285e+14 -1.416158e+14 -3.818201e+14 -1.403504e+14 -3.825114e+14 -1.390854e+14 -3.832025e+14 -1.378210e+14 -3.838932e+14 -1.365570e+14 -3.845837e+14 -1.352936e+14 -3.852739e+14 -1.340307e+14 -3.859039e+14 -1.327443e+14 -3.865201e+14 -1.314531e+14 -3.871361e+14 -1.301624e+14 -3.877519e+14 -1.288722e+14 -3.883675e+14 -1.275825e+14 -3.889828e+14 -1.262934e+14 -3.895977e+14 -1.250047e+14 -3.901250e+14 -1.237167e+14 -3.906517e+14 -1.224291e+14 -3.911782e+14 -1.211420e+14 -3.917046e+14 -1.198555e+14 -3.922307e+14 -1.185695e+14 -3.927565e+14 -1.172840e+14 -3.932685e+14 -1.160013e+14 -3.937064e+14 -1.147314e+14 -3.941442e+14 -1.134621e+14 -3.945817e+14 -1.121932e+14 -3.950190e+14 -1.109249e+14 -3.954561e+14 -1.096571e+14 -3.958932e+14 -1.083898e+14 -3.963083e+14 -1.071182e+14 -3.966722e+14 -1.058359e+14 -3.970359e+14 -1.045541e+14 -3.973995e+14 -1.032729e+14 -3.977629e+14 -1.019921e+14 -3.981262e+14 -1.007119e+14 -3.984894e+14 -9.943218e+13 -3.988218e+14 -9.815720e+13 -3.991122e+14 -9.688866e+13 -3.994023e+14 -9.562064e+13 -3.996924e+14 -9.435313e+13 -3.999823e+14 -9.308611e+13 -4.002722e+14 -9.181962e+13 -4.005619e+14 -9.055362e+13 -4.007984e+14 -8.929343e+13 -4.009866e+14 -8.803857e+13 -4.011747e+14 -8.678424e+13 -4.013626e+14 -8.553036e+13 -4.015507e+14 -8.427704e+13 -4.017385e+14 -8.302418e+13 -4.019263e+14 -8.177185e+13 -4.020701e+14 -8.052788e+13 -4.021856e+14 -7.928953e+13 -4.023010e+14 -7.805166e+13 -4.024164e+14 -7.681429e+13 -4.025317e+14 -7.557742e+13 -4.026470e+14 -7.434103e+13 -4.027622e+14 -7.310514e+13 -4.028098e+14 -7.188040e+13 -4.028241e+14 -7.066131e+13 -4.028383e+14 -6.944271e+13 -4.028528e+14 -6.822460e+13 -4.028672e+14 -6.700699e+13 -4.028817e+14 -6.578987e+13 -4.028960e+14 -6.457321e+13 -4.028484e+14 -6.337249e+13 -4.027767e+14 -6.217833e+13 -4.027051e+14 -6.098466e+13 -4.026332e+14 -5.979143e+13 -4.025615e+14 -5.859869e+13 -4.024900e+14 -5.740644e+13 -4.024182e+14 -5.621462e+13 -4.022933e+14 -5.503928e+13 -4.021503e+14 -5.386993e+13 -4.020072e+14 -5.270100e+13 -4.018642e+14 -5.153254e+13 -4.017212e+14 -5.036456e+13 -4.015782e+14 -4.919701e+13 -4.014355e+14 -4.802994e+13 -4.012176e+14 -4.688587e+13 -4.009749e+14 -4.574970e+13 -4.007325e+14 -4.461399e+13 -4.004898e+14 -4.347868e+13 -4.002476e+14 -4.234386e+13 -4.000053e+14 -4.120948e+13 -3.997631e+14 -4.007554e+13 -3.994579e+14 -3.896416e+13 -3.991303e+14 -3.786099e+13 -3.988032e+14 -3.675829e+13 -3.984762e+14 -3.565601e+13 -3.981491e+14 -3.455415e+13 -3.978221e+14 -3.345273e+13 -3.974954e+14 -3.235175e+13 -3.971085e+14 -3.127431e+13 -3.966970e+14 -3.020685e+13 -3.962854e+14 -2.913979e+13 -3.958741e+14 -2.807316e+13 -3.954629e+14 -2.700694e+13 -3.950519e+14 -2.594115e+13 -3.946410e+14 -2.487577e+13 -3.941839e+14 -2.383684e+13 -3.937026e+14 -2.281194e+13 -3.932214e+14 -2.178742e+13 -3.927405e+14 -2.076333e+13 -3.922598e+14 -1.973962e+13 -3.917792e+14 -1.871632e+13 -3.912988e+14 -1.769341e+13 -3.907607e+14 -1.669325e+13 -3.901819e+14 -1.570926e+13 -3.896033e+14 -1.472565e+13 -3.890249e+14 -1.374243e+13 -3.884469e+14 -1.275960e+13 -3.878689e+14 -1.177715e+13 -3.872912e+14 -1.079508e+13 -3.866788e+14 -9.834891e+12 -3.860312e+14 -8.896950e+12 -3.853839e+14 -7.959376e+12 -3.847367e+14 -7.022164e+12 -3.840898e+14 -6.085318e+12 -3.834432e+14 -5.148837e+12 -3.827969e+14 -4.212719e+12 -3.821236e+14 -3.294632e+12 -3.814076e+14 -2.405015e+12 -3.806917e+14 -1.515742e+12 -3.799762e+14 -6.268155e+11 -3.792610e+14 2.617663e+11 -3.785460e+14 1.150003e+12 -3.778314e+14 2.037896e+12 -3.770954e+14 2.913383e+12 -3.762974e+14 3.753539e+12 -3.754994e+14 4.593367e+12 -3.747018e+14 5.432871e+12 -3.739047e+14 6.272052e+12 -3.731078e+14 7.110908e+12 -3.723111e+14 7.949438e+12 -3.715088e+14 8.782444e+12 -3.706570e+14 9.571729e+12 -3.698054e+14 1.036071e+13 -3.689544e+14 1.114939e+13 -3.681036e+14 1.193776e+13 -3.672529e+14 1.272582e+13 -3.664028e+14 1.351359e+13 -3.655529e+14 1.430104e+13 -3.646379e+14 1.503961e+13 -3.637193e+14 1.577468e+13 -3.628008e+14 1.650946e+13 -3.618826e+14 1.724395e+13 -3.609648e+14 1.797816e+13 -3.600474e+14 1.871210e+13 -3.591303e+14 1.944574e+13 -3.581616e+14 2.014167e+13 -3.571758e+14 2.082478e+13 -3.561904e+14 2.150761e+13 -3.552054e+14 2.219019e+13 -3.542208e+14 2.287250e+13 -3.532366e+14 2.355456e+13 -3.522526e+14 2.423635e+13 -3.512466e+14 2.488946e+13 -3.502221e+14 2.551813e+13 -3.491978e+14 2.614653e+13 -3.481738e+14 2.677470e+13 -3.471503e+14 2.740262e+13 -3.461272e+14 2.803031e+13 -3.451046e+14 2.865777e+13 -3.440650e+14 2.926864e+13 -3.429878e+14 2.984313e+13 -3.419112e+14 3.041741e+13 -3.408347e+14 3.099145e+13 -3.397588e+14 3.156529e+13 -3.386833e+14 3.213890e+13 -3.376082e+14 3.271229e+13 -3.365301e+14 3.328222e+13 -3.354007e+14 3.380284e+13 -3.342717e+14 3.432326e+13 -3.331432e+14 3.484349e+13 -3.320152e+14 3.536351e+13 -3.308875e+14 3.588334e+13 -3.297602e+14 3.640296e+13 -3.286334e+14 3.692239e+13 -3.274744e+14 3.739916e+13 -3.263073e+14 3.786464e+13 -3.251406e+14 3.832994e+13 -3.239743e+14 3.879507e+13 -3.228086e+14 3.926003e+13 -3.216432e+14 3.972480e+13 -3.204781e+14 4.018939e+13 -3.192999e+14 4.062691e+13 -3.181085e+14 4.103776e+13 -3.169175e+14 4.144844e+13 -3.157271e+14 4.185898e+13 -3.145369e+14 4.226933e+13 -3.133473e+14 4.267954e+13 -3.121582e+14 4.308961e+13 -3.109588e+14 4.348918e+13 -3.097160e+14 4.384567e+13 -3.084735e+14 4.420200e+13 -3.072316e+14 4.455822e+13 -3.059899e+14 4.491428e+13 -3.047490e+14 4.527024e+13 -3.035084e+14 4.562605e+13 -3.022683e+14 4.598171e+13 -3.010169e+14 4.629370e+13 -2.997642e+14 4.659872e+13 -2.985119e+14 4.690363e+13 -2.972602e+14 4.720844e+13 -2.960087e+14 4.751310e+13 -2.947578e+14 4.781766e+13 -2.935075e+14 4.812212e+13 -2.922435e+14 4.840060e+13 -2.909669e+14 4.865456e+13 -2.896908e+14 4.890845e+13 -2.884150e+14 4.916221e+13 -2.871399e+14 4.941590e+13 -2.858652e+14 4.966950e+13 -2.845908e+14 4.992296e+13 -2.833133e+14 5.016937e+13 -2.820129e+14 5.037391e+13 -2.807131e+14 5.057838e+13 -2.794136e+14 5.078275e+13 -2.781148e+14 5.098706e+13 -2.768164e+14 5.119129e+13 -2.755184e+14 5.139543e+13 -2.742210e+14 5.159952e+13 -2.729138e+14 5.176793e+13 -2.716039e+14 5.192460e+13 -2.702943e+14 5.208117e+13 -2.689854e+14 5.223773e+13 -2.676769e+14 5.239421e+13 -2.663689e+14 5.255063e+13 -2.650614e+14 5.270700e+13 -2.637497e+14 5.284768e+13 -2.624297e+14 5.295811e+13 -2.611103e+14 5.306854e+13 -2.597911e+14 5.317889e+13 -2.584727e+14 5.328923e+13 -2.571545e+14 5.339951e+13 -2.558371e+14 5.350976e+13 -2.545200e+14 5.361996e+13 -2.531912e+14 5.369105e+13 -2.518617e+14 5.375821e+13 -2.505326e+14 5.382531e+13 -2.492041e+14 5.389241e+13 -2.478761e+14 5.395950e+13 -2.465486e+14 5.402654e+13 -2.452216e+14 5.409357e+13 -2.438950e+14 5.414223e+13 -2.425689e+14 5.416902e+13 -2.412434e+14 5.419580e+13 -2.399183e+14 5.422257e+13 -2.385937e+14 5.424931e+13</elevationPattern>
        <incidenceAngle count="676">3.090239e+01 3.091261e+01 3.092282e+01 3.093303e+01 3.094324e+01 3.095345e+01 3.096364e+01 3.097383e+01 3.098401e+01 3.099419e+01 3.100436e+01 3.101454e+01 3.102470e+01 3.103487e+01 3.104503e+01 3.105518e+01 3.106532e+01 3.107547e+01 3.108560e+01 3.109573e+01 3.110587e+01 3.111600e+01 3.112611e+01 3.113623e+01 3.114633e+01 3.115643e+01 3.116653e+01 3.117664e+01 3.118672e+01 3.119681e+01 3.120689e+01 3.121696e+01 3.122704e+01 3.123711e+01 3.124718e+01 3.125723e+01 3.126729e+01 3.127733e+01 3.128737e+01 3.129741e+01 3.130745e+01 3.131747e+01 3.132750e+01 3.133752e+01 3.134755e+01 3.135756e+01 3.136757e+01 3.137756e+01 3.138756e+01 3.139755e+01 3.140755e+01 3.141753e+01 3.142751e+01 3.143748e+01 3.144745e+01 3.145741e+01 3.146738e+01 3.147734e+01 3.148729e+01 3.149724e+01 3.150719e+01 3.151712e+01 3.152705e+01 3.153699e+01 3.154691e+01 3.155682e+01 3.156674e+01 3.157666e+01 3.158656e+01 3.159647e+01 3.160637e+01 3.161626e+01 3.162614e+01 3.163603e+01 3.164590e+01 3.165579e+01 3.166565e+01 3.167552e+01 3.168538e+01 3.169524e+01 3.170509e+01 3.171495e+01 3.172479e+01 3.173463e+01 3.174446e+01 3.175430e+01 3.176413e+01 3.177394e+01 3.178377e+01 3.179358e+01 3.180339e+01 3.181319e+01 3.182298e+01 3.183278e+01 3.184258e+01 3.185236e+01 3.186215e+01 3.187192e+01 3.188170e+01 3.189146e+01 3.190123e+01 3.191100e+01 3.192075e+01 3.193050e+01 3.194025e+01 3.195000e+01 3.195973e+01 3.196947e+01 3.197920e+01 3.198892e+01 3.199864e+01 3.200836e+01 3.201808e+01 3.202779e+01 3.203749e+01 3.204720e+01 3.205688e+01 3.206657e+01 3.207626e+01 3.208595e+01 3.209563e+01 3.210530e+01 3.211497e+01 3.212463e+01 3.213429e+01 3.214395e+01 3.215361e+01 3.216325e+01 3.217290e+01 3.218254e+01 3.219218e+01 3.220181e+01 3.221144e+01 3.222107e+01 3.223068e+01 3.224030e+01 3.224991e+01 3.225952e+01 3.226912e+01 3.227872e+01 3.228831e+01 3.229790e+01 3.230748e+01 3.231706e+01 3.232664e+01 3.233621e+01 3.234578e+01 3.235535e+01 3.236491e+01 3.237447e+01 3.238402e+01 3.239357e+01 3.240311e+01 3.241266e+01 3.242220e+01 3.243172e+01 3.244125e+01 3.245078e+01 3.246030e+01 3.246980e+01 3.247932e+01 3.248883e+01 3.249832e+01 3.250783e+01 3.251732e+01 3.252681e+01 3.253630e+01 3.254578e+01 3.255525e+01 3.256473e+01 3.257420e+01 3.258366e+01 3.259312e+01 3.260258e+01 3.261205e+01 3.262149e+01 3.263094e+01 3.264038e+01 3.264981e+01 3.265926e+01 3.266869e+01 3.267810e+01 3.268753e+01 3.269695e+01 3.270636e+01 3.271577e+01 3.272517e+01 3.273457e+01 3.274397e+01 3.275337e+01 3.276276e+01 3.277214e+01 3.278152e+01 3.279089e+01 3.280028e+01 3.280965e+01 3.281900e+01 3.282837e+01 3.283772e+01 3.284708e+01 3.285643e+01 3.286577e+01 3.287512e+01 3.288446e+01 3.289378e+01 3.290312e+01 3.291245e+01 3.292177e+01 3.293109e+01 3.294040e+01 3.294971e+01 3.295901e+01 3.296832e+01 3.297762e+01 3.298691e+01 3.299620e+01 3.300549e+01 3.301477e+01 3.302405e+01 3.303333e+01 3.304260e+01 3.305186e+01 3.306113e+01 3.307039e+01 3.307964e+01 3.308890e+01 3.309814e+01 3.310739e+01 3.311662e+01 3.312585e+01 3.313510e+01 3.314432e+01 3.315355e+01 3.316277e+01 3.317198e+01 3.318120e+01 3.319041e+01 3.319962e+01 3.320882e+01 3.321802e+01 3.322720e+01 3.323640e+01 3.324559e+01 3.325476e+01 3.326395e+01 3.327312e+01 3.328229e+01 3.329146e+01 3.330063e+01 3.330978e+01 3.331894e+01 3.332809e+01 3.333723e+01 3.334639e+01 3.335553e+01 3.336467e+01 3.337379e+01 3.338292e+01 3.339204e+01 3.340117e+01 3.341029e+01 3.341940e+01 3.342851e+01 3.343762e+01 3.344673e+01 3.345583e+01 3.346492e+01 3.347401e+01 3.348311e+01 3.349219e+01 3.350127e+01 3.351035e+01 3.351942e+01 3.352849e+01 3.353755e+01 3.354662e+01 3.355568e+01 3.356473e+01 3.357379e+01 3.358284e+01 3.359187e+01 3.360092e+01 3.360995e+01 3.361899e+01 3.362802e+01 3.363704e+01 3.364607e+01 3.365509e+01 3.366409e+01 3.367311e+01 3.368211e+01 3.369112e+01 3.370012e+01 3.370912e+01 3.371811e+01 3.372710e+01 3.373608e+01 3.374507e+01 3.375404e+01 3.376302e+01 3.377199e+01 3.378096e+01 3.378992e+01 3.379889e+01 3.380785e+01 3.381679e+01 3.382574e+01 3.383469e+01 3.384363e+01 3.385257e+01 3.386151e+01 3.387044e+01 3.387936e+01 3.388829e+01 3.389720e+01 3.390613e+01 3.391504e+01 3.392395e+01 3.393286e+01 3.394176e+01 3.395065e+01 3.395955e+01 3.396844e+01 3.397734e+01 3.398622e+01 3.399510e+01 3.400398e+01 3.401285e+01 3.402173e+01 3.403059e+01 3.403946e+01 3.404832e+01 3.405717e+01 3.406602e+01 3.407487e+01 3.408372e+01 3.409256e+01 3.410141e+01 3.411024e+01 3.411908e+01 3.412790e+01 3.413673e+01 3.414555e+01 3.415437e+01 3.416318e+01 3.417200e+01 3.418080e+01 3.418961e+01 3.419841e+01 3.420720e+01 3.421600e+01 3.422479e+01 3.423358e+01 3.424236e+01 3.425114e+01 3.425992e+01 3.426869e+01 3.427747e+01 3.428622e+01 3.429500e+01 3.430376e+01 3.431250e+01 3.432126e+01 3.433000e+01 3.433876e+01 3.434750e+01 3.435623e+01 3.436497e+01 3.437370e+01 3.438243e+01 3.439116e+01 3.439989e+01 3.440860e+01 3.441731e+01 3.442603e+01 3.443474e+01 3.444344e+01 3.445213e+01 3.446085e+01 3.446953e+01 3.447823e+01 3.448691e+01 3.449559e+01 3.450427e+01 3.451295e+01 3.452164e+01 3.453030e+01 3.453897e+01 3.454764e+01 3.455629e+01 3.456496e+01 3.457361e+01 3.458226e+01 3.459091e+01 3.459955e+01 3.460818e+01 3.461684e+01 3.462546e+01 3.463409e+01 3.464273e+01 3.465135e+01 3.465997e+01 3.466858e+01 3.467720e+01 3.468581e+01 3.469443e+01 3.470302e+01 3.471162e+01 3.472023e+01 3.472882e+01 3.473741e+01 3.474600e+01 3.475458e+01 3.476317e+01 3.477174e+01 3.478032e+01 3.478889e+01 3.479745e+01 3.480602e+01 3.481459e+01 3.482314e+01 3.483170e+01 3.484026e+01 3.484880e+01 3.485735e+01 3.486589e+01 3.487442e+01 3.488297e+01 3.489149e+01 3.490002e+01 3.490855e+01 3.491707e+01 3.492558e+01 3.493411e+01 3.494263e+01 3.495113e+01 3.495964e+01 3.496814e+01 3.497664e+01 3.498514e+01 3.499364e+01 3.500212e+01 3.501060e+01 3.501909e+01 3.502757e+01 3.503606e+01 3.504453e+01 3.505299e+01 3.506146e+01 3.506993e+01 3.507838e+01 3.508685e+01 3.509531e+01 3.510376e+01 3.511220e+01 3.512065e+01 3.512909e+01 3.513753e+01 3.514597e+01 3.515440e+01 3.516283e+01 3.517126e+01 3.517969e+01 3.518811e+01 3.519652e+01 3.520494e+01 3.521335e+01 3.522176e+01 3.523016e+01 3.523856e+01 3.524696e+01 3.525536e+01 3.526375e+01 3.527214e+01 3.528052e+01 3.528891e+01 3.529729e+01 3.530566e+01 3.531403e+01 3.532240e+01 3.533076e+01 3.533913e+01 3.534749e+01 3.535585e+01 3.536421e+01 3.537256e+01 3.538091e+01 3.538925e+01 3.539760e+01 3.540593e+01 3.541428e+01 3.542261e+01 3.543094e+01 3.543925e+01 3.544759e+01 3.545590e+01 3.546422e+01 3.547253e+01 3.548085e+01 3.548915e+01 3.549747e+01 3.550577e+01 3.551407e+01 3.552235e+01 3.553065e+01 3.553894e+01 3.554723e+01 3.555551e+01 3.556380e+01 3.557207e+01 3.558035e+01 3.558862e+01 3.559689e+01 3.560515e+01 3.561342e+01 3.562167e+01 3.562993e+01 3.563818e+01 3.564644e+01 3.565468e+01 3.566293e+01 3.567117e+01 3.567941e+01 3.568764e+01 3.569588e+01 3.570410e+01 3.571233e+01 3.572055e+01 3.572878e+01 3.573700e+01 3.574521e+01 3.575342e+01 3.576163e+01 3.576984e+01 3.577803e+01 3.578624e+01 3.579443e+01 3.580263e+01 3.581082e+01 3.581900e+01 3.582719e+01 3.583537e+01 3.584355e+01 3.585173e+01 3.585989e+01 3.586807e+01 3.587624e+01 3.588440e+01 3.589256e+01 3.590071e+01 3.590887e+01 3.591702e+01 3.592517e+01 3.593332e+01 3.594147e+01 3.594960e+01 3.595775e+01 3.596588e+01 3.597401e+01 3.598213e+01 3.599026e+01 3.599838e+01 3.600650e+01 3.601462e+01 3.602274e+01 3.603085e+01 3.603896e+01 3.604706e+01 3.605516e+01 3.606326e+01 3.607137e+01 3.607945e+01 3.608754e+01 3.609563e+01 3.610371e+01 3.611180e+01 3.611987e+01 3.612796e+01 3.613603e+01 3.614410e+01 3.615216e+01 3.616023e+01 3.616829e+01 3.617635e+01 3.618440e+01 3.619246e+01 3.620052e+01 3.620856e+01 3.621660e+01 3.622464e+01 3.623268e+01 3.624072e+01 3.624875e+01 3.625677e+01 3.626482e+01 3.627283e+01 3.628085e+01 3.628888e+01 3.629689e+01 3.630490e+01 3.631291e+01 3.632092e+01 3.632893e+01 3.633693e+01 3.634492e+01 3.635292e+01 3.636092e+01 3.636891e+01 3.637689e+01 3.638489e+01 3.639287e+01 3.640085e+01 3.640881e+01 3.641679e+01 3.642476e+01 3.643274e+01 3.644070e+01 3.644865e+01 3.645662e+01 3.646457e+01 3.647253e+01 3.648048e+01 3.648843e+01 3.649638e+01 3.650432e+01 3.651225e+01 3.652020e+01 3.652814e+01 3.653606e+01 3.654399e+01 3.655193e+01 3.655984e+01 3.656776e+01 3.657568e+01 3.658360e+01 3.659151e+01 3.659941e+01 3.660733e+01 3.661523e+01 3.662312e+01 3.663103e+01 3.663893e+01 3.664682e+01 3.665471e+01 3.666260e+01 3.667049e+01 3.667836e+01 3.668625e+01 3.669412e+01 3.670200e+01 3.670987e+01 3.671773e+01 3.672560e+01 3.673346e+01 3.674132e+01 3.674918e+01 3.675703e+01 3.676488e+01 3.677274e+01 3.678058e+01 3.678842e+01 3.679626e+01 3.680411e+01 3.681194e+01 3.681978e+01 3.682761e+01 3.683543e+01 3.684326e+01 3.685107e+01 3.685890e+01 3.686671e+01 3.687453e+01 3.688234e+01 3.689015e+01 3.689795e+01 3.690576e+01</incidenceAngle>
        <terrainHeight>1.944858955000000e+03</terrainHeight>
        <roll>3.010507804646423e+01</roll>
      </antennaPattern>
      <antennaPattern>
        <swath>IW1</swath>
        <azimuthTime>2015-05-16T13:34:46.963621</azimuthTime>
        <slantRangeTime count="676">5.337093144532169e-03 5.337590461830731e-03 5.338087779129293e-03 5.338585096427855e-03 5.339082413726417e-03 5.339579731024979e-03 5.340077048323541e-03 5.340574365622103e-03 5.341071682920665e-03 5.341569000219227e-03 5.342066317517788e-03 5.342563634816350e-03 5.343060952114912e-03 5.343558269413474e-03 5.344055586712036e-03 5.344552904010597e-03 5.345050221309159e-03 5.345547538607721e-03 5.346044855906283e-03 5.346542173204845e-03 5.347039490503407e-03 5.347536807801969e-03 5.348034125100530e-03 5.348531442399092e-03 5.349028759697654e-03 5.349526076996216e-03 5.350023394294778e-03 5.350520711593340e-03 5.351018028891902e-03 5.351515346190464e-03 5.352012663489026e-03 5.352509980787588e-03 5.353007298086149e-03 5.353504615384711e-03 5.354001932683273e-03 5.354499249981835e-03 5.354996567280397e-03 5.355493884578959e-03 5.355991201877521e-03 5.356488519176083e-03 5.356985836474645e-03 5.357483153773207e-03 5.357980471071768e-03 5.358477788370330e-03 5.358975105668892e-03 5.359472422967454e-03 5.359969740266015e-03 5.360467057564577e-03 5.360964374863139e-03 5.361461692161701e-03 5.361959009460263e-03 5.362456326758825e-03 5.362953644057387e-03 5.363450961355948e-03 5.363948278654510e-03 5.364445595953072e-03 5.364942913251634e-03 5.365440230550196e-03 5.365937547848758e-03 5.366434865147320e-03 5.366932182445882e-03 5.367429499744444e-03 5.367926817043006e-03 5.368424134341567e-03 5.368921451640129e-03 5.369418768938691e-03 5.369916086237253e-03 5.370413403535815e-03 5.370910720834377e-03 5.371408038132939e-03 5.371905355431501e-03 5.372402672730063e-03 5.372899990028625e-03 5.373397307327187e-03 5.373894624625748e-03 5.374391941924310e-03 5.374889259222872e-03 5.375386576521433e-03 5.375883893819995e-03 5.376381211118557e-03 5.376878528417119e-03 5.377375845715681e-03 5.377873163014243e-03 5.378370480312805e-03 5.378867797611367e-03 5.379365114909928e-03 5.379862432208490e-03 5.380359749507052e-03 5.380857066805614e-03 5.381354384104176e-03 5.381851701402738e-03 5.382349018701300e-03 5.382846335999862e-03 5.383343653298424e-03 5.383840970596986e-03 5.384338287895547e-03 5.384835605194109e-03 5.385332922492671e-03 5.385830239791233e-03 5.386327557089795e-03 5.386824874388357e-03 5.387322191686919e-03 5.387819508985481e-03 5.388316826284043e-03 5.388814143582605e-03 5.389311460881166e-03 5.389808778179728e-03 5.390306095478289e-03 5.390803412776851e-03 5.391300730075413e-03 5.391798047373975e-03 5.392295364672537e-03 5.392792681971099e-03 5.393289999269661e-03 5.393787316568223e-03 5.394284633866785e-03 5.394781951165347e-03 5.395279268463908e-03 5.395776585762470e-03 5.396273903061032e-03 5.396771220359594e-03 5.397268537658156e-03 5.397765854956718e-03 5.398263172255280e-03 5.398760489553842e-03 5.399257806852404e-03 5.399755124150966e-03 5.400252441449527e-03 5.400749758748089e-03 5.401247076046651e-03 5.401744393345213e-03 5.402241710643775e-03 5.402739027942337e-03 5.403236345240899e-03 5.403733662539461e-03 5.404230979838023e-03 5.404728297136585e-03 5.405225614435146e-03 5.405722931733708e-03 5.406220249032269e-03 5.406717566330831e-03 5.407214883629393e-03 5.407712200927955e-03 5.408209518226517e-03 5.408706835525079e-03 5.409204152823641e-03 5.409701470122203e-03 5.410198787420765e-03 5.410696104719327e-03 5.411193422017888e-03 5.411690739316450e-03 5.412188056615012e-03 5.412685373913574e-03 5.413182691212136e-03 5.413680008510698e-03 5.414177325809260e-03 5.414674643107822e-03 5.415171960406384e-03 5.415669277704946e-03 5.416166595003507e-03 5.416663912302069e-03 5.417161229600631e-03 5.417658546899193e-03 5.418155864197755e-03 5.418653181496317e-03 5.419150498794879e-03 5.419647816093441e-03 5.420145133392003e-03 5.420642450690565e-03 5.421139767989126e-03 5.421637085287687e-03 5.422134402586249e-03 5.422631719884811e-03 5.423129037183373e-03 5.423626354481935e-03 5.424123671780497e-03 5.424620989079059e-03 5.425118306377621e-03 5.425615623676183e-03 5.426112940974745e-03 5.426610258273307e-03 5.427107575571868e-03 5.427604892870430e-03 5.428102210168992e-03 5.428599527467554e-03 5.429096844766116e-03 5.429594162064678e-03 5.430091479363240e-03 5.430588796661802e-03 5.431086113960364e-03 5.431583431258926e-03 5.432080748557487e-03 5.432578065856049e-03 5.433075383154611e-03 5.433572700453173e-03 5.434070017751735e-03 5.434567335050297e-03 5.435064652348859e-03 5.435561969647421e-03 5.436059286945982e-03 5.436556604244544e-03 5.437053921543106e-03 5.437551238841667e-03 5.438048556140229e-03 5.438545873438791e-03 5.439043190737353e-03 5.439540508035915e-03 5.440037825334477e-03 5.440535142633039e-03 5.441032459931601e-03 5.441529777230163e-03 5.442027094528725e-03 5.442524411827286e-03 5.443021729125848e-03 5.443519046424410e-03 5.444016363722972e-03 5.444513681021534e-03 5.445010998320096e-03 5.445508315618658e-03 5.446005632917220e-03 5.446502950215782e-03 5.447000267514344e-03 5.447497584812905e-03 5.447994902111467e-03 5.448492219410029e-03 5.448989536708591e-03 5.449486854007153e-03 5.449984171305715e-03 5.450481488604277e-03 5.450978805902839e-03 5.451476123201400e-03 5.451973440499962e-03 5.452470757798524e-03 5.452968075097086e-03 5.453465392395647e-03 5.453962709694209e-03 5.454460026992771e-03 5.454957344291333e-03 5.455454661589895e-03 5.455951978888457e-03 5.456449296187019e-03 5.456946613485581e-03 5.457443930784143e-03 5.457941248082705e-03 5.458438565381266e-03 5.458935882679828e-03 5.459433199978390e-03 5.459930517276952e-03 5.460427834575514e-03 5.460925151874076e-03 5.461422469172638e-03 5.461919786471200e-03 5.462417103769762e-03 5.462914421068324e-03 5.463411738366885e-03 5.463909055665447e-03 5.464406372964009e-03 5.464903690262571e-03 5.465401007561133e-03 5.465898324859695e-03 5.466395642158257e-03 5.466892959456818e-03 5.467390276755380e-03 5.467887594053942e-03 5.468384911352504e-03 5.468882228651066e-03 5.469379545949627e-03 5.469876863248189e-03 5.470374180546751e-03 5.470871497845313e-03 5.471368815143875e-03 5.471866132442437e-03 5.472363449740999e-03 5.472860767039561e-03 5.473358084338123e-03 5.473855401636685e-03 5.474352718935246e-03 5.474850036233808e-03 5.475347353532370e-03 5.475844670830932e-03 5.476341988129494e-03 5.476839305428056e-03 5.477336622726618e-03 5.477833940025180e-03 5.478331257323742e-03 5.478828574622304e-03 5.479325891920865e-03 5.479823209219427e-03 5.480320526517989e-03 5.480817843816551e-03 5.481315161115113e-03 5.481812478413674e-03 5.482309795712236e-03 5.482807113010798e-03 5.483304430309360e-03 5.483801747607922e-03 5.484299064906484e-03 5.484796382205046e-03 5.485293699503607e-03 5.485791016802169e-03 5.486288334100731e-03 5.486785651399293e-03 5.487282968697855e-03 5.487780285996417e-03 5.488277603294979e-03 5.488774920593541e-03 5.489272237892103e-03 5.489769555190665e-03 5.490266872489226e-03 5.490764189787788e-03 5.491261507086350e-03 5.491758824384912e-03 5.492256141683474e-03 5.492753458982036e-03 5.493250776280598e-03 5.493748093579160e-03 5.494245410877722e-03 5.494742728176284e-03 5.495240045474845e-03 5.495737362773407e-03 5.496234680071969e-03 5.496731997370531e-03 5.497229314669092e-03 5.497726631967654e-03 5.498223949266216e-03 5.498721266564778e-03 5.499218583863340e-03 5.499715901161902e-03 5.500213218460464e-03 5.500710535759025e-03 5.501207853057587e-03 5.501705170356149e-03 5.502202487654711e-03 5.502699804953273e-03 5.503197122251835e-03 5.503694439550397e-03 5.504191756848959e-03 5.504689074147521e-03 5.505186391446083e-03 5.505683708744645e-03 5.506181026043206e-03 5.506678343341768e-03 5.507175660640330e-03 5.507672977938892e-03 5.508170295237454e-03 5.508667612536016e-03 5.509164929834578e-03 5.509662247133140e-03 5.510159564431702e-03 5.510656881730264e-03 5.511154199028825e-03 5.511651516327387e-03 5.512148833625949e-03 5.512646150924510e-03 5.513143468223072e-03 5.513640785521634e-03 5.514138102820196e-03 5.514635420118758e-03 5.515132737417320e-03 5.515630054715882e-03 5.516127372014444e-03 5.516624689313005e-03 5.517122006611567e-03 5.517619323910129e-03 5.518116641208691e-03 5.518613958507253e-03 5.519111275805815e-03 5.519608593104377e-03 5.520105910402939e-03 5.520603227701501e-03 5.521100545000063e-03 5.521597862298624e-03 5.522095179597186e-03 5.522592496895748e-03 5.523089814194310e-03 5.523587131492872e-03 5.524084448791434e-03 5.524581766089996e-03 5.525079083388558e-03 5.525576400687120e-03 5.526073717985682e-03 5.526571035284243e-03 5.527068352582805e-03 5.527565669881366e-03 5.528062987179928e-03 5.528560304478490e-03 5.529057621777052e-03 5.529554939075614e-03 5.530052256374176e-03 5.530549573672738e-03 5.531046890971300e-03 5.531544208269862e-03 5.532041525568424e-03 5.532538842866985e-03 5.533036160165547e-03 5.533533477464109e-03 5.534030794762671e-03 5.534528112061233e-03 5.535025429359795e-03 5.535522746658357e-03 5.536020063956919e-03 5.536517381255481e-03 5.537014698554043e-03 5.537512015852604e-03 5.538009333151166e-03 5.538506650449728e-03 5.539003967748290e-03 5.539501285046852e-03 5.539998602345414e-03 5.540495919643976e-03 5.540993236942538e-03 5.541490554241100e-03 5.541987871539662e-03 5.542485188838223e-03 5.542982506136785e-03 5.543479823435346e-03 5.543977140733908e-03 5.544474458032470e-03 5.544971775331032e-03 5.545469092629594e-03 5.545966409928156e-03 5.546463727226718e-03 5.546961044525280e-03 5.547458361823842e-03 5.547955679122404e-03 5.548452996420965e-03 5.548950313719527e-03 5.549447631018089e-03 5.549944948316651e-03 5.550442265615213e-03 5.550939582913775e-03 5.551436900212337e-03 5.551934217510899e-03 5.552431534809461e-03 5.552928852108023e-03 5.553426169406584e-03 5.553923486705146e-03 5.554420804003708e-03 5.554918121302270e-03 5.555415438600832e-03 5.555912755899393e-03 5.556410073197954e-03 5.556907390496515e-03 5.557404707795076e-03 5.557902025093637e-03 5.558399342392198e-03 5.558896659690759e-03 5.559393976989320e-03 5.559891294287881e-03 5.560388611586442e-03 5.560885928885003e-03 5.561383246183565e-03 5.561880563482126e-03 5.562377880780687e-03 5.562875198079248e-03 5.563372515377809e-03 5.563869832676370e-03 5.564367149974932e-03 5.564864467273493e-03 5.565361784572054e-03 5.565859101870615e-03 5.566356419169176e-03 5.566853736467737e-03 5.567351053766298e-03 5.567848371064859e-03 5.568345688363421e-03 5.568843005661982e-03 5.569340322960543e-03 5.569837640259104e-03 5.570334957557665e-03 5.570832274856226e-03 5.571329592154787e-03 5.571826909453348e-03 5.572324226751909e-03 5.572821544050470e-03 5.573318861349031e-03 5.573816178647592e-03 5.574313495946153e-03 5.574810813244714e-03 5.575308130543276e-03 5.575805447841837e-03 5.576302765140398e-03 5.576800082438959e-03 5.577297399737520e-03 5.577794717036081e-03 5.578292034334642e-03 5.578789351633203e-03 5.579286668931764e-03 5.579783986230325e-03 5.580281303528886e-03 5.580778620827447e-03 5.581275938126008e-03 5.581773255424569e-03 5.582270572723131e-03 5.582767890021692e-03 5.583265207320253e-03 5.583762524618814e-03 5.584259841917375e-03 5.584757159215937e-03 5.585254476514498e-03 5.585751793813059e-03 5.586249111111620e-03 5.586746428410181e-03 5.587243745708742e-03 5.587741063007303e-03 5.588238380305864e-03 5.588735697604425e-03 5.589233014902987e-03 5.589730332201548e-03 5.590227649500109e-03 5.590724966798670e-03 5.591222284097231e-03 5.591719601395792e-03 5.592216918694353e-03 5.592714235992914e-03 5.593211553291475e-03 5.593708870590036e-03 5.594206187888597e-03 5.594703505187158e-03 5.595200822485719e-03 5.595698139784281e-03 5.596195457082842e-03 5.596692774381403e-03 5.597190091679964e-03 5.597687408978525e-03 5.598184726277086e-03 5.598682043575647e-03 5.599179360874208e-03 5.599676678172769e-03 5.600173995471330e-03 5.600671312769891e-03 5.601168630068452e-03 5.601665947367013e-03 5.602163264665574e-03 5.602660581964136e-03 5.603157899262697e-03 5.603655216561258e-03 5.604152533859819e-03 5.604649851158380e-03 5.605147168456942e-03 5.605644485755503e-03 5.606141803054064e-03 5.606639120352625e-03 5.607136437651186e-03 5.607633754949747e-03 5.608131072248308e-03 5.608628389546869e-03 5.609125706845430e-03 5.609623024143992e-03 5.610120341442553e-03 5.610617658741114e-03 5.611114976039675e-03 5.611612293338236e-03 5.612109610636797e-03 5.612606927935358e-03 5.613104245233919e-03 5.613601562532480e-03 5.614098879831041e-03 5.614596197129602e-03 5.615093514428163e-03 5.615590831726724e-03 5.616088149025285e-03 5.616585466323847e-03 5.617082783622408e-03 5.617580100920969e-03 5.618077418219530e-03 5.618574735518091e-03 5.619072052816652e-03 5.619569370115213e-03 5.620066687413774e-03 5.620564004712335e-03 5.621061322010896e-03 5.621558639309457e-03 5.622055956608018e-03 5.622553273906579e-03 5.623050591205140e-03 5.623547908503702e-03 5.624045225802263e-03 5.624542543100824e-03 5.625039860399385e-03 5.625537177697947e-03 5.626034494996508e-03 5.626531812295069e-03 5.627029129593630e-03 5.627526446892191e-03 5.628023764190752e-03 5.628521081489313e-03 5.629018398787874e-03 5.629515716086435e-03 5.630013033384996e-03 5.630510350683558e-03 5.631007667982119e-03 5.631504985280680e-03 5.632002302579241e-03 5.632499619877802e-03 5.632996937176363e-03 5.633494254474924e-03 5.633991571773485e-03 5.634488889072046e-03 5.634986206370607e-03 5.635483523669168e-03 5.635980840967729e-03 5.636478158266290e-03 5.636975475564851e-03 5.637472792863413e-03 5.637970110161974e-03 5.638467427460535e-03 5.638964744759096e-03 5.639462062057657e-03 5.639959379356218e-03 5.640456696654779e-03 5.640954013953340e-03 5.641451331251901e-03 5.641948648550462e-03 5.642445965849023e-03 5.642943283147584e-03 5.643440600446145e-03 5.643937917744707e-03 5.644435235043268e-03 5.644932552341829e-03 5.645429869640391e-03 5.645927186938952e-03 5.646424504237513e-03 5.646921821536074e-03 5.647419138834635e-03 5.647916456133196e-03 5.648413773431757e-03 5.648911090730318e-03 5.649408408028879e-03 5.649905725327440e-03 5.650403042626001e-03 5.650900359924562e-03 5.651397677223124e-03 5.651894994521685e-03 5.652392311820246e-03 5.652889629118807e-03 5.653386946417368e-03 5.653884263715929e-03 5.654381581014490e-03 5.654878898313051e-03 5.655376215611612e-03 5.655873532910173e-03 5.656370850208734e-03 5.656868167507295e-03 5.657365484805856e-03 5.657862802104417e-03 5.658360119402979e-03 5.658857436701540e-03 5.659354754000101e-03 5.659852071298662e-03 5.660349388597223e-03 5.660846705895784e-03 5.661344023194345e-03 5.661841340492906e-03 5.662338657791467e-03 5.662835975090028e-03 5.663333292388589e-03 5.663830609687150e-03 5.664327926985712e-03 5.664825244284273e-03 5.665322561582834e-03 5.665819878881396e-03 5.666317196179957e-03 5.666814513478518e-03 5.667311830777079e-03 5.667809148075640e-03 5.668306465374201e-03 5.668803782672762e-03 5.669301099971323e-03 5.669798417269884e-03 5.670295734568445e-03 5.670793051867006e-03 5.671290369165567e-03 5.671787686464129e-03 5.672285003762690e-03 5.672782321061251e-03</slantRangeTime>
        <elevationAngle count="676">2.751661e+01 2.752554e+01 2.753446e+01 2.754338e+01 2.755229e+01 2.756120e+01 2.757011e+01 2.757901e+01 2.758790e+01 2.759679e+01 2.760568e+01 2.761456e+01 2.762344e+01 2.763231e+01 2.764118e+01 2.765005e+01 2.765891e+01 2.766776e+01 2.767662e+01 2.768546e+01 2.769431e+01 2.770315e+01 2.771198e+01 2.772081e+01 2.772964e+01 2.773846e+01 2.774727e+01 2.775609e+01 2.776489e+01 2.777370e+01 2.778250e+01 2.779129e+01 2.780009e+01 2.780887e+01 2.781765e+01 2.782643e+01 2.783521e+01 2.784398e+01 2.785274e+01 2.786150e+01 2.787026e+01 2.787901e+01 2.788776e+01 2.789650e+01 2.790524e+01 2.791398e+01 2.792271e+01 2.793143e+01 2.794016e+01 2.794888e+01 2.795759e+01 2.796630e+01 2.797500e+01 2.798371e+01 2.799240e+01 2.800110e+01 2.800978e+01 2.801847e+01 2.802715e+01 2.803583e+01 2.804450e+01 2.805317e+01 2.806183e+01 2.807049e+01 2.807915e+01 2.808780e+01 2.809644e+01 2.810509e+01 2.811373e+01 2.812236e+01 2.813099e+01 2.813962e+01 2.814824e+01 2.815686e+01 2.816547e+01 2.817408e+01 2.818269e+01 2.819129e+01 2.819988e+01 2.820848e+01 2.821707e+01 2.822565e+01 2.823423e+01 2.824281e+01 2.825138e+01 2.825995e+01 2.826852e+01 2.827708e+01 2.828563e+01 2.829419e+01 2.830273e+01 2.831128e+01 2.831982e+01 2.832835e+01 2.833689e+01 2.834541e+01 2.835394e+01 2.836246e+01 2.837097e+01 2.837949e+01 2.838799e+01 2.839650e+01 2.840500e+01 2.841349e+01 2.842199e+01 2.843047e+01 2.843896e+01 2.844744e+01 2.845591e+01 2.846438e+01 2.847285e+01 2.848132e+01 2.848978e+01 2.849823e+01 2.850669e+01 2.851513e+01 2.852358e+01 2.853202e+01 2.854045e+01 2.854889e+01 2.855731e+01 2.856574e+01 2.857416e+01 2.858257e+01 2.859099e+01 2.859940e+01 2.860780e+01 2.861620e+01 2.862460e+01 2.863299e+01 2.864138e+01 2.864977e+01 2.865815e+01 2.866652e+01 2.867490e+01 2.868327e+01 2.869163e+01 2.869999e+01 2.870835e+01 2.871671e+01 2.872506e+01 2.873340e+01 2.874174e+01 2.875008e+01 2.875842e+01 2.876675e+01 2.877507e+01 2.878340e+01 2.879172e+01 2.880003e+01 2.880834e+01 2.881665e+01 2.882496e+01 2.883326e+01 2.884155e+01 2.884985e+01 2.885813e+01 2.886642e+01 2.887470e+01 2.888298e+01 2.889125e+01 2.889952e+01 2.890779e+01 2.891605e+01 2.892431e+01 2.893256e+01 2.894081e+01 2.894906e+01 2.895730e+01 2.896554e+01 2.897378e+01 2.898201e+01 2.899024e+01 2.899846e+01 2.900668e+01 2.901490e+01 2.902311e+01 2.903132e+01 2.903953e+01 2.904773e+01 2.905593e+01 2.906412e+01 2.907231e+01 2.908050e+01 2.908868e+01 2.909686e+01 2.910504e+01 2.911321e+01 2.912138e+01 2.912955e+01 2.913771e+01 2.914586e+01 2.915402e+01 2.916217e+01 2.917031e+01 2.917846e+01 2.918660e+01 2.919473e+01 2.920286e+01 2.921099e+01 2.921912e+01 2.922724e+01 2.923535e+01 2.924347e+01 2.925158e+01 2.925968e+01 2.926779e+01 2.927588e+01 2.928398e+01 2.929207e+01 2.930016e+01 2.930824e+01 2.931633e+01 2.932440e+01 2.933248e+01 2.934055e+01 2.934861e+01 2.935668e+01 2.936473e+01 2.937279e+01 2.938084e+01 2.938889e+01 2.939694e+01 2.940498e+01 2.941302e+01 2.942105e+01 2.942908e+01 2.943711e+01 2.944513e+01 2.945315e+01 2.946117e+01 2.946918e+01 2.947719e+01 2.948519e+01 2.949320e+01 2.950119e+01 2.950919e+01 2.951718e+01 2.952517e+01 2.953315e+01 2.954113e+01 2.954911e+01 2.955709e+01 2.956506e+01 2.957302e+01 2.958099e+01 2.958895e+01 2.959690e+01 2.960485e+01 2.961280e+01 2.962075e+01 2.962869e+01 2.963663e+01 2.964457e+01 2.965250e+01 2.966043e+01 2.966835e+01 2.967627e+01 2.968419e+01 2.969210e+01 2.970002e+01 2.970792e+01 2.971583e+01 2.972373e+01 2.973162e+01 2.973952e+01 2.974741e+01 2.975530e+01 2.976318e+01 2.977106e+01 2.977894e+01 2.978681e+01 2.979468e+01 2.980255e+01 2.981041e+01 2.981827e+01 2.982612e+01 2.983397e+01 2.984183e+01 2.984967e+01 2.985751e+01 2.986535e+01 2.987319e+01 2.988102e+01 2.988885e+01 2.989667e+01 2.990450e+01 2.991232e+01 2.992013e+01 2.992794e+01 2.993575e+01 2.994356e+01 2.995136e+01 2.995916e+01 2.996695e+01 2.997474e+01 2.998253e+01 2.999032e+01 2.999810e+01 3.000587e+01 3.001365e+01 3.002142e+01 3.002919e+01 3.003695e+01 3.004472e+01 3.005247e+01 3.006023e+01 3.006798e+01 3.007573e+01 3.008348e+01 3.009122e+01 3.009896e+01 3.010669e+01 3.011442e+01 3.012215e+01 3.012988e+01 3.013760e+01 3.014532e+01 3.015303e+01 3.016074e+01 3.016845e+01 3.017616e+01 3.018386e+01 3.019156e+01 3.019925e+01 3.020695e+01 3.021463e+01 3.022232e+01 3.023000e+01 3.023768e+01 3.024536e+01 3.025303e+01 3.026070e+01 3.026837e+01 3.027603e+01 3.028369e+01 3.029135e+01 3.029900e+01 3.030665e+01 3.031429e+01 3.032194e+01 3.032958e+01 3.033722e+01 3.034485e+01 3.035248e+01 3.036011e+01 3.036773e+01 3.037535e+01 3.038297e+01 3.039058e+01 3.039820e+01 3.040580e+01 3.041341e+01 3.042101e+01 3.042861e+01 3.043620e+01 3.044380e+01 3.045139e+01 3.045897e+01 3.046655e+01 3.047413e+01 3.048171e+01 3.048928e+01 3.049685e+01 3.050442e+01 3.051198e+01 3.051954e+01 3.052710e+01 3.053465e+01 3.054221e+01 3.054976e+01 3.055730e+01 3.056484e+01 3.057238e+01 3.057991e+01 3.058745e+01 3.059497e+01 3.060250e+01 3.061002e+01 3.061754e+01 3.062506e+01 3.063257e+01 3.064008e+01 3.064759e+01 3.065509e+01 3.066260e+01 3.067009e+01 3.067759e+01 3.068508e+01 3.069257e+01 3.070005e+01 3.070754e+01 3.071502e+01 3.072249e+01 3.072996e+01 3.073743e+01 3.074490e+01 3.075237e+01 3.075982e+01 3.076728e+01 3.077474e+01 3.078219e+01 3.078964e+01 3.079708e+01 3.080453e+01 3.081196e+01 3.081940e+01 3.082683e+01 3.083426e+01 3.084169e+01 3.084911e+01 3.085653e+01 3.086395e+01 3.087137e+01 3.087878e+01 3.088619e+01 3.089359e+01 3.090100e+01 3.090840e+01 3.091579e+01 3.092319e+01 3.093058e+01 3.093797e+01 3.094535e+01 3.095273e+01 3.096011e+01 3.096749e+01 3.097486e+01 3.098223e+01 3.098959e+01 3.099696e+01 3.100432e+01 3.101167e+01 3.101903e+01 3.102638e+01 3.103373e+01 3.104107e+01 3.104842e+01 3.105576e+01 3.106310e+01 3.107043e+01 3.107776e+01 3.108509e+01 3.109241e+01 3.109973e+01 3.110705e+01 3.111437e+01 3.112168e+01 3.112899e+01 3.113630e+01 3.114360e+01 3.115090e+01 3.115820e+01 3.116549e+01 3.117279e+01 3.118008e+01 3.118736e+01 3.119465e+01 3.120193e+01 3.120921e+01 3.121648e+01 3.122375e+01 3.123102e+01 3.123829e+01 3.124555e+01 3.125281e+01 3.126007e+01 3.126732e+01 3.127457e+01 3.128182e+01 3.128907e+01 3.129631e+01 3.130355e+01 3.131079e+01 3.131802e+01 3.132525e+01 3.133248e+01 3.133970e+01 3.134693e+01 3.135415e+01 3.136136e+01 3.136858e+01 3.137579e+01 3.138300e+01 3.139020e+01 3.139740e+01 3.140460e+01 3.141180e+01 3.141899e+01 3.142618e+01 3.143337e+01 3.144056e+01 3.144774e+01 3.145492e+01 3.146209e+01 3.146927e+01 3.147644e+01 3.148361e+01 3.149077e+01 3.149793e+01 3.150509e+01 3.151225e+01 3.151940e+01 3.152655e+01 3.153370e+01 3.154085e+01 3.154799e+01 3.155513e+01 3.156227e+01 3.156940e+01 3.157653e+01 3.158366e+01 3.159079e+01 3.159791e+01 3.160503e+01 3.161215e+01 3.161926e+01 3.162637e+01 3.163348e+01 3.164059e+01 3.164769e+01 3.165479e+01 3.166189e+01 3.166898e+01 3.167607e+01 3.168316e+01 3.169025e+01 3.169733e+01 3.170442e+01 3.171149e+01 3.171857e+01 3.172564e+01 3.173271e+01 3.173978e+01 3.174684e+01 3.175390e+01 3.176096e+01 3.176802e+01 3.177507e+01 3.178212e+01 3.178917e+01 3.179622e+01 3.180326e+01 3.181030e+01 3.181734e+01 3.182437e+01 3.183140e+01 3.183843e+01 3.184546e+01 3.185248e+01 3.185950e+01 3.186652e+01 3.187353e+01 3.188054e+01 3.188755e+01 3.189456e+01 3.190156e+01 3.190857e+01 3.191556e+01 3.192256e+01 3.192955e+01 3.193654e+01 3.194353e+01 3.195052e+01 3.195750e+01 3.196448e+01 3.197146e+01 3.197843e+01 3.198540e+01 3.199237e+01 3.199934e+01 3.200630e+01 3.201326e+01 3.202022e+01 3.202718e+01 3.203413e+01 3.204108e+01 3.204803e+01 3.205497e+01 3.206191e+01 3.206885e+01 3.207579e+01 3.208272e+01 3.208965e+01 3.209658e+01 3.210351e+01 3.211043e+01 3.211736e+01 3.212427e+01 3.213119e+01 3.213810e+01 3.214501e+01 3.215192e+01 3.215882e+01 3.216573e+01 3.217263e+01 3.217952e+01 3.218642e+01 3.219331e+01 3.220020e+01 3.220708e+01 3.221397e+01 3.222085e+01 3.222773e+01 3.223460e+01 3.224148e+01 3.224835e+01 3.225522e+01 3.226208e+01 3.226895e+01 3.227581e+01 3.228267e+01 3.228952e+01 3.229637e+01 3.230322e+01 3.231007e+01 3.231691e+01 3.232376e+01 3.233060e+01 3.233743e+01 3.234426e+01 3.235110e+01 3.235793e+01 3.236475e+01 3.237158e+01 3.237840e+01 3.238522e+01 3.239204e+01 3.239885e+01 3.240566e+01 3.241247e+01 3.241927e+01 3.242608e+01 3.243288e+01 3.243968e+01 3.244647e+01 3.245327e+01 3.246006e+01 3.246685e+01 3.247363e+01 3.248042e+01 3.248719e+01 3.249397e+01 3.250075e+01 3.250752e+01 3.251429e+01 3.252106e+01 3.252782e+01 3.253458e+01 3.254135e+01 3.254810e+01 3.255486e+01 3.256161e+01 3.256836e+01 3.257511e+01 3.258185e+01 3.258860e+01 3.259534e+01 3.260207e+01 3.260881e+01 3.261554e+01 3.262227e+01 3.262900e+01 3.263572e+01 3.264244e+01 3.264917e+01 3.265588e+01 3.266260e+01 3.266931e+01 3.267602e+01 3.268272e+01 3.268943e+01 3.269613e+01 3.270283e+01 3.270953e+01 3.271622e+01</elevationAngle>
        <elevationPattern count="676">1.292537e+14 -1.421615e+14 1.293787e+14 -1.432684e+14 1.295036e+14 -1.443748e+14 1.296285e+14 -1.454806e+14 1.297533e+14 -1.465859e+14 1.298446e+14 -1.477017e+14 1.299158e+14 -1.488237e+14 1.299870e+14 -1.499451e+14 1.300581e+14 -1.510659e+14 1.301293e+14 -1.521862e+14 1.302000e+14 -1.533060e+14 1.302000e+14 -1.544252e+14 1.302000e+14 -1.555438e+14 1.302000e+14 -1.566619e+14 1.302000e+14 -1.577794e+14 1.302000e+14 -1.588963e+14 1.301803e+14 -1.600128e+14 1.301272e+14 -1.611287e+14 1.300741e+14 -1.622439e+14 1.300211e+14 -1.633588e+14 1.299680e+14 -1.644730e+14 1.299150e+14 -1.655866e+14 1.298112e+14 -1.666997e+14 1.296875e+14 -1.678123e+14 1.295640e+14 -1.689243e+14 1.294404e+14 -1.700357e+14 1.293171e+14 -1.711467e+14 1.291909e+14 -1.722580e+14 1.290148e+14 -1.733855e+14 1.288387e+14 -1.745123e+14 1.286627e+14 -1.756387e+14 1.284868e+14 -1.767645e+14 1.283110e+14 -1.778897e+14 1.281158e+14 -1.790079e+14 1.278875e+14 -1.801145e+14 1.276592e+14 -1.812205e+14 1.274311e+14 -1.823260e+14 1.272031e+14 -1.834310e+14 1.269752e+14 -1.845354e+14 1.266888e+14 -1.856393e+14 1.263735e+14 -1.867426e+14 1.260585e+14 -1.878454e+14 1.257435e+14 -1.889477e+14 1.254288e+14 -1.900494e+14 1.251141e+14 -1.911506e+14 1.247496e+14 -1.922512e+14 1.243829e+14 -1.933514e+14 1.240164e+14 -1.944509e+14 1.236500e+14 -1.955500e+14 1.232838e+14 -1.966485e+14 1.229061e+14 -1.977426e+14 1.224880e+14 -1.988226e+14 1.220702e+14 -1.999021e+14 1.216525e+14 -2.009810e+14 1.212350e+14 -2.020595e+14 1.208177e+14 -2.031374e+14 1.203592e+14 -2.042065e+14 1.198555e+14 -2.052661e+14 1.193520e+14 -2.063251e+14 1.188488e+14 -2.073836e+14 1.183458e+14 -2.084416e+14 1.178431e+14 -2.094990e+14 1.173034e+14 -2.105560e+14 1.167492e+14 -2.116124e+14 1.161952e+14 -2.126685e+14 1.156416e+14 -2.137239e+14 1.150882e+14 -2.147788e+14 1.145350e+14 -2.158332e+14 1.139174e+14 -2.168710e+14 1.132957e+14 -2.179071e+14 1.126744e+14 -2.189428e+14 1.120532e+14 -2.199779e+14 1.114324e+14 -2.210126e+14 1.108046e+14 -2.220443e+14 1.101328e+14 -2.230608e+14 1.094612e+14 -2.240767e+14 1.087900e+14 -2.250921e+14 1.081190e+14 -2.261071e+14 1.074484e+14 -2.271215e+14 1.067554e+14 -2.281356e+14 1.060167e+14 -2.291491e+14 1.052784e+14 -2.301622e+14 1.045405e+14 -2.311747e+14 1.038028e+14 -2.321867e+14 1.030656e+14 -2.331983e+14 1.022985e+14 -2.341922e+14 1.015020e+14 -2.351686e+14 1.007059e+14 -2.361445e+14 9.991007e+13 -2.371199e+14 9.911470e+13 -2.380948e+14 9.831970e+13 -2.390694e+14 9.748107e+13 -2.400209e+14 9.662022e+13 -2.409603e+14 9.575978e+13 -2.418992e+14 9.489971e+13 -2.428378e+14 9.404008e+13 -2.437758e+14 9.318087e+13 -2.447135e+14 9.227153e+13 -2.456370e+14 9.135014e+13 -2.465568e+14 9.042915e+13 -2.474761e+14 8.950859e+13 -2.483949e+14 8.858847e+13 -2.493133e+14 8.766878e+13 -2.502313e+14 8.669138e+13 -2.511175e+14 8.570971e+13 -2.520006e+14 8.472851e+13 -2.528834e+14 8.374777e+13 -2.537656e+14 8.276752e+13 -2.546476e+14 8.178581e+13 -2.555280e+14 8.074886e+13 -2.563751e+14 7.971239e+13 -2.572219e+14 7.867640e+13 -2.580683e+14 7.764091e+13 -2.589143e+14 7.660591e+13 -2.597599e+14 7.556381e+13 -2.606030e+14 7.446894e+13 -2.614309e+14 7.337460e+13 -2.622584e+14 7.228078e+13 -2.630856e+14 7.118744e+13 -2.639123e+14 7.009462e+13 -2.647386e+14 6.899090e+13 -2.655545e+14 6.784183e+13 -2.663296e+14 6.669329e+13 -2.671043e+14 6.554529e+13 -2.678786e+14 6.439783e+13 -2.686525e+14 6.325091e+13 -2.694261e+14 6.209019e+13 -2.701906e+14 6.088890e+13 -2.709299e+14 5.968815e+13 -2.716688e+14 5.848798e+13 -2.724074e+14 5.728833e+13 -2.731456e+14 5.608927e+13 -2.738835e+14 5.487419e+13 -2.746060e+14 5.362094e+13 -2.752929e+14 5.236829e+13 -2.759796e+14 5.111621e+13 -2.766658e+14 4.986472e+13 -2.773519e+14 4.861379e+13 -2.780375e+14 4.734715e+13 -2.787120e+14 4.604727e+13 -2.793636e+14 4.474800e+13 -2.800149e+14 4.344932e+13 -2.806659e+14 4.215124e+13 -2.813166e+14 4.085377e+13 -2.819671e+14 3.954017e+13 -2.826004e+14 3.819392e+13 -2.832002e+14 3.684829e+13 -2.837998e+14 3.550327e+13 -2.843990e+14 3.415887e+13 -2.849980e+14 3.281510e+13 -2.855967e+14 3.145568e+13 -2.861789e+14 3.006328e+13 -2.867272e+14 2.867155e+13 -2.872753e+14 2.728044e+13 -2.878231e+14 2.588998e+13 -2.883706e+14 2.450015e+13 -2.889180e+14 2.309797e+13 -2.894550e+14 2.166634e+13 -2.899686e+14 2.023537e+13 -2.904821e+14 1.880507e+13 -2.909954e+14 1.737540e+13 -2.915083e+14 1.594640e+13 -2.920210e+14 1.450669e+13 -2.925206e+14 1.303537e+13 -2.929832e+14 1.156473e+13 -2.934456e+14 1.009476e+13 -2.939079e+14 8.625463e+12 -2.943700e+14 7.156838e+12 -2.948319e+14 5.680408e+12 -2.952801e+14 4.171267e+12 -2.956755e+14 2.662818e+12 -2.960710e+14 1.155054e+12 -2.964660e+14 -3.520212e+11 -2.968609e+14 -1.858409e+12 -2.972557e+14 -3.368725e+12 -2.976461e+14 -4.909896e+12 -2.980077e+14 -6.450364e+12 -2.983690e+14 -7.990135e+12 -2.987303e+14 -9.529201e+12 -2.990913e+14 -1.106757e+13 -2.994523e+14 -1.260654e+13 -2.998106e+14 -1.417990e+13 -3.001056e+14 -1.575254e+13 -3.004005e+14 -1.732447e+13 -3.006952e+14 -1.889568e+13 -3.009898e+14 -2.046618e+13 -3.012843e+14 -2.203597e+13 -3.015786e+14 -2.363536e+13 -3.018273e+14 -2.523641e+13 -3.020724e+14 -2.683673e+13 -3.023173e+14 -2.843633e+13 -3.025622e+14 -3.003520e+13 -3.028070e+14 -3.163335e+13 -3.030516e+14 -3.325299e+13 -3.032437e+14 -3.487740e+13 -3.034230e+14 -3.650109e+13 -3.036022e+14 -3.812401e+13 -3.037812e+14 -3.974622e+13 -3.039601e+14 -4.136772e+13 -3.041392e+14 -4.300668e+13 -3.042965e+14 -4.465434e+13 -3.044428e+14 -4.630122e+13 -3.045888e+14 -4.794737e+13 -3.047349e+14 -4.959280e+13 -3.048810e+14 -5.123748e+13 -3.050270e+14 -5.289438e+13 -3.051405e+14 -5.456353e+13 -3.052215e+14 -5.623192e+13 -3.053025e+14 -5.789956e+13 -3.053835e+14 -5.956646e+13 -3.054645e+14 -6.123259e+13 -3.055453e+14 -6.290425e+13 -3.056052e+14 -6.458831e+13 -3.056214e+14 -6.627158e+13 -3.056375e+14 -6.795413e+13 -3.056537e+14 -6.963592e+13 -3.056699e+14 -7.131697e+13 -3.056860e+14 -7.299973e+13 -3.056958e+14 -7.469863e+13 -3.056636e+14 -7.639676e+13 -3.056314e+14 -7.809412e+13 -3.055992e+14 -7.979073e+13 -3.055670e+14 -8.148657e+13 -3.055347e+14 -8.318166e+13 -3.055025e+14 -8.489078e+13 -3.054262e+14 -8.660045e+13 -3.053458e+14 -8.830933e+13 -3.052655e+14 -9.001748e+13 -3.051852e+14 -9.172487e+13 -3.051050e+14 -9.343147e+13 -3.050248e+14 -9.514842e+13 -3.049004e+14 -9.686955e+13 -3.047561e+14 -9.858990e+13 -3.046119e+14 -1.003095e+14 -3.044678e+14 -1.020284e+14 -3.043239e+14 -1.037465e+14 -3.041799e+14 -1.054680e+14 -3.040147e+14 -1.071942e+14 -3.038229e+14 -1.089196e+14 -3.036310e+14 -1.106442e+14 -3.034395e+14 -1.123681e+14 -3.032479e+14 -1.140912e+14 -3.030565e+14 -1.158136e+14 -3.028564e+14 -1.175352e+14 -3.026173e+14 -1.192560e+14 -3.023783e+14 -1.209760e+14 -3.021394e+14 -1.226953e+14 -3.019006e+14 -1.244139e+14 -3.016620e+14 -1.261317e+14 -3.014234e+14 -1.278488e+14 -3.011276e+14 -1.295650e+14 -3.008255e+14 -1.312806e+14 -3.005238e+14 -1.329954e+14 -3.002221e+14 -1.347094e+14 -2.999206e+14 -1.364227e+14 -2.996192e+14 -1.381448e+14 -2.992795e+14 -1.398724e+14 -2.989150e+14 -1.415993e+14 -2.985506e+14 -1.433254e+14 -2.981864e+14 -1.450507e+14 -2.978224e+14 -1.467753e+14 -2.974584e+14 -1.484992e+14 -2.970855e+14 -1.502223e+14 -2.966903e+14 -1.519446e+14 -2.962953e+14 -1.536662e+14 -2.959004e+14 -1.553870e+14 -2.955057e+14 -1.571071e+14 -2.951112e+14 -1.588264e+14 -2.947169e+14 -1.605450e+14 -2.942623e+14 -1.622629e+14 -2.938053e+14 -1.639799e+14 -2.933484e+14 -1.656963e+14 -2.928918e+14 -1.674118e+14 -2.924354e+14 -1.691268e+14 -2.919792e+14 -1.708312e+14 -2.914944e+14 -1.725289e+14 -2.909915e+14 -1.742258e+14 -2.904887e+14 -1.759219e+14 -2.899861e+14 -1.776173e+14 -2.894837e+14 -1.793120e+14 -2.889816e+14 -1.810060e+14 -2.884647e+14 -1.826992e+14 -2.879002e+14 -1.843917e+14 -2.873361e+14 -1.860834e+14 -2.867721e+14 -1.877744e+14 -2.862085e+14 -1.894648e+14 -2.856452e+14 -1.911543e+14 -2.850819e+14 -1.928297e+14 -2.844922e+14 -1.945022e+14 -2.838982e+14 -1.961739e+14 -2.833045e+14 -1.978450e+14 -2.827111e+14 -1.995153e+14 -2.821180e+14 -2.011849e+14 -2.815250e+14 -2.028466e+14 -2.809040e+14 -2.044992e+14 -2.802494e+14 -2.061511e+14 -2.795949e+14 -2.078022e+14 -2.789407e+14 -2.094525e+14 -2.782867e+14 -2.111023e+14 -2.776331e+14 -2.127508e+14 -2.769787e+14 -2.143835e+14 -2.762945e+14 -2.160156e+14 -2.756107e+14 -2.176469e+14 -2.749270e+14 -2.192775e+14 -2.742437e+14 -2.209075e+14 -2.735607e+14 -2.225367e+14 -2.728780e+14 -2.243491e+14 -2.719657e+14 -2.262870e+14 -2.708960e+14 -2.282240e+14 -2.698267e+14 -2.301603e+14 -2.687580e+14 -2.320957e+14 -2.676896e+14 -2.340303e+14 -2.666217e+14 -2.358691e+14 -2.656853e+14 -2.371060e+14 -2.655770e+14 -2.383426e+14 -2.654687e+14 -2.395786e+14 -2.653606e+14 -2.408141e+14 -2.652525e+14 -2.420491e+14 -2.651444e+14 -2.432835e+14 -2.650364e+14 -2.447321e+14 -2.644483e+14 -2.462892e+14 -2.636158e+14 -2.478456e+14 -2.627835e+14 -2.494014e+14 -2.619517e+14 -2.509566e+14 -2.611202e+14 -2.525111e+14 -2.602892e+14 -2.540623e+14 -2.594531e+14 -2.556001e+14 -2.585919e+14 -2.571373e+14 -2.577311e+14 -2.586737e+14 -2.568707e+14 -2.602097e+14 -2.560107e+14 -2.617448e+14 -2.551509e+14 -2.632793e+14 -2.542916e+14 -2.647930e+14 -2.534023e+14 -2.662955e+14 -2.524976e+14 -2.677975e+14 -2.515935e+14 -2.692988e+14 -2.506896e+14 -2.707994e+14 -2.497861e+14 -2.722993e+14 -2.488830e+14 -2.737948e+14 -2.479762e+14 -2.752630e+14 -2.470434e+14 -2.767304e+14 -2.461108e+14 -2.781974e+14 -2.451787e+14 -2.796637e+14 -2.442470e+14 -2.811295e+14 -2.433157e+14 -2.825945e+14 -2.423847e+14 -2.840411e+14 -2.414184e+14 -2.854744e+14 -2.404272e+14 -2.869072e+14 -2.394366e+14 -2.883393e+14 -2.384462e+14 -2.897708e+14 -2.374563e+14 -2.912017e+14 -2.364668e+14 -2.926311e+14 -2.354775e+14 -2.940152e+14 -2.344737e+14 -2.953987e+14 -2.334702e+14 -2.967816e+14 -2.324671e+14 -2.981639e+14 -2.314646e+14 -2.995458e+14 -2.304624e+14 -3.009269e+14 -2.294607e+14 -3.022942e+14 -2.284393e+14 -3.036440e+14 -2.273929e+14 -3.049931e+14 -2.263469e+14 -3.063416e+14 -2.253014e+14 -3.076896e+14 -2.242563e+14 -3.090371e+14 -2.232117e+14 -3.103840e+14 -2.221675e+14 -3.116922e+14 -2.210983e+14 -3.129927e+14 -2.200247e+14 -3.142925e+14 -2.189516e+14 -3.155918e+14 -2.178789e+14 -3.168906e+14 -2.168066e+14 -3.181887e+14 -2.157348e+14 -3.194798e+14 -2.146535e+14 -3.207468e+14 -2.135374e+14 -3.220131e+14 -2.124216e+14 -3.232791e+14 -2.113064e+14 -3.245445e+14 -2.101917e+14 -3.258094e+14 -2.090774e+14 -3.270738e+14 -2.079636e+14 -3.283025e+14 -2.068414e+14 -3.295057e+14 -2.057135e+14 -3.307083e+14 -2.045861e+14 -3.319104e+14 -2.034590e+14 -3.331121e+14 -2.023325e+14 -3.343131e+14 -2.012064e+14 -3.355138e+14 -2.000808e+14 -3.366582e+14 -1.989139e+14 -3.377979e+14 -1.977442e+14 -3.389370e+14 -1.965750e+14 -3.400758e+14 -1.954064e+14 -3.412141e+14 -1.942382e+14 -3.423518e+14 -1.930705e+14 -3.434777e+14 -1.918994e+14 -3.445696e+14 -1.907177e+14 -3.456613e+14 -1.895365e+14 -3.467523e+14 -1.883558e+14 -3.478428e+14 -1.871755e+14 -3.489331e+14 -1.859958e+14 -3.500228e+14 -1.848165e+14 -3.510785e+14 -1.836209e+14 -3.521076e+14 -1.824128e+14 -3.531364e+14 -1.812052e+14 -3.541646e+14 -1.799980e+14 -3.551926e+14 -1.787914e+14 -3.562200e+14 -1.775853e+14 -3.572470e+14 -1.763796e+14 -3.582229e+14 -1.751491e+14 -3.591897e+14 -1.739147e+14 -3.601560e+14 -1.726808e+14 -3.611219e+14 -1.714474e+14 -3.620874e+14 -1.702146e+14 -3.630525e+14 -1.689822e+14 -3.640101e+14 -1.677485e+14 -3.649151e+14 -1.665023e+14 -3.658196e+14 -1.652566e+14 -3.667238e+14 -1.640114e+14 -3.676277e+14 -1.627667e+14 -3.685313e+14 -1.615226e+14 -3.694344e+14 -1.602790e+14 -3.703095e+14 -1.590303e+14 -3.711379e+14 -1.577729e+14 -3.719658e+14 -1.565159e+14 -3.727937e+14 -1.552595e+14 -3.736211e+14 -1.540037e+14 -3.744482e+14 -1.527483e+14 -3.752749e+14 -1.514934e+14 -3.760564e+14 -1.502301e+14 -3.768089e+14 -1.489615e+14 -3.775608e+14 -1.476934e+14 -3.783126e+14 -1.464259e+14 -3.790639e+14 -1.451589e+14 -3.798150e+14 -1.438923e+14 -3.805656e+14 -1.426263e+14 -3.812679e+14 -1.413608e+14 -3.819593e+14 -1.400959e+14 -3.826502e+14 -1.388314e+14 -3.833411e+14 -1.375675e+14 -3.840316e+14 -1.363040e+14 -3.847218e+14 -1.350411e+14 -3.854104e+14 -1.337781e+14 -3.860267e+14 -1.324869e+14 -3.866427e+14 -1.311962e+14 -3.872585e+14 -1.299060e+14 -3.878740e+14 -1.286163e+14 -3.884893e+14 -1.273271e+14 -3.891044e+14 -1.260385e+14 -3.897021e+14 -1.247504e+14 -3.902288e+14 -1.234628e+14 -3.907554e+14 -1.221757e+14 -3.912817e+14 -1.208892e+14 -3.918079e+14 -1.196032e+14 -3.923338e+14 -1.183177e+14 -3.928595e+14 -1.170326e+14 -3.933540e+14 -1.157533e+14 -3.937917e+14 -1.144839e+14 -3.942293e+14 -1.132151e+14 -3.946667e+14 -1.119467e+14 -3.951039e+14 -1.106789e+14 -3.955409e+14 -1.094116e+14 -3.959777e+14 -1.081448e+14 -3.963785e+14 -1.068706e+14 -3.967424e+14 -1.055888e+14 -3.971060e+14 -1.043075e+14 -3.974694e+14 -1.030268e+14 -3.978326e+14 -1.017465e+14 -3.981958e+14 -1.004668e+14 -3.985588e+14 -9.918758e+13 -3.988775e+14 -9.791509e+13 -3.991674e+14 -9.664700e+13 -3.994577e+14 -9.537949e+13 -3.997474e+14 -9.411243e+13 -4.000372e+14 -9.284590e+13 -4.003270e+14 -9.157991e+13 -4.006166e+14 -9.031442e+13 -4.008339e+14 -8.905660e+13 -4.010221e+14 -8.780228e+13 -4.012099e+14 -8.654837e+13 -4.013980e+14 -8.529506e+13 -4.015859e+14 -8.404218e+13 -4.017737e+14 -8.278982e+13 -4.019613e+14 -8.153794e+13 -4.020917e+14 -8.029691e+13 -4.022070e+14 -7.905901e+13 -4.023226e+14 -7.782166e+13 -4.024379e+14 -7.658477e+13 -4.025532e+14 -7.534837e+13 -4.026682e+14 -7.411244e+13 -4.027835e+14 -7.287705e+13 -4.028123e+14 -7.165567e+13 -4.028267e+14 -7.043708e+13 -4.028412e+14 -6.921897e+13 -4.028555e+14 -6.800131e+13 -4.028698e+14 -6.678418e+13 -4.028843e+14 -6.556751e+13 -4.028986e+14 -6.435132e+13 -4.028354e+14 -6.315499e+13 -4.027637e+14 -6.196130e+13 -4.026919e+14 -6.076807e+13 -4.026204e+14 -5.957533e+13 -4.025486e+14 -5.838304e+13 -4.024771e+14 -5.719124e+13 -4.024054e+14 -5.599990e+13 -4.022677e+14 -5.482889e+13 -4.021246e+14 -5.365995e+13 -4.019816e+14 -5.249148e+13 -4.018388e+14 -5.132349e+13 -4.016957e+14 -5.015592e+13 -4.015530e+14 -4.898886e+13 -4.014100e+14 -4.782222e+13 -4.011745e+14 -4.668393e+13 -4.009318e+14 -4.554818e+13 -4.006894e+14 -4.441289e+13 -4.004470e+14 -4.327805e+13 -4.002048e+14 -4.214366e+13 -3.999626e+14 -4.100970e+13 -3.997205e+14 -3.987620e+13 -3.994004e+14 -3.877050e+13 -3.990732e+14 -3.766777e+13 -3.987461e+14 -3.656548e+13 -3.984190e+14 -3.546362e+13 -3.980921e+14 -3.436218e+13 -3.977655e+14 -3.326120e+13 -3.974388e+14 -3.216062e+13 -3.970372e+14 -3.108927e+13 -3.966257e+14 -3.002220e+13 -3.962145e+14 -2.895556e+13 -3.958030e+14 -2.788932e+13 -3.953922e+14 -2.682352e+13 -3.949812e+14 -2.575812e+13 -3.945706e+14 -2.469316e+13 -3.941015e+14 -2.366142e+13 -3.936204e+14 -2.263690e+13 -3.931395e+14 -2.161279e+13 -3.926587e+14 -2.058907e+13 -3.921780e+14 -1.956575e+13 -3.916977e+14 -1.854284e+13 -3.912175e+14 -1.752033e+13 -3.906630e+14 -1.652700e+13 -3.900843e+14 -1.554338e+13 -3.895059e+14 -1.456014e+13 -3.889279e+14 -1.357730e+13 -3.883499e+14 -1.259484e+13 -3.877723e+14 -1.161276e+13 -3.871948e+14 -1.063106e+13 -3.865708e+14 -9.678479e+12 -3.859235e+14 -8.740893e+12 -3.852763e+14 -7.803672e+12 -3.846295e+14 -6.866816e+12 -3.839828e+14 -5.930324e+12 -3.833364e+14 -4.994197e+12 -3.826903e+14 -4.058433e+12 -3.820057e+14 -3.148232e+12 -3.812899e+14 -2.258951e+12 -3.805744e+14 -1.370015e+12 -3.798593e+14 -4.814239e+11 -3.791442e+14 4.068225e+11 -3.784294e+14 1.294724e+12 -3.777152e+14 2.182282e+12 -3.769658e+14 3.049795e+12 -3.761679e+14 3.889633e+12 -3.753703e+14 4.729147e+12 -3.745733e+14 5.568337e+12 -3.737762e+14 6.407200e+12 -3.729797e+14 7.245740e+12 -3.721833e+14 8.083954e+12 -3.713724e+14 8.908860e+12 -3.705208e+14 9.697850e+12 -3.696697e+14 1.048653e+13 -3.688187e+14 1.127491e+13 -3.679683e+14 1.206299e+13 -3.671181e+14 1.285076e+13 -3.662682e+14 1.363823e+13 -3.654120e+14 1.442043e+13 -3.644931e+14 1.515549e+13 -3.635747e+14 1.589028e+13 -3.626565e+14 1.662479e+13 -3.617386e+14 1.735900e+13 -3.608213e+14 1.809295e+13 -3.599043e+14 1.882661e+13 -3.589876e+14 1.955998e+13 -3.580084e+14 2.024787e+13 -3.570230e+14 2.093071e+13 -3.560380e+14 2.161329e+13 -3.550532e+14 2.229561e+13 -3.540691e+14 2.297768e+13 -3.530851e+14 2.365947e+13 -3.521015e+14 2.434101e+13 -3.510896e+14 2.498580e+13 -3.500653e+14 2.561422e+13 -3.490414e+14 2.624239e+13 -3.480180e+14 2.687033e+13 -3.469949e+14 2.749803e+13 -3.459722e+14 2.812548e+13 -3.449498e+14 2.875269e+13 -3.439023e+14 2.935542e+13 -3.428256e+14 2.992970e+13 -3.417491e+14 3.050374e+13 -3.406732e+14 3.107759e+13 -3.395977e+14 3.165121e+13 -3.385226e+14 3.222461e+13 -3.374479e+14 3.279779e+13 -3.363619e+14 3.335971e+13 -3.352329e+14 3.388014e+13 -3.341046e+14 3.440038e+13 -3.329764e+14 3.492039e+13 -3.318487e+14 3.544023e+13 -3.307214e+14 3.595985e+13 -3.295947e+14 3.647930e+13 -3.284683e+14 3.699853e+13 -3.273036e+14 3.746726e+13 -3.261369e+14 3.793258e+13 -3.249705e+14 3.839770e+13 -3.238048e+14 3.886267e+13 -3.226395e+14 3.932746e+13 -3.214746e+14 3.979206e+13 -3.203100e+14 4.025647e+13 -3.191282e+14 4.068612e+13 -3.179372e+14 4.109682e+13 -3.167468e+14 4.150736e+13 -3.155565e+14 4.191771e+13 -3.143670e+14 4.232795e+13 -3.131778e+14 4.273801e+13 -3.119891e+14 4.314791e+13 -3.107825e+14 4.353977e+13 -3.095400e+14 4.389612e+13 -3.082980e+14 4.425234e+13 -3.070566e+14 4.460843e+13 -3.058155e+14 4.496436e+13 -3.045749e+14 4.532017e+13 -3.033349e+14 4.567586e+13 -3.020951e+14 4.603121e+13 -3.008424e+14 4.633622e+13 -2.995900e+14 4.664112e+13 -2.983381e+14 4.694592e+13 -2.970868e+14 4.725062e+13 -2.958359e+14 4.755517e+13 -2.945854e+14 4.785960e+13 -2.933356e+14 4.816396e+13 -2.920684e+14 4.843545e+13 -2.907921e+14 4.868931e+13 -2.895165e+14 4.894310e+13 -2.882413e+14 4.919678e+13 -2.869666e+14 4.945037e+13 -2.856923e+14 4.970386e+13 -2.844186e+14 4.995726e+13 -2.831377e+14 5.019698e+13 -2.818379e+14 5.040145e+13 -2.805384e+14 5.060582e+13 -2.792395e+14 5.081014e+13 -2.779412e+14 5.101438e+13 -2.766432e+14 5.121853e+13 -2.753457e+14 5.142260e+13 -2.740488e+14 5.162660e+13 -2.727403e+14 5.178869e+13 -2.714308e+14 5.194528e+13 -2.701218e+14 5.210182e+13 -2.688134e+14 5.225832e+13 -2.675053e+14 5.241473e+13 -2.661977e+14 5.257109e+13 -2.648906e+14 5.272738e+13 -2.635778e+14 5.286205e+13 -2.622582e+14 5.297246e+13 -2.609393e+14 5.308285e+13 -2.596206e+14 5.319316e+13 -2.583026e+14 5.330344e+13 -2.569850e+14 5.341370e+13 -2.556680e+14 5.352392e+13 -2.543509e+14 5.363248e+13 -2.530214e+14 5.369963e+13 -2.516923e+14 5.376676e+13 -2.503639e+14 5.383386e+13 -2.490357e+14 5.390093e+13 -2.477082e+14 5.396798e+13 -2.463811e+14 5.403498e+13 -2.450546e+14 5.410200e+13 -2.437285e+14 5.414558e+13 -2.424029e+14 5.417236e+13</elevationPattern>
        <incidenceAngle count="676">3.087665e+01 3.088687e+01 3.089709e+01 3.090732e+01 3.091753e+01 3.092775e+01 3.093794e+01 3.094815e+01 3.095834e+01 3.096854e+01 3.097871e+01 3.098891e+01 3.099908e+01 3.100925e+01 3.101942e+01 3.102957e+01 3.103973e+01 3.104990e+01 3.106004e+01 3.107018e+01 3.108032e+01 3.109045e+01 3.110059e+01 3.111070e+01 3.112082e+01 3.113094e+01 3.114105e+01 3.115115e+01 3.116125e+01 3.117136e+01 3.118144e+01 3.119153e+01 3.120161e+01 3.121169e+01 3.122176e+01 3.123183e+01 3.124190e+01 3.125195e+01 3.126201e+01 3.127205e+01 3.128210e+01 3.129214e+01 3.130217e+01 3.131221e+01 3.132224e+01 3.133224e+01 3.134227e+01 3.135228e+01 3.136229e+01 3.137228e+01 3.138229e+01 3.139229e+01 3.140227e+01 3.141226e+01 3.142224e+01 3.143221e+01 3.144218e+01 3.145215e+01 3.146211e+01 3.147206e+01 3.148203e+01 3.149197e+01 3.150191e+01 3.151186e+01 3.152179e+01 3.153171e+01 3.154164e+01 3.155156e+01 3.156148e+01 3.157140e+01 3.158130e+01 3.159120e+01 3.160110e+01 3.161099e+01 3.162088e+01 3.163077e+01 3.164064e+01 3.165053e+01 3.166040e+01 3.167026e+01 3.168013e+01 3.168999e+01 3.169983e+01 3.170969e+01 3.171953e+01 3.172937e+01 3.173921e+01 3.174904e+01 3.175887e+01 3.176869e+01 3.177850e+01 3.178831e+01 3.179813e+01 3.180794e+01 3.181773e+01 3.182753e+01 3.183733e+01 3.184711e+01 3.185689e+01 3.186667e+01 3.187645e+01 3.188622e+01 3.189598e+01 3.190575e+01 3.191550e+01 3.192525e+01 3.193500e+01 3.194475e+01 3.195448e+01 3.196422e+01 3.197395e+01 3.198367e+01 3.199339e+01 3.200311e+01 3.201283e+01 3.202254e+01 3.203224e+01 3.204195e+01 3.205164e+01 3.206133e+01 3.207101e+01 3.208070e+01 3.209038e+01 3.210005e+01 3.210973e+01 3.211940e+01 3.212906e+01 3.213872e+01 3.214836e+01 3.215802e+01 3.216766e+01 3.217731e+01 3.218694e+01 3.219656e+01 3.220619e+01 3.221582e+01 3.222545e+01 3.223506e+01 3.224467e+01 3.225427e+01 3.226389e+01 3.227348e+01 3.228307e+01 3.229266e+01 3.230225e+01 3.231183e+01 3.232141e+01 3.233098e+01 3.234055e+01 3.235011e+01 3.235968e+01 3.236923e+01 3.237878e+01 3.238834e+01 3.239787e+01 3.240742e+01 3.241696e+01 3.242648e+01 3.243602e+01 3.244554e+01 3.245506e+01 3.246457e+01 3.247409e+01 3.248360e+01 3.249310e+01 3.250259e+01 3.251208e+01 3.252158e+01 3.253107e+01 3.254056e+01 3.255003e+01 3.255951e+01 3.256897e+01 3.257845e+01 3.258791e+01 3.259737e+01 3.260681e+01 3.261627e+01 3.262572e+01 3.263516e+01 3.264459e+01 3.265402e+01 3.266345e+01 3.267288e+01 3.268231e+01 3.269173e+01 3.270114e+01 3.271054e+01 3.271996e+01 3.272935e+01 3.273875e+01 3.274814e+01 3.275754e+01 3.276692e+01 3.277631e+01 3.278568e+01 3.279506e+01 3.280443e+01 3.281380e+01 3.282315e+01 3.283250e+01 3.284186e+01 3.285121e+01 3.286057e+01 3.286990e+01 3.287924e+01 3.288858e+01 3.289790e+01 3.290723e+01 3.291655e+01 3.292587e+01 3.293518e+01 3.294449e+01 3.295380e+01 3.296310e+01 3.297240e+01 3.298170e+01 3.299100e+01 3.300027e+01 3.300957e+01 3.301884e+01 3.302812e+01 3.303738e+01 3.304666e+01 3.305592e+01 3.306517e+01 3.307443e+01 3.308368e+01 3.309293e+01 3.310217e+01 3.311142e+01 3.312065e+01 3.312988e+01 3.313911e+01 3.314835e+01 3.315756e+01 3.316678e+01 3.317599e+01 3.318521e+01 3.319441e+01 3.320361e+01 3.321281e+01 3.322200e+01 3.323120e+01 3.324039e+01 3.324956e+01 3.325874e+01 3.326791e+01 3.327708e+01 3.328625e+01 3.329543e+01 3.330458e+01 3.331374e+01 3.332289e+01 3.333205e+01 3.334119e+01 3.335033e+01 3.335947e+01 3.336859e+01 3.337773e+01 3.338686e+01 3.339598e+01 3.340509e+01 3.341422e+01 3.342332e+01 3.343243e+01 3.344153e+01 3.345064e+01 3.345973e+01 3.346883e+01 3.347791e+01 3.348700e+01 3.349608e+01 3.350516e+01 3.351424e+01 3.352330e+01 3.353236e+01 3.354143e+01 3.355049e+01 3.355954e+01 3.356859e+01 3.357764e+01 3.358669e+01 3.359573e+01 3.360477e+01 3.361380e+01 3.362283e+01 3.363185e+01 3.364088e+01 3.364990e+01 3.365891e+01 3.366792e+01 3.367693e+01 3.368593e+01 3.369493e+01 3.370393e+01 3.371292e+01 3.372191e+01 3.373090e+01 3.373988e+01 3.374886e+01 3.375784e+01 3.376682e+01 3.377577e+01 3.378474e+01 3.379370e+01 3.380266e+01 3.381161e+01 3.382056e+01 3.382951e+01 3.383846e+01 3.384738e+01 3.385632e+01 3.386525e+01 3.387419e+01 3.388310e+01 3.389203e+01 3.390094e+01 3.390987e+01 3.391878e+01 3.392767e+01 3.393658e+01 3.394548e+01 3.395438e+01 3.396327e+01 3.397215e+01 3.398105e+01 3.398993e+01 3.399881e+01 3.400768e+01 3.401656e+01 3.402542e+01 3.403429e+01 3.404314e+01 3.405200e+01 3.406085e+01 3.406970e+01 3.407855e+01 3.408739e+01 3.409624e+01 3.410507e+01 3.411391e+01 3.412273e+01 3.413156e+01 3.414038e+01 3.414920e+01 3.415802e+01 3.416682e+01 3.417563e+01 3.418443e+01 3.419324e+01 3.420204e+01 3.421083e+01 3.421962e+01 3.422841e+01 3.423720e+01 3.424597e+01 3.425475e+01 3.426352e+01 3.427229e+01 3.428107e+01 3.428983e+01 3.429858e+01 3.430734e+01 3.431610e+01 3.432484e+01 3.433359e+01 3.434233e+01 3.435107e+01 3.435980e+01 3.436855e+01 3.437727e+01 3.438600e+01 3.439471e+01 3.440344e+01 3.441216e+01 3.442087e+01 3.442958e+01 3.443828e+01 3.444698e+01 3.445567e+01 3.446437e+01 3.447307e+01 3.448175e+01 3.449043e+01 3.449911e+01 3.450780e+01 3.451648e+01 3.452515e+01 3.453381e+01 3.454248e+01 3.455113e+01 3.455980e+01 3.456845e+01 3.457710e+01 3.458575e+01 3.459439e+01 3.460304e+01 3.461168e+01 3.462032e+01 3.462894e+01 3.463757e+01 3.464619e+01 3.465482e+01 3.466344e+01 3.467204e+01 3.468066e+01 3.468927e+01 3.469788e+01 3.470648e+01 3.471507e+01 3.472366e+01 3.473225e+01 3.474084e+01 3.474944e+01 3.475801e+01 3.476659e+01 3.477516e+01 3.478374e+01 3.479231e+01 3.480087e+01 3.480943e+01 3.481799e+01 3.482655e+01 3.483510e+01 3.484366e+01 3.485220e+01 3.486073e+01 3.486928e+01 3.487781e+01 3.488635e+01 3.489488e+01 3.490340e+01 3.491193e+01 3.492044e+01 3.492896e+01 3.493747e+01 3.494598e+01 3.495450e+01 3.496300e+01 3.497150e+01 3.498000e+01 3.498849e+01 3.499698e+01 3.500546e+01 3.501395e+01 3.502243e+01 3.503091e+01 3.503938e+01 3.504785e+01 3.505632e+01 3.506479e+01 3.507326e+01 3.508171e+01 3.509016e+01 3.509862e+01 3.510707e+01 3.511551e+01 3.512396e+01 3.513240e+01 3.514084e+01 3.514926e+01 3.515770e+01 3.516612e+01 3.517455e+01 3.518297e+01 3.519139e+01 3.519980e+01 3.520821e+01 3.521661e+01 3.522502e+01 3.523343e+01 3.524182e+01 3.525021e+01 3.525861e+01 3.526700e+01 3.527539e+01 3.528377e+01 3.529214e+01 3.530052e+01 3.530890e+01 3.531728e+01 3.532564e+01 3.533400e+01 3.534236e+01 3.535072e+01 3.535907e+01 3.536743e+01 3.537578e+01 3.538412e+01 3.539247e+01 3.540080e+01 3.540913e+01 3.541748e+01 3.542581e+01 3.543413e+01 3.544246e+01 3.545078e+01 3.545909e+01 3.546741e+01 3.547572e+01 3.548402e+01 3.549234e+01 3.550064e+01 3.550894e+01 3.551723e+01 3.552553e+01 3.553381e+01 3.554210e+01 3.555038e+01 3.555867e+01 3.556696e+01 3.557523e+01 3.558350e+01 3.559177e+01 3.560004e+01 3.560829e+01 3.561655e+01 3.562482e+01 3.563306e+01 3.564131e+01 3.564957e+01 3.565781e+01 3.566605e+01 3.567429e+01 3.568253e+01 3.569075e+01 3.569899e+01 3.570721e+01 3.571544e+01 3.572366e+01 3.573187e+01 3.574010e+01 3.574831e+01 3.575652e+01 3.576471e+01 3.577292e+01 3.578111e+01 3.578932e+01 3.579752e+01 3.580569e+01 3.581389e+01 3.582207e+01 3.583026e+01 3.583844e+01 3.584660e+01 3.585478e+01 3.586295e+01 3.587112e+01 3.587929e+01 3.588745e+01 3.589560e+01 3.590376e+01 3.591191e+01 3.592006e+01 3.592821e+01 3.593636e+01 3.594449e+01 3.595264e+01 3.596077e+01 3.596890e+01 3.597702e+01 3.598515e+01 3.599327e+01 3.600139e+01 3.600951e+01 3.601762e+01 3.602574e+01 3.603384e+01 3.604195e+01 3.605005e+01 3.605815e+01 3.606625e+01 3.607434e+01 3.608243e+01 3.609052e+01 3.609860e+01 3.610669e+01 3.611478e+01 3.612285e+01 3.613092e+01 3.613899e+01 3.614706e+01 3.615512e+01 3.616319e+01 3.617125e+01 3.617931e+01 3.618735e+01 3.619540e+01 3.620345e+01 3.621150e+01 3.621954e+01 3.622758e+01 3.623561e+01 3.624365e+01 3.625168e+01 3.625970e+01 3.626773e+01 3.627576e+01 3.628377e+01 3.629179e+01 3.629980e+01 3.630782e+01 3.631583e+01 3.632382e+01 3.633183e+01 3.633983e+01 3.634782e+01 3.635582e+01 3.636382e+01 3.637180e+01 3.637978e+01 3.638777e+01 3.639575e+01 3.640372e+01 3.641170e+01 3.641966e+01 3.642763e+01 3.643559e+01 3.644356e+01 3.645152e+01 3.645947e+01 3.646744e+01 3.647539e+01 3.648334e+01 3.649129e+01 3.649922e+01 3.650717e+01 3.651511e+01 3.652304e+01 3.653098e+01 3.653889e+01 3.654683e+01 3.655475e+01 3.656267e+01 3.657059e+01 3.657851e+01 3.658641e+01 3.659433e+01 3.660223e+01 3.661014e+01 3.661804e+01 3.662593e+01 3.663383e+01 3.664172e+01 3.664961e+01 3.665750e+01 3.666539e+01 3.667328e+01 3.668115e+01 3.668903e+01 3.669690e+01 3.670477e+01 3.671265e+01 3.672050e+01 3.672838e+01 3.673624e+01 3.674409e+01 3.675194e+01 3.675980e+01 3.676764e+01 3.677550e+01 3.678334e+01 3.679118e+01 3.679901e+01 3.680685e+01 3.681468e+01 3.682251e+01 3.683034e+01 3.683817e+01 3.684599e+01 3.685381e+01 3.686163e+01 3.686945e+01 3.687726e+01 3.688507e+01</incidenceAngle>
        <terrainHeight>1.767999194714286e+03</terrainHeight>
        <roll>3.010563345710181e+01</roll>
      </antennaPattern>
    </antennaPatternList>
  </antennaPattern>
  <swathTiming>
    <linesPerBurst>1499</linesPerBurst>
    <samplesPerBurst>21549</samplesPerBurst>
    <burstList count="9">
      <burst>
        <azimuthTime>2015-05-16T13:34:21.818007</azimuthTime>
        <azimuthAnxTime>2.329590614180664e+03</azimuthAnxTime>
        <sensingTime>2015-05-16T13:34:22.948924</sensingTime>
        <byteOffset>8</byteOffset>
        <firstValidSample count="1499">-1 -1 -1 -1 -1 -1 -1 -1 -1 -1 -1 -1 -1 -1 -1 -1 -1 -1 -1 368 368 368 368 368 368 368 368 368 368 368 368 368 368 368 368 368 368 368 368 368 368 368 368 368 368 368 368 368 368 368 368 368 368 368 368 368 368 368 368 368 368 368 368 368 368 368 368 368 368 368 368 368 368 368 368 368 368 368 368 368 368 368 368 368 368 368 368 368 368 368 368 368 368 368 368 368 368 368 368 368 368 368 368 368 368 368 368 368 368 368 368 368 368 368 368 368 368 368 368 368 368 368 368 368 368 368 368 368 368 368 368 368 368 368 368 368 368 368 368 368 368 368 368 368 368 368 368 368 368 368 368 368 368 368 368 368 368 368 368 368 368 368 368 368 368 368 368 368 368 368 368 368 368 368 368 368 368 368 368 368 368 368 368 368 368 368 368 368 368 368 368 368 368 368 368 368 368 368 368 368 368 368 368 368 368 368 368 368 368 368 368 368 368 368 368 368 368 368 368 368 368 368 368 368 368 368 368 368 368 368 368 368 368 368 368 368 368 368 368 368 368 368 368 368 368 368 368 368 368 368 368 368 368 368 368 368 368 368 368 368 368 368 368 368 368 368 368 368 368 368 368 368 368 368 368 368 368 368 368 368 368 368 368 368 368 368 368 368 368 368 368 368 368 368 368 368 368 368 368 368 368 368 368 368 368 368 368 368 368 368 368 368 368 368 368 368 368 368 368 368 368 368 368 368 368 368 368 368 368 368 368 368 368 368 368 368 368 368 368 368 368 368 368 368 368 368 368 368 368 368 368 368 368 368 368 368 368 368 368 368 368 368 368 368 368 368 368 368 368 368 368 368 368 368 368 368 368 368 368 368 368 368 368 368 368 368 368 368 368 368 368 368 368 368 368 368 368 368 368 368 368 368 368 368 368 368 368 368 368 368 368 368 368 368 368 368 368 368 368 368 368 368 368 368 368 368 368 368 368 368 368 368 368 368 368 368 368 368 368 368 368 368 368 368 368 368 368 368 368 368 368 368 368 368 368 368 368 368 368 368 368 368 368 368 368 368 368 368 368 368 368 368 368 368 368 368 368 368 368 368 368 368 368 368 368 368 368 368 368 368 368 368 368 368 368 368 368 368 368 368 368 368 368 368 368 368 368 368 368 368 368 368 368 368 368 368 368 368 368 368 368 368 368 368 368 368 368 368 368 368 368 368 368 368 368 368 368 368 368 368 368 368 368 368 368 368 368 368 368 368 368 368 368 368 368 368 368 368 368 368 368 368 368 368 368 368 368 368 368 368 368 368 368 368 368 368 368 368 368 368 368 368 368 368 368 368 368 368 368 368 368 368 368 368 368 368 368 368 368 368 368 368 368 368 368 368 368 368 368 368 368 368 368 368 368 368 368 368 368 368 368 368 368 368 368 368 368 368 368 368 368 368 368 368 368 368 368 368 368 368 368 368 368 368 368 368 368 368 368 368 368 368 368 368 368 368 368 368 368 368 368 368 368 368 368 368 368 368 368 368 368 368 368 368 368 368 368 368 368 368 368 368 368 368 368 368 368 368 368 368 368 368 368 368 368 368 368 368 368 368 368 368 368 368 368 368 368 368 368 368 368 368 368 368 368 368 368 368 368 368 368 368 368 368 368 368 368 368 368 368 368 368 368 368 368 368 368 368 368 368 368 368 368 368 368 368 368 368 368 368 368 368 368 368 368 368 368 368 368 368 368 368 368 368 368 368 368 368 368 368 368 368 368 368 368 368 368 368 368 368 368 368 368 368 368 368 368 368 368 368 368 368 368 368 368 368 368 368 368 368 368 368 368 368 368 368 368 368 368 368 368 368 368 368 368 368 368 368 368 368 368 368 368 368 368 368 368 368 368 368 368 368 368 368 368 368 368 368 368 368 368 368 368 368 368 368 368 368 368 368 368 368 368 368 368 368 368 368 368 368 368 368 368 368 368 368 368 368 368 368 368 368 368 368 368 368 368 368 368 368 368 368 368 368 368 368 368 368 368 368 368 368 368 368 368 368 368 368 368 368 368 368 368 368 368 368 368 368 368 368 368 368 368 368 368 368 368 368 368 368 368 368 368 368 368 368 368 368 368 368 368 368 368 368 368 368 368 368 368 368 368 368 368 368 368 368 368 368 368 368 368 368 368 368 368 368 368 368 368 368 368 368 368 368 368 368 368 368 368 368 368 368 368 368 368 368 368 368 368 368 368 368 368 368 368 368 368 368 368 368 368 368 368 368 368 368 368 368 368 368 368 368 368 368 368 368 368 368 368 368 368 368 368 368 368 368 368 368 368 368 368 368 368 368 368 368 368 368 368 368 368 368 368 368 368 368 368 368 368 368 368 368 368 368 368 368 368 368 368 368 368 368 368 368 368 368 368 368 368 368 368 368 368 368 368 368 368 368 368 368 368 368 368 368 368 368 368 368 368 368 368 368 368 368 368 368 368 368 368 368 368 368 368 368 368 368 368 368 368 368 368 368 368 368 368 368 368 368 368 368 368 368 368 368 368 368 368 368 368 368 368 368 368 368 368 368 368 368 368 368 368 368 368 368 368 368 368 368 368 368 368 368 368 368 368 368 368 368 368 368 368 368 368 368 368 368 368 368 368 368 368 368 368 368 368 368 368 368 368 368 368 368 368 368 368 368 368 368 368 368 368 368 368 368 368 368 368 368 368 368 368 368 368 368 368 368 368 368 368 368 368 368 368 368 368 368 368 368 368 368 368 368 368 368 368 368 368 368 368 368 368 368 368 368 368 368 368 368 368 368 368 368 368 368 368 368 368 368 368 368 368 368 368 368 368 368 368 368 368 368 368 368 368 368 368 368 368 368 368 368 368 368 368 368 368 368 368 368 368 368 368 368 368 368 368 368 368 368 368 368 368 368 368 368 368 368 368 368 368 368 368 368 368 368 368 368 368 368 368 368 368 368 368 368 368 368 368 368 368 368 368 368 368 368 368 368 368 368 368 368 368 368 368 368 368 368 368 368 368 368 368 368 368 368 368 368 368 368 368 368 368 368 368 368 368 368 368 368 368 368 368 368 368 368 368 368 368 368 368 368 368 368 368 368 368 368 368 368 368 368 368 368 368 368 368 368 368 368 368 368 368 368 368 368 368 368 368 368 368 368 368 368 368 368 368 368 368 368 368 368 368 368 368 368 368 368 368 368 368 368 368 368 368 368 368 368 368 368 368 368 368 368 368 368 368 368 368 368 368 368 368 368 368 368 368 368 368 368 368 368 368 368 368 368 368 368 368 368 368 368 368 368 368 368 368 368 368 368 368 368 368 368 368 368 368 368 368 368 368 368 368 368 368 368 368 368 368 368 368 368 368 368 -1 -1 -1 -1 -1 -1 -1 -1 -1 -1 -1 -1 -1 -1 -1 -1 -1</firstValidSample>
        <lastValidSample count="1499">-1 -1 -1 -1 -1 -1 -1 -1 -1 -1 -1 -1 -1 -1 -1 -1 -1 -1 -1 20822 20822 20822 20822 20822 20822 20822 20822 20822 20822 20822 20822 20822 20822 20822 20822 20822 20822 20822 20822 20822 20822 20822 20822 20822 20822 20822 20822 20822 20822 20822 20822 20822 20822 20822 20822 20822 20822 20822 20822 20822 20822 20822 20822 20822 20822 20822 20822 20822 20822 20822 20822 20822 20822 20822 20822 20822 20822 20822 20822 20822 20822 20822 20822 20822 20822 20822 20822 20822 20822 20822 20822 20822 20822 20822 20822 20822 20822 20822 20822 20822 20822 20822 20822 20822 20822 20822 20822 20822 20822 20822 20822 20822 20822 20822 20822 20822 20822 20822 20822 20822 20822 20822 20822 20822 20822 20822 20822 20822 20822 20822 20822 20822 20822 20822 20822 20822 20822 20822 20822 20822 20822 20822 20822 20822 20822 20822 20822 20822 20822 20822 20822 20822 20822 20822 20822 20822 20822 20822 20822 20822 20822 20822 20822 20822 20822 20822 20822 20822 20822 20822 20822 20822 20822 20822 20822 20822 20822 20822 20822 20822 20822 20822 20822 20822 20822 20822 20822 20822 20822 20822 20822 20822 20822 20822 20822 20822 20822 20822 20822 20822 20822 20822 20822 20822 20822 20822 20822 20822 20822 20822 20822 20822 20822 20822 20822 20822 20822 20822 20822 20822 20822 20822 20822 20822 20822 20822 20822 20822 20822 20822 20822 20822 20822 20822 20822 20822 20822 20822 20822 20822 20822 20822 20822 20822 20822 20822 20822 20822 20822 20822 20822 20822 20822 20822 20822 20822 20822 20822 20822 20822 20822 20822 20822 20822 20822 20822 20822 20822 20822 20822 20822 20822 20822 20822 20822 20822 20822 20822 20822 20822 20822 20822 20822 20822 20822 20822 20822 20822 20822 20822 20822 20822 20822 20822 20822 20822 20822 20822 20822 20822 20822 20822 20822 20822 20822 20822 20822 20822 20822 20822 20822 20822 20822 20822 20822 20822 20822 20822 20822 20822 20822 20822 20822 20822 20822 20822 20822 20822 20822 20822 20822 20822 20822 20822 20822 20822 20822 20822 20822 20822 20822 20822 20822 20822 20822 20822 20822 20822 20822 20822 20822 20822 20822 20822 20822 20822 20822 20822 20822 20822 20822 20822 20822 20822 20822 20822 20822 20822 20822 20822 20822 20822 20822 20822 20822 20822 20822 20822 20822 20822 20822 20822 20822 20822 20822 20822 20822 20822 20822 20822 20822 20822 20822 20822 20822 20822 20822 20822 20822 20822 20822 20822 20822 20822 20822 20822 20822 20822 20822 20822 20822 20822 20822 20822 20822 20822 20822 20822 20822 20822 20822 20822 20822 20822 20822 20822 20822 20822 20822 20822 20822 20822 20822 20822 20822 20822 20822 20822 20822 20822 20822 20822 20822 20822 20822 20822 20822 20822 20822 20822 20822 20822 20822 20822 20822 20822 20822 20822 20822 20822 20822 20822 20822 20822 20822 20822 20822 20822 20822 20822 20822 20822 20822 20822 20822 20822 20822 20822 20822 20822 20822 20822 20822 20822 20822 20822 20822 20822 20822 20822 20822 20822 20822 20822 20822 20822 20822 20822 20822 20822 20822 20822 20822 20822 20822 20822 20822 20822 20822 20822 20822 20822 20822 20822 20822 20822 20822 20822 20822 20822 20822 20822 20822 20822 20822 20822 20822 20822 20822 20822 20822 20822 20822 20822 20822 20822 20822 20822 20822 20822 20822 20822 20822 20822 20822 20822 20822 20822 20822 20822 20822 20822 20822 20822 20822 20822 20822 20822 20822 20822 20822 20822 20822 20822 20822 20822 20822 20822 20822 20822 20822 20822 20822 20822 20822 20822 20822 20822 20822 20822 20822 20822 20822 20822 20822 20822 20822 20822 20822 20822 20822 20822 20822 20822 20822 20822 20822 20822 20822 20822 20822 20822 20822 20822 20822 20822 20822 20822 20822 20822 20822 20822 20822 20822 20822 20822 20822 20822 20822 20822 20822 20822 20822 20822 20822 20822 20822 20822 20822 20822 20822 20822 20822 20822 20822 20822 20822 20822 20822 20822 20822 20822 20822 20822 20822 20822 20822 20822 20822 20822 20822 20822 20822 20822 20822 20822 20822 20822 20822 20822 20822 20822 20822 20822 20822 20822 20822 20822 20822 20822 20822 20822 20822 20822 20822 20822 20822 20822 20822 20822 20822 20822 20822 20822 20822 20822 20822 20822 20822 20822 20822 20822 20822 20822 20822 20822 20822 20822 20822 20822 20822 20822 20822 20822 20822 20822 20822 20822 20822 20822 20822 20822 20822 20822 20822 20822 20822 20822 20822 20822 20822 20822 20822 20822 20822 20822 20822 20822 20822 20822 20822 20822 20822 20822 20822 20822 20822 20822 20822 20822 20822 20822 20822 20822 20822 20822 20822 20822 20822 20822 20822 20822 20822 20822 20822 20822 20822 20822 20822 20822 20822 20822 20822 20822 20822 20822 20822 20822 20822 20822 20822 20822 20822 20822 20822 20822 20822 20822 20822 20822 20822 20822 20822 20822 20822 20822 20822 20822 20822 20822 20822 20822 20822 20822 20822 20822 20822 20822 20822 20822 20822 20822 20822 20822 20822 20822 20822 20822 20822 20822 20822 20822 20822 20822 20822 20822 20822 20822 20822 20822 20822 20822 20822 20822 20822 20822 20822 20822 20822 20822 20822 20822 20822 20822 20822 20822 20822 20822 20822 20822 20822 20822 20822 20822 20822 20822 20822 20822 20822 20822 20822 20822 20822 20822 20822 20822 20822 20822 20822 20822 20822 20822 20822 20822 20822 20822 20822 20822 20822 20822 20822 20822 20822 20822 20822 20822 20822 20822 20822 20822 20822 20822 20822 20822 20822 20822 20822 20822 20822 20822 20822 20822 20822 20822 20822 20822 20822 20822 20822 20822 20822 20822 20822 20822 20822 20822 20822 20822 20822 20822 20822 20822 20822 20822 20822 20822 20822 20822 20822 20822 20822 20822 20822 20822 20822 20822 20822 20822 20822 20822 20822 20822 20822 20822 20822 20822 20822 20822 20822 20822 20822 20822 20822 20822 20822 20822 20822 20822 20822 20822 20822 20822 20822 20822 20822 20822 20822 20822 20822 20822 20822 20822 20822 20822 20822 20822 20822 20822 20822 20822 20822 20822 20822 20822 20822 20822 20822 20822 20822 20822 20822 20822 20822 20822 20822 20822 20822 20822 20822 20822 20822 20822 20822 20822 20822 20822 20822 20822 20822 20822 20822 20822 20822 20822 20822 20822 20822 20822 20822 20822 20822 20822 20822 20822 20822 20822 20822 20822 20822 20822 20822 20822 20822 20822 20822 20822 20822 20822 20822 20822 20822 20822 20822 20822 20822 20822 20822 20822 20822 20822 20822 20822 20822 20822 20822 20822 20822 20822 20822 20822 20822 20822 20822 20822 20822 20822 20822 20822 20822 20822 20822 20822 20822 20822 20822 20822 20822 20822 20822 20822 20822 20822 20822 20822 20822 20822 20822 20822 20822 20822 20822 20822 20822 20822 20822 20822 20822 20822 20822 20822 20822 20822 20822 20822 20822 20822 20822 20822 20822 20822 20822 20822 20822 20822 20822 20822 20822 20822 20822 20822 20822 20822 20822 20822 20822 20822 20822 20822 20822 20822 20822 20822 20822 20822 20822 20822 20822 20822 20822 20822 20822 20822 20822 20822 20822 20822 20822 20822 20822 20822 20822 20822 20822 20822 20822 20822 20822 20822 20822 20822 20822 20822 20822 20822 20822 20822 20822 20822 20822 20822 20822 20822 20822 20822 20822 20822 20822 20822 20822 20822 20822 20822 20822 20822 20822 20822 20822 20822 20822 20822 20822 20822 20822 20822 20822 20822 20822 20822 20822 20822 20822 20822 20822 20822 20822 20822 20822 20822 20822 20822 20822 20822 20822 20822 20822 20822 20822 20822 20822 20822 20822 20822 20822 20822 20822 20822 20822 20822 20822 20822 20822 20822 20822 20822 20822 20822 20822 20822 20822 20822 20822 20822 20822 20822 20822 20822 20822 20822 20822 20822 20822 20822 20822 20822 20822 20822 20822 20822 20822 20822 20822 20822 20822 20822 20822 20822 20822 20822 20822 20822 20822 20822 20822 20822 20822 20822 20822 20822 20822 20822 20822 20822 20822 20822 20822 20822 20822 20822 20822 20822 20822 20822 20822 20822 20822 20822 20822 20822 20822 20822 20822 20822 20822 20822 20822 20822 20822 20822 20822 20822 20822 20822 20822 20822 20822 20822 20822 20822 20822 20822 20822 20822 20822 20822 20822 20822 20822 20822 20822 20822 20822 20822 20822 20822 20822 20822 20822 20822 20822 20822 20822 20822 20822 20822 20822 20822 20822 20822 20822 20822 20822 20822 20822 20822 20822 20822 20822 20822 20822 20822 20822 20822 20822 20822 20822 20822 20822 20822 20822 20822 20822 20822 20822 20822 20822 20822 20822 20822 20822 20822 20822 20822 20822 20822 20822 20822 20822 20822 20822 20822 20822 20822 20822 20822 20822 20822 20822 20822 20822 20822 20822 20822 20822 20822 20822 20822 20822 20822 20822 20822 20822 20822 20822 20822 20822 20822 20822 20822 20822 20822 20822 20822 20822 20822 20822 20822 20822 20822 20822 20822 20822 20822 20822 20822 20822 20822 20822 20822 20822 20822 20822 20822 20822 20822 20822 20822 20822 20822 20822 20822 20822 20822 20822 20822 20822 20822 20822 20822 20822 20822 20822 20822 20822 20822 20822 20822 20822 20822 20822 20822 20822 20822 20822 20822 20822 20822 20822 20822 20822 20822 20822 20822 20822 20822 20822 20822 20822 20822 20822 20822 20822 20822 -1 -1 -1 -1 -1 -1 -1 -1 -1 -1 -1 -1 -1 -1 -1 -1 -1</lastValidSample>
      </burst>
      <burst>
        <azimuthTime>2015-05-16T13:34:24.576567</azimuthTime>
        <azimuthAnxTime>2.332349174361328e+03</azimuthAnxTime>
        <sensingTime>2015-05-16T13:34:25.707201</sensingTime>
        <byteOffset>129207812</byteOffset>
        <firstValidSample count="1499">-1 -1 -1 -1 -1 -1 -1 -1 -1 -1 -1 -1 -1 -1 -1 -1 -1 -1 -1 368 368 368 368 368 368 368 368 368 368 368 368 368 368 368 368 368 368 368 368 368 368 368 368 368 368 368 368 368 368 368 368 368 368 368 368 368 368 368 368 368 368 368 368 368 368 368 368 368 368 368 368 368 368 368 368 368 368 368 368 368 368 368 368 368 368 368 368 368 368 368 368 368 368 368 368 368 368 368 368 368 368 368 368 368 368 368 368 368 368 368 368 368 368 368 368 368 368 368 368 368 368 368 368 368 368 368 368 368 368 368 368 368 368 368 368 368 368 368 368 368 368 368 368 368 368 368 368 368 368 368 368 368 368 368 368 368 368 368 368 368 368 368 368 368 368 368 368 368 368 368 368 368 368 368 368 368 368 368 368 368 368 368 368 368 368 368 368 368 368 368 368 368 368 368 368 368 368 368 368 368 368 368 368 368 368 368 368 368 368 368 368 368 368 368 368 368 368 368 368 368 368 368 368 368 368 368 368 368 368 368 368 368 368 368 368 368 368 368 368 368 368 368 368 368 368 368 368 368 368 368 368 368 368 368 368 368 368 368 368 368 368 368 368 368 368 368 368 368 368 368 368 368 368 368 368 368 368 368 368 368 368 368 368 368 368 368 368 368 368 368 368 368 368 368 368 368 368 368 368 368 368 368 368 368 368 368 368 368 368 368 368 368 368 368 368 368 368 368 368 368 368 368 368 368 368 368 368 368 368 368 368 368 368 368 368 368 368 368 368 368 368 368 368 368 368 368 368 368 368 368 368 368 368 368 368 368 368 368 368 368 368 368 368 368 368 368 368 368 368 368 368 368 368 368 368 368 368 368 368 368 368 368 368 368 368 368 368 368 368 368 368 368 368 368 368 368 368 368 368 368 368 368 368 368 368 368 368 368 368 368 368 368 368 368 368 368 368 368 368 368 368 368 368 368 368 368 368 368 368 368 368 368 368 368 368 368 368 368 368 368 368 368 368 368 368 368 368 368 368 368 368 368 368 368 368 368 368 368 368 368 368 368 368 368 368 368 368 368 368 368 368 368 368 368 368 368 368 368 368 368 368 368 368 368 368 368 368 368 368 368 368 368 368 368 368 368 368 368 368 368 368 368 368 368 368 368 368 368 368 368 368 368 368 368 368 368 368 368 368 368 368 368 368 368 368 368 368 368 368 368 368 368 368 368 368 368 368 368 368 368 368 368 368 368 368 368 368 368 368 368 368 368 368 368 368 368 368 368 368 368 368 368 368 368 368 368 368 368 368 368 368 368 368 368 368 368 368 368 368 368 368 368 368 368 368 368 368 368 368 368 368 368 368 368 368 368 368 368 368 368 368 368 368 368 368 368 368 368 368 368 368 368 368 368 368 368 368 368 368 368 368 368 368 368 368 368 368 368 368 368 368 368 368 368 368 368 368 368 368 368 368 368 368 368 368 368 368 368 368 368 368 368 368 368 368 368 368 368 368 368 368 368 368 368 368 368 368 368 368 368 368 368 368 368 368 368 368 368 368 368 368 368 368 368 368 368 368 368 368 368 368 368 368 368 368 368 368 368 368 368 368 368 368 368 368 368 368 368 368 368 368 368 368 368 368 368 368 368 368 368 368 368 368 368 368 368 368 368 368 368 368 368 368 368 368 368 368 368 368 368 368 368 368 368 368 368 368 368 368 368 368 368 368 368 368 368 368 368 368 368 368 368 368 368 368 368 368 368 368 368 368 368 368 368 368 368 368 368 368 368 368 368 368 368 368 368 368 368 368 368 368 368 368 368 368 368 368 368 368 368 368 368 368 368 368 368 368 368 368 368 368 368 368 368 368 368 368 368 368 368 368 368 368 368 368 368 368 368 368 368 368 368 368 368 368 368 368 368 368 368 368 368 368 368 368 368 368 368 368 368 368 368 368 368 368 368 368 368 368 368 368 368 368 368 368 368 368 368 368 368 368 368 368 368 368 368 368 368 368 368 368 368 368 368 368 368 368 368 368 368 368 368 368 368 368 368 368 368 368 368 368 368 368 368 368 368 368 368 368 368 368 368 368 368 368 368 368 368 368 368 368 368 368 368 368 368 368 368 368 368 368 368 368 368 368 368 368 368 368 368 368 368 368 368 368 368 368 368 368 368 368 368 368 368 368 368 368 368 368 368 368 368 368 368 368 368 368 368 368 368 368 368 368 368 368 368 368 368 368 368 368 368 368 368 368 368 368 368 368 368 368 368 368 368 368 368 368 368 368 368 368 368 368 368 368 368 368 368 368 368 368 368 368 368 368 368 368 368 368 368 368 368 368 368 368 368 368 368 368 368 368 368 368 368 368 368 368 368 368 368 368 368 368 368 368 368 368 368 368 368 368 368 368 368 368 368 368 368 368 368 368 368 368 368 368 368 368 368 368 368 368 368 368 368 368 368 368 368 368 368 368 368 368 368 368 368 368 368 368 368 368 368 368 368 368 368 368 368 368 368 368 368 368 368 368 368 368 368 368 368 368 368 368 368 368 368 368 368 368 368 368 368 368 368 368 368 368 368 368 368 368 368 368 368 368 368 368 368 368 368 368 368 368 368 368 368 368 368 368 368 368 368 368 368 368 368 368 368 368 368 368 368 368 368 368 368 368 368 368 368 368 368 368 368 368 368 368 368 368 368 368 368 368 368 368 368 368 368 368 368 368 368 368 368 368 368 368 368 368 368 368 368 368 368 368 368 368 368 368 368 368 368 368 368 368 368 368 368 368 368 368 368 368 368 368 368 368 368 368 368 368 368 368 368 368 368 368 368 368 368 368 368 368 368 368 368 368 368 368 368 368 368 368 368 368 368 368 368 368 368 368 368 368 368 368 368 368 368 368 368 368 368 368 368 368 368 368 368 368 368 368 368 368 368 368 368 368 368 368 368 368 368 368 368 368 368 368 368 368 368 368 368 368 368 368 368 368 368 368 368 368 368 368 368 368 368 368 368 368 368 368 368 368 368 368 368 368 368 368 368 368 368 368 368 368 368 368 368 368 368 368 368 368 368 368 368 368 368 368 368 368 368 368 368 368 368 368 368 368 368 368 368 368 368 368 368 368 368 368 368 368 368 368 368 368 368 368 368 368 368 368 368 368 368 368 368 368 368 368 368 368 368 368 368 368 368 368 368 368 368 368 368 368 368 368 368 368 368 368 368 368 368 368 368 368 368 368 368 368 368 368 368 368 368 368 368 368 368 368 368 368 368 368 368 368 368 368 368 368 368 368 368 368 368 368 368 368 368 368 368 368 368 368 368 368 368 368 368 368 368 368 368 368 368 368 368 368 368 368 368 368 368 368 368 368 368 368 368 368 368 368 368 -1 -1 -1 -1 -1 -1 -1 -1 -1 -1 -1 -1 -1 -1 -1 -1 -1</firstValidSample>
        <lastValidSample count="1499">-1 -1 -1 -1 -1 -1 -1 -1 -1 -1 -1 -1 -1 -1 -1 -1 -1 -1 -1 20822 20822 20822 20822 20822 20822 20822 20822 20822 20822 20822 20822 20822 20822 20822 20822 20822 20822 20822 20822 20822 20822 20822 20822 20822 20822 20822 20822 20822 20822 20822 20822 20822 20822 20822 20822 20822 20822 20822 20822 20822 20822 20822 20822 20822 20822 20822 20822 20822 20822 20822 20822 20822 20822 20822 20822 20822 20822 20822 20822 20822 20822 20822 20822 20822 20822 20822 20822 20822 20822 20822 20822 20822 20822 20822 20822 20822 20822 20822 20822 20822 20822 20822 20822 20822 20822 20822 20822 20822 20822 20822 20822 20822 20822 20822 20822 20822 20822 20822 20822 20822 20822 20822 20822 20822 20822 20822 20822 20822 20822 20822 20822 20822 20822 20822 20822 20822 20822 20822 20822 20822 20822 20822 20822 20822 20822 20822 20822 20822 20822 20822 20822 20822 20822 20822 20822 20822 20822 20822 20822 20822 20822 20822 20822 20822 20822 20822 20822 20822 20822 20822 20822 20822 20822 20822 20822 20822 20822 20822 20822 20822 20822 20822 20822 20822 20822 20822 20822 20822 20822 20822 20822 20822 20822 20822 20822 20822 20822 20822 20822 20822 20822 20822 20822 20822 20822 20822 20822 20822 20822 20822 20822 20822 20822 20822 20822 20822 20822 20822 20822 20822 20822 20822 20822 20822 20822 20822 20822 20822 20822 20822 20822 20822 20822 20822 20822 20822 20822 20822 20822 20822 20822 20822 20822 20822 20822 20822 20822 20822 20822 20822 20822 20822 20822 20822 20822 20822 20822 20822 20822 20822 20822 20822 20822 20822 20822 20822 20822 20822 20822 20822 20822 20822 20822 20822 20822 20822 20822 20822 20822 20822 20822 20822 20822 20822 20822 20822 20822 20822 20822 20822 20822 20822 20822 20822 20822 20822 20822 20822 20822 20822 20822 20822 20822 20822 20822 20822 20822 20822 20822 20822 20822 20822 20822 20822 20822 20822 20822 20822 20822 20822 20822 20822 20822 20822 20822 20822 20822 20822 20822 20822 20822 20822 20822 20822 20822 20822 20822 20822 20822 20822 20822 20822 20822 20822 20822 20822 20822 20822 20822 20822 20822 20822 20822 20822 20822 20822 20822 20822 20822 20822 20822 20822 20822 20822 20822 20822 20822 20822 20822 20822 20822 20822 20822 20822 20822 20822 20822 20822 20822 20822 20822 20822 20822 20822 20822 20822 20822 20822 20822 20822 20822 20822 20822 20822 20822 20822 20822 20822 20822 20822 20822 20822 20822 20822 20822 20822 20822 20822 20822 20822 20822 20822 20822 20822 20822 20822 20822 20822 20822 20822 20822 20822 20822 20822 20822 20822 20822 20822 20822 20822 20822 20822 20822 20822 20822 20822 20822 20822 20822 20822 20822 20822 20822 20822 20822 20822 20822 20822 20822 20822 20822 20822 20822 20822 20822 20822 20822 20822 20822 20822 20822 20822 20822 20822 20822 20822 20822 20822 20822 20822 20822 20822 20822 20822 20822 20822 20822 20822 20822 20822 20822 20822 20822 20822 20822 20822 20822 20822 20822 20822 20822 20822 20822 20822 20822 20822 20822 20822 20822 20822 20822 20822 20822 20822 20822 20822 20822 20822 20822 20822 20822 20822 20822 20822 20822 20822 20822 20822 20822 20822 20822 20822 20822 20822 20822 20822 20822 20822 20822 20822 20822 20822 20822 20822 20822 20822 20822 20822 20822 20822 20822 20822 20822 20822 20822 20822 20822 20822 20822 20822 20822 20822 20822 20822 20822 20822 20822 20822 20822 20822 20822 20822 20822 20822 20822 20822 20822 20822 20822 20822 20822 20822 20822 20822 20822 20822 20822 20822 20822 20822 20822 20822 20822 20822 20822 20822 20822 20822 20822 20822 20822 20822 20822 20822 20822 20822 20822 20822 20822 20822 20822 20822 20822 20822 20822 20822 20822 20822 20822 20822 20822 20822 20822 20822 20822 20822 20822 20822 20822 20822 20822 20822 20822 20822 20822 20822 20822 20822 20822 20822 20822 20822 20822 20822 20822 20822 20822 20822 20822 20822 20822 20822 20822 20822 20822 20822 20822 20822 20822 20822 20822 20822 20822 20822 20822 20822 20822 20822 20822 20822 20822 20822 20822 20822 20822 20822 20822 20822 20822 20822 20822 20822 20822 20822 20822 20822 20822 20822 20822 20822 20822 20822 20822 20822 20822 20822 20822 20822 20822 20822 20822 20822 20822 20822 20822 20822 20822 20822 20822 20822 20822 20822 20822 20822 20822 20822 20822 20822 20822 20822 20822 20822 20822 20822 20822 20822 20822 20822 20822 20822 20822 20822 20822 20822 20822 20822 20822 20822 20822 20822 20822 20822 20822 20822 20822 20822 20822 20822 20822 20822 20822 20822 20822 20822 20822 20822 20822 20822 20822 20822 20822 20822 20822 20822 20822 20822 20822 20822 20822 20822 20822 20822 20822 20822 20822 20822 20822 20822 20822 20822 20822 20822 20822 20822 20822 20822 20822 20822 20822 20822 20822 20822 20822 20822 20822 20822 20822 20822 20822 20822 20822 20822 20822 20822 20822 20822 20822 20822 20822 20822 20822 20822 20822 20822 20822 20822 20822 20822 20822 20822 20822 20822 20822 20822 20822 20822 20822 20822 20822 20822 20822 20822 20822 20822 20822 20822 20822 20822 20822 20822 20822 20822 20822 20822 20822 20822 20822 20822 20822 20822 20822 20822 20822 20822 20822 20822 20822 20822 20822 20822 20822 20822 20822 20822 20822 20822 20822 20822 20822 20822 20822 20822 20822 20822 20822 20822 20822 20822 20822 20822 20822 20822 20822 20822 20822 20822 20822 20822 20822 20822 20822 20822 20822 20822 20822 20822 20822 20822 20822 20822 20822 20822 20822 20822 20822 20822 20822 20822 20822 20822 20822 20822 20822 20822 20822 20822 20822 20822 20822 20822 20822 20822 20822 20822 20822 20822 20822 20822 20822 20822 20822 20822 20822 20822 20822 20822 20822 20822 20822 20822 20822 20822 20822 20822 20822 20822 20822 20822 20822 20822 20822 20822 20822 20822 20822 20822 20822 20822 20822 20822 20822 20822 20822 20822 20822 20822 20822 20822 20822 20822 20822 20822 20822 20822 20822 20822 20822 20822 20822 20822 20822 20822 20822 20822 20822 20822 20822 20822 20822 20822 20822 20822 20822 20822 20822 20822 20822 20822 20822 20822 20822 20822 20822 20822 20822 20822 20822 20822 20822 20822 20822 20822 20822 20822 20822 20822 20822 20822 20822 20822 20822 20822 20822 20822 20822 20822 20822 20822 20822 20822 20822 20822 20822 20822 20822 20822 20822 20822 20822 20822 20822 20822 20822 20822 20822 20822 20822 20822 20822 20822 20822 20822 20822 20822 20822 20822 20822 20822 20822 20822 20822 20822 20822 20822 20822 20822 20822 20822 20822 20822 20822 20822 20822 20822 20822 20822 20822 20822 20822 20822 20822 20822 20822 20822 20822 20822 20822 20822 20822 20822 20822 20822 20822 20822 20822 20822 20822 20822 20822 20822 20822 20822 20822 20822 20822 20822 20822 20822 20822 20822 20822 20822 20822 20822 20822 20822 20822 20822 20822 20822 20822 20822 20822 20822 20822 20822 20822 20822 20822 20822 20822 20822 20822 20822 20822 20822 20822 20822 20822 20822 20822 20822 20822 20822 20822 20822 20822 20822 20822 20822 20822 20822 20822 20822 20822 20822 20822 20822 20822 20822 20822 20822 20822 20822 20822 20822 20822 20822 20822 20822 20822 20822 20822 20822 20822 20822 20822 20822 20822 20822 20822 20822 20822 20822 20822 20822 20822 20822 20822 20822 20822 20822 20822 20822 20822 20822 20822 20822 20822 20822 20822 20822 20822 20822 20822 20822 20822 20822 20822 20822 20822 20822 20822 20822 20822 20822 20822 20822 20822 20822 20822 20822 20822 20822 20822 20822 20822 20822 20822 20822 20822 20822 20822 20822 20822 20822 20822 20822 20822 20822 20822 20822 20822 20822 20822 20822 20822 20822 20822 20822 20822 20822 20822 20822 20822 20822 20822 20822 20822 20822 20822 20822 20822 20822 20822 20822 20822 20822 20822 20822 20822 20822 20822 20822 20822 20822 20822 20822 20822 20822 20822 20822 20822 20822 20822 20822 20822 20822 20822 20822 20822 20822 20822 20822 20822 20822 20822 20822 20822 20822 20822 20822 20822 20822 20822 20822 20822 20822 20822 20822 20822 20822 20822 20822 20822 20822 20822 20822 20822 20822 20822 20822 20822 20822 20822 20822 20822 20822 20822 20822 20822 20822 20822 20822 20822 20822 20822 20822 20822 20822 20822 20822 20822 20822 20822 20822 20822 20822 20822 20822 20822 20822 20822 20822 20822 20822 20822 20822 20822 20822 20822 20822 20822 20822 20822 20822 20822 20822 20822 20822 20822 20822 20822 20822 20822 20822 20822 20822 20822 20822 20822 20822 20822 20822 20822 20822 20822 20822 20822 20822 20822 20822 20822 20822 20822 20822 20822 20822 20822 20822 20822 20822 20822 20822 20822 20822 20822 20822 20822 20822 20822 20822 20822 20822 20822 20822 20822 20822 20822 20822 20822 20822 20822 20822 20822 20822 20822 20822 20822 20822 20822 20822 20822 20822 20822 20822 20822 20822 20822 20822 20822 20822 20822 20822 20822 20822 20822 20822 20822 20822 20822 20822 20822 20822 20822 20822 20822 20822 20822 20822 20822 20822 20822 20822 20822 20822 20822 20822 20822 20822 20822 20822 20822 20822 20822 20822 20822 20822 20822 20822 20822 20822 20822 20822 20822 20822 20822 20822 20822 20822 20822 20822 -1 -1 -1 -1 -1 -1 -1 -1 -1 -1 -1 -1 -1 -1 -1 -1 -1</lastValidSample>
      </burst>
      <burst>
        <azimuthTime>2015-05-16T13:34:27.333068</azimuthTime>
        <azimuthAnxTime>2.335105674605469e+03</azimuthAnxTime>
        <sensingTime>2015-05-16T13:34:28.465478</sensingTime>
        <byteOffset>258415616</byteOffset>
        <firstValidSample count="1499">-1 -1 -1 -1 -1 -1 -1 -1 -1 -1 -1 -1 -1 -1 -1 -1 -1 -1 -1 368 368 368 368 368 368 368 368 368 368 368 368 368 368 368 368 368 368 368 368 368 368 368 368 368 368 368 368 368 368 368 368 368 368 368 368 368 368 368 368 368 368 368 368 368 368 368 368 368 368 368 368 368 368 368 368 368 368 368 368 368 368 368 368 368 368 368 368 368 368 368 368 368 368 368 368 368 368 368 368 368 368 368 368 368 368 368 368 368 368 368 368 368 368 368 368 368 368 368 368 368 368 368 368 368 368 368 368 368 368 368 368 368 368 368 368 368 368 368 368 368 368 368 368 368 368 368 368 368 368 368 368 368 368 368 368 368 368 368 368 368 368 368 368 368 368 368 368 368 368 368 368 368 368 368 368 368 368 368 368 368 368 368 368 368 368 368 368 368 368 368 368 368 368 368 368 368 368 368 368 368 368 368 368 368 368 368 368 368 368 368 368 368 368 368 368 368 368 368 368 368 368 368 368 368 368 368 368 368 368 368 368 368 368 368 368 368 368 368 368 368 368 368 368 368 368 368 368 368 368 368 368 368 368 368 368 368 368 368 368 368 368 368 368 368 368 368 368 368 368 368 368 368 368 368 368 368 368 368 368 368 368 368 368 368 368 368 368 368 368 368 368 368 368 368 368 368 368 368 368 368 368 368 368 368 368 368 368 368 368 368 368 368 368 368 368 368 368 368 368 368 368 368 368 368 368 368 368 368 368 368 368 368 368 368 368 368 368 368 368 368 368 368 368 368 368 368 368 368 368 368 368 368 368 368 368 368 368 368 368 368 368 368 368 368 368 368 368 368 368 368 368 368 368 368 368 368 368 368 368 368 368 368 368 368 368 368 368 368 368 368 368 368 368 368 368 368 368 368 368 368 368 368 368 368 368 368 368 368 368 368 368 368 368 368 368 368 368 368 368 368 368 368 368 368 368 368 368 368 368 368 368 368 368 368 368 368 368 368 368 368 368 368 368 368 368 368 368 368 368 368 368 368 368 368 368 368 368 368 368 368 368 368 368 368 368 368 368 368 368 368 368 368 368 368 368 368 368 368 368 368 368 368 368 368 368 368 368 368 368 368 368 368 368 368 368 368 368 368 368 368 368 368 368 368 368 368 368 368 368 368 368 368 368 368 368 368 368 368 368 368 368 368 368 368 368 368 368 368 368 368 368 368 368 368 368 368 368 368 368 368 368 368 368 368 368 368 368 368 368 368 368 368 368 368 368 368 368 368 368 368 368 368 368 368 368 368 368 368 368 368 368 368 368 368 368 368 368 368 368 368 368 368 368 368 368 368 368 368 368 368 368 368 368 368 368 368 368 368 368 368 368 368 368 368 368 368 368 368 368 368 368 368 368 368 368 368 368 368 368 368 368 368 368 368 368 368 368 368 368 368 368 368 368 368 368 368 368 368 368 368 368 368 368 368 368 368 368 368 368 368 368 368 368 368 368 368 368 368 368 368 368 368 368 368 368 368 368 368 368 368 368 368 368 368 368 368 368 368 368 368 368 368 368 368 368 368 368 368 368 368 368 368 368 368 368 368 368 368 368 368 368 368 368 368 368 368 368 368 368 368 368 368 368 368 368 368 368 368 368 368 368 368 368 368 368 368 368 368 368 368 368 368 368 368 368 368 368 368 368 368 368 368 368 368 368 368 368 368 368 368 368 368 368 368 368 368 368 368 368 368 368 368 368 368 368 368 368 368 368 368 368 368 368 368 368 368 368 368 368 368 368 368 368 368 368 368 368 368 368 368 368 368 368 368 368 368 368 368 368 368 368 368 368 368 368 368 368 368 368 368 368 368 368 368 368 368 368 368 368 368 368 368 368 368 368 368 368 368 368 368 368 368 368 368 368 368 368 368 368 368 368 368 368 368 368 368 368 368 368 368 368 368 368 368 368 368 368 368 368 368 368 368 368 368 368 368 368 368 368 368 368 368 368 368 368 368 368 368 368 368 368 368 368 368 368 368 368 368 368 368 368 368 368 368 368 368 368 368 368 368 368 368 368 368 368 368 368 368 368 368 368 368 368 368 368 368 368 368 368 368 368 368 368 368 368 368 368 368 368 368 368 368 368 368 368 368 368 368 368 368 368 368 368 368 368 368 368 368 368 368 368 368 368 368 368 368 368 368 368 368 368 368 368 368 368 368 368 368 368 368 368 368 368 368 368 368 368 368 368 368 368 368 368 368 368 368 368 368 368 368 368 368 368 368 368 368 368 368 368 368 368 368 368 368 368 368 368 368 368 368 368 368 368 368 368 368 368 368 368 368 368 368 368 368 368 368 368 368 368 368 368 368 368 368 368 368 368 368 368 368 368 368 368 368 368 368 368 368 368 368 368 368 368 368 368 368 368 368 368 368 368 368 368 368 368 368 368 368 368 368 368 368 368 368 368 368 368 368 368 368 368 368 368 368 368 368 368 368 368 368 368 368 368 368 368 368 368 368 368 368 368 368 368 368 368 368 368 368 368 368 368 368 368 368 368 368 368 368 368 368 368 368 368 368 368 368 368 368 368 368 368 368 368 368 368 368 368 368 368 368 368 368 368 368 368 368 368 368 368 368 368 368 368 368 368 368 368 368 368 368 368 368 368 368 368 368 368 368 368 368 368 368 368 368 368 368 368 368 368 368 368 368 368 368 368 368 368 368 368 368 368 368 368 368 368 368 368 368 368 368 368 368 368 368 368 368 368 368 368 368 368 368 368 368 368 368 368 368 368 368 368 368 368 368 368 368 368 368 368 368 368 368 368 368 368 368 368 368 368 368 368 368 368 368 368 368 368 368 368 368 368 368 368 368 368 368 368 368 368 368 368 368 368 368 368 368 368 368 368 368 368 368 368 368 368 368 368 368 368 368 368 368 368 368 368 368 368 368 368 368 368 368 368 368 368 368 368 368 368 368 368 368 368 368 368 368 368 368 368 368 368 368 368 368 368 368 368 368 368 368 368 368 368 368 368 368 368 368 368 368 368 368 368 368 368 368 368 368 368 368 368 368 368 368 368 368 368 368 368 368 368 368 368 368 368 368 368 368 368 368 368 368 368 368 368 368 368 368 368 368 368 368 368 368 368 368 368 368 368 368 368 368 368 368 368 368 368 368 368 368 368 368 368 368 368 368 368 368 368 368 368 368 368 368 368 368 368 368 368 368 368 368 368 368 368 368 368 368 368 368 368 368 368 368 368 368 368 368 368 368 368 368 368 368 368 368 368 368 368 368 368 368 368 368 368 368 368 368 368 368 368 368 368 368 368 368 368 368 368 368 368 368 368 368 368 368 368 368 368 368 368 368 368 368 368 368 368 368 368 368 368 368 368 -1 -1 -1 -1 -1 -1 -1 -1 -1 -1 -1 -1 -1 -1 -1 -1</firstValidSample>
        <lastValidSample count="1499">-1 -1 -1 -1 -1 -1 -1 -1 -1 -1 -1 -1 -1 -1 -1 -1 -1 -1 -1 20822 20822 20822 20822 20822 20822 20822 20822 20822 20822 20822 20822 20822 20822 20822 20822 20822 20822 20822 20822 20822 20822 20822 20822 20822 20822 20822 20822 20822 20822 20822 20822 20822 20822 20822 20822 20822 20822 20822 20822 20822 20822 20822 20822 20822 20822 20822 20822 20822 20822 20822 20822 20822 20822 20822 20822 20822 20822 20822 20822 20822 20822 20822 20822 20822 20822 20822 20822 20822 20822 20822 20822 20822 20822 20822 20822 20822 20822 20822 20822 20822 20822 20822 20822 20822 20822 20822 20822 20822 20822 20822 20822 20822 20822 20822 20822 20822 20822 20822 20822 20822 20822 20822 20822 20822 20822 20822 20822 20822 20822 20822 20822 20822 20822 20822 20822 20822 20822 20822 20822 20822 20822 20822 20822 20822 20822 20822 20822 20822 20822 20822 20822 20822 20822 20822 20822 20822 20822 20822 20822 20822 20822 20822 20822 20822 20822 20822 20822 20822 20822 20822 20822 20822 20822 20822 20822 20822 20822 20822 20822 20822 20822 20822 20822 20822 20822 20822 20822 20822 20822 20822 20822 20822 20822 20822 20822 20822 20822 20822 20822 20822 20822 20822 20822 20822 20822 20822 20822 20822 20822 20822 20822 20822 20822 20822 20822 20822 20822 20822 20822 20822 20822 20822 20822 20822 20822 20822 20822 20822 20822 20822 20822 20822 20822 20822 20822 20822 20822 20822 20822 20822 20822 20822 20822 20822 20822 20822 20822 20822 20822 20822 20822 20822 20822 20822 20822 20822 20822 20822 20822 20822 20822 20822 20822 20822 20822 20822 20822 20822 20822 20822 20822 20822 20822 20822 20822 20822 20822 20822 20822 20822 20822 20822 20822 20822 20822 20822 20822 20822 20822 20822 20822 20822 20822 20822 20822 20822 20822 20822 20822 20822 20822 20822 20822 20822 20822 20822 20822 20822 20822 20822 20822 20822 20822 20822 20822 20822 20822 20822 20822 20822 20822 20822 20822 20822 20822 20822 20822 20822 20822 20822 20822 20822 20822 20822 20822 20822 20822 20822 20822 20822 20822 20822 20822 20822 20822 20822 20822 20822 20822 20822 20822 20822 20822 20822 20822 20822 20822 20822 20822 20822 20822 20822 20822 20822 20822 20822 20822 20822 20822 20822 20822 20822 20822 20822 20822 20822 20822 20822 20822 20822 20822 20822 20822 20822 20822 20822 20822 20822 20822 20822 20822 20822 20822 20822 20822 20822 20822 20822 20822 20822 20822 20822 20822 20822 20822 20822 20822 20822 20822 20822 20822 20822 20822 20822 20822 20822 20822 20822 20822 20822 20822 20822 20822 20822 20822 20822 20822 20822 20822 20822 20822 20822 20822 20822 20822 20822 20822 20822 20822 20822 20822 20822 20822 20822 20822 20822 20822 20822 20822 20822 20822 20822 20822 20822 20822 20822 20822 20822 20822 20822 20822 20822 20822 20822 20822 20822 20822 20822 20822 20822 20822 20822 20822 20822 20822 20822 20822 20822 20822 20822 20822 20822 20822 20822 20822 20822 20822 20822 20822 20822 20822 20822 20822 20822 20822 20822 20822 20822 20822 20822 20822 20822 20822 20822 20822 20822 20822 20822 20822 20822 20822 20822 20822 20822 20822 20822 20822 20822 20822 20822 20822 20822 20822 20822 20822 20822 20822 20822 20822 20822 20822 20822 20822 20822 20822 20822 20822 20822 20822 20822 20822 20822 20822 20822 20822 20822 20822 20822 20822 20822 20822 20822 20822 20822 20822 20822 20822 20822 20822 20822 20822 20822 20822 20822 20822 20822 20822 20822 20822 20822 20822 20822 20822 20822 20822 20822 20822 20822 20822 20822 20822 20822 20822 20822 20822 20822 20822 20822 20822 20822 20822 20822 20822 20822 20822 20822 20822 20822 20822 20822 20822 20822 20822 20822 20822 20822 20822 20822 20822 20822 20822 20822 20822 20822 20822 20822 20822 20822 20822 20822 20822 20822 20822 20822 20822 20822 20822 20822 20822 20822 20822 20822 20822 20822 20822 20822 20822 20822 20822 20822 20822 20822 20822 20822 20822 20822 20822 20822 20822 20822 20822 20822 20822 20822 20822 20822 20822 20822 20822 20822 20822 20822 20822 20822 20822 20822 20822 20822 20822 20822 20822 20822 20822 20822 20822 20822 20822 20822 20822 20822 20822 20822 20822 20822 20822 20822 20822 20822 20822 20822 20822 20822 20822 20822 20822 20822 20822 20822 20822 20822 20822 20822 20822 20822 20822 20822 20822 20822 20822 20822 20822 20822 20822 20822 20822 20822 20822 20822 20822 20822 20822 20822 20822 20822 20822 20822 20822 20822 20822 20822 20822 20822 20822 20822 20822 20822 20822 20822 20822 20822 20822 20822 20822 20822 20822 20822 20822 20822 20822 20822 20822 20822 20822 20822 20822 20822 20822 20822 20822 20822 20822 20822 20822 20822 20822 20822 20822 20822 20822 20822 20822 20822 20822 20822 20822 20822 20822 20822 20822 20822 20822 20822 20822 20822 20822 20822 20822 20822 20822 20822 20822 20822 20822 20822 20822 20822 20822 20822 20822 20822 20822 20822 20822 20822 20822 20822 20822 20822 20822 20822 20822 20822 20822 20822 20822 20822 20822 20822 20822 20822 20822 20822 20822 20822 20822 20822 20822 20822 20822 20822 20822 20822 20822 20822 20822 20822 20822 20822 20822 20822 20822 20822 20822 20822 20822 20822 20822 20822 20822 20822 20822 20822 20822 20822 20822 20822 20822 20822 20822 20822 20822 20822 20822 20822 20822 20822 20822 20822 20822 20822 20822 20822 20822 20822 20822 20822 20822 20822 20822 20822 20822 20822 20822 20822 20822 20822 20822 20822 20822 20822 20822 20822 20822 20822 20822 20822 20822 20822 20822 20822 20822 20822 20822 20822 20822 20822 20822 20822 20822 20822 20822 20822 20822 20822 20822 20822 20822 20822 20822 20822 20822 20822 20822 20822 20822 20822 20822 20822 20822 20822 20822 20822 20822 20822 20822 20822 20822 20822 20822 20822 20822 20822 20822 20822 20822 20822 20822 20822 20822 20822 20822 20822 20822 20822 20822 20822 20822 20822 20822 20822 20822 20822 20822 20822 20822 20822 20822 20822 20822 20822 20822 20822 20822 20822 20822 20822 20822 20822 20822 20822 20822 20822 20822 20822 20822 20822 20822 20822 20822 20822 20822 20822 20822 20822 20822 20822 20822 20822 20822 20822 20822 20822 20822 20822 20822 20822 20822 20822 20822 20822 20822 20822 20822 20822 20822 20822 20822 20822 20822 20822 20822 20822 20822 20822 20822 20822 20822 20822 20822 20822 20822 20822 20822 20822 20822 20822 20822 20822 20822 20822 20822 20822 20822 20822 20822 20822 20822 20822 20822 20822 20822 20822 20822 20822 20822 20822 20822 20822 20822 20822 20822 20822 20822 20822 20822 20822 20822 20822 20822 20822 20822 20822 20822 20822 20822 20822 20822 20822 20822 20822 20822 20822 20822 20822 20822 20822 20822 20822 20822 20822 20822 20822 20822 20822 20822 20822 20822 20822 20822 20822 20822 20822 20822 20822 20822 20822 20822 20822 20822 20822 20822 20822 20822 20822 20822 20822 20822 20822 20822 20822 20822 20822 20822 20822 20822 20822 20822 20822 20822 20822 20822 20822 20822 20822 20822 20822 20822 20822 20822 20822 20822 20822 20822 20822 20822 20822 20822 20822 20822 20822 20822 20822 20822 20822 20822 20822 20822 20822 20822 20822 20822 20822 20822 20822 20822 20822 20822 20822 20822 20822 20822 20822 20822 20822 20822 20822 20822 20822 20822 20822 20822 20822 20822 20822 20822 20822 20822 20822 20822 20822 20822 20822 20822 20822 20822 20822 20822 20822 20822 20822 20822 20822 20822 20822 20822 20822 20822 20822 20822 20822 20822 20822 20822 20822 20822 20822 20822 20822 20822 20822 20822 20822 20822 20822 20822 20822 20822 20822 20822 20822 20822 20822 20822 20822 20822 20822 20822 20822 20822 20822 20822 20822 20822 20822 20822 20822 20822 20822 20822 20822 20822 20822 20822 20822 20822 20822 20822 20822 20822 20822 20822 20822 20822 20822 20822 20822 20822 20822 20822 20822 20822 20822 20822 20822 20822 20822 20822 20822 20822 20822 20822 20822 20822 20822 20822 20822 20822 20822 20822 20822 20822 20822 20822 20822 20822 20822 20822 20822 20822 20822 20822 20822 20822 20822 20822 20822 20822 20822 20822 20822 20822 20822 20822 20822 20822 20822 20822 20822 20822 20822 20822 20822 20822 20822 20822 20822 20822 20822 20822 20822 20822 20822 20822 20822 20822 20822 20822 20822 20822 20822 20822 20822 20822 20822 20822 20822 20822 20822 20822 20822 20822 20822 20822 20822 20822 20822 20822 20822 20822 20822 20822 20822 20822 20822 20822 20822 20822 20822 20822 20822 20822 20822 20822 20822 20822 20822 20822 20822 20822 20822 20822 20822 20822 20822 20822 20822 20822 20822 20822 20822 20822 20822 20822 20822 20822 20822 20822 20822 20822 20822 20822 20822 20822 20822 20822 20822 20822 20822 20822 20822 20822 20822 20822 20822 20822 20822 20822 20822 20822 20822 20822 20822 20822 20822 20822 20822 20822 20822 20822 20822 20822 20822 20822 20822 20822 20822 20822 20822 20822 20822 20822 20822 20822 20822 20822 20822 20822 20822 20822 20822 20822 20822 20822 20822 20822 20822 20822 20822 20822 20822 20822 20822 20822 20822 20822 20822 20822 20822 20822 20822 20822 20822 20822 20822 20822 20822 20822 20822 20822 20822 20822 20822 20822 -1 -1 -1 -1 -1 -1 -1 -1 -1 -1 -1 -1 -1 -1 -1 -1</lastValidSample>
      </burst>
      <burst>
        <azimuthTime>2015-05-16T13:34:30.093672</azimuthTime>
        <azimuthAnxTime>2.337866279463867e+03</azimuthAnxTime>
        <sensingTime>2015-05-16T13:34:31.223755</sensingTime>
        <byteOffset>387623420</byteOffset>
        <firstValidSample count="1499">-1 -1 -1 -1 -1 -1 -1 -1 -1 -1 -1 -1 -1 -1 -1 -1 -1 -1 -1 -1 368 368 368 368 368 368 368 368 368 368 368 368 368 368 368 368 368 368 368 368 368 368 368 368 368 368 368 368 368 368 368 368 368 368 368 368 368 368 368 368 368 368 368 368 368 368 368 368 368 368 368 368 368 368 368 368 368 368 368 368 368 368 368 368 368 368 368 368 368 368 368 368 368 368 368 368 368 368 368 368 368 368 368 368 368 368 368 368 368 368 368 368 368 368 368 368 368 368 368 368 368 368 368 368 368 368 368 368 368 368 368 368 368 368 368 368 368 368 368 368 368 368 368 368 368 368 368 368 368 368 368 368 368 368 368 368 368 368 368 368 368 368 368 368 368 368 368 368 368 368 368 368 368 368 368 368 368 368 368 368 368 368 368 368 368 368 368 368 368 368 368 368 368 368 368 368 368 368 368 368 368 368 368 368 368 368 368 368 368 368 368 368 368 368 368 368 368 368 368 368 368 368 368 368 368 368 368 368 368 368 368 368 368 368 368 368 368 368 368 368 368 368 368 368 368 368 368 368 368 368 368 368 368 368 368 368 368 368 368 368 368 368 368 368 368 368 368 368 368 368 368 368 368 368 368 368 368 368 368 368 368 368 368 368 368 368 368 368 368 368 368 368 368 368 368 368 368 368 368 368 368 368 368 368 368 368 368 368 368 368 368 368 368 368 368 368 368 368 368 368 368 368 368 368 368 368 368 368 368 368 368 368 368 368 368 368 368 368 368 368 368 368 368 368 368 368 368 368 368 368 368 368 368 368 368 368 368 368 368 368 368 368 368 368 368 368 368 368 368 368 368 368 368 368 368 368 368 368 368 368 368 368 368 368 368 368 368 368 368 368 368 368 368 368 368 368 368 368 368 368 368 368 368 368 368 368 368 368 368 368 368 368 368 368 368 368 368 368 368 368 368 368 368 368 368 368 368 368 368 368 368 368 368 368 368 368 368 368 368 368 368 368 368 368 368 368 368 368 368 368 368 368 368 368 368 368 368 368 368 368 368 368 368 368 368 368 368 368 368 368 368 368 368 368 368 368 368 368 368 368 368 368 368 368 368 368 368 368 368 368 368 368 368 368 368 368 368 368 368 368 368 368 368 368 368 368 368 368 368 368 368 368 368 368 368 368 368 368 368 368 368 368 368 368 368 368 368 368 368 368 368 368 368 368 368 368 368 368 368 368 368 368 368 368 368 368 368 368 368 368 368 368 368 368 368 368 368 368 368 368 368 368 368 368 368 368 368 368 368 368 368 368 368 368 368 368 368 368 368 368 368 368 368 368 368 368 368 368 368 368 368 368 368 368 368 368 368 368 368 368 368 368 368 368 368 368 368 368 368 368 368 368 368 368 368 368 368 368 368 368 368 368 368 368 368 368 368 368 368 368 368 368 368 368 368 368 368 368 368 368 368 368 368 368 368 368 368 368 368 368 368 368 368 368 368 368 368 368 368 368 368 368 368 368 368 368 368 368 368 368 368 368 368 368 368 368 368 368 368 368 368 368 368 368 368 368 368 368 368 368 368 368 368 368 368 368 368 368 368 368 368 368 368 368 368 368 368 368 368 368 368 368 368 368 368 368 368 368 368 368 368 368 368 368 368 368 368 368 368 368 368 368 368 368 368 368 368 368 368 368 368 368 368 368 368 368 368 368 368 368 368 368 368 368 368 368 368 368 368 368 368 368 368 368 368 368 368 368 368 368 368 368 368 368 368 368 368 368 368 368 368 368 368 368 368 368 368 368 368 368 368 368 368 368 368 368 368 368 368 368 368 368 368 368 368 368 368 368 368 368 368 368 368 368 368 368 368 368 368 368 368 368 368 368 368 368 368 368 368 368 368 368 368 368 368 368 368 368 368 368 368 368 368 368 368 368 368 368 368 368 368 368 368 368 368 368 368 368 368 368 368 368 368 368 368 368 368 368 368 368 368 368 368 368 368 368 368 368 368 368 368 368 368 368 368 368 368 368 368 368 368 368 368 368 368 368 368 368 368 368 368 368 368 368 368 368 368 368 368 368 368 368 368 368 368 368 368 368 368 368 368 368 368 368 368 368 368 368 368 368 368 368 368 368 368 368 368 368 368 368 368 368 368 368 368 368 368 368 368 368 368 368 368 368 368 368 368 368 368 368 368 368 368 368 368 368 368 368 368 368 368 368 368 368 368 368 368 368 368 368 368 368 368 368 368 368 368 368 368 368 368 368 368 368 368 368 368 368 368 368 368 368 368 368 368 368 368 368 368 368 368 368 368 368 368 368 368 368 368 368 368 368 368 368 368 368 368 368 368 368 368 368 368 368 368 368 368 368 368 368 368 368 368 368 368 368 368 368 368 368 368 368 368 368 368 368 368 368 368 368 368 368 368 368 368 368 368 368 368 368 368 368 368 368 368 368 368 368 368 368 368 368 368 368 368 368 368 368 368 368 368 368 368 368 368 368 368 368 368 368 368 368 368 368 368 368 368 368 368 368 368 368 368 368 368 368 368 368 368 368 368 368 368 368 368 368 368 368 368 368 368 368 368 368 368 368 368 368 368 368 368 368 368 368 368 368 368 368 368 368 368 368 368 368 368 368 368 368 368 368 368 368 368 368 368 368 368 368 368 368 368 368 368 368 368 368 368 368 368 368 368 368 368 368 368 368 368 368 368 368 368 368 368 368 368 368 368 368 368 368 368 368 368 368 368 368 368 368 368 368 368 368 368 368 368 368 368 368 368 368 368 368 368 368 368 368 368 368 368 368 368 368 368 368 368 368 368 368 368 368 368 368 368 368 368 368 368 368 368 368 368 368 368 368 368 368 368 368 368 368 368 368 368 368 368 368 368 368 368 368 368 368 368 368 368 368 368 368 368 368 368 368 368 368 368 368 368 368 368 368 368 368 368 368 368 368 368 368 368 368 368 368 368 368 368 368 368 368 368 368 368 368 368 368 368 368 368 368 368 368 368 368 368 368 368 368 368 368 368 368 368 368 368 368 368 368 368 368 368 368 368 368 368 368 368 368 368 368 368 368 368 368 368 368 368 368 368 368 368 368 368 368 368 368 368 368 368 368 368 368 368 368 368 368 368 368 368 368 368 368 368 368 368 368 368 368 368 368 368 368 368 368 368 368 368 368 368 368 368 368 368 368 368 368 368 368 368 368 368 368 368 368 368 368 368 368 368 368 368 368 368 368 368 368 368 368 368 368 368 368 368 368 368 368 368 368 368 368 368 368 368 368 368 368 368 368 368 368 368 368 368 368 368 368 368 368 368 368 368 368 368 368 368 368 368 368 368 368 368 368 368 368 368 368 368 368 368 368 368 368 368 368 -1 -1 -1 -1 -1 -1 -1 -1 -1 -1 -1 -1 -1 -1 -1 -1 -1</firstValidSample>
        <lastValidSample count="1499">-1 -1 -1 -1 -1 -1 -1 -1 -1 -1 -1 -1 -1 -1 -1 -1 -1 -1 -1 -1 20822 20822 20822 20822 20822 20822 20822 20822 20822 20822 20822 20822 20822 20822 20822 20822 20822 20822 20822 20822 20822 20822 20822 20822 20822 20822 20822 20822 20822 20822 20822 20822 20822 20822 20822 20822 20822 20822 20822 20822 20822 20822 20822 20822 20822 20822 20822 20822 20822 20822 20822 20822 20822 20822 20822 20822 20822 20822 20822 20822 20822 20822 20822 20822 20822 20822 20822 20822 20822 20822 20822 20822 20822 20822 20822 20822 20822 20822 20822 20822 20822 20822 20822 20822 20822 20822 20822 20822 20822 20822 20822 20822 20822 20822 20822 20822 20822 20822 20822 20822 20822 20822 20822 20822 20822 20822 20822 20822 20822 20822 20822 20822 20822 20822 20822 20822 20822 20822 20822 20822 20822 20822 20822 20822 20822 20822 20822 20822 20822 20822 20822 20822 20822 20822 20822 20822 20822 20822 20822 20822 20822 20822 20822 20822 20822 20822 20822 20822 20822 20822 20822 20822 20822 20822 20822 20822 20822 20822 20822 20822 20822 20822 20822 20822 20822 20822 20822 20822 20822 20822 20822 20822 20822 20822 20822 20822 20822 20822 20822 20822 20822 20822 20822 20822 20822 20822 20822 20822 20822 20822 20822 20822 20822 20822 20822 20822 20822 20822 20822 20822 20822 20822 20822 20822 20822 20822 20822 20822 20822 20822 20822 20822 20822 20822 20822 20822 20822 20822 20822 20822 20822 20822 20822 20822 20822 20822 20822 20822 20822 20822 20822 20822 20822 20822 20822 20822 20822 20822 20822 20822 20822 20822 20822 20822 20822 20822 20822 20822 20822 20822 20822 20822 20822 20822 20822 20822 20822 20822 20822 20822 20822 20822 20822 20822 20822 20822 20822 20822 20822 20822 20822 20822 20822 20822 20822 20822 20822 20822 20822 20822 20822 20822 20822 20822 20822 20822 20822 20822 20822 20822 20822 20822 20822 20822 20822 20822 20822 20822 20822 20822 20822 20822 20822 20822 20822 20822 20822 20822 20822 20822 20822 20822 20822 20822 20822 20822 20822 20822 20822 20822 20822 20822 20822 20822 20822 20822 20822 20822 20822 20822 20822 20822 20822 20822 20822 20822 20822 20822 20822 20822 20822 20822 20822 20822 20822 20822 20822 20822 20822 20822 20822 20822 20822 20822 20822 20822 20822 20822 20822 20822 20822 20822 20822 20822 20822 20822 20822 20822 20822 20822 20822 20822 20822 20822 20822 20822 20822 20822 20822 20822 20822 20822 20822 20822 20822 20822 20822 20822 20822 20822 20822 20822 20822 20822 20822 20822 20822 20822 20822 20822 20822 20822 20822 20822 20822 20822 20822 20822 20822 20822 20822 20822 20822 20822 20822 20822 20822 20822 20822 20822 20822 20822 20822 20822 20822 20822 20822 20822 20822 20822 20822 20822 20822 20822 20822 20822 20822 20822 20822 20822 20822 20822 20822 20822 20822 20822 20822 20822 20822 20822 20822 20822 20822 20822 20822 20822 20822 20822 20822 20822 20822 20822 20822 20822 20822 20822 20822 20822 20822 20822 20822 20822 20822 20822 20822 20822 20822 20822 20822 20822 20822 20822 20822 20822 20822 20822 20822 20822 20822 20822 20822 20822 20822 20822 20822 20822 20822 20822 20822 20822 20822 20822 20822 20822 20822 20822 20822 20822 20822 20822 20822 20822 20822 20822 20822 20822 20822 20822 20822 20822 20822 20822 20822 20822 20822 20822 20822 20822 20822 20822 20822 20822 20822 20822 20822 20822 20822 20822 20822 20822 20822 20822 20822 20822 20822 20822 20822 20822 20822 20822 20822 20822 20822 20822 20822 20822 20822 20822 20822 20822 20822 20822 20822 20822 20822 20822 20822 20822 20822 20822 20822 20822 20822 20822 20822 20822 20822 20822 20822 20822 20822 20822 20822 20822 20822 20822 20822 20822 20822 20822 20822 20822 20822 20822 20822 20822 20822 20822 20822 20822 20822 20822 20822 20822 20822 20822 20822 20822 20822 20822 20822 20822 20822 20822 20822 20822 20822 20822 20822 20822 20822 20822 20822 20822 20822 20822 20822 20822 20822 20822 20822 20822 20822 20822 20822 20822 20822 20822 20822 20822 20822 20822 20822 20822 20822 20822 20822 20822 20822 20822 20822 20822 20822 20822 20822 20822 20822 20822 20822 20822 20822 20822 20822 20822 20822 20822 20822 20822 20822 20822 20822 20822 20822 20822 20822 20822 20822 20822 20822 20822 20822 20822 20822 20822 20822 20822 20822 20822 20822 20822 20822 20822 20822 20822 20822 20822 20822 20822 20822 20822 20822 20822 20822 20822 20822 20822 20822 20822 20822 20822 20822 20822 20822 20822 20822 20822 20822 20822 20822 20822 20822 20822 20822 20822 20822 20822 20822 20822 20822 20822 20822 20822 20822 20822 20822 20822 20822 20822 20822 20822 20822 20822 20822 20822 20822 20822 20822 20822 20822 20822 20822 20822 20822 20822 20822 20822 20822 20822 20822 20822 20822 20822 20822 20822 20822 20822 20822 20822 20822 20822 20822 20822 20822 20822 20822 20822 20822 20822 20822 20822 20822 20822 20822 20822 20822 20822 20822 20822 20822 20822 20822 20822 20822 20822 20822 20822 20822 20822 20822 20822 20822 20822 20822 20822 20822 20822 20822 20822 20822 20822 20822 20822 20822 20822 20822 20822 20822 20822 20822 20822 20822 20822 20822 20822 20822 20822 20822 20822 20822 20822 20822 20822 20822 20822 20822 20822 20822 20822 20822 20822 20822 20822 20822 20822 20822 20822 20822 20822 20822 20822 20822 20822 20822 20822 20822 20822 20822 20822 20822 20822 20822 20822 20822 20822 20822 20822 20822 20822 20822 20822 20822 20822 20822 20822 20822 20822 20822 20822 20822 20822 20822 20822 20822 20822 20822 20822 20822 20822 20822 20822 20822 20822 20822 20822 20822 20822 20822 20822 20822 20822 20822 20822 20822 20822 20822 20822 20822 20822 20822 20822 20822 20822 20822 20822 20822 20822 20822 20822 20822 20822 20822 20822 20822 20822 20822 20822 20822 20822 20822 20822 20822 20822 20822 20822 20822 20822 20822 20822 20822 20822 20822 20822 20822 20822 20822 20822 20822 20822 20822 20822 20822 20822 20822 20822 20822 20822 20822 20822 20822 20822 20822 20822 20822 20822 20822 20822 20822 20822 20822 20822 20822 20822 20822 20822 20822 20822 20822 20822 20822 20822 20822 20822 20822 20822 20822 20822 20822 20822 20822 20822 20822 20822 20822 20822 20822 20822 20822 20822 20822 20822 20822 20822 20822 20822 20822 20822 20822 20822 20822 20822 20822 20822 20822 20822 20822 20822 20822 20822 20822 20822 20822 20822 20822 20822 20822 20822 20822 20822 20822 20822 20822 20822 20822 20822 20822 20822 20822 20822 20822 20822 20822 20822 20822 20822 20822 20822 20822 20822 20822 20822 20822 20822 20822 20822 20822 20822 20822 20822 20822 20822 20822 20822 20822 20822 20822 20822 20822 20822 20822 20822 20822 20822 20822 20822 20822 20822 20822 20822 20822 20822 20822 20822 20822 20822 20822 20822 20822 20822 20822 20822 20822 20822 20822 20822 20822 20822 20822 20822 20822 20822 20822 20822 20822 20822 20822 20822 20822 20822 20822 20822 20822 20822 20822 20822 20822 20822 20822 20822 20822 20822 20822 20822 20822 20822 20822 20822 20822 20822 20822 20822 20822 20822 20822 20822 20822 20822 20822 20822 20822 20822 20822 20822 20822 20822 20822 20822 20822 20822 20822 20822 20822 20822 20822 20822 20822 20822 20822 20822 20822 20822 20822 20822 20822 20822 20822 20822 20822 20822 20822 20822 20822 20822 20822 20822 20822 20822 20822 20822 20822 20822 20822 20822 20822 20822 20822 20822 20822 20822 20822 20822 20822 20822 20822 20822 20822 20822 20822 20822 20822 20822 20822 20822 20822 20822 20822 20822 20822 20822 20822 20822 20822 20822 20822 20822 20822 20822 20822 20822 20822 20822 20822 20822 20822 20822 20822 20822 20822 20822 20822 20822 20822 20822 20822 20822 20822 20822 20822 20822 20822 20822 20822 20822 20822 20822 20822 20822 20822 20822 20822 20822 20822 20822 20822 20822 20822 20822 20822 20822 20822 20822 20822 20822 20822 20822 20822 20822 20822 20822 20822 20822 20822 20822 20822 20822 20822 20822 20822 20822 20822 20822 20822 20822 20822 20822 20822 20822 20822 20822 20822 20822 20822 20822 20822 20822 20822 20822 20822 20822 20822 20822 20822 20822 20822 20822 20822 20822 20822 20822 20822 20822 20822 20822 20822 20822 20822 20822 20822 20822 20822 20822 20822 20822 20822 20822 20822 20822 20822 20822 20822 20822 20822 20822 20822 20822 20822 20822 20822 20822 20822 20822 20822 20822 20822 20822 20822 20822 20822 20822 20822 20822 20822 20822 20822 20822 20822 20822 20822 20822 20822 20822 20822 20822 20822 20822 20822 20822 20822 20822 20822 20822 20822 20822 20822 20822 20822 20822 20822 20822 20822 20822 20822 20822 20822 20822 20822 20822 20822 20822 20822 20822 20822 20822 20822 20822 20822 20822 20822 20822 20822 20822 20822 20822 20822 20822 20822 20822 20822 20822 20822 20822 20822 20822 20822 20822 20822 20822 20822 20822 20822 20822 20822 20822 20822 20822 20822 20822 20822 20822 20822 20822 20822 20822 20822 20822 20822 20822 20822 20822 20822 20822 20822 20822 20822 20822 20822 20822 20822 20822 20822 20822 20822 20822 20822 20822 20822 20822 20822 20822 20822 20822 20822 20822 -1 -1 -1 -1 -1 -1 -1 -1 -1 -1 -1 -1 -1 -1 -1 -1 -1</lastValidSample>
      </burst>
      <burst>
        <azimuthTime>2015-05-16T13:34:32.852233</azimuthTime>
        <azimuthAnxTime>2.340624839644531e+03</azimuthAnxTime>
        <sensingTime>2015-05-16T13:34:33.982032</sensingTime>
        <byteOffset>516831224</byteOffset>
        <firstValidSample count="1499">-1 -1 -1 -1 -1 -1 -1 -1 -1 -1 -1 -1 -1 -1 -1 -1 -1 -1 -1 -1 368 368 368 368 368 368 368 368 368 368 368 368 368 368 368 368 368 368 368 368 368 368 368 368 368 368 368 368 368 368 368 368 368 368 368 368 368 368 368 368 368 368 368 368 368 368 368 368 368 368 368 368 368 368 368 368 368 368 368 368 368 368 368 368 368 368 368 368 368 368 368 368 368 368 368 368 368 368 368 368 368 368 368 368 368 368 368 368 368 368 368 368 368 368 368 368 368 368 368 368 368 368 368 368 368 368 368 368 368 368 368 368 368 368 368 368 368 368 368 368 368 368 368 368 368 368 368 368 368 368 368 368 368 368 368 368 368 368 368 368 368 368 368 368 368 368 368 368 368 368 368 368 368 368 368 368 368 368 368 368 368 368 368 368 368 368 368 368 368 368 368 368 368 368 368 368 368 368 368 368 368 368 368 368 368 368 368 368 368 368 368 368 368 368 368 368 368 368 368 368 368 368 368 368 368 368 368 368 368 368 368 368 368 368 368 368 368 368 368 368 368 368 368 368 368 368 368 368 368 368 368 368 368 368 368 368 368 368 368 368 368 368 368 368 368 368 368 368 368 368 368 368 368 368 368 368 368 368 368 368 368 368 368 368 368 368 368 368 368 368 368 368 368 368 368 368 368 368 368 368 368 368 368 368 368 368 368 368 368 368 368 368 368 368 368 368 368 368 368 368 368 368 368 368 368 368 368 368 368 368 368 368 368 368 368 368 368 368 368 368 368 368 368 368 368 368 368 368 368 368 368 368 368 368 368 368 368 368 368 368 368 368 368 368 368 368 368 368 368 368 368 368 368 368 368 368 368 368 368 368 368 368 368 368 368 368 368 368 368 368 368 368 368 368 368 368 368 368 368 368 368 368 368 368 368 368 368 368 368 368 368 368 368 368 368 368 368 368 368 368 368 368 368 368 368 368 368 368 368 368 368 368 368 368 368 368 368 368 368 368 368 368 368 368 368 368 368 368 368 368 368 368 368 368 368 368 368 368 368 368 368 368 368 368 368 368 368 368 368 368 368 368 368 368 368 368 368 368 368 368 368 368 368 368 368 368 368 368 368 368 368 368 368 368 368 368 368 368 368 368 368 368 368 368 368 368 368 368 368 368 368 368 368 368 368 368 368 368 368 368 368 368 368 368 368 368 368 368 368 368 368 368 368 368 368 368 368 368 368 368 368 368 368 368 368 368 368 368 368 368 368 368 368 368 368 368 368 368 368 368 368 368 368 368 368 368 368 368 368 368 368 368 368 368 368 368 368 368 368 368 368 368 368 368 368 368 368 368 368 368 368 368 368 368 368 368 368 368 368 368 368 368 368 368 368 368 368 368 368 368 368 368 368 368 368 368 368 368 368 368 368 368 368 368 368 368 368 368 368 368 368 368 368 368 368 368 368 368 368 368 368 368 368 368 368 368 368 368 368 368 368 368 368 368 368 368 368 368 368 368 368 368 368 368 368 368 368 368 368 368 368 368 368 368 368 368 368 368 368 368 368 368 368 368 368 368 368 368 368 368 368 368 368 368 368 368 368 368 368 368 368 368 368 368 368 368 368 368 368 368 368 368 368 368 368 368 368 368 368 368 368 368 368 368 368 368 368 368 368 368 368 368 368 368 368 368 368 368 368 368 368 368 368 368 368 368 368 368 368 368 368 368 368 368 368 368 368 368 368 368 368 368 368 368 368 368 368 368 368 368 368 368 368 368 368 368 368 368 368 368 368 368 368 368 368 368 368 368 368 368 368 368 368 368 368 368 368 368 368 368 368 368 368 368 368 368 368 368 368 368 368 368 368 368 368 368 368 368 368 368 368 368 368 368 368 368 368 368 368 368 368 368 368 368 368 368 368 368 368 368 368 368 368 368 368 368 368 368 368 368 368 368 368 368 368 368 368 368 368 368 368 368 368 368 368 368 368 368 368 368 368 368 368 368 368 368 368 368 368 368 368 368 368 368 368 368 368 368 368 368 368 368 368 368 368 368 368 368 368 368 368 368 368 368 368 368 368 368 368 368 368 368 368 368 368 368 368 368 368 368 368 368 368 368 368 368 368 368 368 368 368 368 368 368 368 368 368 368 368 368 368 368 368 368 368 368 368 368 368 368 368 368 368 368 368 368 368 368 368 368 368 368 368 368 368 368 368 368 368 368 368 368 368 368 368 368 368 368 368 368 368 368 368 368 368 368 368 368 368 368 368 368 368 368 368 368 368 368 368 368 368 368 368 368 368 368 368 368 368 368 368 368 368 368 368 368 368 368 368 368 368 368 368 368 368 368 368 368 368 368 368 368 368 368 368 368 368 368 368 368 368 368 368 368 368 368 368 368 368 368 368 368 368 368 368 368 368 368 368 368 368 368 368 368 368 368 368 368 368 368 368 368 368 368 368 368 368 368 368 368 368 368 368 368 368 368 368 368 368 368 368 368 368 368 368 368 368 368 368 368 368 368 368 368 368 368 368 368 368 368 368 368 368 368 368 368 368 368 368 368 368 368 368 368 368 368 368 368 368 368 368 368 368 368 368 368 368 368 368 368 368 368 368 368 368 368 368 368 368 368 368 368 368 368 368 368 368 368 368 368 368 368 368 368 368 368 368 368 368 368 368 368 368 368 368 368 368 368 368 368 368 368 368 368 368 368 368 368 368 368 368 368 368 368 368 368 368 368 368 368 368 368 368 368 368 368 368 368 368 368 368 368 368 368 368 368 368 368 368 368 368 368 368 368 368 368 368 368 368 368 368 368 368 368 368 368 368 368 368 368 368 368 368 368 368 368 368 368 368 368 368 368 368 368 368 368 368 368 368 368 368 368 368 368 368 368 368 368 368 368 368 368 368 368 368 368 368 368 368 368 368 368 368 368 368 368 368 368 368 368 368 368 368 368 368 368 368 368 368 368 368 368 368 368 368 368 368 368 368 368 368 368 368 368 368 368 368 368 368 368 368 368 368 368 368 368 368 368 368 368 368 368 368 368 368 368 368 368 368 368 368 368 368 368 368 368 368 368 368 368 368 368 368 368 368 368 368 368 368 368 368 368 368 368 368 368 368 368 368 368 368 368 368 368 368 368 368 368 368 368 368 368 368 368 368 368 368 368 368 368 368 368 368 368 368 368 368 368 368 368 368 368 368 368 368 368 368 368 368 368 368 368 368 368 368 368 368 368 368 368 368 368 368 368 368 368 368 368 368 368 368 368 368 368 368 368 368 368 368 368 368 368 368 368 368 368 368 368 368 368 368 368 368 368 368 368 368 368 368 368 368 368 368 368 368 368 368 368 368 368 368 368 368 368 368 368 368 368 368 368 368 368 -1 -1 -1 -1 -1 -1 -1 -1 -1 -1 -1 -1 -1 -1 -1 -1 -1</firstValidSample>
        <lastValidSample count="1499">-1 -1 -1 -1 -1 -1 -1 -1 -1 -1 -1 -1 -1 -1 -1 -1 -1 -1 -1 -1 20822 20822 20822 20822 20822 20822 20822 20822 20822 20822 20822 20822 20822 20822 20822 20822 20822 20822 20822 20822 20822 20822 20822 20822 20822 20822 20822 20822 20822 20822 20822 20822 20822 20822 20822 20822 20822 20822 20822 20822 20822 20822 20822 20822 20822 20822 20822 20822 20822 20822 20822 20822 20822 20822 20822 20822 20822 20822 20822 20822 20822 20822 20822 20822 20822 20822 20822 20822 20822 20822 20822 20822 20822 20822 20822 20822 20822 20822 20822 20822 20822 20822 20822 20822 20822 20822 20822 20822 20822 20822 20822 20822 20822 20822 20822 20822 20822 20822 20822 20822 20822 20822 20822 20822 20822 20822 20822 20822 20822 20822 20822 20822 20822 20822 20822 20822 20822 20822 20822 20822 20822 20822 20822 20822 20822 20822 20822 20822 20822 20822 20822 20822 20822 20822 20822 20822 20822 20822 20822 20822 20822 20822 20822 20822 20822 20822 20822 20822 20822 20822 20822 20822 20822 20822 20822 20822 20822 20822 20822 20822 20822 20822 20822 20822 20822 20822 20822 20822 20822 20822 20822 20822 20822 20822 20822 20822 20822 20822 20822 20822 20822 20822 20822 20822 20822 20822 20822 20822 20822 20822 20822 20822 20822 20822 20822 20822 20822 20822 20822 20822 20822 20822 20822 20822 20822 20822 20822 20822 20822 20822 20822 20822 20822 20822 20822 20822 20822 20822 20822 20822 20822 20822 20822 20822 20822 20822 20822 20822 20822 20822 20822 20822 20822 20822 20822 20822 20822 20822 20822 20822 20822 20822 20822 20822 20822 20822 20822 20822 20822 20822 20822 20822 20822 20822 20822 20822 20822 20822 20822 20822 20822 20822 20822 20822 20822 20822 20822 20822 20822 20822 20822 20822 20822 20822 20822 20822 20822 20822 20822 20822 20822 20822 20822 20822 20822 20822 20822 20822 20822 20822 20822 20822 20822 20822 20822 20822 20822 20822 20822 20822 20822 20822 20822 20822 20822 20822 20822 20822 20822 20822 20822 20822 20822 20822 20822 20822 20822 20822 20822 20822 20822 20822 20822 20822 20822 20822 20822 20822 20822 20822 20822 20822 20822 20822 20822 20822 20822 20822 20822 20822 20822 20822 20822 20822 20822 20822 20822 20822 20822 20822 20822 20822 20822 20822 20822 20822 20822 20822 20822 20822 20822 20822 20822 20822 20822 20822 20822 20822 20822 20822 20822 20822 20822 20822 20822 20822 20822 20822 20822 20822 20822 20822 20822 20822 20822 20822 20822 20822 20822 20822 20822 20822 20822 20822 20822 20822 20822 20822 20822 20822 20822 20822 20822 20822 20822 20822 20822 20822 20822 20822 20822 20822 20822 20822 20822 20822 20822 20822 20822 20822 20822 20822 20822 20822 20822 20822 20822 20822 20822 20822 20822 20822 20822 20822 20822 20822 20822 20822 20822 20822 20822 20822 20822 20822 20822 20822 20822 20822 20822 20822 20822 20822 20822 20822 20822 20822 20822 20822 20822 20822 20822 20822 20822 20822 20822 20822 20822 20822 20822 20822 20822 20822 20822 20822 20822 20822 20822 20822 20822 20822 20822 20822 20822 20822 20822 20822 20822 20822 20822 20822 20822 20822 20822 20822 20822 20822 20822 20822 20822 20822 20822 20822 20822 20822 20822 20822 20822 20822 20822 20822 20822 20822 20822 20822 20822 20822 20822 20822 20822 20822 20822 20822 20822 20822 20822 20822 20822 20822 20822 20822 20822 20822 20822 20822 20822 20822 20822 20822 20822 20822 20822 20822 20822 20822 20822 20822 20822 20822 20822 20822 20822 20822 20822 20822 20822 20822 20822 20822 20822 20822 20822 20822 20822 20822 20822 20822 20822 20822 20822 20822 20822 20822 20822 20822 20822 20822 20822 20822 20822 20822 20822 20822 20822 20822 20822 20822 20822 20822 20822 20822 20822 20822 20822 20822 20822 20822 20822 20822 20822 20822 20822 20822 20822 20822 20822 20822 20822 20822 20822 20822 20822 20822 20822 20822 20822 20822 20822 20822 20822 20822 20822 20822 20822 20822 20822 20822 20822 20822 20822 20822 20822 20822 20822 20822 20822 20822 20822 20822 20822 20822 20822 20822 20822 20822 20822 20822 20822 20822 20822 20822 20822 20822 20822 20822 20822 20822 20822 20822 20822 20822 20822 20822 20822 20822 20822 20822 20822 20822 20822 20822 20822 20822 20822 20822 20822 20822 20822 20822 20822 20822 20822 20822 20822 20822 20822 20822 20822 20822 20822 20822 20822 20822 20822 20822 20822 20822 20822 20822 20822 20822 20822 20822 20822 20822 20822 20822 20822 20822 20822 20822 20822 20822 20822 20822 20822 20822 20822 20822 20822 20822 20822 20822 20822 20822 20822 20822 20822 20822 20822 20822 20822 20822 20822 20822 20822 20822 20822 20822 20822 20822 20822 20822 20822 20822 20822 20822 20822 20822 20822 20822 20822 20822 20822 20822 20822 20822 20822 20822 20822 20822 20822 20822 20822 20822 20822 20822 20822 20822 20822 20822 20822 20822 20822 20822 20822 20822 20822 20822 20822 20822 20822 20822 20822 20822 20822 20822 20822 20822 20822 20822 20822 20822 20822 20822 20822 20822 20822 20822 20822 20822 20822 20822 20822 20822 20822 20822 20822 20822 20822 20822 20822 20822 20822 20822 20822 20822 20822 20822 20822 20822 20822 20822 20822 20822 20822 20822 20822 20822 20822 20822 20822 20822 20822 20822 20822 20822 20822 20822 20822 20822 20822 20822 20822 20822 20822 20822 20822 20822 20822 20822 20822 20822 20822 20822 20822 20822 20822 20822 20822 20822 20822 20822 20822 20822 20822 20822 20822 20822 20822 20822 20822 20822 20822 20822 20822 20822 20822 20822 20822 20822 20822 20822 20822 20822 20822 20822 20822 20822 20822 20822 20822 20822 20822 20822 20822 20822 20822 20822 20822 20822 20822 20822 20822 20822 20822 20822 20822 20822 20822 20822 20822 20822 20822 20822 20822 20822 20822 20822 20822 20822 20822 20822 20822 20822 20822 20822 20822 20822 20822 20822 20822 20822 20822 20822 20822 20822 20822 20822 20822 20822 20822 20822 20822 20822 20822 20822 20822 20822 20822 20822 20822 20822 20822 20822 20822 20822 20822 20822 20822 20822 20822 20822 20822 20822 20822 20822 20822 20822 20822 20822 20822 20822 20822 20822 20822 20822 20822 20822 20822 20822 20822 20822 20822 20822 20822 20822 20822 20822 20822 20822 20822 20822 20822 20822 20822 20822 20822 20822 20822 20822 20822 20822 20822 20822 20822 20822 20822 20822 20822 20822 20822 20822 20822 20822 20822 20822 20822 20822 20822 20822 20822 20822 20822 20822 20822 20822 20822 20822 20822 20822 20822 20822 20822 20822 20822 20822 20822 20822 20822 20822 20822 20822 20822 20822 20822 20822 20822 20822 20822 20822 20822 20822 20822 20822 20822 20822 20822 20822 20822 20822 20822 20822 20822 20822 20822 20822 20822 20822 20822 20822 20822 20822 20822 20822 20822 20822 20822 20822 20822 20822 20822 20822 20822 20822 20822 20822 20822 20822 20822 20822 20822 20822 20822 20822 20822 20822 20822 20822 20822 20822 20822 20822 20822 20822 20822 20822 20822 20822 20822 20822 20822 20822 20822 20822 20822 20822 20822 20822 20822 20822 20822 20822 20822 20822 20822 20822 20822 20822 20822 20822 20822 20822 20822 20822 20822 20822 20822 20822 20822 20822 20822 20822 20822 20822 20822 20822 20822 20822 20822 20822 20822 20822 20822 20822 20822 20822 20822 20822 20822 20822 20822 20822 20822 20822 20822 20822 20822 20822 20822 20822 20822 20822 20822 20822 20822 20822 20822 20822 20822 20822 20822 20822 20822 20822 20822 20822 20822 20822 20822 20822 20822 20822 20822 20822 20822 20822 20822 20822 20822 20822 20822 20822 20822 20822 20822 20822 20822 20822 20822 20822 20822 20822 20822 20822 20822 20822 20822 20822 20822 20822 20822 20822 20822 20822 20822 20822 20822 20822 20822 20822 20822 20822 20822 20822 20822 20822 20822 20822 20822 20822 20822 20822 20822 20822 20822 20822 20822 20822 20822 20822 20822 20822 20822 20822 20822 20822 20822 20822 20822 20822 20822 20822 20822 20822 20822 20822 20822 20822 20822 20822 20822 20822 20822 20822 20822 20822 20822 20822 20822 20822 20822 20822 20822 20822 20822 20822 20822 20822 20822 20822 20822 20822 20822 20822 20822 20822 20822 20822 20822 20822 20822 20822 20822 20822 20822 20822 20822 20822 20822 20822 20822 20822 20822 20822 20822 20822 20822 20822 20822 20822 20822 20822 20822 20822 20822 20822 20822 20822 20822 20822 20822 20822 20822 20822 20822 20822 20822 20822 20822 20822 20822 20822 20822 20822 20822 20822 20822 20822 20822 20822 20822 20822 20822 20822 20822 20822 20822 20822 20822 20822 20822 20822 20822 20822 20822 20822 20822 20822 20822 20822 20822 20822 20822 20822 20822 20822 20822 20822 20822 20822 20822 20822 20822 20822 20822 20822 20822 20822 20822 20822 20822 20822 20822 20822 20822 20822 20822 20822 20822 20822 20822 20822 20822 20822 20822 20822 20822 20822 20822 20822 20822 20822 20822 20822 20822 20822 20822 20822 20822 20822 20822 20822 20822 20822 20822 20822 20822 20822 20822 20822 20822 20822 20822 20822 20822 20822 20822 20822 20822 20822 20822 20822 20822 20822 20822 20822 20822 20822 20822 20822 20822 20822 20822 20822 20822 20822 20822 20822 20822 20822 20822 20822 -1 -1 -1 -1 -1 -1 -1 -1 -1 -1 -1 -1 -1 -1 -1 -1 -1</lastValidSample>
      </burst>
      <burst>
        <azimuthTime>2015-05-16T13:34:35.610793</azimuthTime>
        <azimuthAnxTime>2.343383399825195e+03</azimuthAnxTime>
        <sensingTime>2015-05-16T13:34:36.740309</sensingTime>
        <byteOffset>646039028</byteOffset>
        <firstValidSample count="1499">-1 -1 -1 -1 -1 -1 -1 -1 -1 -1 -1 -1 -1 -1 -1 -1 -1 -1 368 368 368 368 368 368 368 368 368 368 368 368 368 368 368 368 368 368 368 368 368 368 368 368 368 368 368 368 368 368 368 368 368 368 368 368 368 368 368 368 368 368 368 368 368 368 368 368 368 368 368 368 368 368 368 368 368 368 368 368 368 368 368 368 368 368 368 368 368 368 368 368 368 368 368 368 368 368 368 368 368 368 368 368 368 368 368 368 368 368 368 368 368 368 368 368 368 368 368 368 368 368 368 368 368 368 368 368 368 368 368 368 368 368 368 368 368 368 368 368 368 368 368 368 368 368 368 368 368 368 368 368 368 368 368 368 368 368 368 368 368 368 368 368 368 368 368 368 368 368 368 368 368 368 368 368 368 368 368 368 368 368 368 368 368 368 368 368 368 368 368 368 368 368 368 368 368 368 368 368 368 368 368 368 368 368 368 368 368 368 368 368 368 368 368 368 368 368 368 368 368 368 368 368 368 368 368 368 368 368 368 368 368 368 368 368 368 368 368 368 368 368 368 368 368 368 368 368 368 368 368 368 368 368 368 368 368 368 368 368 368 368 368 368 368 368 368 368 368 368 368 368 368 368 368 368 368 368 368 368 368 368 368 368 368 368 368 368 368 368 368 368 368 368 368 368 368 368 368 368 368 368 368 368 368 368 368 368 368 368 368 368 368 368 368 368 368 368 368 368 368 368 368 368 368 368 368 368 368 368 368 368 368 368 368 368 368 368 368 368 368 368 368 368 368 368 368 368 368 368 368 368 368 368 368 368 368 368 368 368 368 368 368 368 368 368 368 368 368 368 368 368 368 368 368 368 368 368 368 368 368 368 368 368 368 368 368 368 368 368 368 368 368 368 368 368 368 368 368 368 368 368 368 368 368 368 368 368 368 368 368 368 368 368 368 368 368 368 368 368 368 368 368 368 368 368 368 368 368 368 368 368 368 368 368 368 368 368 368 368 368 368 368 368 368 368 368 368 368 368 368 368 368 368 368 368 368 368 368 368 368 368 368 368 368 368 368 368 368 368 368 368 368 368 368 368 368 368 368 368 368 368 368 368 368 368 368 368 368 368 368 368 368 368 368 368 368 368 368 368 368 368 368 368 368 368 368 368 368 368 368 368 368 368 368 368 368 368 368 368 368 368 368 368 368 368 368 368 368 368 368 368 368 368 368 368 368 368 368 368 368 368 368 368 368 368 368 368 368 368 368 368 368 368 368 368 368 368 368 368 368 368 368 368 368 368 368 368 368 368 368 368 368 368 368 368 368 368 368 368 368 368 368 368 368 368 368 368 368 368 368 368 368 368 368 368 368 368 368 368 368 368 368 368 368 368 368 368 368 368 368 368 368 368 368 368 368 368 368 368 368 368 368 368 368 368 368 368 368 368 368 368 368 368 368 368 368 368 368 368 368 368 368 368 368 368 368 368 368 368 368 368 368 368 368 368 368 368 368 368 368 368 368 368 368 368 368 368 368 368 368 368 368 368 368 368 368 368 368 368 368 368 368 368 368 368 368 368 368 368 368 368 368 368 368 368 368 368 368 368 368 368 368 368 368 368 368 368 368 368 368 368 368 368 368 368 368 368 368 368 368 368 368 368 368 368 368 368 368 368 368 368 368 368 368 368 368 368 368 368 368 368 368 368 368 368 368 368 368 368 368 368 368 368 368 368 368 368 368 368 368 368 368 368 368 368 368 368 368 368 368 368 368 368 368 368 368 368 368 368 368 368 368 368 368 368 368 368 368 368 368 368 368 368 368 368 368 368 368 368 368 368 368 368 368 368 368 368 368 368 368 368 368 368 368 368 368 368 368 368 368 368 368 368 368 368 368 368 368 368 368 368 368 368 368 368 368 368 368 368 368 368 368 368 368 368 368 368 368 368 368 368 368 368 368 368 368 368 368 368 368 368 368 368 368 368 368 368 368 368 368 368 368 368 368 368 368 368 368 368 368 368 368 368 368 368 368 368 368 368 368 368 368 368 368 368 368 368 368 368 368 368 368 368 368 368 368 368 368 368 368 368 368 368 368 368 368 368 368 368 368 368 368 368 368 368 368 368 368 368 368 368 368 368 368 368 368 368 368 368 368 368 368 368 368 368 368 368 368 368 368 368 368 368 368 368 368 368 368 368 368 368 368 368 368 368 368 368 368 368 368 368 368 368 368 368 368 368 368 368 368 368 368 368 368 368 368 368 368 368 368 368 368 368 368 368 368 368 368 368 368 368 368 368 368 368 368 368 368 368 368 368 368 368 368 368 368 368 368 368 368 368 368 368 368 368 368 368 368 368 368 368 368 368 368 368 368 368 368 368 368 368 368 368 368 368 368 368 368 368 368 368 368 368 368 368 368 368 368 368 368 368 368 368 368 368 368 368 368 368 368 368 368 368 368 368 368 368 368 368 368 368 368 368 368 368 368 368 368 368 368 368 368 368 368 368 368 368 368 368 368 368 368 368 368 368 368 368 368 368 368 368 368 368 368 368 368 368 368 368 368 368 368 368 368 368 368 368 368 368 368 368 368 368 368 368 368 368 368 368 368 368 368 368 368 368 368 368 368 368 368 368 368 368 368 368 368 368 368 368 368 368 368 368 368 368 368 368 368 368 368 368 368 368 368 368 368 368 368 368 368 368 368 368 368 368 368 368 368 368 368 368 368 368 368 368 368 368 368 368 368 368 368 368 368 368 368 368 368 368 368 368 368 368 368 368 368 368 368 368 368 368 368 368 368 368 368 368 368 368 368 368 368 368 368 368 368 368 368 368 368 368 368 368 368 368 368 368 368 368 368 368 368 368 368 368 368 368 368 368 368 368 368 368 368 368 368 368 368 368 368 368 368 368 368 368 368 368 368 368 368 368 368 368 368 368 368 368 368 368 368 368 368 368 368 368 368 368 368 368 368 368 368 368 368 368 368 368 368 368 368 368 368 368 368 368 368 368 368 368 368 368 368 368 368 368 368 368 368 368 368 368 368 368 368 368 368 368 368 368 368 368 368 368 368 368 368 368 368 368 368 368 368 368 368 368 368 368 368 368 368 368 368 368 368 368 368 368 368 368 368 368 368 368 368 368 368 368 368 368 368 368 368 368 368 368 368 368 368 368 368 368 368 368 368 368 368 368 368 368 368 368 368 368 368 368 368 368 368 368 368 368 368 368 368 368 368 368 368 368 368 368 368 368 368 368 368 368 368 368 368 368 368 368 368 368 368 368 368 368 368 368 368 368 368 368 368 368 368 368 368 368 368 368 368 368 368 368 368 368 368 368 368 368 368 368 368 368 368 368 368 368 368 368 368 368 368 368 368 368 368 368 368 368 -1 -1 -1 -1 -1 -1 -1 -1 -1 -1 -1 -1 -1 -1 -1 -1 -1</firstValidSample>
        <lastValidSample count="1499">-1 -1 -1 -1 -1 -1 -1 -1 -1 -1 -1 -1 -1 -1 -1 -1 -1 -1 20822 20822 20822 20822 20822 20822 20822 20822 20822 20822 20822 20822 20822 20822 20822 20822 20822 20822 20822 20822 20822 20822 20822 20822 20822 20822 20822 20822 20822 20822 20822 20822 20822 20822 20822 20822 20822 20822 20822 20822 20822 20822 20822 20822 20822 20822 20822 20822 20822 20822 20822 20822 20822 20822 20822 20822 20822 20822 20822 20822 20822 20822 20822 20822 20822 20822 20822 20822 20822 20822 20822 20822 20822 20822 20822 20822 20822 20822 20822 20822 20822 20822 20822 20822 20822 20822 20822 20822 20822 20822 20822 20822 20822 20822 20822 20822 20822 20822 20822 20822 20822 20822 20822 20822 20822 20822 20822 20822 20822 20822 20822 20822 20822 20822 20822 20822 20822 20822 20822 20822 20822 20822 20822 20822 20822 20822 20822 20822 20822 20822 20822 20822 20822 20822 20822 20822 20822 20822 20822 20822 20822 20822 20822 20822 20822 20822 20822 20822 20822 20822 20822 20822 20822 20822 20822 20822 20822 20822 20822 20822 20822 20822 20822 20822 20822 20822 20822 20822 20822 20822 20822 20822 20822 20822 20822 20822 20822 20822 20822 20822 20822 20822 20822 20822 20822 20822 20822 20822 20822 20822 20822 20822 20822 20822 20822 20822 20822 20822 20822 20822 20822 20822 20822 20822 20822 20822 20822 20822 20822 20822 20822 20822 20822 20822 20822 20822 20822 20822 20822 20822 20822 20822 20822 20822 20822 20822 20822 20822 20822 20822 20822 20822 20822 20822 20822 20822 20822 20822 20822 20822 20822 20822 20822 20822 20822 20822 20822 20822 20822 20822 20822 20822 20822 20822 20822 20822 20822 20822 20822 20822 20822 20822 20822 20822 20822 20822 20822 20822 20822 20822 20822 20822 20822 20822 20822 20822 20822 20822 20822 20822 20822 20822 20822 20822 20822 20822 20822 20822 20822 20822 20822 20822 20822 20822 20822 20822 20822 20822 20822 20822 20822 20822 20822 20822 20822 20822 20822 20822 20822 20822 20822 20822 20822 20822 20822 20822 20822 20822 20822 20822 20822 20822 20822 20822 20822 20822 20822 20822 20822 20822 20822 20822 20822 20822 20822 20822 20822 20822 20822 20822 20822 20822 20822 20822 20822 20822 20822 20822 20822 20822 20822 20822 20822 20822 20822 20822 20822 20822 20822 20822 20822 20822 20822 20822 20822 20822 20822 20822 20822 20822 20822 20822 20822 20822 20822 20822 20822 20822 20822 20822 20822 20822 20822 20822 20822 20822 20822 20822 20822 20822 20822 20822 20822 20822 20822 20822 20822 20822 20822 20822 20822 20822 20822 20822 20822 20822 20822 20822 20822 20822 20822 20822 20822 20822 20822 20822 20822 20822 20822 20822 20822 20822 20822 20822 20822 20822 20822 20822 20822 20822 20822 20822 20822 20822 20822 20822 20822 20822 20822 20822 20822 20822 20822 20822 20822 20822 20822 20822 20822 20822 20822 20822 20822 20822 20822 20822 20822 20822 20822 20822 20822 20822 20822 20822 20822 20822 20822 20822 20822 20822 20822 20822 20822 20822 20822 20822 20822 20822 20822 20822 20822 20822 20822 20822 20822 20822 20822 20822 20822 20822 20822 20822 20822 20822 20822 20822 20822 20822 20822 20822 20822 20822 20822 20822 20822 20822 20822 20822 20822 20822 20822 20822 20822 20822 20822 20822 20822 20822 20822 20822 20822 20822 20822 20822 20822 20822 20822 20822 20822 20822 20822 20822 20822 20822 20822 20822 20822 20822 20822 20822 20822 20822 20822 20822 20822 20822 20822 20822 20822 20822 20822 20822 20822 20822 20822 20822 20822 20822 20822 20822 20822 20822 20822 20822 20822 20822 20822 20822 20822 20822 20822 20822 20822 20822 20822 20822 20822 20822 20822 20822 20822 20822 20822 20822 20822 20822 20822 20822 20822 20822 20822 20822 20822 20822 20822 20822 20822 20822 20822 20822 20822 20822 20822 20822 20822 20822 20822 20822 20822 20822 20822 20822 20822 20822 20822 20822 20822 20822 20822 20822 20822 20822 20822 20822 20822 20822 20822 20822 20822 20822 20822 20822 20822 20822 20822 20822 20822 20822 20822 20822 20822 20822 20822 20822 20822 20822 20822 20822 20822 20822 20822 20822 20822 20822 20822 20822 20822 20822 20822 20822 20822 20822 20822 20822 20822 20822 20822 20822 20822 20822 20822 20822 20822 20822 20822 20822 20822 20822 20822 20822 20822 20822 20822 20822 20822 20822 20822 20822 20822 20822 20822 20822 20822 20822 20822 20822 20822 20822 20822 20822 20822 20822 20822 20822 20822 20822 20822 20822 20822 20822 20822 20822 20822 20822 20822 20822 20822 20822 20822 20822 20822 20822 20822 20822 20822 20822 20822 20822 20822 20822 20822 20822 20822 20822 20822 20822 20822 20822 20822 20822 20822 20822 20822 20822 20822 20822 20822 20822 20822 20822 20822 20822 20822 20822 20822 20822 20822 20822 20822 20822 20822 20822 20822 20822 20822 20822 20822 20822 20822 20822 20822 20822 20822 20822 20822 20822 20822 20822 20822 20822 20822 20822 20822 20822 20822 20822 20822 20822 20822 20822 20822 20822 20822 20822 20822 20822 20822 20822 20822 20822 20822 20822 20822 20822 20822 20822 20822 20822 20822 20822 20822 20822 20822 20822 20822 20822 20822 20822 20822 20822 20822 20822 20822 20822 20822 20822 20822 20822 20822 20822 20822 20822 20822 20822 20822 20822 20822 20822 20822 20822 20822 20822 20822 20822 20822 20822 20822 20822 20822 20822 20822 20822 20822 20822 20822 20822 20822 20822 20822 20822 20822 20822 20822 20822 20822 20822 20822 20822 20822 20822 20822 20822 20822 20822 20822 20822 20822 20822 20822 20822 20822 20822 20822 20822 20822 20822 20822 20822 20822 20822 20822 20822 20822 20822 20822 20822 20822 20822 20822 20822 20822 20822 20822 20822 20822 20822 20822 20822 20822 20822 20822 20822 20822 20822 20822 20822 20822 20822 20822 20822 20822 20822 20822 20822 20822 20822 20822 20822 20822 20822 20822 20822 20822 20822 20822 20822 20822 20822 20822 20822 20822 20822 20822 20822 20822 20822 20822 20822 20822 20822 20822 20822 20822 20822 20822 20822 20822 20822 20822 20822 20822 20822 20822 20822 20822 20822 20822 20822 20822 20822 20822 20822 20822 20822 20822 20822 20822 20822 20822 20822 20822 20822 20822 20822 20822 20822 20822 20822 20822 20822 20822 20822 20822 20822 20822 20822 20822 20822 20822 20822 20822 20822 20822 20822 20822 20822 20822 20822 20822 20822 20822 20822 20822 20822 20822 20822 20822 20822 20822 20822 20822 20822 20822 20822 20822 20822 20822 20822 20822 20822 20822 20822 20822 20822 20822 20822 20822 20822 20822 20822 20822 20822 20822 20822 20822 20822 20822 20822 20822 20822 20822 20822 20822 20822 20822 20822 20822 20822 20822 20822 20822 20822 20822 20822 20822 20822 20822 20822 20822 20822 20822 20822 20822 20822 20822 20822 20822 20822 20822 20822 20822 20822 20822 20822 20822 20822 20822 20822 20822 20822 20822 20822 20822 20822 20822 20822 20822 20822 20822 20822 20822 20822 20822 20822 20822 20822 20822 20822 20822 20822 20822 20822 20822 20822 20822 20822 20822 20822 20822 20822 20822 20822 20822 20822 20822 20822 20822 20822 20822 20822 20822 20822 20822 20822 20822 20822 20822 20822 20822 20822 20822 20822 20822 20822 20822 20822 20822 20822 20822 20822 20822 20822 20822 20822 20822 20822 20822 20822 20822 20822 20822 20822 20822 20822 20822 20822 20822 20822 20822 20822 20822 20822 20822 20822 20822 20822 20822 20822 20822 20822 20822 20822 20822 20822 20822 20822 20822 20822 20822 20822 20822 20822 20822 20822 20822 20822 20822 20822 20822 20822 20822 20822 20822 20822 20822 20822 20822 20822 20822 20822 20822 20822 20822 20822 20822 20822 20822 20822 20822 20822 20822 20822 20822 20822 20822 20822 20822 20822 20822 20822 20822 20822 20822 20822 20822 20822 20822 20822 20822 20822 20822 20822 20822 20822 20822 20822 20822 20822 20822 20822 20822 20822 20822 20822 20822 20822 20822 20822 20822 20822 20822 20822 20822 20822 20822 20822 20822 20822 20822 20822 20822 20822 20822 20822 20822 20822 20822 20822 20822 20822 20822 20822 20822 20822 20822 20822 20822 20822 20822 20822 20822 20822 20822 20822 20822 20822 20822 20822 20822 20822 20822 20822 20822 20822 20822 20822 20822 20822 20822 20822 20822 20822 20822 20822 20822 20822 20822 20822 20822 20822 20822 20822 20822 20822 20822 20822 20822 20822 20822 20822 20822 20822 20822 20822 20822 20822 20822 20822 20822 20822 20822 20822 20822 20822 20822 20822 20822 20822 20822 20822 20822 20822 20822 20822 20822 20822 20822 20822 20822 20822 20822 20822 20822 20822 20822 20822 20822 20822 20822 20822 20822 20822 20822 20822 20822 20822 20822 20822 20822 20822 20822 20822 20822 20822 20822 20822 20822 20822 20822 20822 20822 20822 20822 20822 20822 20822 20822 20822 20822 20822 20822 20822 20822 20822 20822 20822 20822 20822 20822 20822 20822 20822 20822 20822 20822 20822 20822 20822 20822 20822 20822 20822 20822 20822 20822 20822 20822 20822 20822 20822 20822 20822 20822 20822 20822 20822 20822 20822 20822 20822 20822 20822 20822 20822 20822 20822 20822 20822 20822 20822 20822 20822 20822 20822 20822 20822 20822 20822 20822 20822 20822 20822 20822 20822 -1 -1 -1 -1 -1 -1 -1 -1 -1 -1 -1 -1 -1 -1 -1 -1 -1</lastValidSample>
      </burst>
      <burst>
        <azimuthTime>2015-05-16T13:34:38.369338</azimuthTime>
        <azimuthAnxTime>2.346141944747070e+03</azimuthAnxTime>
        <sensingTime>2015-05-16T13:34:39.498586</sensingTime>
        <byteOffset>775246832</byteOffset>
        <firstValidSample count="1499">-1 -1 -1 -1 -1 -1 -1 -1 -1 -1 -1 -1 -1 -1 -1 -1 -1 -1 -1 368 368 368 368 368 368 368 368 368 368 368 368 368 368 368 368 368 368 368 368 368 368 368 368 368 368 368 368 368 368 368 368 368 368 368 368 368 368 368 368 368 368 368 368 368 368 368 368 368 368 368 368 368 368 368 368 368 368 368 368 368 368 368 368 368 368 368 368 368 368 368 368 368 368 368 368 368 368 368 368 368 368 368 368 368 368 368 368 368 368 368 368 368 368 368 368 368 368 368 368 368 368 368 368 368 368 368 368 368 368 368 368 368 368 368 368 368 368 368 368 368 368 368 368 368 368 368 368 368 368 368 368 368 368 368 368 368 368 368 368 368 368 368 368 368 368 368 368 368 368 368 368 368 368 368 368 368 368 368 368 368 368 368 368 368 368 368 368 368 368 368 368 368 368 368 368 368 368 368 368 368 368 368 368 368 368 368 368 368 368 368 368 368 368 368 368 368 368 368 368 368 368 368 368 368 368 368 368 368 368 368 368 368 368 368 368 368 368 368 368 368 368 368 368 368 368 368 368 368 368 368 368 368 368 368 368 368 368 368 368 368 368 368 368 368 368 368 368 368 368 368 368 368 368 368 368 368 368 368 368 368 368 368 368 368 368 368 368 368 368 368 368 368 368 368 368 368 368 368 368 368 368 368 368 368 368 368 368 368 368 368 368 368 368 368 368 368 368 368 368 368 368 368 368 368 368 368 368 368 368 368 368 368 368 368 368 368 368 368 368 368 368 368 368 368 368 368 368 368 368 368 368 368 368 368 368 368 368 368 368 368 368 368 368 368 368 368 368 368 368 368 368 368 368 368 368 368 368 368 368 368 368 368 368 368 368 368 368 368 368 368 368 368 368 368 368 368 368 368 368 368 368 368 368 368 368 368 368 368 368 368 368 368 368 368 368 368 368 368 368 368 368 368 368 368 368 368 368 368 368 368 368 368 368 368 368 368 368 368 368 368 368 368 368 368 368 368 368 368 368 368 368 368 368 368 368 368 368 368 368 368 368 368 368 368 368 368 368 368 368 368 368 368 368 368 368 368 368 368 368 368 368 368 368 368 368 368 368 368 368 368 368 368 368 368 368 368 368 368 368 368 368 368 368 368 368 368 368 368 368 368 368 368 368 368 368 368 368 368 368 368 368 368 368 368 368 368 368 368 368 368 368 368 368 368 368 368 368 368 368 368 368 368 368 368 368 368 368 368 368 368 368 368 368 368 368 368 368 368 368 368 368 368 368 368 368 368 368 368 368 368 368 368 368 368 368 368 368 368 368 368 368 368 368 368 368 368 368 368 368 368 368 368 368 368 368 368 368 368 368 368 368 368 368 368 368 368 368 368 368 368 368 368 368 368 368 368 368 368 368 368 368 368 368 368 368 368 368 368 368 368 368 368 368 368 368 368 368 368 368 368 368 368 368 368 368 368 368 368 368 368 368 368 368 368 368 368 368 368 368 368 368 368 368 368 368 368 368 368 368 368 368 368 368 368 368 368 368 368 368 368 368 368 368 368 368 368 368 368 368 368 368 368 368 368 368 368 368 368 368 368 368 368 368 368 368 368 368 368 368 368 368 368 368 368 368 368 368 368 368 368 368 368 368 368 368 368 368 368 368 368 368 368 368 368 368 368 368 368 368 368 368 368 368 368 368 368 368 368 368 368 368 368 368 368 368 368 368 368 368 368 368 368 368 368 368 368 368 368 368 368 368 368 368 368 368 368 368 368 368 368 368 368 368 368 368 368 368 368 368 368 368 368 368 368 368 368 368 368 368 368 368 368 368 368 368 368 368 368 368 368 368 368 368 368 368 368 368 368 368 368 368 368 368 368 368 368 368 368 368 368 368 368 368 368 368 368 368 368 368 368 368 368 368 368 368 368 368 368 368 368 368 368 368 368 368 368 368 368 368 368 368 368 368 368 368 368 368 368 368 368 368 368 368 368 368 368 368 368 368 368 368 368 368 368 368 368 368 368 368 368 368 368 368 368 368 368 368 368 368 368 368 368 368 368 368 368 368 368 368 368 368 368 368 368 368 368 368 368 368 368 368 368 368 368 368 368 368 368 368 368 368 368 368 368 368 368 368 368 368 368 368 368 368 368 368 368 368 368 368 368 368 368 368 368 368 368 368 368 368 368 368 368 368 368 368 368 368 368 368 368 368 368 368 368 368 368 368 368 368 368 368 368 368 368 368 368 368 368 368 368 368 368 368 368 368 368 368 368 368 368 368 368 368 368 368 368 368 368 368 368 368 368 368 368 368 368 368 368 368 368 368 368 368 368 368 368 368 368 368 368 368 368 368 368 368 368 368 368 368 368 368 368 368 368 368 368 368 368 368 368 368 368 368 368 368 368 368 368 368 368 368 368 368 368 368 368 368 368 368 368 368 368 368 368 368 368 368 368 368 368 368 368 368 368 368 368 368 368 368 368 368 368 368 368 368 368 368 368 368 368 368 368 368 368 368 368 368 368 368 368 368 368 368 368 368 368 368 368 368 368 368 368 368 368 368 368 368 368 368 368 368 368 368 368 368 368 368 368 368 368 368 368 368 368 368 368 368 368 368 368 368 368 368 368 368 368 368 368 368 368 368 368 368 368 368 368 368 368 368 368 368 368 368 368 368 368 368 368 368 368 368 368 368 368 368 368 368 368 368 368 368 368 368 368 368 368 368 368 368 368 368 368 368 368 368 368 368 368 368 368 368 368 368 368 368 368 368 368 368 368 368 368 368 368 368 368 368 368 368 368 368 368 368 368 368 368 368 368 368 368 368 368 368 368 368 368 368 368 368 368 368 368 368 368 368 368 368 368 368 368 368 368 368 368 368 368 368 368 368 368 368 368 368 368 368 368 368 368 368 368 368 368 368 368 368 368 368 368 368 368 368 368 368 368 368 368 368 368 368 368 368 368 368 368 368 368 368 368 368 368 368 368 368 368 368 368 368 368 368 368 368 368 368 368 368 368 368 368 368 368 368 368 368 368 368 368 368 368 368 368 368 368 368 368 368 368 368 368 368 368 368 368 368 368 368 368 368 368 368 368 368 368 368 368 368 368 368 368 368 368 368 368 368 368 368 368 368 368 368 368 368 368 368 368 368 368 368 368 368 368 368 368 368 368 368 368 368 368 368 368 368 368 368 368 368 368 368 368 368 368 368 368 368 368 368 368 368 368 368 368 368 368 368 368 368 368 368 368 368 368 368 368 368 368 368 368 368 368 368 368 368 368 368 368 368 368 368 368 368 368 368 368 368 368 368 368 368 368 368 368 368 368 368 368 368 368 368 368 368 368 368 368 368 368 368 368 368 368 368 368 368 368 -1 -1 -1 -1 -1 -1 -1 -1 -1 -1 -1 -1 -1 -1 -1 -1 -1</firstValidSample>
        <lastValidSample count="1499">-1 -1 -1 -1 -1 -1 -1 -1 -1 -1 -1 -1 -1 -1 -1 -1 -1 -1 -1 20822 20822 20822 20822 20822 20822 20822 20822 20822 20822 20822 20822 20822 20822 20822 20822 20822 20822 20822 20822 20822 20822 20822 20822 20822 20822 20822 20822 20822 20822 20822 20822 20822 20822 20822 20822 20822 20822 20822 20822 20822 20822 20822 20822 20822 20822 20822 20822 20822 20822 20822 20822 20822 20822 20822 20822 20822 20822 20822 20822 20822 20822 20822 20822 20822 20822 20822 20822 20822 20822 20822 20822 20822 20822 20822 20822 20822 20822 20822 20822 20822 20822 20822 20822 20822 20822 20822 20822 20822 20822 20822 20822 20822 20822 20822 20822 20822 20822 20822 20822 20822 20822 20822 20822 20822 20822 20822 20822 20822 20822 20822 20822 20822 20822 20822 20822 20822 20822 20822 20822 20822 20822 20822 20822 20822 20822 20822 20822 20822 20822 20822 20822 20822 20822 20822 20822 20822 20822 20822 20822 20822 20822 20822 20822 20822 20822 20822 20822 20822 20822 20822 20822 20822 20822 20822 20822 20822 20822 20822 20822 20822 20822 20822 20822 20822 20822 20822 20822 20822 20822 20822 20822 20822 20822 20822 20822 20822 20822 20822 20822 20822 20822 20822 20822 20822 20822 20822 20822 20822 20822 20822 20822 20822 20822 20822 20822 20822 20822 20822 20822 20822 20822 20822 20822 20822 20822 20822 20822 20822 20822 20822 20822 20822 20822 20822 20822 20822 20822 20822 20822 20822 20822 20822 20822 20822 20822 20822 20822 20822 20822 20822 20822 20822 20822 20822 20822 20822 20822 20822 20822 20822 20822 20822 20822 20822 20822 20822 20822 20822 20822 20822 20822 20822 20822 20822 20822 20822 20822 20822 20822 20822 20822 20822 20822 20822 20822 20822 20822 20822 20822 20822 20822 20822 20822 20822 20822 20822 20822 20822 20822 20822 20822 20822 20822 20822 20822 20822 20822 20822 20822 20822 20822 20822 20822 20822 20822 20822 20822 20822 20822 20822 20822 20822 20822 20822 20822 20822 20822 20822 20822 20822 20822 20822 20822 20822 20822 20822 20822 20822 20822 20822 20822 20822 20822 20822 20822 20822 20822 20822 20822 20822 20822 20822 20822 20822 20822 20822 20822 20822 20822 20822 20822 20822 20822 20822 20822 20822 20822 20822 20822 20822 20822 20822 20822 20822 20822 20822 20822 20822 20822 20822 20822 20822 20822 20822 20822 20822 20822 20822 20822 20822 20822 20822 20822 20822 20822 20822 20822 20822 20822 20822 20822 20822 20822 20822 20822 20822 20822 20822 20822 20822 20822 20822 20822 20822 20822 20822 20822 20822 20822 20822 20822 20822 20822 20822 20822 20822 20822 20822 20822 20822 20822 20822 20822 20822 20822 20822 20822 20822 20822 20822 20822 20822 20822 20822 20822 20822 20822 20822 20822 20822 20822 20822 20822 20822 20822 20822 20822 20822 20822 20822 20822 20822 20822 20822 20822 20822 20822 20822 20822 20822 20822 20822 20822 20822 20822 20822 20822 20822 20822 20822 20822 20822 20822 20822 20822 20822 20822 20822 20822 20822 20822 20822 20822 20822 20822 20822 20822 20822 20822 20822 20822 20822 20822 20822 20822 20822 20822 20822 20822 20822 20822 20822 20822 20822 20822 20822 20822 20822 20822 20822 20822 20822 20822 20822 20822 20822 20822 20822 20822 20822 20822 20822 20822 20822 20822 20822 20822 20822 20822 20822 20822 20822 20822 20822 20822 20822 20822 20822 20822 20822 20822 20822 20822 20822 20822 20822 20822 20822 20822 20822 20822 20822 20822 20822 20822 20822 20822 20822 20822 20822 20822 20822 20822 20822 20822 20822 20822 20822 20822 20822 20822 20822 20822 20822 20822 20822 20822 20822 20822 20822 20822 20822 20822 20822 20822 20822 20822 20822 20822 20822 20822 20822 20822 20822 20822 20822 20822 20822 20822 20822 20822 20822 20822 20822 20822 20822 20822 20822 20822 20822 20822 20822 20822 20822 20822 20822 20822 20822 20822 20822 20822 20822 20822 20822 20822 20822 20822 20822 20822 20822 20822 20822 20822 20822 20822 20822 20822 20822 20822 20822 20822 20822 20822 20822 20822 20822 20822 20822 20822 20822 20822 20822 20822 20822 20822 20822 20822 20822 20822 20822 20822 20822 20822 20822 20822 20822 20822 20822 20822 20822 20822 20822 20822 20822 20822 20822 20822 20822 20822 20822 20822 20822 20822 20822 20822 20822 20822 20822 20822 20822 20822 20822 20822 20822 20822 20822 20822 20822 20822 20822 20822 20822 20822 20822 20822 20822 20822 20822 20822 20822 20822 20822 20822 20822 20822 20822 20822 20822 20822 20822 20822 20822 20822 20822 20822 20822 20822 20822 20822 20822 20822 20822 20822 20822 20822 20822 20822 20822 20822 20822 20822 20822 20822 20822 20822 20822 20822 20822 20822 20822 20822 20822 20822 20822 20822 20822 20822 20822 20822 20822 20822 20822 20822 20822 20822 20822 20822 20822 20822 20822 20822 20822 20822 20822 20822 20822 20822 20822 20822 20822 20822 20822 20822 20822 20822 20822 20822 20822 20822 20822 20822 20822 20822 20822 20822 20822 20822 20822 20822 20822 20822 20822 20822 20822 20822 20822 20822 20822 20822 20822 20822 20822 20822 20822 20822 20822 20822 20822 20822 20822 20822 20822 20822 20822 20822 20822 20822 20822 20822 20822 20822 20822 20822 20822 20822 20822 20822 20822 20822 20822 20822 20822 20822 20822 20822 20822 20822 20822 20822 20822 20822 20822 20822 20822 20822 20822 20822 20822 20822 20822 20822 20822 20822 20822 20822 20822 20822 20822 20822 20822 20822 20822 20822 20822 20822 20822 20822 20822 20822 20822 20822 20822 20822 20822 20822 20822 20822 20822 20822 20822 20822 20822 20822 20822 20822 20822 20822 20822 20822 20822 20822 20822 20822 20822 20822 20822 20822 20822 20822 20822 20822 20822 20822 20822 20822 20822 20822 20822 20822 20822 20822 20822 20822 20822 20822 20822 20822 20822 20822 20822 20822 20822 20822 20822 20822 20822 20822 20822 20822 20822 20822 20822 20822 20822 20822 20822 20822 20822 20822 20822 20822 20822 20822 20822 20822 20822 20822 20822 20822 20822 20822 20822 20822 20822 20822 20822 20822 20822 20822 20822 20822 20822 20822 20822 20822 20822 20822 20822 20822 20822 20822 20822 20822 20822 20822 20822 20822 20822 20822 20822 20822 20822 20822 20822 20822 20822 20822 20822 20822 20822 20822 20822 20822 20822 20822 20822 20822 20822 20822 20822 20822 20822 20822 20822 20822 20822 20822 20822 20822 20822 20822 20822 20822 20822 20822 20822 20822 20822 20822 20822 20822 20822 20822 20822 20822 20822 20822 20822 20822 20822 20822 20822 20822 20822 20822 20822 20822 20822 20822 20822 20822 20822 20822 20822 20822 20822 20822 20822 20822 20822 20822 20822 20822 20822 20822 20822 20822 20822 20822 20822 20822 20822 20822 20822 20822 20822 20822 20822 20822 20822 20822 20822 20822 20822 20822 20822 20822 20822 20822 20822 20822 20822 20822 20822 20822 20822 20822 20822 20822 20822 20822 20822 20822 20822 20822 20822 20822 20822 20822 20822 20822 20822 20822 20822 20822 20822 20822 20822 20822 20822 20822 20822 20822 20822 20822 20822 20822 20822 20822 20822 20822 20822 20822 20822 20822 20822 20822 20822 20822 20822 20822 20822 20822 20822 20822 20822 20822 20822 20822 20822 20822 20822 20822 20822 20822 20822 20822 20822 20822 20822 20822 20822 20822 20822 20822 20822 20822 20822 20822 20822 20822 20822 20822 20822 20822 20822 20822 20822 20822 20822 20822 20822 20822 20822 20822 20822 20822 20822 20822 20822 20822 20822 20822 20822 20822 20822 20822 20822 20822 20822 20822 20822 20822 20822 20822 20822 20822 20822 20822 20822 20822 20822 20822 20822 20822 20822 20822 20822 20822 20822 20822 20822 20822 20822 20822 20822 20822 20822 20822 20822 20822 20822 20822 20822 20822 20822 20822 20822 20822 20822 20822 20822 20822 20822 20822 20822 20822 20822 20822 20822 20822 20822 20822 20822 20822 20822 20822 20822 20822 20822 20822 20822 20822 20822 20822 20822 20822 20822 20822 20822 20822 20822 20822 20822 20822 20822 20822 20822 20822 20822 20822 20822 20822 20822 20822 20822 20822 20822 20822 20822 20822 20822 20822 20822 20822 20822 20822 20822 20822 20822 20822 20822 20822 20822 20822 20822 20822 20822 20822 20822 20822 20822 20822 20822 20822 20822 20822 20822 20822 20822 20822 20822 20822 20822 20822 20822 20822 20822 20822 20822 20822 20822 20822 20822 20822 20822 20822 20822 20822 20822 20822 20822 20822 20822 20822 20822 20822 20822 20822 20822 20822 20822 20822 20822 20822 20822 20822 20822 20822 20822 20822 20822 20822 20822 20822 20822 20822 20822 20822 20822 20822 20822 20822 20822 20822 20822 20822 20822 20822 20822 20822 20822 20822 20822 20822 20822 20822 20822 20822 20822 20822 20822 20822 20822 20822 20822 20822 20822 20822 20822 20822 20822 20822 20822 20822 20822 20822 20822 20822 20822 20822 20822 20822 20822 20822 20822 20822 20822 20822 20822 20822 20822 20822 20822 20822 20822 20822 20822 20822 20822 20822 20822 20822 20822 20822 20822 20822 20822 20822 20822 20822 20822 20822 20822 20822 20822 20822 20822 20822 20822 20822 20822 20822 20822 20822 20822 20822 20822 20822 20822 20822 20822 20822 20822 20822 20822 20822 20822 20822 20822 20822 20822 -1 -1 -1 -1 -1 -1 -1 -1 -1 -1 -1 -1 -1 -1 -1 -1 -1</lastValidSample>
      </burst>
      <burst>
        <azimuthTime>2015-05-16T13:34:41.123793</azimuthTime>
        <azimuthAnxTime>2.348896400313477e+03</azimuthAnxTime>
        <sensingTime>2015-05-16T13:34:42.256863</sensingTime>
        <byteOffset>904454636</byteOffset>
        <firstValidSample count="1499">-1 -1 -1 -1 -1 -1 -1 -1 -1 -1 -1 -1 -1 -1 -1 -1 -1 -1 -1 -1 368 368 368 368 368 368 368 368 368 368 368 368 368 368 368 368 368 368 368 368 368 368 368 368 368 368 368 368 368 368 368 368 368 368 368 368 368 368 368 368 368 368 368 368 368 368 368 368 368 368 368 368 368 368 368 368 368 368 368 368 368 368 368 368 368 368 368 368 368 368 368 368 368 368 368 368 368 368 368 368 368 368 368 368 368 368 368 368 368 368 368 368 368 368 368 368 368 368 368 368 368 368 368 368 368 368 368 368 368 368 368 368 368 368 368 368 368 368 368 368 368 368 368 368 368 368 368 368 368 368 368 368 368 368 368 368 368 368 368 368 368 368 368 368 368 368 368 368 368 368 368 368 368 368 368 368 368 368 368 368 368 368 368 368 368 368 368 368 368 368 368 368 368 368 368 368 368 368 368 368 368 368 368 368 368 368 368 368 368 368 368 368 368 368 368 368 368 368 368 368 368 368 368 368 368 368 368 368 368 368 368 368 368 368 368 368 368 368 368 368 368 368 368 368 368 368 368 368 368 368 368 368 368 368 368 368 368 368 368 368 368 368 368 368 368 368 368 368 368 368 368 368 368 368 368 368 368 368 368 368 368 368 368 368 368 368 368 368 368 368 368 368 368 368 368 368 368 368 368 368 368 368 368 368 368 368 368 368 368 368 368 368 368 368 368 368 368 368 368 368 368 368 368 368 368 368 368 368 368 368 368 368 368 368 368 368 368 368 368 368 368 368 368 368 368 368 368 368 368 368 368 368 368 368 368 368 368 368 368 368 368 368 368 368 368 368 368 368 368 368 368 368 368 368 368 368 368 368 368 368 368 368 368 368 368 368 368 368 368 368 368 368 368 368 368 368 368 368 368 368 368 368 368 368 368 368 368 368 368 368 368 368 368 368 368 368 368 368 368 368 368 368 368 368 368 368 368 368 368 368 368 368 368 368 368 368 368 368 368 368 368 368 368 368 368 368 368 368 368 368 368 368 368 368 368 368 368 368 368 368 368 368 368 368 368 368 368 368 368 368 368 368 368 368 368 368 368 368 368 368 368 368 368 368 368 368 368 368 368 368 368 368 368 368 368 368 368 368 368 368 368 368 368 368 368 368 368 368 368 368 368 368 368 368 368 368 368 368 368 368 368 368 368 368 368 368 368 368 368 368 368 368 368 368 368 368 368 368 368 368 368 368 368 368 368 368 368 368 368 368 368 368 368 368 368 368 368 368 368 368 368 368 368 368 368 368 368 368 368 368 368 368 368 368 368 368 368 368 368 368 368 368 368 368 368 368 368 368 368 368 368 368 368 368 368 368 368 368 368 368 368 368 368 368 368 368 368 368 368 368 368 368 368 368 368 368 368 368 368 368 368 368 368 368 368 368 368 368 368 368 368 368 368 368 368 368 368 368 368 368 368 368 368 368 368 368 368 368 368 368 368 368 368 368 368 368 368 368 368 368 368 368 368 368 368 368 368 368 368 368 368 368 368 368 368 368 368 368 368 368 368 368 368 368 368 368 368 368 368 368 368 368 368 368 368 368 368 368 368 368 368 368 368 368 368 368 368 368 368 368 368 368 368 368 368 368 368 368 368 368 368 368 368 368 368 368 368 368 368 368 368 368 368 368 368 368 368 368 368 368 368 368 368 368 368 368 368 368 368 368 368 368 368 368 368 368 368 368 368 368 368 368 368 368 368 368 368 368 368 368 368 368 368 368 368 368 368 368 368 368 368 368 368 368 368 368 368 368 368 368 368 368 368 368 368 368 368 368 368 368 368 368 368 368 368 368 368 368 368 368 368 368 368 368 368 368 368 368 368 368 368 368 368 368 368 368 368 368 368 368 368 368 368 368 368 368 368 368 368 368 368 368 368 368 368 368 368 368 368 368 368 368 368 368 368 368 368 368 368 368 368 368 368 368 368 368 368 368 368 368 368 368 368 368 368 368 368 368 368 368 368 368 368 368 368 368 368 368 368 368 368 368 368 368 368 368 368 368 368 368 368 368 368 368 368 368 368 368 368 368 368 368 368 368 368 368 368 368 368 368 368 368 368 368 368 368 368 368 368 368 368 368 368 368 368 368 368 368 368 368 368 368 368 368 368 368 368 368 368 368 368 368 368 368 368 368 368 368 368 368 368 368 368 368 368 368 368 368 368 368 368 368 368 368 368 368 368 368 368 368 368 368 368 368 368 368 368 368 368 368 368 368 368 368 368 368 368 368 368 368 368 368 368 368 368 368 368 368 368 368 368 368 368 368 368 368 368 368 368 368 368 368 368 368 368 368 368 368 368 368 368 368 368 368 368 368 368 368 368 368 368 368 368 368 368 368 368 368 368 368 368 368 368 368 368 368 368 368 368 368 368 368 368 368 368 368 368 368 368 368 368 368 368 368 368 368 368 368 368 368 368 368 368 368 368 368 368 368 368 368 368 368 368 368 368 368 368 368 368 368 368 368 368 368 368 368 368 368 368 368 368 368 368 368 368 368 368 368 368 368 368 368 368 368 368 368 368 368 368 368 368 368 368 368 368 368 368 368 368 368 368 368 368 368 368 368 368 368 368 368 368 368 368 368 368 368 368 368 368 368 368 368 368 368 368 368 368 368 368 368 368 368 368 368 368 368 368 368 368 368 368 368 368 368 368 368 368 368 368 368 368 368 368 368 368 368 368 368 368 368 368 368 368 368 368 368 368 368 368 368 368 368 368 368 368 368 368 368 368 368 368 368 368 368 368 368 368 368 368 368 368 368 368 368 368 368 368 368 368 368 368 368 368 368 368 368 368 368 368 368 368 368 368 368 368 368 368 368 368 368 368 368 368 368 368 368 368 368 368 368 368 368 368 368 368 368 368 368 368 368 368 368 368 368 368 368 368 368 368 368 368 368 368 368 368 368 368 368 368 368 368 368 368 368 368 368 368 368 368 368 368 368 368 368 368 368 368 368 368 368 368 368 368 368 368 368 368 368 368 368 368 368 368 368 368 368 368 368 368 368 368 368 368 368 368 368 368 368 368 368 368 368 368 368 368 368 368 368 368 368 368 368 368 368 368 368 368 368 368 368 368 368 368 368 368 368 368 368 368 368 368 368 368 368 368 368 368 368 368 368 368 368 368 368 368 368 368 368 368 368 368 368 368 368 368 368 368 368 368 368 368 368 368 368 368 368 368 368 368 368 368 368 368 368 368 368 368 368 368 368 368 368 368 368 368 368 368 368 368 368 368 368 368 368 368 368 368 368 368 368 368 368 368 368 368 368 368 368 368 368 368 368 368 368 368 368 368 368 368 368 368 368 368 368 368 368 368 368 368 368 368 368 368 -1 -1 -1 -1 -1 -1 -1 -1 -1 -1 -1 -1 -1 -1 -1 -1</firstValidSample>
        <lastValidSample count="1499">-1 -1 -1 -1 -1 -1 -1 -1 -1 -1 -1 -1 -1 -1 -1 -1 -1 -1 -1 -1 20822 20822 20822 20822 20822 20822 20822 20822 20822 20822 20822 20822 20822 20822 20822 20822 20822 20822 20822 20822 20822 20822 20822 20822 20822 20822 20822 20822 20822 20822 20822 20822 20822 20822 20822 20822 20822 20822 20822 20822 20822 20822 20822 20822 20822 20822 20822 20822 20822 20822 20822 20822 20822 20822 20822 20822 20822 20822 20822 20822 20822 20822 20822 20822 20822 20822 20822 20822 20822 20822 20822 20822 20822 20822 20822 20822 20822 20822 20822 20822 20822 20822 20822 20822 20822 20822 20822 20822 20822 20822 20822 20822 20822 20822 20822 20822 20822 20822 20822 20822 20822 20822 20822 20822 20822 20822 20822 20822 20822 20822 20822 20822 20822 20822 20822 20822 20822 20822 20822 20822 20822 20822 20822 20822 20822 20822 20822 20822 20822 20822 20822 20822 20822 20822 20822 20822 20822 20822 20822 20822 20822 20822 20822 20822 20822 20822 20822 20822 20822 20822 20822 20822 20822 20822 20822 20822 20822 20822 20822 20822 20822 20822 20822 20822 20822 20822 20822 20822 20822 20822 20822 20822 20822 20822 20822 20822 20822 20822 20822 20822 20822 20822 20822 20822 20822 20822 20822 20822 20822 20822 20822 20822 20822 20822 20822 20822 20822 20822 20822 20822 20822 20822 20822 20822 20822 20822 20822 20822 20822 20822 20822 20822 20822 20822 20822 20822 20822 20822 20822 20822 20822 20822 20822 20822 20822 20822 20822 20822 20822 20822 20822 20822 20822 20822 20822 20822 20822 20822 20822 20822 20822 20822 20822 20822 20822 20822 20822 20822 20822 20822 20822 20822 20822 20822 20822 20822 20822 20822 20822 20822 20822 20822 20822 20822 20822 20822 20822 20822 20822 20822 20822 20822 20822 20822 20822 20822 20822 20822 20822 20822 20822 20822 20822 20822 20822 20822 20822 20822 20822 20822 20822 20822 20822 20822 20822 20822 20822 20822 20822 20822 20822 20822 20822 20822 20822 20822 20822 20822 20822 20822 20822 20822 20822 20822 20822 20822 20822 20822 20822 20822 20822 20822 20822 20822 20822 20822 20822 20822 20822 20822 20822 20822 20822 20822 20822 20822 20822 20822 20822 20822 20822 20822 20822 20822 20822 20822 20822 20822 20822 20822 20822 20822 20822 20822 20822 20822 20822 20822 20822 20822 20822 20822 20822 20822 20822 20822 20822 20822 20822 20822 20822 20822 20822 20822 20822 20822 20822 20822 20822 20822 20822 20822 20822 20822 20822 20822 20822 20822 20822 20822 20822 20822 20822 20822 20822 20822 20822 20822 20822 20822 20822 20822 20822 20822 20822 20822 20822 20822 20822 20822 20822 20822 20822 20822 20822 20822 20822 20822 20822 20822 20822 20822 20822 20822 20822 20822 20822 20822 20822 20822 20822 20822 20822 20822 20822 20822 20822 20822 20822 20822 20822 20822 20822 20822 20822 20822 20822 20822 20822 20822 20822 20822 20822 20822 20822 20822 20822 20822 20822 20822 20822 20822 20822 20822 20822 20822 20822 20822 20822 20822 20822 20822 20822 20822 20822 20822 20822 20822 20822 20822 20822 20822 20822 20822 20822 20822 20822 20822 20822 20822 20822 20822 20822 20822 20822 20822 20822 20822 20822 20822 20822 20822 20822 20822 20822 20822 20822 20822 20822 20822 20822 20822 20822 20822 20822 20822 20822 20822 20822 20822 20822 20822 20822 20822 20822 20822 20822 20822 20822 20822 20822 20822 20822 20822 20822 20822 20822 20822 20822 20822 20822 20822 20822 20822 20822 20822 20822 20822 20822 20822 20822 20822 20822 20822 20822 20822 20822 20822 20822 20822 20822 20822 20822 20822 20822 20822 20822 20822 20822 20822 20822 20822 20822 20822 20822 20822 20822 20822 20822 20822 20822 20822 20822 20822 20822 20822 20822 20822 20822 20822 20822 20822 20822 20822 20822 20822 20822 20822 20822 20822 20822 20822 20822 20822 20822 20822 20822 20822 20822 20822 20822 20822 20822 20822 20822 20822 20822 20822 20822 20822 20822 20822 20822 20822 20822 20822 20822 20822 20822 20822 20822 20822 20822 20822 20822 20822 20822 20822 20822 20822 20822 20822 20822 20822 20822 20822 20822 20822 20822 20822 20822 20822 20822 20822 20822 20822 20822 20822 20822 20822 20822 20822 20822 20822 20822 20822 20822 20822 20822 20822 20822 20822 20822 20822 20822 20822 20822 20822 20822 20822 20822 20822 20822 20822 20822 20822 20822 20822 20822 20822 20822 20822 20822 20822 20822 20822 20822 20822 20822 20822 20822 20822 20822 20822 20822 20822 20822 20822 20822 20822 20822 20822 20822 20822 20822 20822 20822 20822 20822 20822 20822 20822 20822 20822 20822 20822 20822 20822 20822 20822 20822 20822 20822 20822 20822 20822 20822 20822 20822 20822 20822 20822 20822 20822 20822 20822 20822 20822 20822 20822 20822 20822 20822 20822 20822 20822 20822 20822 20822 20822 20822 20822 20822 20822 20822 20822 20822 20822 20822 20822 20822 20822 20822 20822 20822 20822 20822 20822 20822 20822 20822 20822 20822 20822 20822 20822 20822 20822 20822 20822 20822 20822 20822 20822 20822 20822 20822 20822 20822 20822 20822 20822 20822 20822 20822 20822 20822 20822 20822 20822 20822 20822 20822 20822 20822 20822 20822 20822 20822 20822 20822 20822 20822 20822 20822 20822 20822 20822 20822 20822 20822 20822 20822 20822 20822 20822 20822 20822 20822 20822 20822 20822 20822 20822 20822 20822 20822 20822 20822 20822 20822 20822 20822 20822 20822 20822 20822 20822 20822 20822 20822 20822 20822 20822 20822 20822 20822 20822 20822 20822 20822 20822 20822 20822 20822 20822 20822 20822 20822 20822 20822 20822 20822 20822 20822 20822 20822 20822 20822 20822 20822 20822 20822 20822 20822 20822 20822 20822 20822 20822 20822 20822 20822 20822 20822 20822 20822 20822 20822 20822 20822 20822 20822 20822 20822 20822 20822 20822 20822 20822 20822 20822 20822 20822 20822 20822 20822 20822 20822 20822 20822 20822 20822 20822 20822 20822 20822 20822 20822 20822 20822 20822 20822 20822 20822 20822 20822 20822 20822 20822 20822 20822 20822 20822 20822 20822 20822 20822 20822 20822 20822 20822 20822 20822 20822 20822 20822 20822 20822 20822 20822 20822 20822 20822 20822 20822 20822 20822 20822 20822 20822 20822 20822 20822 20822 20822 20822 20822 20822 20822 20822 20822 20822 20822 20822 20822 20822 20822 20822 20822 20822 20822 20822 20822 20822 20822 20822 20822 20822 20822 20822 20822 20822 20822 20822 20822 20822 20822 20822 20822 20822 20822 20822 20822 20822 20822 20822 20822 20822 20822 20822 20822 20822 20822 20822 20822 20822 20822 20822 20822 20822 20822 20822 20822 20822 20822 20822 20822 20822 20822 20822 20822 20822 20822 20822 20822 20822 20822 20822 20822 20822 20822 20822 20822 20822 20822 20822 20822 20822 20822 20822 20822 20822 20822 20822 20822 20822 20822 20822 20822 20822 20822 20822 20822 20822 20822 20822 20822 20822 20822 20822 20822 20822 20822 20822 20822 20822 20822 20822 20822 20822 20822 20822 20822 20822 20822 20822 20822 20822 20822 20822 20822 20822 20822 20822 20822 20822 20822 20822 20822 20822 20822 20822 20822 20822 20822 20822 20822 20822 20822 20822 20822 20822 20822 20822 20822 20822 20822 20822 20822 20822 20822 20822 20822 20822 20822 20822 20822 20822 20822 20822 20822 20822 20822 20822 20822 20822 20822 20822 20822 20822 20822 20822 20822 20822 20822 20822 20822 20822 20822 20822 20822 20822 20822 20822 20822 20822 20822 20822 20822 20822 20822 20822 20822 20822 20822 20822 20822 20822 20822 20822 20822 20822 20822 20822 20822 20822 20822 20822 20822 20822 20822 20822 20822 20822 20822 20822 20822 20822 20822 20822 20822 20822 20822 20822 20822 20822 20822 20822 20822 20822 20822 20822 20822 20822 20822 20822 20822 20822 20822 20822 20822 20822 20822 20822 20822 20822 20822 20822 20822 20822 20822 20822 20822 20822 20822 20822 20822 20822 20822 20822 20822 20822 20822 20822 20822 20822 20822 20822 20822 20822 20822 20822 20822 20822 20822 20822 20822 20822 20822 20822 20822 20822 20822 20822 20822 20822 20822 20822 20822 20822 20822 20822 20822 20822 20822 20822 20822 20822 20822 20822 20822 20822 20822 20822 20822 20822 20822 20822 20822 20822 20822 20822 20822 20822 20822 20822 20822 20822 20822 20822 20822 20822 20822 20822 20822 20822 20822 20822 20822 20822 20822 20822 20822 20822 20822 20822 20822 20822 20822 20822 20822 20822 20822 20822 20822 20822 20822 20822 20822 20822 20822 20822 20822 20822 20822 20822 20822 20822 20822 20822 20822 20822 20822 20822 20822 20822 20822 20822 20822 20822 20822 20822 20822 20822 20822 20822 20822 20822 20822 20822 20822 20822 20822 20822 20822 20822 20822 20822 20822 20822 20822 20822 20822 20822 20822 20822 20822 20822 20822 20822 20822 20822 20822 20822 20822 20822 20822 20822 20822 20822 20822 20822 20822 20822 20822 20822 20822 20822 20822 20822 20822 20822 20822 20822 20822 20822 20822 20822 20822 20822 20822 20822 20822 20822 20822 20822 20822 20822 20822 20822 20822 20822 20822 20822 20822 20822 20822 20822 20822 20822 20822 20822 20822 20822 20822 20822 20822 20822 20822 20822 20822 20822 20822 20822 20822 20822 20822 20822 20822 20822 20822 20822 -1 -1 -1 -1 -1 -1 -1 -1 -1 -1 -1 -1 -1 -1 -1 -1</lastValidSample>
      </burst>
      <burst>
        <azimuthTime>2015-05-16T13:34:43.884398</azimuthTime>
        <azimuthAnxTime>2.351657005171875e+03</azimuthAnxTime>
        <sensingTime>2015-05-16T13:34:45.015140</sensingTime>
        <byteOffset>1033662440</byteOffset>
        <firstValidSample count="1499">-1 -1 -1 -1 -1 -1 -1 -1 -1 -1 -1 -1 -1 -1 -1 -1 -1 -1 -1 286 286 286 286 286 286 286 286 286 286 286 286 286 286 286 286 286 286 286 286 286 286 286 286 286 286 286 286 286 286 286 286 286 286 286 286 286 286 286 286 286 286 286 286 286 286 286 286 286 286 286 286 286 286 286 286 286 286 286 286 286 286 286 286 286 286 286 286 286 286 286 286 286 286 286 286 286 286 286 286 286 286 286 286 286 286 286 286 286 286 286 286 286 286 286 286 286 286 286 286 286 286 286 286 286 286 286 286 286 286 286 286 286 286 286 286 286 286 286 286 286 286 286 286 286 286 286 286 286 286 286 286 286 286 286 286 286 286 286 286 286 286 286 286 286 286 286 286 286 286 286 286 286 286 286 286 286 286 286 286 286 286 286 286 286 286 286 286 286 286 286 286 286 286 286 286 286 286 286 286 286 286 286 286 286 286 286 286 286 286 286 286 286 286 286 286 286 286 286 286 286 286 286 286 286 286 286 286 286 286 286 286 286 286 286 286 286 286 286 286 286 286 286 286 286 286 286 286 286 286 286 286 286 286 286 286 286 286 286 286 286 286 286 286 286 286 286 286 286 286 286 286 286 286 286 286 286 286 286 286 286 286 286 286 286 286 286 286 286 286 286 286 286 286 286 286 286 286 286 286 286 286 286 286 286 286 286 286 286 286 286 286 286 286 286 286 286 286 286 286 286 286 286 286 286 286 286 286 286 286 286 286 286 286 286 286 286 286 286 286 286 286 286 286 286 286 286 286 286 286 286 286 286 286 286 286 286 286 286 286 286 286 286 286 286 286 286 286 286 286 286 286 286 286 286 286 286 286 286 286 286 286 286 286 286 286 286 286 286 286 286 286 286 286 286 286 286 286 286 286 286 286 286 286 286 286 286 286 286 286 286 286 286 286 286 286 286 286 286 286 286 286 286 286 286 286 286 286 286 286 286 286 286 286 286 286 286 286 286 286 286 286 286 286 286 286 286 286 286 286 286 286 286 286 286 286 286 286 286 286 286 286 286 286 286 286 286 286 286 286 286 286 286 286 286 286 286 286 286 286 286 286 286 286 286 286 286 286 286 286 286 286 286 286 286 286 286 286 286 286 286 286 286 286 286 286 286 286 286 286 286 286 286 286 286 286 286 286 286 286 286 286 286 286 286 286 286 286 286 286 286 286 286 286 286 286 286 286 286 286 286 286 286 286 286 286 286 286 286 286 286 286 286 286 286 286 286 286 286 286 286 286 286 286 286 286 286 286 286 286 286 286 286 286 286 286 286 286 286 286 286 286 286 286 286 286 286 286 286 286 286 286 286 286 286 286 286 286 286 286 286 286 286 286 286 286 286 286 286 286 286 286 286 286 286 286 286 286 286 286 286 286 286 286 286 286 286 286 286 286 286 286 286 286 286 286 286 286 286 286 286 286 286 286 286 286 286 286 286 286 286 286 286 286 286 286 286 286 286 286 286 286 286 286 286 286 286 286 286 286 286 286 286 286 286 286 286 286 286 286 286 286 286 286 286 286 286 286 286 286 286 286 286 286 286 286 286 286 286 286 286 286 286 286 286 286 286 286 286 286 286 286 286 286 286 286 286 286 286 286 286 286 286 286 286 286 286 286 286 286 286 286 286 286 286 286 286 286 286 286 286 286 286 286 286 286 286 286 286 286 286 286 286 286 286 286 286 286 286 286 286 286 286 286 286 286 286 286 286 286 286 286 286 286 286 286 286 286 286 286 286 286 286 286 286 286 286 286 286 286 286 286 286 286 286 286 286 286 286 286 286 286 286 286 286 286 286 286 286 286 286 286 286 286 286 286 286 286 286 286 286 286 286 286 286 286 286 286 286 286 286 286 286 286 286 286 286 286 286 286 286 286 286 286 286 286 286 286 286 286 286 286 286 286 286 286 286 286 286 286 286 286 286 286 286 286 286 286 286 286 286 286 286 286 286 286 286 286 286 286 286 286 286 286 286 286 286 286 286 286 286 286 286 286 286 286 286 286 286 286 286 286 286 286 286 286 286 286 286 286 286 286 286 286 286 286 286 286 286 286 286 286 286 286 286 286 286 286 286 286 286 286 286 286 286 286 286 286 286 286 286 286 286 286 286 286 286 286 286 286 286 286 286 286 286 286 286 286 286 286 286 286 286 286 286 286 286 286 286 286 286 286 286 286 286 286 286 286 286 286 286 286 286 286 286 286 286 286 286 286 286 286 286 286 286 286 286 286 286 286 286 286 286 286 286 286 286 286 286 286 286 286 286 286 286 286 286 286 286 286 286 286 286 286 286 286 286 286 286 286 286 286 286 286 286 286 286 286 286 286 286 286 286 286 286 286 286 286 286 286 286 286 286 286 286 286 286 286 286 286 286 286 286 286 286 286 286 286 286 286 286 286 286 286 286 286 286 286 286 286 286 286 286 286 286 286 286 286 286 286 286 286 286 286 286 286 286 286 286 286 286 286 286 286 286 286 286 286 286 286 286 286 286 286 286 286 286 286 286 286 286 286 286 286 286 286 286 286 286 286 286 286 286 286 286 286 286 286 286 286 286 286 286 286 286 286 286 286 286 286 286 286 286 286 286 286 286 286 286 286 286 286 286 286 286 286 286 286 286 286 286 286 286 286 286 286 286 286 286 286 286 286 286 286 286 286 286 286 286 286 286 286 286 286 286 286 286 286 286 286 286 286 286 286 286 286 286 286 286 286 286 286 286 286 286 286 286 286 286 286 286 286 286 286 286 286 286 286 286 286 286 286 286 286 286 286 286 286 286 286 286 286 286 286 286 286 286 286 286 286 286 286 286 286 286 286 286 286 286 286 286 286 286 286 286 286 286 286 286 286 286 286 286 286 286 286 286 286 286 286 286 286 286 286 286 286 286 286 286 286 286 286 286 286 286 286 286 286 286 286 286 286 286 286 286 286 286 286 286 286 286 286 286 286 286 286 286 286 286 286 286 286 286 286 286 286 286 286 286 286 286 286 286 286 286 286 286 286 286 286 286 286 286 286 286 286 286 286 286 286 286 286 286 286 286 286 286 286 286 286 286 286 286 286 286 286 286 286 286 286 286 286 286 286 286 286 286 286 286 286 286 286 286 286 286 286 286 286 286 286 286 286 286 286 286 286 286 286 286 286 286 286 286 286 286 286 286 286 286 286 286 286 286 286 286 286 286 286 286 286 286 286 286 286 286 286 286 286 286 286 286 286 286 286 286 286 286 286 286 286 286 286 286 286 286 286 286 286 286 286 286 286 286 286 286 286 286 286 286 286 286 286 286 286 286 286 286 286 286 286 286 286 286 286 286 286 286 286 286 286 286 286 286 -1 -1 -1 -1 -1 -1 -1 -1 -1 -1 -1 -1 -1 -1 -1 -1 -1</firstValidSample>
        <lastValidSample count="1499">-1 -1 -1 -1 -1 -1 -1 -1 -1 -1 -1 -1 -1 -1 -1 -1 -1 -1 -1 20740 20740 20740 20740 20740 20740 20740 20740 20740 20740 20740 20740 20740 20740 20740 20740 20740 20740 20740 20740 20740 20740 20740 20740 20740 20740 20740 20740 20740 20740 20740 20740 20740 20740 20740 20740 20740 20740 20740 20740 20740 20740 20740 20740 20740 20740 20740 20740 20740 20740 20740 20740 20740 20740 20740 20740 20740 20740 20740 20740 20740 20740 20740 20740 20740 20740 20740 20740 20740 20740 20740 20740 20740 20740 20740 20740 20740 20740 20740 20740 20740 20740 20740 20740 20740 20740 20740 20740 20740 20740 20740 20740 20740 20740 20740 20740 20740 20740 20740 20740 20740 20740 20740 20740 20740 20740 20740 20740 20740 20740 20740 20740 20740 20740 20740 20740 20740 20740 20740 20740 20740 20740 20740 20740 20740 20740 20740 20740 20740 20740 20740 20740 20740 20740 20740 20740 20740 20740 20740 20740 20740 20740 20740 20740 20740 20740 20740 20740 20740 20740 20740 20740 20740 20740 20740 20740 20740 20740 20740 20740 20740 20740 20740 20740 20740 20740 20740 20740 20740 20740 20740 20740 20740 20740 20740 20740 20740 20740 20740 20740 20740 20740 20740 20740 20740 20740 20740 20740 20740 20740 20740 20740 20740 20740 20740 20740 20740 20740 20740 20740 20740 20740 20740 20740 20740 20740 20740 20740 20740 20740 20740 20740 20740 20740 20740 20740 20740 20740 20740 20740 20740 20740 20740 20740 20740 20740 20740 20740 20740 20740 20740 20740 20740 20740 20740 20740 20740 20740 20740 20740 20740 20740 20740 20740 20740 20740 20740 20740 20740 20740 20740 20740 20740 20740 20740 20740 20740 20740 20740 20740 20740 20740 20740 20740 20740 20740 20740 20740 20740 20740 20740 20740 20740 20740 20740 20740 20740 20740 20740 20740 20740 20740 20740 20740 20740 20740 20740 20740 20740 20740 20740 20740 20740 20740 20740 20740 20740 20740 20740 20740 20740 20740 20740 20740 20740 20740 20740 20740 20740 20740 20740 20740 20740 20740 20740 20740 20740 20740 20740 20740 20740 20740 20740 20740 20740 20740 20740 20740 20740 20740 20740 20740 20740 20740 20740 20740 20740 20740 20740 20740 20740 20740 20740 20740 20740 20740 20740 20740 20740 20740 20740 20740 20740 20740 20740 20740 20740 20740 20740 20740 20740 20740 20740 20740 20740 20740 20740 20740 20740 20740 20740 20740 20740 20740 20740 20740 20740 20740 20740 20740 20740 20740 20740 20740 20740 20740 20740 20740 20740 20740 20740 20740 20740 20740 20740 20740 20740 20740 20740 20740 20740 20740 20740 20740 20740 20740 20740 20740 20740 20740 20740 20740 20740 20740 20740 20740 20740 20740 20740 20740 20740 20740 20740 20740 20740 20740 20740 20740 20740 20740 20740 20740 20740 20740 20740 20740 20740 20740 20740 20740 20740 20740 20740 20740 20740 20740 20740 20740 20740 20740 20740 20740 20740 20740 20740 20740 20740 20740 20740 20740 20740 20740 20740 20740 20740 20740 20740 20740 20740 20740 20740 20740 20740 20740 20740 20740 20740 20740 20740 20740 20740 20740 20740 20740 20740 20740 20740 20740 20740 20740 20740 20740 20740 20740 20740 20740 20740 20740 20740 20740 20740 20740 20740 20740 20740 20740 20740 20740 20740 20740 20740 20740 20740 20740 20740 20740 20740 20740 20740 20740 20740 20740 20740 20740 20740 20740 20740 20740 20740 20740 20740 20740 20740 20740 20740 20740 20740 20740 20740 20740 20740 20740 20740 20740 20740 20740 20740 20740 20740 20740 20740 20740 20740 20740 20740 20740 20740 20740 20740 20740 20740 20740 20740 20740 20740 20740 20740 20740 20740 20740 20740 20740 20740 20740 20740 20740 20740 20740 20740 20740 20740 20740 20740 20740 20740 20740 20740 20740 20740 20740 20740 20740 20740 20740 20740 20740 20740 20740 20740 20740 20740 20740 20740 20740 20740 20740 20740 20740 20740 20740 20740 20740 20740 20740 20740 20740 20740 20740 20740 20740 20740 20740 20740 20740 20740 20740 20740 20740 20740 20740 20740 20740 20740 20740 20740 20740 20740 20740 20740 20740 20740 20740 20740 20740 20740 20740 20740 20740 20740 20740 20740 20740 20740 20740 20740 20740 20740 20740 20740 20740 20740 20740 20740 20740 20740 20740 20740 20740 20740 20740 20740 20740 20740 20740 20740 20740 20740 20740 20740 20740 20740 20740 20740 20740 20740 20740 20740 20740 20740 20740 20740 20740 20740 20740 20740 20740 20740 20740 20740 20740 20740 20740 20740 20740 20740 20740 20740 20740 20740 20740 20740 20740 20740 20740 20740 20740 20740 20740 20740 20740 20740 20740 20740 20740 20740 20740 20740 20740 20740 20740 20740 20740 20740 20740 20740 20740 20740 20740 20740 20740 20740 20740 20740 20740 20740 20740 20740 20740 20740 20740 20740 20740 20740 20740 20740 20740 20740 20740 20740 20740 20740 20740 20740 20740 20740 20740 20740 20740 20740 20740 20740 20740 20740 20740 20740 20740 20740 20740 20740 20740 20740 20740 20740 20740 20740 20740 20740 20740 20740 20740 20740 20740 20740 20740 20740 20740 20740 20740 20740 20740 20740 20740 20740 20740 20740 20740 20740 20740 20740 20740 20740 20740 20740 20740 20740 20740 20740 20740 20740 20740 20740 20740 20740 20740 20740 20740 20740 20740 20740 20740 20740 20740 20740 20740 20740 20740 20740 20740 20740 20740 20740 20740 20740 20740 20740 20740 20740 20740 20740 20740 20740 20740 20740 20740 20740 20740 20740 20740 20740 20740 20740 20740 20740 20740 20740 20740 20740 20740 20740 20740 20740 20740 20740 20740 20740 20740 20740 20740 20740 20740 20740 20740 20740 20740 20740 20740 20740 20740 20740 20740 20740 20740 20740 20740 20740 20740 20740 20740 20740 20740 20740 20740 20740 20740 20740 20740 20740 20740 20740 20740 20740 20740 20740 20740 20740 20740 20740 20740 20740 20740 20740 20740 20740 20740 20740 20740 20740 20740 20740 20740 20740 20740 20740 20740 20740 20740 20740 20740 20740 20740 20740 20740 20740 20740 20740 20740 20740 20740 20740 20740 20740 20740 20740 20740 20740 20740 20740 20740 20740 20740 20740 20740 20740 20740 20740 20740 20740 20740 20740 20740 20740 20740 20740 20740 20740 20740 20740 20740 20740 20740 20740 20740 20740 20740 20740 20740 20740 20740 20740 20740 20740 20740 20740 20740 20740 20740 20740 20740 20740 20740 20740 20740 20740 20740 20740 20740 20740 20740 20740 20740 20740 20740 20740 20740 20740 20740 20740 20740 20740 20740 20740 20740 20740 20740 20740 20740 20740 20740 20740 20740 20740 20740 20740 20740 20740 20740 20740 20740 20740 20740 20740 20740 20740 20740 20740 20740 20740 20740 20740 20740 20740 20740 20740 20740 20740 20740 20740 20740 20740 20740 20740 20740 20740 20740 20740 20740 20740 20740 20740 20740 20740 20740 20740 20740 20740 20740 20740 20740 20740 20740 20740 20740 20740 20740 20740 20740 20740 20740 20740 20740 20740 20740 20740 20740 20740 20740 20740 20740 20740 20740 20740 20740 20740 20740 20740 20740 20740 20740 20740 20740 20740 20740 20740 20740 20740 20740 20740 20740 20740 20740 20740 20740 20740 20740 20740 20740 20740 20740 20740 20740 20740 20740 20740 20740 20740 20740 20740 20740 20740 20740 20740 20740 20740 20740 20740 20740 20740 20740 20740 20740 20740 20740 20740 20740 20740 20740 20740 20740 20740 20740 20740 20740 20740 20740 20740 20740 20740 20740 20740 20740 20740 20740 20740 20740 20740 20740 20740 20740 20740 20740 20740 20740 20740 20740 20740 20740 20740 20740 20740 20740 20740 20740 20740 20740 20740 20740 20740 20740 20740 20740 20740 20740 20740 20740 20740 20740 20740 20740 20740 20740 20740 20740 20740 20740 20740 20740 20740 20740 20740 20740 20740 20740 20740 20740 20740 20740 20740 20740 20740 20740 20740 20740 20740 20740 20740 20740 20740 20740 20740 20740 20740 20740 20740 20740 20740 20740 20740 20740 20740 20740 20740 20740 20740 20740 20740 20740 20740 20740 20740 20740 20740 20740 20740 20740 20740 20740 20740 20740 20740 20740 20740 20740 20740 20740 20740 20740 20740 20740 20740 20740 20740 20740 20740 20740 20740 20740 20740 20740 20740 20740 20740 20740 20740 20740 20740 20740 20740 20740 20740 20740 20740 20740 20740 20740 20740 20740 20740 20740 20740 20740 20740 20740 20740 20740 20740 20740 20740 20740 20740 20740 20740 20740 20740 20740 20740 20740 20740 20740 20740 20740 20740 20740 20740 20740 20740 20740 20740 20740 20740 20740 20740 20740 20740 20740 20740 20740 20740 20740 20740 20740 20740 20740 20740 20740 20740 20740 20740 20740 20740 20740 20740 20740 20740 20740 20740 20740 20740 20740 20740 20740 20740 20740 20740 20740 20740 20740 20740 20740 20740 20740 20740 20740 20740 20740 20740 20740 20740 20740 20740 20740 20740 20740 20740 20740 20740 20740 20740 20740 20740 20740 20740 20740 20740 20740 20740 20740 20740 20740 20740 20740 20740 20740 20740 20740 20740 20740 20740 20740 20740 20740 20740 20740 20740 20740 20740 20740 20740 20740 20740 20740 20740 20740 20740 20740 20740 20740 20740 20740 20740 20740 20740 20740 20740 20740 20740 20740 20740 20740 20740 20740 20740 20740 20740 20740 20740 20740 20740 20740 20740 20740 20740 20740 20740 -1 -1 -1 -1 -1 -1 -1 -1 -1 -1 -1 -1 -1 -1 -1 -1 -1</lastValidSample>
      </burst>
    </burstList>
  </swathTiming>
  <geolocationGrid>
    <geolocationGridPointList count="210">
      <geolocationGridPoint>
        <azimuthTime>2015-05-16T13:34:21.817754</azimuthTime>
        <slantRangeTime>5.337201932691230e-03</slantRangeTime>
        <line>0</line>
        <pixel>0</pixel>
        <latitude>3.863242808344886e+01</latitude>
        <longitude>-1.111840780928982e+02</longitude>
        <height>2.004947137333333e+03</height>
        <incidenceAngle>3.083729623914418e+01</incidenceAngle>
        <elevationAngle>2.751230849949210e+01</elevationAngle>
      </geolocationGridPoint>
      <geolocationGridPoint>
        <azimuthTime>2015-05-16T13:34:21.817762</azimuthTime>
        <slantRangeTime>5.353955309186532e-03</slantRangeTime>
        <line>0</line>
        <pixel>1078</pixel>
        <latitude>3.864066083429670e+01</latitude>
        <longitude>-1.112389986355100e+02</longitude>
        <height>2.004947137333333e+03</height>
        <incidenceAngle>3.117943764157129e+01</incidenceAngle>
        <elevationAngle>2.781065988120316e+01</elevationAngle>
      </geolocationGridPoint>
      <geolocationGridPoint>
        <azimuthTime>2015-05-16T13:34:21.817770</azimuthTime>
        <slantRangeTime>5.370708685681835e-03</slantRangeTime>
        <line>0</line>
        <pixel>2156</pixel>
        <latitude>3.864878785190842e+01</latitude>
        <longitude>-1.112933954212780e+02</longitude>
        <height>2.004947137333333e+03</height>
        <incidenceAngle>3.151625744228508e+01</incidenceAngle>
        <elevationAngle>2.810411709576560e+01</elevationAngle>
      </geolocationGridPoint>
      <geolocationGridPoint>
        <azimuthTime>2015-05-16T13:34:21.817779</azimuthTime>
        <slantRangeTime>5.387462062177138e-03</slantRangeTime>
        <line>0</line>
        <pixel>3234</pixel>
        <latitude>3.865681313892129e+01</latitude>
        <longitude>-1.113472900538048e+02</longitude>
        <height>2.004947137333333e+03</height>
        <incidenceAngle>3.184795200171114e+01</incidenceAngle>
        <elevationAngle>2.839285897397397e+01</elevationAngle>
      </geolocationGridPoint>
      <geolocationGridPoint>
        <azimuthTime>2015-05-16T13:34:21.817787</azimuthTime>
        <slantRangeTime>5.404215438672440e-03</slantRangeTime>
        <line>0</line>
        <pixel>4312</pixel>
        <latitude>3.866474019897854e+01</latitude>
        <longitude>-1.114007010980204e+02</longitude>
        <height>2.004947137333333e+03</height>
        <incidenceAngle>3.217469210385370e+01</incidenceAngle>
        <elevationAngle>2.867704121104657e+01</elevationAngle>
      </geolocationGridPoint>
      <geolocationGridPoint>
        <azimuthTime>2015-05-16T13:34:21.817795</azimuthTime>
        <slantRangeTime>5.420968815167742e-03</slantRangeTime>
        <line>0</line>
        <pixel>5390</pixel>
        <latitude>3.867257233598010e+01</latitude>
        <longitude>-1.114536460604451e+02</longitude>
        <height>2.004947137333333e+03</height>
        <incidenceAngle>3.249663922314227e+01</incidenceAngle>
        <elevationAngle>2.895681105272467e+01</elevationAngle>
      </geolocationGridPoint>
      <geolocationGridPoint>
        <azimuthTime>2015-05-16T13:34:21.817804</azimuthTime>
        <slantRangeTime>5.437722191663046e-03</slantRangeTime>
        <line>0</line>
        <pixel>6468</pixel>
        <latitude>3.868031266950948e+01</latitude>
        <longitude>-1.115061414709435e+02</longitude>
        <height>2.004947137333333e+03</height>
        <incidenceAngle>3.281394622888379e+01</incidenceAngle>
        <elevationAngle>2.923230793328560e+01</elevationAngle>
      </geolocationGridPoint>
      <geolocationGridPoint>
        <azimuthTime>2015-05-16T13:34:21.817812</azimuthTime>
        <slantRangeTime>5.454475568158348e-03</slantRangeTime>
        <line>0</line>
        <pixel>7546</pixel>
        <latitude>3.868796414876624e+01</latitude>
        <longitude>-1.115582029565577e+02</longitude>
        <height>2.004947137333333e+03</height>
        <incidenceAngle>3.312675802220755e+01</incidenceAngle>
        <elevationAngle>2.950366405248486e+01</elevationAngle>
      </geolocationGridPoint>
      <geolocationGridPoint>
        <azimuthTime>2015-05-16T13:34:21.817821</azimuthTime>
        <slantRangeTime>5.471228944653651e-03</slantRangeTime>
        <line>0</line>
        <pixel>8624</pixel>
        <latitude>3.869552956517740e+01</latitude>
        <longitude>-1.116098453083401e+02</longitude>
        <height>2.004947137333333e+03</height>
        <incidenceAngle>3.343521211327759e+01</incidenceAngle>
        <elevationAngle>2.977100489845598e+01</elevationAngle>
      </geolocationGridPoint>
      <geolocationGridPoint>
        <azimuthTime>2015-05-16T13:34:21.817829</azimuthTime>
        <slantRangeTime>5.487982321148954e-03</slantRangeTime>
        <line>0</line>
        <pixel>9702</pixel>
        <latitude>3.870301156383733e+01</latitude>
        <longitude>-1.116610825419758e+02</longitude>
        <height>2.004947137333333e+03</height>
        <incidenceAngle>3.373943914548688e+01</incidenceAngle>
        <elevationAngle>3.003444972263853e+01</elevationAngle>
      </geolocationGridPoint>
      <geolocationGridPoint>
        <azimuthTime>2015-05-16T13:34:21.817837</azimuthTime>
        <slantRangeTime>5.504735697644257e-03</slantRangeTime>
        <line>0</line>
        <pixel>10780</pixel>
        <latitude>3.871041265390614e+01</latitude>
        <longitude>-1.117119279528871e+02</longitude>
        <height>2.004947137333333e+03</height>
        <incidenceAngle>3.403956337248948e+01</incidenceAngle>
        <elevationAngle>3.029411197202879e+01</elevationAngle>
      </geolocationGridPoint>
      <geolocationGridPoint>
        <azimuthTime>2015-05-16T13:34:21.817846</azimuthTime>
        <slantRangeTime>5.521489074139559e-03</slantRangeTime>
        <line>0</line>
        <pixel>11858</pixel>
        <latitude>3.871773521808025e+01</latitude>
        <longitude>-1.117623941664202e+02</longitude>
        <height>2.004947137333333e+03</height>
        <incidenceAngle>3.433570309317056e+01</incidenceAngle>
        <elevationAngle>3.055009968336507e+01</elevationAngle>
      </geolocationGridPoint>
      <geolocationGridPoint>
        <azimuthTime>2015-05-16T13:34:21.817854</azimuthTime>
        <slantRangeTime>5.538242450634862e-03</slantRangeTime>
        <line>0</line>
        <pixel>12936</pixel>
        <latitude>3.872498152123419e+01</latitude>
        <longitude>-1.118124931836386e+02</longitude>
        <height>2.004947137333333e+03</height>
        <incidenceAngle>3.462797104901251e+01</incidenceAngle>
        <elevationAngle>3.080251584327910e+01</elevationAngle>
      </geolocationGridPoint>
      <geolocationGridPoint>
        <azimuthTime>2015-05-16T13:34:21.817862</azimuthTime>
        <slantRangeTime>5.554995827130165e-03</slantRangeTime>
        <line>0</line>
        <pixel>14014</pixel>
        <latitude>3.873215371832012e+01</latitude>
        <longitude>-1.118622364231852e+02</longitude>
        <height>2.004947137333333e+03</height>
        <incidenceAngle>3.491647478776672e+01</incidenceAngle>
        <elevationAngle>3.105145871794856e+01</elevationAngle>
      </geolocationGridPoint>
      <geolocationGridPoint>
        <azimuthTime>2015-05-16T13:34:21.817871</azimuthTime>
        <slantRangeTime>5.571749203625468e-03</slantRangeTime>
        <line>0</line>
        <pixel>15092</pixel>
        <latitude>3.873925386160196e+01</latitude>
        <longitude>-1.119116347596154e+02</longitude>
        <height>2.004947137333333e+03</height>
        <incidenceAngle>3.520131699687170e+01</incidenceAngle>
        <elevationAngle>3.129702215536338e+01</elevationAngle>
      </geolocationGridPoint>
      <geolocationGridPoint>
        <azimuthTime>2015-05-16T13:34:21.817879</azimuthTime>
        <slantRangeTime>5.588502580120770e-03</slantRangeTime>
        <line>0</line>
        <pixel>16170</pixel>
        <latitude>3.874628390729085e+01</latitude>
        <longitude>-1.119606985585590e+02</longitude>
        <height>2.004947137333333e+03</height>
        <incidenceAngle>3.548259580964980e+01</incidenceAngle>
        <elevationAngle>3.153929586294803e+01</elevationAngle>
      </geolocationGridPoint>
      <geolocationGridPoint>
        <azimuthTime>2015-05-16T13:34:21.817888</azimuthTime>
        <slantRangeTime>5.605255956616074e-03</slantRangeTime>
        <line>0</line>
        <pixel>17248</pixel>
        <latitude>3.875324572164143e+01</latitude>
        <longitude>-1.120094377090246e+02</longitude>
        <height>2.004947137333333e+03</height>
        <incidenceAngle>3.576040508695164e+01</incidenceAngle>
        <elevationAngle>3.177836566295396e+01</elevationAngle>
      </geolocationGridPoint>
      <geolocationGridPoint>
        <azimuthTime>2015-05-16T13:34:21.817896</azimuthTime>
        <slantRangeTime>5.622009333111376e-03</slantRangeTime>
        <line>0</line>
        <pixel>18326</pixel>
        <latitude>3.876014108656149e+01</latitude>
        <longitude>-1.120578616531252e+02</longitude>
        <height>2.004947137333333e+03</height>
        <incidenceAngle>3.603483467663209e+01</incidenceAngle>
        <elevationAngle>3.201431372777927e+01</elevationAngle>
      </geolocationGridPoint>
      <geolocationGridPoint>
        <azimuthTime>2015-05-16T13:34:21.817904</azimuthTime>
        <slantRangeTime>5.638762709606679e-03</slantRangeTime>
        <line>0</line>
        <pixel>19404</pixel>
        <latitude>3.876697170478154e+01</latitude>
        <longitude>-1.121059794134707e+02</longitude>
        <height>2.004947137333333e+03</height>
        <incidenceAngle>3.630597065295090e+01</incidenceAngle>
        <elevationAngle>3.224721879710849e+01</elevationAngle>
      </geolocationGridPoint>
      <geolocationGridPoint>
        <azimuthTime>2015-05-16T13:34:21.817913</azimuthTime>
        <slantRangeTime>5.655516086101982e-03</slantRangeTime>
        <line>0</line>
        <pixel>20482</pixel>
        <latitude>3.877373920462571e+01</latitude>
        <longitude>-1.121537996184489e+02</longitude>
        <height>2.004947137333333e+03</height>
        <incidenceAngle>3.657389553777806e+01</incidenceAngle>
        <elevationAngle>3.247715637857394e+01</elevationAngle>
      </geolocationGridPoint>
      <geolocationGridPoint>
        <azimuthTime>2015-05-16T13:34:21.817921</azimuthTime>
        <slantRangeTime>5.672082968610324e-03</slantRangeTime>
        <line>0</line>
        <pixel>21548</pixel>
        <latitude>3.878037082905681e+01</latitude>
        <longitude>-1.122008029876822e+02</longitude>
        <height>2.004947137333333e+03</height>
        <incidenceAngle>3.683575786025432e+01</incidenceAngle>
        <elevationAngle>3.270168723554553e+01</elevationAngle>
      </geolocationGridPoint>
      <geolocationGridPoint>
        <azimuthTime>2015-05-16T13:34:24.576314</azimuthTime>
        <slantRangeTime>5.337201932691230e-03</slantRangeTime>
        <line>1499</line>
        <pixel>0</pixel>
        <latitude>3.846662399558814e+01</latitude>
        <longitude>-1.112251364760939e+02</longitude>
        <height>2.004947137333333e+03</height>
        <incidenceAngle>3.084233583121635e+01</incidenceAngle>
        <elevationAngle>2.751687067128243e+01</elevationAngle>
      </geolocationGridPoint>
      <geolocationGridPoint>
        <azimuthTime>2015-05-16T13:34:24.576322</azimuthTime>
        <slantRangeTime>5.353955309186532e-03</slantRangeTime>
        <line>1499</line>
        <pixel>1078</pixel>
        <latitude>3.847485460734080e+01</latitude>
        <longitude>-1.112799234342587e+02</longitude>
        <height>2.004947137333333e+03</height>
        <incidenceAngle>3.118441211135207e+01</incidenceAngle>
        <elevationAngle>2.781516363805270e+01</elevationAngle>
      </geolocationGridPoint>
      <geolocationGridPoint>
        <azimuthTime>2015-05-16T13:34:24.576331</azimuthTime>
        <slantRangeTime>5.370708685681835e-03</slantRangeTime>
        <line>1499</line>
        <pixel>2156</pixel>
        <latitude>3.848297969376537e+01</latitude>
        <longitude>-1.113341880388884e+02</longitude>
        <height>2.004947137333333e+03</height>
        <incidenceAngle>3.152116908799449e+01</incidenceAngle>
        <elevationAngle>2.810856450616534e+01</elevationAngle>
      </geolocationGridPoint>
      <geolocationGridPoint>
        <azimuthTime>2015-05-16T13:34:24.576339</azimuthTime>
        <slantRangeTime>5.387462062177138e-03</slantRangeTime>
        <line>1499</line>
        <pixel>3234</pixel>
        <latitude>3.849100324943773e+01</latitude>
        <longitude>-1.113879518263364e+02</longitude>
        <height>2.004947137333333e+03</height>
        <incidenceAngle>3.185280295497322e+01</incidenceAngle>
        <elevationAngle>2.839725195640705e+01</elevationAngle>
      </geolocationGridPoint>
      <geolocationGridPoint>
        <azimuthTime>2015-05-16T13:34:24.576347</azimuthTime>
        <slantRangeTime>5.404215438672440e-03</slantRangeTime>
        <line>1499</line>
        <pixel>4312</pixel>
        <latitude>3.849892877113758e+01</latitude>
        <longitude>-1.114412333068646e+02</longitude>
        <height>2.004947137333333e+03</height>
        <incidenceAngle>3.217948437642335e+01</incidenceAngle>
        <elevationAngle>2.868138157606288e+01</elevationAngle>
      </geolocationGridPoint>
      <geolocationGridPoint>
        <azimuthTime>2015-05-16T13:34:24.576356</azimuthTime>
        <slantRangeTime>5.420968815167742e-03</slantRangeTime>
        <line>1499</line>
        <pixel>5390</pixel>
        <latitude>3.850675955634826e+01</latitude>
        <longitude>-1.114940499357393e+02</longitude>
        <height>2.004947137333333e+03</height>
        <incidenceAngle>3.250137471617110e+01</incidenceAngle>
        <elevationAngle>2.896110051128590e+01</elevationAngle>
      </geolocationGridPoint>
      <geolocationGridPoint>
        <azimuthTime>2015-05-16T13:34:24.576364</azimuthTime>
        <slantRangeTime>5.437722191663046e-03</slantRangeTime>
        <line>1499</line>
        <pixel>6468</pixel>
        <latitude>3.851449871864475e+01</latitude>
        <longitude>-1.115464181946980e+02</longitude>
        <height>2.004947137333333e+03</height>
        <incidenceAngle>3.281862674128210e+01</incidenceAngle>
        <elevationAngle>2.923654810429618e+01</elevationAngle>
      </geolocationGridPoint>
      <geolocationGridPoint>
        <azimuthTime>2015-05-16T13:34:24.576373</azimuthTime>
        <slantRangeTime>5.454475568158348e-03</slantRangeTime>
        <line>1499</line>
        <pixel>7546</pixel>
        <latitude>3.852214920159173e+01</latitude>
        <longitude>-1.115983536655274e+02</longitude>
        <height>2.004947137333333e+03</height>
        <incidenceAngle>3.313138525821222e+01</incidenceAngle>
        <elevationAngle>2.950785646960764e+01</elevationAngle>
      </geolocationGridPoint>
      <geolocationGridPoint>
        <azimuthTime>2015-05-16T13:34:24.576381</azimuthTime>
        <slantRangeTime>5.471228944653651e-03</slantRangeTime>
        <line>1499</line>
        <pixel>8624</pixel>
        <latitude>3.852971379132392e+01</latitude>
        <longitude>-1.116498710966651e+02</longitude>
        <height>2.004947137333333e+03</height>
        <incidenceAngle>3.343978768931114e+01</incidenceAngle>
        <elevationAngle>2.977515101628948e+01</elevationAngle>
      </geolocationGridPoint>
      <geolocationGridPoint>
        <azimuthTime>2015-05-16T13:34:24.576389</azimuthTime>
        <slantRangeTime>5.487982321148954e-03</slantRangeTime>
        <line>1499</line>
        <pixel>9702</pixel>
        <latitude>3.853719512795805e+01</latitude>
        <longitude>-1.117009844636150e+02</longitude>
        <height>2.004947137333333e+03</height>
        <incidenceAngle>3.374396459639004e+01</incidenceAngle>
        <elevationAngle>3.003855092232982e+01</elevationAngle>
      </geolocationGridPoint>
      <geolocationGridPoint>
        <azimuthTime>2015-05-16T13:34:24.576398</azimuthTime>
        <slantRangeTime>5.504735697644257e-03</slantRangeTime>
        <line>1499</line>
        <pixel>10780</pixel>
        <latitude>3.854459571596647e+01</latitude>
        <longitude>-1.117517070238655e+02</longitude>
        <height>2.004947137333333e+03</height>
        <incidenceAngle>3.404404015719734e+01</incidenceAngle>
        <elevationAngle>3.029816956638518e+01</elevationAngle>
      </geolocationGridPoint>
      <geolocationGridPoint>
        <azimuthTime>2015-05-16T13:34:24.576406</azimuthTime>
        <slantRangeTime>5.521489074139559e-03</slantRangeTime>
        <line>1499</line>
        <pixel>11858</pixel>
        <latitude>3.855191793362506e+01</latitude>
        <longitude>-1.118020513669063e+02</longitude>
        <height>2.004947137333333e+03</height>
        <incidenceAngle>3.434013259988867e+01</incidenceAngle>
        <elevationAngle>3.055411492151573e+01</elevationAngle>
      </geolocationGridPoint>
      <geolocationGridPoint>
        <azimuthTime>2015-05-16T13:34:24.576414</azimuthTime>
        <slantRangeTime>5.538242450634862e-03</slantRangeTime>
        <line>1499</line>
        <pixel>12936</pixel>
        <latitude>3.855916404163463e+01</latitude>
        <longitude>-1.118520294598693e+02</longitude>
        <height>2.004947137333333e+03</height>
        <incidenceAngle>3.463235459994640e+01</incidenceAngle>
        <elevationAngle>3.080648991493381e+01</elevationAngle>
      </geolocationGridPoint>
      <geolocationGridPoint>
        <azimuthTime>2015-05-16T13:34:24.576423</azimuthTime>
        <slantRangeTime>5.554995827130165e-03</slantRangeTime>
        <line>1499</line>
        <pixel>14014</pixel>
        <latitude>3.856633619100216e+01</latitude>
        <longitude>-1.119016526892515e+02</longitude>
        <height>2.004947137333333e+03</height>
        <incidenceAngle>3.492081364345416e+01</incidenceAngle>
        <elevationAngle>3.105539275729925e+01</elevationAngle>
      </geolocationGridPoint>
      <geolocationGridPoint>
        <azimuthTime>2015-05-16T13:34:24.576431</azimuthTime>
        <slantRangeTime>5.571749203625468e-03</slantRangeTime>
        <line>1499</line>
        <pixel>15092</pixel>
        <latitude>3.857343643025804e+01</latitude>
        <longitude>-1.119509318991214e+02</longitude>
        <height>2.004947137333333e+03</height>
        <incidenceAngle>3.520561236015383e+01</incidenceAngle>
        <elevationAngle>3.130091724466023e+01</elevationAngle>
      </geolocationGridPoint>
      <geolocationGridPoint>
        <azimuthTime>2015-05-16T13:34:24.576440</azimuthTime>
        <slantRangeTime>5.588502580120770e-03</slantRangeTime>
        <line>1499</line>
        <pixel>16170</pixel>
        <latitude>3.858046671207646e+01</latitude>
        <longitude>-1.119998774261660e+02</longitude>
        <height>2.004947137333333e+03</height>
        <incidenceAngle>3.548684882931853e+01</incidenceAngle>
        <elevationAngle>3.154315303578386e+01</elevationAngle>
      </geolocationGridPoint>
      <geolocationGridPoint>
        <azimuthTime>2015-05-16T13:34:24.576448</azimuthTime>
        <slantRangeTime>5.605255956616074e-03</slantRangeTime>
        <line>1499</line>
        <pixel>17248</pixel>
        <latitude>3.858742889935770e+01</latitude>
        <longitude>-1.120484991318896e+02</longitude>
        <height>2.004947137333333e+03</height>
        <incidenceAngle>3.576461686110692e+01</incidenceAngle>
        <elevationAngle>3.178218590728744e+01</elevationAngle>
      </geolocationGridPoint>
      <geolocationGridPoint>
        <azimuthTime>2015-05-16T13:34:24.576456</azimuthTime>
        <slantRangeTime>5.622009333111376e-03</slantRangeTime>
        <line>1499</line>
        <pixel>18326</pixel>
        <latitude>3.859432477082532e+01</latitude>
        <longitude>-1.120968064322431e+02</longitude>
        <height>2.004947137333333e+03</height>
        <incidenceAngle>3.603900625577429e+01</incidenceAngle>
        <elevationAngle>3.201809798871962e+01</elevationAngle>
      </geolocationGridPoint>
      <geolocationGridPoint>
        <azimuthTime>2015-05-16T13:34:24.576465</azimuthTime>
        <slantRangeTime>5.638762709606679e-03</slantRangeTime>
        <line>1499</line>
        <pixel>19404</pixel>
        <latitude>3.860115602618400e+01</latitude>
        <longitude>-1.121448083249284e+02</longitude>
        <height>2.004947137333333e+03</height>
        <incidenceAngle>3.631010304283399e+01</incidenceAngle>
        <elevationAngle>3.225096797948452e+01</elevationAngle>
      </geolocationGridPoint>
      <geolocationGridPoint>
        <azimuthTime>2015-05-16T13:34:24.576473</azimuthTime>
        <slantRangeTime>5.655516086101982e-03</slantRangeTime>
        <line>1499</line>
        <pixel>20482</pixel>
        <latitude>3.860792429088010e+01</latitude>
        <longitude>-1.121925134145988e+02</longitude>
        <height>2.004947137333333e+03</height>
        <incidenceAngle>3.657798970204807e+01</incidenceAngle>
        <elevationAngle>3.248087134931001e+01</elevationAngle>
      </geolocationGridPoint>
      <geolocationGridPoint>
        <azimuthTime>2015-05-16T13:34:24.576481</azimuthTime>
        <slantRangeTime>5.672082968610324e-03</slantRangeTime>
        <line>1499</line>
        <pixel>21548</pixel>
        <latitude>3.861455679455328e+01</latitude>
        <longitude>-1.122394036676128e+02</longitude>
        <height>2.004947137333333e+03</height>
        <incidenceAngle>3.683981513317190e+01</incidenceAngle>
        <elevationAngle>3.270536919298810e+01</elevationAngle>
      </geolocationGridPoint>
      <geolocationGridPoint>
        <azimuthTime>2015-05-16T13:34:27.332814</azimuthTime>
        <slantRangeTime>5.337201932691230e-03</slantRangeTime>
        <line>2998</line>
        <pixel>0</pixel>
        <latitude>3.830093249328900e+01</latitude>
        <longitude>-1.112660634611955e+02</longitude>
        <height>2.004947137333333e+03</height>
        <incidenceAngle>3.084735383870330e+01</incidenceAngle>
        <elevationAngle>2.752141339272448e+01</elevationAngle>
      </geolocationGridPoint>
      <geolocationGridPoint>
        <azimuthTime>2015-05-16T13:34:27.332822</azimuthTime>
        <slantRangeTime>5.353955309186532e-03</slantRangeTime>
        <line>2998</line>
        <pixel>1078</pixel>
        <latitude>3.830916104137773e+01</latitude>
        <longitude>-1.113207180100413e+02</longitude>
        <height>2.004947137333333e+03</height>
        <incidenceAngle>3.118936530641699e+01</incidenceAngle>
        <elevationAngle>2.781964822310527e+01</elevationAngle>
      </geolocationGridPoint>
      <geolocationGridPoint>
        <azimuthTime>2015-05-16T13:34:27.332831</azimuthTime>
        <slantRangeTime>5.370708685681835e-03</slantRangeTime>
        <line>2998</line>
        <pixel>2156</pixel>
        <latitude>3.831728427027183e+01</latitude>
        <longitude>-1.113748515964173e+02</longitude>
        <height>2.004947137333333e+03</height>
        <incidenceAngle>3.152605975776944e+01</incidenceAngle>
        <elevationAngle>2.811299301334451e+01</elevationAngle>
      </geolocationGridPoint>
      <geolocationGridPoint>
        <azimuthTime>2015-05-16T13:34:27.332839</azimuthTime>
        <slantRangeTime>5.387462062177138e-03</slantRangeTime>
        <line>2998</line>
        <pixel>3234</pixel>
        <latitude>3.832530616654801e+01</latitude>
        <longitude>-1.114284856899546e+02</longitude>
        <height>2.004947137333333e+03</height>
        <incidenceAngle>3.185763322026821e+01</incidenceAngle>
        <elevationAngle>2.840162629446578e+01</elevationAngle>
      </geolocationGridPoint>
      <geolocationGridPoint>
        <azimuthTime>2015-05-16T13:34:27.332847</azimuthTime>
        <slantRangeTime>5.404215438672440e-03</slantRangeTime>
        <line>2998</line>
        <pixel>4312</pixel>
        <latitude>3.833323022018521e+01</latitude>
        <longitude>-1.114816387467330e+02</longitude>
        <height>2.004947137333333e+03</height>
        <incidenceAngle>3.218425623882234e+01</incidenceAngle>
        <elevationAngle>2.868570354639954e+01</elevationAngle>
      </geolocationGridPoint>
      <geolocationGridPoint>
        <azimuthTime>2015-05-16T13:34:27.332856</azimuthTime>
        <slantRangeTime>5.420968815167742e-03</slantRangeTime>
        <line>2998</line>
        <pixel>5390</pixel>
        <latitude>3.834105972230892e+01</latitude>
        <longitude>-1.115343281712196e+02</longitude>
        <height>2.004947137333333e+03</height>
        <incidenceAngle>3.250609006724581e+01</incidenceAngle>
        <elevationAngle>2.896537181624263e+01</elevationAngle>
      </geolocationGridPoint>
      <geolocationGridPoint>
        <azimuthTime>2015-05-16T13:34:27.332864</azimuthTime>
        <slantRangeTime>5.437722191663046e-03</slantRangeTime>
        <line>2998</line>
        <pixel>6468</pixel>
        <latitude>3.834879778054069e+01</latitude>
        <longitude>-1.115865703974516e+02</longitude>
        <height>2.004947137333333e+03</height>
        <incidenceAngle>3.282328737090593e+01</incidenceAngle>
        <elevationAngle>2.924077035464648e+01</elevationAngle>
      </geolocationGridPoint>
      <geolocationGridPoint>
        <azimuthTime>2015-05-16T13:34:27.332872</azimuthTime>
        <slantRangeTime>5.454475568158348e-03</slantRangeTime>
        <line>2998</line>
        <pixel>7546</pixel>
        <latitude>3.835644733286197e+01</latitude>
        <longitude>-1.116383809623611e+02</longitude>
        <height>2.004947137333333e+03</height>
        <incidenceAngle>3.313599286208751e+01</incidenceAngle>
        <elevationAngle>2.951203119133563e+01</elevationAngle>
      </geolocationGridPoint>
      <geolocationGridPoint>
        <azimuthTime>2015-05-16T13:34:27.332881</azimuthTime>
        <slantRangeTime>5.471228944653651e-03</slantRangeTime>
        <line>2998</line>
        <pixel>8624</pixel>
        <latitude>3.836401116016360e+01</latitude>
        <longitude>-1.116897745721476e+02</longitude>
        <height>2.004947137333333e+03</height>
        <incidenceAngle>3.344434387578779e+01</incidenceAngle>
        <elevationAngle>2.977927965673058e+01</elevationAngle>
      </geolocationGridPoint>
      <geolocationGridPoint>
        <azimuthTime>2015-05-16T13:34:27.332889</azimuthTime>
        <slantRangeTime>5.487982321148954e-03</slantRangeTime>
        <line>2998</line>
        <pixel>9702</pixel>
        <latitude>3.837149189763040e+01</latitude>
        <longitude>-1.117407651624894e+02</longitude>
        <height>2.004947137333333e+03</height>
        <incidenceAngle>3.374847089266603e+01</incidenceAngle>
        <elevationAngle>3.004263485575483e+01</elevationAngle>
      </geolocationGridPoint>
      <geolocationGridPoint>
        <azimuthTime>2015-05-16T13:34:27.332898</azimuthTime>
        <slantRangeTime>5.504735697644257e-03</slantRangeTime>
        <line>2998</line>
        <pixel>10780</pixel>
        <latitude>3.837889204508996e+01</latitude>
        <longitude>-1.117913659532754e+02</longitude>
        <height>2.004947137333333e+03</height>
        <incidenceAngle>3.404849801496265e+01</incidenceAngle>
        <elevationAngle>3.030221009908313e+01</elevationAngle>
      </geolocationGridPoint>
      <geolocationGridPoint>
        <azimuthTime>2015-05-16T13:34:27.332906</azimuthTime>
        <slantRangeTime>5.521489074139559e-03</slantRangeTime>
        <line>2998</line>
        <pixel>11858</pixel>
        <latitude>3.838621397643820e+01</latitude>
        <longitude>-1.118415894984554e+02</longitude>
        <height>2.004947137333333e+03</height>
        <incidenceAngle>3.434454340047218e+01</incidenceAngle>
        <elevationAngle>3.055811329642878e+01</elevationAngle>
      </geolocationGridPoint>
      <geolocationGridPoint>
        <azimuthTime>2015-05-16T13:34:27.332914</azimuthTime>
        <slantRangeTime>5.538242450634862e-03</slantRangeTime>
        <line>2998</line>
        <pixel>12936</pixel>
        <latitude>3.839345994824059e+01</latitude>
        <longitude>-1.118914477315287e+02</longitude>
        <height>2.004947137333333e+03</height>
        <incidenceAngle>3.463671965902117e+01</incidenceAngle>
        <elevationAngle>3.081044731589477e+01</elevationAngle>
      </geolocationGridPoint>
      <geolocationGridPoint>
        <azimuthTime>2015-05-16T13:34:27.332923</azimuthTime>
        <slantRangeTime>5.554995827130165e-03</slantRangeTime>
        <line>2998</line>
        <pixel>14014</pixel>
        <latitude>3.840063210759514e+01</latitude>
        <longitude>-1.119409520071293e+02</longitude>
        <height>2.004947137333333e+03</height>
        <incidenceAngle>3.492513421534458e+01</incidenceAngle>
        <elevationAngle>3.105931031291014e+01</elevationAngle>
      </geolocationGridPoint>
      <geolocationGridPoint>
        <azimuthTime>2015-05-16T13:34:27.332931</azimuthTime>
        <slantRangeTime>5.571749203625468e-03</slantRangeTime>
        <line>2998</line>
        <pixel>15092</pixel>
        <latitude>3.840773249933311e+01</latitude>
        <longitude>-1.119901131391072e+02</longitude>
        <height>2.004947137333333e+03</height>
        <incidenceAngle>3.520988964178567e+01</incidenceAngle>
        <elevationAngle>3.130479603184943e+01</elevationAngle>
      </geolocationGridPoint>
      <geolocationGridPoint>
        <azimuthTime>2015-05-16T13:34:27.332939</azimuthTime>
        <slantRangeTime>5.588502580120770e-03</slantRangeTime>
        <line>2998</line>
        <pixel>16170</pixel>
        <latitude>3.841476307262421e+01</latitude>
        <longitude>-1.120389414354609e+02</longitude>
        <height>2.004947137333333e+03</height>
        <incidenceAngle>3.549108396384705e+01</incidenceAngle>
        <elevationAngle>3.154699408307330e+01</elevationAngle>
      </geolocationGridPoint>
      <geolocationGridPoint>
        <azimuthTime>2015-05-16T13:34:27.332948</azimuthTime>
        <slantRangeTime>5.605255956616074e-03</slantRangeTime>
        <line>2998</line>
        <pixel>17248</pixel>
        <latitude>3.842172568704530e+01</latitude>
        <longitude>-1.120874467304321e+02</longitude>
        <height>2.004947137333333e+03</height>
        <incidenceAngle>3.576881094125656e+01</incidenceAngle>
        <elevationAngle>3.178599019779979e+01</elevationAngle>
      </geolocationGridPoint>
      <geolocationGridPoint>
        <azimuthTime>2015-05-16T13:34:27.332956</azimuthTime>
        <slantRangeTime>5.622009333111376e-03</slantRangeTime>
        <line>2998</line>
        <pixel>18326</pixel>
        <latitude>3.842862211816503e+01</latitude>
        <longitude>-1.121356384140391e+02</longitude>
        <height>2.004947137333333e+03</height>
        <incidenceAngle>3.604316032691210e+01</incidenceAngle>
        <elevationAngle>3.202186646294604e+01</elevationAngle>
      </geolocationGridPoint>
      <geolocationGridPoint>
        <azimuthTime>2015-05-16T13:34:27.332965</azimuthTime>
        <slantRangeTime>5.638762709606679e-03</slantRangeTime>
        <line>2998</line>
        <pixel>19404</pixel>
        <latitude>3.843545406269018e+01</latitude>
        <longitude>-1.121835254592948e+02</longitude>
        <height>2.004947137333333e+03</height>
        <incidenceAngle>3.631421810581094e+01</incidenceAngle>
        <elevationAngle>3.225470153784310e+01</elevationAngle>
      </geolocationGridPoint>
      <geolocationGridPoint>
        <azimuthTime>2015-05-16T13:34:27.332973</azimuthTime>
        <slantRangeTime>5.655516086101982e-03</slantRangeTime>
        <line>2998</line>
        <pixel>20482</pixel>
        <latitude>3.844222314321578e+01</latitude>
        <longitude>-1.122311164473252e+02</longitude>
        <height>2.004947137333333e+03</height>
        <incidenceAngle>3.658206671581978e+01</incidenceAngle>
        <elevationAngle>3.248457085450563e+01</elevationAngle>
      </geolocationGridPoint>
      <geolocationGridPoint>
        <azimuthTime>2015-05-16T13:34:27.332981</azimuthTime>
        <slantRangeTime>5.672082968610324e-03</slantRangeTime>
        <line>2998</line>
        <pixel>21548</pixel>
        <latitude>3.844885657553322e+01</latitude>
        <longitude>-1.122778945802452e+02</longitude>
        <height>2.004947137333333e+03</height>
        <incidenceAngle>3.684385542562338e+01</incidenceAngle>
        <elevationAngle>3.270903583763436e+01</elevationAngle>
      </geolocationGridPoint>
      <geolocationGridPoint>
        <azimuthTime>2015-05-16T13:34:30.093418</azimuthTime>
        <slantRangeTime>5.337201932691230e-03</slantRangeTime>
        <line>4497</line>
        <pixel>0</pixel>
        <latitude>3.813498423259000e+01</latitude>
        <longitude>-1.113069513320607e+02</longitude>
        <height>2.004947137333333e+03</height>
        <incidenceAngle>3.085236116114723e+01</incidenceAngle>
        <elevationAngle>2.752594653138673e+01</elevationAngle>
      </geolocationGridPoint>
      <geolocationGridPoint>
        <azimuthTime>2015-05-16T13:34:30.093427</azimuthTime>
        <slantRangeTime>5.353955309186532e-03</slantRangeTime>
        <line>4497</line>
        <pixel>1078</pixel>
        <latitude>3.814321080269716e+01</latitude>
        <longitude>-1.113614743399755e+02</longitude>
        <height>2.004947137333333e+03</height>
        <incidenceAngle>3.119430798456524e+01</incidenceAngle>
        <elevationAngle>2.782412337679314e+01</elevationAngle>
      </geolocationGridPoint>
      <geolocationGridPoint>
        <azimuthTime>2015-05-16T13:34:30.093435</azimuthTime>
        <slantRangeTime>5.370708685681835e-03</slantRangeTime>
        <line>4497</line>
        <pixel>2156</pixel>
        <latitude>3.815133225829143e+01</latitude>
        <longitude>-1.114154777674694e+02</longitude>
        <height>2.004947137333333e+03</height>
        <incidenceAngle>3.153094007265878e+01</incidenceAngle>
        <elevationAngle>2.811741223509259e+01</elevationAngle>
      </geolocationGridPoint>
      <geolocationGridPoint>
        <azimuthTime>2015-05-16T13:34:30.093444</azimuthTime>
        <slantRangeTime>5.387462062177138e-03</slantRangeTime>
        <line>4497</line>
        <pixel>3234</pixel>
        <latitude>3.815935257800069e+01</latitude>
        <longitude>-1.114689830178263e+02</longitude>
        <height>2.004947137333333e+03</height>
        <incidenceAngle>3.186245328653927e+01</incidenceAngle>
        <elevationAngle>2.840599148747688e+01</elevationAngle>
      </geolocationGridPoint>
      <geolocationGridPoint>
        <azimuthTime>2015-05-16T13:34:30.093452</azimuthTime>
        <slantRangeTime>5.404215438672440e-03</slantRangeTime>
        <line>4497</line>
        <pixel>4312</pixel>
        <latitude>3.816727524505573e+01</latitude>
        <longitude>-1.115220084933047e+02</longitude>
        <height>2.004947137333333e+03</height>
        <incidenceAngle>3.218901805227208e+01</incidenceAngle>
        <elevationAngle>2.869001650686583e+01</elevationAngle>
      </geolocationGridPoint>
      <geolocationGridPoint>
        <azimuthTime>2015-05-16T13:34:30.093460</azimuthTime>
        <slantRangeTime>5.420968815167742e-03</slantRangeTime>
        <line>4497</line>
        <pixel>5390</pixel>
        <latitude>3.817510354427330e+01</latitude>
        <longitude>-1.115745715479097e+02</longitude>
        <height>2.004947137333333e+03</height>
        <incidenceAngle>3.251079551400671e+01</incidenceAngle>
        <elevationAngle>2.896963424161299e+01</elevationAngle>
      </geolocationGridPoint>
      <geolocationGridPoint>
        <azimuthTime>2015-05-16T13:34:30.093469</azimuthTime>
        <slantRangeTime>5.437722191663046e-03</slantRangeTime>
        <line>4497</line>
        <pixel>6468</pixel>
        <latitude>3.818284057736764e+01</latitude>
        <longitude>-1.116266885682950e+02</longitude>
        <height>2.004947137333333e+03</height>
        <incidenceAngle>3.282793823573635e+01</incidenceAngle>
        <elevationAngle>2.924498385109287e+01</elevationAngle>
      </geolocationGridPoint>
      <geolocationGridPoint>
        <azimuthTime>2015-05-16T13:34:30.093477</azimuthTime>
        <slantRangeTime>5.454475568158348e-03</slantRangeTime>
        <line>4497</line>
        <pixel>7546</pixel>
        <latitude>3.819048927678014e+01</latitude>
        <longitude>-1.116783750468343e+02</longitude>
        <height>2.004947137333333e+03</height>
        <incidenceAngle>3.314059083586572e+01</incidenceAngle>
        <elevationAngle>2.951619728050228e+01</elevationAngle>
      </geolocationGridPoint>
      <geolocationGridPoint>
        <azimuthTime>2015-05-16T13:34:30.093485</azimuthTime>
        <slantRangeTime>5.471228944653651e-03</slantRangeTime>
        <line>4497</line>
        <pixel>8624</pixel>
        <latitude>3.819805241819854e+01</latitude>
        <longitude>-1.117296456477689e+02</longitude>
        <height>2.004947137333333e+03</height>
        <incidenceAngle>3.344889056231426e+01</incidenceAngle>
        <elevationAngle>2.978339978186014e+01</elevationAngle>
      </geolocationGridPoint>
      <geolocationGridPoint>
        <azimuthTime>2015-05-16T13:34:30.093494</azimuthTime>
        <slantRangeTime>5.487982321148954e-03</slantRangeTime>
        <line>4497</line>
        <pixel>9702</pixel>
        <latitude>3.820553263191406e+01</latitude>
        <longitude>-1.117805142672141e+02</longitude>
        <height>2.004947137333333e+03</height>
        <incidenceAngle>3.375296781484008e+01</incidenceAngle>
        <elevationAngle>3.004671038725097e+01</elevationAngle>
      </geolocationGridPoint>
      <geolocationGridPoint>
        <azimuthTime>2015-05-16T13:34:30.093502</azimuthTime>
        <slantRangeTime>5.504735697644257e-03</slantRangeTime>
        <line>4497</line>
        <pixel>10780</pixel>
        <latitude>3.821293241314566e+01</latitude>
        <longitude>-1.118309940877073e+02</longitude>
        <height>2.004947137333333e+03</height>
        <incidenceAngle>3.405294662040597e+01</incidenceAngle>
        <elevationAngle>3.030624233957504e+01</elevationAngle>
      </geolocationGridPoint>
      <geolocationGridPoint>
        <azimuthTime>2015-05-16T13:34:30.093511</azimuthTime>
        <slantRangeTime>5.521489074139559e-03</slantRangeTime>
        <line>4497</line>
        <pixel>11858</pixel>
        <latitude>3.822025413144340e+01</latitude>
        <longitude>-1.118810976278923e+02</longitude>
        <height>2.004947137333333e+03</height>
        <incidenceAngle>3.434894506666049e+01</incidenceAngle>
        <elevationAngle>3.056210348539230e+01</elevationAngle>
      </geolocationGridPoint>
      <geolocationGridPoint>
        <azimuthTime>2015-05-16T13:34:30.093519</azimuthTime>
        <slantRangeTime>5.538242450634862e-03</slantRangeTime>
        <line>4497</line>
        <pixel>12936</pixel>
        <latitude>3.822750003926974e+01</latitude>
        <longitude>-1.119308367878570e+02</longitude>
        <height>2.004947137333333e+03</height>
        <incidenceAngle>3.464107569797538e+01</incidenceAngle>
        <elevationAngle>3.081439663387710e+01</elevationAngle>
      </geolocationGridPoint>
      <geolocationGridPoint>
        <azimuthTime>2015-05-16T13:34:30.093527</azimuthTime>
        <slantRangeTime>5.554995827130165e-03</slantRangeTime>
        <line>4497</line>
        <pixel>14014</pixel>
        <latitude>3.823467227984420e+01</latitude>
        <longitude>-1.119802228905817e+02</longitude>
        <height>2.004947137333333e+03</height>
        <incidenceAngle>3.492944587792012e+01</incidenceAngle>
        <elevationAngle>3.106321988539269e+01</elevationAngle>
      </geolocationGridPoint>
      <geolocationGridPoint>
        <azimuthTime>2015-05-16T13:34:30.093536</azimuthTime>
        <slantRangeTime>5.571749203625468e-03</slantRangeTime>
        <line>4497</line>
        <pixel>15092</pixel>
        <latitude>3.824177289432784e+01</latitude>
        <longitude>-1.120292667198961e+02</longitude>
        <height>2.004947137333333e+03</height>
        <incidenceAngle>3.521415812161320e+01</incidenceAngle>
        <elevationAngle>3.130866693279628e+01</elevationAngle>
      </geolocationGridPoint>
      <geolocationGridPoint>
        <azimuthTime>2015-05-16T13:34:30.093544</azimuthTime>
        <slantRangeTime>5.588502580120770e-03</slantRangeTime>
        <line>4497</line>
        <pixel>16170</pixel>
        <latitude>3.824880382841336e+01</latitude>
        <longitude>-1.120779785552984e+02</longitude>
        <height>2.004947137333333e+03</height>
        <incidenceAngle>3.549531040094737e+01</incidenceAngle>
        <elevationAngle>3.155082733818646e+01</elevationAngle>
      </geolocationGridPoint>
      <geolocationGridPoint>
        <azimuthTime>2015-05-16T13:34:30.093552</azimuthTime>
        <slantRangeTime>5.605255956616074e-03</slantRangeTime>
        <line>4497</line>
        <pixel>17248</pixel>
        <latitude>3.825576693838028e+01</latitude>
        <longitude>-1.121263682039458e+02</longitude>
        <height>2.004947137333333e+03</height>
        <incidenceAngle>3.577299642536809e+01</incidenceAngle>
        <elevationAngle>3.178978678751588e+01</elevationAngle>
      </geolocationGridPoint>
      <geolocationGridPoint>
        <azimuthTime>2015-05-16T13:34:30.093561</azimuthTime>
        <slantRangeTime>5.622009333111376e-03</slantRangeTime>
        <line>4497</line>
        <pixel>18326</pixel>
        <latitude>3.826266399666702e+01</latitude>
        <longitude>-1.121744450300942e+02</longitude>
        <height>2.004947137333333e+03</height>
        <incidenceAngle>3.604730590055814e+01</incidenceAngle>
        <elevationAngle>3.202562732519788e+01</elevationAngle>
      </geolocationGridPoint>
      <geolocationGridPoint>
        <azimuthTime>2015-05-16T13:34:30.093569</azimuthTime>
        <slantRangeTime>5.638762709606679e-03</slantRangeTime>
        <line>4497</line>
        <pixel>19404</pixel>
        <latitude>3.826949669700616e+01</latitude>
        <longitude>-1.122222179822280e+02</longitude>
        <height>2.004947137333333e+03</height>
        <incidenceAngle>3.631832476712799e+01</incidenceAngle>
        <elevationAngle>3.225842757060689e+01</elevationAngle>
      </geolocationGridPoint>
      <geolocationGridPoint>
        <azimuthTime>2015-05-16T13:34:30.093578</azimuthTime>
        <slantRangeTime>5.655516086101982e-03</slantRangeTime>
        <line>4497</line>
        <pixel>20482</pixel>
        <latitude>3.827626665916380e+01</latitude>
        <longitude>-1.122696956181004e+02</longitude>
        <height>2.004947137333333e+03</height>
        <incidenceAngle>3.658613542117325e+01</incidenceAngle>
        <elevationAngle>3.248826291815615e+01</elevationAngle>
      </geolocationGridPoint>
      <geolocationGridPoint>
        <azimuthTime>2015-05-16T13:34:30.093586</azimuthTime>
        <slantRangeTime>5.672082968610324e-03</slantRangeTime>
        <line>4497</line>
        <pixel>21548</pixel>
        <latitude>3.828290108438556e+01</latitude>
        <longitude>-1.123163623674626e+02</longitude>
        <height>2.004947137333333e+03</height>
        <incidenceAngle>3.684788749942376e+01</incidenceAngle>
        <elevationAngle>3.271269512165738e+01</elevationAngle>
      </geolocationGridPoint>
      <geolocationGridPoint>
        <azimuthTime>2015-05-16T13:34:32.851979</azimuthTime>
        <slantRangeTime>5.337201932691230e-03</slantRangeTime>
        <line>5996</line>
        <pixel>0</pixel>
        <latitude>3.796914839640770e+01</latitude>
        <longitude>-1.113477101633040e+02</longitude>
        <height>2.004947137333333e+03</height>
        <incidenceAngle>3.085734641571475e+01</incidenceAngle>
        <elevationAngle>2.753045978251483e+01</elevationAngle>
      </geolocationGridPoint>
      <geolocationGridPoint>
        <azimuthTime>2015-05-16T13:34:32.851987</azimuthTime>
        <slantRangeTime>5.353955309186532e-03</slantRangeTime>
        <line>5996</line>
        <pixel>1078</pixel>
        <latitude>3.797737279454276e+01</latitude>
        <longitude>-1.114021009382006e+02</longitude>
        <height>2.004947137333333e+03</height>
        <incidenceAngle>3.119921362907847e+01</incidenceAngle>
        <elevationAngle>2.782856513145967e+01</elevationAngle>
      </geolocationGridPoint>
      <geolocationGridPoint>
        <azimuthTime>2015-05-16T13:34:32.851996</azimuthTime>
        <slantRangeTime>5.370708685681835e-03</slantRangeTime>
        <line>5996</line>
        <pixel>2156</pixel>
        <latitude>3.798549283551804e+01</latitude>
        <longitude>-1.114559771966284e+02</longitude>
        <height>2.004947137333333e+03</height>
        <incidenceAngle>3.153579893896740e+01</incidenceAngle>
        <elevationAngle>2.812181212601240e+01</elevationAngle>
      </geolocationGridPoint>
      <geolocationGridPoint>
        <azimuthTime>2015-05-16T13:34:32.852004</azimuthTime>
        <slantRangeTime>5.387462062177138e-03</slantRangeTime>
        <line>5996</line>
        <pixel>3234</pixel>
        <latitude>3.799351165832149e+01</latitude>
        <longitude>-1.115093547351163e+02</longitude>
        <height>2.004947137333333e+03</height>
        <incidenceAngle>3.186725219726495e+01</incidenceAngle>
        <elevationAngle>2.841033761306522e+01</elevationAngle>
      </geolocationGridPoint>
      <geolocationGridPoint>
        <azimuthTime>2015-05-16T13:34:32.852012</azimuthTime>
        <slantRangeTime>5.404215438672440e-03</slantRangeTime>
        <line>5996</line>
        <pixel>4312</pixel>
        <latitude>3.800143301675273e+01</latitude>
        <longitude>-1.115622537495557e+02</longitude>
        <height>2.004947137333333e+03</height>
        <incidenceAngle>3.219375899288618e+01</incidenceAngle>
        <elevationAngle>2.869431065402401e+01</elevationAngle>
      </geolocationGridPoint>
      <geolocationGridPoint>
        <azimuthTime>2015-05-16T13:34:32.852021</azimuthTime>
        <slantRangeTime>5.420968815167742e-03</slantRangeTime>
        <line>5996</line>
        <pixel>5390</pixel>
        <latitude>3.800926018938058e+01</latitude>
        <longitude>-1.116146915439380e+02</longitude>
        <height>2.004947137333333e+03</height>
        <incidenceAngle>3.251548036091639e+01</incidenceAngle>
        <elevationAngle>2.897387809903913e+01</elevationAngle>
      </geolocationGridPoint>
      <geolocationGridPoint>
        <azimuthTime>2015-05-16T13:34:32.852029</azimuthTime>
        <slantRangeTime>5.437722191663046e-03</slantRangeTime>
        <line>5996</line>
        <pixel>6468</pixel>
        <latitude>3.801699627206894e+01</latitude>
        <longitude>-1.116666844579531e+02</longitude>
        <height>2.004947137333333e+03</height>
        <incidenceAngle>3.283256876452289e+01</incidenceAngle>
        <elevationAngle>2.924917901670159e+01</elevationAngle>
      </geolocationGridPoint>
      <geolocationGridPoint>
        <azimuthTime>2015-05-16T13:34:32.852038</azimuthTime>
        <slantRangeTime>5.454475568158348e-03</slantRangeTime>
        <line>5996</line>
        <pixel>7546</pixel>
        <latitude>3.802464419177266e+01</latitude>
        <longitude>-1.117182479398116e+02</longitude>
        <height>2.004947137333333e+03</height>
        <incidenceAngle>3.314516872874083e+01</incidenceAngle>
        <elevationAngle>2.952034526813993e+01</elevationAngle>
      </geolocationGridPoint>
      <geolocationGridPoint>
        <azimuthTime>2015-05-16T13:34:32.852046</azimuthTime>
        <slantRangeTime>5.471228944653651e-03</slantRangeTime>
        <line>5996</line>
        <pixel>8624</pixel>
        <latitude>3.803220671902662e+01</latitude>
        <longitude>-1.117693966121673e+02</longitude>
        <height>2.004947137333333e+03</height>
        <incidenceAngle>3.345341741487981e+01</incidenceAngle>
        <elevationAngle>2.978750202739270e+01</elevationAngle>
      </geolocationGridPoint>
      <geolocationGridPoint>
        <azimuthTime>2015-05-16T13:34:32.852054</azimuthTime>
        <slantRangeTime>5.487982321148954e-03</slantRangeTime>
        <line>5996</line>
        <pixel>9702</pixel>
        <latitude>3.803968647927581e+01</latitude>
        <longitude>-1.118201443319221e+02</longitude>
        <height>2.004947137333333e+03</height>
        <incidenceAngle>3.375744514223170e+01</incidenceAngle>
        <elevationAngle>3.005076825409685e+01</elevationAngle>
      </geolocationGridPoint>
      <geolocationGridPoint>
        <azimuthTime>2015-05-16T13:34:32.852063</azimuthTime>
        <slantRangeTime>5.504735697644257e-03</slantRangeTime>
        <line>5996</line>
        <pixel>10780</pixel>
        <latitude>3.804708596317507e+01</latitude>
        <longitude>-1.118705042445919e+02</longitude>
        <height>2.004947137333333e+03</height>
        <incidenceAngle>3.405737586288515e+01</incidenceAngle>
        <elevationAngle>3.031025712374112e+01</elevationAngle>
      </geolocationGridPoint>
      <geolocationGridPoint>
        <azimuthTime>2015-05-16T13:34:32.852071</azimuthTime>
        <slantRangeTime>5.521489074139559e-03</slantRangeTime>
        <line>5996</line>
        <pixel>11858</pixel>
        <latitude>3.805440753597077e+01</latitude>
        <longitude>-1.119204888338257e+02</longitude>
        <height>2.004947137333333e+03</height>
        <incidenceAngle>3.435332759471782e+01</incidenceAngle>
        <elevationAngle>3.056607642006979e+01</elevationAngle>
      </geolocationGridPoint>
      <geolocationGridPoint>
        <azimuthTime>2015-05-16T13:34:32.852079</azimuthTime>
        <slantRangeTime>5.538242450634862e-03</slantRangeTime>
        <line>5996</line>
        <pixel>12936</pixel>
        <latitude>3.806165344606200e+01</latitude>
        <longitude>-1.119701099665946e+02</longitude>
        <height>2.004947137333333e+03</height>
        <incidenceAngle>3.464541281699205e+01</incidenceAngle>
        <elevationAngle>3.081832889363952e+01</elevationAngle>
      </geolocationGridPoint>
      <geolocationGridPoint>
        <azimuthTime>2015-05-16T13:34:32.852088</azimuthTime>
        <slantRangeTime>5.554995827130165e-03</slantRangeTime>
        <line>5996</line>
        <pixel>14014</pixel>
        <latitude>3.806882583282756e+01</latitude>
        <longitude>-1.120193789345037e+02</longitude>
        <height>2.004947137333333e+03</height>
        <incidenceAngle>3.493373883243953e+01</incidenceAngle>
        <elevationAngle>3.106711259004236e+01</elevationAngle>
      </geolocationGridPoint>
      <geolocationGridPoint>
        <azimuthTime>2015-05-16T13:34:32.852096</azimuthTime>
        <slantRangeTime>5.571749203625468e-03</slantRangeTime>
        <line>5996</line>
        <pixel>15092</pixel>
        <latitude>3.807592673379384e+01</latitude>
        <longitude>-1.120683064916268e+02</longitude>
        <height>2.004947137333333e+03</height>
        <incidenceAngle>3.521840809925383e+01</incidenceAngle>
        <elevationAngle>3.131252115088827e+01</elevationAngle>
      </geolocationGridPoint>
      <geolocationGridPoint>
        <azimuthTime>2015-05-16T13:34:32.852105</azimuthTime>
        <slantRangeTime>5.588502580120770e-03</slantRangeTime>
        <line>5996</line>
        <pixel>16170</pixel>
        <latitude>3.808295809121032e+01</latitude>
        <longitude>-1.121169028892117e+02</longitude>
        <height>2.004947137333333e+03</height>
        <incidenceAngle>3.549951853600084e+01</incidenceAngle>
        <elevationAngle>3.155464409026849e+01</elevationAngle>
      </geolocationGridPoint>
      <geolocationGridPoint>
        <azimuthTime>2015-05-16T13:34:32.852113</azimuthTime>
        <slantRangeTime>5.605255956616074e-03</slantRangeTime>
        <line>5996</line>
        <pixel>17248</pixel>
        <latitude>3.808992175809126e+01</latitude>
        <longitude>-1.121651779075696e+02</longitude>
        <height>2.004947137333333e+03</height>
        <incidenceAngle>3.577716380210859e+01</incidenceAngle>
        <elevationAngle>3.179356704910845e+01</elevationAngle>
      </geolocationGridPoint>
      <geolocationGridPoint>
        <azimuthTime>2015-05-16T13:34:32.852121</azimuthTime>
        <slantRangeTime>5.622009333111376e-03</slantRangeTime>
        <line>5996</line>
        <pixel>18326</pixel>
        <latitude>3.809681950377535e+01</latitude>
        <longitude>-1.122131408854195e+02</longitude>
        <height>2.004947137333333e+03</height>
        <incidenceAngle>3.605143355629134e+01</incidenceAngle>
        <elevationAngle>3.202937202953992e+01</elevationAngle>
      </geolocationGridPoint>
      <geolocationGridPoint>
        <azimuthTime>2015-05-16T13:34:32.852130</azimuthTime>
        <slantRangeTime>5.638762709606679e-03</slantRangeTime>
        <line>5996</line>
        <pixel>19404</pixel>
        <latitude>3.810365301904983e+01</latitude>
        <longitude>-1.122608007469330e+02</longitude>
        <height>2.004947137333333e+03</height>
        <incidenceAngle>3.632241369500542e+01</incidenceAngle>
        <elevationAngle>3.226213761118981e+01</elevationAngle>
      </geolocationGridPoint>
      <geolocationGridPoint>
        <azimuthTime>2015-05-16T13:34:32.852138</azimuthTime>
        <slantRangeTime>5.655516086101982e-03</slantRangeTime>
        <line>5996</line>
        <pixel>20482</pixel>
        <latitude>3.811042392087951e+01</latitude>
        <longitude>-1.123081660266948e+02</longitude>
        <height>2.004947137333333e+03</height>
        <incidenceAngle>3.659018657279254e+01</incidenceAngle>
        <elevationAngle>3.249193915106539e+01</elevationAngle>
      </geolocationGridPoint>
      <geolocationGridPoint>
        <azimuthTime>2015-05-16T13:34:32.852146</azimuthTime>
        <slantRangeTime>5.672082968610324e-03</slantRangeTime>
        <line>5996</line>
        <pixel>21548</pixel>
        <latitude>3.811705939536181e+01</latitude>
        <longitude>-1.123547223713035e+02</longitude>
        <height>2.004947137333333e+03</height>
        <incidenceAngle>3.685190219270741e+01</incidenceAngle>
        <elevationAngle>3.271633873054479e+01</elevationAngle>
      </geolocationGridPoint>
      <geolocationGridPoint>
        <azimuthTime>2015-05-16T13:34:35.610539</azimuthTime>
        <slantRangeTime>5.337201932691230e-03</slantRangeTime>
        <line>7495</line>
        <pixel>0</pixel>
        <latitude>3.780330226648275e+01</latitude>
        <longitude>-1.113883713722062e+02</longitude>
        <height>2.004947137333333e+03</height>
        <incidenceAngle>3.086231307622159e+01</incidenceAngle>
        <elevationAngle>2.753495629104660e+01</elevationAngle>
      </geolocationGridPoint>
      <geolocationGridPoint>
        <azimuthTime>2015-05-16T13:34:35.610548</azimuthTime>
        <slantRangeTime>5.353955309186532e-03</slantRangeTime>
        <line>7495</line>
        <pixel>1078</pixel>
        <latitude>3.781152485250939e+01</latitude>
        <longitude>-1.114426328181171e+02</longitude>
        <height>2.004947137333333e+03</height>
        <incidenceAngle>3.120411626871079e+01</incidenceAngle>
        <elevationAngle>2.783300421559811e+01</elevationAngle>
      </geolocationGridPoint>
      <geolocationGridPoint>
        <azimuthTime>2015-05-16T13:34:35.610556</azimuthTime>
        <slantRangeTime>5.370708685681835e-03</slantRangeTime>
        <line>7495</line>
        <pixel>2156</pixel>
        <latitude>3.781964328111378e+01</latitude>
        <longitude>-1.114963810890381e+02</longitude>
        <height>2.004947137333333e+03</height>
        <incidenceAngle>3.154063974196994e+01</incidenceAngle>
        <elevationAngle>2.812619575164239e+01</elevationAngle>
      </geolocationGridPoint>
      <geolocationGridPoint>
        <azimuthTime>2015-05-16T13:34:35.610565</azimuthTime>
        <slantRangeTime>5.387462062177138e-03</slantRangeTime>
        <line>7495</line>
        <pixel>3234</pixel>
        <latitude>3.782766068560372e+01</latitude>
        <longitude>-1.115496319425106e+02</longitude>
        <height>2.004947137333333e+03</height>
        <incidenceAngle>3.187203329573206e+01</incidenceAngle>
        <elevationAngle>2.841466769912408e+01</elevationAngle>
      </geolocationGridPoint>
      <geolocationGridPoint>
        <azimuthTime>2015-05-16T13:34:35.610573</azimuthTime>
        <slantRangeTime>5.404215438672440e-03</slantRangeTime>
        <line>7495</line>
        <pixel>4312</pixel>
        <latitude>3.783558081244071e+01</latitude>
        <longitude>-1.116024055127277e+02</longitude>
        <height>2.004947137333333e+03</height>
        <incidenceAngle>3.219848236336285e+01</incidenceAngle>
        <elevationAngle>2.869858897938120e+01</elevationAngle>
      </geolocationGridPoint>
      <geolocationGridPoint>
        <azimuthTime>2015-05-16T13:34:35.610581</azimuthTime>
        <slantRangeTime>5.420968815167742e-03</slantRangeTime>
        <line>7495</line>
        <pixel>5390</pixel>
        <latitude>3.784340693400179e+01</latitude>
        <longitude>-1.116547190540743e+02</longitude>
        <height>2.004947137333333e+03</height>
        <incidenceAngle>3.252014787140403e+01</incidenceAngle>
        <elevationAngle>2.897810634482930e+01</elevationAngle>
      </geolocationGridPoint>
      <geolocationGridPoint>
        <azimuthTime>2015-05-16T13:34:35.610590</azimuthTime>
        <slantRangeTime>5.437722191663046e-03</slantRangeTime>
        <line>7495</line>
        <pixel>6468</pixel>
        <latitude>3.785114214035308e+01</latitude>
        <longitude>-1.117065888596589e+02</longitude>
        <height>2.004947137333333e+03</height>
        <incidenceAngle>3.283718218267709e+01</incidenceAngle>
        <elevationAngle>2.925335877370817e+01</elevationAngle>
      </geolocationGridPoint>
      <geolocationGridPoint>
        <azimuthTime>2015-05-16T13:34:35.610598</azimuthTime>
        <slantRangeTime>5.454475568158348e-03</slantRangeTime>
        <line>7495</line>
        <pixel>7546</pixel>
        <latitude>3.785878935301221e+01</latitude>
        <longitude>-1.117580303338875e+02</longitude>
        <height>2.004947137333333e+03</height>
        <incidenceAngle>3.314972972928945e+01</incidenceAngle>
        <elevationAngle>2.952447804347560e+01</elevationAngle>
      </geolocationGridPoint>
      <geolocationGridPoint>
        <azimuthTime>2015-05-16T13:34:35.610606</azimuthTime>
        <slantRangeTime>5.471228944653651e-03</slantRangeTime>
        <line>7495</line>
        <pixel>8624</pixel>
        <latitude>3.786635133740761e+01</latitude>
        <longitude>-1.118090580581643e+02</longitude>
        <height>2.004947137333333e+03</height>
        <incidenceAngle>3.345792758634987e+01</incidenceAngle>
        <elevationAngle>2.979158925055784e+01</elevationAngle>
      </geolocationGridPoint>
      <geolocationGridPoint>
        <azimuthTime>2015-05-16T13:34:35.610615</azimuthTime>
        <slantRangeTime>5.487982321148954e-03</slantRangeTime>
        <line>7495</line>
        <pixel>9702</pixel>
        <latitude>3.787383071418166e+01</latitude>
        <longitude>-1.118596858504956e+02</longitude>
        <height>2.004947137333333e+03</height>
        <incidenceAngle>3.376190599306074e+01</incidenceAngle>
        <elevationAngle>3.005481128248325e+01</elevationAngle>
      </geolocationGridPoint>
      <geolocationGridPoint>
        <azimuthTime>2015-05-16T13:34:35.610623</azimuthTime>
        <slantRangeTime>5.504735697644257e-03</slantRangeTime>
        <line>7495</line>
        <pixel>10780</pixel>
        <latitude>3.788122996946634e+01</latitude>
        <longitude>-1.119099268196755e+02</longitude>
        <height>2.004947137333333e+03</height>
        <incidenceAngle>3.406178882698703e+01</incidenceAngle>
        <elevationAngle>3.031425724764452e+01</elevationAngle>
      </geolocationGridPoint>
      <geolocationGridPoint>
        <azimuthTime>2015-05-16T13:34:35.610632</azimuthTime>
        <slantRangeTime>5.521489074139559e-03</slantRangeTime>
        <line>7495</line>
        <pixel>11858</pixel>
        <latitude>3.788855146424307e+01</latitude>
        <longitude>-1.119597934146415e+02</longitude>
        <height>2.004947137333333e+03</height>
        <incidenceAngle>3.435769403656055e+01</incidenceAngle>
        <elevationAngle>3.057003486726284e+01</elevationAngle>
      </geolocationGridPoint>
      <geolocationGridPoint>
        <azimuthTime>2015-05-16T13:34:35.610640</azimuthTime>
        <slantRangeTime>5.538242450634862e-03</slantRangeTime>
        <line>7495</line>
        <pixel>12936</pixel>
        <latitude>3.789579744288437e+01</latitude>
        <longitude>-1.120092974695152e+02</longitude>
        <height>2.004947137333333e+03</height>
        <incidenceAngle>3.464973403623666e+01</incidenceAngle>
        <elevationAngle>3.082224683354913e+01</elevationAngle>
      </geolocationGridPoint>
      <geolocationGridPoint>
        <azimuthTime>2015-05-16T13:34:35.610648</azimuthTime>
        <slantRangeTime>5.554995827130165e-03</slantRangeTime>
        <line>7495</line>
        <pixel>14014</pixel>
        <latitude>3.790297004096296e+01</latitude>
        <longitude>-1.120584502447801e+02</longitude>
        <height>2.004947137333333e+03</height>
        <incidenceAngle>3.493801606818904e+01</incidenceAngle>
        <elevationAngle>3.107099113757631e+01</elevationAngle>
      </geolocationGridPoint>
      <geolocationGridPoint>
        <azimuthTime>2015-05-16T13:34:35.610657</azimuthTime>
        <slantRangeTime>5.571749203625468e-03</slantRangeTime>
        <line>7495</line>
        <pixel>15092</pixel>
        <latitude>3.791007129240353e+01</latitude>
        <longitude>-1.121072624649937e+02</longitude>
        <height>2.004947137333333e+03</height>
        <incidenceAngle>3.522264253395020e+01</incidenceAngle>
        <elevationAngle>3.131636136994421e+01</elevationAngle>
      </geolocationGridPoint>
      <geolocationGridPoint>
        <azimuthTime>2015-05-16T13:34:35.610665</azimuthTime>
        <slantRangeTime>5.588502580120770e-03</slantRangeTime>
        <line>7495</line>
        <pixel>16170</pixel>
        <latitude>3.791710313604354e+01</latitude>
        <longitude>-1.121557443533816e+02</longitude>
        <height>2.004947137333333e+03</height>
        <incidenceAngle>3.550371129900382e+01</incidenceAngle>
        <elevationAngle>3.155844699695699e+01</elevationAngle>
      </geolocationGridPoint>
      <geolocationGridPoint>
        <azimuthTime>2015-05-16T13:34:35.610674</azimuthTime>
        <slantRangeTime>5.605255956616074e-03</slantRangeTime>
        <line>7495</line>
        <pixel>17248</pixel>
        <latitude>3.792406742166153e+01</latitude>
        <longitude>-1.122039056636246e+02</longitude>
        <height>2.004947137333333e+03</height>
        <incidenceAngle>3.578131597298859e+01</incidenceAngle>
        <elevationAngle>3.179733361471822e+01</elevationAngle>
      </geolocationGridPoint>
      <geolocationGridPoint>
        <azimuthTime>2015-05-16T13:34:35.610682</azimuthTime>
        <slantRangeTime>5.622009333111376e-03</slantRangeTime>
        <line>7495</line>
        <pixel>18326</pixel>
        <latitude>3.793096591552467e+01</latitude>
        <longitude>-1.122517557091106e+02</longitude>
        <height>2.004947137333333e+03</height>
        <incidenceAngle>3.605554616786544e+01</incidenceAngle>
        <elevationAngle>3.203310318327155e+01</elevationAngle>
      </geolocationGridPoint>
      <geolocationGridPoint>
        <azimuthTime>2015-05-16T13:34:35.610690</azimuthTime>
        <slantRangeTime>5.638762709606679e-03</slantRangeTime>
        <line>7495</line>
        <pixel>19404</pixel>
        <latitude>3.793780030550154e+01</latitude>
        <longitude>-1.122993033898936e+02</longitude>
        <height>2.004947137333333e+03</height>
        <incidenceAngle>3.632648773613656e+01</incidenceAngle>
        <elevationAngle>3.226583424267655e+01</elevationAngle>
      </geolocationGridPoint>
      <geolocationGridPoint>
        <azimuthTime>2015-05-16T13:34:35.610699</azimuthTime>
        <slantRangeTime>5.655516086101982e-03</slantRangeTime>
        <line>7495</line>
        <pixel>20482</pixel>
        <latitude>3.794457220578121e+01</latitude>
        <longitude>-1.123465572175760e+02</longitude>
        <height>2.004947137333333e+03</height>
        <incidenceAngle>3.659422299097876e+01</incidenceAngle>
        <elevationAngle>3.249560211270449e+01</elevationAngle>
      </geolocationGridPoint>
      <geolocationGridPoint>
        <azimuthTime>2015-05-16T13:34:35.610707</azimuthTime>
        <slantRangeTime>5.672082968610324e-03</slantRangeTime>
        <line>7495</line>
        <pixel>21548</pixel>
        <latitude>3.795120878669886e+01</latitude>
        <longitude>-1.123930040458118e+02</longitude>
        <height>2.004947137333333e+03</height>
        <incidenceAngle>3.685590230030697e+01</incidenceAngle>
        <elevationAngle>3.271996920098327e+01</elevationAngle>
      </geolocationGridPoint>
      <geolocationGridPoint>
        <azimuthTime>2015-05-16T13:34:38.369085</azimuthTime>
        <slantRangeTime>5.337201932691230e-03</slantRangeTime>
        <line>8994</line>
        <pixel>0</pixel>
        <latitude>3.763744658938163e+01</latitude>
        <longitude>-1.114289359026868e+02</longitude>
        <height>2.004947137333333e+03</height>
        <incidenceAngle>3.086726089363488e+01</incidenceAngle>
        <elevationAngle>2.753943583159582e+01</elevationAngle>
      </geolocationGridPoint>
      <geolocationGridPoint>
        <azimuthTime>2015-05-16T13:34:38.369093</azimuthTime>
        <slantRangeTime>5.353955309186532e-03</slantRangeTime>
        <line>8994</line>
        <pixel>1078</pixel>
        <latitude>3.764566744184760e+01</latitude>
        <longitude>-1.114830690604633e+02</longitude>
        <height>2.004947137333333e+03</height>
        <incidenceAngle>3.120900033909199e+01</incidenceAngle>
        <elevationAngle>2.783742657802494e+01</elevationAngle>
      </geolocationGridPoint>
      <geolocationGridPoint>
        <azimuthTime>2015-05-16T13:34:38.369102</azimuthTime>
        <slantRangeTime>5.370708685681835e-03</slantRangeTime>
        <line>8994</line>
        <pixel>2156</pixel>
        <latitude>3.765378433498098e+01</latitude>
        <longitude>-1.115366903738516e+02</longitude>
        <height>2.004947137333333e+03</height>
        <incidenceAngle>3.154546223891118e+01</incidenceAngle>
        <elevationAngle>2.813056289224440e+01</elevationAngle>
      </geolocationGridPoint>
      <geolocationGridPoint>
        <azimuthTime>2015-05-16T13:34:38.369110</azimuthTime>
        <slantRangeTime>5.387462062177138e-03</slantRangeTime>
        <line>8994</line>
        <pixel>3234</pixel>
        <latitude>3.766180039648258e+01</latitude>
        <longitude>-1.115898155618656e+02</longitude>
        <height>2.004947137333333e+03</height>
        <incidenceAngle>3.187679634217507e+01</incidenceAngle>
        <elevationAngle>2.841898152860478e+01</elevationAngle>
      </geolocationGridPoint>
      <geolocationGridPoint>
        <azimuthTime>2015-05-16T13:34:38.369118</azimuthTime>
        <slantRangeTime>5.404215438672440e-03</slantRangeTime>
        <line>8994</line>
        <pixel>4312</pixel>
        <latitude>3.766971936552910e+01</latitude>
        <longitude>-1.116424646974345e+02</longitude>
        <height>2.004947137333333e+03</height>
        <incidenceAngle>3.220318792683491e+01</incidenceAngle>
        <elevationAngle>2.870285126849572e+01</elevationAngle>
      </geolocationGridPoint>
      <geolocationGridPoint>
        <azimuthTime>2015-05-16T13:34:38.369127</azimuthTime>
        <slantRangeTime>5.420968815167742e-03</slantRangeTime>
        <line>8994</line>
        <pixel>5390</pixel>
        <latitude>3.767754450836056e+01</latitude>
        <longitude>-1.116946549857420e+02</longitude>
        <height>2.004947137333333e+03</height>
        <incidenceAngle>3.252479781141366e+01</incidenceAngle>
        <elevationAngle>2.898231876707059e+01</elevationAngle>
      </geolocationGridPoint>
      <geolocationGridPoint>
        <azimuthTime>2015-05-16T13:34:38.369135</azimuthTime>
        <slantRangeTime>5.437722191663046e-03</slantRangeTime>
        <line>8994</line>
        <pixel>6468</pixel>
        <latitude>3.768527890929655e+01</latitude>
        <longitude>-1.117464026736951e+02</longitude>
        <height>2.004947137333333e+03</height>
        <incidenceAngle>3.284177825887105e+01</incidenceAngle>
        <elevationAngle>2.925752291265328e+01</elevationAngle>
      </geolocationGridPoint>
      <geolocationGridPoint>
        <azimuthTime>2015-05-16T13:34:38.369144</azimuthTime>
        <slantRangeTime>5.454475568158348e-03</slantRangeTime>
        <line>8994</line>
        <pixel>7546</pixel>
        <latitude>3.769292548446574e+01</latitude>
        <longitude>-1.117977231222524e+02</longitude>
        <height>2.004947137333333e+03</height>
        <incidenceAngle>3.315427360883302e+01</incidenceAngle>
        <elevationAngle>2.952859539943260e+01</elevationAngle>
      </geolocationGridPoint>
      <geolocationGridPoint>
        <azimuthTime>2015-05-16T13:34:38.369152</azimuthTime>
        <slantRangeTime>5.471228944653651e-03</slantRangeTime>
        <line>8994</line>
        <pixel>8624</pixel>
        <latitude>3.770048699423533e+01</latitude>
        <longitude>-1.118486308719038e+02</longitude>
        <height>2.004947137333333e+03</height>
        <incidenceAngle>3.346242085061883e+01</incidenceAngle>
        <elevationAngle>2.979566124659258e+01</elevationAngle>
      </geolocationGridPoint>
      <geolocationGridPoint>
        <azimuthTime>2015-05-16T13:34:38.369160</azimuthTime>
        <slantRangeTime>5.487982321148954e-03</slantRangeTime>
        <line>8994</line>
        <pixel>9702</pixel>
        <latitude>3.770796605448764e+01</latitude>
        <longitude>-1.118991397020764e+02</longitude>
        <height>2.004947137333333e+03</height>
        <incidenceAngle>3.376635014372325e+01</incidenceAngle>
        <elevationAngle>3.005883926989682e+01</elevationAngle>
      </geolocationGridPoint>
      <geolocationGridPoint>
        <azimuthTime>2015-05-16T13:34:38.369169</azimuthTime>
        <slantRangeTime>5.504735697644257e-03</slantRangeTime>
        <line>8994</line>
        <pixel>10780</pixel>
        <latitude>3.771536514687197e+01</latitude>
        <longitude>-1.119492626851406e+02</longitude>
        <height>2.004947137333333e+03</height>
        <incidenceAngle>3.406618529154113e+01</incidenceAngle>
        <elevationAngle>3.031824251096002e+01</elevationAngle>
      </geolocationGridPoint>
      <geolocationGridPoint>
        <azimuthTime>2015-05-16T13:34:38.369177</azimuthTime>
        <slantRangeTime>5.521489074139559e-03</slantRangeTime>
        <line>8994</line>
        <pixel>11858</pixel>
        <latitude>3.772268662814270e+01</latitude>
        <longitude>-1.119990122356037e+02</longitude>
        <height>2.004947137333333e+03</height>
        <incidenceAngle>3.436204417338543e+01</incidenceAngle>
        <elevationAngle>3.057397862877445e+01</elevationAngle>
      </geolocationGridPoint>
      <geolocationGridPoint>
        <azimuthTime>2015-05-16T13:34:38.369185</azimuthTime>
        <slantRangeTime>5.538242450634862e-03</slantRangeTime>
        <line>8994</line>
        <pixel>12936</pixel>
        <latitude>3.772993273868158e+01</latitude>
        <longitude>-1.120484001550041e+02</longitude>
        <height>2.004947137333333e+03</height>
        <incidenceAngle>3.465403913921065e+01</incidenceAngle>
        <elevationAngle>3.082615025748097e+01</elevationAngle>
      </geolocationGridPoint>
      <geolocationGridPoint>
        <azimuthTime>2015-05-16T13:34:38.369194</azimuthTime>
        <slantRangeTime>5.554995827130165e-03</slantRangeTime>
        <line>8994</line>
        <pixel>14014</pixel>
        <latitude>3.773710561028910e+01</latitude>
        <longitude>-1.120974376729556e+02</longitude>
        <height>2.004947137333333e+03</height>
        <incidenceAngle>3.494227737091649e+01</incidenceAngle>
        <elevationAngle>3.107485533388878e+01</elevationAngle>
      </geolocationGridPoint>
      <geolocationGridPoint>
        <azimuthTime>2015-05-16T13:34:38.369202</azimuthTime>
        <slantRangeTime>5.571749203625468e-03</slantRangeTime>
        <line>8994</line>
        <pixel>15092</pixel>
        <latitude>3.774420727332030e+01</latitude>
        <longitude>-1.121461354847380e+02</longitude>
        <height>2.004947137333333e+03</height>
        <incidenceAngle>3.522686121363850e+01</incidenceAngle>
        <elevationAngle>3.132018739782545e+01</elevationAngle>
      </geolocationGridPoint>
      <geolocationGridPoint>
        <azimuthTime>2015-05-16T13:34:38.369211</azimuthTime>
        <slantRangeTime>5.588502580120770e-03</slantRangeTime>
        <line>8994</line>
        <pixel>16170</pixel>
        <latitude>3.775123966323105e+01</latitude>
        <longitude>-1.121945037857810e+02</longitude>
        <height>2.004947137333333e+03</height>
        <incidenceAngle>3.550788848002557e+01</incidenceAngle>
        <elevationAngle>3.156223586803059e+01</elevationAngle>
      </geolocationGridPoint>
      <geolocationGridPoint>
        <azimuthTime>2015-05-16T13:34:38.369219</azimuthTime>
        <slantRangeTime>5.605255956616074e-03</slantRangeTime>
        <line>8994</line>
        <pixel>17248</pixel>
        <latitude>3.775820462659304e+01</latitude>
        <longitude>-1.122425523033502e+02</longitude>
        <height>2.004947137333333e+03</height>
        <incidenceAngle>3.578545273015869e+01</incidenceAngle>
        <elevationAngle>3.180108629599438e+01</elevationAngle>
      </geolocationGridPoint>
      <geolocationGridPoint>
        <azimuthTime>2015-05-16T13:34:38.369227</azimuthTime>
        <slantRangeTime>5.622009333111376e-03</slantRangeTime>
        <line>8994</line>
        <pixel>18326</pixel>
        <latitude>3.776510392662925e+01</latitude>
        <longitude>-1.122902903257065e+02</longitude>
        <height>2.004947137333333e+03</height>
        <incidenceAngle>3.605964352946080e+01</incidenceAngle>
        <elevationAngle>3.203682059986613e+01</elevationAngle>
      </geolocationGridPoint>
      <geolocationGridPoint>
        <azimuthTime>2015-05-16T13:34:38.369236</azimuthTime>
        <slantRangeTime>5.638762709606679e-03</slantRangeTime>
        <line>8994</line>
        <pixel>19404</pixel>
        <latitude>3.777193924831582e+01</latitude>
        <longitude>-1.123377267289807e+02</longitude>
        <height>2.004947137333333e+03</height>
        <incidenceAngle>3.633054668668404e+01</incidenceAngle>
        <elevationAngle>3.226951728032164e+01</elevationAngle>
      </geolocationGridPoint>
      <geolocationGridPoint>
        <azimuthTime>2015-05-16T13:34:38.369244</azimuthTime>
        <slantRangeTime>5.655516086101982e-03</slantRangeTime>
        <line>8994</line>
        <pixel>20482</pixel>
        <latitude>3.777871220309077e+01</latitude>
        <longitude>-1.123848700019779e+02</longitude>
        <height>2.004947137333333e+03</height>
        <incidenceAngle>3.659824447382974e+01</incidenceAngle>
        <elevationAngle>3.249925162006678e+01</elevationAngle>
      </geolocationGridPoint>
      <geolocationGridPoint>
        <azimuthTime>2015-05-16T13:34:38.369252</azimuthTime>
        <slantRangeTime>5.672082968610324e-03</slantRangeTime>
        <line>8994</line>
        <pixel>21548</pixel>
        <latitude>3.778534994494233e+01</latitude>
        <longitude>-1.124312081956876e+02</longitude>
        <height>2.004947137333333e+03</height>
        <incidenceAngle>3.685988762218960e+01</incidenceAngle>
        <elevationAngle>3.272358635164585e+01</elevationAngle>
      </geolocationGridPoint>
      <geolocationGridPoint>
        <azimuthTime>2015-05-16T13:34:41.123540</azimuthTime>
        <slantRangeTime>5.337201932691230e-03</slantRangeTime>
        <line>10493</line>
        <pixel>0</pixel>
        <latitude>3.747182615414469e+01</latitude>
        <longitude>-1.114693452164760e+02</longitude>
        <height>2.004947137333333e+03</height>
        <incidenceAngle>3.087218238324376e+01</incidenceAngle>
        <elevationAngle>2.754389162769014e+01</elevationAngle>
      </geolocationGridPoint>
      <geolocationGridPoint>
        <azimuthTime>2015-05-16T13:34:41.123549</azimuthTime>
        <slantRangeTime>5.353955309186532e-03</slantRangeTime>
        <line>10493</line>
        <pixel>1078</pixel>
        <latitude>3.748004534932927e+01</latitude>
        <longitude>-1.115233513064363e+02</longitude>
        <height>2.004947137333333e+03</height>
        <incidenceAngle>3.121385845192456e+01</incidenceAngle>
        <elevationAngle>2.784182552875414e+01</elevationAngle>
      </geolocationGridPoint>
      <geolocationGridPoint>
        <azimuthTime>2015-05-16T13:34:41.123557</azimuthTime>
        <slantRangeTime>5.370708685681835e-03</slantRangeTime>
        <line>10493</line>
        <pixel>2156</pixel>
        <latitude>3.748816078138190e+01</latitude>
        <longitude>-1.115768468698544e+02</longitude>
        <height>2.004947137333333e+03</height>
        <incidenceAngle>3.155025913462314e+01</incidenceAngle>
        <elevationAngle>2.813490694136262e+01</elevationAngle>
      </geolocationGridPoint>
      <geolocationGridPoint>
        <azimuthTime>2015-05-16T13:34:41.123566</azimuthTime>
        <slantRangeTime>5.387462062177138e-03</slantRangeTime>
        <line>10493</line>
        <pixel>3234</pixel>
        <latitude>3.749617557247640e+01</latitude>
        <longitude>-1.116298475877314e+02</longitude>
        <height>2.004947137333333e+03</height>
        <incidenceAngle>3.188153413136150e+01</incidenceAngle>
        <elevationAngle>2.842327257570691e+01</elevationAngle>
      </geolocationGridPoint>
      <geolocationGridPoint>
        <azimuthTime>2015-05-16T13:34:41.123574</azimuthTime>
        <slantRangeTime>5.404215438672440e-03</slantRangeTime>
        <line>10493</line>
        <pixel>4312</pixel>
        <latitude>3.750409345456668e+01</latitude>
        <longitude>-1.116823734722530e+02</longitude>
        <height>2.004947137333333e+03</height>
        <incidenceAngle>3.220786856503584e+01</incidenceAngle>
        <elevationAngle>2.870709107355008e+01</elevationAngle>
      </geolocationGridPoint>
      <geolocationGridPoint>
        <azimuthTime>2015-05-16T13:34:41.123582</azimuthTime>
        <slantRangeTime>5.420968815167742e-03</slantRangeTime>
        <line>10493</line>
        <pixel>5390</pixel>
        <latitude>3.751191768781781e+01</latitude>
        <longitude>-1.117344416798765e+02</longitude>
        <height>2.004947137333333e+03</height>
        <incidenceAngle>3.252942314684050e+01</incidenceAngle>
        <elevationAngle>2.898650899340432e+01</elevationAngle>
      </geolocationGridPoint>
      <geolocationGridPoint>
        <azimuthTime>2015-05-16T13:34:41.123591</azimuthTime>
        <slantRangeTime>5.437722191663046e-03</slantRangeTime>
        <line>10493</line>
        <pixel>6468</pixel>
        <latitude>3.751965135086107e+01</latitude>
        <longitude>-1.117860684117525e+02</longitude>
        <height>2.004947137333333e+03</height>
        <incidenceAngle>3.284635004050656e+01</incidenceAngle>
        <elevationAngle>2.926166513424752e+01</elevationAngle>
      </geolocationGridPoint>
      <geolocationGridPoint>
        <azimuthTime>2015-05-16T13:34:41.123599</azimuthTime>
        <slantRangeTime>5.454475568158348e-03</slantRangeTime>
        <line>10493</line>
        <pixel>7546</pixel>
        <latitude>3.752729735449068e+01</latitude>
        <longitude>-1.118372689858103e+02</longitude>
        <height>2.004947137333333e+03</height>
        <incidenceAngle>3.315879349376354e+01</incidenceAngle>
        <elevationAngle>2.953269110752615e+01</elevationAngle>
      </geolocationGridPoint>
      <geolocationGridPoint>
        <azimuthTime>2015-05-16T13:34:41.123607</azimuthTime>
        <slantRangeTime>5.471228944653651e-03</slantRangeTime>
        <line>10493</line>
        <pixel>8624</pixel>
        <latitude>3.753485845406394e+01</latitude>
        <longitude>-1.118880579020188e+02</longitude>
        <height>2.004947137333333e+03</height>
        <incidenceAngle>3.346689041068276e+01</incidenceAngle>
        <elevationAngle>2.979971185566945e+01</elevationAngle>
      </geolocationGridPoint>
      <geolocationGridPoint>
        <azimuthTime>2015-05-16T13:34:41.123616</azimuthTime>
        <slantRangeTime>5.487982321148954e-03</slantRangeTime>
        <line>10493</line>
        <pixel>9702</pixel>
        <latitude>3.754233726075139e+01</latitude>
        <longitude>-1.119384489015965e+02</longitude>
        <height>2.004947137333333e+03</height>
        <incidenceAngle>3.377077087155252e+01</incidenceAngle>
        <elevationAngle>3.006284612312723e+01</elevationAngle>
      </geolocationGridPoint>
      <geolocationGridPoint>
        <azimuthTime>2015-05-16T13:34:41.123624</azimuthTime>
        <slantRangeTime>5.504735697644257e-03</slantRangeTime>
        <line>10493</line>
        <pixel>10780</pixel>
        <latitude>3.754973625176508e+01</latitude>
        <longitude>-1.119884550208395e+02</longitude>
        <height>2.004947137333333e+03</height>
        <incidenceAngle>3.407055860606257e+01</incidenceAngle>
        <elevationAngle>3.032220688515481e+01</elevationAngle>
      </geolocationGridPoint>
      <geolocationGridPoint>
        <azimuthTime>2015-05-16T13:34:41.123633</azimuthTime>
        <slantRangeTime>5.521489074139559e-03</slantRangeTime>
        <line>10493</line>
        <pixel>11858</pixel>
        <latitude>3.755705777967528e+01</latitude>
        <longitude>-1.120380886401551e+02</longitude>
        <height>2.004947137333333e+03</height>
        <incidenceAngle>3.436637142483954e+01</incidenceAngle>
        <elevationAngle>3.057790173890492e+01</elevationAngle>
      </geolocationGridPoint>
      <geolocationGridPoint>
        <azimuthTime>2015-05-16T13:34:41.123641</azimuthTime>
        <slantRangeTime>5.538242450634862e-03</slantRangeTime>
        <line>10493</line>
        <pixel>12936</pixel>
        <latitude>3.756430408091343e+01</latitude>
        <longitude>-1.120873615288105e+02</longitude>
        <height>2.004947137333333e+03</height>
        <incidenceAngle>3.465832161373826e+01</incidenceAngle>
        <elevationAngle>3.083003326080924e+01</elevationAngle>
      </geolocationGridPoint>
      <geolocationGridPoint>
        <azimuthTime>2015-05-16T13:34:41.123649</azimuthTime>
        <slantRangeTime>5.554995827130165e-03</slantRangeTime>
        <line>10493</line>
        <pixel>14014</pixel>
        <latitude>3.757147728354614e+01</latitude>
        <longitude>-1.121362848858453e+02</longitude>
        <height>2.004947137333333e+03</height>
        <incidenceAngle>3.494651629475988e+01</incidenceAngle>
        <elevationAngle>3.107869933375123e+01</elevationAngle>
      </geolocationGridPoint>
      <geolocationGridPoint>
        <azimuthTime>2015-05-16T13:34:41.123658</azimuthTime>
        <slantRangeTime>5.571749203625468e-03</slantRangeTime>
        <line>10493</line>
        <pixel>15092</pixel>
        <latitude>3.757857941439514e+01</latitude>
        <longitude>-1.121848693775414e+02</longitude>
        <height>2.004947137333333e+03</height>
        <incidenceAngle>3.523105775699246e+01</incidenceAngle>
        <elevationAngle>3.132399344710075e+01</elevationAngle>
      </geolocationGridPoint>
      <geolocationGridPoint>
        <azimuthTime>2015-05-16T13:34:41.123666</azimuthTime>
        <slantRangeTime>5.588502580120770e-03</slantRangeTime>
        <line>10493</line>
        <pixel>16170</pixel>
        <latitude>3.758561240556902e+01</latitude>
        <longitude>-1.122331251717984e+02</longitude>
        <height>2.004947137333333e+03</height>
        <incidenceAngle>3.551204376057714e+01</incidenceAngle>
        <elevationAngle>3.156600497232727e+01</elevationAngle>
      </geolocationGridPoint>
      <geolocationGridPoint>
        <azimuthTime>2015-05-16T13:34:41.123674</azimuthTime>
        <slantRangeTime>5.605255956616074e-03</slantRangeTime>
        <line>10493</line>
        <pixel>17248</pixel>
        <latitude>3.759257810046531e+01</latitude>
        <longitude>-1.122810619697189e+02</longitude>
        <height>2.004947137333333e+03</height>
        <incidenceAngle>3.578956781634337e+01</incidenceAngle>
        <elevationAngle>3.180481941658288e+01</elevationAngle>
      </geolocationGridPoint>
      <geolocationGridPoint>
        <azimuthTime>2015-05-16T13:34:41.123683</azimuthTime>
        <slantRangeTime>5.622009333111376e-03</slantRangeTime>
        <line>10493</line>
        <pixel>18326</pixel>
        <latitude>3.759947825929383e+01</latitude>
        <longitude>-1.123286890346763e+02</longitude>
        <height>2.004947137333333e+03</height>
        <incidenceAngle>3.606371944346262e+01</incidenceAngle>
        <elevationAngle>3.204051865638066e+01</elevationAngle>
      </geolocationGridPoint>
      <geolocationGridPoint>
        <azimuthTime>2015-05-16T13:34:41.123691</azimuthTime>
        <slantRangeTime>5.638762709606679e-03</slantRangeTime>
        <line>10493</line>
        <pixel>19404</pixel>
        <latitude>3.760631456416761e+01</latitude>
        <longitude>-1.123760152191065e+02</longitude>
        <height>2.004947137333333e+03</height>
        <incidenceAngle>3.633458440720550e+01</incidenceAngle>
        <elevationAngle>3.227318115325421e+01</elevationAngle>
      </geolocationGridPoint>
      <geolocationGridPoint>
        <azimuthTime>2015-05-16T13:34:41.123700</azimuthTime>
        <slantRangeTime>5.655516086101982e-03</slantRangeTime>
        <line>10493</line>
        <pixel>20482</pixel>
        <latitude>3.761308862380175e+01</latitude>
        <longitude>-1.124230489892344e+02</longitude>
        <height>2.004947137333333e+03</height>
        <incidenceAngle>3.660224493865044e+01</incidenceAngle>
        <elevationAngle>3.250288215307128e+01</elevationAngle>
      </geolocationGridPoint>
      <geolocationGridPoint>
        <azimuthTime>2015-05-16T13:34:41.123708</azimuthTime>
        <slantRangeTime>5.672082968610324e-03</slantRangeTime>
        <line>10493</line>
        <pixel>21548</pixel>
        <latitude>3.761972757532163e+01</latitude>
        <longitude>-1.124692795819933e+02</longitude>
        <height>2.004947137333333e+03</height>
        <incidenceAngle>3.686385213043109e+01</incidenceAngle>
        <elevationAngle>3.272718471146607e+01</elevationAngle>
      </geolocationGridPoint>
      <geolocationGridPoint>
        <azimuthTime>2015-05-16T13:34:43.884144</azimuthTime>
        <slantRangeTime>5.337201932691230e-03</slantRangeTime>
        <line>11992</line>
        <pixel>0</pixel>
        <latitude>3.730582643047344e+01</latitude>
        <longitude>-1.115097502435720e+02</longitude>
        <height>2.004947137333333e+03</height>
        <incidenceAngle>3.087709552391017e+01</incidenceAngle>
        <elevationAngle>2.754833995732255e+01</elevationAngle>
      </geolocationGridPoint>
      <geolocationGridPoint>
        <azimuthTime>2015-05-16T13:34:43.884153</azimuthTime>
        <slantRangeTime>5.353955309186532e-03</slantRangeTime>
        <line>11992</line>
        <pixel>1078</pixel>
        <latitude>3.731404405204500e+01</latitude>
        <longitude>-1.115636300038618e+02</longitude>
        <height>2.004947137333333e+03</height>
        <incidenceAngle>3.121870835363934e+01</incidenceAngle>
        <elevationAngle>2.784621713730789e+01</elevationAngle>
      </geolocationGridPoint>
      <geolocationGridPoint>
        <azimuthTime>2015-05-16T13:34:43.884161</azimuthTime>
        <slantRangeTime>5.370708685681835e-03</slantRangeTime>
        <line>11992</line>
        <pixel>2156</pixel>
        <latitude>3.732215783296496e+01</latitude>
        <longitude>-1.116169987426771e+02</longitude>
        <height>2.004947137333333e+03</height>
        <incidenceAngle>3.155503287805993e+01</incidenceAngle>
        <elevationAngle>2.813923015918060e+01</elevationAngle>
      </geolocationGridPoint>
      <geolocationGridPoint>
        <azimuthTime>2015-05-16T13:34:43.884170</azimuthTime>
        <slantRangeTime>5.387462062177138e-03</slantRangeTime>
        <line>11992</line>
        <pixel>3234</pixel>
        <latitude>3.733017170726318e+01</latitude>
        <longitude>-1.116698775184639e+02</longitude>
        <height>2.004947137333333e+03</height>
        <incidenceAngle>3.188626396847879e+01</incidenceAngle>
        <elevationAngle>2.842755651426883e+01</elevationAngle>
      </geolocationGridPoint>
      <geolocationGridPoint>
        <azimuthTime>2015-05-16T13:34:43.884178</azimuthTime>
        <slantRangeTime>5.404215438672440e-03</slantRangeTime>
        <line>11992</line>
        <pixel>4312</pixel>
        <latitude>3.733808858239057e+01</latitude>
        <longitude>-1.117222808678647e+02</longitude>
        <height>2.004947137333333e+03</height>
        <incidenceAngle>3.221254137357568e+01</incidenceAngle>
        <elevationAngle>2.871132388048016e+01</elevationAngle>
      </geolocationGridPoint>
      <geolocationGridPoint>
        <azimuthTime>2015-05-16T13:34:43.884186</azimuthTime>
        <slantRangeTime>5.420968815167742e-03</slantRangeTime>
        <line>11992</line>
        <pixel>5390</pixel>
        <latitude>3.734591198492105e+01</latitude>
        <longitude>-1.117742277039312e+02</longitude>
        <height>2.004947137333333e+03</height>
        <incidenceAngle>3.253404077049817e+01</incidenceAngle>
        <elevationAngle>2.899069232796653e+01</elevationAngle>
      </geolocationGridPoint>
      <geolocationGridPoint>
        <azimuthTime>2015-05-16T13:34:43.884195</azimuthTime>
        <slantRangeTime>5.437722191663046e-03</slantRangeTime>
        <line>11992</line>
        <pixel>6468</pixel>
        <latitude>3.735364498783853e+01</latitude>
        <longitude>-1.118257341823291e+02</longitude>
        <height>2.004947137333333e+03</height>
        <incidenceAngle>3.285091422402034e+01</incidenceAngle>
        <elevationAngle>2.926580056660413e+01</elevationAngle>
      </geolocationGridPoint>
      <geolocationGridPoint>
        <azimuthTime>2015-05-16T13:34:43.884203</azimuthTime>
        <slantRangeTime>5.454475568158348e-03</slantRangeTime>
        <line>11992</line>
        <pixel>7546</pixel>
        <latitude>3.736129049664129e+01</latitude>
        <longitude>-1.118768155782135e+02</longitude>
        <height>2.004947137333333e+03</height>
        <incidenceAngle>3.316330589022313e+01</incidenceAngle>
        <elevationAngle>2.953678012532001e+01</elevationAngle>
      </geolocationGridPoint>
      <geolocationGridPoint>
        <azimuthTime>2015-05-16T13:34:43.884211</azimuthTime>
        <slantRangeTime>5.471228944653651e-03</slantRangeTime>
        <line>11992</line>
        <pixel>8624</pixel>
        <latitude>3.736885126171272e+01</latitude>
        <longitude>-1.119274863512723e+02</longitude>
        <height>2.004947137333333e+03</height>
        <incidenceAngle>3.347135258815688e+01</incidenceAngle>
        <elevationAngle>2.980375586999293e+01</elevationAngle>
      </geolocationGridPoint>
      <geolocationGridPoint>
        <azimuthTime>2015-05-16T13:34:43.884220</azimuthTime>
        <slantRangeTime>5.487982321148954e-03</slantRangeTime>
        <line>11992</line>
        <pixel>9702</pixel>
        <latitude>3.737632988954579e+01</latitude>
        <longitude>-1.119777602047406e+02</longitude>
        <height>2.004947137333333e+03</height>
        <incidenceAngle>3.377518431911420e+01</incidenceAngle>
        <elevationAngle>3.006684647394852e+01</elevationAngle>
      </geolocationGridPoint>
      <geolocationGridPoint>
        <azimuthTime>2015-05-16T13:34:43.884228</azimuthTime>
        <slantRangeTime>5.504735697644257e-03</slantRangeTime>
        <line>11992</line>
        <pixel>10780</pixel>
        <latitude>3.738372885294731e+01</latitude>
        <longitude>-1.120276501390531e+02</longitude>
        <height>2.004947137333333e+03</height>
        <incidenceAngle>3.407492473927388e+01</incidenceAngle>
        <elevationAngle>3.032616484625733e+01</elevationAngle>
      </geolocationGridPoint>
      <geolocationGridPoint>
        <azimuthTime>2015-05-16T13:34:43.884237</azimuthTime>
        <slantRangeTime>5.521489074139559e-03</slantRangeTime>
        <line>11992</line>
        <pixel>11858</pixel>
        <latitude>3.739105050033382e+01</latitude>
        <longitude>-1.120771685007180e+02</longitude>
        <height>2.004947137333333e+03</height>
        <incidenceAngle>3.437069159075607e+01</incidenceAngle>
        <elevationAngle>3.058181852239426e+01</elevationAngle>
      </geolocationGridPoint>
      <geolocationGridPoint>
        <azimuthTime>2015-05-16T13:34:43.884245</azimuthTime>
        <slantRangeTime>5.538242450634862e-03</slantRangeTime>
        <line>11992</line>
        <pixel>12936</pixel>
        <latitude>3.739829706421511e+01</latitude>
        <longitude>-1.121263270269208e+02</longitude>
        <height>2.004947137333333e+03</height>
        <incidenceAngle>3.466259709548277e+01</incidenceAngle>
        <elevationAngle>3.083391002123212e+01</elevationAngle>
      </geolocationGridPoint>
      <geolocationGridPoint>
        <azimuthTime>2015-05-16T13:34:43.884253</azimuthTime>
        <slantRangeTime>5.554995827130165e-03</slantRangeTime>
        <line>11992</line>
        <pixel>14014</pixel>
        <latitude>3.740547066895104e+01</latitude>
        <longitude>-1.121751368863062e+02</longitude>
        <height>2.004947137333333e+03</height>
        <incidenceAngle>3.495074831571088e+01</incidenceAngle>
        <elevationAngle>3.108253717186739e+01</elevationAngle>
      </geolocationGridPoint>
      <geolocationGridPoint>
        <azimuthTime>2015-05-16T13:34:43.884262</azimuthTime>
        <slantRangeTime>5.571749203625468e-03</slantRangeTime>
        <line>11992</line>
        <pixel>15092</pixel>
        <latitude>3.741257333785574e+01</latitude>
        <longitude>-1.122236087163289e+02</longitude>
        <height>2.004947137333333e+03</height>
        <incidenceAngle>3.523524748462658e+01</incidenceAngle>
        <elevationAngle>3.132779341334311e+01</elevationAngle>
      </geolocationGridPoint>
      <geolocationGridPoint>
        <azimuthTime>2015-05-16T13:34:43.884270</azimuthTime>
        <slantRangeTime>5.588502580120770e-03</slantRangeTime>
        <line>11992</line>
        <pixel>16170</pixel>
        <latitude>3.741960699971495e+01</latitude>
        <longitude>-1.122717526575189e+02</longitude>
        <height>2.004947137333333e+03</height>
        <incidenceAngle>3.551619230999618e+01</incidenceAngle>
        <elevationAngle>3.156976806997817e+01</elevationAngle>
      </geolocationGridPoint>
      <geolocationGridPoint>
        <azimuthTime>2015-05-16T13:34:43.884279</azimuthTime>
        <slantRangeTime>5.605255956616074e-03</slantRangeTime>
        <line>11992</line>
        <pixel>17248</pixel>
        <latitude>3.742657349477517e+01</latitude>
        <longitude>-1.123195783849687e+02</longitude>
        <height>2.004947137333333e+03</height>
        <incidenceAngle>3.579367625352202e+01</incidenceAngle>
        <elevationAngle>3.180854660469872e+01</elevationAngle>
      </geolocationGridPoint>
      <geolocationGridPoint>
        <azimuthTime>2015-05-16T13:34:43.884287</azimuthTime>
        <slantRangeTime>5.622009333111376e-03</slantRangeTime>
        <line>11992</line>
        <pixel>18326</pixel>
        <latitude>3.743347458025505e+01</latitude>
        <longitude>-1.123670951373103e+02</longitude>
        <height>2.004947137333333e+03</height>
        <incidenceAngle>3.606778878824236e+01</incidenceAngle>
        <elevationAngle>3.204421085248781e+01</elevationAngle>
      </geolocationGridPoint>
      <geolocationGridPoint>
        <azimuthTime>2015-05-16T13:34:43.884295</azimuthTime>
        <slantRangeTime>5.638762709606679e-03</slantRangeTime>
        <line>11992</line>
        <pixel>19404</pixel>
        <latitude>3.744031193542556e+01</latitude>
        <longitude>-1.124143117434221e+02</longitude>
        <height>2.004947137333333e+03</height>
        <incidenceAngle>3.633861563605420e+01</incidenceAngle>
        <elevationAngle>3.227683923583403e+01</elevationAngle>
      </geolocationGridPoint>
      <geolocationGridPoint>
        <azimuthTime>2015-05-16T13:34:43.884304</azimuthTime>
        <slantRangeTime>5.655516086101982e-03</slantRangeTime>
        <line>11992</line>
        <pixel>20482</pixel>
        <latitude>3.744708716629885e+01</latitude>
        <longitude>-1.124612366470810e+02</longitude>
        <height>2.004947137333333e+03</height>
        <incidenceAngle>3.660623898721626e+01</incidenceAngle>
        <elevationAngle>3.250650696385977e+01</elevationAngle>
      </geolocationGridPoint>
      <geolocationGridPoint>
        <azimuthTime>2015-05-16T13:34:43.884312</azimuthTime>
        <slantRangeTime>5.672082968610324e-03</slantRangeTime>
        <line>11992</line>
        <pixel>21548</pixel>
        <latitude>3.745372739242917e+01</latitude>
        <longitude>-1.125073602642710e+02</longitude>
        <height>2.004947137333333e+03</height>
        <incidenceAngle>3.686781029499268e+01</incidenceAngle>
        <elevationAngle>3.273077741464601e+01</elevationAngle>
      </geolocationGridPoint>
      <geolocationGridPoint>
        <azimuthTime>2015-05-16T13:34:46.963368</azimuthTime>
        <slantRangeTime>5.337201932691230e-03</slantRangeTime>
        <line>13490</line>
        <pixel>0</pixel>
        <latitude>3.711964287499973e+01</latitude>
        <longitude>-1.115480642336819e+02</longitude>
        <height>1.645231158333333e+03</height>
        <incidenceAngle>3.082696634194509e+01</incidenceAngle>
        <elevationAngle>2.750310281678570e+01</elevationAngle>
      </geolocationGridPoint>
      <geolocationGridPoint>
        <azimuthTime>2015-05-16T13:34:46.963376</azimuthTime>
        <slantRangeTime>5.353955309186532e-03</slantRangeTime>
        <line>13490</line>
        <pixel>1078</pixel>
        <latitude>3.712787543857390e+01</latitude>
        <longitude>-1.116018919411039e+02</longitude>
        <height>1.645231158333333e+03</height>
        <incidenceAngle>3.116923150114078e+01</incidenceAngle>
        <elevationAngle>2.780156707422228e+01</elevationAngle>
      </geolocationGridPoint>
      <geolocationGridPoint>
        <azimuthTime>2015-05-16T13:34:46.963385</azimuthTime>
        <slantRangeTime>5.370708685681835e-03</slantRangeTime>
        <line>13490</line>
        <pixel>2156</pixel>
        <latitude>3.713600380179434e+01</latitude>
        <longitude>-1.116552070633993e+02</longitude>
        <height>1.645231158333333e+03</height>
        <incidenceAngle>3.150618555509000e+01</incidenceAngle>
        <elevationAngle>2.809514663374002e+01</elevationAngle>
      </geolocationGridPoint>
      <geolocationGridPoint>
        <azimuthTime>2015-05-16T13:34:46.963393</azimuthTime>
        <slantRangeTime>5.387462062177138e-03</slantRangeTime>
        <line>13490</line>
        <pixel>3234</pixel>
        <latitude>3.714403165355546e+01</latitude>
        <longitude>-1.117080289732258e+02</longitude>
        <height>1.645231158333333e+03</height>
        <incidenceAngle>3.183800966670495e+01</incidenceAngle>
        <elevationAngle>2.838400660762789e+01</elevationAngle>
      </geolocationGridPoint>
      <geolocationGridPoint>
        <azimuthTime>2015-05-16T13:34:46.963401</azimuthTime>
        <slantRangeTime>5.404215438672440e-03</slantRangeTime>
        <line>13490</line>
        <pixel>4312</pixel>
        <latitude>3.715196246759199e+01</latitude>
        <longitude>-1.117603759132965e+02</longitude>
        <height>1.645231158333333e+03</height>
        <incidenceAngle>3.216487488553481e+01</incidenceAngle>
        <elevationAngle>2.866830293087625e+01</elevationAngle>
      </geolocationGridPoint>
      <geolocationGridPoint>
        <azimuthTime>2015-05-16T13:34:46.963410</azimuthTime>
        <slantRangeTime>5.420968815167742e-03</slantRangeTime>
        <line>13490</line>
        <pixel>5390</pixel>
        <latitude>3.715979951947673e+01</latitude>
        <longitude>-1.118122650856547e+02</longitude>
        <height>1.645231158333333e+03</height>
        <incidenceAngle>3.248694293097829e+01</incidenceAngle>
        <elevationAngle>2.894818307042927e+01</elevationAngle>
      </geolocationGridPoint>
      <geolocationGridPoint>
        <azimuthTime>2015-05-16T13:34:46.963418</azimuthTime>
        <slantRangeTime>5.437722191663046e-03</slantRangeTime>
        <line>13490</line>
        <pixel>6468</pixel>
        <latitude>3.716754590193491e+01</latitude>
        <longitude>-1.118637127321074e+02</longitude>
        <height>1.645231158333333e+03</height>
        <incidenceAngle>3.280436689874344e+01</incidenceAngle>
        <elevationAngle>2.922378666500915e+01</elevationAngle>
      </geolocationGridPoint>
      <geolocationGridPoint>
        <azimuthTime>2015-05-16T13:34:46.963426</azimuthTime>
        <slantRangeTime>5.454475568158348e-03</slantRangeTime>
        <line>13490</line>
        <pixel>7546</pixel>
        <latitude>3.717520453867415e+01</latitude>
        <longitude>-1.119147342068624e+02</longitude>
        <height>1.645231158333333e+03</height>
        <incidenceAngle>3.311729189956468e+01</incidenceAngle>
        <elevationAngle>2.949524610365717e+01</elevationAngle>
      </geolocationGridPoint>
      <geolocationGridPoint>
        <azimuthTime>2015-05-16T13:34:46.963435</azimuthTime>
        <slantRangeTime>5.471228944653651e-03</slantRangeTime>
        <line>13490</line>
        <pixel>8624</pixel>
        <latitude>3.718277819690230e+01</latitude>
        <longitude>-1.119653440422730e+02</longitude>
        <height>1.645231158333333e+03</height>
        <incidenceAngle>3.342585563798438e+01</incidenceAngle>
        <elevationAngle>2.976268705004951e+01</elevationAngle>
      </geolocationGridPoint>
      <geolocationGridPoint>
        <azimuthTime>2015-05-16T13:34:46.963443</azimuthTime>
        <slantRangeTime>5.487982321148954e-03</slantRangeTime>
        <line>13490</line>
        <pixel>9702</pixel>
        <latitude>3.719026949868162e+01</latitude>
        <longitude>-1.120155560084703e+02</longitude>
        <height>1.645231158333333e+03</height>
        <incidenceAngle>3.373018893793917e+01</incidenceAngle>
        <elevationAngle>3.002622891868112e+01</elevationAngle>
      </geolocationGridPoint>
      <geolocationGridPoint>
        <azimuthTime>2015-05-16T13:34:46.963452</azimuthTime>
        <slantRangeTime>5.504735697644257e-03</slantRangeTime>
        <line>13490</line>
        <pixel>10780</pixel>
        <latitude>3.719768093124898e+01</latitude>
        <longitude>-1.120653831675652e+02</longitude>
        <height>1.645231158333333e+03</height>
        <incidenceAngle>3.403041622103834e+01</incidenceAngle>
        <elevationAngle>3.028598530824102e+01</elevationAngle>
      </geolocationGridPoint>
      <geolocationGridPoint>
        <azimuthTime>2015-05-16T13:34:46.963460</azimuthTime>
        <slantRangeTime>5.521489074139559e-03</slantRangeTime>
        <line>13490</line>
        <pixel>11858</pixel>
        <latitude>3.720501485641444e+01</latitude>
        <longitude>-1.121148379230093e+02</longitude>
        <height>1.645231158333333e+03</height>
        <incidenceAngle>3.432665594263673e+01</incidenceAngle>
        <elevationAngle>3.054206439679283e+01</elevationAngle>
      </geolocationGridPoint>
      <geolocationGridPoint>
        <azimuthTime>2015-05-16T13:34:46.963468</azimuthTime>
        <slantRangeTime>5.538242450634862e-03</slantRangeTime>
        <line>13490</line>
        <pixel>12936</pixel>
        <latitude>3.721227351913675e+01</latitude>
        <longitude>-1.121639320646334e+02</longitude>
        <height>1.645231158333333e+03</height>
        <incidenceAngle>3.461902099019350e+01</incidenceAngle>
        <elevationAngle>3.079456930282173e+01</elevationAngle>
      </geolocationGridPoint>
      <geolocationGridPoint>
        <azimuthTime>2015-05-16T13:34:46.963477</azimuthTime>
        <slantRangeTime>5.554995827130165e-03</slantRangeTime>
        <line>13490</line>
        <pixel>14014</pixel>
        <latitude>3.721945905536248e+01</latitude>
        <longitude>-1.122126768098164e+02</longitude>
        <height>1.645231158333333e+03</height>
        <incidenceAngle>3.490761904783181e+01</incidenceAngle>
        <elevationAngle>3.104359841568830e+01</elevationAngle>
      </geolocationGridPoint>
      <geolocationGridPoint>
        <azimuthTime>2015-05-16T13:34:46.963485</azimuthTime>
        <slantRangeTime>5.571749203625468e-03</slantRangeTime>
        <line>13490</line>
        <pixel>15092</pixel>
        <latitude>3.722657349920373e+01</latitude>
        <longitude>-1.122610828411830e+02</longitude>
        <height>1.645231158333333e+03</height>
        <incidenceAngle>3.519255293055670e+01</incidenceAngle>
        <elevationAngle>3.128924569861648e+01</elevationAngle>
      </geolocationGridPoint>
      <geolocationGridPoint>
        <azimuthTime>2015-05-16T13:34:46.963493</azimuthTime>
        <slantRangeTime>5.588502580120770e-03</slantRangeTime>
        <line>13490</line>
        <pixel>16170</pixel>
        <latitude>3.723361878952214e+01</latitude>
        <longitude>-1.123091603411803e+02</longitude>
        <height>1.645231158333333e+03</height>
        <incidenceAngle>3.547392089116690e+01</incidenceAngle>
        <elevationAngle>3.153160096696126e+01</elevationAngle>
      </geolocationGridPoint>
      <geolocationGridPoint>
        <azimuthTime>2015-05-16T13:34:46.963502</azimuthTime>
        <slantRangeTime>5.605255956616074e-03</slantRangeTime>
        <line>13490</line>
        <pixel>17248</pixel>
        <latitude>3.724059677597712e+01</latitude>
        <longitude>-1.123569190238429e+02</longitude>
        <height>1.645231158333333e+03</height>
        <incidenceAngle>3.575181690255067e+01</incidenceAngle>
        <elevationAngle>3.177075014418898e+01</elevationAngle>
      </geolocationGridPoint>
      <geolocationGridPoint>
        <azimuthTime>2015-05-16T13:34:46.963510</azimuthTime>
        <slantRangeTime>5.622009333111376e-03</slantRangeTime>
        <line>13490</line>
        <pixel>18326</pixel>
        <latitude>3.724750922459156e+01</latitude>
        <longitude>-1.124043681640215e+02</longitude>
        <height>1.645231158333333e+03</height>
        <incidenceAngle>3.602633091774529e+01</incidenceAngle>
        <elevationAngle>3.200677549772334e+01</elevationAngle>
      </geolocationGridPoint>
      <geolocationGridPoint>
        <azimuthTime>2015-05-16T13:34:46.963519</azimuthTime>
        <slantRangeTime>5.638762709606679e-03</slantRangeTime>
        <line>13490</line>
        <pixel>19404</pixel>
        <latitude>3.725435782288022e+01</latitude>
        <longitude>-1.124515166243165e+02</longitude>
        <height>1.645231158333333e+03</height>
        <incidenceAngle>3.629754910986946e+01</incidenceAngle>
        <elevationAngle>3.223975585656544e+01</elevationAngle>
      </geolocationGridPoint>
      <geolocationGridPoint>
        <azimuthTime>2015-05-16T13:34:46.963527</azimuthTime>
        <slantRangeTime>5.655516086101982e-03</slantRangeTime>
        <line>13490</line>
        <pixel>20482</pixel>
        <latitude>3.726114418458268e+01</latitude>
        <longitude>-1.124983728799332e+02</longitude>
        <height>1.645231158333333e+03</height>
        <incidenceAngle>3.656555409380842e+01</incidenceAngle>
        <elevationAngle>3.246976681238805e+01</elevationAngle>
      </geolocationGridPoint>
      <geolocationGridPoint>
        <azimuthTime>2015-05-16T13:34:46.963535</azimuthTime>
        <slantRangeTime>5.672082968610324e-03</slantRangeTime>
        <line>13490</line>
        <pixel>21548</pixel>
        <latitude>3.726779531432122e+01</latitude>
        <longitude>-1.125444281481131e+02</longitude>
        <height>1.645231158333333e+03</height>
        <incidenceAngle>3.682749362811987e+01</incidenceAngle>
        <elevationAngle>3.269436842120335e+01</elevationAngle>
      </geolocationGridPoint>
    </geolocationGridPointList>
  </geolocationGrid>
  <coordinateConversion>
    <coordinateConversionList count="0"/>
  </coordinateConversion>
  <swathMerging>
    <swathMergeList count="0"/>
  </swathMerging>
</product>
