<?xml version="1.0" encoding="UTF-8"?>
<product>
  <adsHeader>
    <missionId>S1A</missionId>
    <productType>SLC</productType>
    <polarisation>VV</polarisation>
    <mode>IW</mode>
    <swath>IW2</swath>
    <startTime>2015-05-16T13:34:20.002947</startTime>
    <stopTime>2015-05-16T13:34:47.929735</stopTime>
    <absoluteOrbitNumber>5947</absoluteOrbitNumber>
    <missionDataTakeId>31384</missionDataTakeId>
    <imageNumber>002</imageNumber>
  </adsHeader>
  <qualityInformation>
    <productQualityIndex>0.000000000000000e+00</productQualityIndex>
    <qualityDataList count="1">
      <qualityData>
        <azimuthTime>2015-05-16T13:34:20.002947</azimuthTime>
        <downlinkQuality>
          <iInputDataMean>2.266581058502197e-01</iInputDataMean>
          <qInputDataMean>3.237127065658569e-01</qInputDataMean>
          <inputDataMeanOutsideNominalRangeFlag>false</inputDataMeanOutsideNominalRangeFlag>
          <iInputDataStdDev>8.755509376525879e+00</iInputDataStdDev>
          <qInputDataStdDev>8.920121192932129e+00</qInputDataStdDev>
          <inputDataStDevOutsideNominalRangeFlag>false</inputDataStDevOutsideNominalRangeFlag>
          <numDownlinkInputDataGaps>0</numDownlinkInputDataGaps>
          <downlinkGapsInInputDataSignificantFlag>false</downlinkGapsInInputDataSignificantFlag>
          <numDownlinkInputMissingLines>0</numDownlinkInputMissingLines>
          <downlinkMissingLinesSignificantFlag>false</downlinkMissingLinesSignificantFlag>
          <numInstrumentInputDataGaps>0</numInstrumentInputDataGaps>
          <instrumentGapsInInputDataSignificantFlag>false</instrumentGapsInInputDataSignificantFlag>
          <numInstrumentInputMissingLines>0</numInstrumentInputMissingLines>
          <instrumentMissingLinesSignificantFlag>false</instrumentMissingLinesSignificantFlag>
          <numSsbErrorInputDataGaps>0</numSsbErrorInputDataGaps>
          <ssbErrorGapsInInputDataSignificantFlag>false</ssbErrorGapsInInputDataSignificantFlag>
          <numSsbErrorInputMissingLines>0</numSsbErrorInputMissingLines>
          <ssbErrorMissingLinesSignificantFlag>false</ssbErrorMissingLinesSignificantFlag>
          <chirpSourceUsed>Nominal</chirpSourceUsed>
          <pgSourceUsed>Extracted</pgSourceUsed>
          <rrfSpectrumUsed>Extended Tapered</rrfSpectrumUsed>
          <replicaReconstructionFailedFlag>false</replicaReconstructionFailedFlag>
          <meanPgProductAmplitude>6.259678602218628e-01</meanPgProductAmplitude>
          <stdDevPgProductAmplitude>3.647114848718047e-03</stdDevPgProductAmplitude>
          <meanPgProductPhase>2.778315842151642e-01</meanPgProductPhase>
          <stdDevPgProductPhase>1.148718688637018e-02</stdDevPgProductPhase>
          <pgProductDerivationFailedFlag>false</pgProductDerivationFailedFlag>
          <invalidDownlinkParamsFlag>true</invalidDownlinkParamsFlag>
        </downlinkQuality>
        <rawDataAnalysisQuality>
          <iBias>2.266581058502197e-01</iBias>
          <iBiasSignificanceFlag>true</iBiasSignificanceFlag>
          <qBias>3.237127065658569e-01</qBias>
          <qBiasSignificanceFlag>true</qBiasSignificanceFlag>
          <iqGainImbalance>9.815459847450256e-01</iqGainImbalance>
          <iqGainSignificanceFlag>true</iqGainSignificanceFlag>
          <iqQuadratureDeparture>7.858792692422867e-02</iqQuadratureDeparture>
          <iqQuadratureDepartureSignificanceFlag>true</iqQuadratureDepartureSignificanceFlag>
        </rawDataAnalysisQuality>
        <dopplerCentroidQuality>
          <dcMethod>Data Analysis</dcMethod>
          <dopplerCentroidUncertainFlag>false</dopplerCentroidUncertainFlag>
        </dopplerCentroidQuality>
        <imageQuality>
          <imageStatistics>
            <outputDataMean>
              <re>3.279532e-02</re>
              <im>-5.033522e-02</im>
            </outputDataMean>
            <outputDataStdDev>
              <re>6.505502e+01</re>
              <im>6.504633e+01</im>
            </outputDataStdDev>
          </imageStatistics>
          <outputDataMeanOutsideNominalRangeFlag>true</outputDataMeanOutsideNominalRangeFlag>
          <outputDataStDevOutsideNominalRangeFlag>true</outputDataStDevOutsideNominalRangeFlag>
        </imageQuality>
      </qualityData>
    </qualityDataList>
  </qualityInformation>
  <generalAnnotation>
    <productInformation>
      <pass>Descending</pass>
      <timelinessCategory>Fast-24h</timelinessCategory>
      <platformHeading>-1.667264827931349e+02</platformHeading>
      <projection>Slant Range</projection>
      <rangeSamplingRate>6.434523812571428e+07</rangeSamplingRate>
      <radarFrequency>5.405000454334350e+09</radarFrequency>
      <azimuthSteeringRate>9.798633249999998e-01</azimuthSteeringRate>
    </productInformation>
    <downlinkInformationList count="1">
      <downlinkInformation>
        <swath>IW2</swath>
        <azimuthTime>2015-05-16T13:34:20.002944</azimuthTime>
        <firstLineSensingTime>2015-05-16T13:31:24.493125</firstLineSensingTime>
        <lastLineSensingTime>2015-05-16T13:31:52.265513</lastLineSensingTime>
        <prf>1.451627112193990e+03</prf>
        <bitErrorCount>
          <numErrSyncMarker>0</numErrSyncMarker>
          <numErrDataTakeId>0</numErrDataTakeId>
          <numErrEccNumber>0</numErrEccNumber>
          <numErrTestMode>0</numErrTestMode>
          <numErrRxChannelId>0</numErrRxChannelId>
          <numErrInstrumentConfigId>0</numErrInstrumentConfigId>
          <numErrPacketCount>0</numErrPacketCount>
          <numErrPriCount>0</numErrPriCount>
          <numErrSsbErrorFlag>0</numErrSsbErrorFlag>
          <numErrBaqMode>0</numErrBaqMode>
          <numErrBaqBlockLength>0</numErrBaqBlockLength>
          <numErrRangeDecimation>0</numErrRangeDecimation>
          <numErrRxGain>0</numErrRxGain>
          <numErrTxRampRate>0</numErrTxRampRate>
          <numErrTxPulseStartFrequency>0</numErrTxPulseStartFrequency>
          <numErrRank>0</numErrRank>
          <numErrPri>0</numErrPri>
          <numErrSwst>0</numErrSwst>
          <numErrSwl>0</numErrSwl>
          <numErrPolarisation>0</numErrPolarisation>
          <numErrTempComp>0</numErrTempComp>
          <numErrElevationBeamAddress>0</numErrElevationBeamAddress>
          <numErrAzimuthBeamAddress>0</numErrAzimuthBeamAddress>
          <numErrSasTestMode>0</numErrSasTestMode>
          <numErrCalType>0</numErrCalType>
          <numErrCalibrationBeamAddress>0</numErrCalibrationBeamAddress>
          <numErrCalMode>0</numErrCalMode>
          <numErrTxPulseNumber>0</numErrTxPulseNumber>
          <numErrSignalType>0</numErrSignalType>
          <numErrSwapFlag>0</numErrSwapFlag>
          <numErrSwathNumber>0</numErrSwathNumber>
          <numErrNumberOfQuads>0</numErrNumberOfQuads>
          <numIspHeaderErrors>0</numIspHeaderErrors>
        </bitErrorCount>
        <downlinkValues>
          <pri>6.888821458346830e-04</pri>
          <rank>8</rank>
          <dataTakeId>12672</dataTakeId>
          <eccNumber>8</eccNumber>
          <rxChannelId>0</rxChannelId>
          <instrumentConfigId>3</instrumentConfigId>
          <dataFormat>
            <baqBlockLength>256</baqBlockLength>
            <echoFormat>FDBAQ</echoFormat>
            <noiseFormat>BAQ 5 Bit</noiseFormat>
            <calibrationFormat>Decimation</calibrationFormat>
            <meanBitRate>7.232865879646508e-01</meanBitRate>
          </dataFormat>
          <rangeDecimation>
            <decimationFilterBandwidth>4.835000000000000e+07</decimationFilterBandwidth>
            <samplingFrequencyAfterDecimation>5.459595962181818e+07</samplingFrequencyAfterDecimation>
            <filterLength>44</filterLength>
          </rangeDecimation>
          <rxGain>-4.000000000000000e+00</rxGain>
          <txPulseLength>6.199592966536363e-05</txPulseLength>
          <txPulseStartFrequency>-2.415503791125222e+07</txPulseStartFrequency>
          <txPulseRampRate>7.792817275120481e+11</txPulseRampRate>
          <swathNumber>11</swathNumber>
          <swlList count="1">
            <swl>
              <azimuthTime>2015-05-16T13:34:21.020264</azimuthTime>
              <value>4.437491209739135e-04</value>
            </swl>
          </swlList>
          <swstList count="2">
            <swst>
              <azimuthTime>2015-05-16T13:34:21.020264</azimuthTime>
              <value>1.411226641329743e-04</value>
            </swst>
            <swst>
              <azimuthTime>2015-05-16T13:34:45.844757</azimuthTime>
              <value>1.399504162149356e-04</value>
            </swst>
          </swstList>
          <pointingStatusList count="1">
            <pointingStatus>
              <azimuthTime>2015-05-16T13:31:22.909103</azimuthTime>
              <aocsOpMode>Normal Pointing Mode</aocsOpMode>
              <rollErrorFlag>false</rollErrorFlag>
              <pitchErrorFlag>false</pitchErrorFlag>
              <yawErrorFlag>false</yawErrorFlag>
            </pointingStatus>
          </pointingStatusList>
        </downlinkValues>
      </downlinkInformation>
    </downlinkInformationList>
    <orbitList count="31">
      <orbit>
        <time>2015-05-16T13:34:18.003000</time>
        <frame>Earth Fixed</frame>
        <position>
          <x>-1.627673504064629e+06</x>
          <y>-5.330030055895900e+06</y>
          <z>4.351479585691839e+06</z>
        </position>
        <velocity>
          <x>-3.014996978200084e+03</x>
          <y>-3.840417428389496e+03</y>
          <z>-5.815581501234154e+03</z>
        </velocity>
      </orbit>
      <orbit>
        <time>2015-05-16T13:34:19.003000</time>
        <frame>Earth Fixed</frame>
        <position>
          <x>-1.630687868232103e+06</x>
          <y>-5.333867264900520e+06</y>
          <z>4.345661548867026e+06</z>
        </position>
        <velocity>
          <x>-3.013731120459351e+03</x>
          <y>-3.834000658401613e+03</y>
          <z>-5.820492170154124e+03</z>
        </velocity>
      </orbit>
      <orbit>
        <time>2015-05-16T13:34:20.003000</time>
        <frame>Earth Fixed</frame>
        <position>
          <x>-1.633700963885940e+06</x>
          <y>-5.337698055591828e+06</y>
          <z>4.339838604201280e+06</z>
        </position>
        <velocity>
          <x>-3.012460187072521e+03</x>
          <y>-3.827579989425917e+03</y>
          <z>-5.825396275980436e+03</z>
        </velocity>
      </orbit>
      <orbit>
        <time>2015-05-16T13:34:21.003000</time>
        <frame>Earth Fixed</frame>
        <position>
          <x>-1.636712786110082e+06</x>
          <y>-5.341522423280191e+06</y>
          <z>4.334010759176046e+06</z>
        </position>
        <velocity>
          <x>-3.011184176807921e+03</x>
          <y>-3.821155431007703e+03</y>
          <z>-5.830293811277313e+03</z>
        </velocity>
      </orbit>
      <orbit>
        <time>2015-05-16T13:34:22.003000</time>
        <frame>Earth Fixed</frame>
        <position>
          <x>-1.639723331016543e+06</x>
          <y>-5.345340364089526e+06</y>
          <z>4.328178019906560e+06</z>
        </position>
        <velocity>
          <x>-3.009904602863823e+03</x>
          <y>-3.814726526645762e+03</y>
          <z>-5.835184770136354e+03</z>
        </velocity>
      </orbit>
      <orbit>
        <time>2015-05-16T13:34:23.003000</time>
        <frame>Earth Fixed</frame>
        <position>
          <x>-1.642732594166014e+06</x>
          <y>-5.349151873948712e+06</y>
          <z>4.322340392965354e+06</z>
        </position>
        <velocity>
          <x>-3.008621470568944e+03</x>
          <y>-3.808293284895325e+03</y>
          <z>-5.840069155382002e+03</z>
        </velocity>
      </orbit>
      <orbit>
        <time>2015-05-16T13:34:24.003000</time>
        <frame>Earth Fixed</frame>
        <position>
          <x>-1.645740571288079e+06</x>
          <y>-5.352956948738585e+06</y>
          <z>4.316497884942464e+06</z>
        </position>
        <velocity>
          <x>-3.007333259014659e+03</x>
          <y>-3.801856173712434e+03</y>
          <z>-5.844946942282008e+03</z>
        </velocity>
      </orbit>
      <orbit>
        <time>2015-05-16T13:34:25.003000</time>
        <frame>Earth Fixed</frame>
        <position>
          <x>-1.648747257941744e+06</x>
          <y>-5.356755584401815e+06</y>
          <z>4.310650502429919e+06</z>
        </position>
        <velocity>
          <x>-3.006039970657992e+03</x>
          <y>-3.795415204620075e+03</y>
          <z>-5.849818134599627e+03</z>
        </velocity>
      </orbit>
      <orbit>
        <time>2015-05-16T13:34:26.003000</time>
        <frame>Earth Fixed</frame>
        <position>
          <x>-1.651752650005589e+06</x>
          <y>-5.360547776791531e+06</y>
          <z>4.304798252023840e+06</z>
        </position>
        <velocity>
          <x>-3.004743123804507e+03</x>
          <y>-3.788969919065250e+03</y>
          <z>-5.854682727199386e+03</z>
        </velocity>
      </orbit>
      <orbit>
        <time>2015-05-16T13:34:27.003000</time>
        <frame>Earth Fixed</frame>
        <position>
          <x>-1.654756743041119e+06</x>
          <y>-5.364333521866938e+06</y>
          <z>4.298941140325399e+06</z>
        </position>
        <velocity>
          <x>-3.003442721189866e+03</x>
          <y>-3.782520324139456e+03</y>
          <z>-5.859540715297459e+03</z>
        </velocity>
      </orbit>
      <orbit>
        <time>2015-05-16T13:34:28.003000</time>
        <frame>Earth Fixed</frame>
        <position>
          <x>-1.657759532783925e+06</x>
          <y>-5.368112815542376e+06</y>
          <z>4.293079173940563e+06</z>
        </position>
        <velocity>
          <x>-3.002137245043544e+03</x>
          <y>-3.776066896730467e+03</y>
          <z>-5.864392094417261e+03</z>
        </velocity>
      </orbit>
      <orbit>
        <time>2015-05-16T13:34:29.003000</time>
        <frame>Earth Fixed</frame>
        <position>
          <x>-1.660761014797771e+06</x>
          <y>-5.371885653794134e+06</y>
          <z>4.287212359479869e+06</z>
        </position>
        <velocity>
          <x>-3.000826695212276e+03</x>
          <y>-3.769609646884793e+03</y>
          <z>-5.869236860308089e+03</z>
        </velocity>
      </orbit>
      <orbit>
        <time>2015-05-16T13:34:30.003000</time>
        <frame>Earth Fixed</frame>
        <position>
          <x>-1.663761184966936e+06</x>
          <y>-5.375652032508519e+06</y>
          <z>4.281340703558223e+06</z>
        </position>
        <velocity>
          <x>-2.999512594808840e+03</x>
          <y>-3.763148113270243e+03</y>
          <z>-5.874075008966309e+03</z>
        </velocity>
      </orbit>
      <orbit>
        <time>2015-05-16T13:34:31.003000</time>
        <frame>Earth Fixed</frame>
        <position>
          <x>-1.666760038858148e+06</x>
          <y>-5.379411947679139e+06</y>
          <z>4.275464212794745e+06</z>
        </position>
        <velocity>
          <x>-2.998194947055285e+03</x>
          <y>-3.756682303577691e+03</y>
          <z>-5.878906536602801e+03</z>
        </velocity>
      </orbit>
      <orbit>
        <time>2015-05-16T13:34:32.003000</time>
        <frame>Earth Fixed</frame>
        <position>
          <x>-1.669757572213067e+06</x>
          <y>-5.383165395254761e+06</y>
          <z>4.269582893812655e+06</z>
        </position>
        <velocity>
          <x>-2.996872230309765e+03</x>
          <y>-3.750212698574040e+03</y>
          <z>-5.883731439451927e+03</z>
        </velocity>
      </orbit>
      <orbit>
        <time>2015-05-16T13:34:33.003000</time>
        <frame>Earth Fixed</frame>
        <position>
          <x>-1.672753780571499e+06</x>
          <y>-5.386912371210538e+06</y>
          <z>4.263696753299310e+06</z>
        </position>
        <velocity>
          <x>-2.995544401240776e+03</x>
          <y>-3.743739255703913e+03</y>
          <z>-5.888549626263973e+03</z>
        </velocity>
      </orbit>
      <orbit>
        <time>2015-05-16T13:34:34.003000</time>
        <frame>Earth Fixed</frame>
        <position>
          <x>-1.675748659851034e+06</x>
          <y>-5.390652871499501e+06</y>
          <z>4.257805797832791e+06</z>
        </position>
        <velocity>
          <x>-2.994213079043204e+03</x>
          <y>-3.737261621972850e+03</y>
          <z>-5.893361278109258e+03</z>
        </velocity>
      </orbit>
      <orbit>
        <time>2015-05-16T13:34:35.003000</time>
        <frame>Earth Fixed</frame>
        <position>
          <x>-1.678742205633325e+06</x>
          <y>-5.394386892161386e+06</y>
          <z>4.251910034030668e+06</z>
        </position>
        <velocity>
          <x>-2.992878222117589e+03</x>
          <y>-3.730779750512431e+03</y>
          <z>-5.898166300833924e+03</z>
        </velocity>
      </orbit>
      <orbit>
        <time>2015-05-16T13:34:36.003000</time>
        <frame>Earth Fixed</frame>
        <position>
          <x>-1.681734413669075e+06</x>
          <y>-5.398114429182950e+06</y>
          <z>4.246009468527455e+06</z>
        </position>
        <velocity>
          <x>-2.991538303917351e+03</x>
          <y>-3.724294124673823e+03</y>
          <z>-5.902964689366495e+03</z>
        </velocity>
      </orbit>
      <orbit>
        <time>2015-05-16T13:34:37.003000</time>
        <frame>Earth Fixed</frame>
        <position>
          <x>-1.684725279535747e+06</x>
          <y>-5.401835478613088e+06</y>
          <z>4.240104107963151e+06</z>
        </position>
        <velocity>
          <x>-2.990193323500918e+03</x>
          <y>-3.717804753443320e+03</y>
          <z>-5.907756437884334e+03</z>
        </velocity>
      </orbit>
      <orbit>
        <time>2015-05-16T13:34:38.003000</time>
        <frame>Earth Fixed</frame>
        <position>
          <x>-1.687714799107033e+06</x>
          <y>-5.405550036416159e+06</y>
          <z>4.234193958983784e+06</z>
        </position>
        <velocity>
          <x>-2.988845576974910e+03</x>
          <y>-3.711310928220048e+03</y>
          <z>-5.912541539929952e+03</z>
        </velocity>
      </orbit>
      <orbit>
        <time>2015-05-16T13:34:39.003000</time>
        <frame>Earth Fixed</frame>
        <position>
          <x>-1.690702968037146e+06</x>
          <y>-5.409258098632241e+06</y>
          <z>4.228279028241954e+06</z>
        </position>
        <velocity>
          <x>-2.987492768855560e+03</x>
          <y>-3.704813371770984e+03</y>
          <z>-5.917319988407151e+03</z>
        </velocity>
      </orbit>
      <orbit>
        <time>2015-05-16T13:34:40.003000</time>
        <frame>Earth Fixed</frame>
        <position>
          <x>-1.693689782003193e+06</x>
          <y>-5.412959661301277e+06</y>
          <z>4.222359322397362e+06</z>
        </position>
        <velocity>
          <x>-2.986135664088376e+03</x>
          <y>-3.698311852054483e+03</y>
          <z>-5.922091775507324e+03</z>
        </velocity>
      </orbit>
      <orbit>
        <time>2015-05-16T13:34:41.003000</time>
        <frame>Earth Fixed</frame>
        <position>
          <x>-1.696675236608543e+06</x>
          <y>-5.416654720492919e+06</y>
          <z>4.216434848117281e+06</z>
        </position>
        <velocity>
          <x>-2.984773494827488e+03</x>
          <y>-3.691806615570310e+03</y>
          <z>-5.926856892941453e+03</z>
        </velocity>
      </orbit>
      <orbit>
        <time>2015-05-16T13:34:42.003000</time>
        <frame>Earth Fixed</frame>
        <position>
          <x>-1.699659327727381e+06</x>
          <y>-5.420343272198316e+06</y>
          <z>4.210505612076983e+06</z>
        </position>
        <velocity>
          <x>-2.983408562297788e+03</x>
          <y>-3.685296947165939e+03</y>
          <z>-5.931615331891488e+03</z>
        </velocity>
      </orbit>
      <orbit>
        <time>2015-05-16T13:34:43.003000</time>
        <frame>Earth Fixed</frame>
        <position>
          <x>-1.702642051059991e+06</x>
          <y>-5.424025312541434e+06</y>
          <z>4.204571620865870e+06</z>
        </position>
        <velocity>
          <x>-2.982038632270801e+03</x>
          <y>-3.678783657556248e+03</y>
          <z>-5.936367220499477e+03</z>
        </velocity>
      </orbit>
      <orbit>
        <time>2015-05-16T13:34:44.003000</time>
        <frame>Earth Fixed</frame>
        <position>
          <x>-1.705623402240180e+06</x>
          <y>-5.427700837536385e+06</y>
          <z>4.198632881259528e+06</z>
        </position>
        <velocity>
          <x>-2.980664326347597e+03</x>
          <y>-3.672266334633454e+03</y>
          <z>-5.941112259661633e+03</z>
        </velocity>
      </orbit>
      <orbit>
        <time>2015-05-16T13:34:45.003000</time>
        <frame>Earth Fixed</frame>
        <position>
          <x>-1.708603376854961e+06</x>
          <y>-5.431369843260427e+06</y>
          <z>4.192689399986795e+06</z>
        </position>
        <velocity>
          <x>-2.979284944670301e+03</x>
          <y>-3.665745312503059e+03</y>
          <z>-5.945850581479120e+03</z>
        </velocity>
      </orbit>
      <orbit>
        <time>2015-05-16T13:34:46.003000</time>
        <frame>Earth Fixed</frame>
        <position>
          <x>-1.711581970772501e+06</x>
          <y>-5.435032325723476e+06</y>
          <z>4.186741183765301e+06</z>
        </position>
        <velocity>
          <x>-2.977902795250707e+03</x>
          <y>-3.659219871553581e+03</y>
          <z>-5.950582178094638e+03</z>
        </velocity>
      </orbit>
      <orbit>
        <time>2015-05-16T13:34:47.003000</time>
        <frame>Earth Fixed</frame>
        <position>
          <x>-1.714559179640115e+06</x>
          <y>-5.438688281011904e+06</y>
          <z>4.180788239319646e+06</z>
        </position>
        <velocity>
          <x>-2.976515570163879e+03</x>
          <y>-3.652690744892483e+03</y>
          <z>-5.955307042578907e+03</z>
        </velocity>
      </orbit>
      <orbit>
        <time>2015-05-16T13:34:48.003000</time>
        <frame>Earth Fixed</frame>
        <position>
          <x>-1.717534995990033e+06</x>
          <y>-5.442337701518997e+06</y>
          <z>4.174830579469110e+06</z>
        </position>
        <velocity>
          <x>-2.975123269830851e+03</x>
          <y>-3.646157948023272e+03</y>
          <z>-5.960025164091003e+03</z>
        </velocity>
      </orbit>
    </orbitList>
    <attitudeList count="28">
      <attitude>
        <time>2015-05-16T13:34:20.874997</time>
        <frame>GM2000</frame>
        <q0>2.470092e-01</q0>
        <q1>4.687141e-01</q1>
        <q2>4.363077e-01</q2>
        <q3>7.272752e-01</q3>
        <wx>-7.356092100962996e-05</wx>
        <wy>-9.450638899579644e-04</wy>
        <wz>-4.930960130877793e-04</wz>
        <roll>2.849914089193882e+00</roll>
        <pitch>-6.395160043995295e+01</pitch>
        <yaw>6.014148476195779e+01</yaw>
      </attitude>
      <attitude>
        <time>2015-05-16T13:34:21.875002</time>
        <frame>GM2000</frame>
        <q0>2.474521e-01</q0>
        <q1>4.688828e-01</q1>
        <q2>4.362746e-01</q2>
        <q3>7.270356e-01</q3>
        <wx>-7.488583651138470e-05</wx>
        <wy>-9.458116837777197e-04</wy>
        <wz>-4.930922877974808e-04</wz>
        <roll>2.826414900783985e+00</roll>
        <pitch>-6.400032637899999e+01</pitch>
        <yaw>6.016731196520643e+01</yaw>
      </attitude>
      <attitude>
        <time>2015-05-16T13:34:22.874996</time>
        <frame>GM2000</frame>
        <q0>2.478950e-01</q0>
        <q1>4.690518e-01</q1>
        <q2>4.362413e-01</q2>
        <q3>7.267957e-01</q3>
        <wx>-7.369273225776851e-05</wx>
        <wy>-9.480643784627318e-04</wy>
        <wz>-4.928683047182858e-04</wz>
        <roll>2.802964286422626e+00</roll>
        <pitch>-6.404911355680171e+01</pitch>
        <yaw>6.019314035210792e+01</yaw>
      </attitude>
      <attitude>
        <time>2015-05-16T13:34:23.875001</time>
        <frame>GM2000</frame>
        <q0>2.483370e-01</q0>
        <q1>4.692207e-01</q1>
        <q2>4.362084e-01</q2>
        <q3>7.265555e-01</q3>
        <wx>-7.409194222418591e-05</wx>
        <wy>-9.458148269914091e-04</wy>
        <wz>-4.930947907269001e-04</wz>
        <roll>2.779636477092916e+00</roll>
        <pitch>-6.409786741856158e+01</pitch>
        <yaw>6.021899464331135e+01</yaw>
      </attitude>
      <attitude>
        <time>2015-05-16T13:34:24.874995</time>
        <frame>GM2000</frame>
        <q0>2.487780e-01</q0>
        <q1>4.693896e-01</q1>
        <q2>4.361755e-01</q2>
        <q3>7.263153e-01</q3>
        <wx>-7.448699761880562e-05</wx>
        <wy>-9.458144777454436e-04</wy>
        <wz>-4.919450148008764e-04</wz>
        <roll>2.756414357002011e+00</roll>
        <pitch>-6.414657260782823e+01</pitch>
        <yaw>6.024481444227104e+01</yaw>
      </attitude>
      <attitude>
        <time>2015-05-16T13:34:25.875000</time>
        <frame>GM2000</frame>
        <q0>2.492194e-01</q0>
        <q1>4.695580e-01</q1>
        <q2>4.361430e-01</q2>
        <q3>7.260746e-01</q3>
        <wx>-7.276615360751748e-05</wx>
        <wy>-9.428131161257625e-04</wy>
        <wz>-4.935563192702830e-04</wz>
        <roll>2.733197416618681e+00</roll>
        <pitch>-6.419528918734316e+01</pitch>
        <yaw>6.027074423747036e+01</yaw>
      </attitude>
      <attitude>
        <time>2015-05-16T13:34:26.874995</time>
        <frame>GM2000</frame>
        <q0>2.496609e-01</q0>
        <q1>4.697259e-01</q1>
        <q2>4.361100e-01</q2>
        <q3>7.258340e-01</q3>
        <wx>-7.196646765805781e-05</wx>
        <wy>-9.461889276280999e-04</wy>
        <wz>-4.921833169646561e-04</wz>
        <roll>2.709927328067293e+00</roll>
        <pitch>-6.424398213031749e+01</pitch>
        <yaw>6.029667209264689e+01</yaw>
      </attitude>
      <attitude>
        <time>2015-05-16T13:34:27.874999</time>
        <frame>GM2000</frame>
        <q0>2.501020e-01</q0>
        <q1>4.698936e-01</q1>
        <q2>4.360774e-01</q2>
        <q3>7.255932e-01</q3>
        <wx>-7.342947355937213e-05</wx>
        <wy>-9.420638089068234e-04</wy>
        <wz>-4.933237796649337e-04</wz>
        <roll>2.686749954703367e+00</roll>
        <pitch>-6.429264292904907e+01</pitch>
        <yaw>6.032264508772690e+01</yaw>
      </attitude>
      <attitude>
        <time>2015-05-16T13:34:28.875004</time>
        <frame>GM2000</frame>
        <q0>2.505431e-01</q0>
        <q1>4.700616e-01</q1>
        <q2>4.360442e-01</q2>
        <q3>7.253522e-01</q3>
        <wx>-7.449128315784037e-05</wx>
        <wy>-9.469395736232400e-04</wy>
        <wz>-4.937836201861501e-04</wz>
        <roll>2.663563180099493e+00</roll>
        <pitch>-6.434137459180765e+01</pitch>
        <yaw>6.034859793841729e+01</yaw>
      </attitude>
      <attitude>
        <time>2015-05-16T13:34:29.874998</time>
        <frame>GM2000</frame>
        <q0>2.509834e-01</q0>
        <q1>4.702290e-01</q1>
        <q2>4.360116e-01</q2>
        <q3>7.251109e-01</q3>
        <wx>-7.422621274599805e-05</wx>
        <wy>-9.443138842470944e-04</wy>
        <wz>-4.937822814099491e-04</wz>
        <roll>2.640492349682028e+00</roll>
        <pitch>-6.439001634059127e+01</pitch>
        <yaw>6.037460393559157e+01</yaw>
      </attitude>
      <attitude>
        <time>2015-05-16T13:34:30.875003</time>
        <frame>GM2000</frame>
        <q0>2.514245e-01</q0>
        <q1>4.703961e-01</q1>
        <q2>4.359787e-01</q2>
        <q3>7.248695e-01</q3>
        <wx>-7.290249050129205e-05</wx>
        <wy>-9.446882759220898e-04</wy>
        <wz>-4.951654118485749e-04</wz>
        <roll>2.617348781856103e+00</roll>
        <pitch>-6.443869863827489e+01</pitch>
        <yaw>6.040065169178879e+01</yaw>
      </attitude>
      <attitude>
        <time>2015-05-16T13:34:31.874998</time>
        <frame>GM2000</frame>
        <q0>2.518659e-01</q0>
        <q1>4.705634e-01</q1>
        <q2>4.359452e-01</q2>
        <q3>7.246278e-01</q3>
        <wx>-7.276615360751748e-05</wx>
        <wy>-9.428131161257625e-04</wy>
        <wz>-4.935563192702830e-04</wz>
        <roll>2.594190291105662e+00</roll>
        <pitch>-6.448745468067048e+01</pitch>
        <yaw>6.042671243888052e+01</yaw>
      </attitude>
      <attitude>
        <time>2015-05-16T13:34:32.875002</time>
        <frame>GM2000</frame>
        <q0>2.523074e-01</q0>
        <q1>4.707310e-01</q1>
        <q2>4.359117e-01</q2>
        <q3>7.243854e-01</q3>
        <wx>-7.436190207954496e-05</wx>
        <wy>-9.450645884498954e-04</wy>
        <wz>-4.949311260133982e-04</wz>
        <roll>2.571083299184019e+00</roll>
        <pitch>-6.453628536185623e+01</pitch>
        <yaw>6.045280038971796e+01</yaw>
      </attitude>
      <attitude>
        <time>2015-05-16T13:34:33.874998</time>
        <frame>GM2000</frame>
        <q0>2.527485e-01</q0>
        <q1>4.708981e-01</q1>
        <q2>4.358785e-01</q2>
        <q3>7.241430e-01</q3>
        <wx>-7.422384805977345e-05</wx>
        <wy>-9.454392711631954e-04</wy>
        <wz>-4.928644048050046e-04</wz>
        <roll>2.548012572959043e+00</roll>
        <pitch>-6.458505588793649e+01</pitch>
        <yaw>6.047894707076817e+01</yaw>
      </attitude>
      <attitude>
        <time>2015-05-16T13:34:34.875002</time>
        <frame>GM2000</frame>
        <q0>2.531908e-01</q0>
        <q1>4.710656e-01</q1>
        <q2>4.358445e-01</q2>
        <q3>7.239000e-01</q3>
        <wx>-7.303232996491715e-05</wx>
        <wy>-9.454385726712644e-04</wy>
        <wz>-4.940169164910913e-04</wz>
        <roll>2.524878807076700e+00</roll>
        <pitch>-6.463399581078379e+01</pitch>
        <yaw>6.050511287278399e+01</yaw>
      </attitude>
      <attitude>
        <time>2015-05-16T13:34:35.874996</time>
        <frame>GM2000</frame>
        <q0>2.536320e-01</q0>
        <q1>4.712327e-01</q1>
        <q2>4.358107e-01</q2>
        <q3>7.236571e-01</q3>
        <wx>-7.329975051106885e-05</wx>
        <wy>-9.469388751313090e-04</wy>
        <wz>-4.949360736645758e-04</wz>
        <roll>2.501832751900198e+00</roll>
        <pitch>-6.468283844490833e+01</pitch>
        <yaw>6.053126417453790e+01</yaw>
      </attitude>
      <attitude>
        <time>2015-05-16T13:34:36.875002</time>
        <frame>GM2000</frame>
        <q0>2.540736e-01</q0>
        <q1>4.713993e-01</q1>
        <q2>4.357768e-01</q2>
        <q3>7.234141e-01</q3>
        <wx>-7.462988287443295e-05</wx>
        <wy>-9.488146752119064e-04</wy>
        <wz>-4.963115788996220e-04</wz>
        <roll>2.478755184489268e+00</roll>
        <pitch>-6.473167408142876e+01</pitch>
        <yaw>6.055746570061657e+01</yaw>
      </attitude>
      <attitude>
        <time>2015-05-16T13:34:37.874995</time>
        <frame>GM2000</frame>
        <q0>2.545148e-01</q0>
        <q1>4.715660e-01</q1>
        <q2>4.357428e-01</q2>
        <q3>7.231708e-01</q3>
        <wx>-7.515768811572343e-05</wx>
        <wy>-9.461896261200309e-04</wy>
        <wz>-4.949293797835708e-04</wz>
        <roll>2.455741190219847e+00</roll>
        <pitch>-6.478052183659992e+01</pitch>
        <yaw>6.058367063880602e+01</yaw>
      </attitude>
      <attitude>
        <time>2015-05-16T13:34:38.875000</time>
        <frame>GM2000</frame>
        <q0>2.549563e-01</q0>
        <q1>4.717326e-01</q1>
        <q2>4.357084e-01</q2>
        <q3>7.229273e-01</q3>
        <wx>-7.356429705396295e-05</wx>
        <wy>-9.450637153349817e-04</wy>
        <wz>-4.944743122905493e-04</wz>
        <roll>2.432709429540922e+00</roll>
        <pitch>-6.482941939521767e+01</pitch>
        <yaw>6.060989599542914e+01</yaw>
      </attitude>
      <attitude>
        <time>2015-05-16T13:34:39.874995</time>
        <frame>GM2000</frame>
        <q0>2.553978e-01</q0>
        <q1>4.718992e-01</q1>
        <q2>4.356737e-01</q2>
        <q3>7.226836e-01</q3>
        <wx>-7.395850843749940e-05</wx>
        <wy>-9.450641227886081e-04</wy>
        <wz>-4.928649868816137e-04</wz>
        <roll>2.409680377934128e+00</roll>
        <pitch>-6.487834336284391e+01</pitch>
        <yaw>6.063612475606746e+01</yaw>
      </attitude>
      <attitude>
        <time>2015-05-16T13:34:40.874999</time>
        <frame>GM2000</frame>
        <q0>2.558387e-01</q0>
        <q1>4.720657e-01</q1>
        <q2>4.356391e-01</q2>
        <q3>7.224397e-01</q3>
        <wx>-7.382853073067963e-05</wx>
        <wy>-9.454389219172299e-04</wy>
        <wz>-4.940144135616720e-04</wz>
        <roll>2.386743949495911e+00</roll>
        <pitch>-6.492725229330374e+01</pitch>
        <yaw>6.066235406795530e+01</yaw>
      </attitude>
      <attitude>
        <time>2015-05-16T13:34:41.875004</time>
        <frame>GM2000</frame>
        <q0>2.562791e-01</q0>
        <q1>4.722321e-01</q1>
        <q2>4.356047e-01</q2>
        <q3>7.221956e-01</q3>
        <wx>-7.528738933615386e-05</wx>
        <wy>-9.480650769546628e-04</wy>
        <wz>-4.937819903716445e-04</wz>
        <roll>2.363873789348890e+00</roll>
        <pitch>-6.497613535414152e+01</pitch>
        <yaw>6.068861087884336e+01</yaw>
      </attitude>
      <attitude>
        <time>2015-05-16T13:34:42.874999</time>
        <frame>GM2000</frame>
        <q0>2.567202e-01</q0>
        <q1>4.723983e-01</q1>
        <q2>4.355700e-01</q2>
        <q3>7.219510e-01</q3>
        <wx>-7.303344318643212e-05</wx>
        <wy>-9.454385144636035e-04</wy>
        <wz>-4.944764077663422e-04</wz>
        <roll>2.340965929338529e+00</roll>
        <pitch>-6.502508369040957e+01</pitch>
        <yaw>6.071493254281719e+01</yaw>
      </attitude>
      <attitude>
        <time>2015-05-16T13:34:43.875003</time>
        <frame>GM2000</frame>
        <q0>2.571605e-01</q0>
        <q1>4.725642e-01</q1>
        <q2>4.355354e-01</q2>
        <q3>7.217066e-01</q3>
        <wx>-7.409832323901355e-05</wx>
        <wy>-9.469388169236481e-04</wy>
        <wz>-4.958523204550147e-04</wz>
        <roll>2.318133214211321e+00</roll>
        <pitch>-6.507395324828937e+01</pitch>
        <yaw>6.074123399742228e+01</yaw>
      </attitude>
      <attitude>
        <time>2015-05-16T13:34:44.874998</time>
        <frame>GM2000</frame>
        <q0>2.576005e-01</q0>
        <q1>4.727294e-01</q1>
        <q2>4.355008e-01</q2>
        <q3>7.214624e-01</q3>
        <wx>-7.303289748961106e-05</wx>
        <wy>-9.431886719539762e-04</wy>
        <wz>-4.940151120536029e-04</wz>
        <roll>2.295299890387484e+00</roll>
        <pitch>-6.512277357372929e+01</pitch>
        <yaw>6.076755734531480e+01</yaw>
      </attitude>
      <attitude>
        <time>2015-05-16T13:34:45.875003</time>
        <frame>GM2000</frame>
        <q0>2.580405e-01</q0>
        <q1>4.728945e-01</q1>
        <q2>4.354665e-01</q2>
        <q3>7.212176e-01</q3>
        <wx>-7.210452167782933e-05</wx>
        <wy>-9.435631218366325e-04</wy>
        <wz>-4.942482919432223e-04</wz>
        <roll>2.272524303476651e+00</roll>
        <pitch>-6.517159745821417e+01</pitch>
        <yaw>6.079395381776735e+01</yaw>
      </attitude>
      <attitude>
        <time>2015-05-16T13:34:46.874998</time>
        <frame>GM2000</frame>
        <q0>2.584806e-01</q0>
        <q1>4.730592e-01</q1>
        <q2>4.354318e-01</q2>
        <q3>7.209729e-01</q3>
        <wx>-7.303289748961106e-05</wx>
        <wy>-9.431886719539762e-04</wy>
        <wz>-4.940151120536029e-04</wz>
        <roll>2.249726112567289e+00</roll>
        <pitch>-6.522041482705283e+01</pitch>
        <yaw>6.082034949523585e+01</yaw>
      </attitude>
      <attitude>
        <time>2015-05-16T13:34:47.875002</time>
        <frame>GM2000</frame>
        <q0>2.589211e-01</q0>
        <q1>4.732234e-01</q1>
        <q2>4.353969e-01</q2>
        <q3>7.207282e-01</q3>
        <wx>-7.130480662453920e-05</wx>
        <wy>-9.446882177144289e-04</wy>
        <wz>-4.928734269924462e-04</wz>
        <roll>2.226870355317348e+00</roll>
        <pitch>-6.526922783330878e+01</pitch>
        <yaw>6.084677962032923e+01</yaw>
      </attitude>
    </attitudeList>
    <rawDataAnalysisList count="1">
      <rawDataAnalysis>
        <azimuthTime>2015-05-16T13:34:20.002944</azimuthTime>
        <iBias>2.623741924762726e-01</iBias>
        <qBias>3.577229976654053e-01</qBias>
        <iqQuadratureDeparture>1.033093966543674e-02</iqQuadratureDeparture>
        <iqGainImbalance>9.857134819030762e-01</iqGainImbalance>
        <support>
          <iBiasUpperBound>9.008144959807396e-03</iBiasUpperBound>
          <iBiasLowerBound>-9.008144959807396e-03</iBiasLowerBound>
          <qBiasUpperBound>9.138706140220165e-03</qBiasUpperBound>
          <qBiasLowerBound>-9.138706140220165e-03</qBiasLowerBound>
          <iqGainUpperBound>1.001096963882446e+00</iqGainUpperBound>
          <iqGainLowerBound>9.989029765129089e-01</iqGainLowerBound>
          <iqQuadratureDepartureUpperBound>9.070841073989868e-01</iqQuadratureDepartureUpperBound>
          <iqQuadratureDepartureLowerBound>-8.864247202873230e-01</iqQuadratureDepartureLowerBound>
          <iBiasUsedForCorrection>2.266581058502197e-01</iBiasUsedForCorrection>
          <qBiasUsedForCorrection>3.237127065658569e-01</qBiasUsedForCorrection>
          <iqGainImbalanceUsedForCorrection>9.815459847450256e-01</iqGainImbalanceUsedForCorrection>
          <iqQuadratureDepartureUsedForCorrection>7.858792692422867e-02</iqQuadratureDepartureUsedForCorrection>
        </support>
      </rawDataAnalysis>
    </rawDataAnalysisList>
    <replicaInformationList count="1">
      <replicaInformation>
        <swath>IW2</swath>
        <referenceReplica>
          <azimuthTime>2015-05-16T13:34:20.188061</azimuthTime>
          <chirpSource>Nominal</chirpSource>
          <pgSource>Extracted</pgSource>
          <amplitudeCoefficients count="4">1.000000e+00 0.000000e+00 0.000000e+00 0.000000e+00</amplitudeCoefficients>
          <phaseCoefficients count="4">0.000000e+00 1.109673e+03 3.896409e+11 0.000000e+00</phaseCoefficients>
          <timeDelay>4.448763e-07</timeDelay>
          <gain>
            <re>1.000000e+00</re>
            <im>0.000000e+00</im>
          </gain>
        </referenceReplica>
        <replicaList count="13">
          <replica>
            <azimuthTime>2015-05-16T13:34:00.866089</azimuthTime>
            <crossCorrelationBandwidth>9.857084e-01</crossCorrelationBandwidth>
            <crossCorrelationPslr>-1.280158e+01</crossCorrelationPslr>
            <crossCorrelationIslr>-9.598570e+00</crossCorrelationIslr>
            <crossCorrelationPeakLocation>0.000000e+00</crossCorrelationPeakLocation>
            <reconstructedReplicaValidFlag>true</reconstructedReplicaValidFlag>
            <pgProductAmplitude>8.821842e-04</pgProductAmplitude>
            <pgProductPhase>2.790031e-01</pgProductPhase>
            <modelPgProductAmplitude>6.346600e-01</modelPgProductAmplitude>
            <modelPgProductPhase>0.000000e+00</modelPgProductPhase>
            <relativePgProductValidFlag>true</relativePgProductValidFlag>
            <absolutePgProductValidFlag>true</absolutePgProductValidFlag>
            <internalTimeDelay>4.448765e-07</internalTimeDelay>
          </replica>
          <replica>
            <azimuthTime>2015-05-16T13:34:06.382645</azimuthTime>
            <crossCorrelationBandwidth>9.857768e-01</crossCorrelationBandwidth>
            <crossCorrelationPslr>-1.280216e+01</crossCorrelationPslr>
            <crossCorrelationIslr>-9.601948e+00</crossCorrelationIslr>
            <crossCorrelationPeakLocation>0.000000e+00</crossCorrelationPeakLocation>
            <reconstructedReplicaValidFlag>true</reconstructedReplicaValidFlag>
            <pgProductAmplitude>8.827617e-04</pgProductAmplitude>
            <pgProductPhase>2.826991e-01</pgProductPhase>
            <modelPgProductAmplitude>6.346600e-01</modelPgProductAmplitude>
            <modelPgProductPhase>0.000000e+00</modelPgProductPhase>
            <relativePgProductValidFlag>true</relativePgProductValidFlag>
            <absolutePgProductValidFlag>true</absolutePgProductValidFlag>
            <internalTimeDelay>4.448736e-07</internalTimeDelay>
          </replica>
          <replica>
            <azimuthTime>2015-05-16T13:34:11.899185</azimuthTime>
            <crossCorrelationBandwidth>9.855356e-01</crossCorrelationBandwidth>
            <crossCorrelationPslr>-1.278792e+01</crossCorrelationPslr>
            <crossCorrelationIslr>-9.595726e+00</crossCorrelationIslr>
            <crossCorrelationPeakLocation>0.000000e+00</crossCorrelationPeakLocation>
            <reconstructedReplicaValidFlag>true</reconstructedReplicaValidFlag>
            <pgProductAmplitude>8.829760e-04</pgProductAmplitude>
            <pgProductPhase>2.798779e-01</pgProductPhase>
            <modelPgProductAmplitude>6.346600e-01</modelPgProductAmplitude>
            <modelPgProductPhase>0.000000e+00</modelPgProductPhase>
            <relativePgProductValidFlag>true</relativePgProductValidFlag>
            <absolutePgProductValidFlag>true</absolutePgProductValidFlag>
            <internalTimeDelay>4.448739e-07</internalTimeDelay>
          </replica>
          <replica>
            <azimuthTime>2015-05-16T13:34:17.415756</azimuthTime>
            <crossCorrelationBandwidth>9.856005e-01</crossCorrelationBandwidth>
            <crossCorrelationPslr>-1.279039e+01</crossCorrelationPslr>
            <crossCorrelationIslr>-9.592683e+00</crossCorrelationIslr>
            <crossCorrelationPeakLocation>0.000000e+00</crossCorrelationPeakLocation>
            <reconstructedReplicaValidFlag>true</reconstructedReplicaValidFlag>
            <pgProductAmplitude>8.818257e-04</pgProductAmplitude>
            <pgProductPhase>2.742082e-01</pgProductPhase>
            <modelPgProductAmplitude>6.346600e-01</modelPgProductAmplitude>
            <modelPgProductPhase>0.000000e+00</modelPgProductPhase>
            <relativePgProductValidFlag>true</relativePgProductValidFlag>
            <absolutePgProductValidFlag>true</absolutePgProductValidFlag>
            <internalTimeDelay>4.448760e-07</internalTimeDelay>
          </replica>
          <replica>
            <azimuthTime>2015-05-16T13:34:22.932304</azimuthTime>
            <crossCorrelationBandwidth>9.853033e-01</crossCorrelationBandwidth>
            <crossCorrelationPslr>-1.280094e+01</crossCorrelationPslr>
            <crossCorrelationIslr>-9.582110e+00</crossCorrelationIslr>
            <crossCorrelationPeakLocation>0.000000e+00</crossCorrelationPeakLocation>
            <reconstructedReplicaValidFlag>true</reconstructedReplicaValidFlag>
            <pgProductAmplitude>8.833877e-04</pgProductAmplitude>
            <pgProductPhase>2.741002e-01</pgProductPhase>
            <modelPgProductAmplitude>6.346600e-01</modelPgProductAmplitude>
            <modelPgProductPhase>0.000000e+00</modelPgProductPhase>
            <relativePgProductValidFlag>true</relativePgProductValidFlag>
            <absolutePgProductValidFlag>true</absolutePgProductValidFlag>
            <internalTimeDelay>4.448754e-07</internalTimeDelay>
          </replica>
          <replica>
            <azimuthTime>2015-05-16T13:34:28.448853</azimuthTime>
            <crossCorrelationBandwidth>9.853517e-01</crossCorrelationBandwidth>
            <crossCorrelationPslr>-1.278574e+01</crossCorrelationPslr>
            <crossCorrelationIslr>-9.579429e+00</crossCorrelationIslr>
            <crossCorrelationPeakLocation>0.000000e+00</crossCorrelationPeakLocation>
            <reconstructedReplicaValidFlag>true</reconstructedReplicaValidFlag>
            <pgProductAmplitude>8.836798e-04</pgProductAmplitude>
            <pgProductPhase>2.739700e-01</pgProductPhase>
            <modelPgProductAmplitude>6.346600e-01</modelPgProductAmplitude>
            <modelPgProductPhase>0.000000e+00</modelPgProductPhase>
            <relativePgProductValidFlag>true</relativePgProductValidFlag>
            <absolutePgProductValidFlag>true</absolutePgProductValidFlag>
            <internalTimeDelay>4.448760e-07</internalTimeDelay>
          </replica>
          <replica>
            <azimuthTime>2015-05-16T13:34:33.965416</azimuthTime>
            <crossCorrelationBandwidth>9.858040e-01</crossCorrelationBandwidth>
            <crossCorrelationPslr>-1.280722e+01</crossCorrelationPslr>
            <crossCorrelationIslr>-9.604172e+00</crossCorrelationIslr>
            <crossCorrelationPeakLocation>0.000000e+00</crossCorrelationPeakLocation>
            <reconstructedReplicaValidFlag>true</reconstructedReplicaValidFlag>
            <pgProductAmplitude>8.842504e-04</pgProductAmplitude>
            <pgProductPhase>2.740814e-01</pgProductPhase>
            <modelPgProductAmplitude>6.346600e-01</modelPgProductAmplitude>
            <modelPgProductPhase>0.000000e+00</modelPgProductPhase>
            <relativePgProductValidFlag>true</relativePgProductValidFlag>
            <absolutePgProductValidFlag>true</absolutePgProductValidFlag>
            <internalTimeDelay>4.448765e-07</internalTimeDelay>
          </replica>
          <replica>
            <azimuthTime>2015-05-16T13:34:39.481964</azimuthTime>
            <crossCorrelationBandwidth>9.857796e-01</crossCorrelationBandwidth>
            <crossCorrelationPslr>-1.282188e+01</crossCorrelationPslr>
            <crossCorrelationIslr>-9.600348e+00</crossCorrelationIslr>
            <crossCorrelationPeakLocation>0.000000e+00</crossCorrelationPeakLocation>
            <reconstructedReplicaValidFlag>true</reconstructedReplicaValidFlag>
            <pgProductAmplitude>8.853109e-04</pgProductAmplitude>
            <pgProductPhase>2.758159e-01</pgProductPhase>
            <modelPgProductAmplitude>6.346600e-01</modelPgProductAmplitude>
            <modelPgProductPhase>0.000000e+00</modelPgProductPhase>
            <relativePgProductValidFlag>true</relativePgProductValidFlag>
            <absolutePgProductValidFlag>true</absolutePgProductValidFlag>
            <internalTimeDelay>4.448758e-07</internalTimeDelay>
          </replica>
          <replica>
            <azimuthTime>2015-05-16T13:34:44.998520</azimuthTime>
            <crossCorrelationBandwidth>9.854740e-01</crossCorrelationBandwidth>
            <crossCorrelationPslr>-1.280109e+01</crossCorrelationPslr>
            <crossCorrelationIslr>-9.586899e+00</crossCorrelationIslr>
            <crossCorrelationPeakLocation>0.000000e+00</crossCorrelationPeakLocation>
            <reconstructedReplicaValidFlag>true</reconstructedReplicaValidFlag>
            <pgProductAmplitude>8.854707e-04</pgProductAmplitude>
            <pgProductPhase>2.787452e-01</pgProductPhase>
            <modelPgProductAmplitude>6.346600e-01</modelPgProductAmplitude>
            <modelPgProductPhase>0.000000e+00</modelPgProductPhase>
            <relativePgProductValidFlag>true</relativePgProductValidFlag>
            <absolutePgProductValidFlag>true</absolutePgProductValidFlag>
            <internalTimeDelay>4.448754e-07</internalTimeDelay>
          </replica>
          <replica>
            <azimuthTime>2015-05-16T13:34:50.515076</azimuthTime>
            <crossCorrelationBandwidth>9.851915e-01</crossCorrelationBandwidth>
            <crossCorrelationPslr>-1.278283e+01</crossCorrelationPslr>
            <crossCorrelationIslr>-9.573843e+00</crossCorrelationIslr>
            <crossCorrelationPeakLocation>0.000000e+00</crossCorrelationPeakLocation>
            <reconstructedReplicaValidFlag>true</reconstructedReplicaValidFlag>
            <pgProductAmplitude>8.853548e-04</pgProductAmplitude>
            <pgProductPhase>2.815804e-01</pgProductPhase>
            <modelPgProductAmplitude>6.346600e-01</modelPgProductAmplitude>
            <modelPgProductPhase>0.000000e+00</modelPgProductPhase>
            <relativePgProductValidFlag>true</relativePgProductValidFlag>
            <absolutePgProductValidFlag>true</absolutePgProductValidFlag>
            <internalTimeDelay>4.448760e-07</internalTimeDelay>
          </replica>
          <replica>
            <azimuthTime>2015-05-16T13:34:56.031624</azimuthTime>
            <crossCorrelationBandwidth>9.856988e-01</crossCorrelationBandwidth>
            <crossCorrelationPslr>-1.280567e+01</crossCorrelationPslr>
            <crossCorrelationIslr>-9.598524e+00</crossCorrelationIslr>
            <crossCorrelationPeakLocation>0.000000e+00</crossCorrelationPeakLocation>
            <reconstructedReplicaValidFlag>true</reconstructedReplicaValidFlag>
            <pgProductAmplitude>8.855159e-04</pgProductAmplitude>
            <pgProductPhase>2.828538e-01</pgProductPhase>
            <modelPgProductAmplitude>6.346600e-01</modelPgProductAmplitude>
            <modelPgProductPhase>0.000000e+00</modelPgProductPhase>
            <relativePgProductValidFlag>true</relativePgProductValidFlag>
            <absolutePgProductValidFlag>true</absolutePgProductValidFlag>
            <internalTimeDelay>4.448777e-07</internalTimeDelay>
          </replica>
          <replica>
            <azimuthTime>2015-05-16T13:35:01.548187</azimuthTime>
            <crossCorrelationBandwidth>9.857570e-01</crossCorrelationBandwidth>
            <crossCorrelationPslr>-1.279774e+01</crossCorrelationPslr>
            <crossCorrelationIslr>-9.604323e+00</crossCorrelationIslr>
            <crossCorrelationPeakLocation>0.000000e+00</crossCorrelationPeakLocation>
            <reconstructedReplicaValidFlag>true</reconstructedReplicaValidFlag>
            <pgProductAmplitude>8.862960e-04</pgProductAmplitude>
            <pgProductPhase>2.763912e-01</pgProductPhase>
            <modelPgProductAmplitude>6.346600e-01</modelPgProductAmplitude>
            <modelPgProductPhase>0.000000e+00</modelPgProductPhase>
            <relativePgProductValidFlag>true</relativePgProductValidFlag>
            <absolutePgProductValidFlag>true</absolutePgProductValidFlag>
            <internalTimeDelay>4.448803e-07</internalTimeDelay>
          </replica>
          <replica>
            <azimuthTime>2015-05-16T13:35:07.064735</azimuthTime>
            <crossCorrelationBandwidth>9.855000e-01</crossCorrelationBandwidth>
            <crossCorrelationPslr>-1.279486e+01</crossCorrelationPslr>
            <crossCorrelationIslr>-9.589365e+00</crossCorrelationIslr>
            <crossCorrelationPeakLocation>0.000000e+00</crossCorrelationPeakLocation>
            <reconstructedReplicaValidFlag>true</reconstructedReplicaValidFlag>
            <pgProductAmplitude>8.856256e-04</pgProductAmplitude>
            <pgProductPhase>2.784842e-01</pgProductPhase>
            <modelPgProductAmplitude>6.346600e-01</modelPgProductAmplitude>
            <modelPgProductPhase>0.000000e+00</modelPgProductPhase>
            <relativePgProductValidFlag>true</relativePgProductValidFlag>
            <absolutePgProductValidFlag>true</absolutePgProductValidFlag>
            <internalTimeDelay>4.448777e-07</internalTimeDelay>
          </replica>
        </replicaList>
      </replicaInformation>
    </replicaInformationList>
    <noiseList count="0"/>
    <terrainHeightList count="5">
      <terrainHeight>
        <azimuthTime>2015-05-16T13:34:10.002947</azimuthTime>
        <value>2.135223671428572e+03</value>
      </terrainHeight>
      <terrainHeight>
        <azimuthTime>2015-05-16T13:34:20.002947</azimuthTime>
        <value>2.128991500000000e+03</value>
      </terrainHeight>
      <terrainHeight>
        <azimuthTime>2015-05-16T13:34:30.002947</azimuthTime>
        <value>2.491377375833333e+03</value>
      </terrainHeight>
      <terrainHeight>
        <azimuthTime>2015-05-16T13:34:40.002947</azimuthTime>
        <value>2.204537442857143e+03</value>
      </terrainHeight>
      <terrainHeight>
        <azimuthTime>2015-05-16T13:34:50.002947</azimuthTime>
        <value>1.680999214285714e+03</value>
      </terrainHeight>
    </terrainHeightList>
    <azimuthFmRateList count="10">
      <azimuthFmRate>
        <azimuthTime>2015-05-16T13:34:21.553459</azimuthTime>
        <t0>5.646937362701790e-03</t0>
        <azimuthFmRatePolynomial count="3">-2.195098596593835e+03 4.012990063411851e+05 -6.530240658241434e+07</azimuthFmRatePolynomial>
      </azimuthFmRate>
      <azimuthFmRate>
        <azimuthTime>2015-05-16T13:34:24.311736</azimuthTime>
        <t0>5.646937362701790e-03</t0>
        <azimuthFmRatePolynomial count="3">-2.195199236859337e+03 4.012873675432972e+05 -6.529381251992705e+07</azimuthFmRatePolynomial>
      </azimuthFmRate>
      <azimuthFmRate>
        <azimuthTime>2015-05-16T13:34:27.070013</azimuthTime>
        <t0>5.646937362701790e-03</t0>
        <azimuthFmRatePolynomial count="3">-2.195309295318941e+03 4.012783714871329e+05 -6.528993676603463e+07</azimuthFmRatePolynomial>
      </azimuthFmRate>
      <azimuthFmRate>
        <azimuthTime>2015-05-16T13:34:29.828290</azimuthTime>
        <t0>5.646937362701790e-03</t0>
        <azimuthFmRatePolynomial count="3">-2.195419976873713e+03 4.012686074072890e+05 -6.528229759918011e+07</azimuthFmRatePolynomial>
      </azimuthFmRate>
      <azimuthFmRate>
        <azimuthTime>2015-05-16T13:34:32.586567</azimuthTime>
        <t0>5.646937362701790e-03</t0>
        <azimuthFmRatePolynomial count="3">-2.195517074417286e+03 4.012563652943456e+05 -6.527404055865653e+07</azimuthFmRatePolynomial>
      </azimuthFmRate>
      <azimuthFmRate>
        <azimuthTime>2015-05-16T13:34:35.344844</azimuthTime>
        <t0>5.646937362701790e-03</t0>
        <azimuthFmRatePolynomial count="3">-2.195521226149340e+03 4.012365484317550e+05 -6.527111970067263e+07</azimuthFmRatePolynomial>
      </azimuthFmRate>
      <azimuthFmRate>
        <azimuthTime>2015-05-16T13:34:38.103121</azimuthTime>
        <t0>5.646937362701790e-03</t0>
        <azimuthFmRatePolynomial count="3">-2.195601530976353e+03 4.012234679700672e+05 -6.526505330367143e+07</azimuthFmRatePolynomial>
      </azimuthFmRate>
      <azimuthFmRate>
        <azimuthTime>2015-05-16T13:34:40.861398</azimuthTime>
        <t0>5.646937362701790e-03</t0>
        <azimuthFmRatePolynomial count="3">-2.195671931340148e+03 4.012084239584854e+05 -6.525735796642070e+07</azimuthFmRatePolynomial>
      </azimuthFmRate>
      <azimuthFmRate>
        <azimuthTime>2015-05-16T13:34:43.619675</azimuthTime>
        <t0>5.646937362701790e-03</t0>
        <azimuthFmRatePolynomial count="3">-2.195733598310870e+03 4.011937926439663e+05 -6.525230263531061e+07</azimuthFmRatePolynomial>
      </azimuthFmRate>
      <azimuthFmRate>
        <azimuthTime>2015-05-16T13:34:46.377952</azimuthTime>
        <t0>5.646937362701790e-03</t0>
        <azimuthFmRatePolynomial count="3">-2.195708301586115e+03 4.011707852444088e+05 -6.525072986587091e+07</azimuthFmRatePolynomial>
      </azimuthFmRate>
    </azimuthFmRateList>
  </generalAnnotation>
  <imageAnnotation>
    <imageInformation>
      <productFirstLineUtcTime>2015-05-16T13:34:20.002947</productFirstLineUtcTime>
      <productLastLineUtcTime>2015-05-16T13:34:47.929735</productLastLineUtcTime>
      <ascendingNodeTime>2015-05-16T12:55:32.227393</ascendingNodeTime>
      <anchorTime>2015-05-16T13:31:22.753195</anchorTime>
      <productComposition>Slice</productComposition>
      <sliceNumber>8</sliceNumber>
      <sliceList count="12">
        <slice>
          <sliceNumber>1</sliceNumber>
          <sensingStartTime>2015-05-16T13:31:23.660926</sensingStartTime>
          <sensingStopTime>2015-05-16T13:31:53.989731</sensingStopTime>
        </slice>
        <slice>
          <sliceNumber>2</sliceNumber>
          <sensingStartTime>2015-05-16T13:31:48.485418</sensingStartTime>
          <sensingStopTime>2015-05-16T13:32:18.814223</sensingStopTime>
        </slice>
        <slice>
          <sliceNumber>3</sliceNumber>
          <sensingStartTime>2015-05-16T13:32:13.309910</sensingStartTime>
          <sensingStopTime>2015-05-16T13:32:43.638715</sensingStopTime>
        </slice>
        <slice>
          <sliceNumber>4</sliceNumber>
          <sensingStartTime>2015-05-16T13:32:38.134402</sensingStartTime>
          <sensingStopTime>2015-05-16T13:33:08.463207</sensingStopTime>
        </slice>
        <slice>
          <sliceNumber>5</sliceNumber>
          <sensingStartTime>2015-05-16T13:33:02.958894</sensingStartTime>
          <sensingStopTime>2015-05-16T13:33:33.287699</sensingStopTime>
        </slice>
        <slice>
          <sliceNumber>6</sliceNumber>
          <sensingStartTime>2015-05-16T13:33:30.541663</sensingStartTime>
          <sensingStopTime>2015-05-16T13:33:58.112191</sensingStopTime>
        </slice>
        <slice>
          <sliceNumber>7</sliceNumber>
          <sensingStartTime>2015-05-16T13:33:55.366155</sensingStartTime>
          <sensingStopTime>2015-05-16T13:34:22.936683</sensingStopTime>
        </slice>
        <slice>
          <sliceNumber>8</sliceNumber>
          <sensingStartTime>2015-05-16T13:34:20.190647</sensingStartTime>
          <sensingStopTime>2015-05-16T13:34:47.761175</sensingStopTime>
        </slice>
        <slice>
          <sliceNumber>9</sliceNumber>
          <sensingStartTime>2015-05-16T13:34:45.015139</sensingStartTime>
          <sensingStopTime>2015-05-16T13:35:12.585667</sensingStopTime>
        </slice>
        <slice>
          <sliceNumber>10</sliceNumber>
          <sensingStartTime>2015-05-16T13:35:09.839631</sensingStartTime>
          <sensingStopTime>2015-05-16T13:35:40.168436</sensingStopTime>
        </slice>
        <slice>
          <sliceNumber>11</sliceNumber>
          <sensingStartTime>2015-05-16T13:35:34.664123</sensingStartTime>
          <sensingStopTime>2015-05-16T13:36:04.992928</sensingStopTime>
        </slice>
        <slice>
          <sliceNumber>12</sliceNumber>
          <sensingStartTime>2015-05-16T13:35:59.488615</sensingStartTime>
          <sensingStopTime>2015-05-16T13:36:21.542589</sensingStopTime>
        </slice>
      </sliceList>
      <slantRangeTime>5.646937362701790e-03</slantRangeTime>
      <pixelValue>Complex</pixelValue>
      <outputPixels>16 bit Signed Integer</outputPixels>
      <rangePixelSpacing>2.329562e+00</rangePixelSpacing>
      <azimuthPixelSpacing>1.393490e+01</azimuthPixelSpacing>
      <azimuthTimeInterval>2.055556280538440e-03</azimuthTimeInterval>
      <azimuthFrequency>4.864863149054992e+02</azimuthFrequency>
      <numberOfSamples>25442</numberOfSamples>
      <numberOfLines>15110</numberOfLines>
      <zeroDopMinusAcqTime>1.755098190000000e+02</zeroDopMinusAcqTime>
      <incidenceAngleMidSwath>3.942802417208137e+01</incidenceAngleMidSwath>
      <imageStatistics>
        <outputDataMean>
          <re>3.279532e-02</re>
          <im>-5.033522e-02</im>
        </outputDataMean>
        <outputDataStdDev>
          <re>6.505502e+01</re>
          <im>6.504633e+01</im>
        </outputDataStdDev>
      </imageStatistics>
    </imageInformation>
    <processingInformation>
      <rawDataAnalysisUsed>true</rawDataAnalysisUsed>
      <orbitDataFileUsed>true</orbitDataFileUsed>
      <attitudeDataFileUsed>false</attitudeDataFileUsed>
      <rxVariationCorrectionApplied>true</rxVariationCorrectionApplied>
      <antennaElevationPatternApplied>true</antennaElevationPatternApplied>
      <antennaAzimuthPatternApplied>true</antennaAzimuthPatternApplied>
      <antennaAzimuthElementPatternApplied>true</antennaAzimuthElementPatternApplied>
      <dcMethod>Data Analysis</dcMethod>
      <dcInputData>Range Compressed</dcInputData>
      <rangeSpreadingLossCompensationApplied>true</rangeSpreadingLossCompensationApplied>
      <srgrConversionApplied>false</srgrConversionApplied>
      <detectionPerformed>false</detectionPerformed>
      <thermalNoiseCorrectionPerformed>false</thermalNoiseCorrectionPerformed>
      <chirpSource>Nominal</chirpSource>
      <pgSource>Extracted</pgSource>
      <rrfSpectrum>Extended Tapered</rrfSpectrum>
      <applicationLutId>IW_Default</applicationLutId>
      <swathProcParamsList count="1">
        <swathProcParams>
          <swath>IW2</swath>
          <rangeProcessing>
            <windowType>Hamming</windowType>
            <windowCoefficient>7.500000000000000e-01</windowCoefficient>
            <totalBandwidth>4.831229516834000e+07</totalBandwidth>
            <processingBandwidth>4.830000000000000e+07</processingBandwidth>
            <lookBandwidth>4.830000000000000e+07</lookBandwidth>
            <numberOfLooks>1</numberOfLooks>
            <lookOverlap>0.000000000000000e+00</lookOverlap>
          </rangeProcessing>
          <azimuthProcessing>
            <windowType>Hamming</windowType>
            <windowCoefficient>7.500000000000000e-01</windowCoefficient>
            <totalBandwidth>3.130000000000000e+02</totalBandwidth>
            <processingBandwidth>3.130000000000000e+02</processingBandwidth>
            <lookBandwidth>3.130000000000000e+02</lookBandwidth>
            <numberOfLooks>1</numberOfLooks>
            <lookOverlap>0.000000000000000e+00</lookOverlap>
          </azimuthProcessing>
          <processorScalingFactor>8.878030e+06</processorScalingFactor>
        </swathProcParams>
      </swathProcParamsList>
      <inputDimensionsList count="1">
        <inputDimensions>
          <azimuthTime>2015-05-16T13:34:21.022850</azimuthTime>
          <swath>IW2</swath>
          <numberOfInputSamples>24098</numberOfInputSamples>
          <numberOfInputLines>15110</numberOfInputLines>
        </inputDimensions>
      </inputDimensionsList>
      <referenceRange>8.000000000000000e+05</referenceRange>
      <ellipsoidName>WGS84</ellipsoidName>
      <ellipsoidSemiMajorAxis>6.378137000000000e+06</ellipsoidSemiMajorAxis>
      <ellipsoidSemiMinorAxis>6.356752314245000e+06</ellipsoidSemiMinorAxis>
      <bistaticDelayCorrectionApplied>true</bistaticDelayCorrectionApplied>
      <topsFilterConvention>Only Echo Lines</topsFilterConvention>
      <orbitSource>Auxiliary</orbitSource>
      <attitudeSource>Downlink</attitudeSource>
    </processingInformation>
  </imageAnnotation>
  <dopplerCentroid>
    <dcEstimateList count="10">
      <dcEstimate>
        <azimuthTime>2015-05-16T13:34:21.561079</azimuthTime>
        <t0>5.342927742124565e-03</t0>
        <geometryDcPolynomial count="3">2.620485e+01 -2.073341e+03 1.097774e+05</geometryDcPolynomial>
        <dataDcPolynomial count="3">6.559153e+00 -4.282796e+03 2.610116e+05</dataDcPolynomial>
        <dataDcRmsError>7.009901046752930e+00</dataDcRmsError>
        <dataDcRmsErrorAboveThreshold>false</dataDcRmsErrorAboveThreshold>
        <fineDceAzimuthStartTime>2015-05-16T13:34:20.172426</fineDceAzimuthStartTime>
        <fineDceAzimuthStopTime>2015-05-16T13:34:22.949733</fineDceAzimuthStopTime>
        <fineDceList count="20">
          <fineDce>
            <slantRangeTime>5.659514640531532e-03</slantRangeTime>
            <frequency>2.384555041790009e-01</frequency>
          </fineDce>
          <fineDce>
            <slantRangeTime>5.682025434755750e-03</slantRangeTime>
            <frequency>8.840685844421387e+00</frequency>
          </fineDce>
          <fineDce>
            <slantRangeTime>5.704536228979967e-03</slantRangeTime>
            <frequency>1.244882965087891e+01</frequency>
          </fineDce>
          <fineDce>
            <slantRangeTime>5.727047052308015e-03</slantRangeTime>
            <frequency>1.055321025848389e+01</frequency>
          </fineDce>
          <fineDce>
            <slantRangeTime>5.749557933843724e-03</slantRangeTime>
            <frequency>1.647120094299316e+01</frequency>
          </fineDce>
          <fineDce>
            <slantRangeTime>5.772068728067942e-03</slantRangeTime>
            <frequency>5.779570102691650e+00</frequency>
          </fineDce>
          <fineDce>
            <slantRangeTime>5.794579551395990e-03</slantRangeTime>
            <frequency>1.223674011230469e+01</frequency>
          </fineDce>
          <fineDce>
            <slantRangeTime>5.817090345620207e-03</slantRangeTime>
            <frequency>1.705986976623535e+01</frequency>
          </fineDce>
          <fineDce>
            <slantRangeTime>5.839601256259747e-03</slantRangeTime>
            <frequency>1.287773990631104e+01</frequency>
          </fineDce>
          <fineDce>
            <slantRangeTime>5.862112021380134e-03</slantRangeTime>
            <frequency>-4.203812122344971e+00</frequency>
          </fineDce>
          <fineDce>
            <slantRangeTime>5.884622844708182e-03</slantRangeTime>
            <frequency>3.404380083084106e+00</frequency>
          </fineDce>
          <fineDce>
            <slantRangeTime>5.907133668036230e-03</slantRangeTime>
            <frequency>5.233537197113037e+00</frequency>
          </fineDce>
          <fineDce>
            <slantRangeTime>5.929644433156617e-03</slantRangeTime>
            <frequency>6.677698135375977e+00</frequency>
          </fineDce>
          <fineDce>
            <slantRangeTime>5.952155314692326e-03</slantRangeTime>
            <frequency>5.582190990447998e+00</frequency>
          </fineDce>
          <fineDce>
            <slantRangeTime>5.974666138020374e-03</slantRangeTime>
            <frequency>1.161793041229248e+01</frequency>
          </fineDce>
          <fineDce>
            <slantRangeTime>5.997176961348422e-03</slantRangeTime>
            <frequency>6.105360031127930e+00</frequency>
          </fineDce>
          <fineDce>
            <slantRangeTime>6.019687726468809e-03</slantRangeTime>
            <frequency>6.039688110351562e+00</frequency>
          </fineDce>
          <fineDce>
            <slantRangeTime>6.042198666212179e-03</slantRangeTime>
            <frequency>1.330099010467529e+01</frequency>
          </fineDce>
          <fineDce>
            <slantRangeTime>6.064709431332566e-03</slantRangeTime>
            <frequency>1.779817008972168e+01</frequency>
          </fineDce>
          <fineDce>
            <slantRangeTime>6.087238531866141e-03</slantRangeTime>
            <frequency>6.450671195983887e+00</frequency>
          </fineDce>
        </fineDceList>
      </dcEstimate>
      <dcEstimate>
        <azimuthTime>2015-05-16T13:34:24.319356</azimuthTime>
        <t0>5.342927742124565e-03</t0>
        <geometryDcPolynomial count="3">2.560197e+01 -2.176349e+03 1.454380e+05</geometryDcPolynomial>
        <dataDcPolynomial count="3">9.590937e+00 -1.378417e+04 5.711502e+06</dataDcPolynomial>
        <dataDcRmsError>5.781014919281006e+00</dataDcRmsError>
        <dataDcRmsErrorAboveThreshold>false</dataDcRmsErrorAboveThreshold>
        <fineDceAzimuthStartTime>2015-05-16T13:34:22.930703</fineDceAzimuthStartTime>
        <fineDceAzimuthStopTime>2015-05-16T13:34:25.708010</fineDceAzimuthStopTime>
        <fineDceList count="20">
          <fineDce>
            <slantRangeTime>5.659514640531532e-03</slantRangeTime>
            <frequency>4.732478141784668e+00</frequency>
          </fineDce>
          <fineDce>
            <slantRangeTime>5.682025434755750e-03</slantRangeTime>
            <frequency>5.420863151550293e+00</frequency>
          </fineDce>
          <fineDce>
            <slantRangeTime>5.704536228979967e-03</slantRangeTime>
            <frequency>7.410321235656738e-01</frequency>
          </fineDce>
          <fineDce>
            <slantRangeTime>5.727047052308015e-03</slantRangeTime>
            <frequency>1.590406036376953e+01</frequency>
          </fineDce>
          <fineDce>
            <slantRangeTime>5.749557933843724e-03</slantRangeTime>
            <frequency>7.504110813140869e+00</frequency>
          </fineDce>
          <fineDce>
            <slantRangeTime>5.772068728067942e-03</slantRangeTime>
            <frequency>1.447305011749268e+01</frequency>
          </fineDce>
          <fineDce>
            <slantRangeTime>5.794579551395990e-03</slantRangeTime>
            <frequency>1.160935020446777e+01</frequency>
          </fineDce>
          <fineDce>
            <slantRangeTime>5.817090345620207e-03</slantRangeTime>
            <frequency>1.527558040618896e+01</frequency>
          </fineDce>
          <fineDce>
            <slantRangeTime>5.839601256259747e-03</slantRangeTime>
            <frequency>1.264083003997803e+01</frequency>
          </fineDce>
          <fineDce>
            <slantRangeTime>5.862112021380134e-03</slantRangeTime>
            <frequency>2.152123069763184e+01</frequency>
          </fineDce>
          <fineDce>
            <slantRangeTime>5.884622844708182e-03</slantRangeTime>
            <frequency>9.906807899475098e+00</frequency>
          </fineDce>
          <fineDce>
            <slantRangeTime>5.907133668036230e-03</slantRangeTime>
            <frequency>1.937057018280029e+00</frequency>
          </fineDce>
          <fineDce>
            <slantRangeTime>5.929644433156617e-03</slantRangeTime>
            <frequency>-7.398849129676819e-01</frequency>
          </fineDce>
          <fineDce>
            <slantRangeTime>5.952155314692326e-03</slantRangeTime>
            <frequency>7.693552017211914e+00</frequency>
          </fineDce>
          <fineDce>
            <slantRangeTime>5.974666138020374e-03</slantRangeTime>
            <frequency>-1.066388988494873e+01</frequency>
          </fineDce>
          <fineDce>
            <slantRangeTime>5.997176961348422e-03</slantRangeTime>
            <frequency>-6.876255989074707e+00</frequency>
          </fineDce>
          <fineDce>
            <slantRangeTime>6.019687726468809e-03</slantRangeTime>
            <frequency>5.479225158691406e+00</frequency>
          </fineDce>
          <fineDce>
            <slantRangeTime>6.042198666212179e-03</slantRangeTime>
            <frequency>-7.559298038482666e+00</frequency>
          </fineDce>
          <fineDce>
            <slantRangeTime>6.064709431332566e-03</slantRangeTime>
            <frequency>-5.018441200256348e+00</frequency>
          </fineDce>
          <fineDce>
            <slantRangeTime>6.087238531866141e-03</slantRangeTime>
            <frequency>2.325931072235107e+00</frequency>
          </fineDce>
        </fineDceList>
      </dcEstimate>
      <dcEstimate>
        <azimuthTime>2015-05-16T13:34:27.077633</azimuthTime>
        <t0>5.342927742124565e-03</t0>
        <geometryDcPolynomial count="3">2.637733e+01 -2.236698e+03 1.486820e+05</geometryDcPolynomial>
        <dataDcPolynomial count="3">3.912501e+00 1.852945e+04 -2.458852e+07</dataDcPolynomial>
        <dataDcRmsError>5.764757156372070e+00</dataDcRmsError>
        <dataDcRmsErrorAboveThreshold>false</dataDcRmsErrorAboveThreshold>
        <fineDceAzimuthStartTime>2015-05-16T13:34:25.688980</fineDceAzimuthStartTime>
        <fineDceAzimuthStopTime>2015-05-16T13:34:28.466287</fineDceAzimuthStopTime>
        <fineDceList count="20">
          <fineDce>
            <slantRangeTime>5.659514640531532e-03</slantRangeTime>
            <frequency>4.469683170318604e+00</frequency>
          </fineDce>
          <fineDce>
            <slantRangeTime>5.682025434755750e-03</slantRangeTime>
            <frequency>1.015167045593262e+01</frequency>
          </fineDce>
          <fineDce>
            <slantRangeTime>5.704536228979967e-03</slantRangeTime>
            <frequency>7.973299980163574e+00</frequency>
          </fineDce>
          <fineDce>
            <slantRangeTime>5.727047052308015e-03</slantRangeTime>
            <frequency>6.351359844207764e+00</frequency>
          </fineDce>
          <fineDce>
            <slantRangeTime>5.749557933843724e-03</slantRangeTime>
            <frequency>5.020404815673828e+00</frequency>
          </fineDce>
          <fineDce>
            <slantRangeTime>5.772068728067942e-03</slantRangeTime>
            <frequency>6.704038143157959e+00</frequency>
          </fineDce>
          <fineDce>
            <slantRangeTime>5.794579551395990e-03</slantRangeTime>
            <frequency>1.070975017547607e+01</frequency>
          </fineDce>
          <fineDce>
            <slantRangeTime>5.817090345620207e-03</slantRangeTime>
            <frequency>9.756312370300293e+00</frequency>
          </fineDce>
          <fineDce>
            <slantRangeTime>5.839601256259747e-03</slantRangeTime>
            <frequency>1.708567047119141e+01</frequency>
          </fineDce>
          <fineDce>
            <slantRangeTime>5.862112021380134e-03</slantRangeTime>
            <frequency>1.281258964538574e+01</frequency>
          </fineDce>
          <fineDce>
            <slantRangeTime>5.884622844708182e-03</slantRangeTime>
            <frequency>1.057289028167725e+01</frequency>
          </fineDce>
          <fineDce>
            <slantRangeTime>5.907133668036230e-03</slantRangeTime>
            <frequency>1.561093997955322e+01</frequency>
          </fineDce>
          <fineDce>
            <slantRangeTime>5.929644433156617e-03</slantRangeTime>
            <frequency>1.647241973876953e+01</frequency>
          </fineDce>
          <fineDce>
            <slantRangeTime>5.952155314692326e-03</slantRangeTime>
            <frequency>6.972310066223145e+00</frequency>
          </fineDce>
          <fineDce>
            <slantRangeTime>5.974666138020374e-03</slantRangeTime>
            <frequency>1.002258014678955e+01</frequency>
          </fineDce>
          <fineDce>
            <slantRangeTime>5.997176961348422e-03</slantRangeTime>
            <frequency>8.130603790283203e+00</frequency>
          </fineDce>
          <fineDce>
            <slantRangeTime>6.019687726468809e-03</slantRangeTime>
            <frequency>5.367942810058594e+00</frequency>
          </fineDce>
          <fineDce>
            <slantRangeTime>6.042198666212179e-03</slantRangeTime>
            <frequency>1.480786037445068e+01</frequency>
          </fineDce>
          <fineDce>
            <slantRangeTime>6.064709431332566e-03</slantRangeTime>
            <frequency>1.183314037322998e+01</frequency>
          </fineDce>
          <fineDce>
            <slantRangeTime>6.087238531866141e-03</slantRangeTime>
            <frequency>2.900331914424896e-01</frequency>
          </fineDce>
        </fineDceList>
      </dcEstimate>
      <dcEstimate>
        <azimuthTime>2015-05-16T13:34:29.835910</azimuthTime>
        <t0>5.342927742124565e-03</t0>
        <geometryDcPolynomial count="3">2.780857e+01 -2.297809e+03 1.415889e+05</geometryDcPolynomial>
        <dataDcPolynomial count="3">4.285772e+00 4.431346e+03 -4.016099e+05</dataDcPolynomial>
        <dataDcRmsError>4.777019977569580e+00</dataDcRmsError>
        <dataDcRmsErrorAboveThreshold>false</dataDcRmsErrorAboveThreshold>
        <fineDceAzimuthStartTime>2015-05-16T13:34:28.447257</fineDceAzimuthStartTime>
        <fineDceAzimuthStopTime>2015-05-16T13:34:31.224564</fineDceAzimuthStopTime>
        <fineDceList count="20">
          <fineDce>
            <slantRangeTime>5.659514640531532e-03</slantRangeTime>
            <frequency>4.166329860687256e+00</frequency>
          </fineDce>
          <fineDce>
            <slantRangeTime>5.682025434755750e-03</slantRangeTime>
            <frequency>5.693025112152100e+00</frequency>
          </fineDce>
          <fineDce>
            <slantRangeTime>5.704536228979967e-03</slantRangeTime>
            <frequency>3.613192081451416e+00</frequency>
          </fineDce>
          <fineDce>
            <slantRangeTime>5.727047052308015e-03</slantRangeTime>
            <frequency>2.344266027212143e-01</frequency>
          </fineDce>
          <fineDce>
            <slantRangeTime>5.749557933843724e-03</slantRangeTime>
            <frequency>7.667905807495117e+00</frequency>
          </fineDce>
          <fineDce>
            <slantRangeTime>5.772068728067942e-03</slantRangeTime>
            <frequency>8.286681175231934e+00</frequency>
          </fineDce>
          <fineDce>
            <slantRangeTime>5.794579551395990e-03</slantRangeTime>
            <frequency>-1.141775012016296e+00</frequency>
          </fineDce>
          <fineDce>
            <slantRangeTime>5.817090345620207e-03</slantRangeTime>
            <frequency>-6.164799928665161e-01</frequency>
          </fineDce>
          <fineDce>
            <slantRangeTime>5.839601256259747e-03</slantRangeTime>
            <frequency>7.650179862976074e+00</frequency>
          </fineDce>
          <fineDce>
            <slantRangeTime>5.862112021380134e-03</slantRangeTime>
            <frequency>7.225695133209229e+00</frequency>
          </fineDce>
          <fineDce>
            <slantRangeTime>5.884622844708182e-03</slantRangeTime>
            <frequency>4.682634830474854e+00</frequency>
          </fineDce>
          <fineDce>
            <slantRangeTime>5.907133668036230e-03</slantRangeTime>
            <frequency>3.594218969345093e+00</frequency>
          </fineDce>
          <fineDce>
            <slantRangeTime>5.929644433156617e-03</slantRangeTime>
            <frequency>1.210949993133545e+01</frequency>
          </fineDce>
          <fineDce>
            <slantRangeTime>5.952155314692326e-03</slantRangeTime>
            <frequency>1.353090953826904e+01</frequency>
          </fineDce>
          <fineDce>
            <slantRangeTime>5.974666138020374e-03</slantRangeTime>
            <frequency>7.962255001068115e+00</frequency>
          </fineDce>
          <fineDce>
            <slantRangeTime>5.997176961348422e-03</slantRangeTime>
            <frequency>7.888369083404541e+00</frequency>
          </fineDce>
          <fineDce>
            <slantRangeTime>6.019687726468809e-03</slantRangeTime>
            <frequency>4.847170829772949e+00</frequency>
          </fineDce>
          <fineDce>
            <slantRangeTime>6.042198666212179e-03</slantRangeTime>
            <frequency>2.068677902221680e+00</frequency>
          </fineDce>
          <fineDce>
            <slantRangeTime>6.064709431332566e-03</slantRangeTime>
            <frequency>-1.713165998458862e+00</frequency>
          </fineDce>
          <fineDce>
            <slantRangeTime>6.087238531866141e-03</slantRangeTime>
            <frequency>2.221328020095825e+00</frequency>
          </fineDce>
        </fineDceList>
      </dcEstimate>
      <dcEstimate>
        <azimuthTime>2015-05-16T13:34:32.594187</azimuthTime>
        <t0>5.342927742124565e-03</t0>
        <geometryDcPolynomial count="3">2.832281e+01 -2.269306e+03 1.264330e+05</geometryDcPolynomial>
        <dataDcPolynomial count="3">1.529915e+01 -3.342158e+04 2.519304e+07</dataDcPolynomial>
        <dataDcRmsError>4.362774848937988e+00</dataDcRmsError>
        <dataDcRmsErrorAboveThreshold>false</dataDcRmsErrorAboveThreshold>
        <fineDceAzimuthStartTime>2015-05-16T13:34:31.205534</fineDceAzimuthStartTime>
        <fineDceAzimuthStopTime>2015-05-16T13:34:33.982841</fineDceAzimuthStopTime>
        <fineDceList count="20">
          <fineDce>
            <slantRangeTime>5.659514640531532e-03</slantRangeTime>
            <frequency>8.049855232238770e+00</frequency>
          </fineDce>
          <fineDce>
            <slantRangeTime>5.682025434755750e-03</slantRangeTime>
            <frequency>8.384508132934570e+00</frequency>
          </fineDce>
          <fineDce>
            <slantRangeTime>5.704536228979967e-03</slantRangeTime>
            <frequency>-3.510721921920776e-01</frequency>
          </fineDce>
          <fineDce>
            <slantRangeTime>5.727047052308015e-03</slantRangeTime>
            <frequency>5.540082931518555e+00</frequency>
          </fineDce>
          <fineDce>
            <slantRangeTime>5.749557933843724e-03</slantRangeTime>
            <frequency>6.304625988006592e+00</frequency>
          </fineDce>
          <fineDce>
            <slantRangeTime>5.772068728067942e-03</slantRangeTime>
            <frequency>9.923081398010254e+00</frequency>
          </fineDce>
          <fineDce>
            <slantRangeTime>5.794579551395990e-03</slantRangeTime>
            <frequency>1.146415996551514e+01</frequency>
          </fineDce>
          <fineDce>
            <slantRangeTime>5.817090345620207e-03</slantRangeTime>
            <frequency>1.149804019927979e+01</frequency>
          </fineDce>
          <fineDce>
            <slantRangeTime>5.839601256259747e-03</slantRangeTime>
            <frequency>-1.235004048794508e-03</frequency>
          </fineDce>
          <fineDce>
            <slantRangeTime>5.862112021380134e-03</slantRangeTime>
            <frequency>1.065571022033691e+01</frequency>
          </fineDce>
          <fineDce>
            <slantRangeTime>5.884622844708182e-03</slantRangeTime>
            <frequency>1.367644977569580e+01</frequency>
          </fineDce>
          <fineDce>
            <slantRangeTime>5.907133668036230e-03</slantRangeTime>
            <frequency>1.546240997314453e+01</frequency>
          </fineDce>
          <fineDce>
            <slantRangeTime>5.929644433156617e-03</slantRangeTime>
            <frequency>5.210550785064697e+00</frequency>
          </fineDce>
          <fineDce>
            <slantRangeTime>5.952155314692326e-03</slantRangeTime>
            <frequency>2.847666025161743e+00</frequency>
          </fineDce>
          <fineDce>
            <slantRangeTime>5.974666138020374e-03</slantRangeTime>
            <frequency>5.995833873748779e+00</frequency>
          </fineDce>
          <fineDce>
            <slantRangeTime>5.997176961348422e-03</slantRangeTime>
            <frequency>7.407618999481201e+00</frequency>
          </fineDce>
          <fineDce>
            <slantRangeTime>6.019687726468809e-03</slantRangeTime>
            <frequency>7.105369091033936e+00</frequency>
          </fineDce>
          <fineDce>
            <slantRangeTime>6.042198666212179e-03</slantRangeTime>
            <frequency>1.817870974540710e+00</frequency>
          </fineDce>
          <fineDce>
            <slantRangeTime>6.064709431332566e-03</slantRangeTime>
            <frequency>-8.033263206481934e+00</frequency>
          </fineDce>
          <fineDce>
            <slantRangeTime>6.087238531866141e-03</slantRangeTime>
            <frequency>6.575057983398438e+00</frequency>
          </fineDce>
        </fineDceList>
      </dcEstimate>
      <dcEstimate>
        <azimuthTime>2015-05-16T13:34:35.352463</azimuthTime>
        <t0>5.342927742124565e-03</t0>
        <geometryDcPolynomial count="3">2.775307e+01 -2.148220e+03 1.045175e+05</geometryDcPolynomial>
        <dataDcPolynomial count="3">1.339797e+01 -2.762916e+04 1.597552e+07</dataDcPolynomial>
        <dataDcRmsError>4.322506904602051e+00</dataDcRmsError>
        <dataDcRmsErrorAboveThreshold>false</dataDcRmsErrorAboveThreshold>
        <fineDceAzimuthStartTime>2015-05-16T13:34:33.963810</fineDceAzimuthStartTime>
        <fineDceAzimuthStopTime>2015-05-16T13:34:36.741117</fineDceAzimuthStopTime>
        <fineDceList count="20">
          <fineDce>
            <slantRangeTime>5.659514640531532e-03</slantRangeTime>
            <frequency>1.056696987152100e+01</frequency>
          </fineDce>
          <fineDce>
            <slantRangeTime>5.682025434755750e-03</slantRangeTime>
            <frequency>8.276494026184082e+00</frequency>
          </fineDce>
          <fineDce>
            <slantRangeTime>5.704536228979967e-03</slantRangeTime>
            <frequency>4.019690036773682e+00</frequency>
          </fineDce>
          <fineDce>
            <slantRangeTime>5.727047052308015e-03</slantRangeTime>
            <frequency>4.970389842987061e+00</frequency>
          </fineDce>
          <fineDce>
            <slantRangeTime>5.749557933843724e-03</slantRangeTime>
            <frequency>1.071492004394531e+01</frequency>
          </fineDce>
          <fineDce>
            <slantRangeTime>5.772068728067942e-03</slantRangeTime>
            <frequency>7.930561065673828e+00</frequency>
          </fineDce>
          <fineDce>
            <slantRangeTime>5.794579551395990e-03</slantRangeTime>
            <frequency>9.969761848449707e+00</frequency>
          </fineDce>
          <fineDce>
            <slantRangeTime>5.817090345620207e-03</slantRangeTime>
            <frequency>7.408432006835938e+00</frequency>
          </fineDce>
          <fineDce>
            <slantRangeTime>5.839601256259747e-03</slantRangeTime>
            <frequency>4.249835968017578e+00</frequency>
          </fineDce>
          <fineDce>
            <slantRangeTime>5.862112021380134e-03</slantRangeTime>
            <frequency>-1.885704994201660e+00</frequency>
          </fineDce>
          <fineDce>
            <slantRangeTime>5.884622844708182e-03</slantRangeTime>
            <frequency>4.261587142944336e+00</frequency>
          </fineDce>
          <fineDce>
            <slantRangeTime>5.907133668036230e-03</slantRangeTime>
            <frequency>5.043519020080566e+00</frequency>
          </fineDce>
          <fineDce>
            <slantRangeTime>5.929644433156617e-03</slantRangeTime>
            <frequency>6.096571922302246e+00</frequency>
          </fineDce>
          <fineDce>
            <slantRangeTime>5.952155314692326e-03</slantRangeTime>
            <frequency>2.818370103836060e+00</frequency>
          </fineDce>
          <fineDce>
            <slantRangeTime>5.974666138020374e-03</slantRangeTime>
            <frequency>4.780029773712158e+00</frequency>
          </fineDce>
          <fineDce>
            <slantRangeTime>5.997176961348422e-03</slantRangeTime>
            <frequency>2.223660945892334e+00</frequency>
          </fineDce>
          <fineDce>
            <slantRangeTime>6.019687726468809e-03</slantRangeTime>
            <frequency>7.162600040435791e+00</frequency>
          </fineDce>
          <fineDce>
            <slantRangeTime>6.042198666212179e-03</slantRangeTime>
            <frequency>3.986680984497070e+00</frequency>
          </fineDce>
          <fineDce>
            <slantRangeTime>6.064709431332566e-03</slantRangeTime>
            <frequency>2.750437021255493e+00</frequency>
          </fineDce>
          <fineDce>
            <slantRangeTime>6.087238531866141e-03</slantRangeTime>
            <frequency>-2.065226078033447e+00</frequency>
          </fineDce>
        </fineDceList>
      </dcEstimate>
      <dcEstimate>
        <azimuthTime>2015-05-16T13:34:38.110740</azimuthTime>
        <t0>5.342927742124565e-03</t0>
        <geometryDcPolynomial count="3">2.739169e+01 -2.083941e+03 9.396948e+04</geometryDcPolynomial>
        <dataDcPolynomial count="3">8.543484e+00 -2.955654e+03 -6.372442e+06</dataDcPolynomial>
        <dataDcRmsError>4.619247913360596e+00</dataDcRmsError>
        <dataDcRmsErrorAboveThreshold>false</dataDcRmsErrorAboveThreshold>
        <fineDceAzimuthStartTime>2015-05-16T13:34:36.722087</fineDceAzimuthStartTime>
        <fineDceAzimuthStopTime>2015-05-16T13:34:39.499394</fineDceAzimuthStopTime>
        <fineDceList count="20">
          <fineDce>
            <slantRangeTime>5.659514640531532e-03</slantRangeTime>
            <frequency>6.834920883178711e+00</frequency>
          </fineDce>
          <fineDce>
            <slantRangeTime>5.682025434755750e-03</slantRangeTime>
            <frequency>3.505967855453491e-01</frequency>
          </fineDce>
          <fineDce>
            <slantRangeTime>5.704536228979967e-03</slantRangeTime>
            <frequency>1.161252021789551e+01</frequency>
          </fineDce>
          <fineDce>
            <slantRangeTime>5.727047052308015e-03</slantRangeTime>
            <frequency>7.453797817230225e+00</frequency>
          </fineDce>
          <fineDce>
            <slantRangeTime>5.749557933843724e-03</slantRangeTime>
            <frequency>7.277579784393311e+00</frequency>
          </fineDce>
          <fineDce>
            <slantRangeTime>5.772068728067942e-03</slantRangeTime>
            <frequency>8.179512023925781e+00</frequency>
          </fineDce>
          <fineDce>
            <slantRangeTime>5.794579551395990e-03</slantRangeTime>
            <frequency>9.116215705871582e+00</frequency>
          </fineDce>
          <fineDce>
            <slantRangeTime>5.817090345620207e-03</slantRangeTime>
            <frequency>7.047292232513428e+00</frequency>
          </fineDce>
          <fineDce>
            <slantRangeTime>5.839601256259747e-03</slantRangeTime>
            <frequency>5.041533946990967e+00</frequency>
          </fineDce>
          <fineDce>
            <slantRangeTime>5.862112021380134e-03</slantRangeTime>
            <frequency>9.401906967163086e+00</frequency>
          </fineDce>
          <fineDce>
            <slantRangeTime>5.884622844708182e-03</slantRangeTime>
            <frequency>4.022181987762451e+00</frequency>
          </fineDce>
          <fineDce>
            <slantRangeTime>5.907133668036230e-03</slantRangeTime>
            <frequency>7.380324840545654e+00</frequency>
          </fineDce>
          <fineDce>
            <slantRangeTime>5.929644433156617e-03</slantRangeTime>
            <frequency>6.926931858062744e+00</frequency>
          </fineDce>
          <fineDce>
            <slantRangeTime>5.952155314692326e-03</slantRangeTime>
            <frequency>1.662062048912048e+00</frequency>
          </fineDce>
          <fineDce>
            <slantRangeTime>5.974666138020374e-03</slantRangeTime>
            <frequency>7.123538017272949e+00</frequency>
          </fineDce>
          <fineDce>
            <slantRangeTime>5.997176961348422e-03</slantRangeTime>
            <frequency>7.914802074432373e+00</frequency>
          </fineDce>
          <fineDce>
            <slantRangeTime>6.019687726468809e-03</slantRangeTime>
            <frequency>1.588660955429077e+00</frequency>
          </fineDce>
          <fineDce>
            <slantRangeTime>6.042198666212179e-03</slantRangeTime>
            <frequency>2.386251926422119e+00</frequency>
          </fineDce>
          <fineDce>
            <slantRangeTime>6.064709431332566e-03</slantRangeTime>
            <frequency>3.551413059234619e+00</frequency>
          </fineDce>
          <fineDce>
            <slantRangeTime>6.087238531866141e-03</slantRangeTime>
            <frequency>-4.713310003280640e-01</frequency>
          </fineDce>
        </fineDceList>
      </dcEstimate>
      <dcEstimate>
        <azimuthTime>2015-05-16T13:34:40.869017</azimuthTime>
        <t0>5.342927742124565e-03</t0>
        <geometryDcPolynomial count="3">2.646024e+01 -2.119892e+03 1.178276e+05</geometryDcPolynomial>
        <dataDcPolynomial count="3">1.206400e+01 -1.481250e+04 4.102034e+06</dataDcPolynomial>
        <dataDcRmsError>4.314125061035156e+00</dataDcRmsError>
        <dataDcRmsErrorAboveThreshold>false</dataDcRmsErrorAboveThreshold>
        <fineDceAzimuthStartTime>2015-05-16T13:34:39.480364</fineDceAzimuthStartTime>
        <fineDceAzimuthStopTime>2015-05-16T13:34:42.257671</fineDceAzimuthStopTime>
        <fineDceList count="20">
          <fineDce>
            <slantRangeTime>5.659514640531532e-03</slantRangeTime>
            <frequency>7.582596778869629e+00</frequency>
          </fineDce>
          <fineDce>
            <slantRangeTime>5.682025434755750e-03</slantRangeTime>
            <frequency>1.296749973297119e+01</frequency>
          </fineDce>
          <fineDce>
            <slantRangeTime>5.704536228979967e-03</slantRangeTime>
            <frequency>1.114546966552734e+01</frequency>
          </fineDce>
          <fineDce>
            <slantRangeTime>5.727047052308015e-03</slantRangeTime>
            <frequency>1.077906990051270e+01</frequency>
          </fineDce>
          <fineDce>
            <slantRangeTime>5.749557933843724e-03</slantRangeTime>
            <frequency>1.255311012268066e+01</frequency>
          </fineDce>
          <fineDce>
            <slantRangeTime>5.772068728067942e-03</slantRangeTime>
            <frequency>1.143162995576859e-01</frequency>
          </fineDce>
          <fineDce>
            <slantRangeTime>5.794579551395990e-03</slantRangeTime>
            <frequency>1.205541968345642e+00</frequency>
          </fineDce>
          <fineDce>
            <slantRangeTime>5.817090345620207e-03</slantRangeTime>
            <frequency>1.120129013061523e+01</frequency>
          </fineDce>
          <fineDce>
            <slantRangeTime>5.839601256259747e-03</slantRangeTime>
            <frequency>9.381431579589844e+00</frequency>
          </fineDce>
          <fineDce>
            <slantRangeTime>5.862112021380134e-03</slantRangeTime>
            <frequency>3.049802035093307e-02</frequency>
          </fineDce>
          <fineDce>
            <slantRangeTime>5.884622844708182e-03</slantRangeTime>
            <frequency>2.694550991058350e+00</frequency>
          </fineDce>
          <fineDce>
            <slantRangeTime>5.907133668036230e-03</slantRangeTime>
            <frequency>1.063290977478027e+01</frequency>
          </fineDce>
          <fineDce>
            <slantRangeTime>5.929644433156617e-03</slantRangeTime>
            <frequency>9.587403297424316e+00</frequency>
          </fineDce>
          <fineDce>
            <slantRangeTime>5.952155314692326e-03</slantRangeTime>
            <frequency>3.820375919342041e+00</frequency>
          </fineDce>
          <fineDce>
            <slantRangeTime>5.974666138020374e-03</slantRangeTime>
            <frequency>6.873101234436035e+00</frequency>
          </fineDce>
          <fineDce>
            <slantRangeTime>5.997176961348422e-03</slantRangeTime>
            <frequency>4.754924774169922e+00</frequency>
          </fineDce>
          <fineDce>
            <slantRangeTime>6.019687726468809e-03</slantRangeTime>
            <frequency>9.902308464050293e+00</frequency>
          </fineDce>
          <fineDce>
            <slantRangeTime>6.042198666212179e-03</slantRangeTime>
            <frequency>5.160982131958008e+00</frequency>
          </fineDce>
          <fineDce>
            <slantRangeTime>6.064709431332566e-03</slantRangeTime>
            <frequency>6.919259071350098e+00</frequency>
          </fineDce>
          <fineDce>
            <slantRangeTime>6.087238531866141e-03</slantRangeTime>
            <frequency>1.281519031524658e+01</frequency>
          </fineDce>
        </fineDceList>
      </dcEstimate>
      <dcEstimate>
        <azimuthTime>2015-05-16T13:34:43.627294</azimuthTime>
        <t0>5.342927742124565e-03</t0>
        <geometryDcPolynomial count="3">2.623412e+01 -2.165222e+03 1.326550e+05</geometryDcPolynomial>
        <dataDcPolynomial count="3">1.486686e+00 1.750368e+04 -1.335387e+07</dataDcPolynomial>
        <dataDcRmsError>3.965454101562500e+00</dataDcRmsError>
        <dataDcRmsErrorAboveThreshold>false</dataDcRmsErrorAboveThreshold>
        <fineDceAzimuthStartTime>2015-05-16T13:34:42.238641</fineDceAzimuthStartTime>
        <fineDceAzimuthStopTime>2015-05-16T13:34:45.015948</fineDceAzimuthStopTime>
        <fineDceList count="20">
          <fineDce>
            <slantRangeTime>5.659514640531532e-03</slantRangeTime>
            <frequency>1.195627021789551e+01</frequency>
          </fineDce>
          <fineDce>
            <slantRangeTime>5.682025434755750e-03</slantRangeTime>
            <frequency>1.075004959106445e+01</frequency>
          </fineDce>
          <fineDce>
            <slantRangeTime>5.704536228979967e-03</slantRangeTime>
            <frequency>9.851344108581543e+00</frequency>
          </fineDce>
          <fineDce>
            <slantRangeTime>5.727047052308015e-03</slantRangeTime>
            <frequency>7.093983173370361e+00</frequency>
          </fineDce>
          <fineDce>
            <slantRangeTime>5.749557933843724e-03</slantRangeTime>
            <frequency>7.601928234100342e+00</frequency>
          </fineDce>
          <fineDce>
            <slantRangeTime>5.772068728067942e-03</slantRangeTime>
            <frequency>1.134683990478516e+01</frequency>
          </fineDce>
          <fineDce>
            <slantRangeTime>5.794579551395990e-03</slantRangeTime>
            <frequency>6.227451801300049e+00</frequency>
          </fineDce>
          <fineDce>
            <slantRangeTime>5.817090345620207e-03</slantRangeTime>
            <frequency>6.462841987609863e+00</frequency>
          </fineDce>
          <fineDce>
            <slantRangeTime>5.839601256259747e-03</slantRangeTime>
            <frequency>9.121694564819336e+00</frequency>
          </fineDce>
          <fineDce>
            <slantRangeTime>5.862112021380134e-03</slantRangeTime>
            <frequency>1.041665002703667e-01</frequency>
          </fineDce>
          <fineDce>
            <slantRangeTime>5.884622844708182e-03</slantRangeTime>
            <frequency>8.263235092163086e+00</frequency>
          </fineDce>
          <fineDce>
            <slantRangeTime>5.907133668036230e-03</slantRangeTime>
            <frequency>6.741234779357910e+00</frequency>
          </fineDce>
          <fineDce>
            <slantRangeTime>5.929644433156617e-03</slantRangeTime>
            <frequency>5.804008960723877e+00</frequency>
          </fineDce>
          <fineDce>
            <slantRangeTime>5.952155314692326e-03</slantRangeTime>
            <frequency>2.751279115676880e+00</frequency>
          </fineDce>
          <fineDce>
            <slantRangeTime>5.974666138020374e-03</slantRangeTime>
            <frequency>2.550400972366333e+00</frequency>
          </fineDce>
          <fineDce>
            <slantRangeTime>5.997176961348422e-03</slantRangeTime>
            <frequency>1.823110961914062e+01</frequency>
          </fineDce>
          <fineDce>
            <slantRangeTime>6.019687726468809e-03</slantRangeTime>
            <frequency>3.207278966903687e+00</frequency>
          </fineDce>
          <fineDce>
            <slantRangeTime>6.042198666212179e-03</slantRangeTime>
            <frequency>2.547236919403076e+00</frequency>
          </fineDce>
          <fineDce>
            <slantRangeTime>6.064709431332566e-03</slantRangeTime>
            <frequency>8.304615020751953e+00</frequency>
          </fineDce>
          <fineDce>
            <slantRangeTime>6.087238531866141e-03</slantRangeTime>
            <frequency>1.280583953857422e+01</frequency>
          </fineDce>
        </fineDceList>
      </dcEstimate>
      <dcEstimate>
        <azimuthTime>2015-05-16T13:34:46.385571</azimuthTime>
        <t0>5.341648926213977e-03</t0>
        <geometryDcPolynomial count="3">2.717859e+01 -2.196106e+03 1.247610e+05</geometryDcPolynomial>
        <dataDcPolynomial count="3">7.470241e+00 -1.736281e+04 1.507272e+07</dataDcPolynomial>
        <dataDcRmsError>3.357877969741821e+00</dataDcRmsError>
        <dataDcRmsErrorAboveThreshold>false</dataDcRmsErrorAboveThreshold>
        <fineDceAzimuthStartTime>2015-05-16T13:34:44.996918</fineDceAzimuthStartTime>
        <fineDceAzimuthStopTime>2015-05-16T13:34:47.774225</fineDceAzimuthStopTime>
        <fineDceList count="20">
          <fineDce>
            <slantRangeTime>5.658342315536586e-03</slantRangeTime>
            <frequency>4.216156959533691e+00</frequency>
          </fineDce>
          <fineDce>
            <slantRangeTime>5.680853138864634e-03</slantRangeTime>
            <frequency>4.517291069030762e+00</frequency>
          </fineDce>
          <fineDce>
            <slantRangeTime>5.703364020400343e-03</slantRangeTime>
            <frequency>3.396522045135498e+00</frequency>
          </fineDce>
          <fineDce>
            <slantRangeTime>5.725874814624560e-03</slantRangeTime>
            <frequency>9.137555122375488e+00</frequency>
          </fineDce>
          <fineDce>
            <slantRangeTime>5.748385637952608e-03</slantRangeTime>
            <frequency>1.563115000724792e+00</frequency>
          </fineDce>
          <fineDce>
            <slantRangeTime>5.770896432176826e-03</slantRangeTime>
            <frequency>9.866748809814453e+00</frequency>
          </fineDce>
          <fineDce>
            <slantRangeTime>5.793407313712535e-03</slantRangeTime>
            <frequency>1.460716009140015e+00</frequency>
          </fineDce>
          <fineDce>
            <slantRangeTime>5.815918137040583e-03</slantRangeTime>
            <frequency>1.222014045715332e+01</frequency>
          </fineDce>
          <fineDce>
            <slantRangeTime>5.838428902160970e-03</slantRangeTime>
            <frequency>9.869254112243652e+00</frequency>
          </fineDce>
          <fineDce>
            <slantRangeTime>5.860939841904340e-03</slantRangeTime>
            <frequency>8.581172943115234e+00</frequency>
          </fineDce>
          <fineDce>
            <slantRangeTime>5.883450607024727e-03</slantRangeTime>
            <frequency>3.903110980987549e+00</frequency>
          </fineDce>
          <fineDce>
            <slantRangeTime>5.905961430352775e-03</slantRangeTime>
            <frequency>6.480573177337646e+00</frequency>
          </fineDce>
          <fineDce>
            <slantRangeTime>5.928472253680823e-03</slantRangeTime>
            <frequency>7.276884078979492e+00</frequency>
          </fineDce>
          <fineDce>
            <slantRangeTime>5.950983135216532e-03</slantRangeTime>
            <frequency>5.121631145477295e+00</frequency>
          </fineDce>
          <fineDce>
            <slantRangeTime>5.973493900336919e-03</slantRangeTime>
            <frequency>3.573484897613525e+00</frequency>
          </fineDce>
          <fineDce>
            <slantRangeTime>5.996004723664967e-03</slantRangeTime>
            <frequency>-1.437062978744507e+00</frequency>
          </fineDce>
          <fineDce>
            <slantRangeTime>6.018515546993015e-03</slantRangeTime>
            <frequency>2.163977050781250e+01</frequency>
          </fineDce>
          <fineDce>
            <slantRangeTime>6.041026312113402e-03</slantRangeTime>
            <frequency>2.728981971740723e+00</frequency>
          </fineDce>
          <fineDce>
            <slantRangeTime>6.063537251856771e-03</slantRangeTime>
            <frequency>5.289733886718750e+00</frequency>
          </fineDce>
          <fineDce>
            <slantRangeTime>6.086066352390346e-03</slantRangeTime>
            <frequency>-4.007212817668915e-03</frequency>
          </fineDce>
        </fineDceList>
      </dcEstimate>
    </dcEstimateList>
  </dopplerCentroid>
  <antennaPattern>
    <antennaPatternList count="11">
      <antennaPattern>
        <swath>IW2</swath>
        <azimuthTime>2015-05-16T13:34:20.002944</azimuthTime>
        <slantRangeTime count="676">5.646806372877616e-03 5.647392496836635e-03 5.647978620795654e-03 5.648564744754674e-03 5.649150868713693e-03 5.649736992672713e-03 5.650323116631733e-03 5.650909240590751e-03 5.651495364549771e-03 5.652081488508790e-03 5.652667612467809e-03 5.653253736426829e-03 5.653839860385848e-03 5.654425984344868e-03 5.655012108303887e-03 5.655598232262906e-03 5.656184356221925e-03 5.656770480180945e-03 5.657356604139963e-03 5.657942728098983e-03 5.658528852058003e-03 5.659114976017021e-03 5.659701099976042e-03 5.660287223935061e-03 5.660873347894080e-03 5.661459471853100e-03 5.662045595812118e-03 5.662631719771138e-03 5.663217843730157e-03 5.663803967689176e-03 5.664390091648196e-03 5.664976215607215e-03 5.665562339566235e-03 5.666148463525255e-03 5.666734587484274e-03 5.667320711443293e-03 5.667906835402312e-03 5.668492959361331e-03 5.669079083320351e-03 5.669665207279370e-03 5.670251331238389e-03 5.670837455197409e-03 5.671423579156429e-03 5.672009703115448e-03 5.672595827074467e-03 5.673181951033487e-03 5.673768074992506e-03 5.674354198951525e-03 5.674940322910545e-03 5.675526446869563e-03 5.676112570828583e-03 5.676698694787602e-03 5.677284818746622e-03 5.677870942705641e-03 5.678457066664660e-03 5.679043190623679e-03 5.679629314582699e-03 5.680215438541717e-03 5.680801562500737e-03 5.681387686459757e-03 5.681973810418776e-03 5.682559934377795e-03 5.683146058336815e-03 5.683732182295833e-03 5.684318306254853e-03 5.684904430213872e-03 5.685490554172891e-03 5.686076678131910e-03 5.686662802090930e-03 5.687248926049949e-03 5.687835050008969e-03 5.688421173967988e-03 5.689007297927007e-03 5.689593421886026e-03 5.690179545845045e-03 5.690765669804064e-03 5.691351793763084e-03 5.691937917722103e-03 5.692524041681123e-03 5.693110165640142e-03 5.693696289599161e-03 5.694282413558180e-03 5.694868537517200e-03 5.695454661476218e-03 5.696040785435238e-03 5.696626909394258e-03 5.697213033353277e-03 5.697799157312296e-03 5.698385281271316e-03 5.698971405230334e-03 5.699557529189354e-03 5.700143653148373e-03 5.700729777107392e-03 5.701315901066411e-03 5.701902025025431e-03 5.702488148984450e-03 5.703074272943470e-03 5.703660396902488e-03 5.704246520861508e-03 5.704832644820527e-03 5.705418768779546e-03 5.706004892738565e-03 5.706591016697585e-03 5.707177140656604e-03 5.707763264615624e-03 5.708349388574643e-03 5.708935512533662e-03 5.709521636492681e-03 5.710107760451701e-03 5.710693884410719e-03 5.711280008369739e-03 5.711866132328759e-03 5.712452256287778e-03 5.713038380246797e-03 5.713624504205816e-03 5.714210628164835e-03 5.714796752123855e-03 5.715382876082874e-03 5.715969000041893e-03 5.716555124000912e-03 5.717141247959932e-03 5.717727371918951e-03 5.718313495877971e-03 5.718899619836989e-03 5.719485743796009e-03 5.720071867755028e-03 5.720657991714047e-03 5.721244115673066e-03 5.721830239632086e-03 5.722416363591105e-03 5.723002487550125e-03 5.723588611509144e-03 5.724174735468163e-03 5.724760859427182e-03 5.725346983386202e-03 5.725933107345220e-03 5.726519231304240e-03 5.727105355263259e-03 5.727691479222279e-03 5.728277603181298e-03 5.728863727140317e-03 5.729449851099336e-03 5.730035975058356e-03 5.730622099017374e-03 5.731208222976394e-03 5.731794346935413e-03 5.732380470894433e-03 5.732966594853452e-03 5.733552718812472e-03 5.734138842771490e-03 5.734724966730510e-03 5.735311090689529e-03 5.735897214648548e-03 5.736483338607567e-03 5.737069462566587e-03 5.737655586525606e-03 5.738241710484626e-03 5.738827834443645e-03 5.739413958402664e-03 5.740000082361683e-03 5.740586206320702e-03 5.741172330279721e-03 5.741758454238741e-03 5.742344578197760e-03 5.742930702156780e-03 5.743516826115799e-03 5.744102950074818e-03 5.744689074033837e-03 5.745275197992857e-03 5.745861321951875e-03 5.746447445910895e-03 5.747033569869914e-03 5.747619693828934e-03 5.748205817787953e-03 5.748791941746973e-03 5.749378065705991e-03 5.749964189665011e-03 5.750550313624030e-03 5.751136437583049e-03 5.751722561542068e-03 5.752308685501088e-03 5.752894809460107e-03 5.753480933419127e-03 5.754067057378145e-03 5.754653181337165e-03 5.755239305296184e-03 5.755825429255203e-03 5.756411553214222e-03 5.756997677173242e-03 5.757583801132261e-03 5.758169925091282e-03 5.758756049050301e-03 5.759342173009321e-03 5.759928296968341e-03 5.760514420927360e-03 5.761100544886380e-03 5.761686668845399e-03 5.762272792804419e-03 5.762858916763439e-03 5.763445040722458e-03 5.764031164681478e-03 5.764617288640497e-03 5.765203412599517e-03 5.765789536558537e-03 5.766375660517556e-03 5.766961784476576e-03 5.767547908435596e-03 5.768134032394616e-03 5.768720156353636e-03 5.769306280312655e-03 5.769892404271675e-03 5.770478528230694e-03 5.771064652189714e-03 5.771650776148734e-03 5.772236900107753e-03 5.772823024066773e-03 5.773409148025792e-03 5.773995271984812e-03 5.774581395943832e-03 5.775167519902851e-03 5.775753643861871e-03 5.776339767820890e-03 5.776925891779911e-03 5.777512015738930e-03 5.778098139697950e-03 5.778684263656970e-03 5.779270387615989e-03 5.779856511575009e-03 5.780442635534028e-03 5.781028759493048e-03 5.781614883452068e-03 5.782201007411087e-03 5.782787131370107e-03 5.783373255329126e-03 5.783959379288146e-03 5.784545503247166e-03 5.785131627206185e-03 5.785717751165205e-03 5.786303875124225e-03 5.786889999083245e-03 5.787476123042264e-03 5.788062247001284e-03 5.788648370960304e-03 5.789234494919323e-03 5.789820618878343e-03 5.790406742837362e-03 5.790992866796382e-03 5.791578990755402e-03 5.792165114714421e-03 5.792751238673441e-03 5.793337362632460e-03 5.793923486591480e-03 5.794509610550500e-03 5.795095734509519e-03 5.795681858468540e-03 5.796267982427559e-03 5.796854106386579e-03 5.797440230345599e-03 5.798026354304618e-03 5.798612478263638e-03 5.799198602222657e-03 5.799784726181677e-03 5.800370850140697e-03 5.800956974099716e-03 5.801543098058736e-03 5.802129222017755e-03 5.802715345976775e-03 5.803301469935795e-03 5.803887593894814e-03 5.804473717853835e-03 5.805059841812854e-03 5.805645965771874e-03 5.806232089730893e-03 5.806818213689913e-03 5.807404337648933e-03 5.807990461607952e-03 5.808576585566972e-03 5.809162709525991e-03 5.809748833485011e-03 5.810334957444031e-03 5.810921081403050e-03 5.811507205362070e-03 5.812093329321089e-03 5.812679453280109e-03 5.813265577239129e-03 5.813851701198149e-03 5.814437825157169e-03 5.815023949116188e-03 5.815610073075208e-03 5.816196197034228e-03 5.816782320993247e-03 5.817368444952267e-03 5.817954568911286e-03 5.818540692870306e-03 5.819126816829326e-03 5.819712940788345e-03 5.820299064747365e-03 5.820885188706384e-03 5.821471312665404e-03 5.822057436624424e-03 5.822643560583443e-03 5.823229684542464e-03 5.823815808501483e-03 5.824401932460503e-03 5.824988056419522e-03 5.825574180378542e-03 5.826160304337562e-03 5.826746428296581e-03 5.827332552255601e-03 5.827918676214620e-03 5.828504800173640e-03 5.829090924132660e-03 5.829677048091679e-03 5.830263172050699e-03 5.830849296009718e-03 5.831435419968738e-03 5.832021543927758e-03 5.832607667886778e-03 5.833193791845798e-03 5.833779915804817e-03 5.834366039763837e-03 5.834952163722856e-03 5.835538287681876e-03 5.836124411640896e-03 5.836710535599915e-03 5.837296659558935e-03 5.837882783517954e-03 5.838468907476974e-03 5.839055031435994e-03 5.839641155395013e-03 5.840227279354033e-03 5.840813403313052e-03 5.841399527272073e-03 5.841985651231093e-03 5.842571775190112e-03 5.843157899149132e-03 5.843744023108151e-03 5.844330147067171e-03 5.844916271026191e-03 5.845502394985210e-03 5.846088518944230e-03 5.846674642903249e-03 5.847260766862269e-03 5.847846890821289e-03 5.848433014780308e-03 5.849019138739328e-03 5.849605262698347e-03 5.850191386657367e-03 5.850777510616387e-03 5.851363634575407e-03 5.851949758534427e-03 5.852535882493446e-03 5.853122006452466e-03 5.853708130411485e-03 5.854294254370505e-03 5.854880378329525e-03 5.855466502288544e-03 5.856052626247564e-03 5.856638750206583e-03 5.857224874165603e-03 5.857810998124623e-03 5.858397122083642e-03 5.858983246042662e-03 5.859569370001681e-03 5.860155493960702e-03 5.860741617919722e-03 5.861327741878741e-03 5.861913865837761e-03 5.862499989796780e-03 5.863086113755800e-03 5.863672237714820e-03 5.864258361673839e-03 5.864844485632859e-03 5.865430609591878e-03 5.866016733550898e-03 5.866602857509918e-03 5.867188981468937e-03 5.867775105427957e-03 5.868361229386976e-03 5.868947353345996e-03 5.869533477305016e-03 5.870119601264036e-03 5.870705725223056e-03 5.871291849182075e-03 5.871877973141095e-03 5.872464097100114e-03 5.873050221059134e-03 5.873636345018154e-03 5.874222468977173e-03 5.874808592936193e-03 5.875394716895212e-03 5.875980840854232e-03 5.876566964813252e-03 5.877153088772271e-03 5.877739212731291e-03 5.878325336690310e-03 5.878911460649331e-03 5.879497584608350e-03 5.880083708567370e-03 5.880669832526390e-03 5.881255956485409e-03 5.881842080444429e-03 5.882428204403448e-03 5.883014328362468e-03 5.883600452321488e-03 5.884186576280507e-03 5.884772700239527e-03 5.885358824198546e-03 5.885944948157566e-03 5.886531072116586e-03 5.887117196075605e-03 5.887703320034626e-03 5.888289443993645e-03 5.888875567952665e-03 5.889461691911685e-03 5.890047815870704e-03 5.890633939829724e-03 5.891220063788743e-03 5.891806187747763e-03 5.892392311706783e-03 5.892978435665802e-03 5.893564559624822e-03 5.894150683583841e-03 5.894736807542861e-03 5.895322931501881e-03 5.895909055460900e-03 5.896495179419920e-03 5.897081303378940e-03 5.897667427337960e-03 5.898253551296979e-03 5.898839675255999e-03 5.899425799215019e-03 5.900011923174038e-03 5.900598047133058e-03 5.901184171092077e-03 5.901770295051097e-03 5.902356419010117e-03 5.902942542969136e-03 5.903528666928156e-03 5.904114790887175e-03 5.904700914846195e-03 5.905287038805215e-03 5.905873162764234e-03 5.906459286723255e-03 5.907045410682274e-03 5.907631534641294e-03 5.908217658600314e-03 5.908803782559333e-03 5.909389906518353e-03 5.909976030477372e-03 5.910562154436392e-03 5.911148278395412e-03 5.911734402354431e-03 5.912320526313451e-03 5.912906650272470e-03 5.913492774231490e-03 5.914078898190510e-03 5.914665022149529e-03 5.915251146108549e-03 5.915837270067569e-03 5.916423394026589e-03 5.917009517985608e-03 5.917595641944628e-03 5.918181765903648e-03 5.918767889862667e-03 5.919354013821687e-03 5.919940137780706e-03 5.920526261739726e-03 5.921112385698746e-03 5.921698509657765e-03 5.922284633616785e-03 5.922870757575804e-03 5.923456881534824e-03 5.924043005493844e-03 5.924629129452863e-03 5.925215253411884e-03 5.925801377370903e-03 5.926387501329923e-03 5.926973625288942e-03 5.927559749247962e-03 5.928145873206982e-03 5.928731997166001e-03 5.929318121125021e-03 5.929904245084040e-03 5.930490369043060e-03 5.931076493002080e-03 5.931662616961099e-03 5.932248740920119e-03 5.932834864879138e-03 5.933420988838158e-03 5.934007112797179e-03 5.934593236756198e-03 5.935179360715218e-03 5.935765484674237e-03 5.936351608633257e-03 5.936937732592277e-03 5.937523856551296e-03 5.938109980510316e-03 5.938696104469335e-03 5.939282228428355e-03 5.939868352387375e-03 5.940454476346394e-03 5.941040600305414e-03 5.941626724264433e-03 5.942212848223453e-03 5.942798972182473e-03 5.943385096141493e-03 5.943971220100513e-03 5.944557344059532e-03 5.945143468018552e-03 5.945729591977571e-03 5.946315715936591e-03 5.946901839895611e-03 5.947487963854630e-03 5.948074087813650e-03 5.948660211772669e-03 5.949246335731689e-03 5.949832459690709e-03 5.950418583649728e-03 5.951004707608748e-03 5.951590831567767e-03 5.952176955526787e-03 5.952763079485807e-03 5.953349203444827e-03 5.953935327403847e-03 5.954521451362866e-03 5.955107575321886e-03 5.955693699280906e-03 5.956279823239925e-03 5.956865947198945e-03 5.957452071157964e-03 5.958038195116984e-03 5.958624319076004e-03 5.959210443035023e-03 5.959796566994043e-03 5.960382690953062e-03 5.960968814912082e-03 5.961554938871102e-03 5.962141062830122e-03 5.962727186789142e-03 5.963313310748161e-03 5.963899434707181e-03 5.964485558666200e-03 5.965071682625220e-03 5.965657806584240e-03 5.966243930543259e-03 5.966830054502279e-03 5.967416178461298e-03 5.968002302420318e-03 5.968588426379338e-03 5.969174550338357e-03 5.969760674297377e-03 5.970346798256396e-03 5.970932922215416e-03 5.971519046174436e-03 5.972105170133456e-03 5.972691294092476e-03 5.973277418051495e-03 5.973863542010515e-03 5.974449665969534e-03 5.975035789928554e-03 5.975621913887574e-03 5.976208037846593e-03 5.976794161805613e-03 5.977380285764632e-03 5.977966409723652e-03 5.978552533682672e-03 5.979138657641691e-03 5.979724781600711e-03 5.980310905559731e-03 5.980897029518751e-03 5.981483153477771e-03 5.982069277436790e-03 5.982655401395810e-03 5.983241525354829e-03 5.983827649313849e-03 5.984413773272869e-03 5.984999897231888e-03 5.985586021190908e-03 5.986172145149927e-03 5.986758269108947e-03 5.987344393067967e-03 5.987930517026986e-03 5.988516640986006e-03 5.989102764945025e-03 5.989688888904046e-03 5.990275012863065e-03 5.990861136822085e-03 5.991447260781105e-03 5.992033384740124e-03 5.992619508699144e-03 5.993205632658163e-03 5.993791756617183e-03 5.994377880576203e-03 5.994964004535222e-03 5.995550128494242e-03 5.996136252453261e-03 5.996722376412281e-03 5.997308500371301e-03 5.997894624330320e-03 5.998480748289340e-03 5.999066872248360e-03 5.999652996207380e-03 6.000239120166399e-03 6.000825244125419e-03 6.001411368084439e-03 6.001997492043458e-03 6.002583616002478e-03 6.003169739961497e-03 6.003755863920517e-03 6.004341987879537e-03 6.004928111838556e-03 6.005514235797576e-03 6.006100359756596e-03 6.006686483715615e-03 6.007272607674635e-03 6.007858731633654e-03 6.008444855592675e-03 6.009030979551694e-03 6.009617103510714e-03 6.010203227469734e-03 6.010789351428753e-03 6.011375475387773e-03 6.011961599346792e-03 6.012547723305812e-03 6.013133847264832e-03 6.013719971223851e-03 6.014306095182871e-03 6.014892219141890e-03 6.015478343100910e-03 6.016064467059930e-03 6.016650591018949e-03 6.017236714977970e-03 6.017822838936989e-03 6.018408962896009e-03 6.018995086855028e-03 6.019581210814048e-03 6.020167334773068e-03 6.020753458732087e-03 6.021339582691107e-03 6.021925706650126e-03 6.022511830609146e-03 6.023097954568166e-03 6.023684078527185e-03 6.024270202486205e-03 6.024856326445224e-03 6.025442450404244e-03 6.026028574363264e-03 6.026614698322284e-03 6.027200822281304e-03 6.027786946240323e-03 6.028373070199343e-03 6.028959194158363e-03 6.029545318117382e-03 6.030131442076402e-03 6.030717566035421e-03 6.031303689994441e-03 6.031889813953461e-03 6.032475937912480e-03 6.033062061871500e-03 6.033648185830519e-03 6.034234309789539e-03 6.034820433748559e-03 6.035406557707578e-03 6.035992681666599e-03 6.036578805625618e-03 6.037164929584638e-03 6.037751053543657e-03 6.038337177502677e-03 6.038923301461697e-03 6.039509425420716e-03 6.040095549379736e-03 6.040681673338755e-03 6.041267797297775e-03 6.041853921256795e-03 6.042440045215814e-03</slantRangeTime>
        <elevationAngle count="676">3.238150e+01 3.238953e+01 3.239756e+01 3.240559e+01 3.241362e+01 3.242164e+01 3.242966e+01 3.243768e+01 3.244569e+01 3.245370e+01 3.246170e+01 3.246970e+01 3.247770e+01 3.248570e+01 3.249369e+01 3.250167e+01 3.250966e+01 3.251764e+01 3.252562e+01 3.253359e+01 3.254156e+01 3.254952e+01 3.255749e+01 3.256544e+01 3.257340e+01 3.258135e+01 3.258930e+01 3.259724e+01 3.260519e+01 3.261312e+01 3.262106e+01 3.262899e+01 3.263692e+01 3.264484e+01 3.265276e+01 3.266068e+01 3.266859e+01 3.267650e+01 3.268441e+01 3.269231e+01 3.270021e+01 3.270811e+01 3.271600e+01 3.272389e+01 3.273178e+01 3.273966e+01 3.274754e+01 3.275541e+01 3.276328e+01 3.277115e+01 3.277902e+01 3.278688e+01 3.279474e+01 3.280259e+01 3.281044e+01 3.281829e+01 3.282614e+01 3.283398e+01 3.284182e+01 3.284965e+01 3.285748e+01 3.286531e+01 3.287313e+01 3.288095e+01 3.288877e+01 3.289658e+01 3.290440e+01 3.291220e+01 3.292001e+01 3.292781e+01 3.293560e+01 3.294340e+01 3.295119e+01 3.295897e+01 3.296676e+01 3.297454e+01 3.298232e+01 3.299009e+01 3.299786e+01 3.300563e+01 3.301339e+01 3.302115e+01 3.302890e+01 3.303666e+01 3.304441e+01 3.305215e+01 3.305990e+01 3.306764e+01 3.307537e+01 3.308311e+01 3.309084e+01 3.309856e+01 3.310629e+01 3.311401e+01 3.312173e+01 3.312944e+01 3.313715e+01 3.314486e+01 3.315256e+01 3.316026e+01 3.316796e+01 3.317565e+01 3.318334e+01 3.319103e+01 3.319871e+01 3.320639e+01 3.321407e+01 3.322174e+01 3.322942e+01 3.323708e+01 3.324475e+01 3.325241e+01 3.326006e+01 3.326772e+01 3.327537e+01 3.328302e+01 3.329066e+01 3.329831e+01 3.330594e+01 3.331358e+01 3.332121e+01 3.332884e+01 3.333646e+01 3.334409e+01 3.335170e+01 3.335932e+01 3.336693e+01 3.337454e+01 3.338214e+01 3.338975e+01 3.339735e+01 3.340494e+01 3.341254e+01 3.342012e+01 3.342771e+01 3.343530e+01 3.344287e+01 3.345045e+01 3.345803e+01 3.346560e+01 3.347316e+01 3.348073e+01 3.348829e+01 3.349585e+01 3.350340e+01 3.351095e+01 3.351850e+01 3.352605e+01 3.353359e+01 3.354113e+01 3.354866e+01 3.355619e+01 3.356372e+01 3.357125e+01 3.357877e+01 3.358629e+01 3.359381e+01 3.360132e+01 3.360883e+01 3.361634e+01 3.362384e+01 3.363134e+01 3.363884e+01 3.364634e+01 3.365383e+01 3.366132e+01 3.366880e+01 3.367628e+01 3.368376e+01 3.369124e+01 3.369871e+01 3.370618e+01 3.371365e+01 3.372111e+01 3.372857e+01 3.373603e+01 3.374348e+01 3.375093e+01 3.375838e+01 3.376583e+01 3.377327e+01 3.378070e+01 3.378814e+01 3.379557e+01 3.380301e+01 3.381043e+01 3.381785e+01 3.382527e+01 3.383269e+01 3.384010e+01 3.384752e+01 3.385492e+01 3.386233e+01 3.386973e+01 3.387713e+01 3.388453e+01 3.389192e+01 3.389931e+01 3.390669e+01 3.391408e+01 3.392146e+01 3.392883e+01 3.393621e+01 3.394358e+01 3.395095e+01 3.395831e+01 3.396568e+01 3.397303e+01 3.398039e+01 3.398774e+01 3.399509e+01 3.400244e+01 3.400978e+01 3.401712e+01 3.402446e+01 3.403180e+01 3.403913e+01 3.404646e+01 3.405379e+01 3.406111e+01 3.406843e+01 3.407574e+01 3.408306e+01 3.409037e+01 3.409768e+01 3.410498e+01 3.411229e+01 3.411959e+01 3.412688e+01 3.413417e+01 3.414146e+01 3.414875e+01 3.415604e+01 3.416332e+01 3.417060e+01 3.417787e+01 3.418514e+01 3.419241e+01 3.419968e+01 3.420694e+01 3.421420e+01 3.422146e+01 3.422872e+01 3.423597e+01 3.424322e+01 3.425046e+01 3.425771e+01 3.426495e+01 3.427218e+01 3.427942e+01 3.428665e+01 3.429388e+01 3.430110e+01 3.430832e+01 3.431554e+01 3.432276e+01 3.432998e+01 3.433718e+01 3.434439e+01 3.435160e+01 3.435880e+01 3.436600e+01 3.437320e+01 3.438039e+01 3.438758e+01 3.439476e+01 3.440195e+01 3.440913e+01 3.441631e+01 3.442348e+01 3.443066e+01 3.443783e+01 3.444500e+01 3.445216e+01 3.445932e+01 3.446648e+01 3.447364e+01 3.448079e+01 3.448794e+01 3.449509e+01 3.450223e+01 3.450937e+01 3.451651e+01 3.452365e+01 3.453078e+01 3.453791e+01 3.454504e+01 3.455216e+01 3.455928e+01 3.456640e+01 3.457352e+01 3.458063e+01 3.458774e+01 3.459485e+01 3.460196e+01 3.460905e+01 3.461615e+01 3.462325e+01 3.463034e+01 3.463743e+01 3.464452e+01 3.465161e+01 3.465869e+01 3.466577e+01 3.467284e+01 3.467992e+01 3.468699e+01 3.469405e+01 3.470112e+01 3.470818e+01 3.471524e+01 3.472230e+01 3.472935e+01 3.473640e+01 3.474345e+01 3.475050e+01 3.475754e+01 3.476458e+01 3.477162e+01 3.477865e+01 3.478568e+01 3.479271e+01 3.479974e+01 3.480676e+01 3.481378e+01 3.482080e+01 3.482781e+01 3.483483e+01 3.484184e+01 3.484884e+01 3.485585e+01 3.486285e+01 3.486985e+01 3.487684e+01 3.488383e+01 3.489082e+01 3.489781e+01 3.490480e+01 3.491178e+01 3.491876e+01 3.492573e+01 3.493270e+01 3.493968e+01 3.494665e+01 3.495361e+01 3.496058e+01 3.496753e+01 3.497449e+01 3.498145e+01 3.498840e+01 3.499535e+01 3.500229e+01 3.500924e+01 3.501618e+01 3.502312e+01 3.503005e+01 3.503698e+01 3.504391e+01 3.505084e+01 3.505777e+01 3.506469e+01 3.507161e+01 3.507853e+01 3.508544e+01 3.509235e+01 3.509926e+01 3.510616e+01 3.511307e+01 3.511997e+01 3.512687e+01 3.513376e+01 3.514065e+01 3.514754e+01 3.515443e+01 3.516132e+01 3.516820e+01 3.517508e+01 3.518195e+01 3.518882e+01 3.519570e+01 3.520256e+01 3.520943e+01 3.521629e+01 3.522316e+01 3.523001e+01 3.523687e+01 3.524372e+01 3.525057e+01 3.525742e+01 3.526426e+01 3.527110e+01 3.527794e+01 3.528478e+01 3.529161e+01 3.529844e+01 3.530527e+01 3.531210e+01 3.531892e+01 3.532574e+01 3.533256e+01 3.533938e+01 3.534619e+01 3.535300e+01 3.535981e+01 3.536662e+01 3.537342e+01 3.538021e+01 3.538701e+01 3.539381e+01 3.540060e+01 3.540739e+01 3.541418e+01 3.542096e+01 3.542774e+01 3.543452e+01 3.544130e+01 3.544807e+01 3.545484e+01 3.546161e+01 3.546838e+01 3.547514e+01 3.548190e+01 3.548866e+01 3.549542e+01 3.550217e+01 3.550892e+01 3.551567e+01 3.552242e+01 3.552916e+01 3.553590e+01 3.554263e+01 3.554937e+01 3.555610e+01 3.556283e+01 3.556956e+01 3.557629e+01 3.558301e+01 3.558973e+01 3.559644e+01 3.560316e+01 3.560987e+01 3.561658e+01 3.562329e+01 3.562999e+01 3.563670e+01 3.564339e+01 3.565009e+01 3.565678e+01 3.566348e+01 3.567017e+01 3.567685e+01 3.568354e+01 3.569022e+01 3.569690e+01 3.570358e+01 3.571025e+01 3.571692e+01 3.572359e+01 3.573026e+01 3.573692e+01 3.574358e+01 3.575024e+01 3.575690e+01 3.576355e+01 3.577020e+01 3.577685e+01 3.578350e+01 3.579014e+01 3.579678e+01 3.580342e+01 3.581006e+01 3.581669e+01 3.582332e+01 3.582995e+01 3.583658e+01 3.584320e+01 3.584983e+01 3.585645e+01 3.586306e+01 3.586967e+01 3.587629e+01 3.588290e+01 3.588950e+01 3.589611e+01 3.590271e+01 3.590931e+01 3.591590e+01 3.592250e+01 3.592909e+01 3.593568e+01 3.594226e+01 3.594885e+01 3.595543e+01 3.596201e+01 3.596859e+01 3.597516e+01 3.598174e+01 3.598830e+01 3.599487e+01 3.600144e+01 3.600800e+01 3.601456e+01 3.602111e+01 3.602767e+01 3.603422e+01 3.604077e+01 3.604732e+01 3.605387e+01 3.606041e+01 3.606695e+01 3.607349e+01 3.608002e+01 3.608656e+01 3.609309e+01 3.609961e+01 3.610614e+01 3.611266e+01 3.611918e+01 3.612570e+01 3.613222e+01 3.613873e+01 3.614524e+01 3.615175e+01 3.615826e+01 3.616476e+01 3.617126e+01 3.617776e+01 3.618426e+01 3.619075e+01 3.619725e+01 3.620374e+01 3.621022e+01 3.621671e+01 3.622319e+01 3.622967e+01 3.623615e+01 3.624262e+01 3.624910e+01 3.625557e+01 3.626204e+01 3.626850e+01 3.627496e+01 3.628143e+01 3.628788e+01 3.629434e+01 3.630079e+01 3.630725e+01 3.631369e+01 3.632014e+01 3.632658e+01 3.633303e+01 3.633947e+01 3.634591e+01 3.635234e+01 3.635877e+01 3.636520e+01 3.637163e+01 3.637806e+01 3.638448e+01 3.639090e+01 3.639732e+01 3.640373e+01 3.641015e+01 3.641656e+01 3.642297e+01 3.642937e+01 3.643578e+01 3.644218e+01 3.644858e+01 3.645498e+01 3.646137e+01 3.646777e+01 3.647416e+01 3.648054e+01 3.648693e+01 3.649331e+01 3.649969e+01 3.650607e+01 3.651245e+01 3.651882e+01 3.652519e+01 3.653156e+01 3.653793e+01 3.654429e+01 3.655066e+01 3.655702e+01 3.656337e+01 3.656973e+01 3.657608e+01 3.658244e+01 3.658878e+01 3.659513e+01 3.660147e+01 3.660781e+01 3.661415e+01 3.662049e+01 3.662683e+01 3.663316e+01 3.663949e+01 3.664582e+01 3.665214e+01 3.665847e+01 3.666479e+01 3.667110e+01 3.667742e+01 3.668373e+01 3.669005e+01 3.669636e+01 3.670266e+01 3.670897e+01 3.671527e+01 3.672157e+01 3.672787e+01 3.673417e+01 3.674046e+01 3.674675e+01 3.675304e+01 3.675933e+01 3.676561e+01 3.677189e+01 3.677818e+01 3.678445e+01 3.679073e+01 3.679700e+01 3.680327e+01 3.680954e+01 3.681581e+01 3.682207e+01 3.682833e+01 3.683459e+01 3.684085e+01 3.684711e+01 3.685336e+01 3.685961e+01 3.686586e+01 3.687210e+01 3.687835e+01 3.688459e+01 3.689083e+01 3.689707e+01 3.690331e+01 3.690953e+01 3.691577e+01 3.692200e+01 3.692822e+01 3.693444e+01 3.694067e+01 3.694689e+01 3.695311e+01 3.695932e+01 3.696553e+01 3.697174e+01 3.697795e+01 3.698416e+01 3.699036e+01 3.699656e+01 3.700276e+01 3.700896e+01 3.701516e+01 3.702135e+01 3.702754e+01 3.703373e+01 3.703991e+01 3.704610e+01 3.705228e+01 3.705846e+01 3.706464e+01 3.707082e+01 3.707699e+01 3.708316e+01 3.708933e+01 3.709549e+01 3.710166e+01 3.710782e+01 3.711398e+01 3.712014e+01</elevationAngle>
        <elevationPattern count="676">-3.056021e+13 2.712894e+14 -3.066113e+13 2.730258e+14 -3.073825e+13 2.747932e+14 -3.081534e+13 2.765598e+14 -3.089238e+13 2.783255e+14 -3.096939e+13 2.800904e+14 -3.104639e+13 2.818547e+14 -3.112333e+13 2.836181e+14 -3.118142e+13 2.853682e+14 -3.123428e+13 2.871141e+14 -3.128710e+13 2.888591e+14 -3.133991e+13 2.906033e+14 -3.139270e+13 2.923469e+14 -3.144545e+13 2.940895e+14 -3.148367e+13 2.958401e+14 -3.150923e+13 2.975973e+14 -3.153478e+13 2.993537e+14 -3.156032e+13 3.011093e+14 -3.158584e+13 3.028641e+14 -3.161135e+13 3.046182e+14 -3.162871e+13 3.063714e+14 -3.162394e+13 3.081240e+14 -3.161915e+13 3.098756e+14 -3.161439e+13 3.116268e+14 -3.160962e+13 3.133769e+14 -3.160484e+13 3.151263e+14 -3.160007e+13 3.168750e+14 -3.156554e+13 3.186072e+14 -3.153059e+13 3.203383e+14 -3.149567e+13 3.220689e+14 -3.146077e+13 3.237986e+14 -3.142587e+13 3.255275e+14 -3.139099e+13 3.272557e+14 -3.133333e+13 3.289831e+14 -3.126522e+13 3.307098e+14 -3.119712e+13 3.324356e+14 -3.112907e+13 3.341608e+14 -3.106104e+13 3.358852e+14 -3.099304e+13 3.376088e+14 -3.091291e+13 3.393317e+14 -3.081180e+13 3.410539e+14 -3.071072e+13 3.427752e+14 -3.060970e+13 3.444958e+14 -3.050871e+13 3.462157e+14 -3.040777e+13 3.479347e+14 -3.030571e+13 3.496526e+14 -3.016704e+13 3.513544e+14 -3.002844e+13 3.530557e+14 -2.988989e+13 3.547558e+14 -2.975140e+13 3.564555e+14 -2.961297e+13 3.581544e+14 -2.947460e+13 3.598525e+14 -2.931075e+13 3.615393e+14 -2.913480e+13 3.632201e+14 -2.895893e+13 3.649004e+14 -2.878313e+13 3.665799e+14 -2.860741e+13 3.682586e+14 -2.843178e+13 3.699367e+14 -2.824420e+13 3.716091e+14 -2.802954e+13 3.732700e+14 -2.781497e+13 3.749301e+14 -2.760049e+13 3.765895e+14 -2.738610e+13 3.782481e+14 -2.717183e+13 3.799063e+14 -2.695763e+13 3.815636e+14 -2.670768e+13 3.831916e+14 -2.645461e+13 3.848160e+14 -2.620166e+13 3.864400e+14 -2.594882e+13 3.880631e+14 -2.569608e+13 3.896856e+14 -2.544346e+13 3.913075e+14 -2.516944e+13 3.929205e+14 -2.487496e+13 3.945253e+14 -2.458062e+13 3.961294e+14 -2.428640e+13 3.977328e+14 -2.399231e+13 3.993356e+14 -2.369835e+13 4.009376e+14 -2.340074e+13 4.025376e+14 -2.306352e+13 4.041227e+14 -2.272644e+13 4.057071e+14 -2.238951e+13 4.072908e+14 -2.205273e+13 4.088739e+14 -2.171608e+13 4.104563e+14 -2.137958e+13 4.120379e+14 -2.101626e+13 4.135889e+14 -2.063823e+13 4.151228e+14 -2.026035e+13 4.166560e+14 -1.988264e+13 4.181886e+14 -1.950508e+13 4.197203e+14 -1.912770e+13 4.212517e+14 -1.874220e+13 4.227791e+14 -1.832032e+13 4.242936e+14 -1.789863e+13 4.258074e+14 -1.747711e+13 4.273207e+14 -1.705578e+13 4.288332e+14 -1.663462e+13 4.303450e+14 -1.621365e+13 4.318562e+14 -1.576129e+13 4.333449e+14 -1.529599e+13 4.348241e+14 -1.483090e+13 4.363024e+14 -1.436600e+13 4.377802e+14 -1.390130e+13 4.392574e+14 -1.343680e+13 4.407340e+14 -1.296349e+13 4.422034e+14 -1.245652e+13 4.436479e+14 -1.194976e+13 4.450920e+14 -1.144321e+13 4.465352e+14 -1.093688e+13 4.479778e+14 -1.043077e+13 4.494201e+14 -9.924880e+12 4.508616e+14 -9.387635e+12 4.522811e+14 -8.836817e+12 4.536908e+14 -8.286236e+12 4.550998e+14 -7.735885e+12 4.565081e+14 -7.185770e+12 4.579158e+14 -6.635892e+12 4.593231e+14 -6.078954e+12 4.607221e+14 -5.484918e+12 4.620823e+14 -4.891134e+12 4.634420e+14 -4.297602e+12 4.648011e+14 -3.704319e+12 4.661593e+14 -3.111291e+12 4.675173e+14 -2.518514e+12 4.688743e+14 -1.899279e+12 4.702125e+14 -1.263426e+12 4.715382e+14 -6.278425e+11 4.728632e+14 7.471404e+09 4.741877e+14 6.425164e+11 4.755118e+14 1.277292e+12 4.768352e+14 1.913725e+12 4.781560e+14 2.591888e+12 4.794326e+14 3.269764e+12 4.807089e+14 3.947352e+12 4.819842e+14 4.624656e+12 4.832594e+14 5.301672e+12 4.845339e+14 5.978404e+12 4.858080e+14 6.674368e+12 4.870675e+14 7.393265e+12 4.883103e+14 8.111853e+12 4.895523e+14 8.830139e+12 4.907938e+14 9.548125e+12 4.920349e+14 1.026580e+13 4.932753e+14 1.098319e+13 4.945154e+14 1.173577e+13 4.957163e+14 1.249424e+13 4.969097e+14 1.325240e+13 4.981029e+14 1.401024e+13 4.992956e+14 1.476776e+13 5.004877e+14 1.552496e+13 5.016793e+14 1.629143e+13 5.028635e+14 1.709020e+13 5.040240e+14 1.788863e+13 5.051841e+14 1.868673e+13 5.063436e+14 1.948448e+13 5.075026e+14 2.028191e+13 5.086611e+14 2.107901e+13 5.098193e+14 2.189861e+13 5.109502e+14 2.273410e+13 5.120623e+14 2.356926e+13 5.131739e+14 2.440404e+13 5.142848e+14 2.523849e+13 5.153955e+14 2.607259e+13 5.165057e+14 2.690633e+13 5.176153e+14 2.777434e+13 5.186691e+14 2.864485e+13 5.197178e+14 2.951498e+13 5.207661e+14 3.038478e+13 5.218143e+14 3.125419e+13 5.228616e+14 3.212324e+13 5.239086e+14 3.300143e+13 5.249481e+14 3.390862e+13 5.259643e+14 3.481543e+13 5.269804e+14 3.572186e+13 5.279957e+14 3.662793e+13 5.290108e+14 3.753360e+13 5.300252e+14 3.843892e+13 5.310396e+14 3.936254e+13 5.320288e+14 4.030136e+13 5.329973e+14 4.123981e+13 5.339658e+14 4.217786e+13 5.349335e+14 4.311551e+13 5.359009e+14 4.405277e+13 5.368678e+14 4.498965e+13 5.378346e+14 4.595202e+13 5.387639e+14 4.691932e+13 5.396851e+14 4.788623e+13 5.406060e+14 4.885272e+13 5.415263e+14 4.981882e+13 5.424465e+14 5.078453e+13 5.433662e+14 5.175301e+13 5.442800e+14 5.275200e+13 5.451397e+14 5.375057e+13 5.459989e+14 5.474876e+13 5.468581e+14 5.574651e+13 5.477167e+14 5.674384e+13 5.485748e+14 5.774077e+13 5.494327e+14 5.874681e+13 5.502803e+14 5.977100e+13 5.511079e+14 6.079477e+13 5.519352e+14 6.181811e+13 5.527621e+14 6.284104e+13 5.535888e+14 6.386352e+13 5.544149e+14 6.488561e+13 5.552409e+14 6.592144e+13 5.560332e+14 6.696772e+13 5.567995e+14 6.801358e+13 5.575655e+14 6.905901e+13 5.583311e+14 7.010403e+13 5.590966e+14 7.114859e+13 5.598616e+14 7.219273e+13 5.606262e+14 7.325689e+13 5.613680e+14 7.432662e+13 5.621027e+14 7.539589e+13 5.628369e+14 7.646478e+13 5.635711e+14 7.753318e+13 5.643048e+14 7.860116e+13 5.650384e+14 7.966870e+13 5.657716e+14 8.075271e+13 5.664481e+14 8.183699e+13 5.671223e+14 8.292079e+13 5.677960e+14 8.400415e+13 5.684693e+14 8.508706e+13 5.691425e+14 8.616953e+13 5.698153e+14 8.725311e+13 5.704823e+14 8.834641e+13 5.711109e+14 8.943923e+13 5.717390e+14 9.053160e+13 5.723668e+14 9.162358e+13 5.729947e+14 9.271508e+13 5.736221e+14 9.380615e+13 5.742495e+14 9.490208e+13 5.748641e+14 9.601120e+13 5.754470e+14 9.711987e+13 5.760299e+14 9.822807e+13 5.766124e+14 9.933581e+13 5.771944e+14 1.004431e+14 5.777765e+14 1.015499e+14 5.783581e+14 1.026558e+14 5.789219e+14 1.037603e+14 5.794598e+14 1.048644e+14 5.799971e+14 1.059680e+14 5.805346e+14 1.070711e+14 5.810715e+14 1.081738e+14 5.816083e+14 1.092761e+14 5.821449e+14 1.103931e+14 5.826586e+14 1.115235e+14 5.831513e+14 1.126533e+14 5.836437e+14 1.137828e+14 5.841362e+14 1.149118e+14 5.846282e+14 1.160403e+14 5.851202e+14 1.171684e+14 5.856119e+14 1.182960e+14 5.860676e+14 1.194231e+14 5.865013e+14 1.205498e+14 5.869345e+14 1.216761e+14 5.873678e+14 1.228018e+14 5.878006e+14 1.239271e+14 5.882334e+14 1.250520e+14 5.886661e+14 1.261765e+14 5.890589e+14 1.273005e+14 5.894336e+14 1.284239e+14 5.898078e+14 1.295470e+14 5.901823e+14 1.306696e+14 5.905567e+14 1.317918e+14 5.909307e+14 1.329135e+14 5.913046e+14 1.340347e+14 5.916568e+14 1.351555e+14 5.920016e+14 1.362759e+14 5.923465e+14 1.373958e+14 5.926911e+14 1.385152e+14 5.930354e+14 1.396343e+14 5.933799e+14 1.407528e+14 5.937240e+14 1.418821e+14 5.940122e+14 1.430141e+14 5.942845e+14 1.441456e+14 5.945566e+14 1.452766e+14 5.948285e+14 1.464073e+14 5.951005e+14 1.475374e+14 5.953723e+14 1.486671e+14 5.956440e+14 1.497850e+14 5.958815e+14 1.508995e+14 5.961101e+14 1.520137e+14 5.963388e+14 1.531272e+14 5.965671e+14 1.542405e+14 5.967956e+14 1.553531e+14 5.970236e+14 1.564655e+14 5.972519e+14 1.575661e+14 5.974464e+14 1.586633e+14 5.976315e+14 1.597599e+14 5.978168e+14 1.608562e+14 5.980017e+14 1.619520e+14 5.981867e+14 1.630475e+14 5.983718e+14 1.641424e+14 5.985565e+14 1.652370e+14 5.986979e+14 1.663310e+14 5.988256e+14 1.674247e+14 5.989534e+14 1.685179e+14 5.990813e+14 1.696107e+14 5.992091e+14 1.707030e+14 5.993367e+14 1.717950e+14 5.994644e+14 1.728762e+14 5.995511e+14 1.739531e+14 5.996219e+14 1.750295e+14 5.996926e+14 1.761056e+14 5.997635e+14 1.771811e+14 5.998341e+14 1.782564e+14 5.999051e+14 1.793311e+14 5.999757e+14 1.803869e+14 6.000094e+14 1.814324e+14 6.000234e+14 1.824777e+14 6.000376e+14 1.835225e+14 6.000518e+14 1.845668e+14 6.000657e+14 1.856108e+14 6.000798e+14 1.866543e+14 6.000940e+14 1.876894e+14 6.000838e+14 1.887180e+14 6.000555e+14 1.897463e+14 6.000275e+14 1.907741e+14 5.999994e+14 1.918015e+14 5.999713e+14 1.928285e+14 5.999430e+14 1.938552e+14 5.999149e+14 1.948682e+14 5.998605e+14 1.958659e+14 5.997762e+14 1.968631e+14 5.996919e+14 1.978601e+14 5.996077e+14 1.988565e+14 5.995233e+14 1.998526e+14 5.994391e+14 2.008484e+14 5.993551e+14 2.018389e+14 5.992563e+14 2.028198e+14 5.991303e+14 2.038004e+14 5.990043e+14 2.047806e+14 5.988782e+14 2.057603e+14 5.987522e+14 2.067397e+14 5.986264e+14 2.077187e+14 5.985004e+14 2.086888e+14 5.983605e+14 2.096252e+14 5.981651e+14 2.105611e+14 5.979694e+14 2.114966e+14 5.977737e+14 2.124319e+14 5.975786e+14 2.133666e+14 5.973829e+14 2.143012e+14 5.971880e+14 2.152343e+14 5.969912e+14 2.161401e+14 5.967541e+14 2.170456e+14 5.965173e+14 2.179506e+14 5.962803e+14 2.188555e+14 5.960438e+14 2.197600e+14 5.958074e+14 2.206641e+14 5.955710e+14 2.215679e+14 5.953347e+14 2.224356e+14 5.950626e+14 2.232970e+14 5.947849e+14 2.241580e+14 5.945071e+14 2.250186e+14 5.942294e+14 2.258790e+14 5.939519e+14 2.267390e+14 5.936745e+14 2.275987e+14 5.933971e+14 2.284401e+14 5.930751e+14 2.292713e+14 5.927286e+14 2.301022e+14 5.923824e+14 2.309329e+14 5.920364e+14 2.317632e+14 5.916903e+14 2.325932e+14 5.913445e+14 2.334229e+14 5.909988e+14 2.342288e+14 5.906356e+14 2.350025e+14 5.902487e+14 2.357759e+14 5.898620e+14 2.365491e+14 5.894755e+14 2.373220e+14 5.890891e+14 2.380945e+14 5.887026e+14 2.388668e+14 5.883166e+14 2.396338e+14 5.879182e+14 2.403779e+14 5.874635e+14 2.411217e+14 5.870089e+14 2.418652e+14 5.865546e+14 2.426084e+14 5.861004e+14 2.433514e+14 5.856465e+14 2.440940e+14 5.851924e+14 2.448365e+14 5.847389e+14 2.455156e+14 5.842476e+14 2.461887e+14 5.837531e+14 2.468616e+14 5.832589e+14 2.475341e+14 5.827646e+14 2.482065e+14 5.822706e+14 2.488785e+14 5.817769e+14 2.495504e+14 5.812834e+14 2.502047e+14 5.807643e+14 2.508487e+14 5.802300e+14 2.514922e+14 5.796958e+14 2.521356e+14 5.791619e+14 2.527788e+14 5.786283e+14 2.534217e+14 5.780949e+14 2.540643e+14 5.775616e+14 2.546847e+14 5.770064e+14 2.552586e+14 5.764053e+14 2.558322e+14 5.758044e+14 2.564056e+14 5.752038e+14 2.569787e+14 5.746032e+14 2.575517e+14 5.740029e+14 2.581244e+14 5.734030e+14 2.586970e+14 5.728032e+14 2.592150e+14 5.721631e+14 2.597325e+14 5.715227e+14 2.602499e+14 5.708829e+14 2.607672e+14 5.702433e+14 2.612841e+14 5.696037e+14 2.618009e+14 5.689647e+14 2.623176e+14 5.683258e+14 2.627987e+14 5.676519e+14 2.632607e+14 5.669592e+14 2.637223e+14 5.662665e+14 2.641838e+14 5.655742e+14 2.646452e+14 5.648824e+14 2.651063e+14 5.641905e+14 2.655673e+14 5.634991e+14 2.660130e+14 5.627927e+14 2.664195e+14 5.620477e+14 2.668258e+14 5.613030e+14 2.672318e+14 5.605582e+14 2.676379e+14 5.598141e+14 2.680436e+14 5.590699e+14 2.684493e+14 5.583264e+14 2.688548e+14 5.575828e+14 2.692000e+14 5.568037e+14 2.695378e+14 5.560204e+14 2.698753e+14 5.552374e+14 2.702127e+14 5.544545e+14 2.705499e+14 5.536720e+14 2.708871e+14 5.528898e+14 2.712242e+14 5.521081e+14 2.715352e+14 5.512942e+14 2.718181e+14 5.504456e+14 2.721009e+14 5.495973e+14 2.723836e+14 5.487493e+14 2.726661e+14 5.479016e+14 2.729486e+14 5.470545e+14 2.732309e+14 5.462074e+14 2.735101e+14 5.453595e+14 2.737250e+14 5.444861e+14 2.739398e+14 5.436132e+14 2.741547e+14 5.427406e+14 2.743693e+14 5.418682e+14 2.745839e+14 5.409964e+14 2.747986e+14 5.401250e+14 2.750130e+14 5.392537e+14 2.751875e+14 5.383429e+14 2.753349e+14 5.374054e+14 2.754821e+14 5.364681e+14 2.756294e+14 5.355312e+14 2.757765e+14 5.345947e+14 2.759236e+14 5.336585e+14 2.760706e+14 5.327226e+14 2.762113e+14 5.317826e+14 2.763047e+14 5.308073e+14 2.763982e+14 5.298325e+14 2.764917e+14 5.288581e+14 2.765850e+14 5.278840e+14 2.766785e+14 5.269104e+14 2.767718e+14 5.259372e+14 2.768651e+14 5.249642e+14 2.769083e+14 5.239583e+14 2.769216e+14 5.229327e+14 2.769350e+14 5.219077e+14 2.769483e+14 5.208831e+14 2.769616e+14 5.198586e+14 2.769749e+14 5.188347e+14 2.769882e+14 5.178111e+14 2.769943e+14 5.167838e+14 2.769410e+14 5.157209e+14 2.768879e+14 5.146587e+14 2.768349e+14 5.135970e+14 2.767817e+14 5.125354e+14 2.767288e+14 5.114745e+14 2.766757e+14 5.104137e+14 2.766227e+14 5.093536e+14 2.765393e+14 5.082710e+14 2.764335e+14 5.071719e+14 2.763275e+14 5.060731e+14 2.762217e+14 5.049748e+14 2.761158e+14 5.038768e+14 2.760100e+14 5.027793e+14 2.759043e+14 5.016822e+14 2.757975e+14 5.005848e+14 2.756126e+14 4.994356e+14 2.754278e+14 4.982871e+14 2.752430e+14 4.971387e+14 2.750583e+14 4.959909e+14 2.748737e+14 4.948435e+14 2.746891e+14 4.936965e+14 2.745046e+14 4.925500e+14 2.742916e+14 4.913866e+14 2.740415e+14 4.902018e+14 2.737914e+14 4.890169e+14 2.735414e+14 4.878327e+14 2.732914e+14 4.866488e+14 2.730416e+14 4.854654e+14 2.727919e+14 4.842824e+14 2.725422e+14 4.830999e+14 2.722490e+14 4.818850e+14 2.719470e+14 4.806640e+14 2.716451e+14 4.794433e+14 2.713434e+14 4.782232e+14 2.710417e+14 4.770035e+14 2.707402e+14 4.757843e+14 2.704388e+14 4.745656e+14 2.701238e+14 4.733390e+14 2.697572e+14 4.720819e+14 2.693907e+14 4.708252e+14 2.690244e+14 4.695691e+14 2.686581e+14 4.683135e+14 2.682920e+14 4.670581e+14 2.679259e+14 4.658032e+14 2.675601e+14 4.645490e+14 2.671577e+14 4.632657e+14 2.667268e+14 4.619600e+14 2.662961e+14 4.606549e+14 2.658655e+14 4.593502e+14 2.654352e+14 4.580459e+14 2.650050e+14 4.567424e+14 2.645749e+14 4.554391e+14 2.641451e+14 4.541365e+14 2.636803e+14 4.527992e+14 2.632117e+14 4.514585e+14 2.627431e+14 4.501178e+14 2.622749e+14 4.487782e+14 2.618069e+14 4.474390e+14 2.613389e+14 4.461000e+14 2.608711e+14 4.447616e+14 2.603901e+14 4.434185e+14 2.598577e+14 4.420551e+14 2.593256e+14 4.406924e+14 2.587937e+14 4.393301e+14 2.582618e+14 4.379681e+14 2.577304e+14 4.366070e+14 2.571990e+14 4.352461e+14 2.566678e+14 4.338858e+14 2.561048e+14 4.325068e+14 2.555092e+14 4.311086e+14 2.549140e+14 4.297110e+14 2.543189e+14 4.283139e+14 2.537241e+14 4.269174e+14 2.531294e+14 4.255212e+14 2.525351e+14 4.241257e+14 2.519408e+14 4.227306e+14 2.513173e+14 4.213261e+14 2.506848e+14 4.199193e+14 2.500525e+14 4.185128e+14 2.494206e+14 4.171070e+14 2.487888e+14 4.157016e+14 2.481573e+14 4.142968e+14 2.475260e+14 4.128924e+14 2.468943e+14 4.114882e+14 2.461991e+14 4.100463e+14 2.455042e+14 4.086049e+14 2.448094e+14 4.071640e+14 2.441150e+14 4.057237e+14 2.434208e+14 4.042840e+14 2.427268e+14 4.028445e+14 2.420331e+14 4.014057e+14 2.413307e+14 3.999615e+14 2.405991e+14 3.984982e+14 2.398677e+14 3.970353e+14 2.391365e+14 3.955731e+14 2.384056e+14 3.941112e+14 2.376750e+14 3.926500e+14 2.369446e+14 3.911892e+14 2.362146e+14 3.897291e+14 2.354681e+14 3.882639e+14 2.347002e+14 3.867921e+14 2.339325e+14 3.853206e+14 2.331651e+14 3.838498e+14 2.323980e+14 3.823795e+14 2.316311e+14 3.809096e+14 2.308646e+14 3.794405e+14 2.300984e+14 3.779719e+14 2.293090e+14 3.764960e+14 2.285049e+14 3.750155e+14 2.277012e+14 3.735357e+14 2.268978e+14 3.720564e+14 2.260947e+14 3.705775e+14 2.252919e+14 3.690994e+14 2.244893e+14 3.676217e+14 2.236871e+14 3.661445e+14 2.228559e+14 3.646581e+14 2.220160e+14 3.631693e+14 2.211765e+14 3.616811e+14 2.203373e+14 3.601933e+14 2.194984e+14 3.587062e+14 2.186597e+14 3.572195e+14 2.178214e+14 3.557334e+14 2.169834e+14 3.542479e+14 2.161114e+14 3.527514e+14 2.152359e+14 3.512542e+14 2.143609e+14 3.497577e+14 2.134860e+14 3.482616e+14 2.126115e+14 3.467660e+14 2.117372e+14 3.452709e+14 2.108634e+14 3.437765e+14 2.099896e+14 3.422824e+14 2.091038e+14 3.407764e+14 2.082182e+14 3.392709e+14 2.073330e+14 3.377661e+14 2.064480e+14 3.362616e+14 2.055634e+14 3.347577e+14 2.046791e+14 3.332545e+14 2.037951e+14 3.317517e+14 2.029076e+14 3.302494e+14 2.019864e+14 3.287477e+14 2.010656e+14 3.272466e+14 2.001451e+14 3.257461e+14 1.992248e+14 3.242459e+14 1.983050e+14 3.227465e+14 1.973855e+14 3.212475e+14 1.964662e+14 3.197490e+14 1.955453e+14 3.182512e+14 1.946142e+14 3.167538e+14 1.936834e+14 3.152570e+14 1.927529e+14 3.137607e+14 1.918228e+14 3.122650e+14 1.908930e+14 3.107698e+14 1.899635e+14 3.092752e+14 1.890344e+14 3.077810e+14 1.881031e+14 3.062875e+14 1.871620e+14 3.047943e+14 1.862214e+14 3.033019e+14 1.852810e+14 3.018099e+14 1.843411e+14 3.003184e+14 1.834015e+14 2.988276e+14 1.824621e+14 2.973372e+14 1.815231e+14 2.958473e+14 1.805816e+14 2.943581e+14 1.796308e+14 2.928693e+14 1.786804e+14 2.913811e+14 1.777303e+14 2.898934e+14 1.767805e+14 2.884063e+14 1.758311e+14 2.869197e+14 1.748819e+14 2.854335e+14 1.739331e+14 2.839480e+14 1.729819e+14 2.824657e+14 1.720213e+14 2.809937e+14 1.710611e+14 2.795222e+14 1.701012e+14 2.780512e+14 1.691417e+14 2.765808e+14 1.681826e+14 2.751110e+14 1.672237e+14 2.736415e+14 1.662652e+14 2.721727e+14 1.653070e+14 2.707068e+14 1.643492e+14 2.692514e+14 1.633917e+14 2.677965e+14 1.624346e+14 2.663422e+14 1.614778e+14 2.648884e+14 1.605214e+14 2.634351e+14 1.595653e+14 2.619823e+14 1.586095e+14 2.605300e+14 1.576541e+14 2.590821e+14 1.566990e+14 2.576557e+14 1.557443e+14 2.562297e+14 1.547898e+14 2.548043e+14 1.538358e+14 2.533795e+14 1.528820e+14 2.519550e+14 1.519287e+14 2.505312e+14 1.509756e+14 2.491078e+14 1.500229e+14 2.476848e+14 1.490705e+14 2.462625e+14 1.481185e+14 2.448407e+14 1.471668e+14 2.434193e+14 1.462154e+14 2.419984e+14 1.452644e+14 2.405781e+14 1.443138e+14 2.391583e+14 1.433634e+14 2.377389e+14 1.424134e+14 2.363201e+14 1.414759e+14 2.349382e+14 1.405389e+14 2.335573e+14 1.396022e+14 2.321769e+14 1.386659e+14 2.307971e+14 1.377299e+14 2.294177e+14</elevationPattern>
        <incidenceAngle count="676">3.649445e+01 3.650381e+01 3.651317e+01 3.652252e+01 3.653188e+01 3.654121e+01 3.655057e+01 3.655991e+01 3.656923e+01 3.657857e+01 3.658789e+01 3.659721e+01 3.660654e+01 3.661584e+01 3.662517e+01 3.663448e+01 3.664377e+01 3.665308e+01 3.666237e+01 3.667166e+01 3.668095e+01 3.669023e+01 3.669951e+01 3.670879e+01 3.671806e+01 3.672734e+01 3.673660e+01 3.674586e+01 3.675513e+01 3.676437e+01 3.677362e+01 3.678287e+01 3.679211e+01 3.680136e+01 3.681059e+01 3.681982e+01 3.682906e+01 3.683827e+01 3.684750e+01 3.685672e+01 3.686592e+01 3.687514e+01 3.688434e+01 3.689354e+01 3.690274e+01 3.691194e+01 3.692113e+01 3.693031e+01 3.693950e+01 3.694867e+01 3.695786e+01 3.696703e+01 3.697620e+01 3.698535e+01 3.699452e+01 3.700368e+01 3.701283e+01 3.702197e+01 3.703113e+01 3.704027e+01 3.704941e+01 3.705855e+01 3.706767e+01 3.707680e+01 3.708592e+01 3.709505e+01 3.710416e+01 3.711328e+01 3.712239e+01 3.713148e+01 3.714059e+01 3.714969e+01 3.715878e+01 3.716788e+01 3.717697e+01 3.718605e+01 3.719513e+01 3.720421e+01 3.721329e+01 3.722235e+01 3.723141e+01 3.724048e+01 3.724954e+01 3.725859e+01 3.726764e+01 3.727669e+01 3.728574e+01 3.729477e+01 3.730382e+01 3.731285e+01 3.732187e+01 3.733090e+01 3.733992e+01 3.734894e+01 3.735796e+01 3.736697e+01 3.737598e+01 3.738498e+01 3.739398e+01 3.740298e+01 3.741197e+01 3.742096e+01 3.742995e+01 3.743893e+01 3.744792e+01 3.745689e+01 3.746587e+01 3.747484e+01 3.748380e+01 3.749277e+01 3.750172e+01 3.751068e+01 3.751962e+01 3.752858e+01 3.753752e+01 3.754646e+01 3.755540e+01 3.756433e+01 3.757326e+01 3.758218e+01 3.759111e+01 3.760004e+01 3.760895e+01 3.761786e+01 3.762677e+01 3.763568e+01 3.764458e+01 3.765347e+01 3.766237e+01 3.767126e+01 3.768016e+01 3.768904e+01 3.769792e+01 3.770680e+01 3.771567e+01 3.772455e+01 3.773341e+01 3.774228e+01 3.775113e+01 3.775999e+01 3.776884e+01 3.777769e+01 3.778654e+01 3.779539e+01 3.780423e+01 3.781306e+01 3.782190e+01 3.783073e+01 3.783955e+01 3.784837e+01 3.785719e+01 3.786601e+01 3.787483e+01 3.788364e+01 3.789244e+01 3.790125e+01 3.791005e+01 3.791884e+01 3.792763e+01 3.793642e+01 3.794521e+01 3.795399e+01 3.796277e+01 3.797154e+01 3.798032e+01 3.798907e+01 3.799785e+01 3.800661e+01 3.801537e+01 3.802412e+01 3.803287e+01 3.804163e+01 3.805037e+01 3.805911e+01 3.806784e+01 3.807658e+01 3.808531e+01 3.809404e+01 3.810277e+01 3.811150e+01 3.812021e+01 3.812892e+01 3.813763e+01 3.814635e+01 3.815504e+01 3.816374e+01 3.817244e+01 3.818114e+01 3.818983e+01 3.819852e+01 3.820720e+01 3.821588e+01 3.822456e+01 3.823325e+01 3.824191e+01 3.825058e+01 3.825925e+01 3.826791e+01 3.827657e+01 3.828522e+01 3.829387e+01 3.830252e+01 3.831117e+01 3.831981e+01 3.832845e+01 3.833708e+01 3.834572e+01 3.835434e+01 3.836298e+01 3.837160e+01 3.838022e+01 3.838882e+01 3.839745e+01 3.840605e+01 3.841466e+01 3.842326e+01 3.843185e+01 3.844046e+01 3.844905e+01 3.845764e+01 3.846623e+01 3.847481e+01 3.848340e+01 3.849197e+01 3.850055e+01 3.850911e+01 3.851768e+01 3.852625e+01 3.853481e+01 3.854337e+01 3.855193e+01 3.856047e+01 3.856902e+01 3.857756e+01 3.858611e+01 3.859465e+01 3.860318e+01 3.861171e+01 3.862024e+01 3.862877e+01 3.863728e+01 3.864581e+01 3.865433e+01 3.866284e+01 3.867134e+01 3.867986e+01 3.868835e+01 3.869685e+01 3.870535e+01 3.871385e+01 3.872234e+01 3.873083e+01 3.873932e+01 3.874779e+01 3.875627e+01 3.876474e+01 3.877322e+01 3.878169e+01 3.879016e+01 3.879861e+01 3.880707e+01 3.881554e+01 3.882399e+01 3.883243e+01 3.884088e+01 3.884932e+01 3.885777e+01 3.886621e+01 3.887463e+01 3.888307e+01 3.889149e+01 3.889992e+01 3.890834e+01 3.891676e+01 3.892519e+01 3.893359e+01 3.894200e+01 3.895041e+01 3.895882e+01 3.896721e+01 3.897560e+01 3.898401e+01 3.899239e+01 3.900078e+01 3.900917e+01 3.901755e+01 3.902592e+01 3.903430e+01 3.904268e+01 3.905104e+01 3.905942e+01 3.906778e+01 3.907614e+01 3.908449e+01 3.909285e+01 3.910120e+01 3.910954e+01 3.911789e+01 3.912624e+01 3.913457e+01 3.914290e+01 3.915125e+01 3.915956e+01 3.916789e+01 3.917622e+01 3.918454e+01 3.919286e+01 3.920117e+01 3.920949e+01 3.921779e+01 3.922610e+01 3.923441e+01 3.924271e+01 3.925099e+01 3.925929e+01 3.926758e+01 3.927586e+01 3.928415e+01 3.929243e+01 3.930070e+01 3.930899e+01 3.931726e+01 3.932553e+01 3.933380e+01 3.934206e+01 3.935033e+01 3.935858e+01 3.936684e+01 3.937508e+01 3.938333e+01 3.939157e+01 3.939983e+01 3.940807e+01 3.941629e+01 3.942453e+01 3.943275e+01 3.944099e+01 3.944922e+01 3.945743e+01 3.946565e+01 3.947386e+01 3.948209e+01 3.949030e+01 3.949850e+01 3.950670e+01 3.951491e+01 3.952310e+01 3.953130e+01 3.953949e+01 3.954768e+01 3.955586e+01 3.956406e+01 3.957224e+01 3.958041e+01 3.958858e+01 3.959676e+01 3.960492e+01 3.961308e+01 3.962125e+01 3.962941e+01 3.963757e+01 3.964572e+01 3.965387e+01 3.966202e+01 3.967017e+01 3.967831e+01 3.968645e+01 3.969460e+01 3.970273e+01 3.971086e+01 3.971898e+01 3.972711e+01 3.973523e+01 3.974335e+01 3.975146e+01 3.975958e+01 3.976768e+01 3.977580e+01 3.978391e+01 3.979201e+01 3.980011e+01 3.980820e+01 3.981630e+01 3.982439e+01 3.983247e+01 3.984056e+01 3.984865e+01 3.985672e+01 3.986481e+01 3.987288e+01 3.988095e+01 3.988901e+01 3.989708e+01 3.990514e+01 3.991319e+01 3.992125e+01 3.992931e+01 3.993736e+01 3.994540e+01 3.995346e+01 3.996150e+01 3.996954e+01 3.997757e+01 3.998561e+01 3.999364e+01 4.000166e+01 4.000969e+01 4.001772e+01 4.002574e+01 4.003375e+01 4.004176e+01 4.004977e+01 4.005779e+01 4.006580e+01 4.007379e+01 4.008180e+01 4.008980e+01 4.009779e+01 4.010577e+01 4.011377e+01 4.012175e+01 4.012975e+01 4.013773e+01 4.014569e+01 4.015367e+01 4.016165e+01 4.016962e+01 4.017758e+01 4.018555e+01 4.019351e+01 4.020146e+01 4.020943e+01 4.021738e+01 4.022533e+01 4.023328e+01 4.024121e+01 4.024916e+01 4.025710e+01 4.026503e+01 4.027296e+01 4.028090e+01 4.028883e+01 4.029675e+01 4.030467e+01 4.031259e+01 4.032051e+01 4.032843e+01 4.033633e+01 4.034425e+01 4.035216e+01 4.036006e+01 4.036797e+01 4.037585e+01 4.038376e+01 4.039165e+01 4.039954e+01 4.040742e+01 4.041531e+01 4.042319e+01 4.043106e+01 4.043895e+01 4.044682e+01 4.045468e+01 4.046255e+01 4.047043e+01 4.047829e+01 4.048615e+01 4.049400e+01 4.050186e+01 4.050970e+01 4.051756e+01 4.052541e+01 4.053325e+01 4.054109e+01 4.054893e+01 4.055676e+01 4.056461e+01 4.057243e+01 4.058026e+01 4.058809e+01 4.059590e+01 4.060373e+01 4.061154e+01 4.061935e+01 4.062717e+01 4.063498e+01 4.064278e+01 4.065059e+01 4.065839e+01 4.066618e+01 4.067398e+01 4.068178e+01 4.068956e+01 4.069736e+01 4.070514e+01 4.071292e+01 4.072070e+01 4.072849e+01 4.073625e+01 4.074403e+01 4.075180e+01 4.075957e+01 4.076733e+01 4.077509e+01 4.078285e+01 4.079060e+01 4.079836e+01 4.080611e+01 4.081386e+01 4.082161e+01 4.082935e+01 4.083708e+01 4.084482e+01 4.085255e+01 4.086029e+01 4.086803e+01 4.087575e+01 4.088347e+01 4.089119e+01 4.089891e+01 4.090663e+01 4.091435e+01 4.092206e+01 4.092976e+01 4.093747e+01 4.094518e+01 4.095288e+01 4.096059e+01 4.096828e+01 4.097597e+01 4.098366e+01 4.099135e+01 4.099904e+01 4.100671e+01 4.101440e+01 4.102208e+01 4.102975e+01 4.103743e+01 4.104509e+01 4.105276e+01 4.106042e+01 4.106810e+01 4.107576e+01 4.108340e+01 4.109106e+01 4.109872e+01 4.110637e+01 4.111401e+01 4.112166e+01 4.112930e+01 4.113695e+01 4.114458e+01 4.115222e+01 4.115985e+01 4.116748e+01 4.117511e+01 4.118272e+01 4.119035e+01 4.119797e+01 4.120558e+01 4.121320e+01 4.122081e+01 4.122842e+01 4.123602e+01 4.124364e+01 4.125124e+01 4.125883e+01 4.126643e+01 4.127402e+01 4.128162e+01 4.128920e+01 4.129680e+01 4.130438e+01 4.131195e+01 4.131953e+01 4.132712e+01 4.133469e+01 4.134225e+01 4.134982e+01 4.135739e+01 4.136496e+01 4.137251e+01 4.138008e+01 4.138763e+01 4.139519e+01 4.140274e+01 4.141029e+01 4.141783e+01 4.142538e+01 4.143292e+01 4.144046e+01 4.144800e+01 4.145554e+01 4.146306e+01 4.147060e+01 4.147812e+01 4.148564e+01 4.149316e+01 4.150069e+01 4.150821e+01 4.151572e+01 4.152322e+01 4.153073e+01 4.153824e+01 4.154575e+01 4.155325e+01 4.156075e+01 4.156825e+01 4.157574e+01 4.158324e+01 4.159073e+01 4.159822e+01 4.160570e+01 4.161317e+01 4.162067e+01 4.162814e+01 4.163562e+01 4.164308e+01 4.165056e+01 4.165802e+01 4.166550e+01 4.167296e+01 4.168042e+01 4.168787e+01 4.169533e+01 4.170277e+01 4.171024e+01 4.171768e+01 4.172513e+01 4.173257e+01 4.174001e+01 4.174745e+01 4.175488e+01 4.176231e+01 4.176974e+01 4.177718e+01 4.178461e+01 4.179204e+01 4.179945e+01 4.180687e+01 4.181429e+01 4.182170e+01 4.182912e+01 4.183653e+01 4.184393e+01 4.185133e+01 4.185873e+01 4.186613e+01 4.187354e+01 4.188094e+01 4.188832e+01 4.189572e+01 4.190311e+01 4.191049e+01 4.191788e+01 4.192526e+01 4.193263e+01 4.194002e+01 4.194739e+01 4.195476e+01 4.196213e+01 4.196950e+01 4.197687e+01 4.198422e+01 4.199158e+01 4.199895e+01 4.200630e+01 4.201364e+01 4.202100e+01 4.202835e+01 4.203569e+01 4.204303e+01 4.205037e+01 4.205771e+01 4.206505e+01 4.207239e+01</incidenceAngle>
        <terrainHeight>2.220946448000000e+03</terrainHeight>
        <roll>3.008941445462837e+01</roll>
      </antennaPattern>
      <antennaPattern>
        <swath>IW2</swath>
        <azimuthTime>2015-05-16T13:34:22.759444</azimuthTime>
        <slantRangeTime count="676">5.646806372877616e-03 5.647392496836635e-03 5.647978620795654e-03 5.648564744754674e-03 5.649150868713693e-03 5.649736992672713e-03 5.650323116631733e-03 5.650909240590751e-03 5.651495364549771e-03 5.652081488508790e-03 5.652667612467809e-03 5.653253736426829e-03 5.653839860385848e-03 5.654425984344868e-03 5.655012108303887e-03 5.655598232262906e-03 5.656184356221925e-03 5.656770480180945e-03 5.657356604139963e-03 5.657942728098983e-03 5.658528852058003e-03 5.659114976017021e-03 5.659701099976042e-03 5.660287223935061e-03 5.660873347894080e-03 5.661459471853100e-03 5.662045595812118e-03 5.662631719771138e-03 5.663217843730157e-03 5.663803967689176e-03 5.664390091648196e-03 5.664976215607215e-03 5.665562339566235e-03 5.666148463525255e-03 5.666734587484274e-03 5.667320711443293e-03 5.667906835402312e-03 5.668492959361331e-03 5.669079083320351e-03 5.669665207279370e-03 5.670251331238389e-03 5.670837455197409e-03 5.671423579156429e-03 5.672009703115448e-03 5.672595827074467e-03 5.673181951033487e-03 5.673768074992506e-03 5.674354198951525e-03 5.674940322910545e-03 5.675526446869563e-03 5.676112570828583e-03 5.676698694787602e-03 5.677284818746622e-03 5.677870942705641e-03 5.678457066664660e-03 5.679043190623679e-03 5.679629314582699e-03 5.680215438541717e-03 5.680801562500737e-03 5.681387686459757e-03 5.681973810418776e-03 5.682559934377795e-03 5.683146058336815e-03 5.683732182295833e-03 5.684318306254853e-03 5.684904430213872e-03 5.685490554172891e-03 5.686076678131910e-03 5.686662802090930e-03 5.687248926049949e-03 5.687835050008969e-03 5.688421173967988e-03 5.689007297927007e-03 5.689593421886026e-03 5.690179545845045e-03 5.690765669804064e-03 5.691351793763084e-03 5.691937917722103e-03 5.692524041681123e-03 5.693110165640142e-03 5.693696289599161e-03 5.694282413558180e-03 5.694868537517200e-03 5.695454661476218e-03 5.696040785435238e-03 5.696626909394258e-03 5.697213033353277e-03 5.697799157312296e-03 5.698385281271316e-03 5.698971405230334e-03 5.699557529189354e-03 5.700143653148373e-03 5.700729777107392e-03 5.701315901066411e-03 5.701902025025431e-03 5.702488148984450e-03 5.703074272943470e-03 5.703660396902488e-03 5.704246520861508e-03 5.704832644820527e-03 5.705418768779546e-03 5.706004892738565e-03 5.706591016697585e-03 5.707177140656604e-03 5.707763264615624e-03 5.708349388574643e-03 5.708935512533662e-03 5.709521636492681e-03 5.710107760451701e-03 5.710693884410719e-03 5.711280008369739e-03 5.711866132328759e-03 5.712452256287778e-03 5.713038380246797e-03 5.713624504205816e-03 5.714210628164835e-03 5.714796752123855e-03 5.715382876082874e-03 5.715969000041893e-03 5.716555124000912e-03 5.717141247959932e-03 5.717727371918951e-03 5.718313495877971e-03 5.718899619836989e-03 5.719485743796009e-03 5.720071867755028e-03 5.720657991714047e-03 5.721244115673066e-03 5.721830239632086e-03 5.722416363591105e-03 5.723002487550125e-03 5.723588611509144e-03 5.724174735468163e-03 5.724760859427182e-03 5.725346983386202e-03 5.725933107345220e-03 5.726519231304240e-03 5.727105355263259e-03 5.727691479222279e-03 5.728277603181298e-03 5.728863727140317e-03 5.729449851099336e-03 5.730035975058356e-03 5.730622099017374e-03 5.731208222976394e-03 5.731794346935413e-03 5.732380470894433e-03 5.732966594853452e-03 5.733552718812472e-03 5.734138842771490e-03 5.734724966730510e-03 5.735311090689529e-03 5.735897214648548e-03 5.736483338607567e-03 5.737069462566587e-03 5.737655586525606e-03 5.738241710484626e-03 5.738827834443645e-03 5.739413958402664e-03 5.740000082361683e-03 5.740586206320702e-03 5.741172330279721e-03 5.741758454238741e-03 5.742344578197760e-03 5.742930702156780e-03 5.743516826115799e-03 5.744102950074818e-03 5.744689074033837e-03 5.745275197992857e-03 5.745861321951875e-03 5.746447445910895e-03 5.747033569869914e-03 5.747619693828934e-03 5.748205817787953e-03 5.748791941746973e-03 5.749378065705991e-03 5.749964189665011e-03 5.750550313624030e-03 5.751136437583049e-03 5.751722561542068e-03 5.752308685501088e-03 5.752894809460107e-03 5.753480933419127e-03 5.754067057378145e-03 5.754653181337165e-03 5.755239305296184e-03 5.755825429255203e-03 5.756411553214222e-03 5.756997677173242e-03 5.757583801132261e-03 5.758169925091282e-03 5.758756049050301e-03 5.759342173009321e-03 5.759928296968341e-03 5.760514420927360e-03 5.761100544886380e-03 5.761686668845399e-03 5.762272792804419e-03 5.762858916763439e-03 5.763445040722458e-03 5.764031164681478e-03 5.764617288640497e-03 5.765203412599517e-03 5.765789536558537e-03 5.766375660517556e-03 5.766961784476576e-03 5.767547908435596e-03 5.768134032394616e-03 5.768720156353636e-03 5.769306280312655e-03 5.769892404271675e-03 5.770478528230694e-03 5.771064652189714e-03 5.771650776148734e-03 5.772236900107753e-03 5.772823024066773e-03 5.773409148025792e-03 5.773995271984812e-03 5.774581395943832e-03 5.775167519902851e-03 5.775753643861871e-03 5.776339767820890e-03 5.776925891779911e-03 5.777512015738930e-03 5.778098139697950e-03 5.778684263656970e-03 5.779270387615989e-03 5.779856511575009e-03 5.780442635534028e-03 5.781028759493048e-03 5.781614883452068e-03 5.782201007411087e-03 5.782787131370107e-03 5.783373255329126e-03 5.783959379288146e-03 5.784545503247166e-03 5.785131627206185e-03 5.785717751165205e-03 5.786303875124225e-03 5.786889999083245e-03 5.787476123042264e-03 5.788062247001284e-03 5.788648370960304e-03 5.789234494919323e-03 5.789820618878343e-03 5.790406742837362e-03 5.790992866796382e-03 5.791578990755402e-03 5.792165114714421e-03 5.792751238673441e-03 5.793337362632460e-03 5.793923486591480e-03 5.794509610550500e-03 5.795095734509519e-03 5.795681858468540e-03 5.796267982427559e-03 5.796854106386579e-03 5.797440230345599e-03 5.798026354304618e-03 5.798612478263638e-03 5.799198602222657e-03 5.799784726181677e-03 5.800370850140697e-03 5.800956974099716e-03 5.801543098058736e-03 5.802129222017755e-03 5.802715345976775e-03 5.803301469935795e-03 5.803887593894814e-03 5.804473717853835e-03 5.805059841812854e-03 5.805645965771874e-03 5.806232089730893e-03 5.806818213689913e-03 5.807404337648933e-03 5.807990461607952e-03 5.808576585566972e-03 5.809162709525991e-03 5.809748833485011e-03 5.810334957444031e-03 5.810921081403050e-03 5.811507205362070e-03 5.812093329321089e-03 5.812679453280109e-03 5.813265577239129e-03 5.813851701198149e-03 5.814437825157169e-03 5.815023949116188e-03 5.815610073075208e-03 5.816196197034228e-03 5.816782320993247e-03 5.817368444952267e-03 5.817954568911286e-03 5.818540692870306e-03 5.819126816829326e-03 5.819712940788345e-03 5.820299064747365e-03 5.820885188706384e-03 5.821471312665404e-03 5.822057436624424e-03 5.822643560583443e-03 5.823229684542464e-03 5.823815808501483e-03 5.824401932460503e-03 5.824988056419522e-03 5.825574180378542e-03 5.826160304337562e-03 5.826746428296581e-03 5.827332552255601e-03 5.827918676214620e-03 5.828504800173640e-03 5.829090924132660e-03 5.829677048091679e-03 5.830263172050699e-03 5.830849296009718e-03 5.831435419968738e-03 5.832021543927758e-03 5.832607667886778e-03 5.833193791845798e-03 5.833779915804817e-03 5.834366039763837e-03 5.834952163722856e-03 5.835538287681876e-03 5.836124411640896e-03 5.836710535599915e-03 5.837296659558935e-03 5.837882783517954e-03 5.838468907476974e-03 5.839055031435994e-03 5.839641155395013e-03 5.840227279354033e-03 5.840813403313052e-03 5.841399527272073e-03 5.841985651231093e-03 5.842571775190112e-03 5.843157899149132e-03 5.843744023108151e-03 5.844330147067171e-03 5.844916271026191e-03 5.845502394985210e-03 5.846088518944230e-03 5.846674642903249e-03 5.847260766862269e-03 5.847846890821289e-03 5.848433014780308e-03 5.849019138739328e-03 5.849605262698347e-03 5.850191386657367e-03 5.850777510616387e-03 5.851363634575407e-03 5.851949758534427e-03 5.852535882493446e-03 5.853122006452466e-03 5.853708130411485e-03 5.854294254370505e-03 5.854880378329525e-03 5.855466502288544e-03 5.856052626247564e-03 5.856638750206583e-03 5.857224874165603e-03 5.857810998124623e-03 5.858397122083642e-03 5.858983246042662e-03 5.859569370001681e-03 5.860155493960702e-03 5.860741617919722e-03 5.861327741878741e-03 5.861913865837761e-03 5.862499989796780e-03 5.863086113755800e-03 5.863672237714820e-03 5.864258361673839e-03 5.864844485632859e-03 5.865430609591878e-03 5.866016733550898e-03 5.866602857509918e-03 5.867188981468937e-03 5.867775105427957e-03 5.868361229386976e-03 5.868947353345996e-03 5.869533477305016e-03 5.870119601264036e-03 5.870705725223056e-03 5.871291849182075e-03 5.871877973141095e-03 5.872464097100114e-03 5.873050221059134e-03 5.873636345018154e-03 5.874222468977173e-03 5.874808592936193e-03 5.875394716895212e-03 5.875980840854232e-03 5.876566964813252e-03 5.877153088772271e-03 5.877739212731291e-03 5.878325336690310e-03 5.878911460649331e-03 5.879497584608350e-03 5.880083708567370e-03 5.880669832526390e-03 5.881255956485409e-03 5.881842080444429e-03 5.882428204403448e-03 5.883014328362468e-03 5.883600452321488e-03 5.884186576280507e-03 5.884772700239527e-03 5.885358824198546e-03 5.885944948157566e-03 5.886531072116586e-03 5.887117196075605e-03 5.887703320034626e-03 5.888289443993645e-03 5.888875567952665e-03 5.889461691911685e-03 5.890047815870704e-03 5.890633939829724e-03 5.891220063788743e-03 5.891806187747763e-03 5.892392311706783e-03 5.892978435665802e-03 5.893564559624822e-03 5.894150683583841e-03 5.894736807542861e-03 5.895322931501881e-03 5.895909055460900e-03 5.896495179419920e-03 5.897081303378940e-03 5.897667427337960e-03 5.898253551296979e-03 5.898839675255999e-03 5.899425799215019e-03 5.900011923174038e-03 5.900598047133058e-03 5.901184171092077e-03 5.901770295051097e-03 5.902356419010117e-03 5.902942542969136e-03 5.903528666928156e-03 5.904114790887175e-03 5.904700914846195e-03 5.905287038805215e-03 5.905873162764234e-03 5.906459286723255e-03 5.907045410682274e-03 5.907631534641294e-03 5.908217658600314e-03 5.908803782559333e-03 5.909389906518353e-03 5.909976030477372e-03 5.910562154436392e-03 5.911148278395412e-03 5.911734402354431e-03 5.912320526313451e-03 5.912906650272470e-03 5.913492774231490e-03 5.914078898190510e-03 5.914665022149529e-03 5.915251146108549e-03 5.915837270067569e-03 5.916423394026589e-03 5.917009517985608e-03 5.917595641944628e-03 5.918181765903648e-03 5.918767889862667e-03 5.919354013821687e-03 5.919940137780706e-03 5.920526261739726e-03 5.921112385698746e-03 5.921698509657765e-03 5.922284633616785e-03 5.922870757575804e-03 5.923456881534824e-03 5.924043005493844e-03 5.924629129452863e-03 5.925215253411884e-03 5.925801377370903e-03 5.926387501329923e-03 5.926973625288942e-03 5.927559749247962e-03 5.928145873206982e-03 5.928731997166001e-03 5.929318121125021e-03 5.929904245084040e-03 5.930490369043060e-03 5.931076493002080e-03 5.931662616961099e-03 5.932248740920119e-03 5.932834864879138e-03 5.933420988838158e-03 5.934007112797179e-03 5.934593236756198e-03 5.935179360715218e-03 5.935765484674237e-03 5.936351608633257e-03 5.936937732592277e-03 5.937523856551296e-03 5.938109980510316e-03 5.938696104469335e-03 5.939282228428355e-03 5.939868352387375e-03 5.940454476346394e-03 5.941040600305414e-03 5.941626724264433e-03 5.942212848223453e-03 5.942798972182473e-03 5.943385096141493e-03 5.943971220100513e-03 5.944557344059532e-03 5.945143468018552e-03 5.945729591977571e-03 5.946315715936591e-03 5.946901839895611e-03 5.947487963854630e-03 5.948074087813650e-03 5.948660211772669e-03 5.949246335731689e-03 5.949832459690709e-03 5.950418583649728e-03 5.951004707608748e-03 5.951590831567767e-03 5.952176955526787e-03 5.952763079485807e-03 5.953349203444827e-03 5.953935327403847e-03 5.954521451362866e-03 5.955107575321886e-03 5.955693699280906e-03 5.956279823239925e-03 5.956865947198945e-03 5.957452071157964e-03 5.958038195116984e-03 5.958624319076004e-03 5.959210443035023e-03 5.959796566994043e-03 5.960382690953062e-03 5.960968814912082e-03 5.961554938871102e-03 5.962141062830122e-03 5.962727186789142e-03 5.963313310748161e-03 5.963899434707181e-03 5.964485558666200e-03 5.965071682625220e-03 5.965657806584240e-03 5.966243930543259e-03 5.966830054502279e-03 5.967416178461298e-03 5.968002302420318e-03 5.968588426379338e-03 5.969174550338357e-03 5.969760674297377e-03 5.970346798256396e-03 5.970932922215416e-03 5.971519046174436e-03 5.972105170133456e-03 5.972691294092476e-03 5.973277418051495e-03 5.973863542010515e-03 5.974449665969534e-03 5.975035789928554e-03 5.975621913887574e-03 5.976208037846593e-03 5.976794161805613e-03 5.977380285764632e-03 5.977966409723652e-03 5.978552533682672e-03 5.979138657641691e-03 5.979724781600711e-03 5.980310905559731e-03 5.980897029518751e-03 5.981483153477771e-03 5.982069277436790e-03 5.982655401395810e-03 5.983241525354829e-03 5.983827649313849e-03 5.984413773272869e-03 5.984999897231888e-03 5.985586021190908e-03 5.986172145149927e-03 5.986758269108947e-03 5.987344393067967e-03 5.987930517026986e-03 5.988516640986006e-03 5.989102764945025e-03 5.989688888904046e-03 5.990275012863065e-03 5.990861136822085e-03 5.991447260781105e-03 5.992033384740124e-03 5.992619508699144e-03 5.993205632658163e-03 5.993791756617183e-03 5.994377880576203e-03 5.994964004535222e-03 5.995550128494242e-03 5.996136252453261e-03 5.996722376412281e-03 5.997308500371301e-03 5.997894624330320e-03 5.998480748289340e-03 5.999066872248360e-03 5.999652996207380e-03 6.000239120166399e-03 6.000825244125419e-03 6.001411368084439e-03 6.001997492043458e-03 6.002583616002478e-03 6.003169739961497e-03 6.003755863920517e-03 6.004341987879537e-03 6.004928111838556e-03 6.005514235797576e-03 6.006100359756596e-03 6.006686483715615e-03 6.007272607674635e-03 6.007858731633654e-03 6.008444855592675e-03 6.009030979551694e-03 6.009617103510714e-03 6.010203227469734e-03 6.010789351428753e-03 6.011375475387773e-03 6.011961599346792e-03 6.012547723305812e-03 6.013133847264832e-03 6.013719971223851e-03 6.014306095182871e-03 6.014892219141890e-03 6.015478343100910e-03 6.016064467059930e-03 6.016650591018949e-03 6.017236714977970e-03 6.017822838936989e-03 6.018408962896009e-03 6.018995086855028e-03 6.019581210814048e-03 6.020167334773068e-03 6.020753458732087e-03 6.021339582691107e-03 6.021925706650126e-03 6.022511830609146e-03 6.023097954568166e-03 6.023684078527185e-03 6.024270202486205e-03 6.024856326445224e-03 6.025442450404244e-03 6.026028574363264e-03 6.026614698322284e-03 6.027200822281304e-03 6.027786946240323e-03 6.028373070199343e-03 6.028959194158363e-03 6.029545318117382e-03 6.030131442076402e-03 6.030717566035421e-03 6.031303689994441e-03 6.031889813953461e-03 6.032475937912480e-03 6.033062061871500e-03 6.033648185830519e-03 6.034234309789539e-03 6.034820433748559e-03 6.035406557707578e-03 6.035992681666599e-03 6.036578805625618e-03 6.037164929584638e-03 6.037751053543657e-03 6.038337177502677e-03 6.038923301461697e-03 6.039509425420716e-03 6.040095549379736e-03 6.040681673338755e-03 6.041267797297775e-03 6.041853921256795e-03 6.042440045215814e-03</slantRangeTime>
        <elevationAngle count="676">3.238965e+01 3.239769e+01 3.240572e+01 3.241374e+01 3.242176e+01 3.242979e+01 3.243780e+01 3.244582e+01 3.245382e+01 3.246183e+01 3.246983e+01 3.247783e+01 3.248583e+01 3.249382e+01 3.250180e+01 3.250979e+01 3.251777e+01 3.252575e+01 3.253372e+01 3.254169e+01 3.254966e+01 3.255762e+01 3.256558e+01 3.257354e+01 3.258149e+01 3.258944e+01 3.259739e+01 3.260533e+01 3.261327e+01 3.262120e+01 3.262914e+01 3.263707e+01 3.264499e+01 3.265291e+01 3.266083e+01 3.266874e+01 3.267665e+01 3.268456e+01 3.269247e+01 3.270037e+01 3.270826e+01 3.271616e+01 3.272405e+01 3.273193e+01 3.273982e+01 3.274770e+01 3.275557e+01 3.276345e+01 3.277132e+01 3.277918e+01 3.278704e+01 3.279490e+01 3.280276e+01 3.281061e+01 3.281846e+01 3.282631e+01 3.283415e+01 3.284199e+01 3.284982e+01 3.285765e+01 3.286548e+01 3.287331e+01 3.288113e+01 3.288895e+01 3.289676e+01 3.290458e+01 3.291238e+01 3.292019e+01 3.292799e+01 3.293579e+01 3.294358e+01 3.295137e+01 3.295916e+01 3.296694e+01 3.297472e+01 3.298250e+01 3.299028e+01 3.299805e+01 3.300581e+01 3.301358e+01 3.302134e+01 3.302910e+01 3.303685e+01 3.304460e+01 3.305235e+01 3.306010e+01 3.306784e+01 3.307557e+01 3.308331e+01 3.309104e+01 3.309877e+01 3.310649e+01 3.311421e+01 3.312193e+01 3.312964e+01 3.313736e+01 3.314506e+01 3.315277e+01 3.316047e+01 3.316817e+01 3.317586e+01 3.318355e+01 3.319124e+01 3.319893e+01 3.320660e+01 3.321428e+01 3.322196e+01 3.322963e+01 3.323730e+01 3.324496e+01 3.325262e+01 3.326028e+01 3.326794e+01 3.327559e+01 3.328324e+01 3.329089e+01 3.329853e+01 3.330617e+01 3.331380e+01 3.332143e+01 3.332906e+01 3.333669e+01 3.334431e+01 3.335193e+01 3.335955e+01 3.336716e+01 3.337477e+01 3.338238e+01 3.338998e+01 3.339758e+01 3.340518e+01 3.341277e+01 3.342036e+01 3.342795e+01 3.343554e+01 3.344312e+01 3.345069e+01 3.345827e+01 3.346584e+01 3.347341e+01 3.348097e+01 3.348853e+01 3.349609e+01 3.350365e+01 3.351120e+01 3.351875e+01 3.352629e+01 3.353384e+01 3.354138e+01 3.354891e+01 3.355645e+01 3.356398e+01 3.357150e+01 3.357903e+01 3.358655e+01 3.359406e+01 3.360158e+01 3.360909e+01 3.361660e+01 3.362410e+01 3.363160e+01 3.363910e+01 3.364660e+01 3.365409e+01 3.366158e+01 3.366907e+01 3.367655e+01 3.368403e+01 3.369151e+01 3.369898e+01 3.370645e+01 3.371392e+01 3.372138e+01 3.372884e+01 3.373630e+01 3.374376e+01 3.375121e+01 3.375866e+01 3.376610e+01 3.377354e+01 3.378098e+01 3.378842e+01 3.379585e+01 3.380328e+01 3.381071e+01 3.381813e+01 3.382555e+01 3.383297e+01 3.384039e+01 3.384780e+01 3.385521e+01 3.386261e+01 3.387002e+01 3.387741e+01 3.388481e+01 3.389220e+01 3.389960e+01 3.390698e+01 3.391437e+01 3.392175e+01 3.392913e+01 3.393650e+01 3.394387e+01 3.395124e+01 3.395861e+01 3.396597e+01 3.397333e+01 3.398069e+01 3.398804e+01 3.399540e+01 3.400274e+01 3.401009e+01 3.401743e+01 3.402477e+01 3.403210e+01 3.403944e+01 3.404676e+01 3.405409e+01 3.406142e+01 3.406874e+01 3.407605e+01 3.408337e+01 3.409068e+01 3.409799e+01 3.410530e+01 3.411260e+01 3.411990e+01 3.412720e+01 3.413449e+01 3.414178e+01 3.414907e+01 3.415635e+01 3.416364e+01 3.417091e+01 3.417819e+01 3.418546e+01 3.419273e+01 3.420000e+01 3.420727e+01 3.421453e+01 3.422179e+01 3.422904e+01 3.423629e+01 3.424355e+01 3.425079e+01 3.425803e+01 3.426527e+01 3.427251e+01 3.427975e+01 3.428698e+01 3.429421e+01 3.430143e+01 3.430866e+01 3.431588e+01 3.432310e+01 3.433031e+01 3.433752e+01 3.434473e+01 3.435194e+01 3.435914e+01 3.436634e+01 3.437354e+01 3.438073e+01 3.438792e+01 3.439511e+01 3.440229e+01 3.440948e+01 3.441666e+01 3.442383e+01 3.443101e+01 3.443818e+01 3.444535e+01 3.445251e+01 3.445967e+01 3.446683e+01 3.447399e+01 3.448114e+01 3.448829e+01 3.449544e+01 3.450259e+01 3.450973e+01 3.451687e+01 3.452401e+01 3.453114e+01 3.453827e+01 3.454540e+01 3.455252e+01 3.455965e+01 3.456676e+01 3.457388e+01 3.458099e+01 3.458810e+01 3.459521e+01 3.460232e+01 3.460942e+01 3.461652e+01 3.462362e+01 3.463071e+01 3.463780e+01 3.464489e+01 3.465198e+01 3.465906e+01 3.466614e+01 3.467322e+01 3.468029e+01 3.468736e+01 3.469443e+01 3.470150e+01 3.470856e+01 3.471562e+01 3.472268e+01 3.472973e+01 3.473678e+01 3.474383e+01 3.475088e+01 3.475792e+01 3.476496e+01 3.477200e+01 3.477903e+01 3.478607e+01 3.479310e+01 3.480013e+01 3.480715e+01 3.481417e+01 3.482119e+01 3.482820e+01 3.483522e+01 3.484222e+01 3.484923e+01 3.485624e+01 3.486324e+01 3.487024e+01 3.487724e+01 3.488423e+01 3.489122e+01 3.489821e+01 3.490519e+01 3.491217e+01 3.491916e+01 3.492613e+01 3.493311e+01 3.494008e+01 3.494705e+01 3.495401e+01 3.496098e+01 3.496794e+01 3.497490e+01 3.498185e+01 3.498880e+01 3.499575e+01 3.500270e+01 3.500964e+01 3.501659e+01 3.502353e+01 3.503046e+01 3.503740e+01 3.504433e+01 3.505125e+01 3.505818e+01 3.506510e+01 3.507202e+01 3.507894e+01 3.508585e+01 3.509277e+01 3.509967e+01 3.510658e+01 3.511349e+01 3.512039e+01 3.512729e+01 3.513418e+01 3.514108e+01 3.514796e+01 3.515485e+01 3.516174e+01 3.516862e+01 3.517550e+01 3.518238e+01 3.518925e+01 3.519613e+01 3.520299e+01 3.520986e+01 3.521672e+01 3.522358e+01 3.523044e+01 3.523730e+01 3.524415e+01 3.525100e+01 3.525785e+01 3.526469e+01 3.527154e+01 3.527838e+01 3.528522e+01 3.529205e+01 3.529888e+01 3.530571e+01 3.531254e+01 3.531936e+01 3.532618e+01 3.533300e+01 3.533982e+01 3.534663e+01 3.535344e+01 3.536025e+01 3.536706e+01 3.537386e+01 3.538066e+01 3.538746e+01 3.539426e+01 3.540105e+01 3.540784e+01 3.541463e+01 3.542141e+01 3.542819e+01 3.543497e+01 3.544175e+01 3.544852e+01 3.545530e+01 3.546207e+01 3.546883e+01 3.547560e+01 3.548236e+01 3.548912e+01 3.549588e+01 3.550263e+01 3.550938e+01 3.551613e+01 3.552287e+01 3.552962e+01 3.553636e+01 3.554310e+01 3.554984e+01 3.555657e+01 3.556330e+01 3.557003e+01 3.557675e+01 3.558347e+01 3.559019e+01 3.559691e+01 3.560363e+01 3.561034e+01 3.561705e+01 3.562376e+01 3.563046e+01 3.563717e+01 3.564387e+01 3.565057e+01 3.565726e+01 3.566395e+01 3.567064e+01 3.567733e+01 3.568401e+01 3.569070e+01 3.569738e+01 3.570405e+01 3.571073e+01 3.571740e+01 3.572407e+01 3.573074e+01 3.573740e+01 3.574406e+01 3.575072e+01 3.575738e+01 3.576403e+01 3.577069e+01 3.577734e+01 3.578399e+01 3.579063e+01 3.579727e+01 3.580391e+01 3.581055e+01 3.581718e+01 3.582381e+01 3.583044e+01 3.583707e+01 3.584370e+01 3.585032e+01 3.585694e+01 3.586356e+01 3.587017e+01 3.587678e+01 3.588339e+01 3.589000e+01 3.589660e+01 3.590321e+01 3.590981e+01 3.591640e+01 3.592300e+01 3.592959e+01 3.593618e+01 3.594277e+01 3.594935e+01 3.595594e+01 3.596252e+01 3.596909e+01 3.597567e+01 3.598224e+01 3.598881e+01 3.599538e+01 3.600195e+01 3.600851e+01 3.601507e+01 3.602163e+01 3.602818e+01 3.603474e+01 3.604129e+01 3.604783e+01 3.605438e+01 3.606092e+01 3.606746e+01 3.607400e+01 3.608054e+01 3.608707e+01 3.609361e+01 3.610013e+01 3.610666e+01 3.611318e+01 3.611971e+01 3.612622e+01 3.613274e+01 3.613926e+01 3.614577e+01 3.615228e+01 3.615878e+01 3.616529e+01 3.617179e+01 3.617829e+01 3.618479e+01 3.619128e+01 3.619777e+01 3.620427e+01 3.621075e+01 3.621724e+01 3.622372e+01 3.623020e+01 3.623668e+01 3.624316e+01 3.624963e+01 3.625610e+01 3.626257e+01 3.626904e+01 3.627550e+01 3.628196e+01 3.628842e+01 3.629488e+01 3.630133e+01 3.630779e+01 3.631423e+01 3.632068e+01 3.632713e+01 3.633357e+01 3.634001e+01 3.634645e+01 3.635288e+01 3.635931e+01 3.636575e+01 3.637217e+01 3.637860e+01 3.638503e+01 3.639145e+01 3.639787e+01 3.640428e+01 3.641069e+01 3.641711e+01 3.642352e+01 3.642992e+01 3.643633e+01 3.644273e+01 3.644913e+01 3.645553e+01 3.646193e+01 3.646832e+01 3.647471e+01 3.648110e+01 3.648748e+01 3.649387e+01 3.650025e+01 3.650663e+01 3.651300e+01 3.651938e+01 3.652575e+01 3.653212e+01 3.653849e+01 3.654486e+01 3.655122e+01 3.655758e+01 3.656394e+01 3.657029e+01 3.657665e+01 3.658300e+01 3.658935e+01 3.659570e+01 3.660204e+01 3.660838e+01 3.661472e+01 3.662106e+01 3.662740e+01 3.663373e+01 3.664006e+01 3.664639e+01 3.665271e+01 3.665904e+01 3.666536e+01 3.667168e+01 3.667799e+01 3.668431e+01 3.669062e+01 3.669693e+01 3.670324e+01 3.670955e+01 3.671585e+01 3.672215e+01 3.672845e+01 3.673475e+01 3.674104e+01 3.674733e+01 3.675362e+01 3.675991e+01 3.676619e+01 3.677248e+01 3.677876e+01 3.678504e+01 3.679131e+01 3.679758e+01 3.680386e+01 3.681013e+01 3.681639e+01 3.682266e+01 3.682892e+01 3.683518e+01 3.684144e+01 3.684770e+01 3.685395e+01 3.686020e+01 3.686645e+01 3.687270e+01 3.687894e+01 3.688519e+01 3.689143e+01 3.689766e+01 3.690390e+01 3.691013e+01 3.691636e+01 3.692259e+01 3.692882e+01 3.693504e+01 3.694127e+01 3.694749e+01 3.695370e+01 3.695992e+01 3.696613e+01 3.697234e+01 3.697855e+01 3.698476e+01 3.699097e+01 3.699717e+01 3.700337e+01 3.700957e+01 3.701576e+01 3.702196e+01 3.702815e+01 3.703434e+01 3.704052e+01 3.704671e+01 3.705289e+01 3.705907e+01 3.706525e+01 3.707143e+01 3.707760e+01 3.708377e+01 3.708994e+01 3.709611e+01 3.710227e+01 3.710844e+01 3.711460e+01 3.712075e+01 3.712691e+01</elevationAngle>
        <elevationPattern count="676">-3.064082e+13 2.726711e+14 -3.072252e+13 2.744326e+14 -3.079961e+13 2.761993e+14 -3.087667e+13 2.779653e+14 -3.095370e+13 2.797306e+14 -3.103069e+13 2.814950e+14 -3.110764e+13 2.832585e+14 -3.117064e+13 2.850122e+14 -3.122351e+13 2.867582e+14 -3.127634e+13 2.885034e+14 -3.132916e+13 2.902480e+14 -3.138194e+13 2.919915e+14 -3.143471e+13 2.937345e+14 -3.147845e+13 2.954820e+14 -3.150403e+13 2.972395e+14 -3.152958e+13 2.989961e+14 -3.155511e+13 3.007518e+14 -3.158064e+13 3.025068e+14 -3.160616e+13 3.042612e+14 -3.162969e+13 3.060146e+14 -3.162491e+13 3.077674e+14 -3.162013e+13 3.095193e+14 -3.161535e+13 3.112704e+14 -3.161058e+13 3.130209e+14 -3.160581e+13 3.147705e+14 -3.160104e+13 3.165193e+14 -3.157264e+13 3.182549e+14 -3.153770e+13 3.199864e+14 -3.150277e+13 3.217170e+14 -3.146786e+13 3.234469e+14 -3.143297e+13 3.251762e+14 -3.139808e+13 3.269045e+14 -3.134717e+13 3.286321e+14 -3.127905e+13 3.303590e+14 -3.121095e+13 3.320850e+14 -3.114291e+13 3.338106e+14 -3.107487e+13 3.355351e+14 -3.100685e+13 3.372589e+14 -3.093345e+13 3.389820e+14 -3.083233e+13 3.407043e+14 -3.073124e+13 3.424258e+14 -3.063020e+13 3.441466e+14 -3.052921e+13 3.458667e+14 -3.042825e+13 3.475859e+14 -3.032735e+13 3.493045e+14 -3.019517e+13 3.510093e+14 -3.005655e+13 3.527106e+14 -2.991798e+13 3.544111e+14 -2.977948e+13 3.561110e+14 -2.964104e+13 3.578100e+14 -2.950265e+13 3.595083e+14 -2.934643e+13 3.611985e+14 -2.917046e+13 3.628796e+14 -2.899457e+13 3.645600e+14 -2.881875e+13 3.662396e+14 -2.864302e+13 3.679187e+14 -2.846735e+13 3.695969e+14 -2.828768e+13 3.712726e+14 -2.807300e+13 3.729337e+14 -2.785841e+13 3.745941e+14 -2.764391e+13 3.762537e+14 -2.742951e+13 3.779126e+14 -2.721519e+13 3.795708e+14 -2.700097e+13 3.812282e+14 -2.675889e+13 3.828626e+14 -2.650581e+13 3.844875e+14 -2.625283e+13 3.861116e+14 -2.599996e+13 3.877350e+14 -2.574719e+13 3.893576e+14 -2.549453e+13 3.909795e+14 -2.522899e+13 3.925959e+14 -2.493449e+13 3.942010e+14 -2.464011e+13 3.958052e+14 -2.434586e+13 3.974089e+14 -2.405174e+13 3.990118e+14 -2.375773e+13 4.006139e+14 -2.346387e+13 4.022155e+14 -2.313162e+13 4.038026e+14 -2.279450e+13 4.053870e+14 -2.245754e+13 4.069712e+14 -2.212071e+13 4.085543e+14 -2.178403e+13 4.101368e+14 -2.144749e+13 4.117187e+14 -2.109257e+13 4.132792e+14 -2.071450e+13 4.148133e+14 -2.033658e+13 4.163466e+14 -1.995882e+13 4.178793e+14 -1.958123e+13 4.194115e+14 -1.920379e+13 4.209427e+14 -1.882653e+13 4.224735e+14 -1.840537e+13 4.239884e+14 -1.798363e+13 4.255022e+14 -1.756207e+13 4.270156e+14 -1.714068e+13 4.285283e+14 -1.671948e+13 4.300404e+14 -1.629846e+13 4.315517e+14 -1.585505e+13 4.330469e+14 -1.538971e+13 4.345261e+14 -1.492455e+13 4.360046e+14 -1.445961e+13 4.374827e+14 -1.399486e+13 4.389601e+14 -1.353031e+13 4.404369e+14 -1.306558e+13 4.419126e+14 -1.255855e+13 4.433573e+14 -1.205173e+13 4.448014e+14 -1.154513e+13 4.462448e+14 -1.103874e+13 4.476878e+14 -1.053257e+13 4.491301e+14 -1.002662e+13 4.505718e+14 -9.498440e+12 4.519976e+14 -8.947559e+12 4.534073e+14 -8.396914e+12 4.548165e+14 -7.846503e+12 4.562249e+14 -7.296327e+12 4.576329e+14 -6.746388e+12 4.590404e+14 -6.196678e+12 4.604470e+14 -5.604253e+12 4.618090e+14 -5.010401e+12 4.631688e+14 -4.416801e+12 4.645280e+14 -3.823454e+12 4.658865e+14 -3.230359e+12 4.672445e+14 -2.637514e+12 4.686019e+14 -2.026964e+12 4.699463e+14 -1.391039e+12 4.712720e+14 -7.553843e+11 4.725973e+14 -1.199989e+11 4.739218e+14 5.151174e+11 4.752461e+14 1.149965e+12 4.765697e+14 1.784543e+12 4.778926e+14 2.455894e+12 4.791765e+14 3.133847e+12 4.804529e+14 3.811511e+12 4.817286e+14 4.488893e+12 4.830040e+14 5.165984e+12 4.842785e+14 5.842791e+12 4.855527e+14 6.530267e+12 4.868185e+14 7.249241e+12 4.880613e+14 7.967910e+12 4.893034e+14 8.686280e+12 4.905452e+14 9.404343e+12 4.917863e+14 1.012210e+13 4.930270e+14 1.083956e+13 4.942671e+14 1.158388e+13 4.954773e+14 1.234244e+13 4.966709e+14 1.310068e+13 4.978643e+14 1.385860e+13 4.990569e+14 1.461621e+13 5.002492e+14 1.537350e+13 5.014409e+14 1.613161e+13 5.026313e+14 1.693046e+13 5.037921e+14 1.772898e+13 5.049520e+14 1.852716e+13 5.061117e+14 1.932501e+13 5.072709e+14 2.012252e+13 5.084294e+14 2.091971e+13 5.095878e+14 2.173159e+13 5.107280e+14 2.256718e+13 5.118401e+14 2.340242e+13 5.129517e+14 2.423731e+13 5.140631e+14 2.507184e+13 5.151737e+14 2.590603e+13 5.162840e+14 2.673987e+13 5.173937e+14 2.760049e+13 5.184596e+14 2.847111e+13 5.195087e+14 2.934134e+13 5.205571e+14 3.021121e+13 5.216050e+14 3.108073e+13 5.226526e+14 3.194988e+13 5.236997e+14 3.282040e+13 5.247452e+14 3.372769e+13 5.257616e+14 3.463461e+13 5.267777e+14 3.554114e+13 5.277932e+14 3.644731e+13 5.288084e+14 3.735308e+13 5.298231e+14 3.825847e+13 5.308372e+14 3.917539e+13 5.318357e+14 4.011433e+13 5.328045e+14 4.105286e+13 5.337728e+14 4.199100e+13 5.347406e+14 4.292876e+13 5.357083e+14 4.386614e+13 5.366753e+14 4.480312e+13 5.376421e+14 4.575936e+13 5.385802e+14 4.672677e+13 5.395016e+14 4.769380e+13 5.404227e+14 4.866040e+13 5.413432e+14 4.962660e+13 5.422634e+14 5.059242e+13 5.431833e+14 5.155784e+13 5.441028e+14 5.255332e+13 5.449688e+14 5.355201e+13 5.458282e+14 5.455030e+13 5.466873e+14 5.554817e+13 5.475460e+14 5.654562e+13 5.484043e+14 5.754265e+13 5.492624e+14 5.854321e+13 5.501159e+14 5.956749e+13 5.509434e+14 6.059139e+13 5.517708e+14 6.161485e+13 5.525979e+14 6.263788e+13 5.534246e+14 6.366049e+13 5.542509e+14 6.468268e+13 5.550769e+14 6.571363e+13 5.558810e+14 6.676003e+13 5.566473e+14 6.780602e+13 5.574134e+14 6.885156e+13 5.581793e+14 6.989665e+13 5.589445e+14 7.094135e+13 5.597096e+14 7.198561e+13 5.604744e+14 7.304462e+13 5.612220e+14 7.411448e+13 5.619569e+14 7.518388e+13 5.626913e+14 7.625287e+13 5.634258e+14 7.732138e+13 5.641593e+14 7.838951e+13 5.648932e+14 7.945716e+13 5.656263e+14 8.053779e+13 5.663145e+14 8.162218e+13 5.669887e+14 8.270610e+13 5.676624e+14 8.378959e+13 5.683360e+14 8.487259e+13 5.690090e+14 8.595521e+13 5.696821e+14 8.703737e+13 5.703549e+14 8.812998e+13 5.709863e+14 8.922292e+13 5.716146e+14 9.031544e+13 5.722427e+14 9.140751e+13 5.728704e+14 9.249913e+13 5.734980e+14 9.359032e+13 5.741253e+14 9.468264e+13 5.747488e+14 9.579186e+13 5.753317e+14 9.690064e+13 5.759144e+14 9.800896e+13 5.764970e+14 9.911685e+13 5.770794e+14 1.002243e+14 5.776614e+14 1.013312e+14 5.782433e+14 1.024375e+14 5.788156e+14 1.035421e+14 5.793534e+14 1.046462e+14 5.798908e+14 1.057500e+14 5.804283e+14 1.068532e+14 5.809654e+14 1.079561e+14 5.815022e+14 1.090585e+14 5.820390e+14 1.101699e+14 5.825612e+14 1.113004e+14 5.830539e+14 1.124304e+14 5.835465e+14 1.135600e+14 5.840390e+14 1.146890e+14 5.845310e+14 1.158177e+14 5.850229e+14 1.169459e+14 5.855149e+14 1.180736e+14 5.859821e+14 1.192009e+14 5.864156e+14 1.203277e+14 5.868491e+14 1.214541e+14 5.872824e+14 1.225800e+14 5.877154e+14 1.237054e+14 5.881483e+14 1.248304e+14 5.885810e+14 1.259550e+14 5.889850e+14 1.270790e+14 5.893597e+14 1.282027e+14 5.897343e+14 1.293259e+14 5.901087e+14 1.304486e+14 5.904828e+14 1.315709e+14 5.908569e+14 1.326927e+14 5.912308e+14 1.338141e+14 5.915891e+14 1.349350e+14 5.919337e+14 1.360555e+14 5.922787e+14 1.371754e+14 5.926231e+14 1.382951e+14 5.929678e+14 1.394142e+14 5.933122e+14 1.405328e+14 5.936564e+14 1.416594e+14 5.939588e+14 1.427915e+14 5.942308e+14 1.439231e+14 5.945031e+14 1.450543e+14 5.947751e+14 1.461850e+14 5.950468e+14 1.473154e+14 5.953190e+14 1.484452e+14 5.955906e+14 1.495660e+14 5.958365e+14 1.506806e+14 5.960652e+14 1.517949e+14 5.962940e+14 1.529086e+14 5.965223e+14 1.540219e+14 5.967506e+14 1.551348e+14 5.969790e+14 1.562472e+14 5.972071e+14 1.573507e+14 5.974098e+14 1.584480e+14 5.975952e+14 1.595448e+14 5.977803e+14 1.606411e+14 5.979653e+14 1.617371e+14 5.981504e+14 1.628327e+14 5.983355e+14 1.639277e+14 5.985201e+14 1.650224e+14 5.986728e+14 1.661166e+14 5.988006e+14 1.672104e+14 5.989286e+14 1.683037e+14 5.990563e+14 1.693966e+14 5.991840e+14 1.704891e+14 5.993118e+14 1.715811e+14 5.994395e+14 1.726652e+14 5.995372e+14 1.737422e+14 5.996080e+14 1.748188e+14 5.996788e+14 1.758949e+14 5.997497e+14 1.769707e+14 5.998206e+14 1.780459e+14 5.998912e+14 1.791208e+14 5.999620e+14 1.801821e+14 6.000066e+14 1.812279e+14 6.000206e+14 1.822732e+14 6.000347e+14 1.833181e+14 6.000490e+14 1.843627e+14 6.000632e+14 1.854067e+14 6.000772e+14 1.864504e+14 6.000913e+14 1.874883e+14 6.000893e+14 1.885170e+14 6.000612e+14 1.895454e+14 6.000331e+14 1.905733e+14 6.000049e+14 1.916008e+14 5.999767e+14 1.926279e+14 5.999485e+14 1.936547e+14 5.999205e+14 1.946733e+14 5.998770e+14 1.956711e+14 5.997926e+14 1.966685e+14 5.997084e+14 1.976655e+14 5.996241e+14 1.986620e+14 5.995398e+14 1.996583e+14 5.994556e+14 2.006541e+14 5.993715e+14 2.016475e+14 5.992811e+14 2.026286e+14 5.991551e+14 2.036091e+14 5.990288e+14 2.045894e+14 5.989029e+14 2.055693e+14 5.987769e+14 2.065487e+14 5.986509e+14 2.075278e+14 5.985248e+14 2.085063e+14 5.983987e+14 2.094427e+14 5.982031e+14 2.103787e+14 5.980074e+14 2.113144e+14 5.978118e+14 2.122497e+14 5.976164e+14 2.131846e+14 5.974211e+14 2.141192e+14 5.972259e+14 2.150534e+14 5.970306e+14 2.159637e+14 5.968003e+14 2.168693e+14 5.965632e+14 2.177746e+14 5.963265e+14 2.186795e+14 5.960900e+14 2.195841e+14 5.958534e+14 2.204882e+14 5.956169e+14 2.213921e+14 5.953806e+14 2.222681e+14 5.951169e+14 2.231295e+14 5.948387e+14 2.239906e+14 5.945612e+14 2.248513e+14 5.942834e+14 2.257117e+14 5.940057e+14 2.265718e+14 5.937283e+14 2.274316e+14 5.934510e+14 2.282784e+14 5.931422e+14 2.291098e+14 5.927959e+14 2.299408e+14 5.924495e+14 2.307716e+14 5.921035e+14 2.316020e+14 5.917574e+14 2.324320e+14 5.914116e+14 2.332619e+14 5.910660e+14 2.340786e+14 5.907108e+14 2.348524e+14 5.903237e+14 2.356259e+14 5.899372e+14 2.363991e+14 5.895504e+14 2.371720e+14 5.891639e+14 2.379447e+14 5.887775e+14 2.387170e+14 5.883914e+14 2.394890e+14 5.880053e+14 2.402336e+14 5.875517e+14 2.409775e+14 5.870971e+14 2.417211e+14 5.866427e+14 2.424644e+14 5.861885e+14 2.432075e+14 5.857344e+14 2.439502e+14 5.852806e+14 2.446926e+14 5.848268e+14 2.453852e+14 5.843435e+14 2.460584e+14 5.838489e+14 2.467313e+14 5.833545e+14 2.474039e+14 5.828602e+14 2.480764e+14 5.823664e+14 2.487485e+14 5.818726e+14 2.494204e+14 5.813789e+14 2.500802e+14 5.808678e+14 2.507241e+14 5.803332e+14 2.513677e+14 5.797990e+14 2.520112e+14 5.792654e+14 2.526544e+14 5.787315e+14 2.532974e+14 5.781980e+14 2.539401e+14 5.776647e+14 2.545737e+14 5.771227e+14 2.551476e+14 5.765215e+14 2.557213e+14 5.759205e+14 2.562948e+14 5.753198e+14 2.568680e+14 5.747192e+14 2.574411e+14 5.741191e+14 2.580138e+14 5.735189e+14 2.585864e+14 5.729190e+14 2.591151e+14 5.722867e+14 2.596326e+14 5.716465e+14 2.601501e+14 5.710064e+14 2.606673e+14 5.703666e+14 2.611843e+14 5.697271e+14 2.617013e+14 5.690880e+14 2.622179e+14 5.684489e+14 2.627097e+14 5.677855e+14 2.631715e+14 5.670925e+14 2.636332e+14 5.664000e+14 2.640949e+14 5.657077e+14 2.645563e+14 5.650158e+14 2.650175e+14 5.643239e+14 2.654784e+14 5.636322e+14 2.659347e+14 5.629365e+14 2.663411e+14 5.621912e+14 2.667474e+14 5.614463e+14 2.671537e+14 5.607017e+14 2.675597e+14 5.599573e+14 2.679655e+14 5.592132e+14 2.683712e+14 5.584695e+14 2.687767e+14 5.577260e+14 2.691351e+14 5.569545e+14 2.694728e+14 5.561712e+14 2.698103e+14 5.553879e+14 2.701478e+14 5.546052e+14 2.704851e+14 5.538225e+14 2.708223e+14 5.530404e+14 2.711593e+14 5.522583e+14 2.714809e+14 5.514575e+14 2.717638e+14 5.506088e+14 2.720466e+14 5.497604e+14 2.723293e+14 5.489123e+14 2.726118e+14 5.480645e+14 2.728943e+14 5.472170e+14 2.731767e+14 5.463700e+14 2.734590e+14 5.455233e+14 2.736838e+14 5.446540e+14 2.738987e+14 5.437809e+14 2.741135e+14 5.429083e+14 2.743282e+14 5.420359e+14 2.745427e+14 5.411638e+14 2.747573e+14 5.402921e+14 2.749718e+14 5.394207e+14 2.751593e+14 5.385228e+14 2.753066e+14 5.375851e+14 2.754539e+14 5.366478e+14 2.756011e+14 5.357109e+14 2.757483e+14 5.347744e+14 2.758954e+14 5.338379e+14 2.760425e+14 5.329021e+14 2.761896e+14 5.319668e+14 2.762869e+14 5.309942e+14 2.763804e+14 5.300195e+14 2.764738e+14 5.290448e+14 2.765672e+14 5.280707e+14 2.766606e+14 5.270970e+14 2.767539e+14 5.261234e+14 2.768472e+14 5.251503e+14 2.769058e+14 5.241546e+14 2.769191e+14 5.231291e+14 2.769324e+14 5.221038e+14 2.769457e+14 5.210790e+14 2.769591e+14 5.200547e+14 2.769723e+14 5.190305e+14 2.769856e+14 5.180069e+14 2.769989e+14 5.169837e+14 2.769512e+14 5.159241e+14 2.768980e+14 5.148616e+14 2.768450e+14 5.138000e+14 2.767920e+14 5.127386e+14 2.767389e+14 5.116773e+14 2.766859e+14 5.106165e+14 2.766328e+14 5.095561e+14 2.765596e+14 5.084810e+14 2.764537e+14 5.073818e+14 2.763477e+14 5.062829e+14 2.762418e+14 5.051844e+14 2.761361e+14 5.040866e+14 2.760302e+14 5.029888e+14 2.759245e+14 5.018917e+14 2.758188e+14 5.007948e+14 2.756479e+14 4.996550e+14 2.754631e+14 4.985062e+14 2.752782e+14 4.973576e+14 2.750936e+14 4.962100e+14 2.749089e+14 4.950622e+14 2.747243e+14 4.939153e+14 2.745398e+14 4.927686e+14 2.743394e+14 4.916129e+14 2.740891e+14 4.904274e+14 2.738390e+14 4.892427e+14 2.735890e+14 4.880582e+14 2.733391e+14 4.868744e+14 2.730891e+14 4.856907e+14 2.728394e+14 4.845075e+14 2.725897e+14 4.833249e+14 2.723065e+14 4.821175e+14 2.720044e+14 4.808962e+14 2.717026e+14 4.796757e+14 2.714008e+14 4.784555e+14 2.710991e+14 4.772356e+14 2.707976e+14 4.760164e+14 2.704961e+14 4.747973e+14 2.701937e+14 4.735784e+14 2.698269e+14 4.723209e+14 2.694604e+14 4.710642e+14 2.690939e+14 4.698078e+14 2.687276e+14 4.685520e+14 2.683615e+14 4.672966e+14 2.679955e+14 4.660417e+14 2.676297e+14 4.647874e+14 2.672395e+14 4.635137e+14 2.668086e+14 4.622080e+14 2.663779e+14 4.609028e+14 2.659473e+14 4.595979e+14 2.655170e+14 4.582937e+14 2.650866e+14 4.569897e+14 2.646565e+14 4.556864e+14 2.642267e+14 4.543837e+14 2.637692e+14 4.530536e+14 2.633006e+14 4.517127e+14 2.628321e+14 4.503723e+14 2.623637e+14 4.490324e+14 2.618955e+14 4.476928e+14 2.614276e+14 4.463539e+14 2.609598e+14 4.450155e+14 2.604910e+14 4.436771e+14 2.599587e+14 4.423136e+14 2.594264e+14 4.409506e+14 2.588944e+14 4.395881e+14 2.583626e+14 4.382261e+14 2.578310e+14 4.368647e+14 2.572996e+14 4.355038e+14 2.567684e+14 4.341433e+14 2.562175e+14 4.327716e+14 2.556220e+14 4.313733e+14 2.550266e+14 4.299755e+14 2.544315e+14 4.285782e+14 2.538366e+14 4.271816e+14 2.532419e+14 4.257854e+14 2.526474e+14 4.243896e+14 2.520532e+14 4.229944e+14 2.514369e+14 4.215923e+14 2.508044e+14 4.201854e+14 2.501721e+14 4.187788e+14 2.495400e+14 4.173727e+14 2.489082e+14 4.159672e+14 2.482766e+14 4.145622e+14 2.476452e+14 4.131577e+14 2.470141e+14 4.117538e+14 2.463304e+14 4.103187e+14 2.456354e+14 4.088772e+14 2.449406e+14 4.074361e+14 2.442461e+14 4.059956e+14 2.435519e+14 4.045558e+14 2.428579e+14 4.031163e+14 2.421641e+14 4.016774e+14 2.414689e+14 4.002378e+14 2.407372e+14 3.987743e+14 2.400057e+14 3.973114e+14 2.392745e+14 3.958489e+14 2.385435e+14 3.943869e+14 2.378128e+14 3.929256e+14 2.370824e+14 3.914647e+14 2.363522e+14 3.900043e+14 2.356129e+14 3.885414e+14 2.348449e+14 3.870695e+14 2.340771e+14 3.855978e+14 2.333097e+14 3.841269e+14 2.325425e+14 3.826565e+14 2.317756e+14 3.811865e+14 2.310089e+14 3.797172e+14 2.302426e+14 3.782483e+14 2.294604e+14 3.767746e+14 2.286563e+14 3.752941e+14 2.278525e+14 3.738142e+14 2.270490e+14 3.723347e+14 2.262458e+14 3.708557e+14 2.254430e+14 3.693775e+14 2.246403e+14 3.678996e+14 2.238379e+14 3.664222e+14 2.230138e+14 3.649382e+14 2.221739e+14 3.634493e+14 2.213343e+14 3.619609e+14 2.204950e+14 3.604729e+14 2.196560e+14 3.589856e+14 2.188173e+14 3.574989e+14 2.179789e+14 3.560125e+14 2.171408e+14 3.545269e+14 2.162759e+14 3.530327e+14 2.154004e+14 3.515355e+14 2.145252e+14 3.500387e+14 2.136502e+14 3.485424e+14 2.127756e+14 3.470467e+14 2.119014e+14 3.455518e+14 2.110274e+14 3.440570e+14 2.101538e+14 3.425630e+14 2.092700e+14 3.410590e+14 2.083843e+14 3.395534e+14 2.074990e+14 3.380482e+14 2.066139e+14 3.365437e+14 2.057292e+14 3.350397e+14 2.048449e+14 3.335363e+14 2.039608e+14 3.320333e+14 2.030771e+14 3.305310e+14 2.021591e+14 3.290292e+14 2.012381e+14 3.275278e+14 2.003175e+14 3.260271e+14 1.993972e+14 3.245270e+14 1.984773e+14 3.230273e+14 1.975576e+14 3.215282e+14 1.966383e+14 3.200296e+14 1.957194e+14 3.185316e+14 1.947884e+14 3.170341e+14 1.938575e+14 3.155371e+14 1.929270e+14 3.140408e+14 1.919968e+14 3.125449e+14 1.910669e+14 3.110495e+14 1.901373e+14 3.095547e+14 1.892082e+14 3.080605e+14 1.882790e+14 3.065667e+14 1.873379e+14 3.050734e+14 1.863972e+14 3.035809e+14 1.854568e+14 3.020887e+14 1.845167e+14 3.005971e+14 1.835770e+14 2.991061e+14 1.826375e+14 2.976156e+14 1.816985e+14 2.961256e+14 1.807593e+14 2.946362e+14 1.798084e+14 2.931473e+14 1.788579e+14 2.916590e+14 1.779076e+14 2.901711e+14 1.769577e+14 2.886838e+14 1.760082e+14 2.871971e+14 1.750590e+14 2.857108e+14 1.741102e+14 2.842252e+14 1.731611e+14 2.827404e+14 1.722005e+14 2.812682e+14 1.712402e+14 2.797967e+14 1.702802e+14 2.783255e+14 1.693206e+14 2.768549e+14 1.683613e+14 2.753849e+14 1.674024e+14 2.739154e+14 1.664438e+14 2.724464e+14 1.654856e+14 2.709781e+14 1.645276e+14 2.695225e+14 1.635701e+14 2.680676e+14 1.626129e+14 2.666131e+14 1.616560e+14 2.651591e+14 1.606995e+14 2.637057e+14 1.597433e+14 2.622527e+14 1.587874e+14 2.608004e+14 1.578319e+14 2.593485e+14 1.568767e+14 2.579211e+14 1.559219e+14 2.564951e+14 1.549674e+14 2.550694e+14 1.540132e+14 2.536444e+14 1.530594e+14 2.522198e+14 1.521059e+14 2.507959e+14 1.511528e+14 2.493724e+14 1.502000e+14 2.479494e+14 1.492475e+14 2.465268e+14 1.482954e+14 2.451049e+14 1.473436e+14 2.436834e+14 1.463922e+14 2.422624e+14 1.454411e+14 2.408419e+14 1.444903e+14 2.394220e+14 1.435399e+14 2.380024e+14 1.425898e+14 2.365835e+14 1.416499e+14 2.351946e+14 1.407128e+14 2.338136e+14 1.397761e+14 2.324332e+14 1.388396e+14 2.310531e+14 1.379035e+14 2.296737e+14 1.369678e+14 2.282946e+14</elevationPattern>
        <incidenceAngle count="676">3.650342e+01 3.651277e+01 3.652213e+01 3.653148e+01 3.654083e+01 3.655017e+01 3.655951e+01 3.656885e+01 3.657819e+01 3.658751e+01 3.659683e+01 3.660616e+01 3.661546e+01 3.662479e+01 3.663409e+01 3.664339e+01 3.665269e+01 3.666199e+01 3.667128e+01 3.668057e+01 3.668987e+01 3.669914e+01 3.670842e+01 3.671770e+01 3.672696e+01 3.673624e+01 3.674550e+01 3.675476e+01 3.676401e+01 3.677327e+01 3.678252e+01 3.679175e+01 3.680099e+01 3.681023e+01 3.681946e+01 3.682869e+01 3.683792e+01 3.684714e+01 3.685635e+01 3.686557e+01 3.687479e+01 3.688399e+01 3.689319e+01 3.690239e+01 3.691159e+01 3.692078e+01 3.692996e+01 3.693915e+01 3.694833e+01 3.695750e+01 3.696667e+01 3.697585e+01 3.698502e+01 3.699417e+01 3.700334e+01 3.701248e+01 3.702164e+01 3.703079e+01 3.703993e+01 3.704907e+01 3.705821e+01 3.706734e+01 3.707646e+01 3.708559e+01 3.709471e+01 3.710384e+01 3.711295e+01 3.712206e+01 3.713116e+01 3.714026e+01 3.714937e+01 3.715846e+01 3.716756e+01 3.717664e+01 3.718573e+01 3.719481e+01 3.720389e+01 3.721295e+01 3.722203e+01 3.723109e+01 3.724016e+01 3.724922e+01 3.725827e+01 3.726733e+01 3.727638e+01 3.728542e+01 3.729446e+01 3.730350e+01 3.731253e+01 3.732156e+01 3.733060e+01 3.733961e+01 3.734863e+01 3.735765e+01 3.736667e+01 3.737567e+01 3.738467e+01 3.739368e+01 3.740268e+01 3.741167e+01 3.742067e+01 3.742966e+01 3.743864e+01 3.744762e+01 3.745659e+01 3.746558e+01 3.747453e+01 3.748351e+01 3.749246e+01 3.750143e+01 3.751039e+01 3.751933e+01 3.752829e+01 3.753723e+01 3.754617e+01 3.755511e+01 3.756404e+01 3.757298e+01 3.758191e+01 3.759084e+01 3.759975e+01 3.760867e+01 3.761758e+01 3.762650e+01 3.763539e+01 3.764430e+01 3.765320e+01 3.766209e+01 3.767099e+01 3.767989e+01 3.768877e+01 3.769765e+01 3.770653e+01 3.771541e+01 3.772427e+01 3.773314e+01 3.774200e+01 3.775087e+01 3.775972e+01 3.776859e+01 3.777744e+01 3.778629e+01 3.779512e+01 3.780397e+01 3.781281e+01 3.782164e+01 3.783047e+01 3.783929e+01 3.784811e+01 3.785693e+01 3.786575e+01 3.787457e+01 3.788338e+01 3.789218e+01 3.790099e+01 3.790979e+01 3.791859e+01 3.792738e+01 3.793617e+01 3.794496e+01 3.795374e+01 3.796252e+01 3.797130e+01 3.798007e+01 3.798883e+01 3.799760e+01 3.800636e+01 3.801512e+01 3.802388e+01 3.803264e+01 3.804138e+01 3.805013e+01 3.805887e+01 3.806761e+01 3.807634e+01 3.808508e+01 3.809381e+01 3.810254e+01 3.811125e+01 3.811998e+01 3.812869e+01 3.813741e+01 3.814612e+01 3.815482e+01 3.816351e+01 3.817223e+01 3.818091e+01 3.818961e+01 3.819830e+01 3.820699e+01 3.821567e+01 3.822435e+01 3.823302e+01 3.824170e+01 3.825037e+01 3.825903e+01 3.826768e+01 3.827635e+01 3.828500e+01 3.829366e+01 3.830231e+01 3.831096e+01 3.831960e+01 3.832823e+01 3.833687e+01 3.834550e+01 3.835414e+01 3.836276e+01 3.837138e+01 3.838000e+01 3.838863e+01 3.839723e+01 3.840585e+01 3.841446e+01 3.842307e+01 3.843166e+01 3.844026e+01 3.844885e+01 3.845744e+01 3.846603e+01 3.847461e+01 3.848320e+01 3.849178e+01 3.850035e+01 3.850891e+01 3.851749e+01 3.852605e+01 3.853461e+01 3.854317e+01 3.855173e+01 3.856027e+01 3.856883e+01 3.857738e+01 3.858592e+01 3.859445e+01 3.860300e+01 3.861153e+01 3.862006e+01 3.862859e+01 3.863710e+01 3.864563e+01 3.865414e+01 3.866266e+01 3.867117e+01 3.867967e+01 3.868817e+01 3.869669e+01 3.870518e+01 3.871367e+01 3.872217e+01 3.873065e+01 3.873914e+01 3.874762e+01 3.875610e+01 3.876457e+01 3.877304e+01 3.878152e+01 3.878998e+01 3.879845e+01 3.880690e+01 3.881537e+01 3.882382e+01 3.883228e+01 3.884071e+01 3.884917e+01 3.885760e+01 3.886604e+01 3.887448e+01 3.888290e+01 3.889134e+01 3.889977e+01 3.890819e+01 3.891661e+01 3.892502e+01 3.893344e+01 3.894185e+01 3.895026e+01 3.895866e+01 3.896706e+01 3.897545e+01 3.898386e+01 3.899225e+01 3.900063e+01 3.900902e+01 3.901740e+01 3.902577e+01 3.903415e+01 3.904253e+01 3.905090e+01 3.905927e+01 3.906763e+01 3.907599e+01 3.908435e+01 3.909270e+01 3.910106e+01 3.910941e+01 3.911775e+01 3.912610e+01 3.913443e+01 3.914278e+01 3.915111e+01 3.915944e+01 3.916776e+01 3.917609e+01 3.918440e+01 3.919272e+01 3.920103e+01 3.920935e+01 3.921767e+01 3.922597e+01 3.923427e+01 3.924257e+01 3.925087e+01 3.925916e+01 3.926746e+01 3.927574e+01 3.928403e+01 3.929231e+01 3.930058e+01 3.930887e+01 3.931714e+01 3.932541e+01 3.933368e+01 3.934193e+01 3.935020e+01 3.935846e+01 3.936671e+01 3.937497e+01 3.938321e+01 3.939146e+01 3.939970e+01 3.940794e+01 3.941618e+01 3.942442e+01 3.943265e+01 3.944087e+01 3.944910e+01 3.945732e+01 3.946555e+01 3.947375e+01 3.948198e+01 3.949019e+01 3.949840e+01 3.950659e+01 3.951480e+01 3.952299e+01 3.953119e+01 3.953938e+01 3.954758e+01 3.955577e+01 3.956395e+01 3.957213e+01 3.958031e+01 3.958849e+01 3.959666e+01 3.960483e+01 3.961299e+01 3.962115e+01 3.962932e+01 3.963748e+01 3.964563e+01 3.965378e+01 3.966194e+01 3.967007e+01 3.967822e+01 3.968637e+01 3.969450e+01 3.970264e+01 3.971077e+01 3.971890e+01 3.972702e+01 3.973515e+01 3.974327e+01 3.975139e+01 3.975951e+01 3.976761e+01 3.977573e+01 3.978383e+01 3.979193e+01 3.980003e+01 3.980812e+01 3.981622e+01 3.982431e+01 3.983240e+01 3.984048e+01 3.984857e+01 3.985664e+01 3.986473e+01 3.987280e+01 3.988087e+01 3.988895e+01 3.989700e+01 3.990508e+01 3.991313e+01 3.992119e+01 3.992924e+01 3.993730e+01 3.994534e+01 3.995338e+01 3.996143e+01 3.996947e+01 3.997751e+01 3.998555e+01 3.999358e+01 4.000160e+01 4.000963e+01 4.001765e+01 4.002568e+01 4.003369e+01 4.004170e+01 4.004973e+01 4.005772e+01 4.006573e+01 4.007375e+01 4.008174e+01 4.008974e+01 4.009773e+01 4.010573e+01 4.011372e+01 4.012170e+01 4.012968e+01 4.013766e+01 4.014565e+01 4.015363e+01 4.016161e+01 4.016957e+01 4.017754e+01 4.018550e+01 4.019347e+01 4.020142e+01 4.020938e+01 4.021733e+01 4.022528e+01 4.023323e+01 4.024118e+01 4.024911e+01 4.025706e+01 4.026500e+01 4.027293e+01 4.028087e+01 4.028879e+01 4.029672e+01 4.030464e+01 4.031256e+01 4.032048e+01 4.032840e+01 4.033630e+01 4.034422e+01 4.035213e+01 4.036003e+01 4.036794e+01 4.037582e+01 4.038373e+01 4.039162e+01 4.039951e+01 4.040739e+01 4.041528e+01 4.042316e+01 4.043105e+01 4.043892e+01 4.044679e+01 4.045467e+01 4.046254e+01 4.047040e+01 4.047827e+01 4.048613e+01 4.049399e+01 4.050185e+01 4.050969e+01 4.051755e+01 4.052539e+01 4.053323e+01 4.054108e+01 4.054892e+01 4.055675e+01 4.056459e+01 4.057242e+01 4.058025e+01 4.058807e+01 4.059590e+01 4.060371e+01 4.061153e+01 4.061935e+01 4.062717e+01 4.063496e+01 4.064278e+01 4.065059e+01 4.065839e+01 4.066618e+01 4.067398e+01 4.068178e+01 4.068956e+01 4.069736e+01 4.070514e+01 4.071292e+01 4.072070e+01 4.072849e+01 4.073625e+01 4.074403e+01 4.075180e+01 4.075957e+01 4.076733e+01 4.077510e+01 4.078285e+01 4.079060e+01 4.079837e+01 4.080612e+01 4.081386e+01 4.082161e+01 4.082936e+01 4.083710e+01 4.084483e+01 4.085257e+01 4.086031e+01 4.086804e+01 4.087576e+01 4.088348e+01 4.089120e+01 4.089893e+01 4.090665e+01 4.091437e+01 4.092207e+01 4.092979e+01 4.093750e+01 4.094521e+01 4.095290e+01 4.096060e+01 4.096829e+01 4.097600e+01 4.098369e+01 4.099138e+01 4.099905e+01 4.100674e+01 4.101442e+01 4.102211e+01 4.102979e+01 4.103746e+01 4.104512e+01 4.105280e+01 4.106046e+01 4.106812e+01 4.107579e+01 4.108344e+01 4.109109e+01 4.109875e+01 4.110640e+01 4.111404e+01 4.112169e+01 4.112933e+01 4.113698e+01 4.114462e+01 4.115225e+01 4.115988e+01 4.116751e+01 4.117514e+01 4.118277e+01 4.119038e+01 4.119801e+01 4.120563e+01 4.121324e+01 4.122086e+01 4.122847e+01 4.123607e+01 4.124368e+01 4.125128e+01 4.125888e+01 4.126648e+01 4.127408e+01 4.128166e+01 4.128925e+01 4.129684e+01 4.130443e+01 4.131201e+01 4.131958e+01 4.132716e+01 4.133473e+01 4.134232e+01 4.134988e+01 4.135745e+01 4.136501e+01 4.137257e+01 4.138013e+01 4.138770e+01 4.139525e+01 4.140280e+01 4.141035e+01 4.141789e+01 4.142545e+01 4.143298e+01 4.144052e+01 4.144806e+01 4.145560e+01 4.146312e+01 4.147066e+01 4.147818e+01 4.148570e+01 4.149323e+01 4.150075e+01 4.150827e+01 4.151578e+01 4.152330e+01 4.153081e+01 4.153831e+01 4.154582e+01 4.155331e+01 4.156082e+01 4.156831e+01 4.157582e+01 4.158331e+01 4.159081e+01 4.159828e+01 4.160577e+01 4.161325e+01 4.162074e+01 4.162822e+01 4.163570e+01 4.164316e+01 4.165063e+01 4.165810e+01 4.166557e+01 4.167303e+01 4.168050e+01 4.168796e+01 4.169540e+01 4.170287e+01 4.171031e+01 4.171776e+01 4.172520e+01 4.173265e+01 4.174010e+01 4.174753e+01 4.175497e+01 4.176241e+01 4.176984e+01 4.177727e+01 4.178470e+01 4.179211e+01 4.179955e+01 4.180696e+01 4.181438e+01 4.182179e+01 4.182921e+01 4.183662e+01 4.184402e+01 4.185143e+01 4.185884e+01 4.186624e+01 4.187364e+01 4.188103e+01 4.188843e+01 4.189581e+01 4.190320e+01 4.191058e+01 4.191797e+01 4.192535e+01 4.193274e+01 4.194011e+01 4.194749e+01 4.195486e+01 4.196223e+01 4.196960e+01 4.197696e+01 4.198433e+01 4.199168e+01 4.199904e+01 4.200639e+01 4.201375e+01 4.202110e+01 4.202846e+01 4.203580e+01 4.204314e+01 4.205049e+01 4.205783e+01 4.206516e+01 4.207249e+01 4.207983e+01</incidenceAngle>
        <terrainHeight>2.259800848625000e+03</terrainHeight>
        <roll>3.009117256231481e+01</roll>
      </antennaPattern>
      <antennaPattern>
        <swath>IW2</swath>
        <azimuthTime>2015-05-16T13:34:25.520064</azimuthTime>
        <slantRangeTime count="676">5.646806372877616e-03 5.647392496836635e-03 5.647978620795654e-03 5.648564744754674e-03 5.649150868713693e-03 5.649736992672713e-03 5.650323116631733e-03 5.650909240590751e-03 5.651495364549771e-03 5.652081488508790e-03 5.652667612467809e-03 5.653253736426829e-03 5.653839860385848e-03 5.654425984344868e-03 5.655012108303887e-03 5.655598232262906e-03 5.656184356221925e-03 5.656770480180945e-03 5.657356604139963e-03 5.657942728098983e-03 5.658528852058003e-03 5.659114976017021e-03 5.659701099976042e-03 5.660287223935061e-03 5.660873347894080e-03 5.661459471853100e-03 5.662045595812118e-03 5.662631719771138e-03 5.663217843730157e-03 5.663803967689176e-03 5.664390091648196e-03 5.664976215607215e-03 5.665562339566235e-03 5.666148463525255e-03 5.666734587484274e-03 5.667320711443293e-03 5.667906835402312e-03 5.668492959361331e-03 5.669079083320351e-03 5.669665207279370e-03 5.670251331238389e-03 5.670837455197409e-03 5.671423579156429e-03 5.672009703115448e-03 5.672595827074467e-03 5.673181951033487e-03 5.673768074992506e-03 5.674354198951525e-03 5.674940322910545e-03 5.675526446869563e-03 5.676112570828583e-03 5.676698694787602e-03 5.677284818746622e-03 5.677870942705641e-03 5.678457066664660e-03 5.679043190623679e-03 5.679629314582699e-03 5.680215438541717e-03 5.680801562500737e-03 5.681387686459757e-03 5.681973810418776e-03 5.682559934377795e-03 5.683146058336815e-03 5.683732182295833e-03 5.684318306254853e-03 5.684904430213872e-03 5.685490554172891e-03 5.686076678131910e-03 5.686662802090930e-03 5.687248926049949e-03 5.687835050008969e-03 5.688421173967988e-03 5.689007297927007e-03 5.689593421886026e-03 5.690179545845045e-03 5.690765669804064e-03 5.691351793763084e-03 5.691937917722103e-03 5.692524041681123e-03 5.693110165640142e-03 5.693696289599161e-03 5.694282413558180e-03 5.694868537517200e-03 5.695454661476218e-03 5.696040785435238e-03 5.696626909394258e-03 5.697213033353277e-03 5.697799157312296e-03 5.698385281271316e-03 5.698971405230334e-03 5.699557529189354e-03 5.700143653148373e-03 5.700729777107392e-03 5.701315901066411e-03 5.701902025025431e-03 5.702488148984450e-03 5.703074272943470e-03 5.703660396902488e-03 5.704246520861508e-03 5.704832644820527e-03 5.705418768779546e-03 5.706004892738565e-03 5.706591016697585e-03 5.707177140656604e-03 5.707763264615624e-03 5.708349388574643e-03 5.708935512533662e-03 5.709521636492681e-03 5.710107760451701e-03 5.710693884410719e-03 5.711280008369739e-03 5.711866132328759e-03 5.712452256287778e-03 5.713038380246797e-03 5.713624504205816e-03 5.714210628164835e-03 5.714796752123855e-03 5.715382876082874e-03 5.715969000041893e-03 5.716555124000912e-03 5.717141247959932e-03 5.717727371918951e-03 5.718313495877971e-03 5.718899619836989e-03 5.719485743796009e-03 5.720071867755028e-03 5.720657991714047e-03 5.721244115673066e-03 5.721830239632086e-03 5.722416363591105e-03 5.723002487550125e-03 5.723588611509144e-03 5.724174735468163e-03 5.724760859427182e-03 5.725346983386202e-03 5.725933107345220e-03 5.726519231304240e-03 5.727105355263259e-03 5.727691479222279e-03 5.728277603181298e-03 5.728863727140317e-03 5.729449851099336e-03 5.730035975058356e-03 5.730622099017374e-03 5.731208222976394e-03 5.731794346935413e-03 5.732380470894433e-03 5.732966594853452e-03 5.733552718812472e-03 5.734138842771490e-03 5.734724966730510e-03 5.735311090689529e-03 5.735897214648548e-03 5.736483338607567e-03 5.737069462566587e-03 5.737655586525606e-03 5.738241710484626e-03 5.738827834443645e-03 5.739413958402664e-03 5.740000082361683e-03 5.740586206320702e-03 5.741172330279721e-03 5.741758454238741e-03 5.742344578197760e-03 5.742930702156780e-03 5.743516826115799e-03 5.744102950074818e-03 5.744689074033837e-03 5.745275197992857e-03 5.745861321951875e-03 5.746447445910895e-03 5.747033569869914e-03 5.747619693828934e-03 5.748205817787953e-03 5.748791941746973e-03 5.749378065705991e-03 5.749964189665011e-03 5.750550313624030e-03 5.751136437583049e-03 5.751722561542068e-03 5.752308685501088e-03 5.752894809460107e-03 5.753480933419127e-03 5.754067057378145e-03 5.754653181337165e-03 5.755239305296184e-03 5.755825429255203e-03 5.756411553214222e-03 5.756997677173242e-03 5.757583801132261e-03 5.758169925091282e-03 5.758756049050301e-03 5.759342173009321e-03 5.759928296968341e-03 5.760514420927360e-03 5.761100544886380e-03 5.761686668845399e-03 5.762272792804419e-03 5.762858916763439e-03 5.763445040722458e-03 5.764031164681478e-03 5.764617288640497e-03 5.765203412599517e-03 5.765789536558537e-03 5.766375660517556e-03 5.766961784476576e-03 5.767547908435596e-03 5.768134032394616e-03 5.768720156353636e-03 5.769306280312655e-03 5.769892404271675e-03 5.770478528230694e-03 5.771064652189714e-03 5.771650776148734e-03 5.772236900107753e-03 5.772823024066773e-03 5.773409148025792e-03 5.773995271984812e-03 5.774581395943832e-03 5.775167519902851e-03 5.775753643861871e-03 5.776339767820890e-03 5.776925891779911e-03 5.777512015738930e-03 5.778098139697950e-03 5.778684263656970e-03 5.779270387615989e-03 5.779856511575009e-03 5.780442635534028e-03 5.781028759493048e-03 5.781614883452068e-03 5.782201007411087e-03 5.782787131370107e-03 5.783373255329126e-03 5.783959379288146e-03 5.784545503247166e-03 5.785131627206185e-03 5.785717751165205e-03 5.786303875124225e-03 5.786889999083245e-03 5.787476123042264e-03 5.788062247001284e-03 5.788648370960304e-03 5.789234494919323e-03 5.789820618878343e-03 5.790406742837362e-03 5.790992866796382e-03 5.791578990755402e-03 5.792165114714421e-03 5.792751238673441e-03 5.793337362632460e-03 5.793923486591480e-03 5.794509610550500e-03 5.795095734509519e-03 5.795681858468540e-03 5.796267982427559e-03 5.796854106386579e-03 5.797440230345599e-03 5.798026354304618e-03 5.798612478263638e-03 5.799198602222657e-03 5.799784726181677e-03 5.800370850140697e-03 5.800956974099716e-03 5.801543098058736e-03 5.802129222017755e-03 5.802715345976775e-03 5.803301469935795e-03 5.803887593894814e-03 5.804473717853835e-03 5.805059841812854e-03 5.805645965771874e-03 5.806232089730893e-03 5.806818213689913e-03 5.807404337648933e-03 5.807990461607952e-03 5.808576585566972e-03 5.809162709525991e-03 5.809748833485011e-03 5.810334957444031e-03 5.810921081403050e-03 5.811507205362070e-03 5.812093329321089e-03 5.812679453280109e-03 5.813265577239129e-03 5.813851701198149e-03 5.814437825157169e-03 5.815023949116188e-03 5.815610073075208e-03 5.816196197034228e-03 5.816782320993247e-03 5.817368444952267e-03 5.817954568911286e-03 5.818540692870306e-03 5.819126816829326e-03 5.819712940788345e-03 5.820299064747365e-03 5.820885188706384e-03 5.821471312665404e-03 5.822057436624424e-03 5.822643560583443e-03 5.823229684542464e-03 5.823815808501483e-03 5.824401932460503e-03 5.824988056419522e-03 5.825574180378542e-03 5.826160304337562e-03 5.826746428296581e-03 5.827332552255601e-03 5.827918676214620e-03 5.828504800173640e-03 5.829090924132660e-03 5.829677048091679e-03 5.830263172050699e-03 5.830849296009718e-03 5.831435419968738e-03 5.832021543927758e-03 5.832607667886778e-03 5.833193791845798e-03 5.833779915804817e-03 5.834366039763837e-03 5.834952163722856e-03 5.835538287681876e-03 5.836124411640896e-03 5.836710535599915e-03 5.837296659558935e-03 5.837882783517954e-03 5.838468907476974e-03 5.839055031435994e-03 5.839641155395013e-03 5.840227279354033e-03 5.840813403313052e-03 5.841399527272073e-03 5.841985651231093e-03 5.842571775190112e-03 5.843157899149132e-03 5.843744023108151e-03 5.844330147067171e-03 5.844916271026191e-03 5.845502394985210e-03 5.846088518944230e-03 5.846674642903249e-03 5.847260766862269e-03 5.847846890821289e-03 5.848433014780308e-03 5.849019138739328e-03 5.849605262698347e-03 5.850191386657367e-03 5.850777510616387e-03 5.851363634575407e-03 5.851949758534427e-03 5.852535882493446e-03 5.853122006452466e-03 5.853708130411485e-03 5.854294254370505e-03 5.854880378329525e-03 5.855466502288544e-03 5.856052626247564e-03 5.856638750206583e-03 5.857224874165603e-03 5.857810998124623e-03 5.858397122083642e-03 5.858983246042662e-03 5.859569370001681e-03 5.860155493960702e-03 5.860741617919722e-03 5.861327741878741e-03 5.861913865837761e-03 5.862499989796780e-03 5.863086113755800e-03 5.863672237714820e-03 5.864258361673839e-03 5.864844485632859e-03 5.865430609591878e-03 5.866016733550898e-03 5.866602857509918e-03 5.867188981468937e-03 5.867775105427957e-03 5.868361229386976e-03 5.868947353345996e-03 5.869533477305016e-03 5.870119601264036e-03 5.870705725223056e-03 5.871291849182075e-03 5.871877973141095e-03 5.872464097100114e-03 5.873050221059134e-03 5.873636345018154e-03 5.874222468977173e-03 5.874808592936193e-03 5.875394716895212e-03 5.875980840854232e-03 5.876566964813252e-03 5.877153088772271e-03 5.877739212731291e-03 5.878325336690310e-03 5.878911460649331e-03 5.879497584608350e-03 5.880083708567370e-03 5.880669832526390e-03 5.881255956485409e-03 5.881842080444429e-03 5.882428204403448e-03 5.883014328362468e-03 5.883600452321488e-03 5.884186576280507e-03 5.884772700239527e-03 5.885358824198546e-03 5.885944948157566e-03 5.886531072116586e-03 5.887117196075605e-03 5.887703320034626e-03 5.888289443993645e-03 5.888875567952665e-03 5.889461691911685e-03 5.890047815870704e-03 5.890633939829724e-03 5.891220063788743e-03 5.891806187747763e-03 5.892392311706783e-03 5.892978435665802e-03 5.893564559624822e-03 5.894150683583841e-03 5.894736807542861e-03 5.895322931501881e-03 5.895909055460900e-03 5.896495179419920e-03 5.897081303378940e-03 5.897667427337960e-03 5.898253551296979e-03 5.898839675255999e-03 5.899425799215019e-03 5.900011923174038e-03 5.900598047133058e-03 5.901184171092077e-03 5.901770295051097e-03 5.902356419010117e-03 5.902942542969136e-03 5.903528666928156e-03 5.904114790887175e-03 5.904700914846195e-03 5.905287038805215e-03 5.905873162764234e-03 5.906459286723255e-03 5.907045410682274e-03 5.907631534641294e-03 5.908217658600314e-03 5.908803782559333e-03 5.909389906518353e-03 5.909976030477372e-03 5.910562154436392e-03 5.911148278395412e-03 5.911734402354431e-03 5.912320526313451e-03 5.912906650272470e-03 5.913492774231490e-03 5.914078898190510e-03 5.914665022149529e-03 5.915251146108549e-03 5.915837270067569e-03 5.916423394026589e-03 5.917009517985608e-03 5.917595641944628e-03 5.918181765903648e-03 5.918767889862667e-03 5.919354013821687e-03 5.919940137780706e-03 5.920526261739726e-03 5.921112385698746e-03 5.921698509657765e-03 5.922284633616785e-03 5.922870757575804e-03 5.923456881534824e-03 5.924043005493844e-03 5.924629129452863e-03 5.925215253411884e-03 5.925801377370903e-03 5.926387501329923e-03 5.926973625288942e-03 5.927559749247962e-03 5.928145873206982e-03 5.928731997166001e-03 5.929318121125021e-03 5.929904245084040e-03 5.930490369043060e-03 5.931076493002080e-03 5.931662616961099e-03 5.932248740920119e-03 5.932834864879138e-03 5.933420988838158e-03 5.934007112797179e-03 5.934593236756198e-03 5.935179360715218e-03 5.935765484674237e-03 5.936351608633257e-03 5.936937732592277e-03 5.937523856551296e-03 5.938109980510316e-03 5.938696104469335e-03 5.939282228428355e-03 5.939868352387375e-03 5.940454476346394e-03 5.941040600305414e-03 5.941626724264433e-03 5.942212848223453e-03 5.942798972182473e-03 5.943385096141493e-03 5.943971220100513e-03 5.944557344059532e-03 5.945143468018552e-03 5.945729591977571e-03 5.946315715936591e-03 5.946901839895611e-03 5.947487963854630e-03 5.948074087813650e-03 5.948660211772669e-03 5.949246335731689e-03 5.949832459690709e-03 5.950418583649728e-03 5.951004707608748e-03 5.951590831567767e-03 5.952176955526787e-03 5.952763079485807e-03 5.953349203444827e-03 5.953935327403847e-03 5.954521451362866e-03 5.955107575321886e-03 5.955693699280906e-03 5.956279823239925e-03 5.956865947198945e-03 5.957452071157964e-03 5.958038195116984e-03 5.958624319076004e-03 5.959210443035023e-03 5.959796566994043e-03 5.960382690953062e-03 5.960968814912082e-03 5.961554938871102e-03 5.962141062830122e-03 5.962727186789142e-03 5.963313310748161e-03 5.963899434707181e-03 5.964485558666200e-03 5.965071682625220e-03 5.965657806584240e-03 5.966243930543259e-03 5.966830054502279e-03 5.967416178461298e-03 5.968002302420318e-03 5.968588426379338e-03 5.969174550338357e-03 5.969760674297377e-03 5.970346798256396e-03 5.970932922215416e-03 5.971519046174436e-03 5.972105170133456e-03 5.972691294092476e-03 5.973277418051495e-03 5.973863542010515e-03 5.974449665969534e-03 5.975035789928554e-03 5.975621913887574e-03 5.976208037846593e-03 5.976794161805613e-03 5.977380285764632e-03 5.977966409723652e-03 5.978552533682672e-03 5.979138657641691e-03 5.979724781600711e-03 5.980310905559731e-03 5.980897029518751e-03 5.981483153477771e-03 5.982069277436790e-03 5.982655401395810e-03 5.983241525354829e-03 5.983827649313849e-03 5.984413773272869e-03 5.984999897231888e-03 5.985586021190908e-03 5.986172145149927e-03 5.986758269108947e-03 5.987344393067967e-03 5.987930517026986e-03 5.988516640986006e-03 5.989102764945025e-03 5.989688888904046e-03 5.990275012863065e-03 5.990861136822085e-03 5.991447260781105e-03 5.992033384740124e-03 5.992619508699144e-03 5.993205632658163e-03 5.993791756617183e-03 5.994377880576203e-03 5.994964004535222e-03 5.995550128494242e-03 5.996136252453261e-03 5.996722376412281e-03 5.997308500371301e-03 5.997894624330320e-03 5.998480748289340e-03 5.999066872248360e-03 5.999652996207380e-03 6.000239120166399e-03 6.000825244125419e-03 6.001411368084439e-03 6.001997492043458e-03 6.002583616002478e-03 6.003169739961497e-03 6.003755863920517e-03 6.004341987879537e-03 6.004928111838556e-03 6.005514235797576e-03 6.006100359756596e-03 6.006686483715615e-03 6.007272607674635e-03 6.007858731633654e-03 6.008444855592675e-03 6.009030979551694e-03 6.009617103510714e-03 6.010203227469734e-03 6.010789351428753e-03 6.011375475387773e-03 6.011961599346792e-03 6.012547723305812e-03 6.013133847264832e-03 6.013719971223851e-03 6.014306095182871e-03 6.014892219141890e-03 6.015478343100910e-03 6.016064467059930e-03 6.016650591018949e-03 6.017236714977970e-03 6.017822838936989e-03 6.018408962896009e-03 6.018995086855028e-03 6.019581210814048e-03 6.020167334773068e-03 6.020753458732087e-03 6.021339582691107e-03 6.021925706650126e-03 6.022511830609146e-03 6.023097954568166e-03 6.023684078527185e-03 6.024270202486205e-03 6.024856326445224e-03 6.025442450404244e-03 6.026028574363264e-03 6.026614698322284e-03 6.027200822281304e-03 6.027786946240323e-03 6.028373070199343e-03 6.028959194158363e-03 6.029545318117382e-03 6.030131442076402e-03 6.030717566035421e-03 6.031303689994441e-03 6.031889813953461e-03 6.032475937912480e-03 6.033062061871500e-03 6.033648185830519e-03 6.034234309789539e-03 6.034820433748559e-03 6.035406557707578e-03 6.035992681666599e-03 6.036578805625618e-03 6.037164929584638e-03 6.037751053543657e-03 6.038337177502677e-03 6.038923301461697e-03 6.039509425420716e-03 6.040095549379736e-03 6.040681673338755e-03 6.041267797297775e-03 6.041853921256795e-03 6.042440045215814e-03</slantRangeTime>
        <elevationAngle count="676">3.240759e+01 3.241562e+01 3.242365e+01 3.243167e+01 3.243969e+01 3.244770e+01 3.245571e+01 3.246372e+01 3.247172e+01 3.247972e+01 3.248772e+01 3.249571e+01 3.250370e+01 3.251168e+01 3.251967e+01 3.252765e+01 3.253562e+01 3.254359e+01 3.255156e+01 3.255953e+01 3.256749e+01 3.257545e+01 3.258340e+01 3.259135e+01 3.259930e+01 3.260724e+01 3.261518e+01 3.262312e+01 3.263105e+01 3.263898e+01 3.264691e+01 3.265483e+01 3.266275e+01 3.267067e+01 3.267858e+01 3.268649e+01 3.269439e+01 3.270229e+01 3.271019e+01 3.271809e+01 3.272598e+01 3.273387e+01 3.274175e+01 3.274963e+01 3.275751e+01 3.276538e+01 3.277325e+01 3.278112e+01 3.278899e+01 3.279684e+01 3.280470e+01 3.281256e+01 3.282041e+01 3.282825e+01 3.283610e+01 3.284394e+01 3.285177e+01 3.285961e+01 3.286744e+01 3.287526e+01 3.288309e+01 3.289090e+01 3.289872e+01 3.290653e+01 3.291434e+01 3.292215e+01 3.292995e+01 3.293775e+01 3.294555e+01 3.295334e+01 3.296113e+01 3.296891e+01 3.297670e+01 3.298447e+01 3.299225e+01 3.300002e+01 3.300779e+01 3.301556e+01 3.302332e+01 3.303108e+01 3.303883e+01 3.304659e+01 3.305434e+01 3.306208e+01 3.306982e+01 3.307756e+01 3.308530e+01 3.309303e+01 3.310076e+01 3.310848e+01 3.311621e+01 3.312392e+01 3.313164e+01 3.313935e+01 3.314706e+01 3.315477e+01 3.316247e+01 3.317017e+01 3.317786e+01 3.318556e+01 3.319324e+01 3.320093e+01 3.320861e+01 3.321629e+01 3.322397e+01 3.323164e+01 3.323931e+01 3.324698e+01 3.325464e+01 3.326230e+01 3.326996e+01 3.327761e+01 3.328526e+01 3.329291e+01 3.330055e+01 3.330819e+01 3.331583e+01 3.332346e+01 3.333109e+01 3.333872e+01 3.334634e+01 3.335397e+01 3.336158e+01 3.336920e+01 3.337681e+01 3.338441e+01 3.339202e+01 3.339962e+01 3.340722e+01 3.341481e+01 3.342241e+01 3.343000e+01 3.343758e+01 3.344516e+01 3.345274e+01 3.346032e+01 3.346789e+01 3.347546e+01 3.348302e+01 3.349059e+01 3.349815e+01 3.350570e+01 3.351326e+01 3.352081e+01 3.352835e+01 3.353590e+01 3.354344e+01 3.355098e+01 3.355851e+01 3.356604e+01 3.357357e+01 3.358110e+01 3.358862e+01 3.359614e+01 3.360365e+01 3.361116e+01 3.361867e+01 3.362618e+01 3.363368e+01 3.364118e+01 3.364868e+01 3.365617e+01 3.366366e+01 3.367115e+01 3.367863e+01 3.368612e+01 3.369359e+01 3.370107e+01 3.370854e+01 3.371601e+01 3.372347e+01 3.373093e+01 3.373840e+01 3.374585e+01 3.375330e+01 3.376075e+01 3.376820e+01 3.377564e+01 3.378308e+01 3.379052e+01 3.379795e+01 3.380539e+01 3.381282e+01 3.382024e+01 3.382766e+01 3.383508e+01 3.384250e+01 3.384991e+01 3.385732e+01 3.386473e+01 3.387213e+01 3.387953e+01 3.388693e+01 3.389433e+01 3.390171e+01 3.390910e+01 3.391649e+01 3.392387e+01 3.393125e+01 3.393863e+01 3.394600e+01 3.395337e+01 3.396074e+01 3.396810e+01 3.397546e+01 3.398282e+01 3.399018e+01 3.399753e+01 3.400488e+01 3.401222e+01 3.401957e+01 3.402691e+01 3.403424e+01 3.404158e+01 3.404891e+01 3.405624e+01 3.406356e+01 3.407088e+01 3.407820e+01 3.408552e+01 3.409283e+01 3.410014e+01 3.410745e+01 3.411475e+01 3.412206e+01 3.412935e+01 3.413665e+01 3.414394e+01 3.415123e+01 3.415851e+01 3.416580e+01 3.417308e+01 3.418036e+01 3.418763e+01 3.419490e+01 3.420217e+01 3.420943e+01 3.421670e+01 3.422396e+01 3.423121e+01 3.423846e+01 3.424572e+01 3.425296e+01 3.426021e+01 3.426745e+01 3.427469e+01 3.428193e+01 3.428916e+01 3.429639e+01 3.430362e+01 3.431084e+01 3.431806e+01 3.432528e+01 3.433250e+01 3.433971e+01 3.434692e+01 3.435413e+01 3.436133e+01 3.436853e+01 3.437573e+01 3.438292e+01 3.439011e+01 3.439730e+01 3.440449e+01 3.441167e+01 3.441886e+01 3.442603e+01 3.443321e+01 3.444038e+01 3.444755e+01 3.445472e+01 3.446188e+01 3.446904e+01 3.447620e+01 3.448335e+01 3.449051e+01 3.449765e+01 3.450480e+01 3.451194e+01 3.451908e+01 3.452622e+01 3.453336e+01 3.454049e+01 3.454762e+01 3.455474e+01 3.456187e+01 3.456898e+01 3.457610e+01 3.458322e+01 3.459033e+01 3.459744e+01 3.460455e+01 3.461165e+01 3.461875e+01 3.462585e+01 3.463294e+01 3.464004e+01 3.464713e+01 3.465421e+01 3.466130e+01 3.466838e+01 3.467545e+01 3.468253e+01 3.468960e+01 3.469667e+01 3.470374e+01 3.471080e+01 3.471786e+01 3.472492e+01 3.473198e+01 3.473903e+01 3.474608e+01 3.475313e+01 3.476017e+01 3.476722e+01 3.477425e+01 3.478129e+01 3.478832e+01 3.479535e+01 3.480238e+01 3.480941e+01 3.481643e+01 3.482345e+01 3.483046e+01 3.483748e+01 3.484449e+01 3.485150e+01 3.485851e+01 3.486551e+01 3.487251e+01 3.487951e+01 3.488650e+01 3.489349e+01 3.490048e+01 3.490747e+01 3.491445e+01 3.492143e+01 3.492841e+01 3.493538e+01 3.494236e+01 3.494933e+01 3.495630e+01 3.496326e+01 3.497022e+01 3.497718e+01 3.498413e+01 3.499109e+01 3.499804e+01 3.500499e+01 3.501193e+01 3.501888e+01 3.502582e+01 3.503275e+01 3.503969e+01 3.504662e+01 3.505355e+01 3.506047e+01 3.506740e+01 3.507432e+01 3.508124e+01 3.508815e+01 3.509507e+01 3.510198e+01 3.510889e+01 3.511579e+01 3.512269e+01 3.512959e+01 3.513649e+01 3.514338e+01 3.515027e+01 3.515716e+01 3.516405e+01 3.517093e+01 3.517781e+01 3.518469e+01 3.519157e+01 3.519844e+01 3.520531e+01 3.521218e+01 3.521904e+01 3.522591e+01 3.523277e+01 3.523962e+01 3.524648e+01 3.525333e+01 3.526017e+01 3.526702e+01 3.527386e+01 3.528070e+01 3.528754e+01 3.529438e+01 3.530121e+01 3.530804e+01 3.531487e+01 3.532170e+01 3.532852e+01 3.533534e+01 3.534216e+01 3.534897e+01 3.535578e+01 3.536259e+01 3.536940e+01 3.537621e+01 3.538301e+01 3.538980e+01 3.539660e+01 3.540339e+01 3.541019e+01 3.541697e+01 3.542376e+01 3.543054e+01 3.543732e+01 3.544410e+01 3.545088e+01 3.545765e+01 3.546442e+01 3.547119e+01 3.547795e+01 3.548472e+01 3.549148e+01 3.549823e+01 3.550499e+01 3.551174e+01 3.551849e+01 3.552524e+01 3.553198e+01 3.553872e+01 3.554546e+01 3.555220e+01 3.555893e+01 3.556567e+01 3.557240e+01 3.557912e+01 3.558585e+01 3.559257e+01 3.559929e+01 3.560600e+01 3.561272e+01 3.561943e+01 3.562614e+01 3.563284e+01 3.563955e+01 3.564625e+01 3.565295e+01 3.565964e+01 3.566634e+01 3.567303e+01 3.567971e+01 3.568640e+01 3.569308e+01 3.569976e+01 3.570644e+01 3.571312e+01 3.571979e+01 3.572646e+01 3.573313e+01 3.573980e+01 3.574646e+01 3.575312e+01 3.575978e+01 3.576643e+01 3.577309e+01 3.577974e+01 3.578638e+01 3.579303e+01 3.579967e+01 3.580632e+01 3.581295e+01 3.581959e+01 3.582622e+01 3.583285e+01 3.583948e+01 3.584610e+01 3.585273e+01 3.585935e+01 3.586597e+01 3.587258e+01 3.587920e+01 3.588581e+01 3.589241e+01 3.589902e+01 3.590562e+01 3.591222e+01 3.591882e+01 3.592542e+01 3.593201e+01 3.593860e+01 3.594519e+01 3.595178e+01 3.595836e+01 3.596494e+01 3.597152e+01 3.597810e+01 3.598467e+01 3.599124e+01 3.599781e+01 3.600438e+01 3.601094e+01 3.601750e+01 3.602406e+01 3.603062e+01 3.603717e+01 3.604372e+01 3.605027e+01 3.605682e+01 3.606336e+01 3.606990e+01 3.607644e+01 3.608298e+01 3.608952e+01 3.609605e+01 3.610258e+01 3.610910e+01 3.611563e+01 3.612215e+01 3.612867e+01 3.613519e+01 3.614170e+01 3.614822e+01 3.615473e+01 3.616124e+01 3.616774e+01 3.617424e+01 3.618074e+01 3.618724e+01 3.619374e+01 3.620023e+01 3.620673e+01 3.621321e+01 3.621970e+01 3.622618e+01 3.623267e+01 3.623914e+01 3.624562e+01 3.625209e+01 3.625857e+01 3.626504e+01 3.627150e+01 3.627797e+01 3.628443e+01 3.629089e+01 3.629735e+01 3.630381e+01 3.631026e+01 3.631671e+01 3.632316e+01 3.632960e+01 3.633604e+01 3.634249e+01 3.634893e+01 3.635536e+01 3.636180e+01 3.636823e+01 3.637466e+01 3.638108e+01 3.638751e+01 3.639393e+01 3.640035e+01 3.640677e+01 3.641319e+01 3.641960e+01 3.642601e+01 3.643242e+01 3.643882e+01 3.644522e+01 3.645163e+01 3.645802e+01 3.646442e+01 3.647081e+01 3.647721e+01 3.648360e+01 3.648998e+01 3.649637e+01 3.650275e+01 3.650913e+01 3.651551e+01 3.652188e+01 3.652826e+01 3.653463e+01 3.654100e+01 3.654736e+01 3.655373e+01 3.656009e+01 3.656645e+01 3.657280e+01 3.657916e+01 3.658551e+01 3.659186e+01 3.659821e+01 3.660455e+01 3.661090e+01 3.661724e+01 3.662358e+01 3.662991e+01 3.663625e+01 3.664258e+01 3.664891e+01 3.665524e+01 3.666156e+01 3.666788e+01 3.667420e+01 3.668052e+01 3.668684e+01 3.669315e+01 3.669946e+01 3.670577e+01 3.671207e+01 3.671838e+01 3.672468e+01 3.673098e+01 3.673728e+01 3.674357e+01 3.674987e+01 3.675616e+01 3.676244e+01 3.676873e+01 3.677501e+01 3.678130e+01 3.678757e+01 3.679385e+01 3.680013e+01 3.680640e+01 3.681267e+01 3.681894e+01 3.682520e+01 3.683147e+01 3.683773e+01 3.684399e+01 3.685024e+01 3.685650e+01 3.686275e+01 3.686900e+01 3.687525e+01 3.688149e+01 3.688774e+01 3.689398e+01 3.690022e+01 3.690645e+01 3.691269e+01 3.691892e+01 3.692515e+01 3.693138e+01 3.693760e+01 3.694382e+01 3.695005e+01 3.695626e+01 3.696248e+01 3.696870e+01 3.697491e+01 3.698112e+01 3.698733e+01 3.699353e+01 3.699974e+01 3.700594e+01 3.701213e+01 3.701833e+01 3.702452e+01 3.703072e+01 3.703691e+01 3.704310e+01 3.704928e+01 3.705547e+01 3.706165e+01 3.706783e+01 3.707400e+01 3.708018e+01 3.708635e+01 3.709252e+01 3.709869e+01 3.710485e+01 3.711102e+01 3.711718e+01 3.712334e+01 3.712950e+01 3.713565e+01 3.714180e+01</elevationAngle>
        <elevationPattern count="676">-3.079900e+13 2.761855e+14 -3.087607e+13 2.779517e+14 -3.095311e+13 2.797172e+14 -3.103012e+13 2.814819e+14 -3.110709e+13 2.832459e+14 -3.117027e+13 2.849998e+14 -3.122313e+13 2.867461e+14 -3.127598e+13 2.884917e+14 -3.132881e+13 2.902365e+14 -3.138161e+13 2.919805e+14 -3.143439e+13 2.937238e+14 -3.147831e+13 2.954714e+14 -3.150388e+13 2.972291e+14 -3.152943e+13 2.989860e+14 -3.155498e+13 3.007420e+14 -3.158050e+13 3.024974e+14 -3.160603e+13 3.042519e+14 -3.162971e+13 3.060057e+14 -3.162493e+13 3.077587e+14 -3.162014e+13 3.095109e+14 -3.161538e+13 3.112625e+14 -3.161060e+13 3.130132e+14 -3.160583e+13 3.147631e+14 -3.160106e+13 3.165122e+14 -3.157279e+13 3.182483e+14 -3.153784e+13 3.199800e+14 -3.150290e+13 3.217109e+14 -3.146798e+13 3.234410e+14 -3.143307e+13 3.251705e+14 -3.139818e+13 3.268992e+14 -3.134738e+13 3.286272e+14 -3.127924e+13 3.303543e+14 -3.121113e+13 3.320807e+14 -3.114306e+13 3.338064e+14 -3.107501e+13 3.355312e+14 -3.100700e+13 3.372553e+14 -3.093364e+13 3.389785e+14 -3.083250e+13 3.407013e+14 -3.073139e+13 3.424230e+14 -3.063034e+13 3.441442e+14 -3.052933e+13 3.458645e+14 -3.042837e+13 3.475841e+14 -3.032745e+13 3.493029e+14 -3.019528e+13 3.510080e+14 -3.005663e+13 3.527096e+14 -2.991804e+13 3.544103e+14 -2.977952e+13 3.561105e+14 -2.964105e+13 3.578098e+14 -2.950265e+13 3.595084e+14 -2.934639e+13 3.611988e+14 -2.917039e+13 3.628803e+14 -2.899446e+13 3.645609e+14 -2.881862e+13 3.662408e+14 -2.864285e+13 3.679200e+14 -2.846716e+13 3.695985e+14 -2.828742e+13 3.712746e+14 -2.807270e+13 3.729360e+14 -2.785808e+13 3.745966e+14 -2.764355e+13 3.762565e+14 -2.742911e+13 3.779158e+14 -2.721475e+13 3.795741e+14 -2.700050e+13 3.812319e+14 -2.675830e+13 3.828665e+14 -2.650516e+13 3.844915e+14 -2.625214e+13 3.861159e+14 -2.599923e+13 3.877395e+14 -2.574643e+13 3.893625e+14 -2.549373e+13 3.909847e+14 -2.522800e+13 3.926014e+14 -2.493345e+13 3.942067e+14 -2.463901e+13 3.958111e+14 -2.434472e+13 3.974151e+14 -2.405055e+13 3.990182e+14 -2.375651e+13 4.006208e+14 -2.346258e+13 4.022224e+14 -2.313010e+13 4.038097e+14 -2.279292e+13 4.053944e+14 -2.245590e+13 4.069788e+14 -2.211902e+13 4.085622e+14 -2.178229e+13 4.101450e+14 -2.144569e+13 4.117270e+14 -2.109049e+13 4.132877e+14 -2.071235e+13 4.148219e+14 -2.033438e+13 4.163557e+14 -1.995655e+13 4.178885e+14 -1.957890e+13 4.194209e+14 -1.920140e+13 4.209523e+14 -1.882407e+13 4.224834e+14 -1.840256e+13 4.239984e+14 -1.798076e+13 4.255128e+14 -1.755912e+13 4.270263e+14 -1.713767e+13 4.285392e+14 -1.671639e+13 4.300513e+14 -1.629530e+13 4.315629e+14 -1.585149e+13 4.330581e+14 -1.538607e+13 4.345377e+14 -1.492085e+13 4.360167e+14 -1.445582e+13 4.374946e+14 -1.399100e+13 4.389724e+14 -1.352637e+13 4.404494e+14 -1.306119e+13 4.419250e+14 -1.255408e+13 4.433701e+14 -1.204718e+13 4.448143e+14 -1.154049e+13 4.462581e+14 -1.103403e+13 4.477013e+14 -1.052778e+13 4.491437e+14 -1.002174e+13 4.505855e+14 -9.493038e+12 4.520114e+14 -8.942067e+12 4.534213e+14 -8.391334e+12 4.548307e+14 -7.840834e+12 4.562394e+14 -7.290570e+12 4.576477e+14 -6.740540e+12 4.590553e+14 -6.190744e+12 4.604622e+14 -5.597741e+12 4.618239e+14 -5.003794e+12 4.631840e+14 -4.410100e+12 4.645435e+14 -3.816656e+12 4.659022e+14 -3.223465e+12 4.672604e+14 -2.630526e+12 4.686180e+14 -2.019359e+12 4.699622e+14 -1.383332e+12 4.712882e+14 -7.475754e+11 4.726136e+14 -1.120880e+11 4.739385e+14 5.231301e+11 4.752628e+14 1.158079e+12 4.765864e+14 1.792759e+12 4.779097e+14 2.464788e+12 4.791934e+14 3.142848e+12 4.804698e+14 3.820622e+12 4.817457e+14 4.498111e+12 4.830212e+14 5.175311e+12 4.842962e+14 5.852227e+12 4.855704e+14 6.540414e+12 4.868361e+14 7.259502e+12 4.880791e+14 7.978287e+12 4.893214e+14 8.696768e+12 4.905633e+14 9.414948e+12 4.918047e+14 1.013283e+13 4.930455e+14 1.085040e+13 4.942858e+14 1.159546e+13 4.954954e+14 1.235414e+13 4.966893e+14 1.311251e+13 4.978829e+14 1.387055e+13 4.990758e+14 1.462828e+13 5.002681e+14 1.538569e+13 5.014602e+14 1.614460e+13 5.026501e+14 1.694358e+13 5.038110e+14 1.774223e+13 5.049715e+14 1.854054e+13 5.061312e+14 1.933852e+13 5.072905e+14 2.013616e+13 5.084492e+14 2.093347e+13 5.096077e+14 2.174615e+13 5.107473e+14 2.258188e+13 5.118597e+14 2.341724e+13 5.129714e+14 2.425226e+13 5.140828e+14 2.508693e+13 5.151938e+14 2.592125e+13 5.163042e+14 2.675522e+13 5.174140e+14 2.761668e+13 5.184791e+14 2.848741e+13 5.195281e+14 2.935780e+13 5.205768e+14 3.022782e+13 5.216252e+14 3.109747e+13 5.226730e+14 3.196676e+13 5.237202e+14 3.283818e+13 5.247652e+14 3.374561e+13 5.257817e+14 3.465266e+13 5.267978e+14 3.555935e+13 5.278137e+14 3.646565e+13 5.288289e+14 3.737157e+13 5.298438e+14 3.827711e+13 5.308582e+14 3.919487e+13 5.318557e+14 4.013395e+13 5.328248e+14 4.107263e+13 5.337931e+14 4.201093e+13 5.347612e+14 4.294883e+13 5.357290e+14 4.388636e+13 5.366962e+14 4.482347e+13 5.376630e+14 4.578056e+13 5.386005e+14 4.674813e+13 5.395220e+14 4.771530e+13 5.404432e+14 4.868205e+13 5.413639e+14 4.964843e+13 5.422843e+14 5.061436e+13 5.432041e+14 5.157993e+13 5.441237e+14 5.257636e+13 5.449886e+14 5.357521e+13 5.458481e+14 5.457365e+13 5.467073e+14 5.557167e+13 5.475663e+14 5.656927e+13 5.484246e+14 5.756648e+13 5.492827e+14 5.856786e+13 5.501356e+14 5.959231e+13 5.509634e+14 6.061637e+13 5.517911e+14 6.163997e+13 5.526182e+14 6.266315e+13 5.534449e+14 6.368595e+13 5.542716e+14 6.470829e+13 5.550976e+14 6.574005e+13 5.559003e+14 6.678659e+13 5.566667e+14 6.783275e+13 5.574330e+14 6.887844e+13 5.581987e+14 6.992372e+13 5.589644e+14 7.096859e+13 5.597297e+14 7.201299e+13 5.604946e+14 7.307289e+13 5.612416e+14 7.414288e+13 5.619763e+14 7.521246e+13 5.627110e+14 7.628161e+13 5.634454e+14 7.735029e+13 5.641793e+14 7.841855e+13 5.649129e+14 7.948641e+13 5.656465e+14 8.056767e+13 5.663330e+14 8.165221e+13 5.670073e+14 8.273630e+13 5.676810e+14 8.381996e+13 5.683548e+14 8.490317e+13 5.690281e+14 8.598592e+13 5.697012e+14 8.706826e+13 5.703740e+14 8.816137e+13 5.710043e+14 8.925451e+13 5.716328e+14 9.034720e+13 5.722609e+14 9.143943e+13 5.728890e+14 9.253121e+13 5.735164e+14 9.362253e+13 5.741438e+14 9.471560e+13 5.747660e+14 9.582502e+13 5.753492e+14 9.693396e+13 5.759321e+14 9.804244e+13 5.765147e+14 9.915050e+13 5.770972e+14 1.002581e+14 5.776793e+14 1.013652e+14 5.782612e+14 1.024716e+14 5.788323e+14 1.035764e+14 5.793699e+14 1.046807e+14 5.799076e+14 1.057846e+14 5.804451e+14 1.068881e+14 5.809823e+14 1.079911e+14 5.815194e+14 1.090936e+14 5.820560e+14 1.102061e+14 5.825770e+14 1.113368e+14 5.830697e+14 1.124670e+14 5.835624e+14 1.135967e+14 5.840550e+14 1.147260e+14 5.845473e+14 1.158548e+14 5.850394e+14 1.169831e+14 5.855310e+14 1.181110e+14 5.859965e+14 1.192385e+14 5.864301e+14 1.203655e+14 5.868635e+14 1.214920e+14 5.872968e+14 1.226181e+14 5.877300e+14 1.237437e+14 5.881630e+14 1.248689e+14 5.885955e+14 1.259936e+14 5.889978e+14 1.271179e+14 5.893727e+14 1.282417e+14 5.897472e+14 1.293650e+14 5.901217e+14 1.304880e+14 5.904961e+14 1.316104e+14 5.908701e+14 1.327324e+14 5.912440e+14 1.338539e+14 5.916013e+14 1.349750e+14 5.919461e+14 1.360957e+14 5.922910e+14 1.372158e+14 5.926356e+14 1.383356e+14 5.929802e+14 1.394549e+14 5.933247e+14 1.405737e+14 5.936688e+14 1.417010e+14 5.939686e+14 1.428333e+14 5.942409e+14 1.439650e+14 5.945130e+14 1.450964e+14 5.947853e+14 1.462274e+14 5.950573e+14 1.473578e+14 5.953292e+14 1.484878e+14 5.956010e+14 1.496083e+14 5.958454e+14 1.507231e+14 5.960740e+14 1.518375e+14 5.963026e+14 1.529514e+14 5.965312e+14 1.540648e+14 5.967594e+14 1.551779e+14 5.969878e+14 1.562904e+14 5.972161e+14 1.573935e+14 5.974171e+14 1.584910e+14 5.976025e+14 1.595879e+14 5.977874e+14 1.606845e+14 5.979727e+14 1.617807e+14 5.981579e+14 1.628764e+14 5.983428e+14 1.639716e+14 5.985276e+14 1.650664e+14 5.986778e+14 1.661607e+14 5.988057e+14 1.672547e+14 5.989336e+14 1.683482e+14 5.990616e+14 1.694413e+14 5.991893e+14 1.705339e+14 5.993169e+14 1.716261e+14 5.994448e+14 1.727098e+14 5.995402e+14 1.737869e+14 5.996109e+14 1.748637e+14 5.996818e+14 1.759400e+14 5.997527e+14 1.770158e+14 5.998233e+14 1.780913e+14 5.998943e+14 1.791663e+14 5.999649e+14 1.802267e+14 6.000071e+14 1.812726e+14 6.000214e+14 1.823180e+14 6.000353e+14 1.833631e+14 6.000496e+14 1.844078e+14 6.000637e+14 1.854519e+14 6.000775e+14 1.864958e+14 6.000918e+14 1.875333e+14 6.000881e+14 1.885622e+14 6.000600e+14 1.895907e+14 6.000318e+14 1.906188e+14 6.000037e+14 1.916465e+14 5.999755e+14 1.926737e+14 5.999473e+14 1.937006e+14 5.999194e+14 1.947180e+14 5.998730e+14 1.957160e+14 5.997887e+14 1.967136e+14 5.997045e+14 1.977108e+14 5.996204e+14 1.987075e+14 5.995361e+14 1.997039e+14 5.994519e+14 2.006999e+14 5.993677e+14 2.016927e+14 5.992752e+14 2.026738e+14 5.991491e+14 2.036547e+14 5.990230e+14 2.046351e+14 5.988970e+14 2.056150e+14 5.987709e+14 2.065947e+14 5.986450e+14 2.075739e+14 5.985189e+14 2.085506e+14 5.983895e+14 2.094871e+14 5.981938e+14 2.104233e+14 5.979982e+14 2.113590e+14 5.978025e+14 2.122944e+14 5.976070e+14 2.132295e+14 5.974116e+14 2.141643e+14 5.972165e+14 2.150986e+14 5.970211e+14 2.160077e+14 5.967887e+14 2.169135e+14 5.965518e+14 2.178188e+14 5.963150e+14 2.187239e+14 5.960784e+14 2.196286e+14 5.958417e+14 2.205328e+14 5.956052e+14 2.214369e+14 5.953688e+14 2.223110e+14 5.951032e+14 2.231725e+14 5.948250e+14 2.240337e+14 5.945472e+14 2.248945e+14 5.942693e+14 2.257552e+14 5.939919e+14 2.266154e+14 5.937145e+14 2.274752e+14 5.934370e+14 2.283208e+14 5.931247e+14 2.291523e+14 5.927782e+14 2.299834e+14 5.924319e+14 2.308143e+14 5.920859e+14 2.316449e+14 5.917398e+14 2.324751e+14 5.913938e+14 2.333049e+14 5.910479e+14 2.341188e+14 5.906906e+14 2.348928e+14 5.903036e+14 2.356665e+14 5.899168e+14 2.364398e+14 5.895302e+14 2.372128e+14 5.891435e+14 2.379856e+14 5.887572e+14 2.387580e+14 5.883711e+14 2.395291e+14 5.879822e+14 2.402734e+14 5.875273e+14 2.410173e+14 5.870726e+14 2.417611e+14 5.866183e+14 2.425045e+14 5.861638e+14 2.432476e+14 5.857098e+14 2.439904e+14 5.852558e+14 2.447330e+14 5.848021e+14 2.454220e+14 5.843165e+14 2.460954e+14 5.838221e+14 2.467683e+14 5.833272e+14 2.474411e+14 5.828331e+14 2.481135e+14 5.823390e+14 2.487857e+14 5.818451e+14 2.494577e+14 5.813515e+14 2.501160e+14 5.808378e+14 2.507601e+14 5.803035e+14 2.514039e+14 5.797692e+14 2.520474e+14 5.792351e+14 2.526907e+14 5.787013e+14 2.533337e+14 5.781678e+14 2.539766e+14 5.776344e+14 2.546064e+14 5.770884e+14 2.551805e+14 5.764872e+14 2.557542e+14 5.758862e+14 2.563277e+14 5.752852e+14 2.569011e+14 5.746847e+14 2.574741e+14 5.740842e+14 2.580471e+14 5.734842e+14 2.586196e+14 5.728841e+14 2.591451e+14 5.722492e+14 2.596629e+14 5.716090e+14 2.601804e+14 5.709688e+14 2.606977e+14 5.703290e+14 2.612149e+14 5.696896e+14 2.617318e+14 5.690500e+14 2.622485e+14 5.684109e+14 2.627372e+14 5.677444e+14 2.631991e+14 5.670514e+14 2.636609e+14 5.663587e+14 2.641225e+14 5.656663e+14 2.645840e+14 5.649740e+14 2.650453e+14 5.642821e+14 2.655063e+14 5.635905e+14 2.659594e+14 5.628913e+14 2.663659e+14 5.621461e+14 2.667723e+14 5.614011e+14 2.671785e+14 5.606562e+14 2.675846e+14 5.599118e+14 2.679904e+14 5.591675e+14 2.683962e+14 5.584237e+14 2.688018e+14 5.576800e+14 2.691560e+14 5.569059e+14 2.694938e+14 5.561225e+14 2.698314e+14 5.553393e+14 2.701689e+14 5.545562e+14 2.705062e+14 5.537736e+14 2.708435e+14 5.529912e+14 2.711806e+14 5.522092e+14 2.714988e+14 5.514039e+14 2.717817e+14 5.505550e+14 2.720645e+14 5.497064e+14 2.723472e+14 5.488583e+14 2.726299e+14 5.480105e+14 2.729124e+14 5.471630e+14 2.731947e+14 5.463155e+14 2.734771e+14 5.454688e+14 2.736976e+14 5.445975e+14 2.739125e+14 5.437244e+14 2.741273e+14 5.428515e+14 2.743420e+14 5.419790e+14 2.745567e+14 5.411069e+14 2.747714e+14 5.402352e+14 2.749859e+14 5.393637e+14 2.751690e+14 5.384613e+14 2.753163e+14 5.375233e+14 2.754636e+14 5.365860e+14 2.756109e+14 5.356489e+14 2.757581e+14 5.347121e+14 2.759053e+14 5.337759e+14 2.760523e+14 5.328398e+14 2.761994e+14 5.319042e+14 2.762931e+14 5.309289e+14 2.763866e+14 5.299538e+14 2.764801e+14 5.289792e+14 2.765735e+14 5.280050e+14 2.766669e+14 5.270310e+14 2.767602e+14 5.260574e+14 2.768535e+14 5.250842e+14 2.769068e+14 5.240848e+14 2.769200e+14 5.230589e+14 2.769334e+14 5.220337e+14 2.769466e+14 5.210086e+14 2.769599e+14 5.199840e+14 2.769733e+14 5.189600e+14 2.769866e+14 5.179360e+14 2.769999e+14 5.169127e+14 2.769476e+14 5.158504e+14 2.768944e+14 5.147878e+14 2.768412e+14 5.137256e+14 2.767882e+14 5.126640e+14 2.767352e+14 5.116029e+14 2.766821e+14 5.105418e+14 2.766291e+14 5.094813e+14 2.765521e+14 5.084033e+14 2.764462e+14 5.073039e+14 2.763402e+14 5.062049e+14 2.762343e+14 5.051062e+14 2.761285e+14 5.040081e+14 2.760226e+14 5.029101e+14 2.759169e+14 5.018128e+14 2.758112e+14 5.007160e+14 2.756346e+14 4.995722e+14 2.754497e+14 4.984232e+14 2.752649e+14 4.972747e+14 2.750801e+14 4.961264e+14 2.748954e+14 4.949789e+14 2.747108e+14 4.938315e+14 2.745263e+14 4.926848e+14 2.743211e+14 4.915260e+14 2.740708e+14 4.903405e+14 2.738206e+14 4.891554e+14 2.735705e+14 4.879708e+14 2.733206e+14 4.867868e+14 2.730706e+14 4.856030e+14 2.728209e+14 4.844198e+14 2.725711e+14 4.832370e+14 2.722840e+14 4.820265e+14 2.719819e+14 4.808051e+14 2.716800e+14 4.795842e+14 2.713782e+14 4.783638e+14 2.710764e+14 4.771438e+14 2.707748e+14 4.759243e+14 2.704733e+14 4.747053e+14 2.701659e+14 4.734830e+14 2.697992e+14 4.722256e+14 2.694325e+14 4.709686e+14 2.690660e+14 4.697121e+14 2.686997e+14 4.684561e+14 2.683335e+14 4.672005e+14 2.679673e+14 4.659452e+14 2.676014e+14 4.646907e+14 2.672064e+14 4.634132e+14 2.667753e+14 4.621071e+14 2.663445e+14 4.608017e+14 2.659140e+14 4.594968e+14 2.654834e+14 4.581922e+14 2.650531e+14 4.568881e+14 2.646230e+14 4.555847e+14 2.641930e+14 4.542816e+14 2.637325e+14 4.529486e+14 2.632637e+14 4.516073e+14 2.627951e+14 4.502666e+14 2.623266e+14 4.489263e+14 2.618585e+14 4.475868e+14 2.613904e+14 4.462476e+14 2.609226e+14 4.449091e+14 2.604486e+14 4.435683e+14 2.599161e+14 4.422047e+14 2.593839e+14 4.408416e+14 2.588518e+14 4.394790e+14 2.583199e+14 4.381168e+14 2.577882e+14 4.367552e+14 2.572567e+14 4.353940e+14 2.567254e+14 4.340335e+14 2.561693e+14 4.326584e+14 2.555736e+14 4.312598e+14 2.549782e+14 4.298618e+14 2.543830e+14 4.284644e+14 2.537880e+14 4.270675e+14 2.531932e+14 4.256711e+14 2.525987e+14 4.242752e+14 2.520044e+14 4.228798e+14 2.513848e+14 4.214765e+14 2.507523e+14 4.200693e+14 2.501198e+14 4.186625e+14 2.494877e+14 4.172563e+14 2.488558e+14 4.158506e+14 2.482241e+14 4.144454e+14 2.475927e+14 4.130408e+14 2.469613e+14 4.116365e+14 2.462723e+14 4.101981e+14 2.455771e+14 4.087562e+14 2.448823e+14 4.073151e+14 2.441877e+14 4.058745e+14 2.434933e+14 4.044341e+14 2.427992e+14 4.029946e+14 2.421053e+14 4.015555e+14 2.414068e+14 4.001136e+14 2.406749e+14 3.986499e+14 2.399434e+14 3.971867e+14 2.392120e+14 3.957241e+14 2.384810e+14 3.942620e+14 2.377501e+14 3.928002e+14 2.370196e+14 3.913392e+14 2.362893e+14 3.898786e+14 2.355468e+14 3.884146e+14 2.347786e+14 3.869424e+14 2.340106e+14 3.854704e+14 2.332431e+14 3.839993e+14 2.324759e+14 3.825288e+14 2.317088e+14 3.810585e+14 2.309421e+14 3.795890e+14 2.301756e+14 3.781200e+14 2.293900e+14 3.766450e+14 2.285858e+14 3.751643e+14 2.277819e+14 3.736841e+14 2.269783e+14 3.722045e+14 2.261750e+14 3.707253e+14 2.253719e+14 3.692467e+14 2.245692e+14 3.677686e+14 2.237668e+14 3.662913e+14 2.229391e+14 3.648057e+14 2.220991e+14 3.633166e+14 2.212594e+14 3.618280e+14 2.204200e+14 3.603400e+14 2.195808e+14 3.588524e+14 2.187420e+14 3.573654e+14 2.179035e+14 3.558790e+14 2.170653e+14 3.543931e+14 2.161969e+14 3.528975e+14 2.153212e+14 3.514000e+14 2.144458e+14 3.499030e+14 2.135708e+14 3.484065e+14 2.126961e+14 3.469107e+14 2.118217e+14 3.454154e+14 2.109476e+14 3.439205e+14 2.100738e+14 3.424263e+14 2.091888e+14 3.409211e+14 2.083030e+14 3.394151e+14 2.074176e+14 3.379099e+14 2.065324e+14 3.364051e+14 2.056476e+14 3.349009e+14 2.047632e+14 3.333973e+14 2.038789e+14 3.318942e+14 2.029949e+14 3.303916e+14 2.020734e+14 3.288895e+14 2.011524e+14 3.273881e+14 2.002317e+14 3.258872e+14 1.993112e+14 3.243867e+14 1.983911e+14 3.228870e+14 1.974714e+14 3.213875e+14 1.965519e+14 3.198887e+14 1.956319e+14 3.183905e+14 1.947006e+14 3.168929e+14 1.937696e+14 3.153957e+14 1.928389e+14 3.138991e+14 1.919086e+14 3.124029e+14 1.909786e+14 3.109075e+14 1.900489e+14 3.094125e+14 1.891196e+14 3.079181e+14 1.881891e+14 3.064240e+14 1.872479e+14 3.049306e+14 1.863071e+14 3.034378e+14 1.853665e+14 3.019454e+14 1.844263e+14 3.004537e+14 1.834865e+14 2.989625e+14 1.825469e+14 2.974717e+14 1.816077e+14 2.959816e+14 1.806672e+14 2.944920e+14 1.797161e+14 2.930029e+14 1.787654e+14 2.915143e+14 1.778151e+14 2.900263e+14 1.768651e+14 2.885387e+14 1.759154e+14 2.870518e+14 1.749661e+14 2.855654e+14 1.740171e+14 2.840795e+14 1.730668e+14 2.825959e+14 1.721060e+14 2.811235e+14 1.711455e+14 2.796516e+14 1.701855e+14 2.781804e+14 1.692258e+14 2.767096e+14 1.682663e+14 2.752393e+14 1.673072e+14 2.737695e+14 1.663485e+14 2.723003e+14 1.653901e+14 2.708331e+14 1.644322e+14 2.693774e+14 1.634744e+14 2.679222e+14 1.625171e+14 2.664675e+14 1.615600e+14 2.650133e+14 1.606034e+14 2.635597e+14 1.596471e+14 2.621066e+14 1.586911e+14 2.606540e+14 1.577355e+14 2.592036e+14 1.567802e+14 2.577769e+14 1.558252e+14 2.563507e+14 1.548706e+14 2.549249e+14 1.539163e+14 2.534997e+14 1.529624e+14 2.520750e+14 1.520087e+14 2.506507e+14 1.510555e+14 2.492271e+14 1.501025e+14 2.478038e+14 1.491500e+14 2.463811e+14 1.481977e+14 2.449590e+14 1.472458e+14 2.435372e+14 1.462943e+14 2.421161e+14 1.453430e+14 2.406955e+14 1.443921e+14 2.392752e+14 1.434415e+14 2.378556e+14 1.424913e+14 2.364365e+14 1.415526e+14 2.350513e+14 1.406154e+14 2.336701e+14 1.396785e+14 2.322894e+14 1.387420e+14 2.309092e+14 1.378057e+14 2.295295e+14 1.368699e+14 2.281503e+14 1.359343e+14 2.267716e+14 1.349991e+14 2.253935e+14</elevationPattern>
        <incidenceAngle count="676">3.652322e+01 3.653256e+01 3.654192e+01 3.655125e+01 3.656061e+01 3.656995e+01 3.657927e+01 3.658861e+01 3.659793e+01 3.660725e+01 3.661656e+01 3.662589e+01 3.663519e+01 3.664450e+01 3.665379e+01 3.666310e+01 3.667239e+01 3.668169e+01 3.669096e+01 3.670026e+01 3.670953e+01 3.671881e+01 3.672807e+01 3.673735e+01 3.674661e+01 3.675587e+01 3.676512e+01 3.677438e+01 3.678363e+01 3.679288e+01 3.680212e+01 3.681136e+01 3.682059e+01 3.682982e+01 3.683905e+01 3.684827e+01 3.685748e+01 3.686670e+01 3.687592e+01 3.688512e+01 3.689433e+01 3.690353e+01 3.691272e+01 3.692192e+01 3.693111e+01 3.694029e+01 3.694948e+01 3.695865e+01 3.696782e+01 3.697699e+01 3.698616e+01 3.699533e+01 3.700449e+01 3.701364e+01 3.702280e+01 3.703194e+01 3.704109e+01 3.705023e+01 3.705937e+01 3.706850e+01 3.707762e+01 3.708676e+01 3.709587e+01 3.710500e+01 3.711411e+01 3.712323e+01 3.713232e+01 3.714143e+01 3.715054e+01 3.715964e+01 3.716873e+01 3.717781e+01 3.718690e+01 3.719598e+01 3.720506e+01 3.721414e+01 3.722321e+01 3.723228e+01 3.724135e+01 3.725040e+01 3.725946e+01 3.726851e+01 3.727756e+01 3.728661e+01 3.729565e+01 3.730469e+01 3.731372e+01 3.732275e+01 3.733179e+01 3.734081e+01 3.734984e+01 3.735886e+01 3.736786e+01 3.737688e+01 3.738588e+01 3.739488e+01 3.740388e+01 3.741289e+01 3.742188e+01 3.743086e+01 3.743985e+01 3.744882e+01 3.745781e+01 3.746678e+01 3.747575e+01 3.748473e+01 3.749368e+01 3.750264e+01 3.751160e+01 3.752055e+01 3.752951e+01 3.753845e+01 3.754739e+01 3.755634e+01 3.756528e+01 3.757420e+01 3.758313e+01 3.759206e+01 3.760098e+01 3.760989e+01 3.761882e+01 3.762773e+01 3.763663e+01 3.764554e+01 3.765443e+01 3.766333e+01 3.767223e+01 3.768112e+01 3.769000e+01 3.769888e+01 3.770776e+01 3.771664e+01 3.772552e+01 3.773439e+01 3.774326e+01 3.775212e+01 3.776097e+01 3.776984e+01 3.777869e+01 3.778754e+01 3.779639e+01 3.780522e+01 3.781406e+01 3.782289e+01 3.783173e+01 3.784056e+01 3.784938e+01 3.785820e+01 3.786702e+01 3.787584e+01 3.788464e+01 3.789346e+01 3.790227e+01 3.791106e+01 3.791986e+01 3.792865e+01 3.793744e+01 3.794623e+01 3.795502e+01 3.796379e+01 3.797258e+01 3.798135e+01 3.799011e+01 3.799889e+01 3.800764e+01 3.801640e+01 3.802516e+01 3.803392e+01 3.804268e+01 3.805142e+01 3.806017e+01 3.806891e+01 3.807764e+01 3.808638e+01 3.809511e+01 3.810384e+01 3.811255e+01 3.812128e+01 3.812999e+01 3.813870e+01 3.814742e+01 3.815613e+01 3.816483e+01 3.817352e+01 3.818222e+01 3.819092e+01 3.819960e+01 3.820830e+01 3.821698e+01 3.822566e+01 3.823433e+01 3.824301e+01 3.825168e+01 3.826035e+01 3.826901e+01 3.827766e+01 3.828633e+01 3.829498e+01 3.830363e+01 3.831227e+01 3.832092e+01 3.832956e+01 3.833820e+01 3.834683e+01 3.835547e+01 3.836409e+01 3.837271e+01 3.838133e+01 3.838995e+01 3.839857e+01 3.840718e+01 3.841579e+01 3.842439e+01 3.843300e+01 3.844159e+01 3.845020e+01 3.845879e+01 3.846738e+01 3.847595e+01 3.848454e+01 3.849312e+01 3.850169e+01 3.851027e+01 3.851883e+01 3.852740e+01 3.853596e+01 3.854453e+01 3.855309e+01 3.856163e+01 3.857019e+01 3.857874e+01 3.858728e+01 3.859581e+01 3.860435e+01 3.861288e+01 3.862141e+01 3.862994e+01 3.863847e+01 3.864699e+01 3.865550e+01 3.866402e+01 3.867253e+01 3.868105e+01 3.868954e+01 3.869804e+01 3.870654e+01 3.871504e+01 3.872354e+01 3.873203e+01 3.874051e+01 3.874899e+01 3.875748e+01 3.876596e+01 3.877443e+01 3.878290e+01 3.879137e+01 3.879984e+01 3.880829e+01 3.881676e+01 3.882521e+01 3.883366e+01 3.884210e+01 3.885056e+01 3.885899e+01 3.886743e+01 3.887587e+01 3.888431e+01 3.889273e+01 3.890115e+01 3.890958e+01 3.891800e+01 3.892642e+01 3.893483e+01 3.894325e+01 3.895166e+01 3.896007e+01 3.896846e+01 3.897687e+01 3.898526e+01 3.899365e+01 3.900204e+01 3.901042e+01 3.901881e+01 3.902719e+01 3.903557e+01 3.904395e+01 3.905231e+01 3.906068e+01 3.906905e+01 3.907741e+01 3.908577e+01 3.909413e+01 3.910248e+01 3.911082e+01 3.911917e+01 3.912752e+01 3.913586e+01 3.914420e+01 3.915253e+01 3.916086e+01 3.916919e+01 3.917752e+01 3.918584e+01 3.919415e+01 3.920247e+01 3.921078e+01 3.921910e+01 3.922740e+01 3.923570e+01 3.924400e+01 3.925230e+01 3.926060e+01 3.926889e+01 3.927719e+01 3.928548e+01 3.929375e+01 3.930203e+01 3.931032e+01 3.931859e+01 3.932686e+01 3.933513e+01 3.934338e+01 3.935165e+01 3.935991e+01 3.936816e+01 3.937642e+01 3.938467e+01 3.939291e+01 3.940117e+01 3.940941e+01 3.941765e+01 3.942587e+01 3.943411e+01 3.944234e+01 3.945056e+01 3.945879e+01 3.946701e+01 3.947523e+01 3.948344e+01 3.949165e+01 3.949986e+01 3.950807e+01 3.951627e+01 3.952448e+01 3.953267e+01 3.954086e+01 3.954906e+01 3.955724e+01 3.956543e+01 3.957361e+01 3.958179e+01 3.958997e+01 3.959814e+01 3.960631e+01 3.961447e+01 3.962265e+01 3.963080e+01 3.963896e+01 3.964713e+01 3.965527e+01 3.966342e+01 3.967157e+01 3.967972e+01 3.968785e+01 3.969600e+01 3.970413e+01 3.971227e+01 3.972040e+01 3.972852e+01 3.973665e+01 3.974477e+01 3.975288e+01 3.976100e+01 3.976912e+01 3.977722e+01 3.978532e+01 3.979343e+01 3.980153e+01 3.980963e+01 3.981773e+01 3.982582e+01 3.983391e+01 3.984200e+01 3.985008e+01 3.985815e+01 3.986624e+01 3.987431e+01 3.988239e+01 3.989046e+01 3.989853e+01 3.990659e+01 3.991464e+01 3.992271e+01 3.993077e+01 3.993881e+01 3.994687e+01 3.995491e+01 3.996295e+01 3.997099e+01 3.997903e+01 3.998708e+01 3.999510e+01 4.000313e+01 4.001117e+01 4.001918e+01 4.002721e+01 4.003523e+01 4.004324e+01 4.005125e+01 4.005927e+01 4.006728e+01 4.007527e+01 4.008328e+01 4.009128e+01 4.009927e+01 4.010727e+01 4.011526e+01 4.012325e+01 4.013124e+01 4.013922e+01 4.014720e+01 4.015517e+01 4.016315e+01 4.017111e+01 4.017909e+01 4.018706e+01 4.019501e+01 4.020297e+01 4.021094e+01 4.021889e+01 4.022684e+01 4.023479e+01 4.024274e+01 4.025067e+01 4.025862e+01 4.026656e+01 4.027449e+01 4.028242e+01 4.029036e+01 4.029828e+01 4.030620e+01 4.031413e+01 4.032205e+01 4.032996e+01 4.033788e+01 4.034578e+01 4.035370e+01 4.036160e+01 4.036951e+01 4.037740e+01 4.038530e+01 4.039319e+01 4.040108e+01 4.040897e+01 4.041685e+01 4.042474e+01 4.043262e+01 4.044051e+01 4.044838e+01 4.045625e+01 4.046411e+01 4.047198e+01 4.047984e+01 4.048772e+01 4.049557e+01 4.050343e+01 4.051128e+01 4.051913e+01 4.052698e+01 4.053482e+01 4.054266e+01 4.055051e+01 4.055835e+01 4.056618e+01 4.057401e+01 4.058185e+01 4.058966e+01 4.059749e+01 4.060532e+01 4.061313e+01 4.062094e+01 4.062877e+01 4.063657e+01 4.064438e+01 4.065219e+01 4.065999e+01 4.066779e+01 4.067558e+01 4.068338e+01 4.069118e+01 4.069896e+01 4.070674e+01 4.071454e+01 4.072232e+01 4.073009e+01 4.073787e+01 4.074564e+01 4.075342e+01 4.076118e+01 4.076895e+01 4.077672e+01 4.078447e+01 4.079224e+01 4.079999e+01 4.080774e+01 4.081549e+01 4.082323e+01 4.083098e+01 4.083871e+01 4.084647e+01 4.085420e+01 4.086194e+01 4.086966e+01 4.087740e+01 4.088512e+01 4.089284e+01 4.090056e+01 4.090828e+01 4.091600e+01 4.092371e+01 4.093143e+01 4.093913e+01 4.094684e+01 4.095454e+01 4.096223e+01 4.096994e+01 4.097763e+01 4.098532e+01 4.099301e+01 4.100070e+01 4.100839e+01 4.101607e+01 4.102374e+01 4.103142e+01 4.103909e+01 4.104677e+01 4.105444e+01 4.106210e+01 4.106978e+01 4.107744e+01 4.108510e+01 4.109274e+01 4.110040e+01 4.110805e+01 4.111571e+01 4.112335e+01 4.113100e+01 4.113864e+01 4.114627e+01 4.115392e+01 4.116154e+01 4.116917e+01 4.117680e+01 4.118443e+01 4.119205e+01 4.119968e+01 4.120729e+01 4.121490e+01 4.122252e+01 4.123013e+01 4.123775e+01 4.124535e+01 4.125294e+01 4.126054e+01 4.126814e+01 4.127574e+01 4.128334e+01 4.129092e+01 4.129851e+01 4.130611e+01 4.131369e+01 4.132126e+01 4.132884e+01 4.133641e+01 4.134399e+01 4.135156e+01 4.135913e+01 4.136670e+01 4.137425e+01 4.138182e+01 4.138937e+01 4.139693e+01 4.140448e+01 4.141203e+01 4.141959e+01 4.142712e+01 4.143468e+01 4.144221e+01 4.144975e+01 4.145729e+01 4.146481e+01 4.147235e+01 4.147987e+01 4.148740e+01 4.149493e+01 4.150244e+01 4.150996e+01 4.151749e+01 4.152499e+01 4.153250e+01 4.154001e+01 4.154752e+01 4.155502e+01 4.156253e+01 4.157002e+01 4.157751e+01 4.158501e+01 4.159250e+01 4.159999e+01 4.160748e+01 4.161496e+01 4.162245e+01 4.162993e+01 4.163741e+01 4.164488e+01 4.165234e+01 4.165982e+01 4.166728e+01 4.167474e+01 4.168221e+01 4.168967e+01 4.169713e+01 4.170457e+01 4.171204e+01 4.171948e+01 4.172693e+01 4.173438e+01 4.174182e+01 4.174925e+01 4.175670e+01 4.176413e+01 4.177156e+01 4.177899e+01 4.178642e+01 4.179385e+01 4.180127e+01 4.180869e+01 4.181612e+01 4.182353e+01 4.183093e+01 4.183835e+01 4.184576e+01 4.185316e+01 4.186057e+01 4.186797e+01 4.187537e+01 4.188277e+01 4.189017e+01 4.189755e+01 4.190494e+01 4.191234e+01 4.191972e+01 4.192709e+01 4.193448e+01 4.194186e+01 4.194923e+01 4.195660e+01 4.196397e+01 4.197134e+01 4.197871e+01 4.198607e+01 4.199344e+01 4.200079e+01 4.200815e+01 4.201550e+01 4.202286e+01 4.203021e+01 4.203755e+01 4.204489e+01 4.205225e+01 4.205959e+01 4.206691e+01 4.207425e+01 4.208159e+01 4.208891e+01 4.209624e+01</incidenceAngle>
        <terrainHeight>2.384823475428571e+03</terrainHeight>
        <roll>3.009311327462144e+01</roll>
      </antennaPattern>
      <antennaPattern>
        <swath>IW2</swath>
        <azimuthTime>2015-05-16T13:34:28.278625</azimuthTime>
        <slantRangeTime count="676">5.646806372877616e-03 5.647392496836635e-03 5.647978620795654e-03 5.648564744754674e-03 5.649150868713693e-03 5.649736992672713e-03 5.650323116631733e-03 5.650909240590751e-03 5.651495364549771e-03 5.652081488508790e-03 5.652667612467809e-03 5.653253736426829e-03 5.653839860385848e-03 5.654425984344868e-03 5.655012108303887e-03 5.655598232262906e-03 5.656184356221925e-03 5.656770480180945e-03 5.657356604139963e-03 5.657942728098983e-03 5.658528852058003e-03 5.659114976017021e-03 5.659701099976042e-03 5.660287223935061e-03 5.660873347894080e-03 5.661459471853100e-03 5.662045595812118e-03 5.662631719771138e-03 5.663217843730157e-03 5.663803967689176e-03 5.664390091648196e-03 5.664976215607215e-03 5.665562339566235e-03 5.666148463525255e-03 5.666734587484274e-03 5.667320711443293e-03 5.667906835402312e-03 5.668492959361331e-03 5.669079083320351e-03 5.669665207279370e-03 5.670251331238389e-03 5.670837455197409e-03 5.671423579156429e-03 5.672009703115448e-03 5.672595827074467e-03 5.673181951033487e-03 5.673768074992506e-03 5.674354198951525e-03 5.674940322910545e-03 5.675526446869563e-03 5.676112570828583e-03 5.676698694787602e-03 5.677284818746622e-03 5.677870942705641e-03 5.678457066664660e-03 5.679043190623679e-03 5.679629314582699e-03 5.680215438541717e-03 5.680801562500737e-03 5.681387686459757e-03 5.681973810418776e-03 5.682559934377795e-03 5.683146058336815e-03 5.683732182295833e-03 5.684318306254853e-03 5.684904430213872e-03 5.685490554172891e-03 5.686076678131910e-03 5.686662802090930e-03 5.687248926049949e-03 5.687835050008969e-03 5.688421173967988e-03 5.689007297927007e-03 5.689593421886026e-03 5.690179545845045e-03 5.690765669804064e-03 5.691351793763084e-03 5.691937917722103e-03 5.692524041681123e-03 5.693110165640142e-03 5.693696289599161e-03 5.694282413558180e-03 5.694868537517200e-03 5.695454661476218e-03 5.696040785435238e-03 5.696626909394258e-03 5.697213033353277e-03 5.697799157312296e-03 5.698385281271316e-03 5.698971405230334e-03 5.699557529189354e-03 5.700143653148373e-03 5.700729777107392e-03 5.701315901066411e-03 5.701902025025431e-03 5.702488148984450e-03 5.703074272943470e-03 5.703660396902488e-03 5.704246520861508e-03 5.704832644820527e-03 5.705418768779546e-03 5.706004892738565e-03 5.706591016697585e-03 5.707177140656604e-03 5.707763264615624e-03 5.708349388574643e-03 5.708935512533662e-03 5.709521636492681e-03 5.710107760451701e-03 5.710693884410719e-03 5.711280008369739e-03 5.711866132328759e-03 5.712452256287778e-03 5.713038380246797e-03 5.713624504205816e-03 5.714210628164835e-03 5.714796752123855e-03 5.715382876082874e-03 5.715969000041893e-03 5.716555124000912e-03 5.717141247959932e-03 5.717727371918951e-03 5.718313495877971e-03 5.718899619836989e-03 5.719485743796009e-03 5.720071867755028e-03 5.720657991714047e-03 5.721244115673066e-03 5.721830239632086e-03 5.722416363591105e-03 5.723002487550125e-03 5.723588611509144e-03 5.724174735468163e-03 5.724760859427182e-03 5.725346983386202e-03 5.725933107345220e-03 5.726519231304240e-03 5.727105355263259e-03 5.727691479222279e-03 5.728277603181298e-03 5.728863727140317e-03 5.729449851099336e-03 5.730035975058356e-03 5.730622099017374e-03 5.731208222976394e-03 5.731794346935413e-03 5.732380470894433e-03 5.732966594853452e-03 5.733552718812472e-03 5.734138842771490e-03 5.734724966730510e-03 5.735311090689529e-03 5.735897214648548e-03 5.736483338607567e-03 5.737069462566587e-03 5.737655586525606e-03 5.738241710484626e-03 5.738827834443645e-03 5.739413958402664e-03 5.740000082361683e-03 5.740586206320702e-03 5.741172330279721e-03 5.741758454238741e-03 5.742344578197760e-03 5.742930702156780e-03 5.743516826115799e-03 5.744102950074818e-03 5.744689074033837e-03 5.745275197992857e-03 5.745861321951875e-03 5.746447445910895e-03 5.747033569869914e-03 5.747619693828934e-03 5.748205817787953e-03 5.748791941746973e-03 5.749378065705991e-03 5.749964189665011e-03 5.750550313624030e-03 5.751136437583049e-03 5.751722561542068e-03 5.752308685501088e-03 5.752894809460107e-03 5.753480933419127e-03 5.754067057378145e-03 5.754653181337165e-03 5.755239305296184e-03 5.755825429255203e-03 5.756411553214222e-03 5.756997677173242e-03 5.757583801132261e-03 5.758169925091282e-03 5.758756049050301e-03 5.759342173009321e-03 5.759928296968341e-03 5.760514420927360e-03 5.761100544886380e-03 5.761686668845399e-03 5.762272792804419e-03 5.762858916763439e-03 5.763445040722458e-03 5.764031164681478e-03 5.764617288640497e-03 5.765203412599517e-03 5.765789536558537e-03 5.766375660517556e-03 5.766961784476576e-03 5.767547908435596e-03 5.768134032394616e-03 5.768720156353636e-03 5.769306280312655e-03 5.769892404271675e-03 5.770478528230694e-03 5.771064652189714e-03 5.771650776148734e-03 5.772236900107753e-03 5.772823024066773e-03 5.773409148025792e-03 5.773995271984812e-03 5.774581395943832e-03 5.775167519902851e-03 5.775753643861871e-03 5.776339767820890e-03 5.776925891779911e-03 5.777512015738930e-03 5.778098139697950e-03 5.778684263656970e-03 5.779270387615989e-03 5.779856511575009e-03 5.780442635534028e-03 5.781028759493048e-03 5.781614883452068e-03 5.782201007411087e-03 5.782787131370107e-03 5.783373255329126e-03 5.783959379288146e-03 5.784545503247166e-03 5.785131627206185e-03 5.785717751165205e-03 5.786303875124225e-03 5.786889999083245e-03 5.787476123042264e-03 5.788062247001284e-03 5.788648370960304e-03 5.789234494919323e-03 5.789820618878343e-03 5.790406742837362e-03 5.790992866796382e-03 5.791578990755402e-03 5.792165114714421e-03 5.792751238673441e-03 5.793337362632460e-03 5.793923486591480e-03 5.794509610550500e-03 5.795095734509519e-03 5.795681858468540e-03 5.796267982427559e-03 5.796854106386579e-03 5.797440230345599e-03 5.798026354304618e-03 5.798612478263638e-03 5.799198602222657e-03 5.799784726181677e-03 5.800370850140697e-03 5.800956974099716e-03 5.801543098058736e-03 5.802129222017755e-03 5.802715345976775e-03 5.803301469935795e-03 5.803887593894814e-03 5.804473717853835e-03 5.805059841812854e-03 5.805645965771874e-03 5.806232089730893e-03 5.806818213689913e-03 5.807404337648933e-03 5.807990461607952e-03 5.808576585566972e-03 5.809162709525991e-03 5.809748833485011e-03 5.810334957444031e-03 5.810921081403050e-03 5.811507205362070e-03 5.812093329321089e-03 5.812679453280109e-03 5.813265577239129e-03 5.813851701198149e-03 5.814437825157169e-03 5.815023949116188e-03 5.815610073075208e-03 5.816196197034228e-03 5.816782320993247e-03 5.817368444952267e-03 5.817954568911286e-03 5.818540692870306e-03 5.819126816829326e-03 5.819712940788345e-03 5.820299064747365e-03 5.820885188706384e-03 5.821471312665404e-03 5.822057436624424e-03 5.822643560583443e-03 5.823229684542464e-03 5.823815808501483e-03 5.824401932460503e-03 5.824988056419522e-03 5.825574180378542e-03 5.826160304337562e-03 5.826746428296581e-03 5.827332552255601e-03 5.827918676214620e-03 5.828504800173640e-03 5.829090924132660e-03 5.829677048091679e-03 5.830263172050699e-03 5.830849296009718e-03 5.831435419968738e-03 5.832021543927758e-03 5.832607667886778e-03 5.833193791845798e-03 5.833779915804817e-03 5.834366039763837e-03 5.834952163722856e-03 5.835538287681876e-03 5.836124411640896e-03 5.836710535599915e-03 5.837296659558935e-03 5.837882783517954e-03 5.838468907476974e-03 5.839055031435994e-03 5.839641155395013e-03 5.840227279354033e-03 5.840813403313052e-03 5.841399527272073e-03 5.841985651231093e-03 5.842571775190112e-03 5.843157899149132e-03 5.843744023108151e-03 5.844330147067171e-03 5.844916271026191e-03 5.845502394985210e-03 5.846088518944230e-03 5.846674642903249e-03 5.847260766862269e-03 5.847846890821289e-03 5.848433014780308e-03 5.849019138739328e-03 5.849605262698347e-03 5.850191386657367e-03 5.850777510616387e-03 5.851363634575407e-03 5.851949758534427e-03 5.852535882493446e-03 5.853122006452466e-03 5.853708130411485e-03 5.854294254370505e-03 5.854880378329525e-03 5.855466502288544e-03 5.856052626247564e-03 5.856638750206583e-03 5.857224874165603e-03 5.857810998124623e-03 5.858397122083642e-03 5.858983246042662e-03 5.859569370001681e-03 5.860155493960702e-03 5.860741617919722e-03 5.861327741878741e-03 5.861913865837761e-03 5.862499989796780e-03 5.863086113755800e-03 5.863672237714820e-03 5.864258361673839e-03 5.864844485632859e-03 5.865430609591878e-03 5.866016733550898e-03 5.866602857509918e-03 5.867188981468937e-03 5.867775105427957e-03 5.868361229386976e-03 5.868947353345996e-03 5.869533477305016e-03 5.870119601264036e-03 5.870705725223056e-03 5.871291849182075e-03 5.871877973141095e-03 5.872464097100114e-03 5.873050221059134e-03 5.873636345018154e-03 5.874222468977173e-03 5.874808592936193e-03 5.875394716895212e-03 5.875980840854232e-03 5.876566964813252e-03 5.877153088772271e-03 5.877739212731291e-03 5.878325336690310e-03 5.878911460649331e-03 5.879497584608350e-03 5.880083708567370e-03 5.880669832526390e-03 5.881255956485409e-03 5.881842080444429e-03 5.882428204403448e-03 5.883014328362468e-03 5.883600452321488e-03 5.884186576280507e-03 5.884772700239527e-03 5.885358824198546e-03 5.885944948157566e-03 5.886531072116586e-03 5.887117196075605e-03 5.887703320034626e-03 5.888289443993645e-03 5.888875567952665e-03 5.889461691911685e-03 5.890047815870704e-03 5.890633939829724e-03 5.891220063788743e-03 5.891806187747763e-03 5.892392311706783e-03 5.892978435665802e-03 5.893564559624822e-03 5.894150683583841e-03 5.894736807542861e-03 5.895322931501881e-03 5.895909055460900e-03 5.896495179419920e-03 5.897081303378940e-03 5.897667427337960e-03 5.898253551296979e-03 5.898839675255999e-03 5.899425799215019e-03 5.900011923174038e-03 5.900598047133058e-03 5.901184171092077e-03 5.901770295051097e-03 5.902356419010117e-03 5.902942542969136e-03 5.903528666928156e-03 5.904114790887175e-03 5.904700914846195e-03 5.905287038805215e-03 5.905873162764234e-03 5.906459286723255e-03 5.907045410682274e-03 5.907631534641294e-03 5.908217658600314e-03 5.908803782559333e-03 5.909389906518353e-03 5.909976030477372e-03 5.910562154436392e-03 5.911148278395412e-03 5.911734402354431e-03 5.912320526313451e-03 5.912906650272470e-03 5.913492774231490e-03 5.914078898190510e-03 5.914665022149529e-03 5.915251146108549e-03 5.915837270067569e-03 5.916423394026589e-03 5.917009517985608e-03 5.917595641944628e-03 5.918181765903648e-03 5.918767889862667e-03 5.919354013821687e-03 5.919940137780706e-03 5.920526261739726e-03 5.921112385698746e-03 5.921698509657765e-03 5.922284633616785e-03 5.922870757575804e-03 5.923456881534824e-03 5.924043005493844e-03 5.924629129452863e-03 5.925215253411884e-03 5.925801377370903e-03 5.926387501329923e-03 5.926973625288942e-03 5.927559749247962e-03 5.928145873206982e-03 5.928731997166001e-03 5.929318121125021e-03 5.929904245084040e-03 5.930490369043060e-03 5.931076493002080e-03 5.931662616961099e-03 5.932248740920119e-03 5.932834864879138e-03 5.933420988838158e-03 5.934007112797179e-03 5.934593236756198e-03 5.935179360715218e-03 5.935765484674237e-03 5.936351608633257e-03 5.936937732592277e-03 5.937523856551296e-03 5.938109980510316e-03 5.938696104469335e-03 5.939282228428355e-03 5.939868352387375e-03 5.940454476346394e-03 5.941040600305414e-03 5.941626724264433e-03 5.942212848223453e-03 5.942798972182473e-03 5.943385096141493e-03 5.943971220100513e-03 5.944557344059532e-03 5.945143468018552e-03 5.945729591977571e-03 5.946315715936591e-03 5.946901839895611e-03 5.947487963854630e-03 5.948074087813650e-03 5.948660211772669e-03 5.949246335731689e-03 5.949832459690709e-03 5.950418583649728e-03 5.951004707608748e-03 5.951590831567767e-03 5.952176955526787e-03 5.952763079485807e-03 5.953349203444827e-03 5.953935327403847e-03 5.954521451362866e-03 5.955107575321886e-03 5.955693699280906e-03 5.956279823239925e-03 5.956865947198945e-03 5.957452071157964e-03 5.958038195116984e-03 5.958624319076004e-03 5.959210443035023e-03 5.959796566994043e-03 5.960382690953062e-03 5.960968814912082e-03 5.961554938871102e-03 5.962141062830122e-03 5.962727186789142e-03 5.963313310748161e-03 5.963899434707181e-03 5.964485558666200e-03 5.965071682625220e-03 5.965657806584240e-03 5.966243930543259e-03 5.966830054502279e-03 5.967416178461298e-03 5.968002302420318e-03 5.968588426379338e-03 5.969174550338357e-03 5.969760674297377e-03 5.970346798256396e-03 5.970932922215416e-03 5.971519046174436e-03 5.972105170133456e-03 5.972691294092476e-03 5.973277418051495e-03 5.973863542010515e-03 5.974449665969534e-03 5.975035789928554e-03 5.975621913887574e-03 5.976208037846593e-03 5.976794161805613e-03 5.977380285764632e-03 5.977966409723652e-03 5.978552533682672e-03 5.979138657641691e-03 5.979724781600711e-03 5.980310905559731e-03 5.980897029518751e-03 5.981483153477771e-03 5.982069277436790e-03 5.982655401395810e-03 5.983241525354829e-03 5.983827649313849e-03 5.984413773272869e-03 5.984999897231888e-03 5.985586021190908e-03 5.986172145149927e-03 5.986758269108947e-03 5.987344393067967e-03 5.987930517026986e-03 5.988516640986006e-03 5.989102764945025e-03 5.989688888904046e-03 5.990275012863065e-03 5.990861136822085e-03 5.991447260781105e-03 5.992033384740124e-03 5.992619508699144e-03 5.993205632658163e-03 5.993791756617183e-03 5.994377880576203e-03 5.994964004535222e-03 5.995550128494242e-03 5.996136252453261e-03 5.996722376412281e-03 5.997308500371301e-03 5.997894624330320e-03 5.998480748289340e-03 5.999066872248360e-03 5.999652996207380e-03 6.000239120166399e-03 6.000825244125419e-03 6.001411368084439e-03 6.001997492043458e-03 6.002583616002478e-03 6.003169739961497e-03 6.003755863920517e-03 6.004341987879537e-03 6.004928111838556e-03 6.005514235797576e-03 6.006100359756596e-03 6.006686483715615e-03 6.007272607674635e-03 6.007858731633654e-03 6.008444855592675e-03 6.009030979551694e-03 6.009617103510714e-03 6.010203227469734e-03 6.010789351428753e-03 6.011375475387773e-03 6.011961599346792e-03 6.012547723305812e-03 6.013133847264832e-03 6.013719971223851e-03 6.014306095182871e-03 6.014892219141890e-03 6.015478343100910e-03 6.016064467059930e-03 6.016650591018949e-03 6.017236714977970e-03 6.017822838936989e-03 6.018408962896009e-03 6.018995086855028e-03 6.019581210814048e-03 6.020167334773068e-03 6.020753458732087e-03 6.021339582691107e-03 6.021925706650126e-03 6.022511830609146e-03 6.023097954568166e-03 6.023684078527185e-03 6.024270202486205e-03 6.024856326445224e-03 6.025442450404244e-03 6.026028574363264e-03 6.026614698322284e-03 6.027200822281304e-03 6.027786946240323e-03 6.028373070199343e-03 6.028959194158363e-03 6.029545318117382e-03 6.030131442076402e-03 6.030717566035421e-03 6.031303689994441e-03 6.031889813953461e-03 6.032475937912480e-03 6.033062061871500e-03 6.033648185830519e-03 6.034234309789539e-03 6.034820433748559e-03 6.035406557707578e-03 6.035992681666599e-03 6.036578805625618e-03 6.037164929584638e-03 6.037751053543657e-03 6.038337177502677e-03 6.038923301461697e-03 6.039509425420716e-03 6.040095549379736e-03 6.040681673338755e-03 6.041267797297775e-03 6.041853921256795e-03 6.042440045215814e-03</slantRangeTime>
        <elevationAngle count="676">3.242199e+01 3.243002e+01 3.243804e+01 3.244605e+01 3.245407e+01 3.246208e+01 3.247008e+01 3.247808e+01 3.248608e+01 3.249408e+01 3.250207e+01 3.251006e+01 3.251804e+01 3.252603e+01 3.253400e+01 3.254198e+01 3.254995e+01 3.255791e+01 3.256588e+01 3.257384e+01 3.258179e+01 3.258975e+01 3.259770e+01 3.260564e+01 3.261359e+01 3.262153e+01 3.262946e+01 3.263739e+01 3.264532e+01 3.265325e+01 3.266117e+01 3.266909e+01 3.267700e+01 3.268491e+01 3.269282e+01 3.270073e+01 3.270863e+01 3.271653e+01 3.272442e+01 3.273231e+01 3.274020e+01 3.274808e+01 3.275596e+01 3.276384e+01 3.277171e+01 3.277958e+01 3.278745e+01 3.279531e+01 3.280317e+01 3.281102e+01 3.281887e+01 3.282673e+01 3.283457e+01 3.284241e+01 3.285025e+01 3.285809e+01 3.286592e+01 3.287375e+01 3.288157e+01 3.288940e+01 3.289721e+01 3.290503e+01 3.291284e+01 3.292065e+01 3.292846e+01 3.293626e+01 3.294405e+01 3.295185e+01 3.295964e+01 3.296743e+01 3.297521e+01 3.298299e+01 3.299077e+01 3.299855e+01 3.300632e+01 3.301409e+01 3.302185e+01 3.302961e+01 3.303737e+01 3.304512e+01 3.305288e+01 3.306062e+01 3.306837e+01 3.307611e+01 3.308385e+01 3.309158e+01 3.309931e+01 3.310704e+01 3.311477e+01 3.312249e+01 3.313020e+01 3.313792e+01 3.314563e+01 3.315334e+01 3.316104e+01 3.316874e+01 3.317644e+01 3.318414e+01 3.319183e+01 3.319952e+01 3.320720e+01 3.321488e+01 3.322256e+01 3.323024e+01 3.323791e+01 3.324557e+01 3.325324e+01 3.326090e+01 3.326856e+01 3.327622e+01 3.328387e+01 3.329152e+01 3.329916e+01 3.330681e+01 3.331445e+01 3.332208e+01 3.332972e+01 3.333735e+01 3.334497e+01 3.335259e+01 3.336021e+01 3.336783e+01 3.337544e+01 3.338305e+01 3.339066e+01 3.339827e+01 3.340586e+01 3.341346e+01 3.342105e+01 3.342865e+01 3.343623e+01 3.344382e+01 3.345140e+01 3.345898e+01 3.346655e+01 3.347412e+01 3.348169e+01 3.348926e+01 3.349682e+01 3.350438e+01 3.351193e+01 3.351949e+01 3.352703e+01 3.353458e+01 3.354213e+01 3.354966e+01 3.355720e+01 3.356474e+01 3.357227e+01 3.357979e+01 3.358731e+01 3.359484e+01 3.360236e+01 3.360987e+01 3.361738e+01 3.362489e+01 3.363239e+01 3.363990e+01 3.364740e+01 3.365489e+01 3.366238e+01 3.366987e+01 3.367736e+01 3.368484e+01 3.369232e+01 3.369980e+01 3.370727e+01 3.371474e+01 3.372221e+01 3.372968e+01 3.373714e+01 3.374459e+01 3.375205e+01 3.375950e+01 3.376695e+01 3.377439e+01 3.378184e+01 3.378928e+01 3.379671e+01 3.380415e+01 3.381158e+01 3.381901e+01 3.382643e+01 3.383385e+01 3.384127e+01 3.384869e+01 3.385610e+01 3.386351e+01 3.387091e+01 3.387831e+01 3.388572e+01 3.389311e+01 3.390051e+01 3.390789e+01 3.391528e+01 3.392267e+01 3.393005e+01 3.393743e+01 3.394480e+01 3.395218e+01 3.395955e+01 3.396691e+01 3.397427e+01 3.398164e+01 3.398899e+01 3.399635e+01 3.400370e+01 3.401104e+01 3.401839e+01 3.402573e+01 3.403307e+01 3.404041e+01 3.404774e+01 3.405507e+01 3.406240e+01 3.406972e+01 3.407704e+01 3.408436e+01 3.409167e+01 3.409899e+01 3.410630e+01 3.411360e+01 3.412091e+01 3.412820e+01 3.413550e+01 3.414280e+01 3.415009e+01 3.415738e+01 3.416466e+01 3.417194e+01 3.417922e+01 3.418650e+01 3.419378e+01 3.420104e+01 3.420831e+01 3.421558e+01 3.422284e+01 3.423009e+01 3.423735e+01 3.424461e+01 3.425185e+01 3.425910e+01 3.426635e+01 3.427359e+01 3.428082e+01 3.428806e+01 3.429529e+01 3.430252e+01 3.430975e+01 3.431697e+01 3.432419e+01 3.433141e+01 3.433862e+01 3.434584e+01 3.435304e+01 3.436025e+01 3.436745e+01 3.437465e+01 3.438185e+01 3.438905e+01 3.439624e+01 3.440342e+01 3.441061e+01 3.441779e+01 3.442497e+01 3.443215e+01 3.443932e+01 3.444650e+01 3.445366e+01 3.446083e+01 3.446799e+01 3.447515e+01 3.448231e+01 3.448946e+01 3.449661e+01 3.450376e+01 3.451091e+01 3.451805e+01 3.452519e+01 3.453233e+01 3.453946e+01 3.454659e+01 3.455372e+01 3.456084e+01 3.456797e+01 3.457508e+01 3.458220e+01 3.458932e+01 3.459643e+01 3.460353e+01 3.461064e+01 3.461774e+01 3.462484e+01 3.463194e+01 3.463903e+01 3.464613e+01 3.465321e+01 3.466030e+01 3.466738e+01 3.467446e+01 3.468154e+01 3.468861e+01 3.469569e+01 3.470275e+01 3.470982e+01 3.471688e+01 3.472395e+01 3.473100e+01 3.473806e+01 3.474511e+01 3.475216e+01 3.475920e+01 3.476625e+01 3.477329e+01 3.478033e+01 3.478736e+01 3.479440e+01 3.480143e+01 3.480845e+01 3.481548e+01 3.482250e+01 3.482952e+01 3.483653e+01 3.484354e+01 3.485056e+01 3.485756e+01 3.486457e+01 3.487157e+01 3.487857e+01 3.488557e+01 3.489256e+01 3.489955e+01 3.490654e+01 3.491352e+01 3.492051e+01 3.492749e+01 3.493446e+01 3.494144e+01 3.494841e+01 3.495538e+01 3.496235e+01 3.496931e+01 3.497627e+01 3.498323e+01 3.499018e+01 3.499714e+01 3.500409e+01 3.501104e+01 3.501798e+01 3.502492e+01 3.503186e+01 3.503880e+01 3.504573e+01 3.505266e+01 3.505959e+01 3.506652e+01 3.507344e+01 3.508036e+01 3.508728e+01 3.509419e+01 3.510110e+01 3.510801e+01 3.511492e+01 3.512182e+01 3.512872e+01 3.513562e+01 3.514252e+01 3.514941e+01 3.515630e+01 3.516319e+01 3.517008e+01 3.517696e+01 3.518384e+01 3.519072e+01 3.519759e+01 3.520446e+01 3.521133e+01 3.521820e+01 3.522506e+01 3.523193e+01 3.523878e+01 3.524564e+01 3.525249e+01 3.525935e+01 3.526619e+01 3.527304e+01 3.527988e+01 3.528672e+01 3.529356e+01 3.530039e+01 3.530722e+01 3.531406e+01 3.532088e+01 3.532771e+01 3.533453e+01 3.534135e+01 3.534816e+01 3.535498e+01 3.536179e+01 3.536860e+01 3.537540e+01 3.538221e+01 3.538901e+01 3.539581e+01 3.540260e+01 3.540939e+01 3.541618e+01 3.542297e+01 3.542976e+01 3.543654e+01 3.544332e+01 3.545010e+01 3.545687e+01 3.546365e+01 3.547041e+01 3.547718e+01 3.548394e+01 3.549071e+01 3.549747e+01 3.550422e+01 3.551098e+01 3.551773e+01 3.552448e+01 3.553122e+01 3.553797e+01 3.554471e+01 3.555145e+01 3.555818e+01 3.556492e+01 3.557165e+01 3.557838e+01 3.558510e+01 3.559182e+01 3.559855e+01 3.560526e+01 3.561198e+01 3.561869e+01 3.562540e+01 3.563211e+01 3.563882e+01 3.564552e+01 3.565222e+01 3.565892e+01 3.566561e+01 3.567231e+01 3.567900e+01 3.568568e+01 3.569237e+01 3.569905e+01 3.570573e+01 3.571241e+01 3.571908e+01 3.572575e+01 3.573243e+01 3.573909e+01 3.574576e+01 3.575242e+01 3.575908e+01 3.576574e+01 3.577239e+01 3.577905e+01 3.578569e+01 3.579234e+01 3.579898e+01 3.580563e+01 3.581227e+01 3.581890e+01 3.582554e+01 3.583217e+01 3.583880e+01 3.584543e+01 3.585205e+01 3.585868e+01 3.586530e+01 3.587191e+01 3.587853e+01 3.588514e+01 3.589175e+01 3.589836e+01 3.590496e+01 3.591157e+01 3.591817e+01 3.592476e+01 3.593136e+01 3.593795e+01 3.594454e+01 3.595113e+01 3.595771e+01 3.596430e+01 3.597088e+01 3.597746e+01 3.598403e+01 3.599060e+01 3.599717e+01 3.600374e+01 3.601031e+01 3.601687e+01 3.602343e+01 3.602999e+01 3.603654e+01 3.604310e+01 3.604965e+01 3.605620e+01 3.606274e+01 3.606929e+01 3.607583e+01 3.608237e+01 3.608891e+01 3.609544e+01 3.610197e+01 3.610850e+01 3.611502e+01 3.612155e+01 3.612807e+01 3.613459e+01 3.614111e+01 3.614762e+01 3.615413e+01 3.616064e+01 3.616715e+01 3.617366e+01 3.618016e+01 3.618666e+01 3.619315e+01 3.619965e+01 3.620614e+01 3.621264e+01 3.621912e+01 3.622561e+01 3.623209e+01 3.623857e+01 3.624505e+01 3.625153e+01 3.625800e+01 3.626447e+01 3.627094e+01 3.627740e+01 3.628387e+01 3.629033e+01 3.629679e+01 3.630325e+01 3.630970e+01 3.631615e+01 3.632261e+01 3.632905e+01 3.633550e+01 3.634194e+01 3.634838e+01 3.635482e+01 3.636126e+01 3.636769e+01 3.637412e+01 3.638055e+01 3.638697e+01 3.639340e+01 3.639982e+01 3.640624e+01 3.641265e+01 3.641907e+01 3.642548e+01 3.643189e+01 3.643830e+01 3.644470e+01 3.645111e+01 3.645751e+01 3.646391e+01 3.647030e+01 3.647669e+01 3.648309e+01 3.648948e+01 3.649586e+01 3.650224e+01 3.650863e+01 3.651501e+01 3.652138e+01 3.652776e+01 3.653413e+01 3.654050e+01 3.654687e+01 3.655323e+01 3.655960e+01 3.656596e+01 3.657232e+01 3.657867e+01 3.658503e+01 3.659138e+01 3.659772e+01 3.660407e+01 3.661042e+01 3.661676e+01 3.662310e+01 3.662944e+01 3.663577e+01 3.664211e+01 3.664844e+01 3.665477e+01 3.666109e+01 3.666742e+01 3.667374e+01 3.668006e+01 3.668637e+01 3.669269e+01 3.669901e+01 3.670531e+01 3.671162e+01 3.671793e+01 3.672423e+01 3.673053e+01 3.673683e+01 3.674313e+01 3.674942e+01 3.675571e+01 3.676200e+01 3.676829e+01 3.677458e+01 3.678086e+01 3.678714e+01 3.679342e+01 3.679970e+01 3.680597e+01 3.681224e+01 3.681851e+01 3.682478e+01 3.683104e+01 3.683731e+01 3.684357e+01 3.684983e+01 3.685608e+01 3.686234e+01 3.686859e+01 3.687484e+01 3.688108e+01 3.688733e+01 3.689357e+01 3.689981e+01 3.690605e+01 3.691228e+01 3.691852e+01 3.692475e+01 3.693098e+01 3.693721e+01 3.694343e+01 3.694965e+01 3.695588e+01 3.696209e+01 3.696831e+01 3.697452e+01 3.698073e+01 3.698694e+01 3.699315e+01 3.699936e+01 3.700556e+01 3.701176e+01 3.701796e+01 3.702415e+01 3.703035e+01 3.703654e+01 3.704272e+01 3.704891e+01 3.705510e+01 3.706128e+01 3.706746e+01 3.707364e+01 3.707981e+01 3.708599e+01 3.709216e+01 3.709833e+01 3.710450e+01 3.711066e+01 3.711683e+01 3.712299e+01 3.712915e+01 3.713530e+01 3.714146e+01 3.714761e+01 3.715376e+01</elevationAngle>
        <elevationPattern count="676">-3.091944e+13 2.789456e+14 -3.099647e+13 2.807108e+14 -3.107346e+13 2.824752e+14 -3.114717e+13 2.842368e+14 -3.120006e+13 2.859837e+14 -3.125292e+13 2.877298e+14 -3.130576e+13 2.894751e+14 -3.135857e+13 2.912196e+14 -3.141136e+13 2.929634e+14 -3.146414e+13 2.947064e+14 -3.149273e+13 2.964628e+14 -3.151830e+13 2.982203e+14 -3.154384e+13 2.999769e+14 -3.156938e+13 3.017328e+14 -3.159491e+13 3.034879e+14 -3.162043e+13 3.052423e+14 -3.162700e+13 3.069957e+14 -3.162224e+13 3.087487e+14 -3.161745e+13 3.105006e+14 -3.161267e+13 3.122518e+14 -3.160790e+13 3.140023e+14 -3.160312e+13 3.157519e+14 -3.158798e+13 3.174954e+14 -3.155301e+13 3.192275e+14 -3.151808e+13 3.209592e+14 -3.148315e+13 3.226899e+14 -3.144823e+13 3.244198e+14 -3.141333e+13 3.261490e+14 -3.137694e+13 3.278775e+14 -3.130878e+13 3.296051e+14 -3.124065e+13 3.313320e+14 -3.117257e+13 3.330583e+14 -3.110450e+13 3.347836e+14 -3.103646e+13 3.365082e+14 -3.096845e+13 3.382321e+14 -3.087630e+13 3.399553e+14 -3.077516e+13 3.416777e+14 -3.067408e+13 3.433993e+14 -3.057304e+13 3.451202e+14 -3.047204e+13 3.468403e+14 -3.037109e+13 3.485596e+14 -3.025526e+13 3.502721e+14 -3.011655e+13 3.519741e+14 -2.997792e+13 3.536754e+14 -2.983935e+13 3.553761e+14 -2.970085e+13 3.570760e+14 -2.956240e+13 3.587751e+14 -2.942238e+13 3.604728e+14 -2.924633e+13 3.621547e+14 -2.907035e+13 3.638359e+14 -2.889446e+13 3.655164e+14 -2.871863e+13 3.671959e+14 -2.854289e+13 3.688750e+14 -2.836722e+13 3.705533e+14 -2.816522e+13 3.722204e+14 -2.795052e+13 3.738814e+14 -2.773592e+13 3.755418e+14 -2.752142e+13 3.772016e+14 -2.730700e+13 3.788604e+14 -2.709268e+13 3.805187e+14 -2.686722e+13 3.821673e+14 -2.661401e+13 3.837929e+14 -2.636091e+13 3.854176e+14 -2.610792e+13 3.870417e+14 -2.585503e+13 3.886651e+14 -2.560227e+13 3.902879e+14 -2.534961e+13 3.919100e+14 -2.505990e+13 3.935175e+14 -2.476539e+13 3.951226e+14 -2.447100e+13 3.967270e+14 -2.417673e+13 3.983305e+14 -2.388260e+13 3.999334e+14 -2.358860e+13 4.015359e+14 -2.327467e+13 4.031302e+14 -2.293739e+13 4.047154e+14 -2.260027e+13 4.063002e+14 -2.226329e+13 4.078841e+14 -2.192646e+13 4.094675e+14 -2.158976e+13 4.110499e+14 -2.125237e+13 4.126309e+14 -2.087411e+13 4.141656e+14 -2.049602e+13 4.156998e+14 -2.011809e+13 4.172332e+14 -1.974032e+13 4.187659e+14 -1.936271e+13 4.202979e+14 -1.898527e+13 4.218293e+14 -1.858279e+13 4.233515e+14 -1.816085e+13 4.248662e+14 -1.773909e+13 4.263802e+14 -1.731751e+13 4.278934e+14 -1.689611e+13 4.294063e+14 -1.647490e+13 4.309183e+14 -1.605002e+13 4.324270e+14 -1.558446e+13 4.339071e+14 -1.511910e+13 4.353863e+14 -1.465393e+13 4.368650e+14 -1.418897e+13 4.383432e+14 -1.372421e+13 4.398205e+14 -1.325963e+13 4.412971e+14 -1.276989e+13 4.427552e+14 -1.226284e+13 4.441999e+14 -1.175600e+13 4.456440e+14 -1.124938e+13 4.470876e+14 -1.074298e+13 4.485304e+14 -1.023680e+13 4.499729e+14 -9.727219e+12 4.514120e+14 -9.176084e+12 4.528223e+14 -8.625190e+12 4.542323e+14 -8.074529e+12 4.556415e+14 -7.524097e+12 4.570500e+14 -6.973903e+12 4.584580e+14 -6.423945e+12 4.598655e+14 -5.849707e+12 4.612471e+14 -5.255583e+12 4.626074e+14 -4.661713e+12 4.639674e+14 -4.068092e+12 4.653263e+14 -3.474725e+12 4.666850e+14 -2.881611e+12 4.680433e+14 -2.288730e+12 4.694007e+14 -1.652514e+12 4.707270e+14 -1.016568e+12 4.720527e+14 -3.808926e+11 4.733780e+14 2.545137e+11 4.747028e+14 8.896508e+11 4.760269e+14 1.524519e+12 4.773506e+14 2.178171e+12 4.786537e+14 2.856433e+12 4.799307e+14 3.534408e+12 4.812071e+14 4.212095e+12 4.824828e+14 4.889496e+12 4.837580e+14 5.566611e+12 4.850327e+14 6.243441e+12 4.863071e+14 6.956260e+12 4.875548e+14 7.675258e+12 4.887977e+14 8.393952e+12 4.900400e+14 9.112340e+12 4.912815e+14 9.830430e+12 4.925229e+14 1.054822e+13 4.937635e+14 1.127592e+13 4.949925e+14 1.203483e+13 4.961869e+14 1.279341e+13 4.973807e+14 1.355168e+13 4.985739e+14 1.430963e+13 4.997667e+14 1.506726e+13 5.009591e+14 1.582457e+13 5.021507e+14 1.660786e+13 5.033232e+14 1.740675e+13 5.044840e+14 1.820530e+13 5.056442e+14 1.900350e+13 5.068037e+14 1.980138e+13 5.079630e+14 2.059892e+13 5.091217e+14 2.139612e+13 5.102797e+14 2.223141e+13 5.113933e+14 2.306702e+13 5.125055e+14 2.390228e+13 5.136170e+14 2.473720e+13 5.147282e+14 2.557176e+13 5.158390e+14 2.640598e+13 5.169494e+14 2.725199e+13 5.180399e+14 2.812296e+13 5.190889e+14 2.899361e+13 5.201382e+14 2.986388e+13 5.211865e+14 3.073379e+13 5.222347e+14 3.160333e+13 5.232823e+14 3.247251e+13 5.243295e+14 3.336645e+13 5.253571e+14 3.427376e+13 5.263733e+14 3.518070e+13 5.273893e+14 3.608727e+13 5.284050e+14 3.699346e+13 5.294203e+14 3.789928e+13 5.304351e+14 3.880471e+13 5.314493e+14 3.974233e+13 5.324206e+14 4.068129e+13 5.333893e+14 4.161986e+13 5.343578e+14 4.255804e+13 5.353256e+14 4.349584e+13 5.362934e+14 4.443322e+13 5.372603e+14 4.537758e+13 5.382167e+14 4.634543e+13 5.391385e+14 4.731286e+13 5.400598e+14 4.827990e+13 5.409807e+14 4.924655e+13 5.419015e+14 5.021279e+13 5.428218e+14 5.117864e+13 5.437417e+14 5.216117e+13 5.446312e+14 5.316031e+13 5.454911e+14 5.415903e+13 5.463506e+14 5.515734e+13 5.472096e+14 5.615523e+13 5.480682e+14 5.715273e+13 5.489267e+14 5.814979e+13 5.497847e+14 5.916749e+13 5.506201e+14 6.019182e+13 5.514478e+14 6.121574e+13 5.522752e+14 6.223924e+13 5.531025e+14 6.326230e+13 5.539290e+14 6.428494e+13 5.547554e+14 6.530716e+13 5.555815e+14 6.635349e+13 5.563497e+14 6.739991e+13 5.571159e+14 6.844592e+13 5.578819e+14 6.949149e+13 5.586477e+14 7.053663e+13 5.594132e+14 7.158135e+13 5.601783e+14 7.263064e+13 5.609378e+14 7.370092e+13 5.616728e+14 7.477082e+13 5.624076e+14 7.584026e+13 5.631422e+14 7.690927e+13 5.638764e+14 7.797783e+13 5.646103e+14 7.904597e+13 5.653440e+14 8.012030e+13 5.660551e+14 8.120516e+13 5.667295e+14 8.228953e+13 5.674033e+14 8.337352e+13 5.680773e+14 8.445703e+13 5.687508e+14 8.554013e+13 5.694241e+14 8.662273e+13 5.700970e+14 8.771135e+13 5.707455e+14 8.880481e+13 5.713743e+14 8.989778e+13 5.720025e+14 9.099033e+13 5.726306e+14 9.208243e+13 5.732584e+14 9.317411e+13 5.738861e+14 9.426532e+13 5.745134e+14 9.536939e+13 5.751096e+14 9.647866e+13 5.756927e+14 9.758750e+13 5.762757e+14 9.869583e+13 5.768581e+14 9.980375e+13 5.774404e+14 1.009112e+14 5.780227e+14 1.020182e+14 5.786044e+14 1.031235e+14 5.791496e+14 1.042282e+14 5.796874e+14 1.053324e+14 5.802250e+14 1.064362e+14 5.807622e+14 1.075395e+14 5.812995e+14 1.086424e+14 5.818363e+14 1.097448e+14 5.823729e+14 1.108743e+14 5.828682e+14 1.120048e+14 5.833610e+14 1.131348e+14 5.838535e+14 1.142644e+14 5.843459e+14 1.153936e+14 5.848384e+14 1.165222e+14 5.853301e+14 1.176505e+14 5.858194e+14 1.187783e+14 5.862534e+14 1.199056e+14 5.866867e+14 1.210324e+14 5.871201e+14 1.221588e+14 5.875534e+14 1.232848e+14 5.879864e+14 1.244103e+14 5.884194e+14 1.255353e+14 5.888450e+14 1.266599e+14 5.892201e+14 1.277840e+14 5.895947e+14 1.289077e+14 5.899693e+14 1.300308e+14 5.903436e+14 1.311537e+14 5.907181e+14 1.322759e+14 5.910919e+14 1.333978e+14 5.914608e+14 1.345192e+14 5.918060e+14 1.356401e+14 5.921507e+14 1.367607e+14 5.924956e+14 1.378807e+14 5.928401e+14 1.390003e+14 5.931848e+14 1.401194e+14 5.935290e+14 1.412413e+14 5.938581e+14 1.423738e+14 5.941305e+14 1.435059e+14 5.944026e+14 1.446376e+14 5.946749e+14 1.457689e+14 5.949470e+14 1.468997e+14 5.952190e+14 1.480300e+14 5.954906e+14 1.491565e+14 5.957526e+14 1.502717e+14 5.959813e+14 1.513863e+14 5.962100e+14 1.525006e+14 5.964386e+14 1.536143e+14 5.966670e+14 1.547277e+14 5.968954e+14 1.558406e+14 5.971238e+14 1.569497e+14 5.973420e+14 1.580475e+14 5.975275e+14 1.591448e+14 5.977129e+14 1.602416e+14 5.978979e+14 1.613381e+14 5.980831e+14 1.624341e+14 5.982680e+14 1.635297e+14 5.984531e+14 1.646248e+14 5.986262e+14 1.657194e+14 5.987541e+14 1.668137e+14 5.988821e+14 1.679074e+14 5.990098e+14 1.690008e+14 5.991376e+14 1.700938e+14 5.992656e+14 1.711863e+14 5.993932e+14 1.722760e+14 5.995117e+14 1.733535e+14 5.995825e+14 1.744305e+14 5.996533e+14 1.755071e+14 5.997241e+14 1.765833e+14 5.997949e+14 1.776590e+14 5.998657e+14 1.787343e+14 5.999365e+14 1.798064e+14 6.000015e+14 1.808525e+14 6.000156e+14 1.818983e+14 6.000297e+14 1.829436e+14 6.000438e+14 1.839886e+14 6.000580e+14 1.850331e+14 6.000722e+14 1.860772e+14 6.000861e+14 1.871206e+14 6.000995e+14 1.881498e+14 6.000712e+14 1.891786e+14 6.000430e+14 1.902070e+14 6.000150e+14 1.912349e+14 5.999869e+14 1.922625e+14 5.999587e+14 1.932896e+14 5.999304e+14 1.943164e+14 5.999023e+14 1.953169e+14 5.998227e+14 1.963147e+14 5.997384e+14 1.973121e+14 5.996539e+14 1.983092e+14 5.995696e+14 1.993059e+14 5.994857e+14 2.003021e+14 5.994014e+14 2.012980e+14 5.993171e+14 2.022823e+14 5.991995e+14 2.032633e+14 5.990734e+14 2.042439e+14 5.989472e+14 2.052242e+14 5.988211e+14 2.062041e+14 5.986952e+14 2.071837e+14 5.985693e+14 2.081628e+14 5.984434e+14 2.091140e+14 5.982717e+14 2.100505e+14 5.980760e+14 2.109865e+14 5.978804e+14 2.119222e+14 5.976848e+14 2.128576e+14 5.974895e+14 2.137926e+14 5.972941e+14 2.147271e+14 5.970988e+14 2.156476e+14 5.968829e+14 2.165536e+14 5.966460e+14 2.174592e+14 5.964091e+14 2.183645e+14 5.961724e+14 2.192694e+14 5.959358e+14 2.201740e+14 5.956991e+14 2.210782e+14 5.954627e+14 2.219690e+14 5.952133e+14 2.228308e+14 5.949351e+14 2.236923e+14 5.946574e+14 2.245534e+14 5.943795e+14 2.254142e+14 5.941020e+14 2.262746e+14 5.938243e+14 2.271348e+14 5.935468e+14 2.279915e+14 5.932618e+14 2.288232e+14 5.929153e+14 2.296546e+14 5.925689e+14 2.304857e+14 5.922226e+14 2.313165e+14 5.918766e+14 2.321469e+14 5.915305e+14 2.329770e+14 5.911846e+14 2.338067e+14 5.908387e+14 2.345872e+14 5.904565e+14 2.353610e+14 5.900695e+14 2.361346e+14 5.896828e+14 2.369079e+14 5.892962e+14 2.376808e+14 5.889096e+14 2.384534e+14 5.885232e+14 2.392258e+14 5.881371e+14 2.399801e+14 5.877066e+14 2.407242e+14 5.872517e+14 2.414682e+14 5.867972e+14 2.422118e+14 5.863428e+14 2.429552e+14 5.858887e+14 2.436982e+14 5.854344e+14 2.444409e+14 5.849804e+14 2.451571e+14 5.845111e+14 2.458306e+14 5.840164e+14 2.465038e+14 5.835216e+14 2.471768e+14 5.830273e+14 2.478494e+14 5.825332e+14 2.485219e+14 5.820391e+14 2.491939e+14 5.815452e+14 2.498632e+14 5.810476e+14 2.505074e+14 5.805131e+14 2.511514e+14 5.799788e+14 2.517951e+14 5.794444e+14 2.524385e+14 5.789105e+14 2.530818e+14 5.783768e+14 2.537248e+14 5.778433e+14 2.543675e+14 5.773100e+14 2.549557e+14 5.767226e+14 2.555296e+14 5.761213e+14 2.561033e+14 5.755203e+14 2.566768e+14 5.749195e+14 2.572500e+14 5.743189e+14 2.578231e+14 5.737188e+14 2.583959e+14 5.731186e+14 2.589429e+14 5.724995e+14 2.594607e+14 5.718589e+14 2.599784e+14 5.712188e+14 2.604958e+14 5.705788e+14 2.610131e+14 5.699391e+14 2.615302e+14 5.692995e+14 2.620470e+14 5.686602e+14 2.625569e+14 5.680144e+14 2.630191e+14 5.673214e+14 2.634810e+14 5.666287e+14 2.639428e+14 5.659360e+14 2.644043e+14 5.652435e+14 2.648657e+14 5.645514e+14 2.653269e+14 5.638595e+14 2.657880e+14 5.631680e+14 2.662078e+14 5.624357e+14 2.666142e+14 5.616904e+14 2.670206e+14 5.609456e+14 2.674268e+14 5.602009e+14 2.678328e+14 5.594566e+14 2.682386e+14 5.587124e+14 2.686444e+14 5.579687e+14 2.690249e+14 5.572102e+14 2.693627e+14 5.564264e+14 2.697004e+14 5.556428e+14 2.700380e+14 5.548597e+14 2.703754e+14 5.540768e+14 2.707128e+14 5.532943e+14 2.710501e+14 5.525121e+14 2.713870e+14 5.517299e+14 2.716721e+14 5.508836e+14 2.719550e+14 5.500348e+14 2.722378e+14 5.491863e+14 2.725206e+14 5.483384e+14 2.728032e+14 5.474906e+14 2.730857e+14 5.466432e+14 2.733680e+14 5.457959e+14 2.736145e+14 5.449348e+14 2.738295e+14 5.440615e+14 2.740443e+14 5.431884e+14 2.742591e+14 5.423157e+14 2.744739e+14 5.414433e+14 2.746887e+14 5.405715e+14 2.749032e+14 5.396997e+14 2.751121e+14 5.388228e+14 2.752595e+14 5.378847e+14 2.754068e+14 5.369469e+14 2.755542e+14 5.360097e+14 2.757014e+14 5.350727e+14 2.758486e+14 5.341362e+14 2.759958e+14 5.332000e+14 2.761429e+14 5.322641e+14 2.762572e+14 5.313040e+14 2.763507e+14 5.303286e+14 2.764442e+14 5.293537e+14 2.765375e+14 5.283790e+14 2.766310e+14 5.274050e+14 2.767244e+14 5.264312e+14 2.768178e+14 5.254577e+14 2.769016e+14 5.244784e+14 2.769149e+14 5.234523e+14 2.769283e+14 5.224269e+14 2.769415e+14 5.214015e+14 2.769549e+14 5.203767e+14 2.769681e+14 5.193521e+14 2.769816e+14 5.183283e+14 2.769948e+14 5.173045e+14 2.769680e+14 5.162572e+14 2.769148e+14 5.151943e+14 2.768615e+14 5.141318e+14 2.768085e+14 5.130699e+14 2.767555e+14 5.120085e+14 2.767024e+14 5.109472e+14 2.766493e+14 5.098865e+14 2.765926e+14 5.088233e+14 2.764866e+14 5.077236e+14 2.763807e+14 5.066242e+14 2.762747e+14 5.055254e+14 2.761689e+14 5.044270e+14 2.760631e+14 5.033290e+14 2.759572e+14 5.022312e+14 2.758515e+14 5.011340e+14 2.757050e+14 5.000099e+14 2.755201e+14 4.988607e+14 2.753353e+14 4.977120e+14 2.751505e+14 4.965635e+14 2.749657e+14 4.954155e+14 2.747811e+14 4.942680e+14 2.745964e+14 4.931209e+14 2.744119e+14 4.919741e+14 2.741659e+14 4.907909e+14 2.739156e+14 4.896056e+14 2.736655e+14 4.884207e+14 2.734155e+14 4.872363e+14 2.731655e+14 4.860523e+14 2.729156e+14 4.848687e+14 2.726658e+14 4.836856e+14 2.723986e+14 4.824897e+14 2.720964e+14 4.812680e+14 2.717943e+14 4.800468e+14 2.714925e+14 4.788261e+14 2.711907e+14 4.776058e+14 2.708890e+14 4.763860e+14 2.705875e+14 4.751666e+14 2.702860e+14 4.739477e+14 2.699379e+14 4.727011e+14 2.695711e+14 4.714438e+14 2.692044e+14 4.701869e+14 2.688381e+14 4.689306e+14 2.684718e+14 4.676748e+14 2.681056e+14 4.664193e+14 2.677396e+14 4.651643e+14 2.673690e+14 4.639061e+14 2.669379e+14 4.625998e+14 2.665071e+14 4.612942e+14 2.660763e+14 4.599887e+14 2.656457e+14 4.586839e+14 2.652152e+14 4.573795e+14 2.647850e+14 4.560757e+14 2.643549e+14 4.547723e+14 2.639090e+14 4.534535e+14 2.634401e+14 4.521121e+14 2.629714e+14 4.507709e+14 2.625029e+14 4.494305e+14 2.620345e+14 4.480905e+14 2.615663e+14 4.467510e+14 2.610984e+14 4.454120e+14 2.606305e+14 4.440734e+14 2.601160e+14 4.427167e+14 2.595837e+14 4.413533e+14 2.590514e+14 4.399902e+14 2.585194e+14 4.386277e+14 2.579876e+14 4.372657e+14 2.574559e+14 4.359042e+14 2.569245e+14 4.345432e+14 2.563925e+14 4.331824e+14 2.557967e+14 4.317835e+14 2.552012e+14 4.303853e+14 2.546058e+14 4.289875e+14 2.540106e+14 4.275902e+14 2.534158e+14 4.261935e+14 2.528210e+14 4.247971e+14 2.522265e+14 4.234013e+14 2.516213e+14 4.220025e+14 2.509885e+14 4.205949e+14 2.503560e+14 4.191878e+14 2.497236e+14 4.177812e+14 2.490915e+14 4.163751e+14 2.484597e+14 4.149696e+14 2.478281e+14 4.135644e+14 2.471967e+14 4.121601e+14 2.465315e+14 4.107357e+14 2.458362e+14 4.092935e+14 2.451411e+14 4.078519e+14 2.444463e+14 4.064108e+14 2.437517e+14 4.049703e+14 2.430575e+14 4.035303e+14 2.423634e+14 4.020908e+14 2.416696e+14 4.006518e+14 2.409470e+14 3.991940e+14 2.402152e+14 3.977305e+14 2.394837e+14 3.962674e+14 2.387525e+14 3.948049e+14 2.380215e+14 3.933430e+14 2.372907e+14 3.918815e+14 2.365603e+14 3.904207e+14 2.358301e+14 3.889603e+14 2.350634e+14 3.874882e+14 2.342953e+14 3.860160e+14 2.335277e+14 3.845447e+14 2.327601e+14 3.830735e+14 2.319929e+14 3.816031e+14 2.312260e+14 3.801331e+14 2.304593e+14 3.786636e+14 2.296876e+14 3.771931e+14 2.288832e+14 3.757120e+14 2.280791e+14 3.742313e+14 2.272753e+14 3.727514e+14 2.264718e+14 3.712719e+14 2.256686e+14 3.697929e+14 2.248656e+14 3.683145e+14 2.240630e+14 3.668366e+14 2.232493e+14 3.653556e+14 2.224090e+14 3.638659e+14 2.215691e+14 3.623771e+14 2.207294e+14 3.608885e+14 2.198901e+14 3.594006e+14 2.190511e+14 3.579133e+14 2.182124e+14 3.564265e+14 2.173739e+14 3.549401e+14 2.165193e+14 3.534489e+14 2.156434e+14 3.519511e+14 2.147678e+14 3.504537e+14 2.138926e+14 3.489569e+14 2.130176e+14 3.474605e+14 2.121430e+14 3.459649e+14 2.112687e+14 3.444697e+14 2.103947e+14 3.429750e+14 2.095142e+14 3.414741e+14 2.086282e+14 3.399679e+14 2.077424e+14 3.384621e+14 2.068571e+14 3.369570e+14 2.059720e+14 3.354524e+14 2.050873e+14 3.339484e+14 2.042029e+14 3.324450e+14 2.033188e+14 3.309419e+14 2.024109e+14 3.294397e+14 2.014895e+14 3.279377e+14 2.005686e+14 3.264364e+14 1.996479e+14 3.249356e+14 1.987276e+14 3.234355e+14 1.978076e+14 3.219356e+14 1.968880e+14 3.204365e+14 1.959686e+14 3.189379e+14 1.950408e+14 3.174399e+14 1.941095e+14 3.159423e+14 1.931786e+14 3.144453e+14 1.922480e+14 3.129488e+14 1.913178e+14 3.114530e+14 1.903879e+14 3.099576e+14 1.894584e+14 3.084627e+14 1.885291e+14 3.069684e+14 1.875908e+14 3.054747e+14 1.866497e+14 3.039816e+14 1.857089e+14 3.024888e+14 1.847685e+14 3.009966e+14 1.838284e+14 2.995050e+14 1.828886e+14 2.980139e+14 1.819492e+14 2.965233e+14 1.810101e+14 2.950333e+14 1.800617e+14 2.935440e+14 1.791107e+14 2.920549e+14 1.781601e+14 2.905665e+14 1.772099e+14 2.890787e+14 1.762600e+14 2.875913e+14 1.753105e+14 2.861045e+14 1.743612e+14 2.846182e+14 1.734123e+14 2.831325e+14 1.724542e+14 2.816570e+14 1.714935e+14 2.801848e+14 1.705332e+14 2.787132e+14 1.695732e+14 2.772420e+14 1.686135e+14 2.757714e+14 1.676542e+14 2.743013e+14 1.666952e+14 2.728317e+14 1.657367e+14 2.713627e+14 1.647784e+14 2.699035e+14 1.638204e+14 2.684479e+14 1.628629e+14 2.669929e+14 1.619056e+14 2.655384e+14 1.609487e+14 2.640844e+14 1.599922e+14 2.626310e+14 1.590359e+14 2.611780e+14 1.580801e+14 2.597256e+14 1.571245e+14 2.582911e+14 1.561693e+14 2.568645e+14 1.552145e+14 2.554385e+14 1.542600e+14 2.540130e+14 1.533057e+14 2.525878e+14 1.523519e+14 2.511632e+14 1.513985e+14 2.497393e+14 1.504452e+14 2.483156e+14 1.494925e+14 2.468927e+14 1.485400e+14 2.454701e+14 1.475878e+14 2.440481e+14 1.466360e+14 2.426265e+14 1.456845e+14 2.412054e+14 1.447334e+14 2.397849e+14 1.437826e+14 2.383649e+14 1.428322e+14 2.369455e+14 1.418888e+14 2.355467e+14 1.409513e+14 2.341651e+14 1.400142e+14 2.327841e+14 1.390774e+14 2.314036e+14 1.381410e+14 2.300236e+14 1.372049e+14 2.286441e+14 1.362691e+14 2.272650e+14 1.353336e+14 2.258864e+14 1.344038e+14 2.245136e+14 1.334813e+14 2.231484e+14</elevationPattern>
        <incidenceAngle count="676">3.653909e+01 3.654845e+01 3.655779e+01 3.656712e+01 3.657646e+01 3.658578e+01 3.659512e+01 3.660445e+01 3.661377e+01 3.662308e+01 3.663239e+01 3.664169e+01 3.665100e+01 3.666031e+01 3.666960e+01 3.667889e+01 3.668819e+01 3.669748e+01 3.670676e+01 3.671603e+01 3.672531e+01 3.673457e+01 3.674385e+01 3.675311e+01 3.676236e+01 3.677162e+01 3.678087e+01 3.679012e+01 3.679936e+01 3.680861e+01 3.681784e+01 3.682707e+01 3.683630e+01 3.684554e+01 3.685475e+01 3.686397e+01 3.687318e+01 3.688240e+01 3.689160e+01 3.690080e+01 3.691000e+01 3.691920e+01 3.692839e+01 3.693758e+01 3.694676e+01 3.695595e+01 3.696512e+01 3.697429e+01 3.698346e+01 3.699263e+01 3.700179e+01 3.701094e+01 3.702010e+01 3.702925e+01 3.703841e+01 3.704755e+01 3.705669e+01 3.706581e+01 3.707495e+01 3.708408e+01 3.709320e+01 3.710233e+01 3.711145e+01 3.712056e+01 3.712967e+01 3.713878e+01 3.714787e+01 3.715698e+01 3.716608e+01 3.717517e+01 3.718425e+01 3.719334e+01 3.720242e+01 3.721150e+01 3.722057e+01 3.722964e+01 3.723871e+01 3.724777e+01 3.725684e+01 3.726588e+01 3.727493e+01 3.728398e+01 3.729303e+01 3.730208e+01 3.731111e+01 3.732014e+01 3.732918e+01 3.733821e+01 3.734723e+01 3.735625e+01 3.736526e+01 3.737428e+01 3.738329e+01 3.739229e+01 3.740129e+01 3.741029e+01 3.741928e+01 3.742828e+01 3.743727e+01 3.744624e+01 3.745523e+01 3.746420e+01 3.747318e+01 3.748215e+01 3.749112e+01 3.750008e+01 3.750903e+01 3.751799e+01 3.752695e+01 3.753590e+01 3.754485e+01 3.755379e+01 3.756273e+01 3.757166e+01 3.758058e+01 3.758952e+01 3.759843e+01 3.760736e+01 3.761627e+01 3.762520e+01 3.763411e+01 3.764301e+01 3.765192e+01 3.766081e+01 3.766971e+01 3.767860e+01 3.768748e+01 3.769638e+01 3.770526e+01 3.771414e+01 3.772301e+01 3.773189e+01 3.774075e+01 3.774962e+01 3.775848e+01 3.776733e+01 3.777620e+01 3.778505e+01 3.779390e+01 3.780273e+01 3.781158e+01 3.782042e+01 3.782925e+01 3.783807e+01 3.784691e+01 3.785573e+01 3.786455e+01 3.787337e+01 3.788219e+01 3.789099e+01 3.789980e+01 3.790860e+01 3.791740e+01 3.792619e+01 3.793500e+01 3.794379e+01 3.795258e+01 3.796135e+01 3.797014e+01 3.797891e+01 3.798769e+01 3.799644e+01 3.800522e+01 3.801398e+01 3.802274e+01 3.803149e+01 3.804025e+01 3.804900e+01 3.805774e+01 3.806648e+01 3.807523e+01 3.808395e+01 3.809270e+01 3.810143e+01 3.811015e+01 3.811887e+01 3.812759e+01 3.813631e+01 3.814502e+01 3.815373e+01 3.816243e+01 3.817113e+01 3.817982e+01 3.818852e+01 3.819722e+01 3.820590e+01 3.821460e+01 3.822328e+01 3.823196e+01 3.824063e+01 3.824930e+01 3.825798e+01 3.826665e+01 3.827530e+01 3.828397e+01 3.829262e+01 3.830127e+01 3.830992e+01 3.831857e+01 3.832721e+01 3.833585e+01 3.834448e+01 3.835312e+01 3.836176e+01 3.837038e+01 3.837900e+01 3.838762e+01 3.839624e+01 3.840485e+01 3.841347e+01 3.842207e+01 3.843066e+01 3.843927e+01 3.844788e+01 3.845647e+01 3.846506e+01 3.847365e+01 3.848222e+01 3.849081e+01 3.849939e+01 3.850797e+01 3.851653e+01 3.852510e+01 3.853366e+01 3.854222e+01 3.855078e+01 3.855934e+01 3.856789e+01 3.857645e+01 3.858499e+01 3.859354e+01 3.860207e+01 3.861061e+01 3.861914e+01 3.862767e+01 3.863620e+01 3.864471e+01 3.865324e+01 3.866176e+01 3.867027e+01 3.867879e+01 3.868729e+01 3.869579e+01 3.870430e+01 3.871278e+01 3.872128e+01 3.872978e+01 3.873827e+01 3.874675e+01 3.875523e+01 3.876372e+01 3.877219e+01 3.878065e+01 3.878912e+01 3.879759e+01 3.880606e+01 3.881451e+01 3.882298e+01 3.883144e+01 3.883989e+01 3.884833e+01 3.885678e+01 3.886522e+01 3.887366e+01 3.888210e+01 3.889052e+01 3.889896e+01 3.890738e+01 3.891580e+01 3.892422e+01 3.893263e+01 3.894106e+01 3.894946e+01 3.895787e+01 3.896626e+01 3.897467e+01 3.898306e+01 3.899147e+01 3.899986e+01 3.900824e+01 3.901663e+01 3.902501e+01 3.903339e+01 3.904176e+01 3.905014e+01 3.905852e+01 3.906688e+01 3.907524e+01 3.908360e+01 3.909196e+01 3.910031e+01 3.910867e+01 3.911702e+01 3.912537e+01 3.913371e+01 3.914204e+01 3.915038e+01 3.915872e+01 3.916705e+01 3.917537e+01 3.918370e+01 3.919202e+01 3.920033e+01 3.920865e+01 3.921696e+01 3.922528e+01 3.923358e+01 3.924188e+01 3.925018e+01 3.925848e+01 3.926677e+01 3.927507e+01 3.928336e+01 3.929164e+01 3.929993e+01 3.930820e+01 3.931648e+01 3.932475e+01 3.933302e+01 3.934129e+01 3.934955e+01 3.935782e+01 3.936607e+01 3.937433e+01 3.938258e+01 3.939082e+01 3.939908e+01 3.940732e+01 3.941556e+01 3.942380e+01 3.943204e+01 3.944026e+01 3.944849e+01 3.945671e+01 3.946494e+01 3.947316e+01 3.948137e+01 3.948959e+01 3.949780e+01 3.950601e+01 3.951421e+01 3.952242e+01 3.953061e+01 3.953880e+01 3.954700e+01 3.955519e+01 3.956339e+01 3.957156e+01 3.957974e+01 3.958792e+01 3.959610e+01 3.960426e+01 3.961244e+01 3.962061e+01 3.962877e+01 3.963693e+01 3.964510e+01 3.965324e+01 3.966139e+01 3.966954e+01 3.967769e+01 3.968584e+01 3.969397e+01 3.970212e+01 3.971025e+01 3.971838e+01 3.972652e+01 3.973463e+01 3.974275e+01 3.975089e+01 3.975900e+01 3.976711e+01 3.977522e+01 3.978333e+01 3.979144e+01 3.979955e+01 3.980765e+01 3.981573e+01 3.982384e+01 3.983192e+01 3.984001e+01 3.984810e+01 3.985619e+01 3.986426e+01 3.987234e+01 3.988042e+01 3.988849e+01 3.989656e+01 3.990462e+01 3.991269e+01 3.992075e+01 3.992880e+01 3.993686e+01 3.994490e+01 3.995296e+01 3.996100e+01 3.996904e+01 3.997708e+01 3.998512e+01 3.999316e+01 4.000119e+01 4.000922e+01 4.001724e+01 4.002527e+01 4.003329e+01 4.004131e+01 4.004932e+01 4.005733e+01 4.006534e+01 4.007335e+01 4.008136e+01 4.008936e+01 4.009735e+01 4.010535e+01 4.011334e+01 4.012132e+01 4.012932e+01 4.013730e+01 4.014528e+01 4.015326e+01 4.016124e+01 4.016920e+01 4.017719e+01 4.018515e+01 4.019312e+01 4.020108e+01 4.020903e+01 4.021700e+01 4.022495e+01 4.023289e+01 4.024084e+01 4.024879e+01 4.025673e+01 4.026466e+01 4.027261e+01 4.028055e+01 4.028847e+01 4.029640e+01 4.030434e+01 4.031226e+01 4.032018e+01 4.032809e+01 4.033601e+01 4.034392e+01 4.035182e+01 4.035974e+01 4.036765e+01 4.037553e+01 4.038344e+01 4.039134e+01 4.039923e+01 4.040712e+01 4.041501e+01 4.042290e+01 4.043077e+01 4.043866e+01 4.044653e+01 4.045441e+01 4.046228e+01 4.047015e+01 4.047801e+01 4.048587e+01 4.049374e+01 4.050160e+01 4.050945e+01 4.051730e+01 4.052515e+01 4.053300e+01 4.054085e+01 4.054869e+01 4.055652e+01 4.056436e+01 4.057219e+01 4.058003e+01 4.058786e+01 4.059569e+01 4.060350e+01 4.061133e+01 4.061914e+01 4.062695e+01 4.063477e+01 4.064258e+01 4.065039e+01 4.065819e+01 4.066600e+01 4.067380e+01 4.068159e+01 4.068938e+01 4.069717e+01 4.070496e+01 4.071275e+01 4.072054e+01 4.072832e+01 4.073608e+01 4.074387e+01 4.075163e+01 4.075941e+01 4.076718e+01 4.077495e+01 4.078270e+01 4.079047e+01 4.079822e+01 4.080597e+01 4.081372e+01 4.082147e+01 4.082922e+01 4.083696e+01 4.084471e+01 4.085245e+01 4.086018e+01 4.086792e+01 4.087564e+01 4.088338e+01 4.089110e+01 4.089882e+01 4.090654e+01 4.091426e+01 4.092197e+01 4.092969e+01 4.093739e+01 4.094510e+01 4.095280e+01 4.096051e+01 4.096822e+01 4.097591e+01 4.098360e+01 4.099129e+01 4.099898e+01 4.100667e+01 4.101436e+01 4.102203e+01 4.102971e+01 4.103738e+01 4.104506e+01 4.105273e+01 4.106039e+01 4.106807e+01 4.107573e+01 4.108339e+01 4.109105e+01 4.109871e+01 4.110635e+01 4.111401e+01 4.112166e+01 4.112930e+01 4.113695e+01 4.114459e+01 4.115222e+01 4.115987e+01 4.116750e+01 4.117513e+01 4.118275e+01 4.119037e+01 4.119800e+01 4.120561e+01 4.121324e+01 4.122086e+01 4.122847e+01 4.123607e+01 4.124368e+01 4.125128e+01 4.125888e+01 4.126648e+01 4.127408e+01 4.128168e+01 4.128928e+01 4.129686e+01 4.130444e+01 4.131203e+01 4.131961e+01 4.132719e+01 4.133478e+01 4.134235e+01 4.134991e+01 4.135748e+01 4.136505e+01 4.137262e+01 4.138019e+01 4.138774e+01 4.139529e+01 4.140285e+01 4.141040e+01 4.141795e+01 4.142551e+01 4.143304e+01 4.144058e+01 4.144814e+01 4.145567e+01 4.146320e+01 4.147073e+01 4.147826e+01 4.148579e+01 4.149332e+01 4.150084e+01 4.150836e+01 4.151587e+01 4.152339e+01 4.153090e+01 4.153841e+01 4.154591e+01 4.155342e+01 4.156093e+01 4.156844e+01 4.157593e+01 4.158342e+01 4.159091e+01 4.159840e+01 4.160590e+01 4.161337e+01 4.162086e+01 4.162834e+01 4.163582e+01 4.164330e+01 4.165077e+01 4.165823e+01 4.166571e+01 4.167317e+01 4.168063e+01 4.168810e+01 4.169556e+01 4.170302e+01 4.171046e+01 4.171793e+01 4.172537e+01 4.173282e+01 4.174026e+01 4.174770e+01 4.175514e+01 4.176257e+01 4.177000e+01 4.177745e+01 4.178487e+01 4.179230e+01 4.179973e+01 4.180714e+01 4.181456e+01 4.182199e+01 4.182941e+01 4.183681e+01 4.184422e+01 4.185164e+01 4.185904e+01 4.186644e+01 4.187384e+01 4.188124e+01 4.188864e+01 4.189603e+01 4.190343e+01 4.191081e+01 4.191820e+01 4.192558e+01 4.193297e+01 4.194034e+01 4.194772e+01 4.195509e+01 4.196246e+01 4.196983e+01 4.197720e+01 4.198457e+01 4.199193e+01 4.199930e+01 4.200665e+01 4.201401e+01 4.202136e+01 4.202870e+01 4.203606e+01 4.204340e+01 4.205075e+01 4.205809e+01 4.206543e+01 4.207277e+01 4.208009e+01 4.208743e+01 4.209476e+01 4.210208e+01 4.210942e+01</incidenceAngle>
        <terrainHeight>2.478872984854167e+03</terrainHeight>
        <roll>3.009496790916627e+01</roll>
      </antennaPattern>
      <antennaPattern>
        <swath>IW2</swath>
        <azimuthTime>2015-05-16T13:34:31.035125</azimuthTime>
        <slantRangeTime count="676">5.646806372877616e-03 5.647392496836635e-03 5.647978620795654e-03 5.648564744754674e-03 5.649150868713693e-03 5.649736992672713e-03 5.650323116631733e-03 5.650909240590751e-03 5.651495364549771e-03 5.652081488508790e-03 5.652667612467809e-03 5.653253736426829e-03 5.653839860385848e-03 5.654425984344868e-03 5.655012108303887e-03 5.655598232262906e-03 5.656184356221925e-03 5.656770480180945e-03 5.657356604139963e-03 5.657942728098983e-03 5.658528852058003e-03 5.659114976017021e-03 5.659701099976042e-03 5.660287223935061e-03 5.660873347894080e-03 5.661459471853100e-03 5.662045595812118e-03 5.662631719771138e-03 5.663217843730157e-03 5.663803967689176e-03 5.664390091648196e-03 5.664976215607215e-03 5.665562339566235e-03 5.666148463525255e-03 5.666734587484274e-03 5.667320711443293e-03 5.667906835402312e-03 5.668492959361331e-03 5.669079083320351e-03 5.669665207279370e-03 5.670251331238389e-03 5.670837455197409e-03 5.671423579156429e-03 5.672009703115448e-03 5.672595827074467e-03 5.673181951033487e-03 5.673768074992506e-03 5.674354198951525e-03 5.674940322910545e-03 5.675526446869563e-03 5.676112570828583e-03 5.676698694787602e-03 5.677284818746622e-03 5.677870942705641e-03 5.678457066664660e-03 5.679043190623679e-03 5.679629314582699e-03 5.680215438541717e-03 5.680801562500737e-03 5.681387686459757e-03 5.681973810418776e-03 5.682559934377795e-03 5.683146058336815e-03 5.683732182295833e-03 5.684318306254853e-03 5.684904430213872e-03 5.685490554172891e-03 5.686076678131910e-03 5.686662802090930e-03 5.687248926049949e-03 5.687835050008969e-03 5.688421173967988e-03 5.689007297927007e-03 5.689593421886026e-03 5.690179545845045e-03 5.690765669804064e-03 5.691351793763084e-03 5.691937917722103e-03 5.692524041681123e-03 5.693110165640142e-03 5.693696289599161e-03 5.694282413558180e-03 5.694868537517200e-03 5.695454661476218e-03 5.696040785435238e-03 5.696626909394258e-03 5.697213033353277e-03 5.697799157312296e-03 5.698385281271316e-03 5.698971405230334e-03 5.699557529189354e-03 5.700143653148373e-03 5.700729777107392e-03 5.701315901066411e-03 5.701902025025431e-03 5.702488148984450e-03 5.703074272943470e-03 5.703660396902488e-03 5.704246520861508e-03 5.704832644820527e-03 5.705418768779546e-03 5.706004892738565e-03 5.706591016697585e-03 5.707177140656604e-03 5.707763264615624e-03 5.708349388574643e-03 5.708935512533662e-03 5.709521636492681e-03 5.710107760451701e-03 5.710693884410719e-03 5.711280008369739e-03 5.711866132328759e-03 5.712452256287778e-03 5.713038380246797e-03 5.713624504205816e-03 5.714210628164835e-03 5.714796752123855e-03 5.715382876082874e-03 5.715969000041893e-03 5.716555124000912e-03 5.717141247959932e-03 5.717727371918951e-03 5.718313495877971e-03 5.718899619836989e-03 5.719485743796009e-03 5.720071867755028e-03 5.720657991714047e-03 5.721244115673066e-03 5.721830239632086e-03 5.722416363591105e-03 5.723002487550125e-03 5.723588611509144e-03 5.724174735468163e-03 5.724760859427182e-03 5.725346983386202e-03 5.725933107345220e-03 5.726519231304240e-03 5.727105355263259e-03 5.727691479222279e-03 5.728277603181298e-03 5.728863727140317e-03 5.729449851099336e-03 5.730035975058356e-03 5.730622099017374e-03 5.731208222976394e-03 5.731794346935413e-03 5.732380470894433e-03 5.732966594853452e-03 5.733552718812472e-03 5.734138842771490e-03 5.734724966730510e-03 5.735311090689529e-03 5.735897214648548e-03 5.736483338607567e-03 5.737069462566587e-03 5.737655586525606e-03 5.738241710484626e-03 5.738827834443645e-03 5.739413958402664e-03 5.740000082361683e-03 5.740586206320702e-03 5.741172330279721e-03 5.741758454238741e-03 5.742344578197760e-03 5.742930702156780e-03 5.743516826115799e-03 5.744102950074818e-03 5.744689074033837e-03 5.745275197992857e-03 5.745861321951875e-03 5.746447445910895e-03 5.747033569869914e-03 5.747619693828934e-03 5.748205817787953e-03 5.748791941746973e-03 5.749378065705991e-03 5.749964189665011e-03 5.750550313624030e-03 5.751136437583049e-03 5.751722561542068e-03 5.752308685501088e-03 5.752894809460107e-03 5.753480933419127e-03 5.754067057378145e-03 5.754653181337165e-03 5.755239305296184e-03 5.755825429255203e-03 5.756411553214222e-03 5.756997677173242e-03 5.757583801132261e-03 5.758169925091282e-03 5.758756049050301e-03 5.759342173009321e-03 5.759928296968341e-03 5.760514420927360e-03 5.761100544886380e-03 5.761686668845399e-03 5.762272792804419e-03 5.762858916763439e-03 5.763445040722458e-03 5.764031164681478e-03 5.764617288640497e-03 5.765203412599517e-03 5.765789536558537e-03 5.766375660517556e-03 5.766961784476576e-03 5.767547908435596e-03 5.768134032394616e-03 5.768720156353636e-03 5.769306280312655e-03 5.769892404271675e-03 5.770478528230694e-03 5.771064652189714e-03 5.771650776148734e-03 5.772236900107753e-03 5.772823024066773e-03 5.773409148025792e-03 5.773995271984812e-03 5.774581395943832e-03 5.775167519902851e-03 5.775753643861871e-03 5.776339767820890e-03 5.776925891779911e-03 5.777512015738930e-03 5.778098139697950e-03 5.778684263656970e-03 5.779270387615989e-03 5.779856511575009e-03 5.780442635534028e-03 5.781028759493048e-03 5.781614883452068e-03 5.782201007411087e-03 5.782787131370107e-03 5.783373255329126e-03 5.783959379288146e-03 5.784545503247166e-03 5.785131627206185e-03 5.785717751165205e-03 5.786303875124225e-03 5.786889999083245e-03 5.787476123042264e-03 5.788062247001284e-03 5.788648370960304e-03 5.789234494919323e-03 5.789820618878343e-03 5.790406742837362e-03 5.790992866796382e-03 5.791578990755402e-03 5.792165114714421e-03 5.792751238673441e-03 5.793337362632460e-03 5.793923486591480e-03 5.794509610550500e-03 5.795095734509519e-03 5.795681858468540e-03 5.796267982427559e-03 5.796854106386579e-03 5.797440230345599e-03 5.798026354304618e-03 5.798612478263638e-03 5.799198602222657e-03 5.799784726181677e-03 5.800370850140697e-03 5.800956974099716e-03 5.801543098058736e-03 5.802129222017755e-03 5.802715345976775e-03 5.803301469935795e-03 5.803887593894814e-03 5.804473717853835e-03 5.805059841812854e-03 5.805645965771874e-03 5.806232089730893e-03 5.806818213689913e-03 5.807404337648933e-03 5.807990461607952e-03 5.808576585566972e-03 5.809162709525991e-03 5.809748833485011e-03 5.810334957444031e-03 5.810921081403050e-03 5.811507205362070e-03 5.812093329321089e-03 5.812679453280109e-03 5.813265577239129e-03 5.813851701198149e-03 5.814437825157169e-03 5.815023949116188e-03 5.815610073075208e-03 5.816196197034228e-03 5.816782320993247e-03 5.817368444952267e-03 5.817954568911286e-03 5.818540692870306e-03 5.819126816829326e-03 5.819712940788345e-03 5.820299064747365e-03 5.820885188706384e-03 5.821471312665404e-03 5.822057436624424e-03 5.822643560583443e-03 5.823229684542464e-03 5.823815808501483e-03 5.824401932460503e-03 5.824988056419522e-03 5.825574180378542e-03 5.826160304337562e-03 5.826746428296581e-03 5.827332552255601e-03 5.827918676214620e-03 5.828504800173640e-03 5.829090924132660e-03 5.829677048091679e-03 5.830263172050699e-03 5.830849296009718e-03 5.831435419968738e-03 5.832021543927758e-03 5.832607667886778e-03 5.833193791845798e-03 5.833779915804817e-03 5.834366039763837e-03 5.834952163722856e-03 5.835538287681876e-03 5.836124411640896e-03 5.836710535599915e-03 5.837296659558935e-03 5.837882783517954e-03 5.838468907476974e-03 5.839055031435994e-03 5.839641155395013e-03 5.840227279354033e-03 5.840813403313052e-03 5.841399527272073e-03 5.841985651231093e-03 5.842571775190112e-03 5.843157899149132e-03 5.843744023108151e-03 5.844330147067171e-03 5.844916271026191e-03 5.845502394985210e-03 5.846088518944230e-03 5.846674642903249e-03 5.847260766862269e-03 5.847846890821289e-03 5.848433014780308e-03 5.849019138739328e-03 5.849605262698347e-03 5.850191386657367e-03 5.850777510616387e-03 5.851363634575407e-03 5.851949758534427e-03 5.852535882493446e-03 5.853122006452466e-03 5.853708130411485e-03 5.854294254370505e-03 5.854880378329525e-03 5.855466502288544e-03 5.856052626247564e-03 5.856638750206583e-03 5.857224874165603e-03 5.857810998124623e-03 5.858397122083642e-03 5.858983246042662e-03 5.859569370001681e-03 5.860155493960702e-03 5.860741617919722e-03 5.861327741878741e-03 5.861913865837761e-03 5.862499989796780e-03 5.863086113755800e-03 5.863672237714820e-03 5.864258361673839e-03 5.864844485632859e-03 5.865430609591878e-03 5.866016733550898e-03 5.866602857509918e-03 5.867188981468937e-03 5.867775105427957e-03 5.868361229386976e-03 5.868947353345996e-03 5.869533477305016e-03 5.870119601264036e-03 5.870705725223056e-03 5.871291849182075e-03 5.871877973141095e-03 5.872464097100114e-03 5.873050221059134e-03 5.873636345018154e-03 5.874222468977173e-03 5.874808592936193e-03 5.875394716895212e-03 5.875980840854232e-03 5.876566964813252e-03 5.877153088772271e-03 5.877739212731291e-03 5.878325336690310e-03 5.878911460649331e-03 5.879497584608350e-03 5.880083708567370e-03 5.880669832526390e-03 5.881255956485409e-03 5.881842080444429e-03 5.882428204403448e-03 5.883014328362468e-03 5.883600452321488e-03 5.884186576280507e-03 5.884772700239527e-03 5.885358824198546e-03 5.885944948157566e-03 5.886531072116586e-03 5.887117196075605e-03 5.887703320034626e-03 5.888289443993645e-03 5.888875567952665e-03 5.889461691911685e-03 5.890047815870704e-03 5.890633939829724e-03 5.891220063788743e-03 5.891806187747763e-03 5.892392311706783e-03 5.892978435665802e-03 5.893564559624822e-03 5.894150683583841e-03 5.894736807542861e-03 5.895322931501881e-03 5.895909055460900e-03 5.896495179419920e-03 5.897081303378940e-03 5.897667427337960e-03 5.898253551296979e-03 5.898839675255999e-03 5.899425799215019e-03 5.900011923174038e-03 5.900598047133058e-03 5.901184171092077e-03 5.901770295051097e-03 5.902356419010117e-03 5.902942542969136e-03 5.903528666928156e-03 5.904114790887175e-03 5.904700914846195e-03 5.905287038805215e-03 5.905873162764234e-03 5.906459286723255e-03 5.907045410682274e-03 5.907631534641294e-03 5.908217658600314e-03 5.908803782559333e-03 5.909389906518353e-03 5.909976030477372e-03 5.910562154436392e-03 5.911148278395412e-03 5.911734402354431e-03 5.912320526313451e-03 5.912906650272470e-03 5.913492774231490e-03 5.914078898190510e-03 5.914665022149529e-03 5.915251146108549e-03 5.915837270067569e-03 5.916423394026589e-03 5.917009517985608e-03 5.917595641944628e-03 5.918181765903648e-03 5.918767889862667e-03 5.919354013821687e-03 5.919940137780706e-03 5.920526261739726e-03 5.921112385698746e-03 5.921698509657765e-03 5.922284633616785e-03 5.922870757575804e-03 5.923456881534824e-03 5.924043005493844e-03 5.924629129452863e-03 5.925215253411884e-03 5.925801377370903e-03 5.926387501329923e-03 5.926973625288942e-03 5.927559749247962e-03 5.928145873206982e-03 5.928731997166001e-03 5.929318121125021e-03 5.929904245084040e-03 5.930490369043060e-03 5.931076493002080e-03 5.931662616961099e-03 5.932248740920119e-03 5.932834864879138e-03 5.933420988838158e-03 5.934007112797179e-03 5.934593236756198e-03 5.935179360715218e-03 5.935765484674237e-03 5.936351608633257e-03 5.936937732592277e-03 5.937523856551296e-03 5.938109980510316e-03 5.938696104469335e-03 5.939282228428355e-03 5.939868352387375e-03 5.940454476346394e-03 5.941040600305414e-03 5.941626724264433e-03 5.942212848223453e-03 5.942798972182473e-03 5.943385096141493e-03 5.943971220100513e-03 5.944557344059532e-03 5.945143468018552e-03 5.945729591977571e-03 5.946315715936591e-03 5.946901839895611e-03 5.947487963854630e-03 5.948074087813650e-03 5.948660211772669e-03 5.949246335731689e-03 5.949832459690709e-03 5.950418583649728e-03 5.951004707608748e-03 5.951590831567767e-03 5.952176955526787e-03 5.952763079485807e-03 5.953349203444827e-03 5.953935327403847e-03 5.954521451362866e-03 5.955107575321886e-03 5.955693699280906e-03 5.956279823239925e-03 5.956865947198945e-03 5.957452071157964e-03 5.958038195116984e-03 5.958624319076004e-03 5.959210443035023e-03 5.959796566994043e-03 5.960382690953062e-03 5.960968814912082e-03 5.961554938871102e-03 5.962141062830122e-03 5.962727186789142e-03 5.963313310748161e-03 5.963899434707181e-03 5.964485558666200e-03 5.965071682625220e-03 5.965657806584240e-03 5.966243930543259e-03 5.966830054502279e-03 5.967416178461298e-03 5.968002302420318e-03 5.968588426379338e-03 5.969174550338357e-03 5.969760674297377e-03 5.970346798256396e-03 5.970932922215416e-03 5.971519046174436e-03 5.972105170133456e-03 5.972691294092476e-03 5.973277418051495e-03 5.973863542010515e-03 5.974449665969534e-03 5.975035789928554e-03 5.975621913887574e-03 5.976208037846593e-03 5.976794161805613e-03 5.977380285764632e-03 5.977966409723652e-03 5.978552533682672e-03 5.979138657641691e-03 5.979724781600711e-03 5.980310905559731e-03 5.980897029518751e-03 5.981483153477771e-03 5.982069277436790e-03 5.982655401395810e-03 5.983241525354829e-03 5.983827649313849e-03 5.984413773272869e-03 5.984999897231888e-03 5.985586021190908e-03 5.986172145149927e-03 5.986758269108947e-03 5.987344393067967e-03 5.987930517026986e-03 5.988516640986006e-03 5.989102764945025e-03 5.989688888904046e-03 5.990275012863065e-03 5.990861136822085e-03 5.991447260781105e-03 5.992033384740124e-03 5.992619508699144e-03 5.993205632658163e-03 5.993791756617183e-03 5.994377880576203e-03 5.994964004535222e-03 5.995550128494242e-03 5.996136252453261e-03 5.996722376412281e-03 5.997308500371301e-03 5.997894624330320e-03 5.998480748289340e-03 5.999066872248360e-03 5.999652996207380e-03 6.000239120166399e-03 6.000825244125419e-03 6.001411368084439e-03 6.001997492043458e-03 6.002583616002478e-03 6.003169739961497e-03 6.003755863920517e-03 6.004341987879537e-03 6.004928111838556e-03 6.005514235797576e-03 6.006100359756596e-03 6.006686483715615e-03 6.007272607674635e-03 6.007858731633654e-03 6.008444855592675e-03 6.009030979551694e-03 6.009617103510714e-03 6.010203227469734e-03 6.010789351428753e-03 6.011375475387773e-03 6.011961599346792e-03 6.012547723305812e-03 6.013133847264832e-03 6.013719971223851e-03 6.014306095182871e-03 6.014892219141890e-03 6.015478343100910e-03 6.016064467059930e-03 6.016650591018949e-03 6.017236714977970e-03 6.017822838936989e-03 6.018408962896009e-03 6.018995086855028e-03 6.019581210814048e-03 6.020167334773068e-03 6.020753458732087e-03 6.021339582691107e-03 6.021925706650126e-03 6.022511830609146e-03 6.023097954568166e-03 6.023684078527185e-03 6.024270202486205e-03 6.024856326445224e-03 6.025442450404244e-03 6.026028574363264e-03 6.026614698322284e-03 6.027200822281304e-03 6.027786946240323e-03 6.028373070199343e-03 6.028959194158363e-03 6.029545318117382e-03 6.030131442076402e-03 6.030717566035421e-03 6.031303689994441e-03 6.031889813953461e-03 6.032475937912480e-03 6.033062061871500e-03 6.033648185830519e-03 6.034234309789539e-03 6.034820433748559e-03 6.035406557707578e-03 6.035992681666599e-03 6.036578805625618e-03 6.037164929584638e-03 6.037751053543657e-03 6.038337177502677e-03 6.038923301461697e-03 6.039509425420716e-03 6.040095549379736e-03 6.040681673338755e-03 6.041267797297775e-03 6.041853921256795e-03 6.042440045215814e-03</slantRangeTime>
        <elevationAngle count="676">3.243674e+01 3.244476e+01 3.245278e+01 3.246079e+01 3.246880e+01 3.247681e+01 3.248481e+01 3.249281e+01 3.250080e+01 3.250879e+01 3.251678e+01 3.252476e+01 3.253274e+01 3.254072e+01 3.254869e+01 3.255666e+01 3.256462e+01 3.257259e+01 3.258055e+01 3.258850e+01 3.259645e+01 3.260440e+01 3.261235e+01 3.262029e+01 3.262823e+01 3.263616e+01 3.264409e+01 3.265202e+01 3.265994e+01 3.266787e+01 3.267578e+01 3.268369e+01 3.269160e+01 3.269951e+01 3.270741e+01 3.271531e+01 3.272321e+01 3.273110e+01 3.273899e+01 3.274688e+01 3.275476e+01 3.276264e+01 3.277052e+01 3.277839e+01 3.278625e+01 3.279412e+01 3.280198e+01 3.280984e+01 3.281770e+01 3.282555e+01 3.283339e+01 3.284124e+01 3.284908e+01 3.285692e+01 3.286475e+01 3.287259e+01 3.288041e+01 3.288824e+01 3.289606e+01 3.290387e+01 3.291169e+01 3.291950e+01 3.292731e+01 3.293511e+01 3.294291e+01 3.295071e+01 3.295850e+01 3.296629e+01 3.297408e+01 3.298186e+01 3.298964e+01 3.299742e+01 3.300519e+01 3.301296e+01 3.302073e+01 3.302849e+01 3.303625e+01 3.304401e+01 3.305176e+01 3.305951e+01 3.306726e+01 3.307500e+01 3.308274e+01 3.309048e+01 3.309821e+01 3.310594e+01 3.311367e+01 3.312139e+01 3.312911e+01 3.313683e+01 3.314454e+01 3.315225e+01 3.315996e+01 3.316766e+01 3.317537e+01 3.318306e+01 3.319075e+01 3.319844e+01 3.320613e+01 3.321382e+01 3.322150e+01 3.322918e+01 3.323685e+01 3.324452e+01 3.325219e+01 3.325985e+01 3.326751e+01 3.327517e+01 3.328282e+01 3.329047e+01 3.329812e+01 3.330577e+01 3.331341e+01 3.332104e+01 3.332868e+01 3.333631e+01 3.334394e+01 3.335157e+01 3.335919e+01 3.336681e+01 3.337442e+01 3.338203e+01 3.338964e+01 3.339725e+01 3.340485e+01 3.341245e+01 3.342005e+01 3.342764e+01 3.343523e+01 3.344282e+01 3.345040e+01 3.345798e+01 3.346556e+01 3.347313e+01 3.348070e+01 3.348827e+01 3.349583e+01 3.350340e+01 3.351095e+01 3.351851e+01 3.352606e+01 3.353361e+01 3.354115e+01 3.354869e+01 3.355623e+01 3.356377e+01 3.357130e+01 3.357883e+01 3.358635e+01 3.359388e+01 3.360140e+01 3.360891e+01 3.361643e+01 3.362394e+01 3.363144e+01 3.363895e+01 3.364645e+01 3.365395e+01 3.366144e+01 3.366893e+01 3.367642e+01 3.368391e+01 3.369139e+01 3.369887e+01 3.370634e+01 3.371382e+01 3.372129e+01 3.372875e+01 3.373622e+01 3.374368e+01 3.375113e+01 3.375859e+01 3.376604e+01 3.377349e+01 3.378093e+01 3.378837e+01 3.379581e+01 3.380325e+01 3.381068e+01 3.381811e+01 3.382553e+01 3.383296e+01 3.384038e+01 3.384780e+01 3.385521e+01 3.386262e+01 3.387003e+01 3.387743e+01 3.388484e+01 3.389223e+01 3.389963e+01 3.390702e+01 3.391441e+01 3.392180e+01 3.392918e+01 3.393656e+01 3.394394e+01 3.395132e+01 3.395869e+01 3.396605e+01 3.397342e+01 3.398078e+01 3.398814e+01 3.399550e+01 3.400285e+01 3.401020e+01 3.401755e+01 3.402489e+01 3.403223e+01 3.403957e+01 3.404691e+01 3.405424e+01 3.406157e+01 3.406889e+01 3.407622e+01 3.408354e+01 3.409085e+01 3.409817e+01 3.410548e+01 3.411279e+01 3.412009e+01 3.412740e+01 3.413469e+01 3.414199e+01 3.414928e+01 3.415657e+01 3.416386e+01 3.417114e+01 3.417842e+01 3.418570e+01 3.419298e+01 3.420025e+01 3.420752e+01 3.421479e+01 3.422205e+01 3.422931e+01 3.423657e+01 3.424382e+01 3.425108e+01 3.425832e+01 3.426557e+01 3.427281e+01 3.428005e+01 3.428729e+01 3.429453e+01 3.430175e+01 3.430898e+01 3.431621e+01 3.432343e+01 3.433065e+01 3.433787e+01 3.434508e+01 3.435229e+01 3.435950e+01 3.436671e+01 3.437391e+01 3.438111e+01 3.438830e+01 3.439550e+01 3.440269e+01 3.440987e+01 3.441706e+01 3.442424e+01 3.443142e+01 3.443859e+01 3.444577e+01 3.445294e+01 3.446011e+01 3.446727e+01 3.447443e+01 3.448159e+01 3.448875e+01 3.449590e+01 3.450305e+01 3.451020e+01 3.451734e+01 3.452448e+01 3.453162e+01 3.453876e+01 3.454589e+01 3.455302e+01 3.456015e+01 3.456727e+01 3.457439e+01 3.458151e+01 3.458863e+01 3.459574e+01 3.460285e+01 3.460996e+01 3.461706e+01 3.462416e+01 3.463126e+01 3.463836e+01 3.464545e+01 3.465254e+01 3.465963e+01 3.466671e+01 3.467380e+01 3.468088e+01 3.468795e+01 3.469503e+01 3.470210e+01 3.470916e+01 3.471623e+01 3.472329e+01 3.473035e+01 3.473741e+01 3.474446e+01 3.475151e+01 3.475856e+01 3.476561e+01 3.477265e+01 3.477969e+01 3.478673e+01 3.479376e+01 3.480079e+01 3.480782e+01 3.481485e+01 3.482187e+01 3.482889e+01 3.483591e+01 3.484292e+01 3.484994e+01 3.485695e+01 3.486395e+01 3.487096e+01 3.487796e+01 3.488496e+01 3.489195e+01 3.489894e+01 3.490593e+01 3.491292e+01 3.491991e+01 3.492689e+01 3.493387e+01 3.494084e+01 3.494782e+01 3.495479e+01 3.496176e+01 3.496872e+01 3.497569e+01 3.498264e+01 3.498960e+01 3.499656e+01 3.500351e+01 3.501046e+01 3.501740e+01 3.502435e+01 3.503129e+01 3.503823e+01 3.504516e+01 3.505209e+01 3.505902e+01 3.506595e+01 3.507288e+01 3.507980e+01 3.508672e+01 3.509364e+01 3.510055e+01 3.510746e+01 3.511437e+01 3.512128e+01 3.512818e+01 3.513508e+01 3.514198e+01 3.514887e+01 3.515577e+01 3.516265e+01 3.516954e+01 3.517643e+01 3.518331e+01 3.519019e+01 3.519706e+01 3.520394e+01 3.521081e+01 3.521768e+01 3.522454e+01 3.523140e+01 3.523827e+01 3.524512e+01 3.525198e+01 3.525883e+01 3.526568e+01 3.527253e+01 3.527937e+01 3.528622e+01 3.529305e+01 3.529989e+01 3.530672e+01 3.531356e+01 3.532038e+01 3.532721e+01 3.533403e+01 3.534085e+01 3.534768e+01 3.535449e+01 3.536130e+01 3.536811e+01 3.537492e+01 3.538173e+01 3.538853e+01 3.539533e+01 3.540213e+01 3.540892e+01 3.541571e+01 3.542250e+01 3.542929e+01 3.543607e+01 3.544286e+01 3.544963e+01 3.545641e+01 3.546318e+01 3.546996e+01 3.547672e+01 3.548349e+01 3.549025e+01 3.549701e+01 3.550377e+01 3.551053e+01 3.551728e+01 3.552403e+01 3.553078e+01 3.553753e+01 3.554427e+01 3.555101e+01 3.555775e+01 3.556448e+01 3.557122e+01 3.557795e+01 3.558467e+01 3.559140e+01 3.559812e+01 3.560484e+01 3.561156e+01 3.561827e+01 3.562498e+01 3.563169e+01 3.563840e+01 3.564510e+01 3.565181e+01 3.565850e+01 3.566520e+01 3.567190e+01 3.567859e+01 3.568528e+01 3.569197e+01 3.569865e+01 3.570533e+01 3.571201e+01 3.571869e+01 3.572536e+01 3.573203e+01 3.573870e+01 3.574537e+01 3.575203e+01 3.575869e+01 3.576535e+01 3.577201e+01 3.577866e+01 3.578532e+01 3.579197e+01 3.579861e+01 3.580526e+01 3.581190e+01 3.581853e+01 3.582517e+01 3.583181e+01 3.583844e+01 3.584507e+01 3.585169e+01 3.585831e+01 3.586494e+01 3.587156e+01 3.587817e+01 3.588479e+01 3.589140e+01 3.589801e+01 3.590461e+01 3.591122e+01 3.591782e+01 3.592442e+01 3.593102e+01 3.593761e+01 3.594420e+01 3.595079e+01 3.595738e+01 3.596396e+01 3.597054e+01 3.597712e+01 3.598370e+01 3.599028e+01 3.599685e+01 3.600342e+01 3.600998e+01 3.601655e+01 3.602311e+01 3.602967e+01 3.603623e+01 3.604278e+01 3.604934e+01 3.605589e+01 3.606244e+01 3.606898e+01 3.607552e+01 3.608206e+01 3.608860e+01 3.609513e+01 3.610167e+01 3.610820e+01 3.611473e+01 3.612125e+01 3.612778e+01 3.613430e+01 3.614082e+01 3.614733e+01 3.615385e+01 3.616036e+01 3.616687e+01 3.617337e+01 3.617987e+01 3.618638e+01 3.619288e+01 3.619938e+01 3.620587e+01 3.621236e+01 3.621885e+01 3.622534e+01 3.623182e+01 3.623830e+01 3.624479e+01 3.625126e+01 3.625774e+01 3.626421e+01 3.627068e+01 3.627715e+01 3.628362e+01 3.629008e+01 3.629654e+01 3.630300e+01 3.630945e+01 3.631591e+01 3.632236e+01 3.632881e+01 3.633525e+01 3.634170e+01 3.634814e+01 3.635458e+01 3.636102e+01 3.636745e+01 3.637389e+01 3.638031e+01 3.638674e+01 3.639317e+01 3.639959e+01 3.640601e+01 3.641243e+01 3.641885e+01 3.642526e+01 3.643167e+01 3.643808e+01 3.644449e+01 3.645089e+01 3.645729e+01 3.646369e+01 3.647009e+01 3.647649e+01 3.648288e+01 3.648927e+01 3.649566e+01 3.650204e+01 3.650842e+01 3.651480e+01 3.652118e+01 3.652756e+01 3.653394e+01 3.654031e+01 3.654668e+01 3.655304e+01 3.655941e+01 3.656577e+01 3.657213e+01 3.657849e+01 3.658484e+01 3.659120e+01 3.659755e+01 3.660390e+01 3.661024e+01 3.661658e+01 3.662293e+01 3.662927e+01 3.663560e+01 3.664194e+01 3.664827e+01 3.665460e+01 3.666093e+01 3.666726e+01 3.667358e+01 3.667990e+01 3.668622e+01 3.669254e+01 3.669885e+01 3.670516e+01 3.671147e+01 3.671778e+01 3.672408e+01 3.673038e+01 3.673669e+01 3.674298e+01 3.674928e+01 3.675557e+01 3.676186e+01 3.676815e+01 3.677444e+01 3.678072e+01 3.678701e+01 3.679329e+01 3.679956e+01 3.680584e+01 3.681211e+01 3.681839e+01 3.682465e+01 3.683092e+01 3.683718e+01 3.684344e+01 3.684970e+01 3.685596e+01 3.686222e+01 3.686847e+01 3.687472e+01 3.688097e+01 3.688722e+01 3.689346e+01 3.689970e+01 3.690594e+01 3.691218e+01 3.691842e+01 3.692465e+01 3.693088e+01 3.693711e+01 3.694333e+01 3.694956e+01 3.695578e+01 3.696200e+01 3.696822e+01 3.697443e+01 3.698064e+01 3.698685e+01 3.699306e+01 3.699927e+01 3.700547e+01 3.701168e+01 3.701788e+01 3.702407e+01 3.703027e+01 3.703646e+01 3.704265e+01 3.704884e+01 3.705503e+01 3.706121e+01 3.706739e+01 3.707357e+01 3.707975e+01 3.708593e+01 3.709210e+01 3.709827e+01 3.710444e+01 3.711061e+01 3.711677e+01 3.712293e+01 3.712909e+01 3.713525e+01 3.714141e+01 3.714756e+01 3.715371e+01 3.715986e+01 3.716601e+01</elevationAngle>
        <elevationPattern count="676">-3.104387e+13 2.817971e+14 -3.112086e+13 2.835613e+14 -3.117975e+13 2.853127e+14 -3.123262e+13 2.870592e+14 -3.128548e+13 2.888051e+14 -3.133831e+13 2.905501e+14 -3.139111e+13 2.922944e+14 -3.144390e+13 2.940379e+14 -3.148293e+13 2.957888e+14 -3.150849e+13 2.975467e+14 -3.153405e+13 2.993039e+14 -3.155960e+13 3.010602e+14 -3.158514e+13 3.028159e+14 -3.161066e+13 3.045707e+14 -3.162884e+13 3.063248e+14 -3.162405e+13 3.080780e+14 -3.161928e+13 3.098307e+14 -3.161450e+13 3.115824e+14 -3.160973e+13 3.133334e+14 -3.160496e+13 3.150835e+14 -3.160019e+13 3.168330e+14 -3.156637e+13 3.185663e+14 -3.153140e+13 3.202982e+14 -3.149647e+13 3.220295e+14 -3.146154e+13 3.237600e+14 -3.142663e+13 3.254897e+14 -3.139174e+13 3.272187e+14 -3.133476e+13 3.289468e+14 -3.126661e+13 3.306743e+14 -3.119849e+13 3.324009e+14 -3.113042e+13 3.341269e+14 -3.106234e+13 3.358519e+14 -3.099432e+13 3.375764e+14 -3.091477e+13 3.393000e+14 -3.081360e+13 3.410228e+14 -3.071249e+13 3.427450e+14 -3.061143e+13 3.444664e+14 -3.051039e+13 3.461870e+14 -3.040941e+13 3.479069e+14 -3.030791e+13 3.496257e+14 -3.016918e+13 3.513284e+14 -3.003050e+13 3.530302e+14 -2.989189e+13 3.547312e+14 -2.975335e+13 3.564317e+14 -2.961486e+13 3.581313e+14 -2.947644e+13 3.598302e+14 -2.931300e+13 3.615179e+14 -2.913696e+13 3.631995e+14 -2.896102e+13 3.648804e+14 -2.878514e+13 3.665607e+14 -2.860935e+13 3.682402e+14 -2.843363e+13 3.699188e+14 -2.824637e+13 3.715922e+14 -2.803162e+13 3.732538e+14 -2.781696e+13 3.749148e+14 -2.760239e+13 3.765749e+14 -2.738791e+13 3.782343e+14 -2.717353e+13 3.798930e+14 -2.695925e+13 3.815511e+14 -2.670947e+13 3.831799e+14 -2.645630e+13 3.848052e+14 -2.620324e+13 3.864298e+14 -2.595028e+13 3.880537e+14 -2.569744e+13 3.896769e+14 -2.544470e+13 3.912994e+14 -2.517077e+13 3.929134e+14 -2.487616e+13 3.945189e+14 -2.458169e+13 3.961236e+14 -2.428734e+13 3.977277e+14 -2.399312e+13 3.993312e+14 -2.369904e+13 4.009339e+14 -2.340137e+13 4.025346e+14 -2.306400e+13 4.041203e+14 -2.272678e+13 4.057055e+14 -2.238970e+13 4.072899e+14 -2.205276e+13 4.088736e+14 -2.171598e+13 4.104566e+14 -2.137934e+13 4.120391e+14 -2.101582e+13 4.135907e+14 -2.063762e+13 4.151252e+14 -2.025958e+13 4.166591e+14 -1.988170e+13 4.181922e+14 -1.950399e+13 4.197248e+14 -1.912644e+13 4.212568e+14 -1.874062e+13 4.227850e+14 -1.831855e+13 4.243000e+14 -1.789667e+13 4.258145e+14 -1.747497e+13 4.273282e+14 -1.705345e+13 4.288413e+14 -1.663212e+13 4.303539e+14 -1.621096e+13 4.318658e+14 -1.575811e+13 4.333550e+14 -1.529262e+13 4.348347e+14 -1.482732e+13 4.363138e+14 -1.436222e+13 4.377923e+14 -1.389733e+13 4.392702e+14 -1.343263e+13 4.407473e+14 -1.295872e+13 4.422172e+14 -1.245152e+13 4.436622e+14 -1.194454e+13 4.451069e+14 -1.143778e+13 4.465507e+14 -1.093123e+13 4.479942e+14 -1.042490e+13 4.494368e+14 -9.918787e+12 4.508789e+14 -9.380756e+12 4.522986e+14 -8.829703e+12 4.537088e+14 -8.278885e+12 4.551185e+14 -7.728299e+12 4.565274e+14 -7.177950e+12 4.579360e+14 -6.627833e+12 4.593437e+14 -6.069986e+12 4.607426e+14 -5.475695e+12 4.621034e+14 -4.881656e+12 4.634636e+14 -4.287868e+12 4.648232e+14 -3.694332e+12 4.661821e+14 -3.101051e+12 4.675407e+14 -2.508020e+12 4.688986e+14 -1.887739e+12 4.702365e+14 -1.251614e+12 4.715627e+14 -6.157590e+11 4.728885e+14 1.982690e+10 4.742135e+14 6.551434e+11 4.755381e+14 1.290191e+12 4.768620e+14 1.927807e+12 4.781825e+14 2.606260e+12 4.794598e+14 3.284425e+12 4.807365e+14 3.962304e+12 4.820126e+14 4.639895e+12 4.832881e+14 5.317201e+12 4.845633e+14 5.994220e+12 4.858377e+14 6.691490e+12 4.870970e+14 7.410692e+12 4.883403e+14 8.129588e+12 4.895829e+14 8.848181e+12 4.908251e+14 9.566473e+12 4.920667e+14 1.028446e+13 4.933077e+14 1.100215e+13 4.945482e+14 1.175615e+13 4.957483e+14 1.251495e+13 4.969425e+14 1.327343e+13 4.981362e+14 1.403159e+13 4.993292e+14 1.478943e+13 5.005217e+14 1.554696e+13 5.017141e+14 1.631499e+13 5.028977e+14 1.711410e+13 5.040588e+14 1.791287e+13 5.052193e+14 1.871130e+13 5.063792e+14 1.950939e+13 5.075386e+14 2.030716e+13 5.086978e+14 2.110459e+13 5.098562e+14 2.192580e+13 5.109864e+14 2.276165e+13 5.120989e+14 2.359715e+13 5.132109e+14 2.443229e+13 5.143225e+14 2.526709e+13 5.154334e+14 2.610154e+13 5.165440e+14 2.693564e+13 5.176542e+14 2.780534e+13 5.187066e+14 2.867621e+13 5.197557e+14 2.954673e+13 5.208045e+14 3.041687e+13 5.218529e+14 3.128665e+13 5.229008e+14 3.215607e+13 5.239483e+14 3.303612e+13 5.249871e+14 3.394369e+13 5.260038e+14 3.485088e+13 5.270200e+14 3.575769e+13 5.280358e+14 3.666413e+13 5.290513e+14 3.757018e+13 5.300661e+14 3.847586e+13 5.310808e+14 3.940130e+13 5.320687e+14 4.034052e+13 5.330378e+14 4.127935e+13 5.340065e+14 4.221780e+13 5.349748e+14 4.315585e+13 5.359426e+14 4.409351e+13 5.369099e+14 4.503078e+13 5.378770e+14 4.599492e+13 5.388047e+14 4.696263e+13 5.397264e+14 4.792993e+13 5.406475e+14 4.889684e+13 5.415684e+14 4.986335e+13 5.424890e+14 5.082946e+13 5.434091e+14 5.179992e+13 5.443204e+14 5.279934e+13 5.451804e+14 5.379835e+13 5.460401e+14 5.479693e+13 5.468995e+14 5.579511e+13 5.477586e+14 5.679287e+13 5.486171e+14 5.779019e+13 5.494752e+14 5.879804e+13 5.503216e+14 5.982264e+13 5.511494e+14 6.084687e+13 5.519773e+14 6.187062e+13 5.528045e+14 6.289397e+13 5.536315e+14 6.391690e+13 5.544581e+14 6.493942e+13 5.552844e+14 6.597699e+13 5.560738e+14 6.702372e+13 5.568405e+14 6.807000e+13 5.576067e+14 6.911588e+13 5.583728e+14 7.016132e+13 5.591384e+14 7.120631e+13 5.599037e+14 7.225088e+13 5.606688e+14 7.331696e+13 5.614092e+14 7.438715e+13 5.621442e+14 7.545688e+13 5.628789e+14 7.652618e+13 5.636133e+14 7.759501e+13 5.643473e+14 7.866346e+13 5.650812e+14 7.973178e+13 5.658134e+14 8.081695e+13 5.664881e+14 8.190165e+13 5.671624e+14 8.298592e+13 5.678365e+14 8.406971e+13 5.685101e+14 8.515308e+13 5.691836e+14 8.623601e+13 5.698567e+14 8.732075e+13 5.705212e+14 8.841446e+13 5.711498e+14 8.950778e+13 5.717785e+14 9.060062e+13 5.724067e+14 9.169299e+13 5.730345e+14 9.278495e+13 5.736623e+14 9.387646e+13 5.742898e+14 9.497408e+13 5.749018e+14 9.608365e+13 5.754851e+14 9.719278e+13 5.760682e+14 9.830144e+13 5.766509e+14 9.940967e+13 5.772334e+14 1.005174e+14 5.778155e+14 1.016247e+14 5.783976e+14 1.027309e+14 5.789584e+14 1.038359e+14 5.794964e+14 1.049404e+14 5.800341e+14 1.060444e+14 5.805715e+14 1.071480e+14 5.811088e+14 1.082512e+14 5.816459e+14 1.093539e+14 5.821827e+14 1.104734e+14 5.826934e+14 1.116042e+14 5.831863e+14 1.127346e+14 5.836792e+14 1.138645e+14 5.841717e+14 1.149940e+14 5.846642e+14 1.161229e+14 5.851561e+14 1.172514e+14 5.856479e+14 1.183796e+14 5.861000e+14 1.195072e+14 5.865336e+14 1.206343e+14 5.869671e+14 1.217609e+14 5.874002e+14 1.228872e+14 5.878336e+14 1.240130e+14 5.882664e+14 1.251384e+14 5.886994e+14 1.262633e+14 5.890879e+14 1.273877e+14 5.894626e+14 1.285117e+14 5.898374e+14 1.296352e+14 5.902117e+14 1.307582e+14 5.905861e+14 1.318808e+14 5.909602e+14 1.330030e+14 5.913344e+14 1.341247e+14 5.916846e+14 1.352460e+14 5.920296e+14 1.363668e+14 5.923743e+14 1.374872e+14 5.927193e+14 1.386071e+14 5.930637e+14 1.397265e+14 5.934082e+14 1.408455e+14 5.937525e+14 1.419764e+14 5.940348e+14 1.431088e+14 5.943073e+14 1.442409e+14 5.945796e+14 1.453723e+14 5.948516e+14 1.465034e+14 5.951236e+14 1.476341e+14 5.953955e+14 1.487642e+14 5.956673e+14 1.498814e+14 5.959013e+14 1.509963e+14 5.961299e+14 1.521108e+14 5.963586e+14 1.532249e+14 5.965872e+14 1.543386e+14 5.968156e+14 1.554517e+14 5.970439e+14 1.565645e+14 5.972723e+14 1.576643e+14 5.974629e+14 1.587618e+14 5.976481e+14 1.598590e+14 5.978334e+14 1.609557e+14 5.980186e+14 1.620520e+14 5.982034e+14 1.631479e+14 5.983887e+14 1.642433e+14 5.985737e+14 1.653383e+14 5.987097e+14 1.664328e+14 5.988376e+14 1.675269e+14 5.989655e+14 1.686205e+14 5.990933e+14 1.697138e+14 5.992211e+14 1.708065e+14 5.993487e+14 1.718989e+14 5.994765e+14 1.729792e+14 5.995578e+14 1.740565e+14 5.996286e+14 1.751334e+14 5.996997e+14 1.762098e+14 5.997703e+14 1.772858e+14 5.998410e+14 1.783614e+14 5.999118e+14 1.794366e+14 5.999826e+14 1.804900e+14 6.000106e+14 1.815361e+14 6.000249e+14 1.825817e+14 6.000388e+14 1.836269e+14 6.000530e+14 1.846717e+14 6.000672e+14 1.857161e+14 6.000813e+14 1.867601e+14 6.000955e+14 1.877942e+14 6.000811e+14 1.888232e+14 6.000528e+14 1.898518e+14 6.000246e+14 1.908800e+14 5.999963e+14 1.919079e+14 5.999683e+14 1.929353e+14 5.999402e+14 1.939623e+14 5.999118e+14 1.949728e+14 5.998516e+14 1.959709e+14 5.997672e+14 1.969686e+14 5.996829e+14 1.979659e+14 5.995987e+14 1.989628e+14 5.995144e+14 1.999593e+14 5.994302e+14 2.009554e+14 5.993460e+14 2.019448e+14 5.992429e+14 2.029261e+14 5.991166e+14 2.039070e+14 5.989904e+14 2.048876e+14 5.988645e+14 2.058678e+14 5.987385e+14 2.068476e+14 5.986125e+14 2.078270e+14 5.984867e+14 2.087928e+14 5.983389e+14 2.097295e+14 5.981431e+14 2.106658e+14 5.979474e+14 2.116017e+14 5.977518e+14 2.125373e+14 5.975565e+14 2.134725e+14 5.973610e+14 2.144074e+14 5.971656e+14 2.153376e+14 5.969640e+14 2.162438e+14 5.967269e+14 2.171497e+14 5.964901e+14 2.180552e+14 5.962533e+14 2.189604e+14 5.960166e+14 2.198652e+14 5.957799e+14 2.207697e+14 5.955433e+14 2.216737e+14 5.953070e+14 2.225370e+14 5.950300e+14 2.233986e+14 5.947520e+14 2.242600e+14 5.944742e+14 2.251210e+14 5.941964e+14 2.259817e+14 5.939187e+14 2.268421e+14 5.936413e+14 2.277020e+14 5.933639e+14 2.285404e+14 5.930332e+14 2.293720e+14 5.926868e+14 2.302033e+14 5.923403e+14 2.310343e+14 5.919942e+14 2.318650e+14 5.916481e+14 2.326952e+14 5.913020e+14 2.335252e+14 5.909562e+14 2.343246e+14 5.905877e+14 2.350986e+14 5.902007e+14 2.358724e+14 5.898138e+14 2.366459e+14 5.894272e+14 2.374190e+14 5.890406e+14 2.381919e+14 5.886541e+14 2.389644e+14 5.882678e+14 2.397282e+14 5.878606e+14 2.404726e+14 5.874056e+14 2.412167e+14 5.869508e+14 2.419605e+14 5.864963e+14 2.427040e+14 5.860420e+14 2.434473e+14 5.855878e+14 2.441902e+14 5.851337e+14 2.449299e+14 5.846783e+14 2.456035e+14 5.841832e+14 2.462769e+14 5.836886e+14 2.469499e+14 5.831939e+14 2.476227e+14 5.826996e+14 2.482954e+14 5.822055e+14 2.489677e+14 5.817116e+14 2.496397e+14 5.812176e+14 2.502907e+14 5.806929e+14 2.509348e+14 5.801585e+14 2.515787e+14 5.796242e+14 2.522223e+14 5.790898e+14 2.528657e+14 5.785561e+14 2.535089e+14 5.780224e+14 2.541517e+14 5.774888e+14 2.547631e+14 5.769245e+14 2.553371e+14 5.763229e+14 2.559110e+14 5.757218e+14 2.564846e+14 5.751209e+14 2.570580e+14 5.745203e+14 2.576312e+14 5.739198e+14 2.582041e+14 5.733194e+14 2.587695e+14 5.727139e+14 2.592875e+14 5.720733e+14 2.598054e+14 5.714330e+14 2.603228e+14 5.707926e+14 2.608403e+14 5.701529e+14 2.613575e+14 5.695131e+14 2.618745e+14 5.688739e+14 2.623912e+14 5.682344e+14 2.628649e+14 5.675526e+14 2.633270e+14 5.668597e+14 2.637888e+14 5.661667e+14 2.642506e+14 5.654744e+14 2.647120e+14 5.647820e+14 2.651733e+14 5.640900e+14 2.656345e+14 5.633982e+14 2.660725e+14 5.626838e+14 2.664791e+14 5.619384e+14 2.668855e+14 5.611933e+14 2.672918e+14 5.604484e+14 2.676979e+14 5.597038e+14 2.681039e+14 5.589596e+14 2.685097e+14 5.582156e+14 2.689127e+14 5.574702e+14 2.692507e+14 5.566864e+14 2.695885e+14 5.559027e+14 2.699262e+14 5.551194e+14 2.702636e+14 5.543361e+14 2.706011e+14 5.535536e+14 2.709384e+14 5.527710e+14 2.712755e+14 5.519888e+14 2.715785e+14 5.511644e+14 2.718616e+14 5.503156e+14 2.721444e+14 5.494668e+14 2.724270e+14 5.486183e+14 2.727099e+14 5.477707e+14 2.729923e+14 5.469227e+14 2.732748e+14 5.460756e+14 2.735436e+14 5.452232e+14 2.737586e+14 5.443495e+14 2.739735e+14 5.434762e+14 2.741884e+14 5.426033e+14 2.744031e+14 5.417306e+14 2.746179e+14 5.408585e+14 2.748326e+14 5.399867e+14 2.750470e+14 5.391149e+14 2.752111e+14 5.381932e+14 2.753585e+14 5.372554e+14 2.755058e+14 5.363178e+14 2.756531e+14 5.353806e+14 2.758004e+14 5.344439e+14 2.759475e+14 5.335072e+14 2.760946e+14 5.325710e+14 2.762264e+14 5.316238e+14 2.763200e+14 5.306483e+14 2.764135e+14 5.296732e+14 2.765070e+14 5.286985e+14 2.766004e+14 5.277239e+14 2.766938e+14 5.267498e+14 2.767872e+14 5.257763e+14 2.768806e+14 5.248030e+14 2.769105e+14 5.237878e+14 2.769239e+14 5.227619e+14 2.769372e+14 5.217365e+14 2.769506e+14 5.207114e+14 2.769638e+14 5.196866e+14 2.769771e+14 5.186623e+14 2.769904e+14 5.176384e+14 2.769852e+14 5.166037e+14 2.769321e+14 5.155407e+14 2.768789e+14 5.144781e+14 2.768258e+14 5.134158e+14 2.767727e+14 5.123539e+14 2.767195e+14 5.112924e+14 2.766666e+14 5.102316e+14 2.766136e+14 5.091710e+14 2.765211e+14 5.080811e+14 2.764151e+14 5.069816e+14 2.763091e+14 5.058823e+14 2.762033e+14 5.047836e+14 2.760974e+14 5.036852e+14 2.759915e+14 5.025872e+14 2.758857e+14 5.014897e+14 2.757650e+14 5.003826e+14 2.755800e+14 4.992331e+14 2.753951e+14 4.980840e+14 2.752103e+14 4.969353e+14 2.750255e+14 4.957870e+14 2.748408e+14 4.946392e+14 2.746561e+14 4.934917e+14 2.744716e+14 4.923448e+14 2.742468e+14 4.911741e+14 2.739965e+14 4.899885e+14 2.737462e+14 4.888032e+14 2.734962e+14 4.876185e+14 2.732461e+14 4.864342e+14 2.729962e+14 4.852504e+14 2.727463e+14 4.840669e+14 2.724959e+14 4.828834e+14 2.721937e+14 4.816615e+14 2.718916e+14 4.804400e+14 2.715896e+14 4.792189e+14 2.712879e+14 4.779985e+14 2.709860e+14 4.767782e+14 2.706844e+14 4.755586e+14 2.703829e+14 4.743394e+14 2.700556e+14 4.731051e+14 2.696889e+14 4.718476e+14 2.693222e+14 4.705904e+14 2.689557e+14 4.693337e+14 2.685892e+14 4.680774e+14 2.682230e+14 4.668218e+14 2.678569e+14 4.655665e+14 2.674910e+14 4.643118e+14 2.670759e+14 4.630180e+14 2.666449e+14 4.617119e+14 2.662141e+14 4.604063e+14 2.657835e+14 4.591013e+14 2.653528e+14 4.577963e+14 2.649224e+14 4.564922e+14 2.644922e+14 4.551885e+14 2.640587e+14 4.538819e+14 2.635897e+14 4.525401e+14 2.631209e+14 4.511987e+14 2.626523e+14 4.498580e+14 2.621838e+14 4.485177e+14 2.617155e+14 4.471778e+14 2.612474e+14 4.458384e+14 2.607795e+14 4.444996e+14 2.602856e+14 4.431509e+14 2.597530e+14 4.417870e+14 2.592207e+14 4.404237e+14 2.586886e+14 4.390610e+14 2.581566e+14 4.376985e+14 2.576248e+14 4.363368e+14 2.570932e+14 4.349755e+14 2.565619e+14 4.336146e+14 2.559858e+14 4.322274e+14 2.553900e+14 4.308286e+14 2.547946e+14 4.294306e+14 2.541992e+14 4.280329e+14 2.536041e+14 4.266358e+14 2.530093e+14 4.252392e+14 2.524146e+14 4.238431e+14 2.518203e+14 4.224475e+14 2.511886e+14 4.210399e+14 2.505560e+14 4.196326e+14 2.499235e+14 4.182258e+14 2.492913e+14 4.168193e+14 2.486592e+14 4.154134e+14 2.480274e+14 4.140080e+14 2.473960e+14 4.126033e+14 2.467508e+14 4.111905e+14 2.460554e+14 4.097481e+14 2.453601e+14 4.083061e+14 2.446652e+14 4.068648e+14 2.439704e+14 4.054238e+14 2.432759e+14 4.039833e+14 2.425818e+14 4.025437e+14 2.418877e+14 4.011042e+14 2.411771e+14 3.996543e+14 2.404452e+14 3.981903e+14 2.397135e+14 3.967270e+14 2.389821e+14 3.952641e+14 2.382508e+14 3.938017e+14 2.375200e+14 3.923400e+14 2.367894e+14 3.908787e+14 2.360590e+14 3.894181e+14 2.353041e+14 3.879495e+14 2.345358e+14 3.864770e+14 2.337679e+14 3.850052e+14 2.330003e+14 3.835338e+14 2.322328e+14 3.820629e+14 2.314657e+14 3.805927e+14 2.306989e+14 3.791229e+14 2.299323e+14 3.776536e+14 2.291344e+14 3.761744e+14 2.283301e+14 3.746935e+14 2.275261e+14 3.732130e+14 2.267224e+14 3.717332e+14 2.259189e+14 3.702539e+14 2.251158e+14 3.687751e+14 2.243130e+14 3.672969e+14 2.235105e+14 3.658192e+14 2.226705e+14 3.643296e+14 2.218303e+14 3.628401e+14 2.209906e+14 3.613515e+14 2.201510e+14 3.598632e+14 2.193118e+14 3.583754e+14 2.184729e+14 3.568883e+14 2.176343e+14 3.554016e+14 2.167911e+14 3.539138e+14 2.159151e+14 3.524157e+14 2.150393e+14 3.509180e+14 2.141639e+14 3.494208e+14 2.132887e+14 3.479242e+14 2.124139e+14 3.464281e+14 2.115394e+14 3.449325e+14 2.106652e+14 3.434376e+14 2.097883e+14 3.419401e+14 2.089021e+14 3.404335e+14 2.080161e+14 3.389274e+14 2.071306e+14 3.374220e+14 2.062453e+14 3.359170e+14 2.053604e+14 3.344127e+14 2.044757e+14 3.329088e+14 2.035915e+14 3.314055e+14 2.026950e+14 3.299027e+14 2.017735e+14 3.284006e+14 2.008522e+14 3.268988e+14 1.999314e+14 3.253977e+14 1.990108e+14 3.238971e+14 1.980906e+14 3.223970e+14 1.971708e+14 3.208976e+14 1.962512e+14 3.193985e+14 1.953270e+14 3.179002e+14 1.943955e+14 3.164022e+14 1.934644e+14 3.149049e+14 1.925336e+14 3.134081e+14 1.916031e+14 3.119118e+14 1.906730e+14 3.104161e+14 1.897432e+14 3.089209e+14 1.888138e+14 3.074262e+14 1.878791e+14 3.059321e+14 1.869377e+14 3.044385e+14 1.859968e+14 3.029456e+14 1.850561e+14 3.014530e+14 1.841158e+14 2.999610e+14 1.831758e+14 2.984696e+14 1.822361e+14 2.969787e+14 1.812968e+14 2.954883e+14 1.803520e+14 2.939984e+14 1.794008e+14 2.925092e+14 1.784500e+14 2.910204e+14 1.774995e+14 2.895321e+14 1.765494e+14 2.880445e+14 1.755997e+14 2.865574e+14 1.746502e+14 2.850707e+14 1.737011e+14 2.835846e+14 1.727464e+14 2.821050e+14 1.717855e+14 2.806324e+14 1.708250e+14 2.791604e+14 1.698648e+14 2.776888e+14 1.689049e+14 2.762179e+14 1.679454e+14 2.747474e+14 1.669861e+14 2.732775e+14 1.660274e+14 2.718082e+14 1.650689e+14 2.703450e+14 1.641107e+14 2.688890e+14 1.631529e+14 2.674337e+14 1.621954e+14 2.659788e+14 1.612383e+14 2.645244e+14 1.602815e+14 2.630706e+14 1.593251e+14 2.616173e+14 1.583690e+14 2.601645e+14 1.574132e+14 2.587223e+14 1.564578e+14 2.572953e+14 1.555027e+14 2.558689e+14 1.545479e+14 2.544430e+14 1.535935e+14 2.530176e+14 1.526394e+14 2.515927e+14 1.516857e+14 2.501683e+14 1.507324e+14 2.487445e+14 1.497793e+14 2.473210e+14 1.488266e+14 2.458982e+14 1.478742e+14 2.444758e+14 1.469222e+14 2.430540e+14 1.459705e+14 2.416326e+14 1.450192e+14 2.402117e+14 1.440682e+14 2.387914e+14 1.431175e+14 2.373716e+14 1.421702e+14 2.359613e+14 1.412325e+14 2.345795e+14 1.402951e+14 2.331982e+14 1.393582e+14 2.318173e+14 1.384215e+14 2.304369e+14 1.374852e+14 2.290571e+14 1.365492e+14 2.276777e+14 1.356135e+14 2.262988e+14 1.346798e+14 2.249221e+14 1.337570e+14 2.235565e+14 1.328347e+14 2.221913e+14 1.319126e+14 2.208266e+14</elevationPattern>
        <incidenceAngle count="676">3.655536e+01 3.656470e+01 3.657404e+01 3.658337e+01 3.659270e+01 3.660204e+01 3.661136e+01 3.662067e+01 3.662999e+01 3.663930e+01 3.664861e+01 3.665791e+01 3.666721e+01 3.667650e+01 3.668579e+01 3.669508e+01 3.670436e+01 3.671365e+01 3.672293e+01 3.673219e+01 3.674147e+01 3.675073e+01 3.675999e+01 3.676926e+01 3.677850e+01 3.678775e+01 3.679700e+01 3.680624e+01 3.681549e+01 3.682472e+01 3.683395e+01 3.684319e+01 3.685240e+01 3.686162e+01 3.687083e+01 3.688005e+01 3.688927e+01 3.689847e+01 3.690767e+01 3.691687e+01 3.692606e+01 3.693526e+01 3.694444e+01 3.695361e+01 3.696280e+01 3.697197e+01 3.698114e+01 3.699031e+01 3.699948e+01 3.700864e+01 3.701779e+01 3.702695e+01 3.703610e+01 3.704524e+01 3.705438e+01 3.706352e+01 3.707266e+01 3.708179e+01 3.709091e+01 3.710004e+01 3.710916e+01 3.711827e+01 3.712740e+01 3.713651e+01 3.714560e+01 3.715471e+01 3.716380e+01 3.717290e+01 3.718199e+01 3.719107e+01 3.720016e+01 3.720924e+01 3.721832e+01 3.722739e+01 3.723647e+01 3.724553e+01 3.725459e+01 3.726364e+01 3.727271e+01 3.728175e+01 3.729080e+01 3.729984e+01 3.730888e+01 3.731792e+01 3.732695e+01 3.733598e+01 3.734500e+01 3.735403e+01 3.736305e+01 3.737206e+01 3.738107e+01 3.739008e+01 3.739908e+01 3.740808e+01 3.741708e+01 3.742607e+01 3.743506e+01 3.744405e+01 3.745303e+01 3.746202e+01 3.747099e+01 3.747997e+01 3.748894e+01 3.749789e+01 3.750685e+01 3.751582e+01 3.752477e+01 3.753372e+01 3.754266e+01 3.755162e+01 3.756055e+01 3.756949e+01 3.757843e+01 3.758736e+01 3.759628e+01 3.760521e+01 3.761412e+01 3.762305e+01 3.763196e+01 3.764085e+01 3.764977e+01 3.765866e+01 3.766757e+01 3.767647e+01 3.768535e+01 3.769424e+01 3.770312e+01 3.771201e+01 3.772089e+01 3.772975e+01 3.773863e+01 3.774750e+01 3.775636e+01 3.776523e+01 3.777408e+01 3.778293e+01 3.779178e+01 3.780063e+01 3.780948e+01 3.781831e+01 3.782715e+01 3.783598e+01 3.784480e+01 3.785364e+01 3.786246e+01 3.787128e+01 3.788010e+01 3.788890e+01 3.789772e+01 3.790652e+01 3.791533e+01 3.792412e+01 3.793292e+01 3.794171e+01 3.795050e+01 3.795927e+01 3.796806e+01 3.797684e+01 3.798561e+01 3.799438e+01 3.800316e+01 3.801192e+01 3.802068e+01 3.802943e+01 3.803819e+01 3.804695e+01 3.805569e+01 3.806444e+01 3.807318e+01 3.808192e+01 3.809065e+01 3.809938e+01 3.810811e+01 3.811684e+01 3.812556e+01 3.813428e+01 3.814299e+01 3.815170e+01 3.816042e+01 3.816911e+01 3.817781e+01 3.818651e+01 3.819521e+01 3.820390e+01 3.821259e+01 3.822127e+01 3.822995e+01 3.823863e+01 3.824730e+01 3.825598e+01 3.826465e+01 3.827332e+01 3.828197e+01 3.829063e+01 3.829929e+01 3.830794e+01 3.831659e+01 3.832523e+01 3.833388e+01 3.834251e+01 3.835115e+01 3.835977e+01 3.836841e+01 3.837703e+01 3.838565e+01 3.839427e+01 3.840289e+01 3.841150e+01 3.842010e+01 3.842871e+01 3.843732e+01 3.844592e+01 3.845451e+01 3.846310e+01 3.847169e+01 3.848029e+01 3.848886e+01 3.849744e+01 3.850603e+01 3.851459e+01 3.852316e+01 3.853174e+01 3.854030e+01 3.854886e+01 3.855742e+01 3.856596e+01 3.857452e+01 3.858307e+01 3.859161e+01 3.860016e+01 3.860869e+01 3.861722e+01 3.862576e+01 3.863429e+01 3.864281e+01 3.865134e+01 3.865985e+01 3.866837e+01 3.867688e+01 3.868539e+01 3.869389e+01 3.870239e+01 3.871091e+01 3.871939e+01 3.872789e+01 3.873637e+01 3.874487e+01 3.875336e+01 3.876184e+01 3.877031e+01 3.877879e+01 3.878726e+01 3.879573e+01 3.880420e+01 3.881265e+01 3.882111e+01 3.882957e+01 3.883803e+01 3.884647e+01 3.885492e+01 3.886336e+01 3.887180e+01 3.888023e+01 3.888867e+01 3.889711e+01 3.890553e+01 3.891396e+01 3.892238e+01 3.893080e+01 3.893921e+01 3.894762e+01 3.895604e+01 3.896443e+01 3.897284e+01 3.898125e+01 3.898964e+01 3.899803e+01 3.900642e+01 3.901482e+01 3.902319e+01 3.903157e+01 3.903995e+01 3.904832e+01 3.905670e+01 3.906506e+01 3.907344e+01 3.908180e+01 3.909016e+01 3.909851e+01 3.910687e+01 3.911522e+01 3.912357e+01 3.913191e+01 3.914026e+01 3.914859e+01 3.915692e+01 3.916527e+01 3.917358e+01 3.918192e+01 3.919025e+01 3.919856e+01 3.920688e+01 3.921519e+01 3.922350e+01 3.923181e+01 3.924011e+01 3.924841e+01 3.925671e+01 3.926501e+01 3.927330e+01 3.928160e+01 3.928989e+01 3.929817e+01 3.930644e+01 3.931473e+01 3.932300e+01 3.933127e+01 3.933954e+01 3.934781e+01 3.935608e+01 3.936433e+01 3.937259e+01 3.938084e+01 3.938910e+01 3.939734e+01 3.940559e+01 3.941383e+01 3.942207e+01 3.943031e+01 3.943854e+01 3.944676e+01 3.945500e+01 3.946323e+01 3.947144e+01 3.947966e+01 3.948788e+01 3.949609e+01 3.950430e+01 3.951251e+01 3.952071e+01 3.952892e+01 3.953711e+01 3.954530e+01 3.955350e+01 3.956169e+01 3.956987e+01 3.957805e+01 3.958623e+01 3.959441e+01 3.960258e+01 3.961076e+01 3.961893e+01 3.962709e+01 3.963525e+01 3.964342e+01 3.965157e+01 3.965973e+01 3.966788e+01 3.967603e+01 3.968417e+01 3.969231e+01 3.970045e+01 3.970859e+01 3.971672e+01 3.972485e+01 3.973299e+01 3.974110e+01 3.974922e+01 3.975734e+01 3.976546e+01 3.977357e+01 3.978169e+01 3.978979e+01 3.979790e+01 3.980600e+01 3.981410e+01 3.982219e+01 3.983029e+01 3.983838e+01 3.984647e+01 3.985455e+01 3.986264e+01 3.987071e+01 3.987878e+01 3.988686e+01 3.989493e+01 3.990300e+01 3.991107e+01 3.991913e+01 3.992719e+01 3.993524e+01 3.994330e+01 3.995135e+01 3.995940e+01 3.996744e+01 3.997548e+01 3.998352e+01 3.999156e+01 3.999959e+01 4.000763e+01 4.001566e+01 4.002368e+01 4.003169e+01 4.003972e+01 4.004773e+01 4.005576e+01 4.006377e+01 4.007176e+01 4.007977e+01 4.008778e+01 4.009578e+01 4.010378e+01 4.011177e+01 4.011977e+01 4.012775e+01 4.013573e+01 4.014372e+01 4.015170e+01 4.015968e+01 4.016765e+01 4.017563e+01 4.018359e+01 4.019156e+01 4.019952e+01 4.020749e+01 4.021544e+01 4.022340e+01 4.023135e+01 4.023930e+01 4.024725e+01 4.025519e+01 4.026314e+01 4.027107e+01 4.027901e+01 4.028694e+01 4.029488e+01 4.030280e+01 4.031073e+01 4.031865e+01 4.032657e+01 4.033449e+01 4.034239e+01 4.035031e+01 4.035822e+01 4.036612e+01 4.037402e+01 4.038193e+01 4.038983e+01 4.039772e+01 4.040561e+01 4.041350e+01 4.042139e+01 4.042928e+01 4.043715e+01 4.044504e+01 4.045291e+01 4.046078e+01 4.046866e+01 4.047652e+01 4.048439e+01 4.049225e+01 4.050011e+01 4.050797e+01 4.051582e+01 4.052367e+01 4.053152e+01 4.053937e+01 4.054721e+01 4.055505e+01 4.056288e+01 4.057072e+01 4.057855e+01 4.058638e+01 4.059421e+01 4.060204e+01 4.060986e+01 4.061768e+01 4.062550e+01 4.063332e+01 4.064113e+01 4.064893e+01 4.065674e+01 4.066454e+01 4.067235e+01 4.068015e+01 4.068794e+01 4.069572e+01 4.070352e+01 4.071130e+01 4.071909e+01 4.072687e+01 4.073465e+01 4.074243e+01 4.075020e+01 4.075798e+01 4.076575e+01 4.077351e+01 4.078128e+01 4.078903e+01 4.079680e+01 4.080455e+01 4.081230e+01 4.082005e+01 4.082780e+01 4.083556e+01 4.084329e+01 4.085103e+01 4.085876e+01 4.086650e+01 4.087424e+01 4.088197e+01 4.088969e+01 4.089742e+01 4.090514e+01 4.091286e+01 4.092058e+01 4.092828e+01 4.093600e+01 4.094371e+01 4.095142e+01 4.095912e+01 4.096683e+01 4.097452e+01 4.098222e+01 4.098991e+01 4.099760e+01 4.100529e+01 4.101297e+01 4.102066e+01 4.102834e+01 4.103601e+01 4.104369e+01 4.105136e+01 4.105904e+01 4.106670e+01 4.107437e+01 4.108203e+01 4.108969e+01 4.109735e+01 4.110500e+01 4.111266e+01 4.112030e+01 4.112794e+01 4.113559e+01 4.114323e+01 4.115088e+01 4.115851e+01 4.116615e+01 4.117378e+01 4.118141e+01 4.118904e+01 4.119666e+01 4.120428e+01 4.121190e+01 4.121951e+01 4.122713e+01 4.123474e+01 4.124236e+01 4.124995e+01 4.125755e+01 4.126517e+01 4.127277e+01 4.128035e+01 4.128795e+01 4.129555e+01 4.130313e+01 4.131071e+01 4.131830e+01 4.132588e+01 4.133347e+01 4.134103e+01 4.134862e+01 4.135619e+01 4.136375e+01 4.137132e+01 4.137888e+01 4.138644e+01 4.139400e+01 4.140155e+01 4.140910e+01 4.141666e+01 4.142421e+01 4.143176e+01 4.143930e+01 4.144684e+01 4.145438e+01 4.146191e+01 4.146945e+01 4.147697e+01 4.148451e+01 4.149203e+01 4.149956e+01 4.150708e+01 4.151460e+01 4.152213e+01 4.152963e+01 4.153714e+01 4.154465e+01 4.155215e+01 4.155966e+01 4.156717e+01 4.157466e+01 4.158217e+01 4.158966e+01 4.159715e+01 4.160464e+01 4.161212e+01 4.161961e+01 4.162709e+01 4.163457e+01 4.164204e+01 4.164952e+01 4.165700e+01 4.166446e+01 4.167194e+01 4.167940e+01 4.168686e+01 4.169432e+01 4.170178e+01 4.170923e+01 4.171669e+01 4.172414e+01 4.173158e+01 4.173903e+01 4.174648e+01 4.175392e+01 4.176135e+01 4.176878e+01 4.177623e+01 4.178366e+01 4.179108e+01 4.179851e+01 4.180594e+01 4.181335e+01 4.182077e+01 4.182819e+01 4.183560e+01 4.184302e+01 4.185043e+01 4.185783e+01 4.186523e+01 4.187263e+01 4.188004e+01 4.188744e+01 4.189484e+01 4.190222e+01 4.190962e+01 4.191701e+01 4.192439e+01 4.193178e+01 4.193915e+01 4.194653e+01 4.195390e+01 4.196129e+01 4.196866e+01 4.197603e+01 4.198338e+01 4.199075e+01 4.199811e+01 4.200548e+01 4.201283e+01 4.202019e+01 4.202754e+01 4.203488e+01 4.204224e+01 4.204958e+01 4.205693e+01 4.206427e+01 4.207161e+01 4.207893e+01 4.208627e+01 4.209360e+01 4.210094e+01 4.210826e+01 4.211559e+01 4.212291e+01</incidenceAngle>
        <terrainHeight>2.576173301676191e+03</terrainHeight>
        <roll>3.009675871591478e+01</roll>
      </antennaPattern>
      <antennaPattern>
        <swath>IW2</swath>
        <azimuthTime>2015-05-16T13:34:33.793670</azimuthTime>
        <slantRangeTime count="676">5.646806372877616e-03 5.647392496836635e-03 5.647978620795654e-03 5.648564744754674e-03 5.649150868713693e-03 5.649736992672713e-03 5.650323116631733e-03 5.650909240590751e-03 5.651495364549771e-03 5.652081488508790e-03 5.652667612467809e-03 5.653253736426829e-03 5.653839860385848e-03 5.654425984344868e-03 5.655012108303887e-03 5.655598232262906e-03 5.656184356221925e-03 5.656770480180945e-03 5.657356604139963e-03 5.657942728098983e-03 5.658528852058003e-03 5.659114976017021e-03 5.659701099976042e-03 5.660287223935061e-03 5.660873347894080e-03 5.661459471853100e-03 5.662045595812118e-03 5.662631719771138e-03 5.663217843730157e-03 5.663803967689176e-03 5.664390091648196e-03 5.664976215607215e-03 5.665562339566235e-03 5.666148463525255e-03 5.666734587484274e-03 5.667320711443293e-03 5.667906835402312e-03 5.668492959361331e-03 5.669079083320351e-03 5.669665207279370e-03 5.670251331238389e-03 5.670837455197409e-03 5.671423579156429e-03 5.672009703115448e-03 5.672595827074467e-03 5.673181951033487e-03 5.673768074992506e-03 5.674354198951525e-03 5.674940322910545e-03 5.675526446869563e-03 5.676112570828583e-03 5.676698694787602e-03 5.677284818746622e-03 5.677870942705641e-03 5.678457066664660e-03 5.679043190623679e-03 5.679629314582699e-03 5.680215438541717e-03 5.680801562500737e-03 5.681387686459757e-03 5.681973810418776e-03 5.682559934377795e-03 5.683146058336815e-03 5.683732182295833e-03 5.684318306254853e-03 5.684904430213872e-03 5.685490554172891e-03 5.686076678131910e-03 5.686662802090930e-03 5.687248926049949e-03 5.687835050008969e-03 5.688421173967988e-03 5.689007297927007e-03 5.689593421886026e-03 5.690179545845045e-03 5.690765669804064e-03 5.691351793763084e-03 5.691937917722103e-03 5.692524041681123e-03 5.693110165640142e-03 5.693696289599161e-03 5.694282413558180e-03 5.694868537517200e-03 5.695454661476218e-03 5.696040785435238e-03 5.696626909394258e-03 5.697213033353277e-03 5.697799157312296e-03 5.698385281271316e-03 5.698971405230334e-03 5.699557529189354e-03 5.700143653148373e-03 5.700729777107392e-03 5.701315901066411e-03 5.701902025025431e-03 5.702488148984450e-03 5.703074272943470e-03 5.703660396902488e-03 5.704246520861508e-03 5.704832644820527e-03 5.705418768779546e-03 5.706004892738565e-03 5.706591016697585e-03 5.707177140656604e-03 5.707763264615624e-03 5.708349388574643e-03 5.708935512533662e-03 5.709521636492681e-03 5.710107760451701e-03 5.710693884410719e-03 5.711280008369739e-03 5.711866132328759e-03 5.712452256287778e-03 5.713038380246797e-03 5.713624504205816e-03 5.714210628164835e-03 5.714796752123855e-03 5.715382876082874e-03 5.715969000041893e-03 5.716555124000912e-03 5.717141247959932e-03 5.717727371918951e-03 5.718313495877971e-03 5.718899619836989e-03 5.719485743796009e-03 5.720071867755028e-03 5.720657991714047e-03 5.721244115673066e-03 5.721830239632086e-03 5.722416363591105e-03 5.723002487550125e-03 5.723588611509144e-03 5.724174735468163e-03 5.724760859427182e-03 5.725346983386202e-03 5.725933107345220e-03 5.726519231304240e-03 5.727105355263259e-03 5.727691479222279e-03 5.728277603181298e-03 5.728863727140317e-03 5.729449851099336e-03 5.730035975058356e-03 5.730622099017374e-03 5.731208222976394e-03 5.731794346935413e-03 5.732380470894433e-03 5.732966594853452e-03 5.733552718812472e-03 5.734138842771490e-03 5.734724966730510e-03 5.735311090689529e-03 5.735897214648548e-03 5.736483338607567e-03 5.737069462566587e-03 5.737655586525606e-03 5.738241710484626e-03 5.738827834443645e-03 5.739413958402664e-03 5.740000082361683e-03 5.740586206320702e-03 5.741172330279721e-03 5.741758454238741e-03 5.742344578197760e-03 5.742930702156780e-03 5.743516826115799e-03 5.744102950074818e-03 5.744689074033837e-03 5.745275197992857e-03 5.745861321951875e-03 5.746447445910895e-03 5.747033569869914e-03 5.747619693828934e-03 5.748205817787953e-03 5.748791941746973e-03 5.749378065705991e-03 5.749964189665011e-03 5.750550313624030e-03 5.751136437583049e-03 5.751722561542068e-03 5.752308685501088e-03 5.752894809460107e-03 5.753480933419127e-03 5.754067057378145e-03 5.754653181337165e-03 5.755239305296184e-03 5.755825429255203e-03 5.756411553214222e-03 5.756997677173242e-03 5.757583801132261e-03 5.758169925091282e-03 5.758756049050301e-03 5.759342173009321e-03 5.759928296968341e-03 5.760514420927360e-03 5.761100544886380e-03 5.761686668845399e-03 5.762272792804419e-03 5.762858916763439e-03 5.763445040722458e-03 5.764031164681478e-03 5.764617288640497e-03 5.765203412599517e-03 5.765789536558537e-03 5.766375660517556e-03 5.766961784476576e-03 5.767547908435596e-03 5.768134032394616e-03 5.768720156353636e-03 5.769306280312655e-03 5.769892404271675e-03 5.770478528230694e-03 5.771064652189714e-03 5.771650776148734e-03 5.772236900107753e-03 5.772823024066773e-03 5.773409148025792e-03 5.773995271984812e-03 5.774581395943832e-03 5.775167519902851e-03 5.775753643861871e-03 5.776339767820890e-03 5.776925891779911e-03 5.777512015738930e-03 5.778098139697950e-03 5.778684263656970e-03 5.779270387615989e-03 5.779856511575009e-03 5.780442635534028e-03 5.781028759493048e-03 5.781614883452068e-03 5.782201007411087e-03 5.782787131370107e-03 5.783373255329126e-03 5.783959379288146e-03 5.784545503247166e-03 5.785131627206185e-03 5.785717751165205e-03 5.786303875124225e-03 5.786889999083245e-03 5.787476123042264e-03 5.788062247001284e-03 5.788648370960304e-03 5.789234494919323e-03 5.789820618878343e-03 5.790406742837362e-03 5.790992866796382e-03 5.791578990755402e-03 5.792165114714421e-03 5.792751238673441e-03 5.793337362632460e-03 5.793923486591480e-03 5.794509610550500e-03 5.795095734509519e-03 5.795681858468540e-03 5.796267982427559e-03 5.796854106386579e-03 5.797440230345599e-03 5.798026354304618e-03 5.798612478263638e-03 5.799198602222657e-03 5.799784726181677e-03 5.800370850140697e-03 5.800956974099716e-03 5.801543098058736e-03 5.802129222017755e-03 5.802715345976775e-03 5.803301469935795e-03 5.803887593894814e-03 5.804473717853835e-03 5.805059841812854e-03 5.805645965771874e-03 5.806232089730893e-03 5.806818213689913e-03 5.807404337648933e-03 5.807990461607952e-03 5.808576585566972e-03 5.809162709525991e-03 5.809748833485011e-03 5.810334957444031e-03 5.810921081403050e-03 5.811507205362070e-03 5.812093329321089e-03 5.812679453280109e-03 5.813265577239129e-03 5.813851701198149e-03 5.814437825157169e-03 5.815023949116188e-03 5.815610073075208e-03 5.816196197034228e-03 5.816782320993247e-03 5.817368444952267e-03 5.817954568911286e-03 5.818540692870306e-03 5.819126816829326e-03 5.819712940788345e-03 5.820299064747365e-03 5.820885188706384e-03 5.821471312665404e-03 5.822057436624424e-03 5.822643560583443e-03 5.823229684542464e-03 5.823815808501483e-03 5.824401932460503e-03 5.824988056419522e-03 5.825574180378542e-03 5.826160304337562e-03 5.826746428296581e-03 5.827332552255601e-03 5.827918676214620e-03 5.828504800173640e-03 5.829090924132660e-03 5.829677048091679e-03 5.830263172050699e-03 5.830849296009718e-03 5.831435419968738e-03 5.832021543927758e-03 5.832607667886778e-03 5.833193791845798e-03 5.833779915804817e-03 5.834366039763837e-03 5.834952163722856e-03 5.835538287681876e-03 5.836124411640896e-03 5.836710535599915e-03 5.837296659558935e-03 5.837882783517954e-03 5.838468907476974e-03 5.839055031435994e-03 5.839641155395013e-03 5.840227279354033e-03 5.840813403313052e-03 5.841399527272073e-03 5.841985651231093e-03 5.842571775190112e-03 5.843157899149132e-03 5.843744023108151e-03 5.844330147067171e-03 5.844916271026191e-03 5.845502394985210e-03 5.846088518944230e-03 5.846674642903249e-03 5.847260766862269e-03 5.847846890821289e-03 5.848433014780308e-03 5.849019138739328e-03 5.849605262698347e-03 5.850191386657367e-03 5.850777510616387e-03 5.851363634575407e-03 5.851949758534427e-03 5.852535882493446e-03 5.853122006452466e-03 5.853708130411485e-03 5.854294254370505e-03 5.854880378329525e-03 5.855466502288544e-03 5.856052626247564e-03 5.856638750206583e-03 5.857224874165603e-03 5.857810998124623e-03 5.858397122083642e-03 5.858983246042662e-03 5.859569370001681e-03 5.860155493960702e-03 5.860741617919722e-03 5.861327741878741e-03 5.861913865837761e-03 5.862499989796780e-03 5.863086113755800e-03 5.863672237714820e-03 5.864258361673839e-03 5.864844485632859e-03 5.865430609591878e-03 5.866016733550898e-03 5.866602857509918e-03 5.867188981468937e-03 5.867775105427957e-03 5.868361229386976e-03 5.868947353345996e-03 5.869533477305016e-03 5.870119601264036e-03 5.870705725223056e-03 5.871291849182075e-03 5.871877973141095e-03 5.872464097100114e-03 5.873050221059134e-03 5.873636345018154e-03 5.874222468977173e-03 5.874808592936193e-03 5.875394716895212e-03 5.875980840854232e-03 5.876566964813252e-03 5.877153088772271e-03 5.877739212731291e-03 5.878325336690310e-03 5.878911460649331e-03 5.879497584608350e-03 5.880083708567370e-03 5.880669832526390e-03 5.881255956485409e-03 5.881842080444429e-03 5.882428204403448e-03 5.883014328362468e-03 5.883600452321488e-03 5.884186576280507e-03 5.884772700239527e-03 5.885358824198546e-03 5.885944948157566e-03 5.886531072116586e-03 5.887117196075605e-03 5.887703320034626e-03 5.888289443993645e-03 5.888875567952665e-03 5.889461691911685e-03 5.890047815870704e-03 5.890633939829724e-03 5.891220063788743e-03 5.891806187747763e-03 5.892392311706783e-03 5.892978435665802e-03 5.893564559624822e-03 5.894150683583841e-03 5.894736807542861e-03 5.895322931501881e-03 5.895909055460900e-03 5.896495179419920e-03 5.897081303378940e-03 5.897667427337960e-03 5.898253551296979e-03 5.898839675255999e-03 5.899425799215019e-03 5.900011923174038e-03 5.900598047133058e-03 5.901184171092077e-03 5.901770295051097e-03 5.902356419010117e-03 5.902942542969136e-03 5.903528666928156e-03 5.904114790887175e-03 5.904700914846195e-03 5.905287038805215e-03 5.905873162764234e-03 5.906459286723255e-03 5.907045410682274e-03 5.907631534641294e-03 5.908217658600314e-03 5.908803782559333e-03 5.909389906518353e-03 5.909976030477372e-03 5.910562154436392e-03 5.911148278395412e-03 5.911734402354431e-03 5.912320526313451e-03 5.912906650272470e-03 5.913492774231490e-03 5.914078898190510e-03 5.914665022149529e-03 5.915251146108549e-03 5.915837270067569e-03 5.916423394026589e-03 5.917009517985608e-03 5.917595641944628e-03 5.918181765903648e-03 5.918767889862667e-03 5.919354013821687e-03 5.919940137780706e-03 5.920526261739726e-03 5.921112385698746e-03 5.921698509657765e-03 5.922284633616785e-03 5.922870757575804e-03 5.923456881534824e-03 5.924043005493844e-03 5.924629129452863e-03 5.925215253411884e-03 5.925801377370903e-03 5.926387501329923e-03 5.926973625288942e-03 5.927559749247962e-03 5.928145873206982e-03 5.928731997166001e-03 5.929318121125021e-03 5.929904245084040e-03 5.930490369043060e-03 5.931076493002080e-03 5.931662616961099e-03 5.932248740920119e-03 5.932834864879138e-03 5.933420988838158e-03 5.934007112797179e-03 5.934593236756198e-03 5.935179360715218e-03 5.935765484674237e-03 5.936351608633257e-03 5.936937732592277e-03 5.937523856551296e-03 5.938109980510316e-03 5.938696104469335e-03 5.939282228428355e-03 5.939868352387375e-03 5.940454476346394e-03 5.941040600305414e-03 5.941626724264433e-03 5.942212848223453e-03 5.942798972182473e-03 5.943385096141493e-03 5.943971220100513e-03 5.944557344059532e-03 5.945143468018552e-03 5.945729591977571e-03 5.946315715936591e-03 5.946901839895611e-03 5.947487963854630e-03 5.948074087813650e-03 5.948660211772669e-03 5.949246335731689e-03 5.949832459690709e-03 5.950418583649728e-03 5.951004707608748e-03 5.951590831567767e-03 5.952176955526787e-03 5.952763079485807e-03 5.953349203444827e-03 5.953935327403847e-03 5.954521451362866e-03 5.955107575321886e-03 5.955693699280906e-03 5.956279823239925e-03 5.956865947198945e-03 5.957452071157964e-03 5.958038195116984e-03 5.958624319076004e-03 5.959210443035023e-03 5.959796566994043e-03 5.960382690953062e-03 5.960968814912082e-03 5.961554938871102e-03 5.962141062830122e-03 5.962727186789142e-03 5.963313310748161e-03 5.963899434707181e-03 5.964485558666200e-03 5.965071682625220e-03 5.965657806584240e-03 5.966243930543259e-03 5.966830054502279e-03 5.967416178461298e-03 5.968002302420318e-03 5.968588426379338e-03 5.969174550338357e-03 5.969760674297377e-03 5.970346798256396e-03 5.970932922215416e-03 5.971519046174436e-03 5.972105170133456e-03 5.972691294092476e-03 5.973277418051495e-03 5.973863542010515e-03 5.974449665969534e-03 5.975035789928554e-03 5.975621913887574e-03 5.976208037846593e-03 5.976794161805613e-03 5.977380285764632e-03 5.977966409723652e-03 5.978552533682672e-03 5.979138657641691e-03 5.979724781600711e-03 5.980310905559731e-03 5.980897029518751e-03 5.981483153477771e-03 5.982069277436790e-03 5.982655401395810e-03 5.983241525354829e-03 5.983827649313849e-03 5.984413773272869e-03 5.984999897231888e-03 5.985586021190908e-03 5.986172145149927e-03 5.986758269108947e-03 5.987344393067967e-03 5.987930517026986e-03 5.988516640986006e-03 5.989102764945025e-03 5.989688888904046e-03 5.990275012863065e-03 5.990861136822085e-03 5.991447260781105e-03 5.992033384740124e-03 5.992619508699144e-03 5.993205632658163e-03 5.993791756617183e-03 5.994377880576203e-03 5.994964004535222e-03 5.995550128494242e-03 5.996136252453261e-03 5.996722376412281e-03 5.997308500371301e-03 5.997894624330320e-03 5.998480748289340e-03 5.999066872248360e-03 5.999652996207380e-03 6.000239120166399e-03 6.000825244125419e-03 6.001411368084439e-03 6.001997492043458e-03 6.002583616002478e-03 6.003169739961497e-03 6.003755863920517e-03 6.004341987879537e-03 6.004928111838556e-03 6.005514235797576e-03 6.006100359756596e-03 6.006686483715615e-03 6.007272607674635e-03 6.007858731633654e-03 6.008444855592675e-03 6.009030979551694e-03 6.009617103510714e-03 6.010203227469734e-03 6.010789351428753e-03 6.011375475387773e-03 6.011961599346792e-03 6.012547723305812e-03 6.013133847264832e-03 6.013719971223851e-03 6.014306095182871e-03 6.014892219141890e-03 6.015478343100910e-03 6.016064467059930e-03 6.016650591018949e-03 6.017236714977970e-03 6.017822838936989e-03 6.018408962896009e-03 6.018995086855028e-03 6.019581210814048e-03 6.020167334773068e-03 6.020753458732087e-03 6.021339582691107e-03 6.021925706650126e-03 6.022511830609146e-03 6.023097954568166e-03 6.023684078527185e-03 6.024270202486205e-03 6.024856326445224e-03 6.025442450404244e-03 6.026028574363264e-03 6.026614698322284e-03 6.027200822281304e-03 6.027786946240323e-03 6.028373070199343e-03 6.028959194158363e-03 6.029545318117382e-03 6.030131442076402e-03 6.030717566035421e-03 6.031303689994441e-03 6.031889813953461e-03 6.032475937912480e-03 6.033062061871500e-03 6.033648185830519e-03 6.034234309789539e-03 6.034820433748559e-03 6.035406557707578e-03 6.035992681666599e-03 6.036578805625618e-03 6.037164929584638e-03 6.037751053543657e-03 6.038337177502677e-03 6.038923301461697e-03 6.039509425420716e-03 6.040095549379736e-03 6.040681673338755e-03 6.041267797297775e-03 6.041853921256795e-03 6.042440045215814e-03</slantRangeTime>
        <elevationAngle count="676">3.241319e+01 3.242122e+01 3.242924e+01 3.243726e+01 3.244527e+01 3.245329e+01 3.246130e+01 3.246930e+01 3.247730e+01 3.248530e+01 3.249329e+01 3.250129e+01 3.250927e+01 3.251726e+01 3.252524e+01 3.253321e+01 3.254119e+01 3.254916e+01 3.255713e+01 3.256509e+01 3.257305e+01 3.258101e+01 3.258895e+01 3.259690e+01 3.260485e+01 3.261279e+01 3.262073e+01 3.262867e+01 3.263660e+01 3.264452e+01 3.265245e+01 3.266037e+01 3.266829e+01 3.267620e+01 3.268411e+01 3.269202e+01 3.269992e+01 3.270782e+01 3.271572e+01 3.272361e+01 3.273150e+01 3.273939e+01 3.274727e+01 3.275515e+01 3.276303e+01 3.277090e+01 3.277877e+01 3.278664e+01 3.279450e+01 3.280236e+01 3.281021e+01 3.281806e+01 3.282591e+01 3.283376e+01 3.284160e+01 3.284944e+01 3.285727e+01 3.286510e+01 3.287293e+01 3.288076e+01 3.288858e+01 3.289640e+01 3.290421e+01 3.291202e+01 3.291983e+01 3.292763e+01 3.293543e+01 3.294323e+01 3.295103e+01 3.295882e+01 3.296660e+01 3.297439e+01 3.298217e+01 3.298994e+01 3.299772e+01 3.300549e+01 3.301326e+01 3.302102e+01 3.302878e+01 3.303654e+01 3.304429e+01 3.305204e+01 3.305979e+01 3.306754e+01 3.307528e+01 3.308301e+01 3.309075e+01 3.309848e+01 3.310620e+01 3.311393e+01 3.312165e+01 3.312936e+01 3.313708e+01 3.314479e+01 3.315250e+01 3.316020e+01 3.316790e+01 3.317560e+01 3.318329e+01 3.319099e+01 3.319867e+01 3.320636e+01 3.321404e+01 3.322171e+01 3.322939e+01 3.323706e+01 3.324473e+01 3.325239e+01 3.326006e+01 3.326771e+01 3.327537e+01 3.328302e+01 3.329067e+01 3.329831e+01 3.330595e+01 3.331359e+01 3.332123e+01 3.332886e+01 3.333649e+01 3.334412e+01 3.335174e+01 3.335936e+01 3.336697e+01 3.337458e+01 3.338219e+01 3.338980e+01 3.339740e+01 3.340500e+01 3.341260e+01 3.342019e+01 3.342778e+01 3.343537e+01 3.344296e+01 3.345053e+01 3.345811e+01 3.346569e+01 3.347326e+01 3.348082e+01 3.348839e+01 3.349595e+01 3.350351e+01 3.351107e+01 3.351862e+01 3.352617e+01 3.353371e+01 3.354125e+01 3.354879e+01 3.355633e+01 3.356386e+01 3.357139e+01 3.357892e+01 3.358644e+01 3.359396e+01 3.360148e+01 3.360899e+01 3.361650e+01 3.362401e+01 3.363152e+01 3.363902e+01 3.364651e+01 3.365401e+01 3.366150e+01 3.366899e+01 3.367648e+01 3.368396e+01 3.369144e+01 3.369891e+01 3.370639e+01 3.371386e+01 3.372132e+01 3.372879e+01 3.373625e+01 3.374371e+01 3.375116e+01 3.375861e+01 3.376606e+01 3.377351e+01 3.378095e+01 3.378839e+01 3.379582e+01 3.380326e+01 3.381068e+01 3.381811e+01 3.382553e+01 3.383296e+01 3.384037e+01 3.384779e+01 3.385520e+01 3.386261e+01 3.387001e+01 3.387741e+01 3.388482e+01 3.389221e+01 3.389960e+01 3.390699e+01 3.391438e+01 3.392176e+01 3.392915e+01 3.393652e+01 3.394390e+01 3.395127e+01 3.395864e+01 3.396600e+01 3.397337e+01 3.398073e+01 3.398808e+01 3.399544e+01 3.400279e+01 3.401014e+01 3.401748e+01 3.402482e+01 3.403216e+01 3.403949e+01 3.404683e+01 3.405416e+01 3.406149e+01 3.406881e+01 3.407613e+01 3.408345e+01 3.409076e+01 3.409807e+01 3.410538e+01 3.411269e+01 3.411999e+01 3.412729e+01 3.413458e+01 3.414188e+01 3.414917e+01 3.415646e+01 3.416374e+01 3.417102e+01 3.417830e+01 3.418558e+01 3.419285e+01 3.420012e+01 3.420739e+01 3.421465e+01 3.422191e+01 3.422917e+01 3.423642e+01 3.424368e+01 3.425093e+01 3.425817e+01 3.426542e+01 3.427266e+01 3.427989e+01 3.428713e+01 3.429436e+01 3.430159e+01 3.430882e+01 3.431604e+01 3.432326e+01 3.433047e+01 3.433769e+01 3.434490e+01 3.435211e+01 3.435931e+01 3.436652e+01 3.437371e+01 3.438091e+01 3.438810e+01 3.439529e+01 3.440248e+01 3.440967e+01 3.441685e+01 3.442403e+01 3.443121e+01 3.443838e+01 3.444555e+01 3.445272e+01 3.445988e+01 3.446704e+01 3.447421e+01 3.448136e+01 3.448851e+01 3.449567e+01 3.450281e+01 3.450996e+01 3.451710e+01 3.452424e+01 3.453138e+01 3.453851e+01 3.454564e+01 3.455276e+01 3.455989e+01 3.456701e+01 3.457413e+01 3.458125e+01 3.458836e+01 3.459547e+01 3.460258e+01 3.460968e+01 3.461679e+01 3.462389e+01 3.463098e+01 3.463808e+01 3.464517e+01 3.465226e+01 3.465934e+01 3.466642e+01 3.467350e+01 3.468058e+01 3.468765e+01 3.469473e+01 3.470179e+01 3.470886e+01 3.471592e+01 3.472298e+01 3.473004e+01 3.473709e+01 3.474414e+01 3.475119e+01 3.475824e+01 3.476528e+01 3.477232e+01 3.477936e+01 3.478639e+01 3.479342e+01 3.480045e+01 3.480748e+01 3.481450e+01 3.482153e+01 3.482854e+01 3.483556e+01 3.484257e+01 3.484958e+01 3.485659e+01 3.486359e+01 3.487059e+01 3.487759e+01 3.488459e+01 3.489158e+01 3.489857e+01 3.490556e+01 3.491254e+01 3.491953e+01 3.492651e+01 3.493348e+01 3.494046e+01 3.494743e+01 3.495440e+01 3.496136e+01 3.496833e+01 3.497528e+01 3.498224e+01 3.498920e+01 3.499615e+01 3.500310e+01 3.501005e+01 3.501699e+01 3.502393e+01 3.503087e+01 3.503781e+01 3.504474e+01 3.505167e+01 3.505860e+01 3.506553e+01 3.507244e+01 3.507936e+01 3.508628e+01 3.509320e+01 3.510011e+01 3.510702e+01 3.511393e+01 3.512083e+01 3.512773e+01 3.513463e+01 3.514152e+01 3.514841e+01 3.515530e+01 3.516219e+01 3.516908e+01 3.517596e+01 3.518284e+01 3.518972e+01 3.519659e+01 3.520346e+01 3.521033e+01 3.521720e+01 3.522406e+01 3.523092e+01 3.523778e+01 3.524464e+01 3.525149e+01 3.525834e+01 3.526519e+01 3.527203e+01 3.527887e+01 3.528571e+01 3.529255e+01 3.529939e+01 3.530622e+01 3.531305e+01 3.531987e+01 3.532669e+01 3.533352e+01 3.534034e+01 3.534715e+01 3.535397e+01 3.536077e+01 3.536758e+01 3.537439e+01 3.538119e+01 3.538799e+01 3.539479e+01 3.540158e+01 3.540838e+01 3.541517e+01 3.542196e+01 3.542874e+01 3.543552e+01 3.544230e+01 3.544908e+01 3.545585e+01 3.546262e+01 3.546939e+01 3.547616e+01 3.548292e+01 3.548969e+01 3.549644e+01 3.550320e+01 3.550995e+01 3.551670e+01 3.552345e+01 3.553020e+01 3.553694e+01 3.554368e+01 3.555042e+01 3.555716e+01 3.556389e+01 3.557062e+01 3.557735e+01 3.558407e+01 3.559079e+01 3.559752e+01 3.560423e+01 3.561095e+01 3.561766e+01 3.562437e+01 3.563108e+01 3.563778e+01 3.564449e+01 3.565118e+01 3.565788e+01 3.566458e+01 3.567127e+01 3.567796e+01 3.568465e+01 3.569133e+01 3.569801e+01 3.570469e+01 3.571137e+01 3.571804e+01 3.572472e+01 3.573138e+01 3.573805e+01 3.574472e+01 3.575138e+01 3.575804e+01 3.576469e+01 3.577135e+01 3.577800e+01 3.578465e+01 3.579130e+01 3.579794e+01 3.580458e+01 3.581122e+01 3.581786e+01 3.582449e+01 3.583112e+01 3.583775e+01 3.584438e+01 3.585101e+01 3.585763e+01 3.586425e+01 3.587086e+01 3.587748e+01 3.588409e+01 3.589070e+01 3.589730e+01 3.590391e+01 3.591051e+01 3.591711e+01 3.592371e+01 3.593031e+01 3.593690e+01 3.594349e+01 3.595007e+01 3.595666e+01 3.596324e+01 3.596982e+01 3.597640e+01 3.598297e+01 3.598954e+01 3.599611e+01 3.600268e+01 3.600925e+01 3.601581e+01 3.602237e+01 3.602893e+01 3.603548e+01 3.604203e+01 3.604858e+01 3.605513e+01 3.606168e+01 3.606822e+01 3.607476e+01 3.608130e+01 3.608784e+01 3.609437e+01 3.610090e+01 3.610743e+01 3.611396e+01 3.612048e+01 3.612700e+01 3.613352e+01 3.614004e+01 3.614655e+01 3.615306e+01 3.615957e+01 3.616608e+01 3.617258e+01 3.617908e+01 3.618559e+01 3.619208e+01 3.619857e+01 3.620507e+01 3.621156e+01 3.621804e+01 3.622453e+01 3.623101e+01 3.623750e+01 3.624397e+01 3.625045e+01 3.625692e+01 3.626339e+01 3.626986e+01 3.627633e+01 3.628279e+01 3.628925e+01 3.629571e+01 3.630217e+01 3.630862e+01 3.631507e+01 3.632152e+01 3.632797e+01 3.633441e+01 3.634085e+01 3.634729e+01 3.635373e+01 3.636017e+01 3.636660e+01 3.637303e+01 3.637946e+01 3.638589e+01 3.639231e+01 3.639873e+01 3.640515e+01 3.641156e+01 3.641798e+01 3.642439e+01 3.643080e+01 3.643721e+01 3.644361e+01 3.645001e+01 3.645641e+01 3.646281e+01 3.646921e+01 3.647560e+01 3.648199e+01 3.648838e+01 3.649477e+01 3.650115e+01 3.650753e+01 3.651391e+01 3.652029e+01 3.652666e+01 3.653303e+01 3.653940e+01 3.654577e+01 3.655213e+01 3.655849e+01 3.656486e+01 3.657121e+01 3.657757e+01 3.658392e+01 3.659027e+01 3.659662e+01 3.660297e+01 3.660931e+01 3.661566e+01 3.662200e+01 3.662833e+01 3.663467e+01 3.664100e+01 3.664733e+01 3.665366e+01 3.665998e+01 3.666631e+01 3.667263e+01 3.667895e+01 3.668527e+01 3.669158e+01 3.669790e+01 3.670420e+01 3.671051e+01 3.671682e+01 3.672312e+01 3.672942e+01 3.673572e+01 3.674202e+01 3.674831e+01 3.675460e+01 3.676089e+01 3.676718e+01 3.677346e+01 3.677974e+01 3.678603e+01 3.679230e+01 3.679858e+01 3.680485e+01 3.681112e+01 3.681739e+01 3.682366e+01 3.682993e+01 3.683619e+01 3.684245e+01 3.684871e+01 3.685496e+01 3.686121e+01 3.686747e+01 3.687371e+01 3.687996e+01 3.688620e+01 3.689245e+01 3.689869e+01 3.690493e+01 3.691116e+01 3.691739e+01 3.692363e+01 3.692986e+01 3.693608e+01 3.694230e+01 3.694853e+01 3.695475e+01 3.696096e+01 3.696718e+01 3.697339e+01 3.697960e+01 3.698581e+01 3.699202e+01 3.699822e+01 3.700443e+01 3.701062e+01 3.701682e+01 3.702302e+01 3.702921e+01 3.703540e+01 3.704159e+01 3.704778e+01 3.705396e+01 3.706015e+01 3.706633e+01 3.707250e+01 3.707868e+01 3.708485e+01 3.709103e+01 3.709719e+01 3.710336e+01 3.710952e+01 3.711569e+01 3.712185e+01 3.712801e+01 3.713416e+01 3.714032e+01 3.714647e+01</elevationAngle>
        <elevationPattern count="676">-3.080005e+13 2.762095e+14 -3.087710e+13 2.779754e+14 -3.095414e+13 2.797406e+14 -3.103112e+13 2.815048e+14 -3.110807e+13 2.832684e+14 -3.117094e+13 2.850218e+14 -3.122379e+13 2.867677e+14 -3.127663e+13 2.885130e+14 -3.132944e+13 2.902573e+14 -3.138223e+13 2.920009e+14 -3.143499e+13 2.937438e+14 -3.147860e+13 2.954913e+14 -3.150417e+13 2.972486e+14 -3.152970e+13 2.990049e+14 -3.155525e+13 3.007608e+14 -3.158077e+13 3.025157e+14 -3.160629e+13 3.042699e+14 -3.162966e+13 3.060233e+14 -3.162488e+13 3.077759e+14 -3.162010e+13 3.095277e+14 -3.161533e+13 3.112789e+14 -3.161056e+13 3.130292e+14 -3.160578e+13 3.147787e+14 -3.160101e+13 3.165274e+14 -3.157249e+13 3.182629e+14 -3.153755e+13 3.199943e+14 -3.150261e+13 3.217249e+14 -3.146770e+13 3.234546e+14 -3.143281e+13 3.251838e+14 -3.139792e+13 3.269120e+14 -3.134688e+13 3.286396e+14 -3.127876e+13 3.303664e+14 -3.121067e+13 3.320923e+14 -3.114260e+13 3.338175e+14 -3.107458e+13 3.355421e+14 -3.100658e+13 3.372659e+14 -3.093304e+13 3.389889e+14 -3.083192e+13 3.407111e+14 -3.073084e+13 3.424325e+14 -3.062982e+13 3.441533e+14 -3.052882e+13 3.458733e+14 -3.042788e+13 3.475924e+14 -3.032698e+13 3.493110e+14 -3.019466e+13 3.510155e+14 -3.005605e+13 3.527168e+14 -2.991749e+13 3.544171e+14 -2.977899e+13 3.561169e+14 -2.964055e+13 3.578158e+14 -2.950219e+13 3.595142e+14 -2.934583e+13 3.612041e+14 -2.916987e+13 3.628852e+14 -2.899399e+13 3.645655e+14 -2.881819e+13 3.662451e+14 -2.864245e+13 3.679240e+14 -2.846680e+13 3.696021e+14 -2.828703e+13 3.712777e+14 -2.807235e+13 3.729388e+14 -2.785776e+13 3.745989e+14 -2.764328e+13 3.762586e+14 -2.742888e+13 3.779173e+14 -2.721459e+13 3.795755e+14 -2.700038e+13 3.812329e+14 -2.675820e+13 3.828670e+14 -2.650512e+13 3.844918e+14 -2.625216e+13 3.861158e+14 -2.599930e+13 3.877391e+14 -2.574655e+13 3.893617e+14 -2.549391e+13 3.909836e+14 -2.522828e+13 3.926000e+14 -2.493378e+13 3.942048e+14 -2.463941e+13 3.958090e+14 -2.434517e+13 3.974125e+14 -2.405107e+13 3.990153e+14 -2.375709e+13 4.006176e+14 -2.346323e+13 4.022190e+14 -2.313090e+13 4.038058e+14 -2.279381e+13 4.053904e+14 -2.245686e+13 4.069743e+14 -2.212005e+13 4.085574e+14 -2.178339e+13 4.101399e+14 -2.144688e+13 4.117217e+14 -2.109190e+13 4.132821e+14 -2.071383e+13 4.148160e+14 -2.033593e+13 4.163492e+14 -1.995820e+13 4.178819e+14 -1.958062e+13 4.194139e+14 -1.920321e+13 4.209452e+14 -1.882596e+13 4.224759e+14 -1.840476e+13 4.239906e+14 -1.798303e+13 4.255044e+14 -1.756149e+13 4.270177e+14 -1.714013e+13 4.285304e+14 -1.671894e+13 4.300423e+14 -1.629794e+13 4.315535e+14 -1.585450e+13 4.330484e+14 -1.538919e+13 4.345277e+14 -1.492406e+13 4.360063e+14 -1.445913e+13 4.374843e+14 -1.399441e+13 4.389615e+14 -1.352988e+13 4.404382e+14 -1.306514e+13 4.419139e+14 -1.255812e+13 4.433585e+14 -1.205133e+13 4.448025e+14 -1.154475e+13 4.462458e+14 -1.103840e+13 4.476888e+14 -1.053225e+13 4.491311e+14 -1.002632e+13 4.505725e+14 -9.498145e+12 4.519982e+14 -8.947293e+12 4.534080e+14 -8.396672e+12 4.548169e+14 -7.846290e+12 4.562255e+14 -7.296142e+12 4.576335e+14 -6.746226e+12 4.590406e+14 -6.196547e+12 4.604473e+14 -5.604139e+12 4.618093e+14 -5.010316e+12 4.631689e+14 -4.416748e+12 4.645282e+14 -3.823428e+12 4.658865e+14 -3.230363e+12 4.672445e+14 -2.637548e+12 4.686019e+14 -2.027031e+12 4.699463e+14 -1.391137e+12 4.712720e+14 -7.555128e+11 4.725970e+14 -1.201585e+11 4.739216e+14 5.149267e+11 4.752457e+14 1.149743e+12 4.765693e+14 1.784291e+12 4.778921e+14 2.455591e+12 4.791760e+14 3.133509e+12 4.804522e+14 3.811142e+12 4.817279e+14 4.488488e+12 4.830030e+14 5.165548e+12 4.842777e+14 5.842322e+12 4.855518e+14 6.529732e+12 4.868175e+14 7.248672e+12 4.880604e+14 7.967306e+12 4.893024e+14 8.685641e+12 4.905442e+14 9.403670e+12 4.917853e+14 1.012140e+13 4.930258e+14 1.083882e+13 4.942660e+14 1.158305e+13 4.954760e+14 1.234158e+13 4.966696e+14 1.309978e+13 4.978628e+14 1.385767e+13 4.990554e+14 1.461524e+13 5.002478e+14 1.537249e+13 5.014393e+14 1.613051e+13 5.026300e+14 1.692932e+13 5.037903e+14 1.772780e+13 5.049504e+14 1.852594e+13 5.061099e+14 1.932376e+13 5.072690e+14 2.012123e+13 5.084277e+14 2.091837e+13 5.095858e+14 2.173015e+13 5.107260e+14 2.256570e+13 5.118382e+14 2.340089e+13 5.129497e+14 2.423574e+13 5.140608e+14 2.507024e+13 5.151715e+14 2.590439e+13 5.162818e+14 2.673819e+13 5.173916e+14 2.759869e+13 5.184574e+14 2.846925e+13 5.195063e+14 2.933946e+13 5.205550e+14 3.020930e+13 5.216028e+14 3.107875e+13 5.226501e+14 3.194787e+13 5.236975e+14 3.281826e+13 5.247430e+14 3.372549e+13 5.257590e+14 3.463237e+13 5.267751e+14 3.553887e+13 5.277906e+14 3.644498e+13 5.288057e+14 3.735072e+13 5.298204e+14 3.825608e+13 5.308346e+14 3.917285e+13 5.318331e+14 4.011174e+13 5.328019e+14 4.105023e+13 5.337700e+14 4.198832e+13 5.347379e+14 4.292605e+13 5.357054e+14 4.386337e+13 5.366725e+14 4.480030e+13 5.376391e+14 4.575641e+13 5.385775e+14 4.672378e+13 5.394988e+14 4.769073e+13 5.404197e+14 4.865732e+13 5.413404e+14 4.962346e+13 5.422604e+14 5.058924e+13 5.431803e+14 5.155458e+13 5.440995e+14 5.254992e+13 5.449658e+14 5.354857e+13 5.458252e+14 5.454679e+13 5.466841e+14 5.554461e+13 5.475428e+14 5.654201e+13 5.484011e+14 5.753902e+13 5.492592e+14 5.853941e+13 5.501127e+14 5.956366e+13 5.509403e+14 6.058750e+13 5.517677e+14 6.161092e+13 5.525948e+14 6.263391e+13 5.534215e+14 6.365647e+13 5.542477e+14 6.467860e+13 5.550736e+14 6.570941e+13 5.558779e+14 6.675575e+13 5.566441e+14 6.780167e+13 5.574101e+14 6.884718e+13 5.581759e+14 6.989224e+13 5.589413e+14 7.093689e+13 5.597065e+14 7.198111e+13 5.604714e+14 7.303995e+13 5.612189e+14 7.410972e+13 5.619535e+14 7.517908e+13 5.626880e+14 7.624803e+13 5.634224e+14 7.731651e+13 5.641560e+14 7.838456e+13 5.648897e+14 7.945216e+13 5.656229e+14 8.053267e+13 5.663114e+14 8.161699e+13 5.669853e+14 8.270085e+13 5.676590e+14 8.378428e+13 5.683326e+14 8.486729e+13 5.690059e+14 8.594984e+13 5.696788e+14 8.703193e+13 5.703515e+14 8.812443e+13 5.709832e+14 8.921735e+13 5.716114e+14 9.030982e+13 5.722395e+14 9.140183e+13 5.728672e+14 9.249339e+13 5.734946e+14 9.358451e+13 5.741219e+14 9.467669e+13 5.747456e+14 9.578586e+13 5.753286e+14 9.689459e+13 5.759114e+14 9.800285e+13 5.764939e+14 9.911068e+13 5.770762e+14 1.002180e+14 5.776581e+14 1.013250e+14 5.782400e+14 1.024312e+14 5.788126e+14 1.035357e+14 5.793502e+14 1.046398e+14 5.798878e+14 1.057435e+14 5.804250e+14 1.068467e+14 5.809622e+14 1.079495e+14 5.814990e+14 1.090519e+14 5.820358e+14 1.101630e+14 5.825582e+14 1.112935e+14 5.830510e+14 1.124234e+14 5.835436e+14 1.135529e+14 5.840359e+14 1.146820e+14 5.845280e+14 1.158106e+14 5.850200e+14 1.169387e+14 5.855118e+14 1.180664e+14 5.859794e+14 1.191936e+14 5.864128e+14 1.203204e+14 5.868464e+14 1.214467e+14 5.872795e+14 1.225725e+14 5.877125e+14 1.236980e+14 5.881454e+14 1.248229e+14 5.885780e+14 1.259474e+14 5.889826e+14 1.270714e+14 5.893571e+14 1.281950e+14 5.897317e+14 1.293181e+14 5.901060e+14 1.304408e+14 5.904802e+14 1.315630e+14 5.908544e+14 1.326848e+14 5.912282e+14 1.338061e+14 5.915866e+14 1.349270e+14 5.919314e+14 1.360474e+14 5.922762e+14 1.371674e+14 5.926207e+14 1.382869e+14 5.929651e+14 1.394060e+14 5.933096e+14 1.405245e+14 5.936537e+14 1.416510e+14 5.939567e+14 1.427830e+14 5.942287e+14 1.439146e+14 5.945009e+14 1.450458e+14 5.947730e+14 1.461765e+14 5.950450e+14 1.473067e+14 5.953169e+14 1.484364e+14 5.955885e+14 1.495574e+14 5.958348e+14 1.506719e+14 5.960634e+14 1.517861e+14 5.962921e+14 1.528998e+14 5.965206e+14 1.540130e+14 5.967489e+14 1.551258e+14 5.969772e+14 1.562382e+14 5.972052e+14 1.573417e+14 5.974083e+14 1.584390e+14 5.975938e+14 1.595358e+14 5.977788e+14 1.606321e+14 5.979639e+14 1.617280e+14 5.981488e+14 1.628235e+14 5.983339e+14 1.639185e+14 5.985188e+14 1.650130e+14 5.986716e+14 1.661073e+14 5.987996e+14 1.672010e+14 5.989274e+14 1.682942e+14 5.990551e+14 1.693871e+14 5.991828e+14 1.704795e+14 5.993105e+14 1.715714e+14 5.994381e+14 1.726557e+14 5.995366e+14 1.737326e+14 5.996074e+14 1.748092e+14 5.996783e+14 1.758853e+14 5.997491e+14 1.769609e+14 5.998197e+14 1.780362e+14 5.998907e+14 1.791109e+14 5.999610e+14 1.801726e+14 6.000065e+14 1.812183e+14 6.000207e+14 1.822635e+14 6.000347e+14 1.833083e+14 6.000488e+14 1.843527e+14 6.000628e+14 1.853968e+14 6.000769e+14 1.864404e+14 6.000910e+14 1.874785e+14 6.000896e+14 1.885072e+14 6.000616e+14 1.895355e+14 6.000334e+14 1.905634e+14 6.000052e+14 1.915908e+14 5.999770e+14 1.926179e+14 5.999488e+14 1.936446e+14 5.999208e+14 1.946634e+14 5.998777e+14 1.956612e+14 5.997934e+14 1.966585e+14 5.997092e+14 1.976555e+14 5.996249e+14 1.986521e+14 5.995407e+14 1.996483e+14 5.994566e+14 2.006440e+14 5.993723e+14 2.016374e+14 5.992823e+14 2.026184e+14 5.991561e+14 2.035990e+14 5.990302e+14 2.045792e+14 5.989041e+14 2.055590e+14 5.987782e+14 2.065385e+14 5.986522e+14 2.075175e+14 5.985262e+14 2.084962e+14 5.984004e+14 2.094327e+14 5.982051e+14 2.103687e+14 5.980094e+14 2.113044e+14 5.978140e+14 2.122396e+14 5.976186e+14 2.131745e+14 5.974232e+14 2.141091e+14 5.972281e+14 2.150432e+14 5.970327e+14 2.159538e+14 5.968028e+14 2.168593e+14 5.965659e+14 2.177645e+14 5.963291e+14 2.186695e+14 5.960928e+14 2.195739e+14 5.958561e+14 2.204781e+14 5.956197e+14 2.213818e+14 5.953832e+14 2.222582e+14 5.951198e+14 2.231197e+14 5.948421e+14 2.239807e+14 5.945642e+14 2.248415e+14 5.942868e+14 2.257019e+14 5.940091e+14 2.265619e+14 5.937316e+14 2.274216e+14 5.934543e+14 2.282688e+14 5.931464e+14 2.291001e+14 5.928000e+14 2.299310e+14 5.924536e+14 2.307618e+14 5.921076e+14 2.315922e+14 5.917617e+14 2.324222e+14 5.914159e+14 2.332518e+14 5.910699e+14 2.340692e+14 5.907154e+14 2.348430e+14 5.903284e+14 2.356165e+14 5.899418e+14 2.363897e+14 5.895551e+14 2.371626e+14 5.891687e+14 2.379352e+14 5.887824e+14 2.387075e+14 5.883963e+14 2.394795e+14 5.880103e+14 2.402243e+14 5.875573e+14 2.409682e+14 5.871028e+14 2.417117e+14 5.866482e+14 2.424551e+14 5.861941e+14 2.431980e+14 5.857402e+14 2.439407e+14 5.852861e+14 2.446831e+14 5.848324e+14 2.453766e+14 5.843498e+14 2.460498e+14 5.838552e+14 2.467227e+14 5.833608e+14 2.473953e+14 5.828667e+14 2.480677e+14 5.823728e+14 2.487397e+14 5.818789e+14 2.494116e+14 5.813854e+14 2.500716e+14 5.808746e+14 2.507155e+14 5.803402e+14 2.513592e+14 5.798062e+14 2.520027e+14 5.792724e+14 2.526458e+14 5.787385e+14 2.532888e+14 5.782050e+14 2.539314e+14 5.776717e+14 2.545660e+14 5.771308e+14 2.551398e+14 5.765296e+14 2.557136e+14 5.759289e+14 2.562869e+14 5.753278e+14 2.568601e+14 5.747274e+14 2.574332e+14 5.741273e+14 2.580059e+14 5.735271e+14 2.585784e+14 5.729272e+14 2.591078e+14 5.722956e+14 2.596254e+14 5.716552e+14 2.601429e+14 5.710154e+14 2.606601e+14 5.703757e+14 2.611771e+14 5.697362e+14 2.616939e+14 5.690970e+14 2.622106e+14 5.684580e+14 2.627031e+14 5.677954e+14 2.631651e+14 5.671028e+14 2.636267e+14 5.664100e+14 2.640882e+14 5.657177e+14 2.645495e+14 5.650257e+14 2.650107e+14 5.643339e+14 2.654717e+14 5.636424e+14 2.659287e+14 5.629473e+14 2.663352e+14 5.622021e+14 2.667415e+14 5.614573e+14 2.671476e+14 5.607127e+14 2.675536e+14 5.599684e+14 2.679595e+14 5.592243e+14 2.683651e+14 5.584805e+14 2.687707e+14 5.577372e+14 2.691300e+14 5.569664e+14 2.694677e+14 5.561830e+14 2.698052e+14 5.553997e+14 2.701426e+14 5.546169e+14 2.704799e+14 5.538344e+14 2.708172e+14 5.530523e+14 2.711542e+14 5.522704e+14 2.714765e+14 5.514706e+14 2.717594e+14 5.506218e+14 2.720421e+14 5.497734e+14 2.723249e+14 5.489255e+14 2.726075e+14 5.480779e+14 2.728899e+14 5.472304e+14 2.731723e+14 5.463834e+14 2.734545e+14 5.455365e+14 2.736803e+14 5.446676e+14 2.738952e+14 5.437946e+14 2.741100e+14 5.429220e+14 2.743246e+14 5.420495e+14 2.745393e+14 5.411778e+14 2.747539e+14 5.403061e+14 2.749684e+14 5.394348e+14 2.751569e+14 5.385379e+14 2.753042e+14 5.376003e+14 2.754516e+14 5.366631e+14 2.755987e+14 5.357262e+14 2.757459e+14 5.347896e+14 2.758931e+14 5.338536e+14 2.760401e+14 5.329176e+14 2.761871e+14 5.319821e+14 2.762853e+14 5.310102e+14 2.763789e+14 5.300357e+14 2.764722e+14 5.290611e+14 2.765656e+14 5.280869e+14 2.766590e+14 5.271132e+14 2.767523e+14 5.261398e+14 2.768456e+14 5.251668e+14 2.769055e+14 5.241720e+14 2.769189e+14 5.231465e+14 2.769322e+14 5.221212e+14 2.769455e+14 5.210965e+14 2.769588e+14 5.200721e+14 2.769721e+14 5.190482e+14 2.769854e+14 5.180246e+14 2.769988e+14 5.170015e+14 2.769522e+14 5.159426e+14 2.768990e+14 5.148803e+14 2.768459e+14 5.138184e+14 2.767929e+14 5.127570e+14 2.767398e+14 5.116959e+14 2.766867e+14 5.106351e+14 2.766338e+14 5.095749e+14 2.765615e+14 5.085006e+14 2.764556e+14 5.074013e+14 2.763496e+14 5.063025e+14 2.762438e+14 5.052041e+14 2.761379e+14 5.041059e+14 2.760321e+14 5.030085e+14 2.759264e+14 5.019114e+14 2.758207e+14 5.008146e+14 2.756513e+14 4.996758e+14 2.754665e+14 4.985271e+14 2.752817e+14 4.973787e+14 2.750970e+14 4.962309e+14 2.749123e+14 4.950834e+14 2.747277e+14 4.939362e+14 2.745432e+14 4.927896e+14 2.743440e+14 4.916346e+14 2.740938e+14 4.904495e+14 2.738437e+14 4.892646e+14 2.735936e+14 4.880802e+14 2.733437e+14 4.868964e+14 2.730938e+14 4.857129e+14 2.728441e+14 4.845298e+14 2.725944e+14 4.833472e+14 2.723122e+14 4.821406e+14 2.720102e+14 4.809195e+14 2.717082e+14 4.796987e+14 2.714065e+14 4.784787e+14 2.711049e+14 4.772588e+14 2.708033e+14 4.760395e+14 2.705019e+14 4.748208e+14 2.702006e+14 4.736024e+14 2.698341e+14 4.723453e+14 2.694674e+14 4.710884e+14 2.691011e+14 4.698322e+14 2.687348e+14 4.685765e+14 2.683687e+14 4.673212e+14 2.680027e+14 4.660664e+14 2.676368e+14 4.648119e+14 2.672481e+14 4.635396e+14 2.668172e+14 4.622339e+14 2.663864e+14 4.609286e+14 2.659558e+14 4.596236e+14 2.655255e+14 4.583197e+14 2.650952e+14 4.570159e+14 2.646651e+14 4.557125e+14 2.642352e+14 4.544097e+14 2.637786e+14 4.530805e+14 2.633100e+14 4.517397e+14 2.628415e+14 4.503994e+14 2.623732e+14 4.490593e+14 2.619051e+14 4.477200e+14 2.614370e+14 4.463810e+14 2.609693e+14 4.450426e+14 2.605017e+14 4.437049e+14 2.599695e+14 4.423415e+14 2.594374e+14 4.409787e+14 2.589053e+14 4.396160e+14 2.583735e+14 4.382541e+14 2.578419e+14 4.368928e+14 2.573105e+14 4.355319e+14 2.567794e+14 4.341717e+14 2.562299e+14 4.328007e+14 2.556344e+14 4.314025e+14 2.550391e+14 4.300048e+14 2.544440e+14 4.286075e+14 2.538491e+14 4.272110e+14 2.532544e+14 4.258148e+14 2.526601e+14 4.244192e+14 2.520658e+14 4.230241e+14 2.514504e+14 4.216223e+14 2.508178e+14 4.202152e+14 2.501856e+14 4.188088e+14 2.495536e+14 4.174029e+14 2.489218e+14 4.159974e+14 2.482902e+14 4.145925e+14 2.476589e+14 4.131881e+14 2.470278e+14 4.117842e+14 2.463455e+14 4.103499e+14 2.456505e+14 4.089084e+14 2.449557e+14 4.074675e+14 2.442613e+14 4.060270e+14 2.435670e+14 4.045871e+14 2.428730e+14 4.031478e+14 2.421793e+14 4.017089e+14 2.414851e+14 4.002701e+14 2.407534e+14 3.988067e+14 2.400219e+14 3.973437e+14 2.392907e+14 3.958813e+14 2.385597e+14 3.944194e+14 2.378290e+14 3.929581e+14 2.370986e+14 3.914973e+14 2.363685e+14 3.900371e+14 2.356301e+14 3.885745e+14 2.348622e+14 3.871025e+14 2.340945e+14 3.856310e+14 2.333270e+14 3.841601e+14 2.325599e+14 3.826898e+14 2.317930e+14 3.812200e+14 2.310264e+14 3.797507e+14 2.302601e+14 3.782820e+14 2.294788e+14 3.768085e+14 2.286747e+14 3.753281e+14 2.278709e+14 3.738481e+14 2.270675e+14 3.723688e+14 2.262644e+14 3.708900e+14 2.254615e+14 3.694116e+14 2.246589e+14 3.679338e+14 2.238566e+14 3.664566e+14 2.230334e+14 3.649729e+14 2.221935e+14 3.634840e+14 2.213540e+14 3.619957e+14 2.205147e+14 3.605079e+14 2.196757e+14 3.590206e+14 2.188370e+14 3.575339e+14 2.179986e+14 3.560477e+14 2.171607e+14 3.545621e+14 2.162968e+14 3.530683e+14 2.154212e+14 3.515710e+14 2.145459e+14 3.500743e+14 2.136711e+14 3.485782e+14 2.127966e+14 3.470826e+14 2.119224e+14 3.455876e+14 2.110484e+14 3.440928e+14 2.101748e+14 3.425989e+14 2.092914e+14 3.410954e+14 2.084057e+14 3.395897e+14 2.075205e+14 3.380848e+14 2.066355e+14 3.365803e+14 2.057509e+14 3.350764e+14 2.048664e+14 3.335730e+14 2.039824e+14 3.320701e+14 2.030987e+14 3.305678e+14 2.021817e+14 3.290661e+14 2.012608e+14 3.275649e+14 2.003402e+14 3.260642e+14 1.994199e+14 3.245640e+14 1.985000e+14 3.230645e+14 1.975805e+14 3.215655e+14 1.966612e+14 3.200669e+14 1.957423e+14 3.185689e+14 1.948116e+14 3.170715e+14 1.938808e+14 3.155746e+14 1.929503e+14 3.140782e+14 1.920202e+14 3.125825e+14 1.910903e+14 3.110871e+14 1.901608e+14 3.095924e+14 1.892317e+14 3.080983e+14 1.883028e+14 3.066046e+14 1.873619e+14 3.051115e+14 1.864212e+14 3.036189e+14 1.854808e+14 3.021268e+14 1.845408e+14 3.006353e+14 1.836010e+14 2.991443e+14 1.826617e+14 2.976539e+14 1.817227e+14 2.961640e+14 1.807838e+14 2.946746e+14 1.798329e+14 2.931858e+14 1.788825e+14 2.916975e+14 1.779322e+14 2.902097e+14 1.769824e+14 2.887225e+14 1.760329e+14 2.872358e+14 1.750838e+14 2.857496e+14 1.741350e+14 2.842640e+14 1.731863e+14 2.827790e+14 1.722257e+14 2.813069e+14 1.712655e+14 2.798354e+14 1.703056e+14 2.783643e+14 1.693460e+14 2.768938e+14 1.683867e+14 2.754238e+14 1.674278e+14 2.739543e+14 1.664693e+14 2.724854e+14 1.655111e+14 2.710171e+14 1.645532e+14 2.695614e+14 1.635957e+14 2.681064e+14 1.626385e+14 2.666520e+14 1.616817e+14 2.651981e+14 1.607252e+14 2.637447e+14 1.597690e+14 2.622919e+14 1.588132e+14 2.608396e+14 1.578577e+14 2.593877e+14 1.569026e+14 2.579597e+14 1.559478e+14 2.565337e+14 1.549934e+14 2.551083e+14 1.540392e+14 2.536833e+14 1.530855e+14 2.522589e+14 1.521320e+14 2.508348e+14 1.511790e+14 2.494115e+14 1.502262e+14 2.479885e+14 1.492738e+14 2.465661e+14 1.483217e+14 2.451442e+14 1.473700e+14 2.437227e+14 1.464186e+14 2.423018e+14 1.454675e+14 2.408813e+14 1.445168e+14 2.394614e+14 1.435664e+14 2.380420e+14 1.426163e+14 2.366231e+14 1.416761e+14 2.352333e+14 1.407391e+14 2.338524e+14 1.398024e+14 2.324720e+14 1.388660e+14 2.310920e+14 1.379300e+14 2.297126e+14 1.369943e+14 2.283336e+14 1.360588e+14 2.269551e+14 1.351238e+14 2.255772e+14</elevationPattern>
        <incidenceAngle count="676">3.652924e+01 3.653859e+01 3.654793e+01 3.655727e+01 3.656660e+01 3.657594e+01 3.658528e+01 3.659460e+01 3.660393e+01 3.661325e+01 3.662256e+01 3.663188e+01 3.664119e+01 3.665048e+01 3.665979e+01 3.666908e+01 3.667838e+01 3.668767e+01 3.669695e+01 3.670624e+01 3.671552e+01 3.672479e+01 3.673405e+01 3.674332e+01 3.675258e+01 3.676184e+01 3.677110e+01 3.678035e+01 3.678960e+01 3.679884e+01 3.680807e+01 3.681732e+01 3.682655e+01 3.683577e+01 3.684500e+01 3.685422e+01 3.686343e+01 3.687265e+01 3.688187e+01 3.689107e+01 3.690027e+01 3.690947e+01 3.691867e+01 3.692786e+01 3.693704e+01 3.694623e+01 3.695540e+01 3.696458e+01 3.697375e+01 3.698293e+01 3.699208e+01 3.700125e+01 3.701041e+01 3.701956e+01 3.702872e+01 3.703786e+01 3.704700e+01 3.705614e+01 3.706528e+01 3.707440e+01 3.708354e+01 3.709265e+01 3.710178e+01 3.711090e+01 3.712001e+01 3.712912e+01 3.713823e+01 3.714732e+01 3.715643e+01 3.716553e+01 3.717462e+01 3.718370e+01 3.719278e+01 3.720187e+01 3.721094e+01 3.722002e+01 3.722908e+01 3.723816e+01 3.724722e+01 3.725627e+01 3.726534e+01 3.727438e+01 3.728343e+01 3.729248e+01 3.730151e+01 3.731055e+01 3.731958e+01 3.732861e+01 3.733765e+01 3.734666e+01 3.735568e+01 3.736470e+01 3.737372e+01 3.738272e+01 3.739172e+01 3.740073e+01 3.740973e+01 3.741872e+01 3.742770e+01 3.743669e+01 3.744568e+01 3.745467e+01 3.746364e+01 3.747261e+01 3.748158e+01 3.749055e+01 3.749951e+01 3.750847e+01 3.751743e+01 3.752638e+01 3.753532e+01 3.754427e+01 3.755321e+01 3.756215e+01 3.757108e+01 3.758002e+01 3.758894e+01 3.759787e+01 3.760678e+01 3.761571e+01 3.762462e+01 3.763353e+01 3.764243e+01 3.765134e+01 3.766023e+01 3.766913e+01 3.767802e+01 3.768690e+01 3.769580e+01 3.770468e+01 3.771355e+01 3.772243e+01 3.773131e+01 3.774017e+01 3.774904e+01 3.775789e+01 3.776675e+01 3.777560e+01 3.778445e+01 3.779330e+01 3.780215e+01 3.781099e+01 3.781982e+01 3.782866e+01 3.783749e+01 3.784631e+01 3.785513e+01 3.786395e+01 3.787277e+01 3.788159e+01 3.789040e+01 3.789920e+01 3.790800e+01 3.791681e+01 3.792560e+01 3.793440e+01 3.794319e+01 3.795197e+01 3.796075e+01 3.796953e+01 3.797830e+01 3.798708e+01 3.799585e+01 3.800461e+01 3.801338e+01 3.802214e+01 3.803088e+01 3.803964e+01 3.804839e+01 3.805713e+01 3.806587e+01 3.807462e+01 3.808336e+01 3.809209e+01 3.810081e+01 3.810954e+01 3.811826e+01 3.812698e+01 3.813570e+01 3.814441e+01 3.815311e+01 3.816182e+01 3.817052e+01 3.817921e+01 3.818791e+01 3.819661e+01 3.820529e+01 3.821397e+01 3.822266e+01 3.823134e+01 3.824002e+01 3.824869e+01 3.825735e+01 3.826602e+01 3.827469e+01 3.828334e+01 3.829199e+01 3.830066e+01 3.830930e+01 3.831795e+01 3.832658e+01 3.833522e+01 3.834386e+01 3.835249e+01 3.836113e+01 3.836975e+01 3.837837e+01 3.838699e+01 3.839561e+01 3.840422e+01 3.841283e+01 3.842143e+01 3.843004e+01 3.843864e+01 3.844724e+01 3.845584e+01 3.846443e+01 3.847301e+01 3.848160e+01 3.849017e+01 3.849875e+01 3.850732e+01 3.851590e+01 3.852446e+01 3.853304e+01 3.854160e+01 3.855016e+01 3.855870e+01 3.856726e+01 3.857581e+01 3.858435e+01 3.859290e+01 3.860143e+01 3.860997e+01 3.861850e+01 3.862703e+01 3.863556e+01 3.864407e+01 3.865260e+01 3.866112e+01 3.866963e+01 3.867813e+01 3.868665e+01 3.869514e+01 3.870364e+01 3.871214e+01 3.872064e+01 3.872913e+01 3.873763e+01 3.874611e+01 3.875459e+01 3.876306e+01 3.877155e+01 3.878001e+01 3.878848e+01 3.879695e+01 3.880540e+01 3.881387e+01 3.882233e+01 3.883078e+01 3.883923e+01 3.884767e+01 3.885612e+01 3.886456e+01 3.887300e+01 3.888144e+01 3.888986e+01 3.889830e+01 3.890672e+01 3.891515e+01 3.892357e+01 3.893198e+01 3.894038e+01 3.894881e+01 3.895721e+01 3.896561e+01 3.897401e+01 3.898241e+01 3.899080e+01 3.899919e+01 3.900758e+01 3.901596e+01 3.902435e+01 3.903273e+01 3.904111e+01 3.904948e+01 3.905785e+01 3.906621e+01 3.907457e+01 3.908293e+01 3.909129e+01 3.909966e+01 3.910800e+01 3.911635e+01 3.912469e+01 3.913304e+01 3.914137e+01 3.914972e+01 3.915805e+01 3.916638e+01 3.917470e+01 3.918303e+01 3.919135e+01 3.919966e+01 3.920798e+01 3.921629e+01 3.922459e+01 3.923291e+01 3.924121e+01 3.924951e+01 3.925781e+01 3.926610e+01 3.927438e+01 3.928268e+01 3.929097e+01 3.929924e+01 3.930753e+01 3.931580e+01 3.932407e+01 3.933234e+01 3.934061e+01 3.934888e+01 3.935713e+01 3.936539e+01 3.937364e+01 3.938190e+01 3.939015e+01 3.939839e+01 3.940663e+01 3.941487e+01 3.942311e+01 3.943135e+01 3.943958e+01 3.944780e+01 3.945602e+01 3.946425e+01 3.947247e+01 3.948068e+01 3.948891e+01 3.949712e+01 3.950531e+01 3.951352e+01 3.952173e+01 3.952992e+01 3.953812e+01 3.954631e+01 3.955450e+01 3.956268e+01 3.957088e+01 3.957906e+01 3.958723e+01 3.959540e+01 3.960358e+01 3.961174e+01 3.961990e+01 3.962807e+01 3.963623e+01 3.964439e+01 3.965254e+01 3.966071e+01 3.966885e+01 3.967699e+01 3.968513e+01 3.969328e+01 3.970142e+01 3.970955e+01 3.971768e+01 3.972581e+01 3.973393e+01 3.974205e+01 3.975018e+01 3.975829e+01 3.976640e+01 3.977452e+01 3.978262e+01 3.979073e+01 3.979883e+01 3.980693e+01 3.981503e+01 3.982312e+01 3.983122e+01 3.983931e+01 3.984740e+01 3.985547e+01 3.986356e+01 3.987163e+01 3.987970e+01 3.988777e+01 3.989584e+01 3.990392e+01 3.991197e+01 3.992003e+01 3.992809e+01 3.993614e+01 3.994420e+01 3.995224e+01 3.996028e+01 3.996832e+01 3.997636e+01 3.998441e+01 3.999245e+01 4.000047e+01 4.000850e+01 4.001653e+01 4.002455e+01 4.003256e+01 4.004059e+01 4.004860e+01 4.005661e+01 4.006462e+01 4.007263e+01 4.008063e+01 4.008864e+01 4.009663e+01 4.010463e+01 4.011261e+01 4.012061e+01 4.012859e+01 4.013658e+01 4.014456e+01 4.015254e+01 4.016051e+01 4.016849e+01 4.017645e+01 4.018442e+01 4.019238e+01 4.020035e+01 4.020831e+01 4.021626e+01 4.022421e+01 4.023216e+01 4.024011e+01 4.024806e+01 4.025600e+01 4.026395e+01 4.027188e+01 4.027982e+01 4.028773e+01 4.029567e+01 4.030359e+01 4.031152e+01 4.031944e+01 4.032736e+01 4.033527e+01 4.034319e+01 4.035109e+01 4.035899e+01 4.036690e+01 4.037480e+01 4.038271e+01 4.039059e+01 4.039848e+01 4.040639e+01 4.041426e+01 4.042215e+01 4.043004e+01 4.043791e+01 4.044579e+01 4.045366e+01 4.046153e+01 4.046941e+01 4.047726e+01 4.048514e+01 4.049300e+01 4.050085e+01 4.050871e+01 4.051656e+01 4.052441e+01 4.053226e+01 4.054010e+01 4.054794e+01 4.055579e+01 4.056361e+01 4.057144e+01 4.057928e+01 4.058711e+01 4.059494e+01 4.060275e+01 4.061058e+01 4.061839e+01 4.062621e+01 4.063402e+01 4.064183e+01 4.064964e+01 4.065744e+01 4.066524e+01 4.067303e+01 4.068083e+01 4.068863e+01 4.069643e+01 4.070421e+01 4.071199e+01 4.071977e+01 4.072755e+01 4.073534e+01 4.074310e+01 4.075089e+01 4.075865e+01 4.076642e+01 4.077419e+01 4.078195e+01 4.078970e+01 4.079745e+01 4.080522e+01 4.081297e+01 4.082071e+01 4.082846e+01 4.083620e+01 4.084395e+01 4.085168e+01 4.085942e+01 4.086716e+01 4.087488e+01 4.088261e+01 4.089034e+01 4.089806e+01 4.090578e+01 4.091350e+01 4.092120e+01 4.092892e+01 4.093663e+01 4.094434e+01 4.095204e+01 4.095975e+01 4.096744e+01 4.097514e+01 4.098283e+01 4.099052e+01 4.099821e+01 4.100591e+01 4.101358e+01 4.102126e+01 4.102895e+01 4.103662e+01 4.104430e+01 4.105196e+01 4.105963e+01 4.106729e+01 4.107495e+01 4.108261e+01 4.109027e+01 4.109793e+01 4.110559e+01 4.111324e+01 4.112088e+01 4.112852e+01 4.113617e+01 4.114381e+01 4.115144e+01 4.115909e+01 4.116672e+01 4.117435e+01 4.118198e+01 4.118959e+01 4.119722e+01 4.120483e+01 4.121245e+01 4.122006e+01 4.122768e+01 4.123529e+01 4.124290e+01 4.125050e+01 4.125810e+01 4.126570e+01 4.127330e+01 4.128090e+01 4.128848e+01 4.129608e+01 4.130367e+01 4.131125e+01 4.131883e+01 4.132640e+01 4.133398e+01 4.134155e+01 4.134914e+01 4.135670e+01 4.136427e+01 4.137183e+01 4.137939e+01 4.138695e+01 4.139452e+01 4.140207e+01 4.140962e+01 4.141716e+01 4.142471e+01 4.143225e+01 4.143980e+01 4.144734e+01 4.145488e+01 4.146240e+01 4.146994e+01 4.147746e+01 4.148500e+01 4.149252e+01 4.150005e+01 4.150757e+01 4.151508e+01 4.152260e+01 4.153011e+01 4.153761e+01 4.154512e+01 4.155263e+01 4.156013e+01 4.156763e+01 4.157513e+01 4.158263e+01 4.159012e+01 4.159761e+01 4.160509e+01 4.161258e+01 4.162006e+01 4.162753e+01 4.163503e+01 4.164249e+01 4.164996e+01 4.165744e+01 4.166490e+01 4.167236e+01 4.167984e+01 4.168730e+01 4.169475e+01 4.170221e+01 4.170966e+01 4.171712e+01 4.172456e+01 4.173201e+01 4.173946e+01 4.174689e+01 4.175433e+01 4.176176e+01 4.176920e+01 4.177664e+01 4.178406e+01 4.179149e+01 4.179892e+01 4.180634e+01 4.181375e+01 4.182117e+01 4.182858e+01 4.183600e+01 4.184341e+01 4.185081e+01 4.185823e+01 4.186563e+01 4.187303e+01 4.188043e+01 4.188782e+01 4.189522e+01 4.190260e+01 4.190999e+01 4.191737e+01 4.192476e+01 4.193214e+01 4.193953e+01 4.194690e+01 4.195427e+01 4.196165e+01 4.196901e+01 4.197638e+01 4.198375e+01 4.199110e+01 4.199847e+01 4.200583e+01 4.201318e+01 4.202054e+01 4.202789e+01 4.203523e+01 4.204259e+01 4.204993e+01 4.205727e+01 4.206461e+01 4.207195e+01 4.207927e+01 4.208661e+01 4.209393e+01 4.210126e+01</incidenceAngle>
        <terrainHeight>2.336595569542857e+03</terrainHeight>
        <roll>3.009859863119850e+01</roll>
      </antennaPattern>
      <antennaPattern>
        <swath>IW2</swath>
        <azimuthTime>2015-05-16T13:34:36.552230</azimuthTime>
        <slantRangeTime count="676">5.646806372877616e-03 5.647392496836635e-03 5.647978620795654e-03 5.648564744754674e-03 5.649150868713693e-03 5.649736992672713e-03 5.650323116631733e-03 5.650909240590751e-03 5.651495364549771e-03 5.652081488508790e-03 5.652667612467809e-03 5.653253736426829e-03 5.653839860385848e-03 5.654425984344868e-03 5.655012108303887e-03 5.655598232262906e-03 5.656184356221925e-03 5.656770480180945e-03 5.657356604139963e-03 5.657942728098983e-03 5.658528852058003e-03 5.659114976017021e-03 5.659701099976042e-03 5.660287223935061e-03 5.660873347894080e-03 5.661459471853100e-03 5.662045595812118e-03 5.662631719771138e-03 5.663217843730157e-03 5.663803967689176e-03 5.664390091648196e-03 5.664976215607215e-03 5.665562339566235e-03 5.666148463525255e-03 5.666734587484274e-03 5.667320711443293e-03 5.667906835402312e-03 5.668492959361331e-03 5.669079083320351e-03 5.669665207279370e-03 5.670251331238389e-03 5.670837455197409e-03 5.671423579156429e-03 5.672009703115448e-03 5.672595827074467e-03 5.673181951033487e-03 5.673768074992506e-03 5.674354198951525e-03 5.674940322910545e-03 5.675526446869563e-03 5.676112570828583e-03 5.676698694787602e-03 5.677284818746622e-03 5.677870942705641e-03 5.678457066664660e-03 5.679043190623679e-03 5.679629314582699e-03 5.680215438541717e-03 5.680801562500737e-03 5.681387686459757e-03 5.681973810418776e-03 5.682559934377795e-03 5.683146058336815e-03 5.683732182295833e-03 5.684318306254853e-03 5.684904430213872e-03 5.685490554172891e-03 5.686076678131910e-03 5.686662802090930e-03 5.687248926049949e-03 5.687835050008969e-03 5.688421173967988e-03 5.689007297927007e-03 5.689593421886026e-03 5.690179545845045e-03 5.690765669804064e-03 5.691351793763084e-03 5.691937917722103e-03 5.692524041681123e-03 5.693110165640142e-03 5.693696289599161e-03 5.694282413558180e-03 5.694868537517200e-03 5.695454661476218e-03 5.696040785435238e-03 5.696626909394258e-03 5.697213033353277e-03 5.697799157312296e-03 5.698385281271316e-03 5.698971405230334e-03 5.699557529189354e-03 5.700143653148373e-03 5.700729777107392e-03 5.701315901066411e-03 5.701902025025431e-03 5.702488148984450e-03 5.703074272943470e-03 5.703660396902488e-03 5.704246520861508e-03 5.704832644820527e-03 5.705418768779546e-03 5.706004892738565e-03 5.706591016697585e-03 5.707177140656604e-03 5.707763264615624e-03 5.708349388574643e-03 5.708935512533662e-03 5.709521636492681e-03 5.710107760451701e-03 5.710693884410719e-03 5.711280008369739e-03 5.711866132328759e-03 5.712452256287778e-03 5.713038380246797e-03 5.713624504205816e-03 5.714210628164835e-03 5.714796752123855e-03 5.715382876082874e-03 5.715969000041893e-03 5.716555124000912e-03 5.717141247959932e-03 5.717727371918951e-03 5.718313495877971e-03 5.718899619836989e-03 5.719485743796009e-03 5.720071867755028e-03 5.720657991714047e-03 5.721244115673066e-03 5.721830239632086e-03 5.722416363591105e-03 5.723002487550125e-03 5.723588611509144e-03 5.724174735468163e-03 5.724760859427182e-03 5.725346983386202e-03 5.725933107345220e-03 5.726519231304240e-03 5.727105355263259e-03 5.727691479222279e-03 5.728277603181298e-03 5.728863727140317e-03 5.729449851099336e-03 5.730035975058356e-03 5.730622099017374e-03 5.731208222976394e-03 5.731794346935413e-03 5.732380470894433e-03 5.732966594853452e-03 5.733552718812472e-03 5.734138842771490e-03 5.734724966730510e-03 5.735311090689529e-03 5.735897214648548e-03 5.736483338607567e-03 5.737069462566587e-03 5.737655586525606e-03 5.738241710484626e-03 5.738827834443645e-03 5.739413958402664e-03 5.740000082361683e-03 5.740586206320702e-03 5.741172330279721e-03 5.741758454238741e-03 5.742344578197760e-03 5.742930702156780e-03 5.743516826115799e-03 5.744102950074818e-03 5.744689074033837e-03 5.745275197992857e-03 5.745861321951875e-03 5.746447445910895e-03 5.747033569869914e-03 5.747619693828934e-03 5.748205817787953e-03 5.748791941746973e-03 5.749378065705991e-03 5.749964189665011e-03 5.750550313624030e-03 5.751136437583049e-03 5.751722561542068e-03 5.752308685501088e-03 5.752894809460107e-03 5.753480933419127e-03 5.754067057378145e-03 5.754653181337165e-03 5.755239305296184e-03 5.755825429255203e-03 5.756411553214222e-03 5.756997677173242e-03 5.757583801132261e-03 5.758169925091282e-03 5.758756049050301e-03 5.759342173009321e-03 5.759928296968341e-03 5.760514420927360e-03 5.761100544886380e-03 5.761686668845399e-03 5.762272792804419e-03 5.762858916763439e-03 5.763445040722458e-03 5.764031164681478e-03 5.764617288640497e-03 5.765203412599517e-03 5.765789536558537e-03 5.766375660517556e-03 5.766961784476576e-03 5.767547908435596e-03 5.768134032394616e-03 5.768720156353636e-03 5.769306280312655e-03 5.769892404271675e-03 5.770478528230694e-03 5.771064652189714e-03 5.771650776148734e-03 5.772236900107753e-03 5.772823024066773e-03 5.773409148025792e-03 5.773995271984812e-03 5.774581395943832e-03 5.775167519902851e-03 5.775753643861871e-03 5.776339767820890e-03 5.776925891779911e-03 5.777512015738930e-03 5.778098139697950e-03 5.778684263656970e-03 5.779270387615989e-03 5.779856511575009e-03 5.780442635534028e-03 5.781028759493048e-03 5.781614883452068e-03 5.782201007411087e-03 5.782787131370107e-03 5.783373255329126e-03 5.783959379288146e-03 5.784545503247166e-03 5.785131627206185e-03 5.785717751165205e-03 5.786303875124225e-03 5.786889999083245e-03 5.787476123042264e-03 5.788062247001284e-03 5.788648370960304e-03 5.789234494919323e-03 5.789820618878343e-03 5.790406742837362e-03 5.790992866796382e-03 5.791578990755402e-03 5.792165114714421e-03 5.792751238673441e-03 5.793337362632460e-03 5.793923486591480e-03 5.794509610550500e-03 5.795095734509519e-03 5.795681858468540e-03 5.796267982427559e-03 5.796854106386579e-03 5.797440230345599e-03 5.798026354304618e-03 5.798612478263638e-03 5.799198602222657e-03 5.799784726181677e-03 5.800370850140697e-03 5.800956974099716e-03 5.801543098058736e-03 5.802129222017755e-03 5.802715345976775e-03 5.803301469935795e-03 5.803887593894814e-03 5.804473717853835e-03 5.805059841812854e-03 5.805645965771874e-03 5.806232089730893e-03 5.806818213689913e-03 5.807404337648933e-03 5.807990461607952e-03 5.808576585566972e-03 5.809162709525991e-03 5.809748833485011e-03 5.810334957444031e-03 5.810921081403050e-03 5.811507205362070e-03 5.812093329321089e-03 5.812679453280109e-03 5.813265577239129e-03 5.813851701198149e-03 5.814437825157169e-03 5.815023949116188e-03 5.815610073075208e-03 5.816196197034228e-03 5.816782320993247e-03 5.817368444952267e-03 5.817954568911286e-03 5.818540692870306e-03 5.819126816829326e-03 5.819712940788345e-03 5.820299064747365e-03 5.820885188706384e-03 5.821471312665404e-03 5.822057436624424e-03 5.822643560583443e-03 5.823229684542464e-03 5.823815808501483e-03 5.824401932460503e-03 5.824988056419522e-03 5.825574180378542e-03 5.826160304337562e-03 5.826746428296581e-03 5.827332552255601e-03 5.827918676214620e-03 5.828504800173640e-03 5.829090924132660e-03 5.829677048091679e-03 5.830263172050699e-03 5.830849296009718e-03 5.831435419968738e-03 5.832021543927758e-03 5.832607667886778e-03 5.833193791845798e-03 5.833779915804817e-03 5.834366039763837e-03 5.834952163722856e-03 5.835538287681876e-03 5.836124411640896e-03 5.836710535599915e-03 5.837296659558935e-03 5.837882783517954e-03 5.838468907476974e-03 5.839055031435994e-03 5.839641155395013e-03 5.840227279354033e-03 5.840813403313052e-03 5.841399527272073e-03 5.841985651231093e-03 5.842571775190112e-03 5.843157899149132e-03 5.843744023108151e-03 5.844330147067171e-03 5.844916271026191e-03 5.845502394985210e-03 5.846088518944230e-03 5.846674642903249e-03 5.847260766862269e-03 5.847846890821289e-03 5.848433014780308e-03 5.849019138739328e-03 5.849605262698347e-03 5.850191386657367e-03 5.850777510616387e-03 5.851363634575407e-03 5.851949758534427e-03 5.852535882493446e-03 5.853122006452466e-03 5.853708130411485e-03 5.854294254370505e-03 5.854880378329525e-03 5.855466502288544e-03 5.856052626247564e-03 5.856638750206583e-03 5.857224874165603e-03 5.857810998124623e-03 5.858397122083642e-03 5.858983246042662e-03 5.859569370001681e-03 5.860155493960702e-03 5.860741617919722e-03 5.861327741878741e-03 5.861913865837761e-03 5.862499989796780e-03 5.863086113755800e-03 5.863672237714820e-03 5.864258361673839e-03 5.864844485632859e-03 5.865430609591878e-03 5.866016733550898e-03 5.866602857509918e-03 5.867188981468937e-03 5.867775105427957e-03 5.868361229386976e-03 5.868947353345996e-03 5.869533477305016e-03 5.870119601264036e-03 5.870705725223056e-03 5.871291849182075e-03 5.871877973141095e-03 5.872464097100114e-03 5.873050221059134e-03 5.873636345018154e-03 5.874222468977173e-03 5.874808592936193e-03 5.875394716895212e-03 5.875980840854232e-03 5.876566964813252e-03 5.877153088772271e-03 5.877739212731291e-03 5.878325336690310e-03 5.878911460649331e-03 5.879497584608350e-03 5.880083708567370e-03 5.880669832526390e-03 5.881255956485409e-03 5.881842080444429e-03 5.882428204403448e-03 5.883014328362468e-03 5.883600452321488e-03 5.884186576280507e-03 5.884772700239527e-03 5.885358824198546e-03 5.885944948157566e-03 5.886531072116586e-03 5.887117196075605e-03 5.887703320034626e-03 5.888289443993645e-03 5.888875567952665e-03 5.889461691911685e-03 5.890047815870704e-03 5.890633939829724e-03 5.891220063788743e-03 5.891806187747763e-03 5.892392311706783e-03 5.892978435665802e-03 5.893564559624822e-03 5.894150683583841e-03 5.894736807542861e-03 5.895322931501881e-03 5.895909055460900e-03 5.896495179419920e-03 5.897081303378940e-03 5.897667427337960e-03 5.898253551296979e-03 5.898839675255999e-03 5.899425799215019e-03 5.900011923174038e-03 5.900598047133058e-03 5.901184171092077e-03 5.901770295051097e-03 5.902356419010117e-03 5.902942542969136e-03 5.903528666928156e-03 5.904114790887175e-03 5.904700914846195e-03 5.905287038805215e-03 5.905873162764234e-03 5.906459286723255e-03 5.907045410682274e-03 5.907631534641294e-03 5.908217658600314e-03 5.908803782559333e-03 5.909389906518353e-03 5.909976030477372e-03 5.910562154436392e-03 5.911148278395412e-03 5.911734402354431e-03 5.912320526313451e-03 5.912906650272470e-03 5.913492774231490e-03 5.914078898190510e-03 5.914665022149529e-03 5.915251146108549e-03 5.915837270067569e-03 5.916423394026589e-03 5.917009517985608e-03 5.917595641944628e-03 5.918181765903648e-03 5.918767889862667e-03 5.919354013821687e-03 5.919940137780706e-03 5.920526261739726e-03 5.921112385698746e-03 5.921698509657765e-03 5.922284633616785e-03 5.922870757575804e-03 5.923456881534824e-03 5.924043005493844e-03 5.924629129452863e-03 5.925215253411884e-03 5.925801377370903e-03 5.926387501329923e-03 5.926973625288942e-03 5.927559749247962e-03 5.928145873206982e-03 5.928731997166001e-03 5.929318121125021e-03 5.929904245084040e-03 5.930490369043060e-03 5.931076493002080e-03 5.931662616961099e-03 5.932248740920119e-03 5.932834864879138e-03 5.933420988838158e-03 5.934007112797179e-03 5.934593236756198e-03 5.935179360715218e-03 5.935765484674237e-03 5.936351608633257e-03 5.936937732592277e-03 5.937523856551296e-03 5.938109980510316e-03 5.938696104469335e-03 5.939282228428355e-03 5.939868352387375e-03 5.940454476346394e-03 5.941040600305414e-03 5.941626724264433e-03 5.942212848223453e-03 5.942798972182473e-03 5.943385096141493e-03 5.943971220100513e-03 5.944557344059532e-03 5.945143468018552e-03 5.945729591977571e-03 5.946315715936591e-03 5.946901839895611e-03 5.947487963854630e-03 5.948074087813650e-03 5.948660211772669e-03 5.949246335731689e-03 5.949832459690709e-03 5.950418583649728e-03 5.951004707608748e-03 5.951590831567767e-03 5.952176955526787e-03 5.952763079485807e-03 5.953349203444827e-03 5.953935327403847e-03 5.954521451362866e-03 5.955107575321886e-03 5.955693699280906e-03 5.956279823239925e-03 5.956865947198945e-03 5.957452071157964e-03 5.958038195116984e-03 5.958624319076004e-03 5.959210443035023e-03 5.959796566994043e-03 5.960382690953062e-03 5.960968814912082e-03 5.961554938871102e-03 5.962141062830122e-03 5.962727186789142e-03 5.963313310748161e-03 5.963899434707181e-03 5.964485558666200e-03 5.965071682625220e-03 5.965657806584240e-03 5.966243930543259e-03 5.966830054502279e-03 5.967416178461298e-03 5.968002302420318e-03 5.968588426379338e-03 5.969174550338357e-03 5.969760674297377e-03 5.970346798256396e-03 5.970932922215416e-03 5.971519046174436e-03 5.972105170133456e-03 5.972691294092476e-03 5.973277418051495e-03 5.973863542010515e-03 5.974449665969534e-03 5.975035789928554e-03 5.975621913887574e-03 5.976208037846593e-03 5.976794161805613e-03 5.977380285764632e-03 5.977966409723652e-03 5.978552533682672e-03 5.979138657641691e-03 5.979724781600711e-03 5.980310905559731e-03 5.980897029518751e-03 5.981483153477771e-03 5.982069277436790e-03 5.982655401395810e-03 5.983241525354829e-03 5.983827649313849e-03 5.984413773272869e-03 5.984999897231888e-03 5.985586021190908e-03 5.986172145149927e-03 5.986758269108947e-03 5.987344393067967e-03 5.987930517026986e-03 5.988516640986006e-03 5.989102764945025e-03 5.989688888904046e-03 5.990275012863065e-03 5.990861136822085e-03 5.991447260781105e-03 5.992033384740124e-03 5.992619508699144e-03 5.993205632658163e-03 5.993791756617183e-03 5.994377880576203e-03 5.994964004535222e-03 5.995550128494242e-03 5.996136252453261e-03 5.996722376412281e-03 5.997308500371301e-03 5.997894624330320e-03 5.998480748289340e-03 5.999066872248360e-03 5.999652996207380e-03 6.000239120166399e-03 6.000825244125419e-03 6.001411368084439e-03 6.001997492043458e-03 6.002583616002478e-03 6.003169739961497e-03 6.003755863920517e-03 6.004341987879537e-03 6.004928111838556e-03 6.005514235797576e-03 6.006100359756596e-03 6.006686483715615e-03 6.007272607674635e-03 6.007858731633654e-03 6.008444855592675e-03 6.009030979551694e-03 6.009617103510714e-03 6.010203227469734e-03 6.010789351428753e-03 6.011375475387773e-03 6.011961599346792e-03 6.012547723305812e-03 6.013133847264832e-03 6.013719971223851e-03 6.014306095182871e-03 6.014892219141890e-03 6.015478343100910e-03 6.016064467059930e-03 6.016650591018949e-03 6.017236714977970e-03 6.017822838936989e-03 6.018408962896009e-03 6.018995086855028e-03 6.019581210814048e-03 6.020167334773068e-03 6.020753458732087e-03 6.021339582691107e-03 6.021925706650126e-03 6.022511830609146e-03 6.023097954568166e-03 6.023684078527185e-03 6.024270202486205e-03 6.024856326445224e-03 6.025442450404244e-03 6.026028574363264e-03 6.026614698322284e-03 6.027200822281304e-03 6.027786946240323e-03 6.028373070199343e-03 6.028959194158363e-03 6.029545318117382e-03 6.030131442076402e-03 6.030717566035421e-03 6.031303689994441e-03 6.031889813953461e-03 6.032475937912480e-03 6.033062061871500e-03 6.033648185830519e-03 6.034234309789539e-03 6.034820433748559e-03 6.035406557707578e-03 6.035992681666599e-03 6.036578805625618e-03 6.037164929584638e-03 6.037751053543657e-03 6.038337177502677e-03 6.038923301461697e-03 6.039509425420716e-03 6.040095549379736e-03 6.040681673338755e-03 6.041267797297775e-03 6.041853921256795e-03 6.042440045215814e-03</slantRangeTime>
        <elevationAngle count="676">3.240661e+01 3.241464e+01 3.242267e+01 3.243069e+01 3.243871e+01 3.244672e+01 3.245473e+01 3.246274e+01 3.247075e+01 3.247874e+01 3.248674e+01 3.249474e+01 3.250272e+01 3.251071e+01 3.251870e+01 3.252667e+01 3.253465e+01 3.254262e+01 3.255059e+01 3.255856e+01 3.256652e+01 3.257447e+01 3.258243e+01 3.259038e+01 3.259833e+01 3.260627e+01 3.261421e+01 3.262215e+01 3.263008e+01 3.263801e+01 3.264594e+01 3.265386e+01 3.266178e+01 3.266970e+01 3.267761e+01 3.268552e+01 3.269342e+01 3.270133e+01 3.270922e+01 3.271712e+01 3.272501e+01 3.273290e+01 3.274079e+01 3.274867e+01 3.275655e+01 3.276442e+01 3.277229e+01 3.278016e+01 3.278802e+01 3.279588e+01 3.280374e+01 3.281160e+01 3.281945e+01 3.282729e+01 3.283514e+01 3.284298e+01 3.285081e+01 3.285865e+01 3.286648e+01 3.287431e+01 3.288213e+01 3.288995e+01 3.289777e+01 3.290558e+01 3.291339e+01 3.292120e+01 3.292900e+01 3.293680e+01 3.294459e+01 3.295238e+01 3.296017e+01 3.296796e+01 3.297574e+01 3.298352e+01 3.299130e+01 3.299907e+01 3.300684e+01 3.301461e+01 3.302237e+01 3.303013e+01 3.303788e+01 3.304564e+01 3.305339e+01 3.306113e+01 3.306887e+01 3.307661e+01 3.308435e+01 3.309208e+01 3.309981e+01 3.310754e+01 3.311526e+01 3.312298e+01 3.313070e+01 3.313841e+01 3.314612e+01 3.315382e+01 3.316153e+01 3.316922e+01 3.317692e+01 3.318462e+01 3.319230e+01 3.319999e+01 3.320767e+01 3.321535e+01 3.322303e+01 3.323070e+01 3.323837e+01 3.324604e+01 3.325370e+01 3.326136e+01 3.326902e+01 3.327667e+01 3.328432e+01 3.329197e+01 3.329961e+01 3.330725e+01 3.331489e+01 3.332253e+01 3.333016e+01 3.333778e+01 3.334541e+01 3.335303e+01 3.336065e+01 3.336826e+01 3.337587e+01 3.338348e+01 3.339109e+01 3.339869e+01 3.340629e+01 3.341388e+01 3.342147e+01 3.342906e+01 3.343665e+01 3.344423e+01 3.345181e+01 3.345938e+01 3.346696e+01 3.347453e+01 3.348209e+01 3.348966e+01 3.349722e+01 3.350478e+01 3.351233e+01 3.351988e+01 3.352743e+01 3.353497e+01 3.354251e+01 3.355005e+01 3.355759e+01 3.356512e+01 3.357265e+01 3.358017e+01 3.358769e+01 3.359521e+01 3.360273e+01 3.361024e+01 3.361775e+01 3.362526e+01 3.363276e+01 3.364026e+01 3.364775e+01 3.365525e+01 3.366274e+01 3.367023e+01 3.367771e+01 3.368520e+01 3.369267e+01 3.370015e+01 3.370762e+01 3.371509e+01 3.372255e+01 3.373001e+01 3.373748e+01 3.374493e+01 3.375238e+01 3.375983e+01 3.376728e+01 3.377473e+01 3.378217e+01 3.378960e+01 3.379704e+01 3.380447e+01 3.381190e+01 3.381933e+01 3.382675e+01 3.383417e+01 3.384158e+01 3.384900e+01 3.385641e+01 3.386382e+01 3.387122e+01 3.387862e+01 3.388602e+01 3.389341e+01 3.390081e+01 3.390820e+01 3.391558e+01 3.392296e+01 3.393034e+01 3.393772e+01 3.394509e+01 3.395246e+01 3.395983e+01 3.396719e+01 3.397456e+01 3.398191e+01 3.398927e+01 3.399662e+01 3.400397e+01 3.401132e+01 3.401866e+01 3.402600e+01 3.403334e+01 3.404067e+01 3.404800e+01 3.405533e+01 3.406266e+01 3.406998e+01 3.407730e+01 3.408461e+01 3.409193e+01 3.409924e+01 3.410654e+01 3.411385e+01 3.412115e+01 3.412845e+01 3.413575e+01 3.414304e+01 3.415033e+01 3.415762e+01 3.416490e+01 3.417218e+01 3.417945e+01 3.418673e+01 3.419400e+01 3.420127e+01 3.420854e+01 3.421580e+01 3.422306e+01 3.423032e+01 3.423757e+01 3.424482e+01 3.425207e+01 3.425932e+01 3.426656e+01 3.427380e+01 3.428103e+01 3.428827e+01 3.429549e+01 3.430272e+01 3.430995e+01 3.431717e+01 3.432439e+01 3.433160e+01 3.433882e+01 3.434603e+01 3.435323e+01 3.436044e+01 3.436764e+01 3.437484e+01 3.438203e+01 3.438923e+01 3.439642e+01 3.440360e+01 3.441079e+01 3.441797e+01 3.442514e+01 3.443232e+01 3.443949e+01 3.444666e+01 3.445383e+01 3.446099e+01 3.446815e+01 3.447531e+01 3.448247e+01 3.448962e+01 3.449677e+01 3.450391e+01 3.451106e+01 3.451820e+01 3.452534e+01 3.453247e+01 3.453960e+01 3.454673e+01 3.455386e+01 3.456099e+01 3.456810e+01 3.457522e+01 3.458234e+01 3.458945e+01 3.459656e+01 3.460366e+01 3.461077e+01 3.461787e+01 3.462497e+01 3.463206e+01 3.463916e+01 3.464625e+01 3.465333e+01 3.466042e+01 3.466750e+01 3.467458e+01 3.468165e+01 3.468872e+01 3.469579e+01 3.470286e+01 3.470993e+01 3.471699e+01 3.472404e+01 3.473110e+01 3.473816e+01 3.474520e+01 3.475225e+01 3.475930e+01 3.476634e+01 3.477338e+01 3.478041e+01 3.478745e+01 3.479448e+01 3.480151e+01 3.480853e+01 3.481556e+01 3.482257e+01 3.482959e+01 3.483661e+01 3.484362e+01 3.485063e+01 3.485763e+01 3.486464e+01 3.487164e+01 3.487864e+01 3.488563e+01 3.489262e+01 3.489961e+01 3.490660e+01 3.491358e+01 3.492056e+01 3.492754e+01 3.493452e+01 3.494149e+01 3.494846e+01 3.495543e+01 3.496239e+01 3.496935e+01 3.497631e+01 3.498327e+01 3.499022e+01 3.499718e+01 3.500412e+01 3.501107e+01 3.501801e+01 3.502495e+01 3.503189e+01 3.503883e+01 3.504576e+01 3.505269e+01 3.505961e+01 3.506654e+01 3.507346e+01 3.508038e+01 3.508729e+01 3.509421e+01 3.510112e+01 3.510802e+01 3.511493e+01 3.512183e+01 3.512873e+01 3.513563e+01 3.514252e+01 3.514942e+01 3.515630e+01 3.516319e+01 3.517007e+01 3.517696e+01 3.518383e+01 3.519071e+01 3.519758e+01 3.520445e+01 3.521132e+01 3.521819e+01 3.522505e+01 3.523191e+01 3.523877e+01 3.524562e+01 3.525247e+01 3.525932e+01 3.526617e+01 3.527301e+01 3.527985e+01 3.528669e+01 3.529353e+01 3.530036e+01 3.530719e+01 3.531402e+01 3.532085e+01 3.532767e+01 3.533449e+01 3.534130e+01 3.534812e+01 3.535493e+01 3.536174e+01 3.536855e+01 3.537535e+01 3.538216e+01 3.538895e+01 3.539575e+01 3.540255e+01 3.540934e+01 3.541613e+01 3.542291e+01 3.542970e+01 3.543648e+01 3.544326e+01 3.545003e+01 3.545681e+01 3.546358e+01 3.547034e+01 3.547711e+01 3.548387e+01 3.549063e+01 3.549739e+01 3.550415e+01 3.551090e+01 3.551765e+01 3.552439e+01 3.553114e+01 3.553788e+01 3.554462e+01 3.555136e+01 3.555809e+01 3.556483e+01 3.557156e+01 3.557828e+01 3.558501e+01 3.559173e+01 3.559845e+01 3.560516e+01 3.561188e+01 3.561859e+01 3.562530e+01 3.563200e+01 3.563871e+01 3.564541e+01 3.565211e+01 3.565881e+01 3.566550e+01 3.567219e+01 3.567888e+01 3.568556e+01 3.569225e+01 3.569893e+01 3.570561e+01 3.571228e+01 3.571896e+01 3.572563e+01 3.573230e+01 3.573896e+01 3.574562e+01 3.575229e+01 3.575895e+01 3.576560e+01 3.577225e+01 3.577890e+01 3.578555e+01 3.579220e+01 3.579884e+01 3.580548e+01 3.581212e+01 3.581876e+01 3.582539e+01 3.583202e+01 3.583865e+01 3.584528e+01 3.585190e+01 3.585852e+01 3.586514e+01 3.587175e+01 3.587837e+01 3.588498e+01 3.589159e+01 3.589819e+01 3.590480e+01 3.591140e+01 3.591800e+01 3.592459e+01 3.593119e+01 3.593777e+01 3.594437e+01 3.595095e+01 3.595753e+01 3.596412e+01 3.597070e+01 3.597727e+01 3.598384e+01 3.599042e+01 3.599699e+01 3.600355e+01 3.601012e+01 3.601668e+01 3.602324e+01 3.602979e+01 3.603635e+01 3.604290e+01 3.604945e+01 3.605600e+01 3.606254e+01 3.606908e+01 3.607562e+01 3.608216e+01 3.608870e+01 3.609523e+01 3.610176e+01 3.610828e+01 3.611481e+01 3.612133e+01 3.612785e+01 3.613437e+01 3.614088e+01 3.614740e+01 3.615391e+01 3.616042e+01 3.616692e+01 3.617343e+01 3.617993e+01 3.618643e+01 3.619292e+01 3.619942e+01 3.620591e+01 3.621240e+01 3.621888e+01 3.622537e+01 3.623185e+01 3.623833e+01 3.624481e+01 3.625128e+01 3.625775e+01 3.626422e+01 3.627069e+01 3.627716e+01 3.628362e+01 3.629008e+01 3.629654e+01 3.630299e+01 3.630944e+01 3.631590e+01 3.632235e+01 3.632879e+01 3.633524e+01 3.634167e+01 3.634811e+01 3.635455e+01 3.636098e+01 3.636742e+01 3.637385e+01 3.638028e+01 3.638670e+01 3.639312e+01 3.639954e+01 3.640596e+01 3.641238e+01 3.641879e+01 3.642520e+01 3.643161e+01 3.643801e+01 3.644442e+01 3.645082e+01 3.645722e+01 3.646362e+01 3.647001e+01 3.647640e+01 3.648279e+01 3.648918e+01 3.649556e+01 3.650195e+01 3.650832e+01 3.651470e+01 3.652108e+01 3.652745e+01 3.653382e+01 3.654019e+01 3.654656e+01 3.655292e+01 3.655928e+01 3.656564e+01 3.657200e+01 3.657836e+01 3.658471e+01 3.659106e+01 3.659741e+01 3.660375e+01 3.661010e+01 3.661644e+01 3.662278e+01 3.662911e+01 3.663544e+01 3.664178e+01 3.664811e+01 3.665443e+01 3.666076e+01 3.666708e+01 3.667340e+01 3.667972e+01 3.668604e+01 3.669235e+01 3.669866e+01 3.670497e+01 3.671128e+01 3.671758e+01 3.672388e+01 3.673018e+01 3.673648e+01 3.674278e+01 3.674907e+01 3.675536e+01 3.676165e+01 3.676794e+01 3.677422e+01 3.678050e+01 3.678678e+01 3.679306e+01 3.679933e+01 3.680561e+01 3.681188e+01 3.681815e+01 3.682441e+01 3.683067e+01 3.683694e+01 3.684320e+01 3.684945e+01 3.685571e+01 3.686196e+01 3.686821e+01 3.687446e+01 3.688070e+01 3.688695e+01 3.689319e+01 3.689943e+01 3.690566e+01 3.691190e+01 3.691813e+01 3.692436e+01 3.693059e+01 3.693681e+01 3.694304e+01 3.694926e+01 3.695548e+01 3.696170e+01 3.696791e+01 3.697412e+01 3.698033e+01 3.698654e+01 3.699274e+01 3.699895e+01 3.700515e+01 3.701135e+01 3.701755e+01 3.702374e+01 3.702993e+01 3.703613e+01 3.704231e+01 3.704850e+01 3.705468e+01 3.706086e+01 3.706704e+01 3.707322e+01 3.707940e+01 3.708557e+01 3.709174e+01 3.709790e+01 3.710407e+01 3.711024e+01 3.711640e+01 3.712255e+01 3.712872e+01 3.713487e+01 3.714102e+01</elevationAngle>
        <elevationPattern count="676">-3.072011e+13 2.743775e+14 -3.079719e+13 2.761439e+14 -3.087422e+13 2.779094e+14 -3.095124e+13 2.796743e+14 -3.102821e+13 2.814382e+14 -3.110515e+13 2.832015e+14 -3.116892e+13 2.849552e+14 -3.122177e+13 2.867008e+14 -3.127460e+13 2.884457e+14 -3.132739e+13 2.901898e+14 -3.138018e+13 2.919331e+14 -3.143293e+13 2.936756e+14 -3.147760e+13 2.954221e+14 -3.150315e+13 2.971791e+14 -3.152869e+13 2.989353e+14 -3.155423e+13 3.006907e+14 -3.157976e+13 3.024454e+14 -3.160526e+13 3.041991e+14 -3.162985e+13 3.059523e+14 -3.162508e+13 3.077046e+14 -3.162030e+13 3.094562e+14 -3.161553e+13 3.112070e+14 -3.161076e+13 3.129570e+14 -3.160598e+13 3.147062e+14 -3.160121e+13 3.164546e+14 -3.157396e+13 3.181906e+14 -3.153901e+13 3.199215e+14 -3.150409e+13 3.216518e+14 -3.146918e+13 3.233813e+14 -3.143429e+13 3.251101e+14 -3.139942e+13 3.268381e+14 -3.134981e+13 3.285653e+14 -3.128171e+13 3.302918e+14 -3.121362e+13 3.320174e+14 -3.114558e+13 3.337424e+14 -3.107756e+13 3.354667e+14 -3.100957e+13 3.371901e+14 -3.093751e+13 3.389128e+14 -3.083641e+13 3.406348e+14 -3.073535e+13 3.423559e+14 -3.063433e+13 3.440763e+14 -3.053335e+13 3.457959e+14 -3.043244e+13 3.475149e+14 -3.033154e+13 3.492330e+14 -3.020097e+13 3.509380e+14 -3.006238e+13 3.526389e+14 -2.992385e+13 3.543391e+14 -2.978538e+13 3.560386e+14 -2.964697e+13 3.577373e+14 -2.950861e+13 3.594352e+14 -2.935406e+13 3.611257e+14 -2.917812e+13 3.628063e+14 -2.900227e+13 3.644865e+14 -2.882648e+13 3.661656e+14 -2.865079e+13 3.678442e+14 -2.847517e+13 3.695221e+14 -2.829731e+13 3.711983e+14 -2.808267e+13 3.728589e+14 -2.786812e+13 3.745189e+14 -2.765368e+13 3.761783e+14 -2.743932e+13 3.778368e+14 -2.722505e+13 3.794945e+14 -2.701088e+13 3.811516e+14 -2.677067e+13 3.827871e+14 -2.651762e+13 3.844115e+14 -2.626471e+13 3.860353e+14 -2.601189e+13 3.876582e+14 -2.575918e+13 3.892805e+14 -2.550658e+13 3.909021e+14 -2.524312e+13 3.925190e+14 -2.494868e+13 3.941237e+14 -2.465436e+13 3.957276e+14 -2.436018e+13 3.973307e+14 -2.406612e+13 3.989334e+14 -2.377219e+13 4.005352e+14 -2.347838e+13 4.021364e+14 -2.314836e+13 4.037238e+14 -2.281132e+13 4.053080e+14 -2.247442e+13 4.068916e+14 -2.213768e+13 4.084746e+14 -2.180107e+13 4.100567e+14 -2.146461e+13 4.116383e+14 -2.111191e+13 4.132009e+14 -2.073391e+13 4.147345e+14 -2.035608e+13 4.162676e+14 -1.997840e+13 4.177999e+14 -1.960089e+13 4.193316e+14 -1.922355e+13 4.208627e+14 -1.884636e+13 4.223930e+14 -1.842766e+13 4.239084e+14 -1.800600e+13 4.254220e+14 -1.758454e+13 4.269350e+14 -1.716325e+13 4.284473e+14 -1.674213e+13 4.299590e+14 -1.632121e+13 4.314701e+14 -1.588032e+13 4.329666e+14 -1.541507e+13 4.344454e+14 -1.495003e+13 4.359237e+14 -1.448519e+13 4.374014e+14 -1.402053e+13 4.388784e+14 -1.355609e+13 4.403547e+14 -1.309184e+13 4.418306e+14 -1.258693e+13 4.432763e+14 -1.208022e+13 4.447202e+14 -1.157374e+13 4.461635e+14 -1.106746e+13 4.476059e+14 -1.056140e+13 4.490478e+14 -1.005556e+13 4.504893e+14 -9.530098e+12 4.519166e+14 -8.979340e+12 4.533260e+14 -8.428815e+12 4.547348e+14 -7.878527e+12 4.561431e+14 -7.328470e+12 4.575507e+14 -6.778649e+12 4.589577e+14 -6.229062e+12 4.603642e+14 -5.639397e+12 4.617287e+14 -5.045674e+12 4.630881e+14 -4.452206e+12 4.644470e+14 -3.858987e+12 4.658052e+14 -3.266021e+12 4.671628e+14 -2.673307e+12 4.685201e+14 -2.065529e+12 4.698659e+14 -1.429743e+12 4.711915e+14 -7.942269e+11 4.725164e+14 -1.589799e+11 4.738408e+14 4.759979e+11 4.751645e+14 1.110707e+12 4.764877e+14 1.745148e+12 4.778106e+14 2.413622e+12 4.790970e+14 3.091427e+12 4.803732e+14 3.768945e+12 4.816487e+14 4.446176e+12 4.829235e+14 5.123122e+12 4.841978e+14 5.799783e+12 4.854719e+14 6.484383e+12 4.867393e+14 7.203200e+12 4.879817e+14 7.921714e+12 4.892236e+14 8.639924e+12 4.904650e+14 9.357835e+12 4.917060e+14 1.007544e+13 4.929462e+14 1.079274e+13 4.941861e+14 1.153417e+13 4.953990e+14 1.229257e+13 4.965925e+14 1.305064e+13 4.977854e+14 1.380840e+13 4.989780e+14 1.456584e+13 5.001698e+14 1.532297e+13 5.013615e+14 1.607977e+13 5.025525e+14 1.687677e+13 5.037139e+14 1.767511e+13 5.048737e+14 1.847313e+13 5.060332e+14 1.927080e+13 5.071921e+14 2.006815e+13 5.083506e+14 2.086516e+13 5.095084e+14 2.167418e+13 5.106515e+14 2.250959e+13 5.117634e+14 2.334464e+13 5.128749e+14 2.417935e+13 5.139858e+14 2.501371e+13 5.150963e+14 2.584772e+13 5.162063e+14 2.668138e+13 5.173159e+14 2.753918e+13 5.183857e+14 2.840960e+13 5.194345e+14 2.927966e+13 5.204828e+14 3.014935e+13 5.215305e+14 3.101867e+13 5.225778e+14 3.188764e+13 5.236248e+14 3.275625e+13 5.246714e+14 3.366228e+13 5.256884e+14 3.456899e+13 5.267040e+14 3.547533e+13 5.277194e+14 3.638130e+13 5.287344e+14 3.728688e+13 5.297489e+14 3.819209e+13 5.307630e+14 3.910628e+13 5.317643e+14 4.004501e+13 5.327329e+14 4.098335e+13 5.337011e+14 4.192129e+13 5.346688e+14 4.285885e+13 5.356360e+14 4.379603e+13 5.366031e+14 4.473281e+13 5.375696e+14 4.568652e+13 5.385111e+14 4.665372e+13 5.394322e+14 4.762052e+13 5.403530e+14 4.858692e+13 5.412732e+14 4.955293e+13 5.421933e+14 5.051851e+13 5.431128e+14 5.148372e+13 5.440321e+14 5.247639e+13 5.449026e+14 5.347486e+13 5.457618e+14 5.447294e+13 5.466207e+14 5.547060e+13 5.474793e+14 5.646783e+13 5.483374e+14 5.746465e+13 5.491951e+14 5.846281e+13 5.500508e+14 5.948687e+13 5.508783e+14 6.051055e+13 5.517056e+14 6.153377e+13 5.525323e+14 6.255658e+13 5.533587e+14 6.357898e+13 5.541851e+14 6.460095e+13 5.550108e+14 6.562970e+13 5.558195e+14 6.667588e+13 5.565857e+14 6.772162e+13 5.573515e+14 6.876694e+13 5.581171e+14 6.981186e+13 5.588826e+14 7.085630e+13 5.596474e+14 7.190033e+13 5.604119e+14 7.295699e+13 5.611620e+14 7.402659e+13 5.618964e+14 7.509576e+13 5.626308e+14 7.616454e+13 5.633650e+14 7.723285e+13 5.640987e+14 7.830072e+13 5.648321e+14 7.936816e+13 5.655653e+14 8.044709e+13 5.662582e+14 8.153123e+13 5.669321e+14 8.261492e+13 5.676057e+14 8.369819e+13 5.682792e+14 8.478099e+13 5.689522e+14 8.586338e+13 5.696251e+14 8.694531e+13 5.702978e+14 8.803666e+13 5.709327e+14 8.912940e+13 5.715608e+14 9.022170e+13 5.721889e+14 9.131352e+13 5.728164e+14 9.240490e+13 5.734438e+14 9.349588e+13 5.740710e+14 9.458636e+13 5.746980e+14 9.569528e+13 5.752808e+14 9.680381e+13 5.758635e+14 9.791197e+13 5.764462e+14 9.901959e+13 5.770284e+14 1.001268e+14 5.776104e+14 1.012335e+14 5.781921e+14 1.023396e+14 5.787680e+14 1.034440e+14 5.793056e+14 1.045480e+14 5.798431e+14 1.056515e+14 5.803805e+14 1.067545e+14 5.809174e+14 1.078571e+14 5.814539e+14 1.089593e+14 5.819906e+14 1.100678e+14 5.825168e+14 1.111981e+14 5.830094e+14 1.123278e+14 5.835018e+14 1.134572e+14 5.839942e+14 1.145861e+14 5.844863e+14 1.157145e+14 5.849782e+14 1.168424e+14 5.854699e+14 1.179699e+14 5.859423e+14 1.190969e+14 5.863757e+14 1.202235e+14 5.868090e+14 1.213497e+14 5.872422e+14 1.224753e+14 5.876753e+14 1.236005e+14 5.881079e+14 1.247253e+14 5.885406e+14 1.258496e+14 5.889499e+14 1.269734e+14 5.893244e+14 1.280969e+14 5.896990e+14 1.292198e+14 5.900733e+14 1.303423e+14 5.904473e+14 1.314644e+14 5.908215e+14 1.325860e+14 5.911954e+14 1.337071e+14 5.915562e+14 1.348278e+14 5.919009e+14 1.359480e+14 5.922457e+14 1.370678e+14 5.925902e+14 1.381871e+14 5.929347e+14 1.393060e+14 5.932787e+14 1.404244e+14 5.936229e+14 1.415494e+14 5.939323e+14 1.426813e+14 5.942044e+14 1.438127e+14 5.944766e+14 1.449437e+14 5.947486e+14 1.460741e+14 5.950203e+14 1.472042e+14 5.952921e+14 1.483338e+14 5.955638e+14 1.494559e+14 5.958142e+14 1.505702e+14 5.960425e+14 1.516842e+14 5.962711e+14 1.527977e+14 5.964996e+14 1.539107e+14 5.967278e+14 1.550234e+14 5.969562e+14 1.561356e+14 5.971843e+14 1.572403e+14 5.973912e+14 1.583373e+14 5.975763e+14 1.594340e+14 5.977617e+14 1.605301e+14 5.979467e+14 1.616258e+14 5.981316e+14 1.627211e+14 5.983165e+14 1.638160e+14 5.985015e+14 1.649104e+14 5.986596e+14 1.660044e+14 5.987876e+14 1.670979e+14 5.989154e+14 1.681910e+14 5.990430e+14 1.692837e+14 5.991709e+14 1.703760e+14 5.992985e+14 1.714677e+14 5.994262e+14 1.725531e+14 5.995298e+14 1.736299e+14 5.996007e+14 1.747063e+14 5.996715e+14 1.757821e+14 5.997421e+14 1.768577e+14 5.998129e+14 1.779327e+14 5.998837e+14 1.790074e+14 5.999545e+14 1.800715e+14 6.000050e+14 1.811170e+14 6.000191e+14 1.821622e+14 6.000334e+14 1.832068e+14 6.000473e+14 1.842511e+14 6.000616e+14 1.852949e+14 6.000755e+14 1.863384e+14 6.000897e+14 1.873776e+14 6.000923e+14 1.884062e+14 6.000643e+14 1.894344e+14 6.000362e+14 1.904621e+14 6.000080e+14 1.914894e+14 5.999798e+14 1.925163e+14 5.999516e+14 1.935428e+14 5.999236e+14 1.945642e+14 5.998861e+14 1.955619e+14 5.998019e+14 1.965590e+14 5.997176e+14 1.975558e+14 5.996332e+14 1.985523e+14 5.995491e+14 1.995483e+14 5.994650e+14 2.005439e+14 5.993807e+14 2.015386e+14 5.992950e+14 2.025195e+14 5.991690e+14 2.034999e+14 5.990430e+14 2.044800e+14 5.989169e+14 2.054596e+14 5.987909e+14 2.064389e+14 5.986650e+14 2.074178e+14 5.985391e+14 2.083963e+14 5.984134e+14 2.093369e+14 5.982251e+14 2.102728e+14 5.980295e+14 2.112083e+14 5.978342e+14 2.121434e+14 5.976387e+14 2.130781e+14 5.974432e+14 2.140125e+14 5.972481e+14 2.149465e+14 5.970528e+14 2.158598e+14 5.968274e+14 2.167653e+14 5.965908e+14 2.176704e+14 5.963540e+14 2.185750e+14 5.961172e+14 2.194795e+14 5.958807e+14 2.203834e+14 5.956444e+14 2.212871e+14 5.954080e+14 2.221677e+14 5.951491e+14 2.230290e+14 5.948713e+14 2.238899e+14 5.945935e+14 2.247505e+14 5.943159e+14 2.256108e+14 5.940384e+14 2.264707e+14 5.937610e+14 2.273303e+14 5.934836e+14 2.281802e+14 5.931832e+14 2.290114e+14 5.928369e+14 2.298423e+14 5.924907e+14 2.306729e+14 5.921447e+14 2.315031e+14 5.917986e+14 2.323330e+14 5.914528e+14 2.331626e+14 5.911071e+14 2.339857e+14 5.907571e+14 2.347594e+14 5.903702e+14 2.355328e+14 5.899836e+14 2.363059e+14 5.895972e+14 2.370786e+14 5.892105e+14 2.378510e+14 5.888242e+14 2.386233e+14 5.884384e+14 2.393952e+14 5.880524e+14 2.401430e+14 5.876072e+14 2.408867e+14 5.871526e+14 2.416301e+14 5.866981e+14 2.423733e+14 5.862442e+14 2.431162e+14 5.857902e+14 2.438587e+14 5.853363e+14 2.446011e+14 5.848827e+14 2.453020e+14 5.844047e+14 2.459751e+14 5.839101e+14 2.466479e+14 5.834159e+14 2.473203e+14 5.829216e+14 2.479927e+14 5.824280e+14 2.486647e+14 5.819342e+14 2.493364e+14 5.814407e+14 2.499993e+14 5.809345e+14 2.506432e+14 5.804004e+14 2.512868e+14 5.798663e+14 2.519301e+14 5.793325e+14 2.525732e+14 5.787989e+14 2.532160e+14 5.782654e+14 2.538586e+14 5.777322e+14 2.545008e+14 5.771990e+14 2.550745e+14 5.765979e+14 2.556481e+14 5.759972e+14 2.562215e+14 5.753966e+14 2.567946e+14 5.747962e+14 2.573675e+14 5.741961e+14 2.579402e+14 5.735960e+14 2.585127e+14 5.729964e+14 2.590481e+14 5.723692e+14 2.595657e+14 5.717292e+14 2.600831e+14 5.710894e+14 2.606002e+14 5.704497e+14 2.611171e+14 5.698102e+14 2.616340e+14 5.691713e+14 2.621504e+14 5.685323e+14 2.626492e+14 5.678761e+14 2.631111e+14 5.671835e+14 2.635727e+14 5.664910e+14 2.640342e+14 5.657989e+14 2.644954e+14 5.651067e+14 2.649565e+14 5.644151e+14 2.654176e+14 5.637239e+14 2.658783e+14 5.630328e+14 2.662872e+14 5.622903e+14 2.666934e+14 5.615454e+14 2.670995e+14 5.608010e+14 2.675054e+14 5.600567e+14 2.679112e+14 5.593127e+14 2.683169e+14 5.585693e+14 2.687223e+14 5.578259e+14 2.690896e+14 5.570599e+14 2.694273e+14 5.562767e+14 2.697648e+14 5.554937e+14 2.701021e+14 5.547110e+14 2.704394e+14 5.539286e+14 2.707765e+14 5.531466e+14 2.711135e+14 5.523647e+14 2.714423e+14 5.515731e+14 2.717251e+14 5.507246e+14 2.720079e+14 5.498764e+14 2.722905e+14 5.490284e+14 2.725730e+14 5.481809e+14 2.728554e+14 5.473337e+14 2.731378e+14 5.464867e+14 2.734199e+14 5.456400e+14 2.736539e+14 5.447745e+14 2.738689e+14 5.439018e+14 2.740836e+14 5.430293e+14 2.742982e+14 5.421570e+14 2.745128e+14 5.412851e+14 2.747274e+14 5.404137e+14 2.749418e+14 5.395425e+14 2.751387e+14 5.386542e+14 2.752859e+14 5.377166e+14 2.754333e+14 5.367797e+14 2.755804e+14 5.358428e+14 2.757276e+14 5.349063e+14 2.758747e+14 5.339704e+14 2.760217e+14 5.330346e+14 2.761687e+14 5.320993e+14 2.762736e+14 5.311328e+14 2.763670e+14 5.301579e+14 2.764605e+14 5.291837e+14 2.765539e+14 5.282097e+14 2.766472e+14 5.272362e+14 2.767405e+14 5.262629e+14 2.768338e+14 5.252901e+14 2.769038e+14 5.243021e+14 2.769172e+14 5.232767e+14 2.769305e+14 5.222518e+14 2.769438e+14 5.212271e+14 2.769572e+14 5.202030e+14 2.769704e+14 5.191789e+14 2.769837e+14 5.181556e+14 2.769970e+14 5.171325e+14 2.769590e+14 5.160790e+14 2.769059e+14 5.150169e+14 2.768528e+14 5.139552e+14 2.767997e+14 5.128940e+14 2.767466e+14 5.118329e+14 2.766936e+14 5.107725e+14 2.766406e+14 5.097122e+14 2.765753e+14 5.086433e+14 2.764693e+14 5.075442e+14 2.763634e+14 5.064454e+14 2.762575e+14 5.053473e+14 2.761518e+14 5.042496e+14 2.760460e+14 5.031521e+14 2.759403e+14 5.020552e+14 2.758346e+14 5.009586e+14 2.756756e+14 4.998268e+14 2.754907e+14 4.986782e+14 2.753059e+14 4.975300e+14 2.751213e+14 4.963824e+14 2.749366e+14 4.952350e+14 2.747522e+14 4.940883e+14 2.745676e+14 4.929418e+14 2.743772e+14 4.917921e+14 2.741271e+14 4.906071e+14 2.738770e+14 4.894225e+14 2.736270e+14 4.882383e+14 2.733771e+14 4.870545e+14 2.731273e+14 4.858712e+14 2.728775e+14 4.846883e+14 2.726279e+14 4.835059e+14 2.723528e+14 4.823047e+14 2.720508e+14 4.810838e+14 2.717489e+14 4.798633e+14 2.714473e+14 4.786433e+14 2.711457e+14 4.774239e+14 2.708442e+14 4.762047e+14 2.705428e+14 4.749860e+14 2.702416e+14 4.737679e+14 2.698839e+14 4.725163e+14 2.695174e+14 4.712597e+14 2.691511e+14 4.700036e+14 2.687848e+14 4.687479e+14 2.684188e+14 4.674929e+14 2.680528e+14 4.662382e+14 2.676870e+14 4.649839e+14 2.673073e+14 4.637190e+14 2.668764e+14 4.624134e+14 2.664458e+14 4.611084e+14 2.660152e+14 4.598038e+14 2.655850e+14 4.584998e+14 2.651548e+14 4.571962e+14 2.647248e+14 4.558931e+14 2.642950e+14 4.545907e+14 2.638439e+14 4.532671e+14 2.633752e+14 4.519264e+14 2.629068e+14 4.505861e+14 2.624385e+14 4.492465e+14 2.619705e+14 4.479071e+14 2.615026e+14 4.465685e+14 2.610348e+14 4.452302e+14 2.605673e+14 4.438925e+14 2.600444e+14 4.425332e+14 2.595123e+14 4.411704e+14 2.589804e+14 4.398082e+14 2.584487e+14 4.384466e+14 2.579171e+14 4.370854e+14 2.573858e+14 4.357246e+14 2.568547e+14 4.343645e+14 2.563146e+14 4.329994e+14 2.557191e+14 4.316013e+14 2.551238e+14 4.302038e+14 2.545288e+14 4.288069e+14 2.539340e+14 4.274103e+14 2.533395e+14 4.260144e+14 2.527452e+14 4.246190e+14 2.521509e+14 4.232239e+14 2.515412e+14 4.218243e+14 2.509089e+14 4.204176e+14 2.502767e+14 4.190114e+14 2.496447e+14 4.176055e+14 2.490130e+14 4.162003e+14 2.483814e+14 4.147955e+14 2.477503e+14 4.133914e+14 2.471192e+14 4.119877e+14 2.464465e+14 4.105593e+14 2.457515e+14 4.091180e+14 2.450569e+14 4.076772e+14 2.443625e+14 4.062371e+14 2.436684e+14 4.047974e+14 2.429746e+14 4.033583e+14 2.422808e+14 4.019196e+14 2.415875e+14 4.004814e+14 2.408607e+14 3.990214e+14 2.401294e+14 3.975588e+14 2.393982e+14 3.960964e+14 2.386675e+14 3.946349e+14 2.379369e+14 3.931738e+14 2.372066e+14 3.917132e+14 2.364766e+14 3.902531e+14 2.357440e+14 3.887927e+14 2.349761e+14 3.873209e+14 2.342085e+14 3.858497e+14 2.334412e+14 3.843790e+14 2.326741e+14 3.829088e+14 2.319074e+14 3.814392e+14 2.311409e+14 3.799702e+14 2.303748e+14 3.785017e+14 2.295992e+14 3.770303e+14 2.287953e+14 3.755501e+14 2.279917e+14 3.740704e+14 2.271883e+14 3.725912e+14 2.263854e+14 3.711128e+14 2.255826e+14 3.696345e+14 2.247801e+14 3.681570e+14 2.239779e+14 3.666800e+14 2.231606e+14 3.651984e+14 2.223208e+14 3.637097e+14 2.214814e+14 3.622217e+14 2.206422e+14 3.607339e+14 2.198034e+14 3.592470e+14 2.189649e+14 3.577604e+14 2.181266e+14 3.562745e+14 2.172887e+14 3.547890e+14 2.164307e+14 3.532974e+14 2.155553e+14 3.518004e+14 2.146802e+14 3.503038e+14 2.138055e+14 3.488081e+14 2.129311e+14 3.473125e+14 2.120569e+14 3.458176e+14 2.111831e+14 3.443232e+14 2.103097e+14 3.428296e+14 2.094283e+14 3.413281e+14 2.085428e+14 3.398228e+14 2.076576e+14 3.383180e+14 2.067728e+14 3.368138e+14 2.058883e+14 3.353100e+14 2.050041e+14 3.338069e+14 2.041201e+14 3.323042e+14 2.032366e+14 3.308022e+14 2.023256e+14 3.293006e+14 2.014049e+14 3.277997e+14 2.004844e+14 3.262991e+14 1.995642e+14 3.247992e+14 1.986445e+14 3.232999e+14 1.977251e+14 3.218012e+14 1.968059e+14 3.203027e+14 1.958871e+14 3.188050e+14 1.949586e+14 3.173078e+14 1.940279e+14 3.158111e+14 1.930976e+14 3.143151e+14 1.921675e+14 3.128193e+14 1.912378e+14 3.113244e+14 1.903085e+14 3.098298e+14 1.893795e+14 3.083358e+14 1.884508e+14 3.068424e+14 1.875118e+14 3.053495e+14 1.865713e+14 3.038572e+14 1.856311e+14 3.023654e+14 1.846912e+14 3.008740e+14 1.837516e+14 2.993832e+14 1.828124e+14 2.978930e+14 1.818735e+14 2.964033e+14 1.809350e+14 2.949141e+14 1.799861e+14 2.934255e+14 1.790357e+14 2.919374e+14 1.780856e+14 2.904499e+14 1.771359e+14 2.889628e+14 1.761866e+14 2.874763e+14 1.752376e+14 2.859905e+14 1.742889e+14 2.845049e+14 1.733406e+14 2.830201e+14 1.723820e+14 2.815464e+14 1.714219e+14 2.800751e+14 1.704620e+14 2.786042e+14 1.695026e+14 2.771339e+14 1.685435e+14 2.756641e+14 1.675848e+14 2.741948e+14 1.666264e+14 2.727261e+14 1.656683e+14 2.712579e+14 1.647105e+14 2.698004e+14 1.637532e+14 2.683457e+14 1.627961e+14 2.668914e+14 1.618394e+14 2.654378e+14 1.608830e+14 2.639846e+14 1.599270e+14 2.625320e+14 1.589713e+14 2.610798e+14 1.580160e+14 2.596282e+14 1.570610e+14 2.581963e+14 1.561064e+14 2.567706e+14 1.551521e+14 2.553453e+14 1.541981e+14 2.539205e+14 1.532444e+14 2.524962e+14 1.522911e+14 2.510725e+14 1.513382e+14 2.496493e+14 1.503855e+14 2.482264e+14 1.494333e+14 2.468042e+14 1.484813e+14 2.453825e+14 1.475298e+14 2.439613e+14 1.465785e+14 2.425406e+14 1.456276e+14 2.411204e+14 1.446769e+14 2.397006e+14 1.437267e+14 2.382814e+14 1.427768e+14 2.368627e+14 1.418347e+14 2.354669e+14 1.408977e+14 2.340862e+14 1.399611e+14 2.327059e+14 1.390249e+14 2.313261e+14 1.380890e+14 2.299469e+14 1.371534e+14 2.285681e+14 1.362181e+14 2.271898e+14</elevationPattern>
        <incidenceAngle count="676">3.652190e+01 3.653125e+01 3.654060e+01 3.654994e+01 3.655928e+01 3.656862e+01 3.657796e+01 3.658730e+01 3.659662e+01 3.660594e+01 3.661525e+01 3.662457e+01 3.663388e+01 3.664319e+01 3.665248e+01 3.666179e+01 3.667108e+01 3.668037e+01 3.668967e+01 3.669894e+01 3.670822e+01 3.671750e+01 3.672678e+01 3.673604e+01 3.674530e+01 3.675456e+01 3.676382e+01 3.677307e+01 3.678233e+01 3.679158e+01 3.680081e+01 3.681006e+01 3.681929e+01 3.682852e+01 3.683775e+01 3.684697e+01 3.685619e+01 3.686540e+01 3.687462e+01 3.688382e+01 3.689304e+01 3.690224e+01 3.691142e+01 3.692062e+01 3.692981e+01 3.693900e+01 3.694818e+01 3.695735e+01 3.696654e+01 3.697571e+01 3.698486e+01 3.699403e+01 3.700319e+01 3.701234e+01 3.702150e+01 3.703065e+01 3.703979e+01 3.704893e+01 3.705807e+01 3.706721e+01 3.707634e+01 3.708546e+01 3.709459e+01 3.710371e+01 3.711282e+01 3.712193e+01 3.713104e+01 3.714015e+01 3.714925e+01 3.715836e+01 3.716745e+01 3.717653e+01 3.718562e+01 3.719470e+01 3.720378e+01 3.721286e+01 3.722192e+01 3.723100e+01 3.724007e+01 3.724913e+01 3.725818e+01 3.726724e+01 3.727629e+01 3.728534e+01 3.729437e+01 3.730342e+01 3.731245e+01 3.732149e+01 3.733052e+01 3.733954e+01 3.734856e+01 3.735757e+01 3.736659e+01 3.737561e+01 3.738461e+01 3.739362e+01 3.740262e+01 3.741161e+01 3.742061e+01 3.742960e+01 3.743858e+01 3.744756e+01 3.745654e+01 3.746552e+01 3.747449e+01 3.748346e+01 3.749242e+01 3.750137e+01 3.751035e+01 3.751929e+01 3.752824e+01 3.753719e+01 3.754613e+01 3.755507e+01 3.756401e+01 3.757294e+01 3.758188e+01 3.759081e+01 3.759972e+01 3.760864e+01 3.761755e+01 3.762646e+01 3.763538e+01 3.764429e+01 3.765318e+01 3.766208e+01 3.767097e+01 3.767987e+01 3.768875e+01 3.769763e+01 3.770651e+01 3.771539e+01 3.772427e+01 3.773314e+01 3.774200e+01 3.775087e+01 3.775972e+01 3.776859e+01 3.777744e+01 3.778629e+01 3.779514e+01 3.780397e+01 3.781282e+01 3.782166e+01 3.783047e+01 3.783931e+01 3.784813e+01 3.785696e+01 3.786578e+01 3.787459e+01 3.788341e+01 3.789221e+01 3.790102e+01 3.790982e+01 3.791861e+01 3.792741e+01 3.793620e+01 3.794499e+01 3.795378e+01 3.796255e+01 3.797133e+01 3.798010e+01 3.798888e+01 3.799765e+01 3.800641e+01 3.801517e+01 3.802393e+01 3.803268e+01 3.804143e+01 3.805019e+01 3.805893e+01 3.806767e+01 3.807640e+01 3.808514e+01 3.809387e+01 3.810260e+01 3.811131e+01 3.812004e+01 3.812875e+01 3.813747e+01 3.814618e+01 3.815489e+01 3.816359e+01 3.817229e+01 3.818098e+01 3.818968e+01 3.819838e+01 3.820706e+01 3.821574e+01 3.822443e+01 3.823311e+01 3.824178e+01 3.825046e+01 3.825912e+01 3.826778e+01 3.827644e+01 3.828510e+01 3.829376e+01 3.830240e+01 3.831105e+01 3.831970e+01 3.832834e+01 3.833698e+01 3.834561e+01 3.835425e+01 3.836287e+01 3.837149e+01 3.838011e+01 3.838873e+01 3.839735e+01 3.840596e+01 3.841457e+01 3.842317e+01 3.843178e+01 3.844038e+01 3.844897e+01 3.845757e+01 3.846616e+01 3.847475e+01 3.848332e+01 3.849190e+01 3.850047e+01 3.850905e+01 3.851762e+01 3.852618e+01 3.853476e+01 3.854332e+01 3.855186e+01 3.856042e+01 3.856897e+01 3.857751e+01 3.858606e+01 3.859460e+01 3.860315e+01 3.861168e+01 3.862021e+01 3.862874e+01 3.863727e+01 3.864578e+01 3.865430e+01 3.866281e+01 3.867133e+01 3.867984e+01 3.868834e+01 3.869685e+01 3.870535e+01 3.871384e+01 3.872234e+01 3.873082e+01 3.873932e+01 3.874780e+01 3.875627e+01 3.876476e+01 3.877322e+01 3.878169e+01 3.879016e+01 3.879863e+01 3.880710e+01 3.881555e+01 3.882401e+01 3.883246e+01 3.884091e+01 3.884935e+01 3.885780e+01 3.886624e+01 3.887468e+01 3.888310e+01 3.889154e+01 3.889996e+01 3.890839e+01 3.891681e+01 3.892523e+01 3.893364e+01 3.894206e+01 3.895047e+01 3.895886e+01 3.896727e+01 3.897568e+01 3.898407e+01 3.899246e+01 3.900085e+01 3.900923e+01 3.901762e+01 3.902600e+01 3.903438e+01 3.904276e+01 3.905113e+01 3.905949e+01 3.906786e+01 3.907622e+01 3.908458e+01 3.909294e+01 3.910129e+01 3.910965e+01 3.911800e+01 3.912633e+01 3.913467e+01 3.914301e+01 3.915135e+01 3.915968e+01 3.916801e+01 3.917633e+01 3.918466e+01 3.919298e+01 3.920129e+01 3.920961e+01 3.921791e+01 3.922623e+01 3.923453e+01 3.924283e+01 3.925113e+01 3.925943e+01 3.926772e+01 3.927602e+01 3.928430e+01 3.929257e+01 3.930086e+01 3.930914e+01 3.931741e+01 3.932568e+01 3.933395e+01 3.934222e+01 3.935048e+01 3.935873e+01 3.936699e+01 3.937524e+01 3.938350e+01 3.939175e+01 3.939999e+01 3.940823e+01 3.941647e+01 3.942471e+01 3.943294e+01 3.944118e+01 3.944940e+01 3.945763e+01 3.946585e+01 3.947406e+01 3.948227e+01 3.949049e+01 3.949870e+01 3.950690e+01 3.951511e+01 3.952332e+01 3.953151e+01 3.953970e+01 3.954790e+01 3.955608e+01 3.956427e+01 3.957245e+01 3.958063e+01 3.958881e+01 3.959698e+01 3.960515e+01 3.961331e+01 3.962149e+01 3.962964e+01 3.963780e+01 3.964597e+01 3.965411e+01 3.966226e+01 3.967041e+01 3.967856e+01 3.968671e+01 3.969484e+01 3.970297e+01 3.971111e+01 3.971924e+01 3.972737e+01 3.973549e+01 3.974361e+01 3.975172e+01 3.975984e+01 3.976796e+01 3.977608e+01 3.978418e+01 3.979228e+01 3.980038e+01 3.980849e+01 3.981657e+01 3.982468e+01 3.983276e+01 3.984085e+01 3.984894e+01 3.985701e+01 3.986510e+01 3.987317e+01 3.988124e+01 3.988931e+01 3.989738e+01 3.990544e+01 3.991350e+01 3.992157e+01 3.992961e+01 3.993767e+01 3.994572e+01 3.995377e+01 3.996181e+01 3.996985e+01 3.997789e+01 3.998593e+01 3.999396e+01 4.000200e+01 4.001003e+01 4.001805e+01 4.002606e+01 4.003409e+01 4.004210e+01 4.005011e+01 4.005812e+01 4.006613e+01 4.007414e+01 4.008214e+01 4.009015e+01 4.009814e+01 4.010614e+01 4.011412e+01 4.012212e+01 4.013010e+01 4.013808e+01 4.014606e+01 4.015404e+01 4.016202e+01 4.016998e+01 4.017795e+01 4.018591e+01 4.019388e+01 4.020184e+01 4.020979e+01 4.021776e+01 4.022571e+01 4.023366e+01 4.024161e+01 4.024954e+01 4.025749e+01 4.026543e+01 4.027336e+01 4.028130e+01 4.028923e+01 4.029715e+01 4.030508e+01 4.031300e+01 4.032092e+01 4.032884e+01 4.033675e+01 4.034467e+01 4.035257e+01 4.036047e+01 4.036838e+01 4.037628e+01 4.038417e+01 4.039207e+01 4.039996e+01 4.040785e+01 4.041574e+01 4.042361e+01 4.043150e+01 4.043938e+01 4.044725e+01 4.045512e+01 4.046300e+01 4.047087e+01 4.047873e+01 4.048659e+01 4.049445e+01 4.050230e+01 4.051016e+01 4.051802e+01 4.052586e+01 4.053371e+01 4.054155e+01 4.054939e+01 4.055724e+01 4.056506e+01 4.057289e+01 4.058072e+01 4.058855e+01 4.059637e+01 4.060420e+01 4.061201e+01 4.061984e+01 4.062766e+01 4.063547e+01 4.064326e+01 4.065108e+01 4.065887e+01 4.066667e+01 4.067447e+01 4.068227e+01 4.069006e+01 4.069785e+01 4.070564e+01 4.071342e+01 4.072121e+01 4.072899e+01 4.073676e+01 4.074454e+01 4.075230e+01 4.076007e+01 4.076784e+01 4.077560e+01 4.078337e+01 4.079112e+01 4.079887e+01 4.080663e+01 4.081438e+01 4.082213e+01 4.082988e+01 4.083762e+01 4.084535e+01 4.085309e+01 4.086082e+01 4.086856e+01 4.087630e+01 4.088402e+01 4.089174e+01 4.089946e+01 4.090718e+01 4.091490e+01 4.092261e+01 4.093033e+01 4.093803e+01 4.094574e+01 4.095345e+01 4.096114e+01 4.096884e+01 4.097653e+01 4.098422e+01 4.099191e+01 4.099960e+01 4.100729e+01 4.101497e+01 4.102266e+01 4.103033e+01 4.103801e+01 4.104568e+01 4.105334e+01 4.106102e+01 4.106868e+01 4.107634e+01 4.108400e+01 4.109166e+01 4.109932e+01 4.110696e+01 4.111461e+01 4.112225e+01 4.112990e+01 4.113754e+01 4.114519e+01 4.115282e+01 4.116046e+01 4.116809e+01 4.117572e+01 4.118333e+01 4.119096e+01 4.119859e+01 4.120621e+01 4.121382e+01 4.122144e+01 4.122905e+01 4.123665e+01 4.124426e+01 4.125186e+01 4.125946e+01 4.126706e+01 4.127466e+01 4.128226e+01 4.128984e+01 4.129744e+01 4.130502e+01 4.131261e+01 4.132018e+01 4.132776e+01 4.133534e+01 4.134291e+01 4.135048e+01 4.135805e+01 4.136562e+01 4.137318e+01 4.138074e+01 4.138829e+01 4.139586e+01 4.140341e+01 4.141096e+01 4.141850e+01 4.142606e+01 4.143359e+01 4.144113e+01 4.144867e+01 4.145621e+01 4.146375e+01 4.147127e+01 4.147881e+01 4.148633e+01 4.149385e+01 4.150137e+01 4.150890e+01 4.151640e+01 4.152393e+01 4.153143e+01 4.153894e+01 4.154645e+01 4.155396e+01 4.156145e+01 4.156895e+01 4.157645e+01 4.158394e+01 4.159143e+01 4.159892e+01 4.160641e+01 4.161389e+01 4.162138e+01 4.162886e+01 4.163634e+01 4.164381e+01 4.165128e+01 4.165875e+01 4.166621e+01 4.167368e+01 4.168114e+01 4.168860e+01 4.169606e+01 4.170352e+01 4.171097e+01 4.171841e+01 4.172586e+01 4.173331e+01 4.174075e+01 4.174820e+01 4.175563e+01 4.176306e+01 4.177051e+01 4.177794e+01 4.178535e+01 4.179279e+01 4.180022e+01 4.180763e+01 4.181505e+01 4.182246e+01 4.182988e+01 4.183730e+01 4.184470e+01 4.185211e+01 4.185951e+01 4.186691e+01 4.187431e+01 4.188171e+01 4.188910e+01 4.189650e+01 4.190388e+01 4.191127e+01 4.191866e+01 4.192604e+01 4.193343e+01 4.194080e+01 4.194818e+01 4.195555e+01 4.196292e+01 4.197029e+01 4.197766e+01 4.198502e+01 4.199239e+01 4.199974e+01 4.200710e+01 4.201445e+01 4.202180e+01 4.202916e+01 4.203650e+01 4.204385e+01 4.205119e+01 4.205853e+01 4.206587e+01 4.207321e+01 4.208054e+01 4.208788e+01 4.209520e+01</incidenceAngle>
        <terrainHeight>2.246544131800000e+03</terrainHeight>
        <roll>3.010035179754928e+01</roll>
      </antennaPattern>
      <antennaPattern>
        <swath>IW2</swath>
        <azimuthTime>2015-05-16T13:34:39.310790</azimuthTime>
        <slantRangeTime count="676">5.646806372877616e-03 5.647392496836635e-03 5.647978620795654e-03 5.648564744754674e-03 5.649150868713693e-03 5.649736992672713e-03 5.650323116631733e-03 5.650909240590751e-03 5.651495364549771e-03 5.652081488508790e-03 5.652667612467809e-03 5.653253736426829e-03 5.653839860385848e-03 5.654425984344868e-03 5.655012108303887e-03 5.655598232262906e-03 5.656184356221925e-03 5.656770480180945e-03 5.657356604139963e-03 5.657942728098983e-03 5.658528852058003e-03 5.659114976017021e-03 5.659701099976042e-03 5.660287223935061e-03 5.660873347894080e-03 5.661459471853100e-03 5.662045595812118e-03 5.662631719771138e-03 5.663217843730157e-03 5.663803967689176e-03 5.664390091648196e-03 5.664976215607215e-03 5.665562339566235e-03 5.666148463525255e-03 5.666734587484274e-03 5.667320711443293e-03 5.667906835402312e-03 5.668492959361331e-03 5.669079083320351e-03 5.669665207279370e-03 5.670251331238389e-03 5.670837455197409e-03 5.671423579156429e-03 5.672009703115448e-03 5.672595827074467e-03 5.673181951033487e-03 5.673768074992506e-03 5.674354198951525e-03 5.674940322910545e-03 5.675526446869563e-03 5.676112570828583e-03 5.676698694787602e-03 5.677284818746622e-03 5.677870942705641e-03 5.678457066664660e-03 5.679043190623679e-03 5.679629314582699e-03 5.680215438541717e-03 5.680801562500737e-03 5.681387686459757e-03 5.681973810418776e-03 5.682559934377795e-03 5.683146058336815e-03 5.683732182295833e-03 5.684318306254853e-03 5.684904430213872e-03 5.685490554172891e-03 5.686076678131910e-03 5.686662802090930e-03 5.687248926049949e-03 5.687835050008969e-03 5.688421173967988e-03 5.689007297927007e-03 5.689593421886026e-03 5.690179545845045e-03 5.690765669804064e-03 5.691351793763084e-03 5.691937917722103e-03 5.692524041681123e-03 5.693110165640142e-03 5.693696289599161e-03 5.694282413558180e-03 5.694868537517200e-03 5.695454661476218e-03 5.696040785435238e-03 5.696626909394258e-03 5.697213033353277e-03 5.697799157312296e-03 5.698385281271316e-03 5.698971405230334e-03 5.699557529189354e-03 5.700143653148373e-03 5.700729777107392e-03 5.701315901066411e-03 5.701902025025431e-03 5.702488148984450e-03 5.703074272943470e-03 5.703660396902488e-03 5.704246520861508e-03 5.704832644820527e-03 5.705418768779546e-03 5.706004892738565e-03 5.706591016697585e-03 5.707177140656604e-03 5.707763264615624e-03 5.708349388574643e-03 5.708935512533662e-03 5.709521636492681e-03 5.710107760451701e-03 5.710693884410719e-03 5.711280008369739e-03 5.711866132328759e-03 5.712452256287778e-03 5.713038380246797e-03 5.713624504205816e-03 5.714210628164835e-03 5.714796752123855e-03 5.715382876082874e-03 5.715969000041893e-03 5.716555124000912e-03 5.717141247959932e-03 5.717727371918951e-03 5.718313495877971e-03 5.718899619836989e-03 5.719485743796009e-03 5.720071867755028e-03 5.720657991714047e-03 5.721244115673066e-03 5.721830239632086e-03 5.722416363591105e-03 5.723002487550125e-03 5.723588611509144e-03 5.724174735468163e-03 5.724760859427182e-03 5.725346983386202e-03 5.725933107345220e-03 5.726519231304240e-03 5.727105355263259e-03 5.727691479222279e-03 5.728277603181298e-03 5.728863727140317e-03 5.729449851099336e-03 5.730035975058356e-03 5.730622099017374e-03 5.731208222976394e-03 5.731794346935413e-03 5.732380470894433e-03 5.732966594853452e-03 5.733552718812472e-03 5.734138842771490e-03 5.734724966730510e-03 5.735311090689529e-03 5.735897214648548e-03 5.736483338607567e-03 5.737069462566587e-03 5.737655586525606e-03 5.738241710484626e-03 5.738827834443645e-03 5.739413958402664e-03 5.740000082361683e-03 5.740586206320702e-03 5.741172330279721e-03 5.741758454238741e-03 5.742344578197760e-03 5.742930702156780e-03 5.743516826115799e-03 5.744102950074818e-03 5.744689074033837e-03 5.745275197992857e-03 5.745861321951875e-03 5.746447445910895e-03 5.747033569869914e-03 5.747619693828934e-03 5.748205817787953e-03 5.748791941746973e-03 5.749378065705991e-03 5.749964189665011e-03 5.750550313624030e-03 5.751136437583049e-03 5.751722561542068e-03 5.752308685501088e-03 5.752894809460107e-03 5.753480933419127e-03 5.754067057378145e-03 5.754653181337165e-03 5.755239305296184e-03 5.755825429255203e-03 5.756411553214222e-03 5.756997677173242e-03 5.757583801132261e-03 5.758169925091282e-03 5.758756049050301e-03 5.759342173009321e-03 5.759928296968341e-03 5.760514420927360e-03 5.761100544886380e-03 5.761686668845399e-03 5.762272792804419e-03 5.762858916763439e-03 5.763445040722458e-03 5.764031164681478e-03 5.764617288640497e-03 5.765203412599517e-03 5.765789536558537e-03 5.766375660517556e-03 5.766961784476576e-03 5.767547908435596e-03 5.768134032394616e-03 5.768720156353636e-03 5.769306280312655e-03 5.769892404271675e-03 5.770478528230694e-03 5.771064652189714e-03 5.771650776148734e-03 5.772236900107753e-03 5.772823024066773e-03 5.773409148025792e-03 5.773995271984812e-03 5.774581395943832e-03 5.775167519902851e-03 5.775753643861871e-03 5.776339767820890e-03 5.776925891779911e-03 5.777512015738930e-03 5.778098139697950e-03 5.778684263656970e-03 5.779270387615989e-03 5.779856511575009e-03 5.780442635534028e-03 5.781028759493048e-03 5.781614883452068e-03 5.782201007411087e-03 5.782787131370107e-03 5.783373255329126e-03 5.783959379288146e-03 5.784545503247166e-03 5.785131627206185e-03 5.785717751165205e-03 5.786303875124225e-03 5.786889999083245e-03 5.787476123042264e-03 5.788062247001284e-03 5.788648370960304e-03 5.789234494919323e-03 5.789820618878343e-03 5.790406742837362e-03 5.790992866796382e-03 5.791578990755402e-03 5.792165114714421e-03 5.792751238673441e-03 5.793337362632460e-03 5.793923486591480e-03 5.794509610550500e-03 5.795095734509519e-03 5.795681858468540e-03 5.796267982427559e-03 5.796854106386579e-03 5.797440230345599e-03 5.798026354304618e-03 5.798612478263638e-03 5.799198602222657e-03 5.799784726181677e-03 5.800370850140697e-03 5.800956974099716e-03 5.801543098058736e-03 5.802129222017755e-03 5.802715345976775e-03 5.803301469935795e-03 5.803887593894814e-03 5.804473717853835e-03 5.805059841812854e-03 5.805645965771874e-03 5.806232089730893e-03 5.806818213689913e-03 5.807404337648933e-03 5.807990461607952e-03 5.808576585566972e-03 5.809162709525991e-03 5.809748833485011e-03 5.810334957444031e-03 5.810921081403050e-03 5.811507205362070e-03 5.812093329321089e-03 5.812679453280109e-03 5.813265577239129e-03 5.813851701198149e-03 5.814437825157169e-03 5.815023949116188e-03 5.815610073075208e-03 5.816196197034228e-03 5.816782320993247e-03 5.817368444952267e-03 5.817954568911286e-03 5.818540692870306e-03 5.819126816829326e-03 5.819712940788345e-03 5.820299064747365e-03 5.820885188706384e-03 5.821471312665404e-03 5.822057436624424e-03 5.822643560583443e-03 5.823229684542464e-03 5.823815808501483e-03 5.824401932460503e-03 5.824988056419522e-03 5.825574180378542e-03 5.826160304337562e-03 5.826746428296581e-03 5.827332552255601e-03 5.827918676214620e-03 5.828504800173640e-03 5.829090924132660e-03 5.829677048091679e-03 5.830263172050699e-03 5.830849296009718e-03 5.831435419968738e-03 5.832021543927758e-03 5.832607667886778e-03 5.833193791845798e-03 5.833779915804817e-03 5.834366039763837e-03 5.834952163722856e-03 5.835538287681876e-03 5.836124411640896e-03 5.836710535599915e-03 5.837296659558935e-03 5.837882783517954e-03 5.838468907476974e-03 5.839055031435994e-03 5.839641155395013e-03 5.840227279354033e-03 5.840813403313052e-03 5.841399527272073e-03 5.841985651231093e-03 5.842571775190112e-03 5.843157899149132e-03 5.843744023108151e-03 5.844330147067171e-03 5.844916271026191e-03 5.845502394985210e-03 5.846088518944230e-03 5.846674642903249e-03 5.847260766862269e-03 5.847846890821289e-03 5.848433014780308e-03 5.849019138739328e-03 5.849605262698347e-03 5.850191386657367e-03 5.850777510616387e-03 5.851363634575407e-03 5.851949758534427e-03 5.852535882493446e-03 5.853122006452466e-03 5.853708130411485e-03 5.854294254370505e-03 5.854880378329525e-03 5.855466502288544e-03 5.856052626247564e-03 5.856638750206583e-03 5.857224874165603e-03 5.857810998124623e-03 5.858397122083642e-03 5.858983246042662e-03 5.859569370001681e-03 5.860155493960702e-03 5.860741617919722e-03 5.861327741878741e-03 5.861913865837761e-03 5.862499989796780e-03 5.863086113755800e-03 5.863672237714820e-03 5.864258361673839e-03 5.864844485632859e-03 5.865430609591878e-03 5.866016733550898e-03 5.866602857509918e-03 5.867188981468937e-03 5.867775105427957e-03 5.868361229386976e-03 5.868947353345996e-03 5.869533477305016e-03 5.870119601264036e-03 5.870705725223056e-03 5.871291849182075e-03 5.871877973141095e-03 5.872464097100114e-03 5.873050221059134e-03 5.873636345018154e-03 5.874222468977173e-03 5.874808592936193e-03 5.875394716895212e-03 5.875980840854232e-03 5.876566964813252e-03 5.877153088772271e-03 5.877739212731291e-03 5.878325336690310e-03 5.878911460649331e-03 5.879497584608350e-03 5.880083708567370e-03 5.880669832526390e-03 5.881255956485409e-03 5.881842080444429e-03 5.882428204403448e-03 5.883014328362468e-03 5.883600452321488e-03 5.884186576280507e-03 5.884772700239527e-03 5.885358824198546e-03 5.885944948157566e-03 5.886531072116586e-03 5.887117196075605e-03 5.887703320034626e-03 5.888289443993645e-03 5.888875567952665e-03 5.889461691911685e-03 5.890047815870704e-03 5.890633939829724e-03 5.891220063788743e-03 5.891806187747763e-03 5.892392311706783e-03 5.892978435665802e-03 5.893564559624822e-03 5.894150683583841e-03 5.894736807542861e-03 5.895322931501881e-03 5.895909055460900e-03 5.896495179419920e-03 5.897081303378940e-03 5.897667427337960e-03 5.898253551296979e-03 5.898839675255999e-03 5.899425799215019e-03 5.900011923174038e-03 5.900598047133058e-03 5.901184171092077e-03 5.901770295051097e-03 5.902356419010117e-03 5.902942542969136e-03 5.903528666928156e-03 5.904114790887175e-03 5.904700914846195e-03 5.905287038805215e-03 5.905873162764234e-03 5.906459286723255e-03 5.907045410682274e-03 5.907631534641294e-03 5.908217658600314e-03 5.908803782559333e-03 5.909389906518353e-03 5.909976030477372e-03 5.910562154436392e-03 5.911148278395412e-03 5.911734402354431e-03 5.912320526313451e-03 5.912906650272470e-03 5.913492774231490e-03 5.914078898190510e-03 5.914665022149529e-03 5.915251146108549e-03 5.915837270067569e-03 5.916423394026589e-03 5.917009517985608e-03 5.917595641944628e-03 5.918181765903648e-03 5.918767889862667e-03 5.919354013821687e-03 5.919940137780706e-03 5.920526261739726e-03 5.921112385698746e-03 5.921698509657765e-03 5.922284633616785e-03 5.922870757575804e-03 5.923456881534824e-03 5.924043005493844e-03 5.924629129452863e-03 5.925215253411884e-03 5.925801377370903e-03 5.926387501329923e-03 5.926973625288942e-03 5.927559749247962e-03 5.928145873206982e-03 5.928731997166001e-03 5.929318121125021e-03 5.929904245084040e-03 5.930490369043060e-03 5.931076493002080e-03 5.931662616961099e-03 5.932248740920119e-03 5.932834864879138e-03 5.933420988838158e-03 5.934007112797179e-03 5.934593236756198e-03 5.935179360715218e-03 5.935765484674237e-03 5.936351608633257e-03 5.936937732592277e-03 5.937523856551296e-03 5.938109980510316e-03 5.938696104469335e-03 5.939282228428355e-03 5.939868352387375e-03 5.940454476346394e-03 5.941040600305414e-03 5.941626724264433e-03 5.942212848223453e-03 5.942798972182473e-03 5.943385096141493e-03 5.943971220100513e-03 5.944557344059532e-03 5.945143468018552e-03 5.945729591977571e-03 5.946315715936591e-03 5.946901839895611e-03 5.947487963854630e-03 5.948074087813650e-03 5.948660211772669e-03 5.949246335731689e-03 5.949832459690709e-03 5.950418583649728e-03 5.951004707608748e-03 5.951590831567767e-03 5.952176955526787e-03 5.952763079485807e-03 5.953349203444827e-03 5.953935327403847e-03 5.954521451362866e-03 5.955107575321886e-03 5.955693699280906e-03 5.956279823239925e-03 5.956865947198945e-03 5.957452071157964e-03 5.958038195116984e-03 5.958624319076004e-03 5.959210443035023e-03 5.959796566994043e-03 5.960382690953062e-03 5.960968814912082e-03 5.961554938871102e-03 5.962141062830122e-03 5.962727186789142e-03 5.963313310748161e-03 5.963899434707181e-03 5.964485558666200e-03 5.965071682625220e-03 5.965657806584240e-03 5.966243930543259e-03 5.966830054502279e-03 5.967416178461298e-03 5.968002302420318e-03 5.968588426379338e-03 5.969174550338357e-03 5.969760674297377e-03 5.970346798256396e-03 5.970932922215416e-03 5.971519046174436e-03 5.972105170133456e-03 5.972691294092476e-03 5.973277418051495e-03 5.973863542010515e-03 5.974449665969534e-03 5.975035789928554e-03 5.975621913887574e-03 5.976208037846593e-03 5.976794161805613e-03 5.977380285764632e-03 5.977966409723652e-03 5.978552533682672e-03 5.979138657641691e-03 5.979724781600711e-03 5.980310905559731e-03 5.980897029518751e-03 5.981483153477771e-03 5.982069277436790e-03 5.982655401395810e-03 5.983241525354829e-03 5.983827649313849e-03 5.984413773272869e-03 5.984999897231888e-03 5.985586021190908e-03 5.986172145149927e-03 5.986758269108947e-03 5.987344393067967e-03 5.987930517026986e-03 5.988516640986006e-03 5.989102764945025e-03 5.989688888904046e-03 5.990275012863065e-03 5.990861136822085e-03 5.991447260781105e-03 5.992033384740124e-03 5.992619508699144e-03 5.993205632658163e-03 5.993791756617183e-03 5.994377880576203e-03 5.994964004535222e-03 5.995550128494242e-03 5.996136252453261e-03 5.996722376412281e-03 5.997308500371301e-03 5.997894624330320e-03 5.998480748289340e-03 5.999066872248360e-03 5.999652996207380e-03 6.000239120166399e-03 6.000825244125419e-03 6.001411368084439e-03 6.001997492043458e-03 6.002583616002478e-03 6.003169739961497e-03 6.003755863920517e-03 6.004341987879537e-03 6.004928111838556e-03 6.005514235797576e-03 6.006100359756596e-03 6.006686483715615e-03 6.007272607674635e-03 6.007858731633654e-03 6.008444855592675e-03 6.009030979551694e-03 6.009617103510714e-03 6.010203227469734e-03 6.010789351428753e-03 6.011375475387773e-03 6.011961599346792e-03 6.012547723305812e-03 6.013133847264832e-03 6.013719971223851e-03 6.014306095182871e-03 6.014892219141890e-03 6.015478343100910e-03 6.016064467059930e-03 6.016650591018949e-03 6.017236714977970e-03 6.017822838936989e-03 6.018408962896009e-03 6.018995086855028e-03 6.019581210814048e-03 6.020167334773068e-03 6.020753458732087e-03 6.021339582691107e-03 6.021925706650126e-03 6.022511830609146e-03 6.023097954568166e-03 6.023684078527185e-03 6.024270202486205e-03 6.024856326445224e-03 6.025442450404244e-03 6.026028574363264e-03 6.026614698322284e-03 6.027200822281304e-03 6.027786946240323e-03 6.028373070199343e-03 6.028959194158363e-03 6.029545318117382e-03 6.030131442076402e-03 6.030717566035421e-03 6.031303689994441e-03 6.031889813953461e-03 6.032475937912480e-03 6.033062061871500e-03 6.033648185830519e-03 6.034234309789539e-03 6.034820433748559e-03 6.035406557707578e-03 6.035992681666599e-03 6.036578805625618e-03 6.037164929584638e-03 6.037751053543657e-03 6.038337177502677e-03 6.038923301461697e-03 6.039509425420716e-03 6.040095549379736e-03 6.040681673338755e-03 6.041267797297775e-03 6.041853921256795e-03 6.042440045215814e-03</slantRangeTime>
        <elevationAngle count="676">3.240441e+01 3.241244e+01 3.242047e+01 3.242849e+01 3.243651e+01 3.244452e+01 3.245254e+01 3.246054e+01 3.246855e+01 3.247655e+01 3.248455e+01 3.249254e+01 3.250053e+01 3.250852e+01 3.251650e+01 3.252448e+01 3.253246e+01 3.254043e+01 3.254840e+01 3.255637e+01 3.256433e+01 3.257229e+01 3.258024e+01 3.258820e+01 3.259614e+01 3.260409e+01 3.261203e+01 3.261997e+01 3.262790e+01 3.263583e+01 3.264376e+01 3.265168e+01 3.265960e+01 3.266752e+01 3.267543e+01 3.268334e+01 3.269125e+01 3.269915e+01 3.270705e+01 3.271495e+01 3.272284e+01 3.273073e+01 3.273862e+01 3.274650e+01 3.275438e+01 3.276225e+01 3.277012e+01 3.277799e+01 3.278586e+01 3.279372e+01 3.280157e+01 3.280943e+01 3.281728e+01 3.282513e+01 3.283297e+01 3.284082e+01 3.284865e+01 3.285649e+01 3.286432e+01 3.287215e+01 3.287997e+01 3.288779e+01 3.289561e+01 3.290342e+01 3.291123e+01 3.291904e+01 3.292684e+01 3.293464e+01 3.294244e+01 3.295023e+01 3.295802e+01 3.296581e+01 3.297359e+01 3.298137e+01 3.298915e+01 3.299692e+01 3.300469e+01 3.301246e+01 3.302022e+01 3.302798e+01 3.303574e+01 3.304349e+01 3.305124e+01 3.305899e+01 3.306673e+01 3.307447e+01 3.308221e+01 3.308994e+01 3.309767e+01 3.310540e+01 3.311312e+01 3.312084e+01 3.312856e+01 3.313627e+01 3.314398e+01 3.315169e+01 3.315939e+01 3.316709e+01 3.317479e+01 3.318248e+01 3.319017e+01 3.319786e+01 3.320554e+01 3.321322e+01 3.322090e+01 3.322857e+01 3.323624e+01 3.324391e+01 3.325158e+01 3.325924e+01 3.326690e+01 3.327455e+01 3.328220e+01 3.328985e+01 3.329749e+01 3.330513e+01 3.331277e+01 3.332040e+01 3.332804e+01 3.333567e+01 3.334329e+01 3.335091e+01 3.335853e+01 3.336615e+01 3.337376e+01 3.338137e+01 3.338897e+01 3.339658e+01 3.340417e+01 3.341177e+01 3.341936e+01 3.342695e+01 3.343454e+01 3.344212e+01 3.344970e+01 3.345728e+01 3.346485e+01 3.347242e+01 3.347999e+01 3.348755e+01 3.349511e+01 3.350267e+01 3.351023e+01 3.351778e+01 3.352533e+01 3.353287e+01 3.354041e+01 3.354795e+01 3.355548e+01 3.356302e+01 3.357055e+01 3.357807e+01 3.358559e+01 3.359311e+01 3.360063e+01 3.360814e+01 3.361565e+01 3.362316e+01 3.363066e+01 3.363816e+01 3.364566e+01 3.365316e+01 3.366065e+01 3.366814e+01 3.367562e+01 3.368311e+01 3.369058e+01 3.369806e+01 3.370553e+01 3.371300e+01 3.372047e+01 3.372793e+01 3.373539e+01 3.374285e+01 3.375030e+01 3.375775e+01 3.376520e+01 3.377264e+01 3.378009e+01 3.378753e+01 3.379496e+01 3.380239e+01 3.380982e+01 3.381725e+01 3.382467e+01 3.383209e+01 3.383951e+01 3.384692e+01 3.385433e+01 3.386174e+01 3.386914e+01 3.387655e+01 3.388395e+01 3.389134e+01 3.389874e+01 3.390612e+01 3.391351e+01 3.392089e+01 3.392827e+01 3.393565e+01 3.394302e+01 3.395040e+01 3.395776e+01 3.396513e+01 3.397249e+01 3.397985e+01 3.398721e+01 3.399456e+01 3.400191e+01 3.400925e+01 3.401660e+01 3.402394e+01 3.403128e+01 3.403861e+01 3.404594e+01 3.405328e+01 3.406060e+01 3.406792e+01 3.407524e+01 3.408256e+01 3.408987e+01 3.409718e+01 3.410449e+01 3.411180e+01 3.411910e+01 3.412640e+01 3.413369e+01 3.414099e+01 3.414828e+01 3.415556e+01 3.416285e+01 3.417013e+01 3.417741e+01 3.418468e+01 3.419196e+01 3.419923e+01 3.420649e+01 3.421375e+01 3.422102e+01 3.422827e+01 3.423553e+01 3.424278e+01 3.425003e+01 3.425727e+01 3.426451e+01 3.427176e+01 3.427899e+01 3.428622e+01 3.429346e+01 3.430069e+01 3.430791e+01 3.431513e+01 3.432235e+01 3.432957e+01 3.433678e+01 3.434399e+01 3.435120e+01 3.435841e+01 3.436561e+01 3.437281e+01 3.438000e+01 3.438720e+01 3.439439e+01 3.440157e+01 3.440876e+01 3.441594e+01 3.442312e+01 3.443029e+01 3.443747e+01 3.444464e+01 3.445181e+01 3.445897e+01 3.446613e+01 3.447329e+01 3.448044e+01 3.448760e+01 3.449475e+01 3.450189e+01 3.450904e+01 3.451618e+01 3.452332e+01 3.453045e+01 3.453759e+01 3.454472e+01 3.455184e+01 3.455897e+01 3.456609e+01 3.457321e+01 3.458032e+01 3.458744e+01 3.459455e+01 3.460165e+01 3.460876e+01 3.461586e+01 3.462296e+01 3.463005e+01 3.463715e+01 3.464424e+01 3.465133e+01 3.465841e+01 3.466549e+01 3.467257e+01 3.467965e+01 3.468672e+01 3.469379e+01 3.470086e+01 3.470792e+01 3.471498e+01 3.472204e+01 3.472910e+01 3.473615e+01 3.474321e+01 3.475025e+01 3.475730e+01 3.476434e+01 3.477138e+01 3.477842e+01 3.478545e+01 3.479248e+01 3.479951e+01 3.480654e+01 3.481356e+01 3.482058e+01 3.482760e+01 3.483461e+01 3.484163e+01 3.484863e+01 3.485564e+01 3.486264e+01 3.486964e+01 3.487664e+01 3.488364e+01 3.489063e+01 3.489762e+01 3.490461e+01 3.491159e+01 3.491858e+01 3.492556e+01 3.493253e+01 3.493950e+01 3.494648e+01 3.495344e+01 3.496041e+01 3.496737e+01 3.497433e+01 3.498129e+01 3.498824e+01 3.499519e+01 3.500214e+01 3.500909e+01 3.501603e+01 3.502297e+01 3.502991e+01 3.503685e+01 3.504378e+01 3.505071e+01 3.505764e+01 3.506456e+01 3.507148e+01 3.507840e+01 3.508532e+01 3.509223e+01 3.509914e+01 3.510605e+01 3.511296e+01 3.511986e+01 3.512676e+01 3.513366e+01 3.514056e+01 3.514745e+01 3.515434e+01 3.516122e+01 3.516811e+01 3.517499e+01 3.518187e+01 3.518874e+01 3.519562e+01 3.520249e+01 3.520936e+01 3.521622e+01 3.522309e+01 3.522995e+01 3.523680e+01 3.524366e+01 3.525051e+01 3.525736e+01 3.526421e+01 3.527105e+01 3.527789e+01 3.528473e+01 3.529157e+01 3.529840e+01 3.530524e+01 3.531207e+01 3.531889e+01 3.532571e+01 3.533253e+01 3.533935e+01 3.534617e+01 3.535298e+01 3.535979e+01 3.536660e+01 3.537340e+01 3.538021e+01 3.538700e+01 3.539380e+01 3.540060e+01 3.540739e+01 3.541418e+01 3.542097e+01 3.542775e+01 3.543453e+01 3.544131e+01 3.544809e+01 3.545486e+01 3.546163e+01 3.546840e+01 3.547517e+01 3.548193e+01 3.548869e+01 3.549545e+01 3.550220e+01 3.550896e+01 3.551571e+01 3.552246e+01 3.552920e+01 3.553594e+01 3.554268e+01 3.554942e+01 3.555616e+01 3.556289e+01 3.556962e+01 3.557635e+01 3.558307e+01 3.558979e+01 3.559651e+01 3.560323e+01 3.560994e+01 3.561666e+01 3.562337e+01 3.563007e+01 3.563678e+01 3.564348e+01 3.565018e+01 3.565688e+01 3.566357e+01 3.567026e+01 3.567695e+01 3.568364e+01 3.569032e+01 3.569700e+01 3.570368e+01 3.571036e+01 3.571703e+01 3.572371e+01 3.573037e+01 3.573704e+01 3.574370e+01 3.575036e+01 3.575702e+01 3.576368e+01 3.577033e+01 3.577699e+01 3.578363e+01 3.579028e+01 3.579692e+01 3.580357e+01 3.581020e+01 3.581684e+01 3.582347e+01 3.583010e+01 3.583673e+01 3.584336e+01 3.584998e+01 3.585661e+01 3.586322e+01 3.586984e+01 3.587645e+01 3.588306e+01 3.588968e+01 3.589628e+01 3.590289e+01 3.590949e+01 3.591608e+01 3.592268e+01 3.592928e+01 3.593587e+01 3.594246e+01 3.594904e+01 3.595563e+01 3.596221e+01 3.596879e+01 3.597536e+01 3.598194e+01 3.598851e+01 3.599508e+01 3.600165e+01 3.600821e+01 3.601477e+01 3.602134e+01 3.602789e+01 3.603445e+01 3.604100e+01 3.604755e+01 3.605410e+01 3.606064e+01 3.606718e+01 3.607373e+01 3.608027e+01 3.608680e+01 3.609333e+01 3.609986e+01 3.610639e+01 3.611292e+01 3.611944e+01 3.612596e+01 3.613248e+01 3.613899e+01 3.614551e+01 3.615202e+01 3.615853e+01 3.616504e+01 3.617154e+01 3.617804e+01 3.618454e+01 3.619104e+01 3.619753e+01 3.620402e+01 3.621051e+01 3.621700e+01 3.622348e+01 3.622997e+01 3.623644e+01 3.624292e+01 3.624940e+01 3.625587e+01 3.626234e+01 3.626881e+01 3.627527e+01 3.628174e+01 3.628820e+01 3.629465e+01 3.630111e+01 3.630757e+01 3.631402e+01 3.632047e+01 3.632691e+01 3.633335e+01 3.633980e+01 3.634624e+01 3.635268e+01 3.635911e+01 3.636554e+01 3.637197e+01 3.637840e+01 3.638483e+01 3.639125e+01 3.639767e+01 3.640409e+01 3.641050e+01 3.641692e+01 3.642333e+01 3.642974e+01 3.643614e+01 3.644255e+01 3.644895e+01 3.645535e+01 3.646175e+01 3.646814e+01 3.647453e+01 3.648092e+01 3.648731e+01 3.649370e+01 3.650008e+01 3.650646e+01 3.651284e+01 3.651921e+01 3.652559e+01 3.653196e+01 3.653833e+01 3.654470e+01 3.655106e+01 3.655742e+01 3.656378e+01 3.657014e+01 3.657650e+01 3.658285e+01 3.658920e+01 3.659555e+01 3.660189e+01 3.660824e+01 3.661458e+01 3.662092e+01 3.662725e+01 3.663359e+01 3.663992e+01 3.664625e+01 3.665258e+01 3.665891e+01 3.666523e+01 3.667155e+01 3.667787e+01 3.668419e+01 3.669050e+01 3.669681e+01 3.670312e+01 3.670943e+01 3.671573e+01 3.672203e+01 3.672834e+01 3.673463e+01 3.674093e+01 3.674722e+01 3.675351e+01 3.675980e+01 3.676609e+01 3.677237e+01 3.677866e+01 3.678493e+01 3.679121e+01 3.679749e+01 3.680376e+01 3.681004e+01 3.681630e+01 3.682257e+01 3.682883e+01 3.683509e+01 3.684135e+01 3.684761e+01 3.685387e+01 3.686012e+01 3.686637e+01 3.687262e+01 3.687886e+01 3.688511e+01 3.689135e+01 3.689759e+01 3.690383e+01 3.691006e+01 3.691630e+01 3.692253e+01 3.692876e+01 3.693498e+01 3.694120e+01 3.694743e+01 3.695365e+01 3.695986e+01 3.696608e+01 3.697229e+01 3.697850e+01 3.698471e+01 3.699092e+01 3.699712e+01 3.700332e+01 3.700952e+01 3.701572e+01 3.702192e+01 3.702811e+01 3.703430e+01 3.704049e+01 3.704667e+01 3.705286e+01 3.705904e+01 3.706522e+01 3.707140e+01 3.707757e+01 3.708374e+01 3.708992e+01 3.709608e+01 3.710225e+01 3.710841e+01 3.711458e+01 3.712074e+01 3.712690e+01 3.713305e+01 3.713920e+01</elevationAngle>
        <elevationPattern count="676">-3.068243e+13 2.735141e+14 -3.075952e+13 2.752807e+14 -3.083657e+13 2.770464e+14 -3.091358e+13 2.788113e+14 -3.099057e+13 2.805755e+14 -3.106752e+13 2.823389e+14 -3.114305e+13 2.841006e+14 -3.119590e+13 2.858463e+14 -3.124872e+13 2.875913e+14 -3.130154e+13 2.893356e+14 -3.135431e+13 2.910790e+14 -3.140708e+13 2.928218e+14 -3.145982e+13 2.945638e+14 -3.149062e+13 2.963178e+14 -3.151618e+13 2.980742e+14 -3.154170e+13 2.998297e+14 -3.156723e+13 3.015845e+14 -3.159275e+13 3.033386e+14 -3.161826e+13 3.050919e+14 -3.162743e+13 3.068443e+14 -3.162264e+13 3.085960e+14 -3.161787e+13 3.103469e+14 -3.161310e+13 3.120971e+14 -3.160832e+13 3.138464e+14 -3.160356e+13 3.155951e+14 -3.159113e+13 3.173388e+14 -3.155621e+13 3.190701e+14 -3.152127e+13 3.208005e+14 -3.148636e+13 3.225301e+14 -3.145147e+13 3.242590e+14 -3.141658e+13 3.259872e+14 -3.138172e+13 3.277146e+14 -3.131525e+13 3.294412e+14 -3.124717e+13 3.311671e+14 -3.117912e+13 3.328923e+14 -3.111109e+13 3.346166e+14 -3.104310e+13 3.363402e+14 -3.097513e+13 3.380630e+14 -3.088629e+13 3.397852e+14 -3.078522e+13 3.415064e+14 -3.068419e+13 3.432270e+14 -3.058321e+13 3.449467e+14 -3.048227e+13 3.466659e+14 -3.038139e+13 3.483842e+14 -3.026949e+13 3.500972e+14 -3.013089e+13 3.517982e+14 -2.999234e+13 3.534986e+14 -2.985386e+13 3.551982e+14 -2.971543e+13 3.568969e+14 -2.957707e+13 3.585950e+14 -2.943877e+13 3.602925e+14 -2.926521e+13 3.619743e+14 -2.908934e+13 3.636544e+14 -2.891356e+13 3.653340e+14 -2.873783e+13 3.670126e+14 -2.856220e+13 3.686907e+14 -2.838663e+13 3.703678e+14 -2.818908e+13 3.720355e+14 -2.797452e+13 3.736956e+14 -2.776006e+13 3.753552e+14 -2.754567e+13 3.770138e+14 -2.733139e+13 3.786717e+14 -2.711719e+13 3.803290e+14 -2.689636e+13 3.819801e+14 -2.664331e+13 3.836046e+14 -2.639036e+13 3.852286e+14 -2.613753e+13 3.868518e+14 -2.588480e+13 3.884742e+14 -2.563217e+13 3.900959e+14 -2.537967e+13 3.917170e+14 -2.509514e+13 3.933254e+14 -2.480080e+13 3.949296e+14 -2.450659e+13 3.965328e+14 -2.421250e+13 3.981355e+14 -2.391855e+13 3.997376e+14 -2.362472e+13 4.013387e+14 -2.331635e+13 4.029342e+14 -2.297929e+13 4.045187e+14 -2.264235e+13 4.061022e+14 -2.230557e+13 4.076853e+14 -2.196894e+13 4.092677e+14 -2.163245e+13 4.108492e+14 -2.129611e+13 4.124303e+14 -2.092257e+13 4.139691e+14 -2.054471e+13 4.155023e+14 -2.016700e+13 4.170347e+14 -1.978945e+13 4.185666e+14 -1.941207e+13 4.200977e+14 -1.903485e+13 4.216283e+14 -1.863852e+13 4.231516e+14 -1.821683e+13 4.246653e+14 -1.779532e+13 4.261783e+14 -1.737399e+13 4.276907e+14 -1.695284e+13 4.292027e+14 -1.653188e+13 4.307137e+14 -1.611109e+13 4.322243e+14 -1.564805e+13 4.337050e+14 -1.518296e+13 4.351833e+14 -1.471807e+13 4.366610e+14 -1.425338e+13 4.381382e+14 -1.378889e+13 4.396146e+14 -1.332460e+13 4.410907e+14 -1.284116e+13 4.425521e+14 -1.233441e+13 4.439960e+14 -1.182787e+13 4.454393e+14 -1.132155e+13 4.468819e+14 -1.081545e+13 4.483241e+14 -1.030957e+13 4.497656e+14 -9.803891e+12 4.512061e+14 -9.256041e+12 4.526179e+14 -8.705469e+12 4.540269e+14 -8.155129e+12 4.554351e+14 -7.605026e+12 4.568429e+14 -7.055158e+12 4.582501e+14 -6.505524e+12 4.596567e+14 -5.938260e+12 4.610442e+14 -5.344488e+12 4.624039e+14 -4.750967e+12 4.637629e+14 -4.157698e+12 4.651212e+14 -3.564681e+12 4.664791e+14 -2.971916e+12 4.678363e+14 -2.379401e+12 4.691930e+14 -1.750211e+12 4.705231e+14 -1.114641e+12 4.718483e+14 -4.793390e+11 4.731728e+14 1.556938e+11 4.744968e+14 7.904577e+11 4.758202e+14 1.424953e+12 4.771430e+14 2.071311e+12 4.784525e+14 2.749175e+12 4.797288e+14 3.426751e+12 4.810044e+14 4.104041e+12 4.822794e+14 4.781045e+12 4.835538e+14 5.457763e+12 4.848279e+14 6.134196e+12 4.861013e+14 6.839688e+12 4.873533e+14 7.558267e+12 4.885955e+14 8.276538e+12 4.898369e+14 8.994511e+12 4.910780e+14 9.712178e+12 4.923184e+14 1.042954e+13 4.935585e+14 1.114990e+13 4.947942e+14 1.190836e+13 4.959878e+14 1.266651e+13 4.971809e+14 1.342433e+13 4.983735e+14 1.418184e+13 4.995656e+14 1.493903e+13 5.007573e+14 1.569590e+13 5.019483e+14 1.647155e+13 5.031254e+14 1.726996e+13 5.042851e+14 1.806805e+13 5.054448e+14 1.886579e+13 5.066037e+14 1.966319e+13 5.077621e+14 2.046028e+13 5.089202e+14 2.125702e+13 5.100777e+14 2.208499e+13 5.111983e+14 2.292012e+13 5.123098e+14 2.375490e+13 5.134209e+14 2.458933e+13 5.145315e+14 2.542341e+13 5.156416e+14 2.625714e+13 5.167512e+14 2.709594e+13 5.178517e+14 2.796643e+13 5.189005e+14 2.883655e+13 5.199487e+14 2.970632e+13 5.209967e+14 3.057574e+13 5.220444e+14 3.144477e+13 5.230912e+14 3.231344e+13 5.241378e+14 3.319974e+13 5.251702e+14 3.410654e+13 5.261861e+14 3.501296e+13 5.272015e+14 3.591899e+13 5.282165e+14 3.682466e+13 5.292311e+14 3.772995e+13 5.302452e+14 3.863485e+13 5.312590e+14 3.956550e+13 5.322382e+14 4.050394e+13 5.332066e+14 4.144195e+13 5.341741e+14 4.237960e+13 5.351417e+14 4.331685e+13 5.361087e+14 4.425371e+13 5.370752e+14 4.519152e+13 5.380396e+14 4.615880e+13 5.389608e+14 4.712569e+13 5.398816e+14 4.809215e+13 5.408018e+14 4.905825e+13 5.417222e+14 5.002394e+13 5.426418e+14 5.098922e+13 5.435611e+14 5.196450e+13 5.444621e+14 5.296305e+13 5.453212e+14 5.396120e+13 5.461802e+14 5.495895e+13 5.470388e+14 5.595626e+13 5.478970e+14 5.695318e+13 5.487550e+14 5.794969e+13 5.496125e+14 5.896113e+13 5.504532e+14 5.998491e+13 5.512808e+14 6.100820e+13 5.521074e+14 6.203114e+13 5.529342e+14 6.305361e+13 5.537605e+14 6.407569e+13 5.545865e+14 6.509732e+13 5.554120e+14 6.613790e+13 5.561918e+14 6.718372e+13 5.569577e+14 6.822916e+13 5.577235e+14 6.927412e+13 5.584887e+14 7.031867e+13 5.592536e+14 7.136278e+13 5.600183e+14 7.240646e+13 5.607827e+14 7.347561e+13 5.615181e+14 7.454487e+13 5.622526e+14 7.561370e+13 5.629867e+14 7.668213e+13 5.637205e+14 7.775005e+13 5.644538e+14 7.881760e+13 5.651872e+14 7.988754e+13 5.659103e+14 8.097178e+13 5.665844e+14 8.205559e+13 5.672582e+14 8.313888e+13 5.679313e+14 8.422183e+13 5.686047e+14 8.530430e+13 5.692777e+14 8.638627e+13 5.699500e+14 8.747171e+13 5.706079e+14 8.856455e+13 5.712362e+14 8.965692e+13 5.718642e+14 9.074883e+13 5.724918e+14 9.184030e+13 5.731192e+14 9.293137e+13 5.737466e+14 9.402195e+13 5.743734e+14 9.512118e+13 5.749792e+14 9.622982e+13 5.755621e+14 9.733798e+13 5.761444e+14 9.844574e+13 5.767267e+14 9.955302e+13 5.773087e+14 1.006598e+14 5.778905e+14 1.017663e+14 5.784721e+14 1.028713e+14 5.790268e+14 1.039753e+14 5.795644e+14 1.050789e+14 5.801015e+14 1.061820e+14 5.806385e+14 1.072848e+14 5.811754e+14 1.083870e+14 5.817119e+14 1.094888e+14 5.822484e+14 1.106109e+14 5.827534e+14 1.117408e+14 5.832459e+14 1.128702e+14 5.837383e+14 1.139992e+14 5.842305e+14 1.151276e+14 5.847221e+14 1.162557e+14 5.852141e+14 1.173833e+14 5.857056e+14 1.185104e+14 5.861502e+14 1.196371e+14 5.865835e+14 1.207633e+14 5.870166e+14 1.218891e+14 5.874496e+14 1.230144e+14 5.878826e+14 1.241393e+14 5.883152e+14 1.252636e+14 5.887475e+14 1.263876e+14 5.891293e+14 1.275111e+14 5.895039e+14 1.286342e+14 5.898781e+14 1.297567e+14 5.902521e+14 1.308789e+14 5.906263e+14 1.320006e+14 5.910002e+14 1.331218e+14 5.913740e+14 1.342426e+14 5.917209e+14 1.353629e+14 5.920656e+14 1.364828e+14 5.924102e+14 1.376022e+14 5.927546e+14 1.387212e+14 5.930989e+14 1.398397e+14 5.934430e+14 1.409578e+14 5.937871e+14 1.420892e+14 5.940620e+14 1.432207e+14 5.943342e+14 1.443518e+14 5.946063e+14 1.454824e+14 5.948780e+14 1.466126e+14 5.951499e+14 1.477422e+14 5.954217e+14 1.488715e+14 5.956932e+14 1.499863e+14 5.959228e+14 1.511004e+14 5.961514e+14 1.522140e+14 5.963800e+14 1.533271e+14 5.966081e+14 1.544398e+14 5.968364e+14 1.555521e+14 5.970645e+14 1.566639e+14 5.972925e+14 1.577615e+14 5.974792e+14 1.588582e+14 5.976642e+14 1.599545e+14 5.978494e+14 1.610503e+14 5.980343e+14 1.621457e+14 5.982195e+14 1.632406e+14 5.984042e+14 1.643351e+14 5.985891e+14 1.654292e+14 5.987203e+14 1.665228e+14 5.988480e+14 1.676160e+14 5.989757e+14 1.687088e+14 5.991036e+14 1.698011e+14 5.992312e+14 1.708930e+14 5.993589e+14 1.719844e+14 5.994864e+14 1.730628e+14 5.995633e+14 1.741393e+14 5.996343e+14 1.752152e+14 5.997049e+14 1.762908e+14 5.997757e+14 1.773660e+14 5.998465e+14 1.784407e+14 5.999172e+14 1.795150e+14 5.999879e+14 1.805655e+14 6.000118e+14 1.816106e+14 6.000259e+14 1.826555e+14 6.000400e+14 1.836998e+14 6.000540e+14 1.847438e+14 6.000684e+14 1.857872e+14 6.000822e+14 1.868304e+14 6.000963e+14 1.878626e+14 6.000791e+14 1.888908e+14 6.000509e+14 1.899187e+14 6.000228e+14 1.909461e+14 5.999947e+14 1.919731e+14 5.999667e+14 1.929997e+14 5.999385e+14 1.940258e+14 5.999102e+14 1.950337e+14 5.998463e+14 1.960311e+14 5.997623e+14 1.970279e+14 5.996778e+14 1.980244e+14 5.995938e+14 1.990205e+14 5.995097e+14 2.000162e+14 5.994254e+14 2.010116e+14 5.993414e+14 2.019993e+14 5.992358e+14 2.029799e+14 5.991099e+14 2.039600e+14 5.989837e+14 2.049398e+14 5.988578e+14 2.059191e+14 5.987319e+14 2.068981e+14 5.986060e+14 2.078767e+14 5.984801e+14 2.088397e+14 5.983289e+14 2.097756e+14 5.981335e+14 2.107111e+14 5.979378e+14 2.116464e+14 5.977426e+14 2.125812e+14 5.975471e+14 2.135156e+14 5.973519e+14 2.144497e+14 5.971567e+14 2.153780e+14 5.969535e+14 2.162835e+14 5.967168e+14 2.171886e+14 5.964800e+14 2.180934e+14 5.962434e+14 2.189978e+14 5.960067e+14 2.199019e+14 5.957703e+14 2.208056e+14 5.955339e+14 2.217086e+14 5.952973e+14 2.225699e+14 5.950193e+14 2.234309e+14 5.947416e+14 2.242916e+14 5.944641e+14 2.251518e+14 5.941865e+14 2.260118e+14 5.939090e+14 2.268715e+14 5.936317e+14 2.277308e+14 5.933546e+14 2.285676e+14 5.930219e+14 2.293985e+14 5.926756e+14 2.302291e+14 5.923295e+14 2.310594e+14 5.919837e+14 2.318894e+14 5.916377e+14 2.327191e+14 5.912921e+14 2.335484e+14 5.909465e+14 2.343456e+14 5.905773e+14 2.351191e+14 5.901906e+14 2.358922e+14 5.898040e+14 2.366650e+14 5.894174e+14 2.374375e+14 5.890311e+14 2.382098e+14 5.886451e+14 2.389817e+14 5.882592e+14 2.397443e+14 5.878507e+14 2.404881e+14 5.873961e+14 2.412316e+14 5.869418e+14 2.419749e+14 5.864877e+14 2.427177e+14 5.860336e+14 2.434604e+14 5.855797e+14 2.442028e+14 5.851262e+14 2.449407e+14 5.846703e+14 2.456137e+14 5.841755e+14 2.462866e+14 5.836814e+14 2.469591e+14 5.831871e+14 2.476315e+14 5.826932e+14 2.483035e+14 5.821994e+14 2.489753e+14 5.817058e+14 2.496469e+14 5.812126e+14 2.502970e+14 5.806877e+14 2.509406e+14 5.801536e+14 2.515840e+14 5.796197e+14 2.522271e+14 5.790860e+14 2.528699e+14 5.785524e+14 2.535126e+14 5.780192e+14 2.541551e+14 5.774865e+14 2.547655e+14 5.769218e+14 2.553392e+14 5.763211e+14 2.559126e+14 5.757204e+14 2.564857e+14 5.751199e+14 2.570587e+14 5.745197e+14 2.576313e+14 5.739196e+14 2.582038e+14 5.733196e+14 2.587689e+14 5.727149e+14 2.592865e+14 5.720749e+14 2.598038e+14 5.714347e+14 2.603210e+14 5.707950e+14 2.608380e+14 5.701556e+14 2.613547e+14 5.695164e+14 2.618713e+14 5.688775e+14 2.623877e+14 5.682387e+14 2.628614e+14 5.675581e+14 2.633231e+14 5.668655e+14 2.637846e+14 5.661732e+14 2.642460e+14 5.654813e+14 2.647071e+14 5.647896e+14 2.651680e+14 5.640979e+14 2.656288e+14 5.634069e+14 2.660672e+14 5.626937e+14 2.664733e+14 5.619487e+14 2.668795e+14 5.612042e+14 2.672855e+14 5.604600e+14 2.676913e+14 5.597159e+14 2.680969e+14 5.589723e+14 2.685024e+14 5.582289e+14 2.689064e+14 5.574850e+14 2.692441e+14 5.567016e+14 2.695816e+14 5.559185e+14 2.699191e+14 5.551359e+14 2.702563e+14 5.543534e+14 2.705934e+14 5.535712e+14 2.709305e+14 5.527893e+14 2.712674e+14 5.520080e+14 2.715714e+14 5.511857e+14 2.718542e+14 5.503373e+14 2.721369e+14 5.494894e+14 2.724194e+14 5.486418e+14 2.727018e+14 5.477945e+14 2.729841e+14 5.469474e+14 2.732664e+14 5.461008e+14 2.735370e+14 5.452499e+14 2.737518e+14 5.443769e+14 2.739667e+14 5.435044e+14 2.741813e+14 5.426321e+14 2.743960e+14 5.417602e+14 2.746106e+14 5.408888e+14 2.748249e+14 5.400175e+14 2.750393e+14 5.391466e+14 2.752056e+14 5.382280e+14 2.753528e+14 5.372906e+14 2.755002e+14 5.363540e+14 2.756473e+14 5.354175e+14 2.757943e+14 5.344812e+14 2.759415e+14 5.335457e+14 2.760884e+14 5.326100e+14 2.762225e+14 5.316654e+14 2.763160e+14 5.306907e+14 2.764094e+14 5.297163e+14 2.765028e+14 5.287422e+14 2.765962e+14 5.277686e+14 2.766895e+14 5.267952e+14 2.767827e+14 5.258222e+14 2.768761e+14 5.248498e+14 2.769098e+14 5.238379e+14 2.769232e+14 5.228128e+14 2.769366e+14 5.217882e+14 2.769498e+14 5.207638e+14 2.769631e+14 5.197399e+14 2.769764e+14 5.187164e+14 2.769897e+14 5.176932e+14 2.769881e+14 5.166615e+14 2.769350e+14 5.155993e+14 2.768819e+14 5.145375e+14 2.768288e+14 5.134761e+14 2.767758e+14 5.124151e+14 2.767228e+14 5.113547e+14 2.766697e+14 5.102942e+14 2.766166e+14 5.092344e+14 2.765274e+14 5.081478e+14 2.764216e+14 5.070491e+14 2.763157e+14 5.059508e+14 2.762099e+14 5.048529e+14 2.761041e+14 5.037554e+14 2.759983e+14 5.026582e+14 2.758927e+14 5.015617e+14 2.757773e+14 5.004589e+14 2.755925e+14 4.993103e+14 2.754078e+14 4.981622e+14 2.752230e+14 4.970143e+14 2.750384e+14 4.958670e+14 2.748538e+14 4.947199e+14 2.746693e+14 4.935733e+14 2.744849e+14 4.924273e+14 2.742649e+14 4.912603e+14 2.740149e+14 4.900755e+14 2.737649e+14 4.888914e+14 2.735149e+14 4.877075e+14 2.732651e+14 4.865241e+14 2.730154e+14 4.853412e+14 2.727657e+14 4.841586e+14 2.725162e+14 4.829765e+14 2.722176e+14 4.817581e+14 2.719157e+14 4.805375e+14 2.716140e+14 4.793174e+14 2.713123e+14 4.780977e+14 2.710108e+14 4.768786e+14 2.707094e+14 4.756598e+14 2.704081e+14 4.744415e+14 2.700867e+14 4.732115e+14 2.697202e+14 4.719550e+14 2.693537e+14 4.706986e+14 2.689875e+14 4.694430e+14 2.686214e+14 4.681878e+14 2.682555e+14 4.669331e+14 2.678896e+14 4.656787e+14 2.675239e+14 4.644248e+14 2.671151e+14 4.631369e+14 2.666845e+14 4.618318e+14 2.662540e+14 4.605271e+14 2.658236e+14 4.592231e+14 2.653933e+14 4.579193e+14 2.649633e+14 4.566162e+14 2.645334e+14 4.553135e+14 2.641037e+14 4.540111e+14 2.636354e+14 4.526707e+14 2.631669e+14 4.513303e+14 2.626986e+14 4.499906e+14 2.622306e+14 4.486513e+14 2.617627e+14 4.473126e+14 2.612948e+14 4.459741e+14 2.608273e+14 4.446364e+14 2.603404e+14 4.432913e+14 2.598082e+14 4.419284e+14 2.592764e+14 4.405663e+14 2.587446e+14 4.392043e+14 2.582130e+14 4.378430e+14 2.576817e+14 4.364823e+14 2.571506e+14 4.351222e+14 2.566196e+14 4.337623e+14 2.560508e+14 4.323802e+14 2.554555e+14 4.309825e+14 2.548606e+14 4.295856e+14 2.542657e+14 4.281890e+14 2.536711e+14 4.267930e+14 2.530767e+14 4.253975e+14 2.524825e+14 4.240024e+14 2.518886e+14 4.226079e+14 2.512618e+14 4.212028e+14 2.506297e+14 4.197966e+14 2.499976e+14 4.183906e+14 2.493659e+14 4.169853e+14 2.487344e+14 4.155805e+14 2.481031e+14 4.141761e+14 2.474719e+14 4.127723e+14 2.468351e+14 4.113655e+14 2.461402e+14 4.099241e+14 2.454455e+14 4.084833e+14 2.447510e+14 4.070429e+14 2.440568e+14 4.056031e+14 2.433629e+14 4.041638e+14 2.426692e+14 4.027250e+14 2.419759e+14 4.012870e+14 2.412706e+14 3.998412e+14 2.405391e+14 3.983783e+14 2.398080e+14 3.969160e+14 2.390771e+14 3.954542e+14 2.383465e+14 3.939930e+14 2.376161e+14 3.925323e+14 2.368861e+14 3.910721e+14 2.361562e+14 3.896125e+14 2.354071e+14 3.881469e+14 2.346394e+14 3.866756e+14 2.338720e+14 3.852047e+14 2.331050e+14 3.837345e+14 2.323381e+14 3.822647e+14 2.315716e+14 3.807955e+14 2.308054e+14 3.793269e+14 2.300393e+14 3.778587e+14 2.292474e+14 3.763824e+14 2.284436e+14 3.749025e+14 2.276403e+14 3.734234e+14 2.268371e+14 3.719446e+14 2.260344e+14 3.704665e+14 2.252319e+14 3.689889e+14 2.244296e+14 3.675116e+14 2.236277e+14 3.660351e+14 2.227939e+14 3.645483e+14 2.219544e+14 3.630601e+14 2.211151e+14 3.615723e+14 2.202762e+14 3.600851e+14 2.194377e+14 3.585986e+14 2.185994e+14 3.571126e+14 2.177614e+14 3.556271e+14 2.169237e+14 3.541421e+14 2.160494e+14 3.526453e+14 2.151742e+14 3.511487e+14 2.142994e+14 3.496525e+14 2.134249e+14 3.481571e+14 2.125507e+14 3.466621e+14 2.116769e+14 3.451678e+14 2.108034e+14 3.436739e+14 2.099291e+14 3.421794e+14 2.090435e+14 3.406740e+14 2.081583e+14 3.391691e+14 2.072733e+14 3.376647e+14 2.063887e+14 3.361608e+14 2.055045e+14 3.346576e+14 2.046205e+14 3.331548e+14 2.037369e+14 3.316526e+14 2.028473e+14 3.301510e+14 2.019264e+14 3.286500e+14 2.010059e+14 3.271493e+14 2.000856e+14 3.256492e+14 1.991659e+14 3.241499e+14 1.982463e+14 3.226509e+14 1.973271e+14 3.211525e+14 1.964083e+14 3.196546e+14 1.954869e+14 3.181573e+14 1.945561e+14 3.166605e+14 1.936257e+14 3.151643e+14 1.926956e+14 3.136685e+14 1.917658e+14 3.121734e+14 1.908364e+14 3.106787e+14 1.899073e+14 3.091847e+14 1.889785e+14 3.076911e+14 1.880467e+14 3.061980e+14 1.871061e+14 3.047057e+14 1.861658e+14 3.032137e+14 1.852258e+14 3.017222e+14 1.842861e+14 3.002313e+14 1.833469e+14 2.987410e+14 1.824080e+14 2.972513e+14 1.814694e+14 2.957620e+14 1.805275e+14 2.942733e+14 1.795770e+14 2.927851e+14 1.786269e+14 2.912974e+14 1.776771e+14 2.898102e+14 1.767277e+14 2.883237e+14 1.757786e+14 2.868376e+14 1.748299e+14 2.853521e+14 1.738815e+14 2.838670e+14 1.729299e+14 2.823861e+14 1.719697e+14 2.809147e+14 1.710099e+14 2.794437e+14 1.700504e+14 2.779733e+14 1.690912e+14 2.765034e+14 1.681324e+14 2.750340e+14 1.671739e+14 2.735652e+14 1.662158e+14 2.720969e+14 1.652580e+14 2.706322e+14 1.643006e+14 2.691774e+14 1.633434e+14 2.677231e+14 1.623866e+14 2.662693e+14 1.614302e+14 2.648160e+14 1.604741e+14 2.633633e+14 1.595184e+14 2.619110e+14 1.585629e+14 2.604592e+14 1.576079e+14 2.590131e+14 1.566531e+14 2.575871e+14 1.556988e+14 2.561618e+14 1.547448e+14 2.547369e+14 1.537910e+14 2.533126e+14 1.528377e+14 2.518887e+14 1.518846e+14 2.504654e+14 1.509319e+14 2.490425e+14 1.499796e+14 2.476202e+14 1.490276e+14 2.461983e+14 1.480759e+14 2.447770e+14 1.471246e+14 2.433562e+14 1.461736e+14 2.419359e+14 1.452229e+14 2.405160e+14 1.442726e+14 2.390967e+14 1.433226e+14 2.376779e+14 1.423733e+14 2.362606e+14 1.414363e+14 2.348798e+14 1.404997e+14 2.334995e+14 1.395633e+14 2.321197e+14 1.386274e+14 2.307403e+14 1.376917e+14 2.293615e+14 1.367564e+14 2.279831e+14</elevationPattern>
        <incidenceAngle count="676">3.651941e+01 3.652876e+01 3.653810e+01 3.654745e+01 3.655679e+01 3.656613e+01 3.657547e+01 3.658479e+01 3.659412e+01 3.660344e+01 3.661276e+01 3.662209e+01 3.663139e+01 3.664070e+01 3.665001e+01 3.665930e+01 3.666859e+01 3.667789e+01 3.668718e+01 3.669646e+01 3.670575e+01 3.671503e+01 3.672429e+01 3.673357e+01 3.674283e+01 3.675209e+01 3.676135e+01 3.677060e+01 3.677986e+01 3.678911e+01 3.679834e+01 3.680759e+01 3.681682e+01 3.682605e+01 3.683528e+01 3.684450e+01 3.685373e+01 3.686295e+01 3.687215e+01 3.688136e+01 3.689056e+01 3.689977e+01 3.690897e+01 3.691817e+01 3.692735e+01 3.693654e+01 3.694572e+01 3.695490e+01 3.696408e+01 3.697325e+01 3.698242e+01 3.699158e+01 3.700073e+01 3.700990e+01 3.701904e+01 3.702820e+01 3.703734e+01 3.704649e+01 3.705563e+01 3.706476e+01 3.707390e+01 3.708302e+01 3.709215e+01 3.710126e+01 3.711038e+01 3.711949e+01 3.712860e+01 3.713771e+01 3.714680e+01 3.715591e+01 3.716501e+01 3.717409e+01 3.718318e+01 3.719226e+01 3.720134e+01 3.721042e+01 3.721950e+01 3.722856e+01 3.723763e+01 3.724669e+01 3.725575e+01 3.726480e+01 3.727385e+01 3.728290e+01 3.729195e+01 3.730099e+01 3.731003e+01 3.731906e+01 3.732808e+01 3.733711e+01 3.734613e+01 3.735515e+01 3.736417e+01 3.737318e+01 3.738219e+01 3.739119e+01 3.740019e+01 3.740919e+01 3.741818e+01 3.742717e+01 3.743616e+01 3.744514e+01 3.745413e+01 3.746310e+01 3.747208e+01 3.748105e+01 3.749001e+01 3.749896e+01 3.750793e+01 3.751688e+01 3.752583e+01 3.753477e+01 3.754373e+01 3.755267e+01 3.756160e+01 3.757054e+01 3.757947e+01 3.758839e+01 3.759732e+01 3.760623e+01 3.761516e+01 3.762407e+01 3.763298e+01 3.764188e+01 3.765079e+01 3.765968e+01 3.766858e+01 3.767747e+01 3.768636e+01 3.769524e+01 3.770412e+01 3.771300e+01 3.772188e+01 3.773074e+01 3.773961e+01 3.774847e+01 3.775734e+01 3.776619e+01 3.777505e+01 3.778391e+01 3.779274e+01 3.780159e+01 3.781042e+01 3.781926e+01 3.782809e+01 3.783693e+01 3.784575e+01 3.785457e+01 3.786339e+01 3.787221e+01 3.788103e+01 3.788983e+01 3.789864e+01 3.790744e+01 3.791624e+01 3.792503e+01 3.793382e+01 3.794261e+01 3.795140e+01 3.796019e+01 3.796896e+01 3.797774e+01 3.798651e+01 3.799527e+01 3.800404e+01 3.801280e+01 3.802156e+01 3.803032e+01 3.803906e+01 3.804782e+01 3.805656e+01 3.806531e+01 3.807404e+01 3.808278e+01 3.809151e+01 3.810023e+01 3.810896e+01 3.811768e+01 3.812640e+01 3.813512e+01 3.814383e+01 3.815253e+01 3.816124e+01 3.816994e+01 3.817863e+01 3.818733e+01 3.819603e+01 3.820471e+01 3.821339e+01 3.822208e+01 3.823076e+01 3.823943e+01 3.824811e+01 3.825677e+01 3.826544e+01 3.827409e+01 3.828276e+01 3.829141e+01 3.830006e+01 3.830872e+01 3.831735e+01 3.832600e+01 3.833464e+01 3.834328e+01 3.835190e+01 3.836053e+01 3.836916e+01 3.837778e+01 3.838640e+01 3.839502e+01 3.840363e+01 3.841223e+01 3.842084e+01 3.842944e+01 3.843805e+01 3.844664e+01 3.845523e+01 3.846382e+01 3.847241e+01 3.848099e+01 3.848958e+01 3.849815e+01 3.850673e+01 3.851529e+01 3.852386e+01 3.853242e+01 3.854099e+01 3.854955e+01 3.855811e+01 3.856665e+01 3.857520e+01 3.858374e+01 3.859229e+01 3.860083e+01 3.860936e+01 3.861789e+01 3.862642e+01 3.863495e+01 3.864346e+01 3.865199e+01 3.866051e+01 3.866902e+01 3.867752e+01 3.868604e+01 3.869453e+01 3.870303e+01 3.871153e+01 3.872003e+01 3.872852e+01 3.873700e+01 3.874548e+01 3.875397e+01 3.876245e+01 3.877092e+01 3.877939e+01 3.878786e+01 3.879633e+01 3.880479e+01 3.881325e+01 3.882170e+01 3.883015e+01 3.883861e+01 3.884706e+01 3.885550e+01 3.886394e+01 3.887238e+01 3.888081e+01 3.888924e+01 3.889767e+01 3.890610e+01 3.891452e+01 3.892293e+01 3.893135e+01 3.893976e+01 3.894817e+01 3.895657e+01 3.896498e+01 3.897337e+01 3.898178e+01 3.899017e+01 3.899857e+01 3.900694e+01 3.901534e+01 3.902371e+01 3.903209e+01 3.904047e+01 3.904884e+01 3.905721e+01 3.906558e+01 3.907394e+01 3.908231e+01 3.909065e+01 3.909901e+01 3.910736e+01 3.911571e+01 3.912405e+01 3.913240e+01 3.914073e+01 3.914908e+01 3.915741e+01 3.916574e+01 3.917406e+01 3.918239e+01 3.919070e+01 3.919902e+01 3.920734e+01 3.921565e+01 3.922395e+01 3.923225e+01 3.924057e+01 3.924886e+01 3.925716e+01 3.926546e+01 3.927374e+01 3.928203e+01 3.929031e+01 3.929860e+01 3.930687e+01 3.931516e+01 3.932343e+01 3.933170e+01 3.933995e+01 3.934822e+01 3.935648e+01 3.936473e+01 3.937299e+01 3.938124e+01 3.938950e+01 3.939774e+01 3.940598e+01 3.941422e+01 3.942245e+01 3.943069e+01 3.943892e+01 3.944714e+01 3.945537e+01 3.946359e+01 3.947182e+01 3.948003e+01 3.948824e+01 3.949644e+01 3.950465e+01 3.951286e+01 3.952106e+01 3.952925e+01 3.953746e+01 3.954564e+01 3.955383e+01 3.956203e+01 3.957021e+01 3.957838e+01 3.958656e+01 3.959474e+01 3.960291e+01 3.961108e+01 3.961925e+01 3.962741e+01 3.963556e+01 3.964372e+01 3.965187e+01 3.966003e+01 3.966818e+01 3.967632e+01 3.968446e+01 3.969261e+01 3.970074e+01 3.970888e+01 3.971701e+01 3.972513e+01 3.973326e+01 3.974138e+01 3.974950e+01 3.975761e+01 3.976573e+01 3.977385e+01 3.978195e+01 3.979005e+01 3.979816e+01 3.980626e+01 3.981435e+01 3.982245e+01 3.983054e+01 3.983862e+01 3.984671e+01 3.985480e+01 3.986287e+01 3.987094e+01 3.987903e+01 3.988708e+01 3.989516e+01 3.990323e+01 3.991129e+01 3.991934e+01 3.992740e+01 3.993546e+01 3.994351e+01 3.995155e+01 3.995959e+01 3.996764e+01 3.997568e+01 3.998372e+01 3.999174e+01 3.999979e+01 4.000781e+01 4.001584e+01 4.002386e+01 4.003188e+01 4.003990e+01 4.004791e+01 4.005592e+01 4.006393e+01 4.007193e+01 4.007994e+01 4.008794e+01 4.009593e+01 4.010393e+01 4.011192e+01 4.011990e+01 4.012790e+01 4.013588e+01 4.014386e+01 4.015184e+01 4.015982e+01 4.016779e+01 4.017575e+01 4.018372e+01 4.019168e+01 4.019965e+01 4.020761e+01 4.021556e+01 4.022351e+01 4.023146e+01 4.023941e+01 4.024736e+01 4.025529e+01 4.026323e+01 4.027118e+01 4.027911e+01 4.028703e+01 4.029497e+01 4.030289e+01 4.031081e+01 4.031873e+01 4.032664e+01 4.033456e+01 4.034247e+01 4.035039e+01 4.035829e+01 4.036620e+01 4.037410e+01 4.038199e+01 4.038989e+01 4.039778e+01 4.040567e+01 4.041356e+01 4.042145e+01 4.042932e+01 4.043719e+01 4.044508e+01 4.045296e+01 4.046082e+01 4.046869e+01 4.047656e+01 4.048442e+01 4.049228e+01 4.050014e+01 4.050800e+01 4.051584e+01 4.052370e+01 4.053154e+01 4.053938e+01 4.054723e+01 4.055505e+01 4.056290e+01 4.057072e+01 4.057855e+01 4.058638e+01 4.059421e+01 4.060204e+01 4.060985e+01 4.061768e+01 4.062549e+01 4.063330e+01 4.064111e+01 4.064891e+01 4.065672e+01 4.066452e+01 4.067232e+01 4.068011e+01 4.068790e+01 4.069569e+01 4.070348e+01 4.071127e+01 4.071906e+01 4.072682e+01 4.073460e+01 4.074239e+01 4.075015e+01 4.075792e+01 4.076569e+01 4.077345e+01 4.078122e+01 4.078897e+01 4.079672e+01 4.080449e+01 4.081223e+01 4.081998e+01 4.082773e+01 4.083546e+01 4.084322e+01 4.085095e+01 4.085869e+01 4.086641e+01 4.087415e+01 4.088187e+01 4.088960e+01 4.089732e+01 4.090504e+01 4.091275e+01 4.092047e+01 4.092818e+01 4.093588e+01 4.094360e+01 4.095129e+01 4.095900e+01 4.096671e+01 4.097440e+01 4.098209e+01 4.098978e+01 4.099747e+01 4.100516e+01 4.101283e+01 4.102052e+01 4.102820e+01 4.103587e+01 4.104355e+01 4.105121e+01 4.105888e+01 4.106654e+01 4.107420e+01 4.108186e+01 4.108952e+01 4.109718e+01 4.110484e+01 4.111249e+01 4.112013e+01 4.112778e+01 4.113542e+01 4.114307e+01 4.115070e+01 4.115833e+01 4.116597e+01 4.117360e+01 4.118121e+01 4.118884e+01 4.119647e+01 4.120409e+01 4.121170e+01 4.121931e+01 4.122693e+01 4.123454e+01 4.124214e+01 4.124974e+01 4.125735e+01 4.126495e+01 4.127254e+01 4.128014e+01 4.128773e+01 4.129532e+01 4.130290e+01 4.131049e+01 4.131807e+01 4.132565e+01 4.133322e+01 4.134081e+01 4.134837e+01 4.135594e+01 4.136351e+01 4.137106e+01 4.137863e+01 4.138618e+01 4.139375e+01 4.140131e+01 4.140884e+01 4.141640e+01 4.142395e+01 4.143149e+01 4.143903e+01 4.144656e+01 4.145410e+01 4.146164e+01 4.146918e+01 4.147670e+01 4.148422e+01 4.149176e+01 4.149927e+01 4.150679e+01 4.151431e+01 4.152182e+01 4.152934e+01 4.153685e+01 4.154436e+01 4.155185e+01 4.155936e+01 4.156686e+01 4.157436e+01 4.158185e+01 4.158934e+01 4.159683e+01 4.160432e+01 4.161180e+01 4.161929e+01 4.162677e+01 4.163425e+01 4.164172e+01 4.164919e+01 4.165666e+01 4.166412e+01 4.167160e+01 4.167906e+01 4.168652e+01 4.169397e+01 4.170143e+01 4.170888e+01 4.171634e+01 4.172379e+01 4.173123e+01 4.173868e+01 4.174611e+01 4.175356e+01 4.176099e+01 4.176842e+01 4.177585e+01 4.178328e+01 4.179071e+01 4.179813e+01 4.180556e+01 4.181297e+01 4.182039e+01 4.182780e+01 4.183522e+01 4.184262e+01 4.185004e+01 4.185744e+01 4.186484e+01 4.187224e+01 4.187964e+01 4.188704e+01 4.189442e+01 4.190181e+01 4.190921e+01 4.191660e+01 4.192398e+01 4.193135e+01 4.193874e+01 4.194611e+01 4.195349e+01 4.196086e+01 4.196823e+01 4.197559e+01 4.198296e+01 4.199033e+01 4.199768e+01 4.200504e+01 4.201239e+01 4.201974e+01 4.202710e+01 4.203444e+01 4.204179e+01 4.204913e+01 4.205647e+01 4.206381e+01 4.207115e+01 4.207848e+01 4.208582e+01 4.209314e+01</incidenceAngle>
        <terrainHeight>2.195057756300000e+03</terrainHeight>
        <roll>3.010207451362245e+01</roll>
      </antennaPattern>
      <antennaPattern>
        <swath>IW2</swath>
        <azimuthTime>2015-05-16T13:34:42.069350</azimuthTime>
        <slantRangeTime count="676">5.646806372877616e-03 5.647392496836635e-03 5.647978620795654e-03 5.648564744754674e-03 5.649150868713693e-03 5.649736992672713e-03 5.650323116631733e-03 5.650909240590751e-03 5.651495364549771e-03 5.652081488508790e-03 5.652667612467809e-03 5.653253736426829e-03 5.653839860385848e-03 5.654425984344868e-03 5.655012108303887e-03 5.655598232262906e-03 5.656184356221925e-03 5.656770480180945e-03 5.657356604139963e-03 5.657942728098983e-03 5.658528852058003e-03 5.659114976017021e-03 5.659701099976042e-03 5.660287223935061e-03 5.660873347894080e-03 5.661459471853100e-03 5.662045595812118e-03 5.662631719771138e-03 5.663217843730157e-03 5.663803967689176e-03 5.664390091648196e-03 5.664976215607215e-03 5.665562339566235e-03 5.666148463525255e-03 5.666734587484274e-03 5.667320711443293e-03 5.667906835402312e-03 5.668492959361331e-03 5.669079083320351e-03 5.669665207279370e-03 5.670251331238389e-03 5.670837455197409e-03 5.671423579156429e-03 5.672009703115448e-03 5.672595827074467e-03 5.673181951033487e-03 5.673768074992506e-03 5.674354198951525e-03 5.674940322910545e-03 5.675526446869563e-03 5.676112570828583e-03 5.676698694787602e-03 5.677284818746622e-03 5.677870942705641e-03 5.678457066664660e-03 5.679043190623679e-03 5.679629314582699e-03 5.680215438541717e-03 5.680801562500737e-03 5.681387686459757e-03 5.681973810418776e-03 5.682559934377795e-03 5.683146058336815e-03 5.683732182295833e-03 5.684318306254853e-03 5.684904430213872e-03 5.685490554172891e-03 5.686076678131910e-03 5.686662802090930e-03 5.687248926049949e-03 5.687835050008969e-03 5.688421173967988e-03 5.689007297927007e-03 5.689593421886026e-03 5.690179545845045e-03 5.690765669804064e-03 5.691351793763084e-03 5.691937917722103e-03 5.692524041681123e-03 5.693110165640142e-03 5.693696289599161e-03 5.694282413558180e-03 5.694868537517200e-03 5.695454661476218e-03 5.696040785435238e-03 5.696626909394258e-03 5.697213033353277e-03 5.697799157312296e-03 5.698385281271316e-03 5.698971405230334e-03 5.699557529189354e-03 5.700143653148373e-03 5.700729777107392e-03 5.701315901066411e-03 5.701902025025431e-03 5.702488148984450e-03 5.703074272943470e-03 5.703660396902488e-03 5.704246520861508e-03 5.704832644820527e-03 5.705418768779546e-03 5.706004892738565e-03 5.706591016697585e-03 5.707177140656604e-03 5.707763264615624e-03 5.708349388574643e-03 5.708935512533662e-03 5.709521636492681e-03 5.710107760451701e-03 5.710693884410719e-03 5.711280008369739e-03 5.711866132328759e-03 5.712452256287778e-03 5.713038380246797e-03 5.713624504205816e-03 5.714210628164835e-03 5.714796752123855e-03 5.715382876082874e-03 5.715969000041893e-03 5.716555124000912e-03 5.717141247959932e-03 5.717727371918951e-03 5.718313495877971e-03 5.718899619836989e-03 5.719485743796009e-03 5.720071867755028e-03 5.720657991714047e-03 5.721244115673066e-03 5.721830239632086e-03 5.722416363591105e-03 5.723002487550125e-03 5.723588611509144e-03 5.724174735468163e-03 5.724760859427182e-03 5.725346983386202e-03 5.725933107345220e-03 5.726519231304240e-03 5.727105355263259e-03 5.727691479222279e-03 5.728277603181298e-03 5.728863727140317e-03 5.729449851099336e-03 5.730035975058356e-03 5.730622099017374e-03 5.731208222976394e-03 5.731794346935413e-03 5.732380470894433e-03 5.732966594853452e-03 5.733552718812472e-03 5.734138842771490e-03 5.734724966730510e-03 5.735311090689529e-03 5.735897214648548e-03 5.736483338607567e-03 5.737069462566587e-03 5.737655586525606e-03 5.738241710484626e-03 5.738827834443645e-03 5.739413958402664e-03 5.740000082361683e-03 5.740586206320702e-03 5.741172330279721e-03 5.741758454238741e-03 5.742344578197760e-03 5.742930702156780e-03 5.743516826115799e-03 5.744102950074818e-03 5.744689074033837e-03 5.745275197992857e-03 5.745861321951875e-03 5.746447445910895e-03 5.747033569869914e-03 5.747619693828934e-03 5.748205817787953e-03 5.748791941746973e-03 5.749378065705991e-03 5.749964189665011e-03 5.750550313624030e-03 5.751136437583049e-03 5.751722561542068e-03 5.752308685501088e-03 5.752894809460107e-03 5.753480933419127e-03 5.754067057378145e-03 5.754653181337165e-03 5.755239305296184e-03 5.755825429255203e-03 5.756411553214222e-03 5.756997677173242e-03 5.757583801132261e-03 5.758169925091282e-03 5.758756049050301e-03 5.759342173009321e-03 5.759928296968341e-03 5.760514420927360e-03 5.761100544886380e-03 5.761686668845399e-03 5.762272792804419e-03 5.762858916763439e-03 5.763445040722458e-03 5.764031164681478e-03 5.764617288640497e-03 5.765203412599517e-03 5.765789536558537e-03 5.766375660517556e-03 5.766961784476576e-03 5.767547908435596e-03 5.768134032394616e-03 5.768720156353636e-03 5.769306280312655e-03 5.769892404271675e-03 5.770478528230694e-03 5.771064652189714e-03 5.771650776148734e-03 5.772236900107753e-03 5.772823024066773e-03 5.773409148025792e-03 5.773995271984812e-03 5.774581395943832e-03 5.775167519902851e-03 5.775753643861871e-03 5.776339767820890e-03 5.776925891779911e-03 5.777512015738930e-03 5.778098139697950e-03 5.778684263656970e-03 5.779270387615989e-03 5.779856511575009e-03 5.780442635534028e-03 5.781028759493048e-03 5.781614883452068e-03 5.782201007411087e-03 5.782787131370107e-03 5.783373255329126e-03 5.783959379288146e-03 5.784545503247166e-03 5.785131627206185e-03 5.785717751165205e-03 5.786303875124225e-03 5.786889999083245e-03 5.787476123042264e-03 5.788062247001284e-03 5.788648370960304e-03 5.789234494919323e-03 5.789820618878343e-03 5.790406742837362e-03 5.790992866796382e-03 5.791578990755402e-03 5.792165114714421e-03 5.792751238673441e-03 5.793337362632460e-03 5.793923486591480e-03 5.794509610550500e-03 5.795095734509519e-03 5.795681858468540e-03 5.796267982427559e-03 5.796854106386579e-03 5.797440230345599e-03 5.798026354304618e-03 5.798612478263638e-03 5.799198602222657e-03 5.799784726181677e-03 5.800370850140697e-03 5.800956974099716e-03 5.801543098058736e-03 5.802129222017755e-03 5.802715345976775e-03 5.803301469935795e-03 5.803887593894814e-03 5.804473717853835e-03 5.805059841812854e-03 5.805645965771874e-03 5.806232089730893e-03 5.806818213689913e-03 5.807404337648933e-03 5.807990461607952e-03 5.808576585566972e-03 5.809162709525991e-03 5.809748833485011e-03 5.810334957444031e-03 5.810921081403050e-03 5.811507205362070e-03 5.812093329321089e-03 5.812679453280109e-03 5.813265577239129e-03 5.813851701198149e-03 5.814437825157169e-03 5.815023949116188e-03 5.815610073075208e-03 5.816196197034228e-03 5.816782320993247e-03 5.817368444952267e-03 5.817954568911286e-03 5.818540692870306e-03 5.819126816829326e-03 5.819712940788345e-03 5.820299064747365e-03 5.820885188706384e-03 5.821471312665404e-03 5.822057436624424e-03 5.822643560583443e-03 5.823229684542464e-03 5.823815808501483e-03 5.824401932460503e-03 5.824988056419522e-03 5.825574180378542e-03 5.826160304337562e-03 5.826746428296581e-03 5.827332552255601e-03 5.827918676214620e-03 5.828504800173640e-03 5.829090924132660e-03 5.829677048091679e-03 5.830263172050699e-03 5.830849296009718e-03 5.831435419968738e-03 5.832021543927758e-03 5.832607667886778e-03 5.833193791845798e-03 5.833779915804817e-03 5.834366039763837e-03 5.834952163722856e-03 5.835538287681876e-03 5.836124411640896e-03 5.836710535599915e-03 5.837296659558935e-03 5.837882783517954e-03 5.838468907476974e-03 5.839055031435994e-03 5.839641155395013e-03 5.840227279354033e-03 5.840813403313052e-03 5.841399527272073e-03 5.841985651231093e-03 5.842571775190112e-03 5.843157899149132e-03 5.843744023108151e-03 5.844330147067171e-03 5.844916271026191e-03 5.845502394985210e-03 5.846088518944230e-03 5.846674642903249e-03 5.847260766862269e-03 5.847846890821289e-03 5.848433014780308e-03 5.849019138739328e-03 5.849605262698347e-03 5.850191386657367e-03 5.850777510616387e-03 5.851363634575407e-03 5.851949758534427e-03 5.852535882493446e-03 5.853122006452466e-03 5.853708130411485e-03 5.854294254370505e-03 5.854880378329525e-03 5.855466502288544e-03 5.856052626247564e-03 5.856638750206583e-03 5.857224874165603e-03 5.857810998124623e-03 5.858397122083642e-03 5.858983246042662e-03 5.859569370001681e-03 5.860155493960702e-03 5.860741617919722e-03 5.861327741878741e-03 5.861913865837761e-03 5.862499989796780e-03 5.863086113755800e-03 5.863672237714820e-03 5.864258361673839e-03 5.864844485632859e-03 5.865430609591878e-03 5.866016733550898e-03 5.866602857509918e-03 5.867188981468937e-03 5.867775105427957e-03 5.868361229386976e-03 5.868947353345996e-03 5.869533477305016e-03 5.870119601264036e-03 5.870705725223056e-03 5.871291849182075e-03 5.871877973141095e-03 5.872464097100114e-03 5.873050221059134e-03 5.873636345018154e-03 5.874222468977173e-03 5.874808592936193e-03 5.875394716895212e-03 5.875980840854232e-03 5.876566964813252e-03 5.877153088772271e-03 5.877739212731291e-03 5.878325336690310e-03 5.878911460649331e-03 5.879497584608350e-03 5.880083708567370e-03 5.880669832526390e-03 5.881255956485409e-03 5.881842080444429e-03 5.882428204403448e-03 5.883014328362468e-03 5.883600452321488e-03 5.884186576280507e-03 5.884772700239527e-03 5.885358824198546e-03 5.885944948157566e-03 5.886531072116586e-03 5.887117196075605e-03 5.887703320034626e-03 5.888289443993645e-03 5.888875567952665e-03 5.889461691911685e-03 5.890047815870704e-03 5.890633939829724e-03 5.891220063788743e-03 5.891806187747763e-03 5.892392311706783e-03 5.892978435665802e-03 5.893564559624822e-03 5.894150683583841e-03 5.894736807542861e-03 5.895322931501881e-03 5.895909055460900e-03 5.896495179419920e-03 5.897081303378940e-03 5.897667427337960e-03 5.898253551296979e-03 5.898839675255999e-03 5.899425799215019e-03 5.900011923174038e-03 5.900598047133058e-03 5.901184171092077e-03 5.901770295051097e-03 5.902356419010117e-03 5.902942542969136e-03 5.903528666928156e-03 5.904114790887175e-03 5.904700914846195e-03 5.905287038805215e-03 5.905873162764234e-03 5.906459286723255e-03 5.907045410682274e-03 5.907631534641294e-03 5.908217658600314e-03 5.908803782559333e-03 5.909389906518353e-03 5.909976030477372e-03 5.910562154436392e-03 5.911148278395412e-03 5.911734402354431e-03 5.912320526313451e-03 5.912906650272470e-03 5.913492774231490e-03 5.914078898190510e-03 5.914665022149529e-03 5.915251146108549e-03 5.915837270067569e-03 5.916423394026589e-03 5.917009517985608e-03 5.917595641944628e-03 5.918181765903648e-03 5.918767889862667e-03 5.919354013821687e-03 5.919940137780706e-03 5.920526261739726e-03 5.921112385698746e-03 5.921698509657765e-03 5.922284633616785e-03 5.922870757575804e-03 5.923456881534824e-03 5.924043005493844e-03 5.924629129452863e-03 5.925215253411884e-03 5.925801377370903e-03 5.926387501329923e-03 5.926973625288942e-03 5.927559749247962e-03 5.928145873206982e-03 5.928731997166001e-03 5.929318121125021e-03 5.929904245084040e-03 5.930490369043060e-03 5.931076493002080e-03 5.931662616961099e-03 5.932248740920119e-03 5.932834864879138e-03 5.933420988838158e-03 5.934007112797179e-03 5.934593236756198e-03 5.935179360715218e-03 5.935765484674237e-03 5.936351608633257e-03 5.936937732592277e-03 5.937523856551296e-03 5.938109980510316e-03 5.938696104469335e-03 5.939282228428355e-03 5.939868352387375e-03 5.940454476346394e-03 5.941040600305414e-03 5.941626724264433e-03 5.942212848223453e-03 5.942798972182473e-03 5.943385096141493e-03 5.943971220100513e-03 5.944557344059532e-03 5.945143468018552e-03 5.945729591977571e-03 5.946315715936591e-03 5.946901839895611e-03 5.947487963854630e-03 5.948074087813650e-03 5.948660211772669e-03 5.949246335731689e-03 5.949832459690709e-03 5.950418583649728e-03 5.951004707608748e-03 5.951590831567767e-03 5.952176955526787e-03 5.952763079485807e-03 5.953349203444827e-03 5.953935327403847e-03 5.954521451362866e-03 5.955107575321886e-03 5.955693699280906e-03 5.956279823239925e-03 5.956865947198945e-03 5.957452071157964e-03 5.958038195116984e-03 5.958624319076004e-03 5.959210443035023e-03 5.959796566994043e-03 5.960382690953062e-03 5.960968814912082e-03 5.961554938871102e-03 5.962141062830122e-03 5.962727186789142e-03 5.963313310748161e-03 5.963899434707181e-03 5.964485558666200e-03 5.965071682625220e-03 5.965657806584240e-03 5.966243930543259e-03 5.966830054502279e-03 5.967416178461298e-03 5.968002302420318e-03 5.968588426379338e-03 5.969174550338357e-03 5.969760674297377e-03 5.970346798256396e-03 5.970932922215416e-03 5.971519046174436e-03 5.972105170133456e-03 5.972691294092476e-03 5.973277418051495e-03 5.973863542010515e-03 5.974449665969534e-03 5.975035789928554e-03 5.975621913887574e-03 5.976208037846593e-03 5.976794161805613e-03 5.977380285764632e-03 5.977966409723652e-03 5.978552533682672e-03 5.979138657641691e-03 5.979724781600711e-03 5.980310905559731e-03 5.980897029518751e-03 5.981483153477771e-03 5.982069277436790e-03 5.982655401395810e-03 5.983241525354829e-03 5.983827649313849e-03 5.984413773272869e-03 5.984999897231888e-03 5.985586021190908e-03 5.986172145149927e-03 5.986758269108947e-03 5.987344393067967e-03 5.987930517026986e-03 5.988516640986006e-03 5.989102764945025e-03 5.989688888904046e-03 5.990275012863065e-03 5.990861136822085e-03 5.991447260781105e-03 5.992033384740124e-03 5.992619508699144e-03 5.993205632658163e-03 5.993791756617183e-03 5.994377880576203e-03 5.994964004535222e-03 5.995550128494242e-03 5.996136252453261e-03 5.996722376412281e-03 5.997308500371301e-03 5.997894624330320e-03 5.998480748289340e-03 5.999066872248360e-03 5.999652996207380e-03 6.000239120166399e-03 6.000825244125419e-03 6.001411368084439e-03 6.001997492043458e-03 6.002583616002478e-03 6.003169739961497e-03 6.003755863920517e-03 6.004341987879537e-03 6.004928111838556e-03 6.005514235797576e-03 6.006100359756596e-03 6.006686483715615e-03 6.007272607674635e-03 6.007858731633654e-03 6.008444855592675e-03 6.009030979551694e-03 6.009617103510714e-03 6.010203227469734e-03 6.010789351428753e-03 6.011375475387773e-03 6.011961599346792e-03 6.012547723305812e-03 6.013133847264832e-03 6.013719971223851e-03 6.014306095182871e-03 6.014892219141890e-03 6.015478343100910e-03 6.016064467059930e-03 6.016650591018949e-03 6.017236714977970e-03 6.017822838936989e-03 6.018408962896009e-03 6.018995086855028e-03 6.019581210814048e-03 6.020167334773068e-03 6.020753458732087e-03 6.021339582691107e-03 6.021925706650126e-03 6.022511830609146e-03 6.023097954568166e-03 6.023684078527185e-03 6.024270202486205e-03 6.024856326445224e-03 6.025442450404244e-03 6.026028574363264e-03 6.026614698322284e-03 6.027200822281304e-03 6.027786946240323e-03 6.028373070199343e-03 6.028959194158363e-03 6.029545318117382e-03 6.030131442076402e-03 6.030717566035421e-03 6.031303689994441e-03 6.031889813953461e-03 6.032475937912480e-03 6.033062061871500e-03 6.033648185830519e-03 6.034234309789539e-03 6.034820433748559e-03 6.035406557707578e-03 6.035992681666599e-03 6.036578805625618e-03 6.037164929584638e-03 6.037751053543657e-03 6.038337177502677e-03 6.038923301461697e-03 6.039509425420716e-03 6.040095549379736e-03 6.040681673338755e-03 6.041267797297775e-03 6.041853921256795e-03 6.042440045215814e-03</slantRangeTime>
        <elevationAngle count="676">3.239747e+01 3.240551e+01 3.241354e+01 3.242156e+01 3.242958e+01 3.243760e+01 3.244561e+01 3.245362e+01 3.246163e+01 3.246963e+01 3.247763e+01 3.248563e+01 3.249362e+01 3.250161e+01 3.250960e+01 3.251758e+01 3.252556e+01 3.253353e+01 3.254150e+01 3.254947e+01 3.255744e+01 3.256540e+01 3.257336e+01 3.258131e+01 3.258926e+01 3.259721e+01 3.260515e+01 3.261309e+01 3.262103e+01 3.262896e+01 3.263689e+01 3.264481e+01 3.265274e+01 3.266066e+01 3.266857e+01 3.267648e+01 3.268439e+01 3.269230e+01 3.270020e+01 3.270810e+01 3.271599e+01 3.272388e+01 3.273177e+01 3.273965e+01 3.274754e+01 3.275541e+01 3.276329e+01 3.277116e+01 3.277903e+01 3.278689e+01 3.279475e+01 3.280261e+01 3.281046e+01 3.281831e+01 3.282616e+01 3.283400e+01 3.284184e+01 3.284968e+01 3.285751e+01 3.286534e+01 3.287317e+01 3.288099e+01 3.288881e+01 3.289662e+01 3.290443e+01 3.291224e+01 3.292005e+01 3.292785e+01 3.293565e+01 3.294345e+01 3.295124e+01 3.295903e+01 3.296682e+01 3.297460e+01 3.298238e+01 3.299015e+01 3.299792e+01 3.300569e+01 3.301346e+01 3.302122e+01 3.302898e+01 3.303673e+01 3.304448e+01 3.305223e+01 3.305998e+01 3.306772e+01 3.307546e+01 3.308319e+01 3.309093e+01 3.309866e+01 3.310638e+01 3.311410e+01 3.312182e+01 3.312954e+01 3.313725e+01 3.314496e+01 3.315266e+01 3.316037e+01 3.316806e+01 3.317576e+01 3.318345e+01 3.319114e+01 3.319883e+01 3.320651e+01 3.321419e+01 3.322186e+01 3.322954e+01 3.323721e+01 3.324487e+01 3.325254e+01 3.326019e+01 3.326785e+01 3.327551e+01 3.328315e+01 3.329080e+01 3.329844e+01 3.330608e+01 3.331372e+01 3.332135e+01 3.332898e+01 3.333661e+01 3.334423e+01 3.335186e+01 3.335947e+01 3.336709e+01 3.337470e+01 3.338231e+01 3.338991e+01 3.339751e+01 3.340511e+01 3.341270e+01 3.342030e+01 3.342788e+01 3.343547e+01 3.344305e+01 3.345063e+01 3.345821e+01 3.346578e+01 3.347335e+01 3.348091e+01 3.348848e+01 3.349604e+01 3.350359e+01 3.351115e+01 3.351870e+01 3.352624e+01 3.353379e+01 3.354132e+01 3.354886e+01 3.355640e+01 3.356393e+01 3.357146e+01 3.357898e+01 3.358650e+01 3.359402e+01 3.360154e+01 3.360905e+01 3.361656e+01 3.362406e+01 3.363157e+01 3.363906e+01 3.364656e+01 3.365406e+01 3.366154e+01 3.366903e+01 3.367652e+01 3.368400e+01 3.369147e+01 3.369895e+01 3.370642e+01 3.371389e+01 3.372136e+01 3.372882e+01 3.373627e+01 3.374373e+01 3.375119e+01 3.375863e+01 3.376608e+01 3.377353e+01 3.378096e+01 3.378840e+01 3.379584e+01 3.380327e+01 3.381070e+01 3.381812e+01 3.382554e+01 3.383296e+01 3.384038e+01 3.384779e+01 3.385520e+01 3.386261e+01 3.387001e+01 3.387741e+01 3.388481e+01 3.389220e+01 3.389959e+01 3.390698e+01 3.391437e+01 3.392175e+01 3.392913e+01 3.393650e+01 3.394388e+01 3.395125e+01 3.395861e+01 3.396598e+01 3.397334e+01 3.398070e+01 3.398805e+01 3.399540e+01 3.400275e+01 3.401010e+01 3.401744e+01 3.402478e+01 3.403212e+01 3.403945e+01 3.404678e+01 3.405411e+01 3.406144e+01 3.406876e+01 3.407608e+01 3.408339e+01 3.409071e+01 3.409801e+01 3.410532e+01 3.411263e+01 3.411993e+01 3.412722e+01 3.413452e+01 3.414181e+01 3.414910e+01 3.415639e+01 3.416367e+01 3.417095e+01 3.417823e+01 3.418550e+01 3.419277e+01 3.420004e+01 3.420731e+01 3.421457e+01 3.422182e+01 3.422908e+01 3.423634e+01 3.424359e+01 3.425084e+01 3.425808e+01 3.426532e+01 3.427256e+01 3.427980e+01 3.428703e+01 3.429426e+01 3.430148e+01 3.430871e+01 3.431593e+01 3.432315e+01 3.433036e+01 3.433758e+01 3.434479e+01 3.435199e+01 3.435920e+01 3.436640e+01 3.437360e+01 3.438079e+01 3.438798e+01 3.439517e+01 3.440236e+01 3.440954e+01 3.441672e+01 3.442390e+01 3.443107e+01 3.443825e+01 3.444542e+01 3.445258e+01 3.445974e+01 3.446690e+01 3.447406e+01 3.448122e+01 3.448837e+01 3.449552e+01 3.450266e+01 3.450981e+01 3.451695e+01 3.452409e+01 3.453122e+01 3.453835e+01 3.454548e+01 3.455260e+01 3.455973e+01 3.456685e+01 3.457397e+01 3.458108e+01 3.458819e+01 3.459530e+01 3.460241e+01 3.460951e+01 3.461661e+01 3.462371e+01 3.463081e+01 3.463790e+01 3.464499e+01 3.465207e+01 3.465916e+01 3.466624e+01 3.467331e+01 3.468039e+01 3.468746e+01 3.469453e+01 3.470160e+01 3.470866e+01 3.471572e+01 3.472278e+01 3.472984e+01 3.473689e+01 3.474394e+01 3.475099e+01 3.475803e+01 3.476507e+01 3.477211e+01 3.477915e+01 3.478618e+01 3.479321e+01 3.480024e+01 3.480726e+01 3.481429e+01 3.482130e+01 3.482832e+01 3.483533e+01 3.484235e+01 3.484935e+01 3.485636e+01 3.486336e+01 3.487036e+01 3.487736e+01 3.488435e+01 3.489135e+01 3.489833e+01 3.490532e+01 3.491230e+01 3.491928e+01 3.492626e+01 3.493324e+01 3.494021e+01 3.494718e+01 3.495415e+01 3.496111e+01 3.496807e+01 3.497503e+01 3.498199e+01 3.498894e+01 3.499589e+01 3.500284e+01 3.500978e+01 3.501673e+01 3.502367e+01 3.503061e+01 3.503754e+01 3.504447e+01 3.505140e+01 3.505833e+01 3.506525e+01 3.507217e+01 3.507909e+01 3.508601e+01 3.509292e+01 3.509983e+01 3.510674e+01 3.511364e+01 3.512054e+01 3.512744e+01 3.513434e+01 3.514123e+01 3.514812e+01 3.515501e+01 3.516190e+01 3.516878e+01 3.517566e+01 3.518254e+01 3.518941e+01 3.519629e+01 3.520316e+01 3.521003e+01 3.521689e+01 3.522375e+01 3.523061e+01 3.523747e+01 3.524432e+01 3.525117e+01 3.525802e+01 3.526487e+01 3.527171e+01 3.527855e+01 3.528539e+01 3.529222e+01 3.529906e+01 3.530589e+01 3.531272e+01 3.531954e+01 3.532637e+01 3.533318e+01 3.534000e+01 3.534682e+01 3.535363e+01 3.536044e+01 3.536724e+01 3.537405e+01 3.538085e+01 3.538765e+01 3.539444e+01 3.540124e+01 3.540803e+01 3.541482e+01 3.542160e+01 3.542839e+01 3.543517e+01 3.544194e+01 3.544872e+01 3.545549e+01 3.546227e+01 3.546903e+01 3.547580e+01 3.548256e+01 3.548932e+01 3.549607e+01 3.550283e+01 3.550958e+01 3.551633e+01 3.552308e+01 3.552982e+01 3.553656e+01 3.554330e+01 3.555004e+01 3.555677e+01 3.556351e+01 3.557024e+01 3.557696e+01 3.558369e+01 3.559041e+01 3.559713e+01 3.560384e+01 3.561055e+01 3.561727e+01 3.562397e+01 3.563068e+01 3.563739e+01 3.564408e+01 3.565078e+01 3.565748e+01 3.566417e+01 3.567086e+01 3.567755e+01 3.568424e+01 3.569092e+01 3.569760e+01 3.570428e+01 3.571096e+01 3.571763e+01 3.572430e+01 3.573097e+01 3.573763e+01 3.574430e+01 3.575096e+01 3.575761e+01 3.576427e+01 3.577092e+01 3.577757e+01 3.578422e+01 3.579087e+01 3.579751e+01 3.580415e+01 3.581079e+01 3.581742e+01 3.582405e+01 3.583068e+01 3.583731e+01 3.584394e+01 3.585056e+01 3.585718e+01 3.586380e+01 3.587041e+01 3.587703e+01 3.588364e+01 3.589025e+01 3.589685e+01 3.590346e+01 3.591006e+01 3.591666e+01 3.592325e+01 3.592984e+01 3.593644e+01 3.594302e+01 3.594961e+01 3.595619e+01 3.596277e+01 3.596935e+01 3.597593e+01 3.598250e+01 3.598907e+01 3.599564e+01 3.600220e+01 3.600877e+01 3.601533e+01 3.602189e+01 3.602845e+01 3.603500e+01 3.604155e+01 3.604810e+01 3.605465e+01 3.606119e+01 3.606773e+01 3.607427e+01 3.608081e+01 3.608735e+01 3.609388e+01 3.610041e+01 3.610693e+01 3.611346e+01 3.611998e+01 3.612650e+01 3.613302e+01 3.613953e+01 3.614605e+01 3.615255e+01 3.615906e+01 3.616557e+01 3.617207e+01 3.617857e+01 3.618507e+01 3.619157e+01 3.619806e+01 3.620455e+01 3.621104e+01 3.621753e+01 3.622401e+01 3.623049e+01 3.623697e+01 3.624345e+01 3.624992e+01 3.625639e+01 3.626286e+01 3.626933e+01 3.627579e+01 3.628226e+01 3.628872e+01 3.629517e+01 3.630163e+01 3.630808e+01 3.631453e+01 3.632098e+01 3.632743e+01 3.633387e+01 3.634031e+01 3.634675e+01 3.635318e+01 3.635962e+01 3.636605e+01 3.637248e+01 3.637891e+01 3.638533e+01 3.639175e+01 3.639817e+01 3.640459e+01 3.641100e+01 3.641742e+01 3.642383e+01 3.643024e+01 3.643664e+01 3.644305e+01 3.644944e+01 3.645584e+01 3.646224e+01 3.646864e+01 3.647503e+01 3.648141e+01 3.648780e+01 3.649419e+01 3.650057e+01 3.650695e+01 3.651333e+01 3.651970e+01 3.652608e+01 3.653245e+01 3.653881e+01 3.654518e+01 3.655154e+01 3.655791e+01 3.656427e+01 3.657062e+01 3.657698e+01 3.658333e+01 3.658968e+01 3.659603e+01 3.660237e+01 3.660872e+01 3.661506e+01 3.662139e+01 3.662773e+01 3.663406e+01 3.664040e+01 3.664672e+01 3.665305e+01 3.665937e+01 3.666570e+01 3.667202e+01 3.667834e+01 3.668465e+01 3.669096e+01 3.669727e+01 3.670358e+01 3.670989e+01 3.671619e+01 3.672250e+01 3.672879e+01 3.673509e+01 3.674139e+01 3.674768e+01 3.675397e+01 3.676026e+01 3.676654e+01 3.677283e+01 3.677911e+01 3.678539e+01 3.679166e+01 3.679794e+01 3.680421e+01 3.681048e+01 3.681675e+01 3.682302e+01 3.682928e+01 3.683554e+01 3.684180e+01 3.684806e+01 3.685431e+01 3.686056e+01 3.686681e+01 3.687306e+01 3.687931e+01 3.688555e+01 3.689179e+01 3.689803e+01 3.690427e+01 3.691050e+01 3.691673e+01 3.692296e+01 3.692919e+01 3.693541e+01 3.694164e+01 3.694786e+01 3.695407e+01 3.696029e+01 3.696651e+01 3.697272e+01 3.697893e+01 3.698513e+01 3.699134e+01 3.699754e+01 3.700375e+01 3.700994e+01 3.701614e+01 3.702234e+01 3.702853e+01 3.703472e+01 3.704090e+01 3.704709e+01 3.705327e+01 3.705946e+01 3.706563e+01 3.707181e+01 3.707798e+01 3.708416e+01 3.709033e+01 3.709650e+01 3.710266e+01 3.710883e+01 3.711499e+01 3.712114e+01 3.712730e+01 3.713346e+01</elevationAngle>
        <elevationPattern count="676">-3.057916e+13 2.716143e+14 -3.067552e+13 2.733557e+14 -3.075260e+13 2.751219e+14 -3.082963e+13 2.768873e+14 -3.090663e+13 2.786520e+14 -3.098360e+13 2.804159e+14 -3.106053e+13 2.821789e+14 -3.113744e+13 2.839413e+14 -3.119108e+13 2.856873e+14 -3.124391e+13 2.874321e+14 -3.129671e+13 2.891761e+14 -3.134947e+13 2.909192e+14 -3.140222e+13 2.926616e+14 -3.145496e+13 2.944033e+14 -3.148827e+13 2.961556e+14 -3.151381e+13 2.979117e+14 -3.153934e+13 2.996669e+14 -3.156486e+13 3.014215e+14 -3.159036e+13 3.031752e+14 -3.161586e+13 3.049281e+14 -3.162787e+13 3.066803e+14 -3.162310e+13 3.084318e+14 -3.161833e+13 3.101825e+14 -3.161355e+13 3.119323e+14 -3.160878e+13 3.136815e+14 -3.160401e+13 3.154297e+14 -3.159445e+13 3.171748e+14 -3.155953e+13 3.189059e+14 -3.152459e+13 3.206358e+14 -3.148970e+13 3.223653e+14 -3.145480e+13 3.240938e+14 -3.141993e+13 3.258218e+14 -3.138508e+13 3.275489e+14 -3.132181e+13 3.292752e+14 -3.125374e+13 3.310008e+14 -3.118569e+13 3.327256e+14 -3.111768e+13 3.344497e+14 -3.104969e+13 3.361730e+14 -3.098174e+13 3.378956e+14 -3.089613e+13 3.396174e+14 -3.079508e+13 3.413384e+14 -3.069407e+13 3.430587e+14 -3.059311e+13 3.447783e+14 -3.049219e+13 3.464971e+14 -3.039132e+13 3.482151e+14 -3.028316e+13 3.499294e+14 -3.014458e+13 3.516302e+14 -3.000606e+13 3.533303e+14 -2.986759e+13 3.550295e+14 -2.972920e+13 3.567282e+14 -2.959086e+13 3.584260e+14 -2.945257e+13 3.601230e+14 -2.928281e+13 3.618062e+14 -2.910696e+13 3.634860e+14 -2.893121e+13 3.651653e+14 -2.875552e+13 3.668437e+14 -2.857991e+13 3.685214e+14 -2.840438e+13 3.701985e+14 -2.821082e+13 3.718674e+14 -2.799629e+13 3.735272e+14 -2.778185e+13 3.751864e+14 -2.756751e+13 3.768449e+14 -2.735326e+13 3.785026e+14 -2.713910e+13 3.801595e+14 -2.692231e+13 3.818136e+14 -2.666930e+13 3.834380e+14 -2.641638e+13 3.850614e+14 -2.616358e+13 3.866844e+14 -2.591089e+13 3.883065e+14 -2.565832e+13 3.899281e+14 -2.540585e+13 3.915489e+14 -2.512574e+13 3.931588e+14 -2.483144e+13 3.947624e+14 -2.453728e+13 3.963657e+14 -2.424325e+13 3.979682e+14 -2.394933e+13 3.995698e+14 -2.365554e+13 4.011708e+14 -2.335180e+13 4.027676e+14 -2.301478e+13 4.043517e+14 -2.267791e+13 4.059352e+14 -2.234118e+13 4.075179e+14 -2.200460e+13 4.091000e+14 -2.166816e+13 4.106814e+14 -2.133187e+13 4.122621e+14 -2.096284e+13 4.138057e+14 -2.058504e+13 4.153387e+14 -2.020739e+13 4.168709e+14 -1.982991e+13 4.184025e+14 -1.945259e+13 4.199334e+14 -1.907543e+13 4.214638e+14 -1.868397e+13 4.229882e+14 -1.826235e+13 4.245018e+14 -1.784091e+13 4.260147e+14 -1.741965e+13 4.275269e+14 -1.699857e+13 4.290386e+14 -1.657767e+13 4.305495e+14 -1.615695e+13 4.320598e+14 -1.569885e+13 4.335434e+14 -1.523383e+13 4.350216e+14 -1.476902e+13 4.364992e+14 -1.430441e+13 4.379761e+14 -1.383999e+13 4.394525e+14 -1.337577e+13 4.409281e+14 -1.289713e+13 4.423926e+14 -1.239046e+13 4.438363e+14 -1.188400e+13 4.452792e+14 -1.137776e+13 4.467218e+14 -1.087174e+13 4.481636e+14 -1.036593e+13 4.496048e+14 -9.860342e+12 4.510455e+14 -9.317638e+12 4.524602e+14 -8.767153e+12 4.538691e+14 -8.216898e+12 4.552770e+14 -7.666882e+12 4.566847e+14 -7.117098e+12 4.580916e+14 -6.567549e+12 4.594980e+14 -6.005420e+12 4.608907e+14 -5.411737e+12 4.622499e+14 -4.818306e+12 4.636085e+14 -4.225130e+12 4.649667e+14 -3.632207e+12 4.663246e+14 -3.039533e+12 4.676815e+14 -2.447111e+12 4.690380e+14 -1.823003e+12 4.703715e+14 -1.187530e+12 4.716964e+14 -5.523271e+11 4.730205e+14 8.260692e+10 4.743443e+14 7.172721e+11 4.756675e+14 1.351669e+12 4.769902e+14 1.992847e+12 4.783049e+14 2.670605e+12 4.795808e+14 3.348077e+12 4.808562e+14 4.025262e+12 4.821311e+14 4.702161e+12 4.834054e+14 5.378774e+12 4.846792e+14 6.055102e+12 4.859524e+14 6.755485e+12 4.872077e+14 7.473951e+12 4.884497e+14 8.192115e+12 4.896910e+14 8.909972e+12 4.909318e+14 9.627533e+12 4.921723e+14 1.034478e+13 4.934118e+14 1.106174e+13 4.946511e+14 1.181844e+13 4.958464e+14 1.257647e+13 4.970392e+14 1.333417e+13 4.982315e+14 1.409156e+13 4.994235e+14 1.484864e+13 5.006149e+14 1.560539e+13 5.018059e+14 1.637587e+13 5.029863e+14 1.717416e+13 5.041460e+14 1.797212e+13 5.053052e+14 1.876974e+13 5.064642e+14 1.956703e+13 5.076225e+14 2.036399e+13 5.087804e+14 2.116061e+13 5.099377e+14 2.198371e+13 5.110635e+14 2.281872e+13 5.121750e+14 2.365337e+13 5.132858e+14 2.448767e+13 5.143963e+14 2.532162e+13 5.155061e+14 2.615523e+13 5.166156e+14 2.698932e+13 5.177233e+14 2.785967e+13 5.187719e+14 2.872967e+13 5.198202e+14 2.959929e+13 5.208677e+14 3.046857e+13 5.219152e+14 3.133748e+13 5.229620e+14 3.220603e+13 5.240085e+14 3.308737e+13 5.250444e+14 3.399402e+13 5.260600e+14 3.490030e+13 5.270752e+14 3.580620e+13 5.280901e+14 3.671173e+13 5.291045e+14 3.761688e+13 5.301186e+14 3.852165e+13 5.311321e+14 3.944787e+13 5.321169e+14 4.038615e+13 5.330849e+14 4.132402e+13 5.340524e+14 4.226153e+13 5.350198e+14 4.319863e+13 5.359867e+14 4.413535e+13 5.369531e+14 4.507168e+13 5.379191e+14 4.603620e+13 5.388439e+14 4.700294e+13 5.397646e+14 4.796929e+13 5.406851e+14 4.893523e+13 5.416049e+14 4.990076e+13 5.425245e+14 5.086591e+13 5.434438e+14 5.183667e+13 5.443521e+14 5.283507e+13 5.452111e+14 5.383307e+13 5.460700e+14 5.483067e+13 5.469285e+14 5.582783e+13 5.477865e+14 5.682459e+13 5.486442e+14 5.782096e+13 5.495018e+14 5.882864e+13 5.503463e+14 5.985223e+13 5.511735e+14 6.087541e+13 5.520003e+14 6.189816e+13 5.528269e+14 6.292048e+13 5.536529e+14 6.394237e+13 5.544786e+14 6.496386e+13 5.553040e+14 6.600099e+13 5.560913e+14 6.704670e+13 5.568573e+14 6.809195e+13 5.576229e+14 6.913676e+13 5.583881e+14 7.018114e+13 5.591528e+14 7.122511e+13 5.599175e+14 7.226866e+13 5.606818e+14 7.333413e+13 5.614210e+14 7.440321e+13 5.621551e+14 7.547190e+13 5.628892e+14 7.654015e+13 5.636231e+14 7.760793e+13 5.643563e+14 7.867530e+13 5.650894e+14 7.974276e+13 5.658205e+14 8.082684e+13 5.664944e+14 8.191044e+13 5.671677e+14 8.299364e+13 5.678413e+14 8.407638e+13 5.685143e+14 8.515866e+13 5.691870e+14 8.624049e+13 5.698593e+14 8.732422e+13 5.705232e+14 8.841688e+13 5.711513e+14 8.950908e+13 5.717792e+14 9.060084e+13 5.724067e+14 9.169218e+13 5.730343e+14 9.278303e+13 5.736612e+14 9.387348e+13 5.742881e+14 9.496993e+13 5.748997e+14 9.607840e+13 5.754823e+14 9.718642e+13 5.760646e+14 9.829400e+13 5.766468e+14 9.940110e+13 5.772287e+14 1.005078e+14 5.778104e+14 1.016140e+14 5.783920e+14 1.027191e+14 5.789528e+14 1.038230e+14 5.794901e+14 1.049264e+14 5.800274e+14 1.060294e+14 5.805644e+14 1.071319e+14 5.811010e+14 1.082340e+14 5.816375e+14 1.093356e+14 5.821740e+14 1.104535e+14 5.826847e+14 1.115833e+14 5.831773e+14 1.127125e+14 5.836696e+14 1.138413e+14 5.841615e+14 1.149696e+14 5.846534e+14 1.160975e+14 5.851452e+14 1.172249e+14 5.856366e+14 1.183519e+14 5.860892e+14 1.194784e+14 5.865225e+14 1.206044e+14 5.869555e+14 1.217300e+14 5.873884e+14 1.228552e+14 5.878213e+14 1.239799e+14 5.882538e+14 1.251041e+14 5.886861e+14 1.262279e+14 5.890759e+14 1.273512e+14 5.894504e+14 1.284741e+14 5.898246e+14 1.295965e+14 5.901988e+14 1.307185e+14 5.905728e+14 1.318400e+14 5.909466e+14 1.329611e+14 5.913203e+14 1.340817e+14 5.916715e+14 1.352018e+14 5.920158e+14 1.363215e+14 5.923604e+14 1.374408e+14 5.927047e+14 1.385597e+14 5.930492e+14 1.396780e+14 5.933934e+14 1.407959e+14 5.937372e+14 1.419251e+14 5.940226e+14 1.430564e+14 5.942946e+14 1.441873e+14 5.945666e+14 1.453177e+14 5.948385e+14 1.464477e+14 5.951103e+14 1.475772e+14 5.953818e+14 1.487064e+14 5.956536e+14 1.498231e+14 5.958894e+14 1.509370e+14 5.961177e+14 1.520505e+14 5.963464e+14 1.531634e+14 5.965745e+14 1.542760e+14 5.968029e+14 1.553881e+14 5.970309e+14 1.564998e+14 5.972590e+14 1.575993e+14 5.974520e+14 1.586958e+14 5.976370e+14 1.597919e+14 5.978220e+14 1.608876e+14 5.980070e+14 1.619828e+14 5.981918e+14 1.630776e+14 5.983768e+14 1.641719e+14 5.985613e+14 1.652659e+14 5.987012e+14 1.663593e+14 5.988290e+14 1.674523e+14 5.989566e+14 1.685450e+14 5.990845e+14 1.696371e+14 5.992121e+14 1.707288e+14 5.993396e+14 1.718202e+14 5.994674e+14 1.729005e+14 5.995526e+14 1.739768e+14 5.996236e+14 1.750526e+14 5.996943e+14 1.761280e+14 5.997650e+14 1.772031e+14 5.998359e+14 1.782776e+14 5.999063e+14 1.793517e+14 5.999770e+14 1.804064e+14 6.000095e+14 1.814514e+14 6.000237e+14 1.824960e+14 6.000377e+14 1.835402e+14 6.000518e+14 1.845840e+14 6.000660e+14 1.856274e+14 6.000801e+14 1.866703e+14 6.000940e+14 1.877046e+14 6.000833e+14 1.887327e+14 6.000555e+14 1.897603e+14 6.000270e+14 1.907876e+14 5.999990e+14 1.918144e+14 5.999708e+14 1.928409e+14 5.999427e+14 1.938669e+14 5.999147e+14 1.948791e+14 5.998595e+14 1.958761e+14 5.997751e+14 1.968729e+14 5.996910e+14 1.978693e+14 5.996069e+14 1.988652e+14 5.995226e+14 1.998608e+14 5.994386e+14 2.008561e+14 5.993546e+14 2.018458e+14 5.992554e+14 2.028261e+14 5.991293e+14 2.038062e+14 5.990036e+14 2.047858e+14 5.988776e+14 2.057650e+14 5.987516e+14 2.067438e+14 5.986257e+14 2.077223e+14 5.984999e+14 2.086918e+14 5.983599e+14 2.096276e+14 5.981643e+14 2.105630e+14 5.979688e+14 2.114980e+14 5.977735e+14 2.124327e+14 5.975781e+14 2.133670e+14 5.973830e+14 2.143010e+14 5.971879e+14 2.152336e+14 5.969912e+14 2.161389e+14 5.967543e+14 2.170439e+14 5.965177e+14 2.179486e+14 5.962811e+14 2.188529e+14 5.960448e+14 2.197568e+14 5.958081e+14 2.206604e+14 5.955718e+14 2.215636e+14 5.953355e+14 2.224312e+14 5.950642e+14 2.232920e+14 5.947864e+14 2.241525e+14 5.945088e+14 2.250127e+14 5.942313e+14 2.258726e+14 5.939540e+14 2.267322e+14 5.936767e+14 2.275913e+14 5.933996e+14 2.284325e+14 5.930781e+14 2.292633e+14 5.927321e+14 2.300938e+14 5.923859e+14 2.309240e+14 5.920400e+14 2.317539e+14 5.916943e+14 2.325835e+14 5.913487e+14 2.334126e+14 5.910032e+14 2.342187e+14 5.906406e+14 2.349920e+14 5.902539e+14 2.357651e+14 5.898674e+14 2.365378e+14 5.894810e+14 2.373102e+14 5.890947e+14 2.380823e+14 5.887088e+14 2.388542e+14 5.883228e+14 2.396212e+14 5.879259e+14 2.403650e+14 5.874715e+14 2.411084e+14 5.870171e+14 2.418514e+14 5.865629e+14 2.425943e+14 5.861090e+14 2.433368e+14 5.856553e+14 2.440791e+14 5.852018e+14 2.448210e+14 5.847483e+14 2.455014e+14 5.842584e+14 2.461741e+14 5.837640e+14 2.468465e+14 5.832699e+14 2.475188e+14 5.827759e+14 2.481908e+14 5.822825e+14 2.488624e+14 5.817888e+14 2.495338e+14 5.812954e+14 2.501885e+14 5.807777e+14 2.508321e+14 5.802438e+14 2.514753e+14 5.797099e+14 2.521184e+14 5.791762e+14 2.527611e+14 5.786430e+14 2.534037e+14 5.781097e+14 2.540460e+14 5.775768e+14 2.546680e+14 5.770240e+14 2.552415e+14 5.764231e+14 2.558148e+14 5.758225e+14 2.563879e+14 5.752222e+14 2.569607e+14 5.746219e+14 2.575334e+14 5.740220e+14 2.581058e+14 5.734224e+14 2.586781e+14 5.728231e+14 2.591977e+14 5.721845e+14 2.597150e+14 5.715448e+14 2.602320e+14 5.709050e+14 2.607490e+14 5.702658e+14 2.612656e+14 5.696265e+14 2.617822e+14 5.689879e+14 2.622985e+14 5.683493e+14 2.627815e+14 5.676778e+14 2.632431e+14 5.669854e+14 2.637044e+14 5.662931e+14 2.641658e+14 5.656014e+14 2.646269e+14 5.649098e+14 2.650877e+14 5.642184e+14 2.655485e+14 5.635272e+14 2.659963e+14 5.628237e+14 2.664024e+14 5.620788e+14 2.668085e+14 5.613344e+14 2.672144e+14 5.605903e+14 2.676201e+14 5.598464e+14 2.680258e+14 5.591029e+14 2.684312e+14 5.583596e+14 2.688364e+14 5.576165e+14 2.691846e+14 5.568395e+14 2.695221e+14 5.560566e+14 2.698595e+14 5.552741e+14 2.701967e+14 5.544917e+14 2.705338e+14 5.537096e+14 2.708707e+14 5.529278e+14 2.712076e+14 5.521464e+14 2.715212e+14 5.513364e+14 2.718039e+14 5.504882e+14 2.720865e+14 5.496404e+14 2.723691e+14 5.487928e+14 2.726515e+14 5.479457e+14 2.729338e+14 5.470988e+14 2.732159e+14 5.462522e+14 2.734979e+14 5.454060e+14 2.737133e+14 5.445334e+14 2.739281e+14 5.436609e+14 2.741428e+14 5.427889e+14 2.743573e+14 5.419170e+14 2.745719e+14 5.410457e+14 2.747863e+14 5.401745e+14 2.750006e+14 5.393037e+14 2.751790e+14 5.383973e+14 2.753263e+14 5.374604e+14 2.754734e+14 5.365234e+14 2.756206e+14 5.355872e+14 2.757677e+14 5.346512e+14 2.759147e+14 5.337155e+14 2.760618e+14 5.327805e+14 2.762055e+14 5.318430e+14 2.762989e+14 5.308683e+14 2.763924e+14 5.298941e+14 2.764858e+14 5.289203e+14 2.765790e+14 5.279466e+14 2.766724e+14 5.269734e+14 2.767657e+14 5.260007e+14 2.768590e+14 5.250283e+14 2.769075e+14 5.240265e+14 2.769208e+14 5.230016e+14 2.769340e+14 5.219769e+14 2.769473e+14 5.209528e+14 2.769607e+14 5.199290e+14 2.769740e+14 5.189056e+14 2.769873e+14 5.178827e+14 2.769980e+14 5.168585e+14 2.769448e+14 5.157963e+14 2.768918e+14 5.147348e+14 2.768387e+14 5.136734e+14 2.767856e+14 5.126126e+14 2.767326e+14 5.115521e+14 2.766796e+14 5.104921e+14 2.766266e+14 5.094323e+14 2.765473e+14 5.083533e+14 2.764414e+14 5.072547e+14 2.763356e+14 5.061566e+14 2.762297e+14 5.050588e+14 2.761240e+14 5.039615e+14 2.760183e+14 5.028646e+14 2.759126e+14 5.017681e+14 2.758069e+14 5.006719e+14 2.756274e+14 4.995270e+14 2.754426e+14 4.983789e+14 2.752579e+14 4.972312e+14 2.750732e+14 4.960838e+14 2.748888e+14 4.949372e+14 2.747042e+14 4.937907e+14 2.745199e+14 4.926449e+14 2.743126e+14 4.914857e+14 2.740625e+14 4.903010e+14 2.738125e+14 4.891168e+14 2.735626e+14 4.879332e+14 2.733128e+14 4.867500e+14 2.730631e+14 4.855672e+14 2.728134e+14 4.843847e+14 2.725640e+14 4.832030e+14 2.722755e+14 4.819922e+14 2.719737e+14 4.807719e+14 2.716719e+14 4.795518e+14 2.713704e+14 4.783323e+14 2.710689e+14 4.771134e+14 2.707675e+14 4.758948e+14 2.704663e+14 4.746766e+14 2.701575e+14 4.734544e+14 2.697911e+14 4.721980e+14 2.694247e+14 4.709419e+14 2.690586e+14 4.696864e+14 2.686924e+14 4.684312e+14 2.683265e+14 4.671767e+14 2.679607e+14 4.659225e+14 2.675951e+14 4.646689e+14 2.671991e+14 4.633912e+14 2.667685e+14 4.620864e+14 2.663381e+14 4.607820e+14 2.659078e+14 4.594781e+14 2.654775e+14 4.581744e+14 2.650476e+14 4.568714e+14 2.646177e+14 4.555689e+14 2.641880e+14 4.542668e+14 2.637275e+14 4.529342e+14 2.632591e+14 4.515941e+14 2.627908e+14 4.502544e+14 2.623229e+14 4.489154e+14 2.618550e+14 4.475767e+14 2.613872e+14 4.462385e+14 2.609197e+14 4.449009e+14 2.604458e+14 4.435611e+14 2.599138e+14 4.421987e+14 2.593818e+14 4.408364e+14 2.588502e+14 4.394749e+14 2.583187e+14 4.381138e+14 2.577874e+14 4.367530e+14 2.572564e+14 4.353931e+14 2.567255e+14 4.340336e+14 2.561698e+14 4.326593e+14 2.555746e+14 4.312620e+14 2.549796e+14 4.298651e+14 2.543848e+14 4.284687e+14 2.537902e+14 4.270728e+14 2.531960e+14 4.256775e+14 2.526019e+14 4.242827e+14 2.520080e+14 4.228883e+14 2.513892e+14 4.214861e+14 2.507571e+14 4.200800e+14 2.501251e+14 4.186743e+14 2.494935e+14 4.172691e+14 2.488620e+14 4.158645e+14 2.482309e+14 4.144605e+14 2.475998e+14 4.130567e+14 2.469691e+14 4.116537e+14 2.462813e+14 4.102167e+14 2.455866e+14 4.087760e+14 2.448923e+14 4.073359e+14 2.441982e+14 4.058963e+14 2.435043e+14 4.044572e+14 2.428108e+14 4.030187e+14 2.421174e+14 4.015805e+14 2.414201e+14 4.001403e+14 2.406888e+14 3.986777e+14 2.399578e+14 3.972156e+14 2.392270e+14 3.957541e+14 2.384965e+14 3.942930e+14 2.377663e+14 3.928325e+14 2.370363e+14 3.913726e+14 2.363066e+14 3.899131e+14 2.355655e+14 3.884505e+14 2.347978e+14 3.869792e+14 2.340305e+14 3.855085e+14 2.332636e+14 3.840386e+14 2.324968e+14 3.825689e+14 2.317304e+14 3.811000e+14 2.309643e+14 3.796315e+14 2.301984e+14 3.781635e+14 2.294144e+14 3.766901e+14 2.286108e+14 3.752104e+14 2.278076e+14 3.737314e+14 2.270045e+14 3.722528e+14 2.262018e+14 3.707748e+14 2.253994e+14 3.692974e+14 2.245973e+14 3.678205e+14 2.237955e+14 3.663441e+14 2.229698e+14 3.648601e+14 2.221304e+14 3.633722e+14 2.212914e+14 3.618847e+14 2.204526e+14 3.603978e+14 2.196140e+14 3.589112e+14 2.187759e+14 3.574254e+14 2.179380e+14 3.559400e+14 2.171004e+14 3.544553e+14 2.162342e+14 3.529614e+14 2.153591e+14 3.514649e+14 2.144845e+14 3.499691e+14 2.136101e+14 3.484737e+14 2.127360e+14 3.469790e+14 2.118623e+14 3.454848e+14 2.109889e+14 3.439911e+14 2.101157e+14 3.424980e+14 2.092320e+14 3.409944e+14 2.083469e+14 3.394897e+14 2.074620e+14 3.379855e+14 2.065776e+14 3.364818e+14 2.056934e+14 3.349788e+14 2.048095e+14 3.334762e+14 2.039261e+14 3.319743e+14 2.030428e+14 3.304727e+14 2.021240e+14 3.289719e+14 2.012035e+14 3.274715e+14 2.002835e+14 3.259717e+14 1.993637e+14 3.244724e+14 1.984443e+14 3.229736e+14 1.975252e+14 3.214754e+14 1.966066e+14 3.199778e+14 1.956880e+14 3.184807e+14 1.947574e+14 3.169841e+14 1.938270e+14 3.154881e+14 1.928971e+14 3.139925e+14 1.919673e+14 3.124975e+14 1.910381e+14 3.110031e+14 1.901091e+14 3.095093e+14 1.891805e+14 3.080160e+14 1.882515e+14 3.065230e+14 1.873110e+14 3.050308e+14 1.863709e+14 3.035391e+14 1.854310e+14 3.020478e+14 1.844914e+14 3.005571e+14 1.835523e+14 2.990669e+14 1.826135e+14 2.975774e+14 1.816750e+14 2.960883e+14 1.807360e+14 2.945998e+14 1.797857e+14 2.931118e+14 1.788357e+14 2.916243e+14 1.778860e+14 2.901374e+14 1.769367e+14 2.886510e+14 1.759878e+14 2.871652e+14 1.750392e+14 2.856798e+14 1.740909e+14 2.841949e+14 1.731422e+14 2.827115e+14 1.721822e+14 2.812402e+14 1.712224e+14 2.797695e+14 1.702630e+14 2.782992e+14 1.693040e+14 2.768295e+14 1.683453e+14 2.753603e+14 1.673869e+14 2.738916e+14 1.664289e+14 2.724236e+14 1.654713e+14 2.709564e+14 1.645139e+14 2.695017e+14 1.635570e+14 2.680476e+14 1.626003e+14 2.665939e+14 1.616440e+14 2.651409e+14 1.606880e+14 2.636883e+14 1.597324e+14 2.622362e+14 1.587771e+14 2.607847e+14 1.578222e+14 2.593337e+14 1.568676e+14 2.579074e+14 1.559133e+14 2.564822e+14 1.549594e+14 2.550575e+14 1.540058e+14 2.536333e+14 1.530526e+14 2.522096e+14 1.520996e+14 2.507865e+14 1.511471e+14 2.493639e+14 1.501949e+14 2.479417e+14 1.492430e+14 2.465201e+14 1.482914e+14 2.450989e+14 1.473402e+14 2.436782e+14 1.463893e+14 2.422581e+14 1.454388e+14 2.408385e+14 1.444886e+14 2.394194e+14 1.435387e+14 2.380007e+14 1.425892e+14 2.365826e+14 1.416499e+14 2.351946e+14 1.407134e+14 2.338145e+14 1.397772e+14 2.324348e+14 1.388413e+14 2.310556e+14 1.379058e+14 2.296769e+14</elevationPattern>
        <incidenceAngle count="676">3.651166e+01 3.652103e+01 3.653038e+01 3.653972e+01 3.654907e+01 3.655841e+01 3.656775e+01 3.657707e+01 3.658641e+01 3.659573e+01 3.660506e+01 3.661436e+01 3.662369e+01 3.663300e+01 3.664230e+01 3.665160e+01 3.666090e+01 3.667020e+01 3.667949e+01 3.668877e+01 3.669806e+01 3.670734e+01 3.671661e+01 3.672589e+01 3.673515e+01 3.674442e+01 3.675368e+01 3.676294e+01 3.677219e+01 3.678143e+01 3.679068e+01 3.679993e+01 3.680916e+01 3.681839e+01 3.682762e+01 3.683685e+01 3.684607e+01 3.685530e+01 3.686450e+01 3.687372e+01 3.688293e+01 3.689214e+01 3.690134e+01 3.691052e+01 3.691972e+01 3.692891e+01 3.693810e+01 3.694728e+01 3.695645e+01 3.696564e+01 3.697481e+01 3.698396e+01 3.699313e+01 3.700229e+01 3.701144e+01 3.702060e+01 3.702974e+01 3.703889e+01 3.704803e+01 3.705717e+01 3.706630e+01 3.707544e+01 3.708456e+01 3.709369e+01 3.710280e+01 3.711192e+01 3.712103e+01 3.713014e+01 3.713924e+01 3.714835e+01 3.715744e+01 3.716653e+01 3.717563e+01 3.718471e+01 3.719379e+01 3.720287e+01 3.721194e+01 3.722101e+01 3.723009e+01 3.723915e+01 3.724821e+01 3.725726e+01 3.726631e+01 3.727538e+01 3.728441e+01 3.729346e+01 3.730249e+01 3.731154e+01 3.732056e+01 3.732959e+01 3.733862e+01 3.734764e+01 3.735666e+01 3.736568e+01 3.737468e+01 3.738368e+01 3.739268e+01 3.740169e+01 3.741069e+01 3.741968e+01 3.742867e+01 3.743765e+01 3.744664e+01 3.745561e+01 3.746458e+01 3.747356e+01 3.748253e+01 3.749149e+01 3.750046e+01 3.750941e+01 3.751836e+01 3.752731e+01 3.753625e+01 3.754520e+01 3.755414e+01 3.756308e+01 3.757201e+01 3.758093e+01 3.758986e+01 3.759879e+01 3.760771e+01 3.761662e+01 3.762553e+01 3.763445e+01 3.764334e+01 3.765224e+01 3.766115e+01 3.767003e+01 3.767892e+01 3.768782e+01 3.769670e+01 3.770558e+01 3.771445e+01 3.772333e+01 3.773219e+01 3.774106e+01 3.774992e+01 3.775879e+01 3.776764e+01 3.777649e+01 3.778534e+01 3.779419e+01 3.780302e+01 3.781187e+01 3.782071e+01 3.782953e+01 3.783836e+01 3.784718e+01 3.785602e+01 3.786482e+01 3.787364e+01 3.788246e+01 3.789127e+01 3.790007e+01 3.790887e+01 3.791766e+01 3.792647e+01 3.793526e+01 3.794405e+01 3.795282e+01 3.796161e+01 3.797038e+01 3.797916e+01 3.798793e+01 3.799669e+01 3.800546e+01 3.801422e+01 3.802298e+01 3.803172e+01 3.804048e+01 3.804922e+01 3.805797e+01 3.806671e+01 3.807544e+01 3.808418e+01 3.809291e+01 3.810164e+01 3.811037e+01 3.811908e+01 3.812779e+01 3.813651e+01 3.814522e+01 3.815393e+01 3.816263e+01 3.817133e+01 3.818002e+01 3.818872e+01 3.819742e+01 3.820610e+01 3.821478e+01 3.822346e+01 3.823215e+01 3.824081e+01 3.824948e+01 3.825815e+01 3.826682e+01 3.827548e+01 3.828413e+01 3.829279e+01 3.830144e+01 3.831009e+01 3.831873e+01 3.832738e+01 3.833601e+01 3.834464e+01 3.835327e+01 3.836191e+01 3.837053e+01 3.837915e+01 3.838777e+01 3.839638e+01 3.840498e+01 3.841360e+01 3.842221e+01 3.843080e+01 3.843941e+01 3.844800e+01 3.845659e+01 3.846518e+01 3.847377e+01 3.848235e+01 3.849092e+01 3.849950e+01 3.850807e+01 3.851665e+01 3.852521e+01 3.853377e+01 3.854233e+01 3.855089e+01 3.855945e+01 3.856799e+01 3.857654e+01 3.858508e+01 3.859363e+01 3.860216e+01 3.861069e+01 3.861923e+01 3.862775e+01 3.863628e+01 3.864481e+01 3.865332e+01 3.866183e+01 3.867035e+01 3.867885e+01 3.868736e+01 3.869586e+01 3.870436e+01 3.871286e+01 3.872134e+01 3.872984e+01 3.873833e+01 3.874681e+01 3.875528e+01 3.876376e+01 3.877223e+01 3.878072e+01 3.878917e+01 3.879764e+01 3.880611e+01 3.881456e+01 3.882301e+01 3.883147e+01 3.883992e+01 3.884836e+01 3.885680e+01 3.886525e+01 3.887367e+01 3.888211e+01 3.889055e+01 3.889897e+01 3.890739e+01 3.891582e+01 3.892422e+01 3.893265e+01 3.894106e+01 3.894946e+01 3.895787e+01 3.896628e+01 3.897467e+01 3.898306e+01 3.899146e+01 3.899985e+01 3.900824e+01 3.901662e+01 3.902499e+01 3.903337e+01 3.904175e+01 3.905013e+01 3.905849e+01 3.906686e+01 3.907523e+01 3.908357e+01 3.909193e+01 3.910028e+01 3.910864e+01 3.911699e+01 3.912532e+01 3.913367e+01 3.914200e+01 3.915034e+01 3.915868e+01 3.916699e+01 3.917532e+01 3.918365e+01 3.919197e+01 3.920029e+01 3.920860e+01 3.921690e+01 3.922522e+01 3.923352e+01 3.924182e+01 3.925012e+01 3.925841e+01 3.926671e+01 3.927499e+01 3.928328e+01 3.929156e+01 3.929985e+01 3.930812e+01 3.931639e+01 3.932466e+01 3.933293e+01 3.934120e+01 3.934946e+01 3.935773e+01 3.936598e+01 3.937424e+01 3.938248e+01 3.939073e+01 3.939897e+01 3.940721e+01 3.941545e+01 3.942369e+01 3.943192e+01 3.944016e+01 3.944838e+01 3.945660e+01 3.946483e+01 3.947304e+01 3.948125e+01 3.948947e+01 3.949768e+01 3.950587e+01 3.951408e+01 3.952228e+01 3.953049e+01 3.953868e+01 3.954686e+01 3.955505e+01 3.956323e+01 3.957143e+01 3.957961e+01 3.958778e+01 3.959595e+01 3.960413e+01 3.961229e+01 3.962045e+01 3.962862e+01 3.963678e+01 3.964493e+01 3.965309e+01 3.966124e+01 3.966939e+01 3.967752e+01 3.968567e+01 3.969380e+01 3.970193e+01 3.971007e+01 3.971820e+01 3.972633e+01 3.973445e+01 3.974258e+01 3.975070e+01 3.975880e+01 3.976692e+01 3.977504e+01 3.978314e+01 3.979124e+01 3.979935e+01 3.980745e+01 3.981554e+01 3.982364e+01 3.983173e+01 3.983981e+01 3.984789e+01 3.985597e+01 3.986406e+01 3.987213e+01 3.988020e+01 3.988828e+01 3.989633e+01 3.990440e+01 3.991246e+01 3.992052e+01 3.992857e+01 3.993663e+01 3.994467e+01 3.995273e+01 3.996077e+01 3.996881e+01 3.997685e+01 3.998488e+01 3.999292e+01 4.000095e+01 4.000897e+01 4.001700e+01 4.002502e+01 4.003304e+01 4.004106e+01 4.004907e+01 4.005708e+01 4.006509e+01 4.007309e+01 4.008110e+01 4.008910e+01 4.009709e+01 4.010509e+01 4.011307e+01 4.012106e+01 4.012904e+01 4.013702e+01 4.014500e+01 4.015298e+01 4.016096e+01 4.016893e+01 4.017690e+01 4.018486e+01 4.019283e+01 4.020079e+01 4.020874e+01 4.021671e+01 4.022466e+01 4.023260e+01 4.024055e+01 4.024849e+01 4.025644e+01 4.026437e+01 4.027231e+01 4.028024e+01 4.028816e+01 4.029610e+01 4.030402e+01 4.031194e+01 4.031985e+01 4.032777e+01 4.033569e+01 4.034360e+01 4.035150e+01 4.035941e+01 4.036731e+01 4.037521e+01 4.038312e+01 4.039101e+01 4.039890e+01 4.040678e+01 4.041467e+01 4.042256e+01 4.043044e+01 4.043831e+01 4.044618e+01 4.045406e+01 4.046193e+01 4.046980e+01 4.047766e+01 4.048552e+01 4.049338e+01 4.050124e+01 4.050909e+01 4.051695e+01 4.052480e+01 4.053264e+01 4.054048e+01 4.054832e+01 4.055615e+01 4.056400e+01 4.057182e+01 4.057965e+01 4.058748e+01 4.059531e+01 4.060313e+01 4.061095e+01 4.061876e+01 4.062657e+01 4.063438e+01 4.064220e+01 4.064999e+01 4.065781e+01 4.066560e+01 4.067340e+01 4.068120e+01 4.068900e+01 4.069678e+01 4.070456e+01 4.071234e+01 4.072012e+01 4.072791e+01 4.073569e+01 4.074345e+01 4.075124e+01 4.075900e+01 4.076677e+01 4.077452e+01 4.078229e+01 4.079004e+01 4.079781e+01 4.080556e+01 4.081331e+01 4.082104e+01 4.082880e+01 4.083653e+01 4.084427e+01 4.085202e+01 4.085974e+01 4.086748e+01 4.087521e+01 4.088293e+01 4.089066e+01 4.089838e+01 4.090610e+01 4.091382e+01 4.092152e+01 4.092924e+01 4.093695e+01 4.094466e+01 4.095235e+01 4.096005e+01 4.096776e+01 4.097545e+01 4.098314e+01 4.099083e+01 4.099852e+01 4.100620e+01 4.101389e+01 4.102156e+01 4.102924e+01 4.103691e+01 4.104459e+01 4.105226e+01 4.105992e+01 4.106760e+01 4.107526e+01 4.108292e+01 4.109056e+01 4.109822e+01 4.110587e+01 4.111353e+01 4.112117e+01 4.112881e+01 4.113646e+01 4.114409e+01 4.115173e+01 4.115936e+01 4.116699e+01 4.117462e+01 4.118225e+01 4.118987e+01 4.119749e+01 4.120511e+01 4.121272e+01 4.122034e+01 4.122795e+01 4.123555e+01 4.124316e+01 4.125076e+01 4.125836e+01 4.126596e+01 4.127356e+01 4.128116e+01 4.128874e+01 4.129633e+01 4.130392e+01 4.131151e+01 4.131908e+01 4.132666e+01 4.133423e+01 4.134181e+01 4.134938e+01 4.135695e+01 4.136452e+01 4.137207e+01 4.137964e+01 4.138719e+01 4.139474e+01 4.140230e+01 4.140985e+01 4.141740e+01 4.142494e+01 4.143250e+01 4.144003e+01 4.144757e+01 4.145511e+01 4.146263e+01 4.147017e+01 4.147769e+01 4.148523e+01 4.149275e+01 4.150026e+01 4.150778e+01 4.151530e+01 4.152281e+01 4.153032e+01 4.153783e+01 4.154533e+01 4.155284e+01 4.156035e+01 4.156784e+01 4.157533e+01 4.158284e+01 4.159032e+01 4.159781e+01 4.160530e+01 4.161278e+01 4.162027e+01 4.162775e+01 4.163522e+01 4.164270e+01 4.165016e+01 4.165764e+01 4.166510e+01 4.167256e+01 4.168002e+01 4.168748e+01 4.169495e+01 4.170239e+01 4.170985e+01 4.171730e+01 4.172475e+01 4.173219e+01 4.173964e+01 4.174707e+01 4.175452e+01 4.176195e+01 4.176938e+01 4.177681e+01 4.178424e+01 4.179167e+01 4.179909e+01 4.180652e+01 4.181393e+01 4.182135e+01 4.182877e+01 4.183617e+01 4.184358e+01 4.185098e+01 4.185840e+01 4.186580e+01 4.187318e+01 4.188058e+01 4.188799e+01 4.189537e+01 4.190277e+01 4.191016e+01 4.191754e+01 4.192493e+01 4.193230e+01 4.193968e+01 4.194705e+01 4.195442e+01 4.196179e+01 4.196916e+01 4.197653e+01 4.198390e+01 4.199126e+01 4.199861e+01 4.200597e+01 4.201332e+01 4.202068e+01 4.202803e+01 4.203537e+01 4.204272e+01 4.205006e+01 4.205740e+01 4.206474e+01 4.207207e+01 4.207941e+01 4.208673e+01</incidenceAngle>
        <terrainHeight>2.102062545714286e+03</terrainHeight>
        <roll>3.010388929184922e+01</roll>
      </antennaPattern>
      <antennaPattern>
        <swath>IW2</swath>
        <azimuthTime>2015-05-16T13:34:44.825850</azimuthTime>
        <slantRangeTime count="676">5.646806372877616e-03 5.647392496836635e-03 5.647978620795654e-03 5.648564744754674e-03 5.649150868713693e-03 5.649736992672713e-03 5.650323116631733e-03 5.650909240590751e-03 5.651495364549771e-03 5.652081488508790e-03 5.652667612467809e-03 5.653253736426829e-03 5.653839860385848e-03 5.654425984344868e-03 5.655012108303887e-03 5.655598232262906e-03 5.656184356221925e-03 5.656770480180945e-03 5.657356604139963e-03 5.657942728098983e-03 5.658528852058003e-03 5.659114976017021e-03 5.659701099976042e-03 5.660287223935061e-03 5.660873347894080e-03 5.661459471853100e-03 5.662045595812118e-03 5.662631719771138e-03 5.663217843730157e-03 5.663803967689176e-03 5.664390091648196e-03 5.664976215607215e-03 5.665562339566235e-03 5.666148463525255e-03 5.666734587484274e-03 5.667320711443293e-03 5.667906835402312e-03 5.668492959361331e-03 5.669079083320351e-03 5.669665207279370e-03 5.670251331238389e-03 5.670837455197409e-03 5.671423579156429e-03 5.672009703115448e-03 5.672595827074467e-03 5.673181951033487e-03 5.673768074992506e-03 5.674354198951525e-03 5.674940322910545e-03 5.675526446869563e-03 5.676112570828583e-03 5.676698694787602e-03 5.677284818746622e-03 5.677870942705641e-03 5.678457066664660e-03 5.679043190623679e-03 5.679629314582699e-03 5.680215438541717e-03 5.680801562500737e-03 5.681387686459757e-03 5.681973810418776e-03 5.682559934377795e-03 5.683146058336815e-03 5.683732182295833e-03 5.684318306254853e-03 5.684904430213872e-03 5.685490554172891e-03 5.686076678131910e-03 5.686662802090930e-03 5.687248926049949e-03 5.687835050008969e-03 5.688421173967988e-03 5.689007297927007e-03 5.689593421886026e-03 5.690179545845045e-03 5.690765669804064e-03 5.691351793763084e-03 5.691937917722103e-03 5.692524041681123e-03 5.693110165640142e-03 5.693696289599161e-03 5.694282413558180e-03 5.694868537517200e-03 5.695454661476218e-03 5.696040785435238e-03 5.696626909394258e-03 5.697213033353277e-03 5.697799157312296e-03 5.698385281271316e-03 5.698971405230334e-03 5.699557529189354e-03 5.700143653148373e-03 5.700729777107392e-03 5.701315901066411e-03 5.701902025025431e-03 5.702488148984450e-03 5.703074272943470e-03 5.703660396902488e-03 5.704246520861508e-03 5.704832644820527e-03 5.705418768779546e-03 5.706004892738565e-03 5.706591016697585e-03 5.707177140656604e-03 5.707763264615624e-03 5.708349388574643e-03 5.708935512533662e-03 5.709521636492681e-03 5.710107760451701e-03 5.710693884410719e-03 5.711280008369739e-03 5.711866132328759e-03 5.712452256287778e-03 5.713038380246797e-03 5.713624504205816e-03 5.714210628164835e-03 5.714796752123855e-03 5.715382876082874e-03 5.715969000041893e-03 5.716555124000912e-03 5.717141247959932e-03 5.717727371918951e-03 5.718313495877971e-03 5.718899619836989e-03 5.719485743796009e-03 5.720071867755028e-03 5.720657991714047e-03 5.721244115673066e-03 5.721830239632086e-03 5.722416363591105e-03 5.723002487550125e-03 5.723588611509144e-03 5.724174735468163e-03 5.724760859427182e-03 5.725346983386202e-03 5.725933107345220e-03 5.726519231304240e-03 5.727105355263259e-03 5.727691479222279e-03 5.728277603181298e-03 5.728863727140317e-03 5.729449851099336e-03 5.730035975058356e-03 5.730622099017374e-03 5.731208222976394e-03 5.731794346935413e-03 5.732380470894433e-03 5.732966594853452e-03 5.733552718812472e-03 5.734138842771490e-03 5.734724966730510e-03 5.735311090689529e-03 5.735897214648548e-03 5.736483338607567e-03 5.737069462566587e-03 5.737655586525606e-03 5.738241710484626e-03 5.738827834443645e-03 5.739413958402664e-03 5.740000082361683e-03 5.740586206320702e-03 5.741172330279721e-03 5.741758454238741e-03 5.742344578197760e-03 5.742930702156780e-03 5.743516826115799e-03 5.744102950074818e-03 5.744689074033837e-03 5.745275197992857e-03 5.745861321951875e-03 5.746447445910895e-03 5.747033569869914e-03 5.747619693828934e-03 5.748205817787953e-03 5.748791941746973e-03 5.749378065705991e-03 5.749964189665011e-03 5.750550313624030e-03 5.751136437583049e-03 5.751722561542068e-03 5.752308685501088e-03 5.752894809460107e-03 5.753480933419127e-03 5.754067057378145e-03 5.754653181337165e-03 5.755239305296184e-03 5.755825429255203e-03 5.756411553214222e-03 5.756997677173242e-03 5.757583801132261e-03 5.758169925091282e-03 5.758756049050301e-03 5.759342173009321e-03 5.759928296968341e-03 5.760514420927360e-03 5.761100544886380e-03 5.761686668845399e-03 5.762272792804419e-03 5.762858916763439e-03 5.763445040722458e-03 5.764031164681478e-03 5.764617288640497e-03 5.765203412599517e-03 5.765789536558537e-03 5.766375660517556e-03 5.766961784476576e-03 5.767547908435596e-03 5.768134032394616e-03 5.768720156353636e-03 5.769306280312655e-03 5.769892404271675e-03 5.770478528230694e-03 5.771064652189714e-03 5.771650776148734e-03 5.772236900107753e-03 5.772823024066773e-03 5.773409148025792e-03 5.773995271984812e-03 5.774581395943832e-03 5.775167519902851e-03 5.775753643861871e-03 5.776339767820890e-03 5.776925891779911e-03 5.777512015738930e-03 5.778098139697950e-03 5.778684263656970e-03 5.779270387615989e-03 5.779856511575009e-03 5.780442635534028e-03 5.781028759493048e-03 5.781614883452068e-03 5.782201007411087e-03 5.782787131370107e-03 5.783373255329126e-03 5.783959379288146e-03 5.784545503247166e-03 5.785131627206185e-03 5.785717751165205e-03 5.786303875124225e-03 5.786889999083245e-03 5.787476123042264e-03 5.788062247001284e-03 5.788648370960304e-03 5.789234494919323e-03 5.789820618878343e-03 5.790406742837362e-03 5.790992866796382e-03 5.791578990755402e-03 5.792165114714421e-03 5.792751238673441e-03 5.793337362632460e-03 5.793923486591480e-03 5.794509610550500e-03 5.795095734509519e-03 5.795681858468540e-03 5.796267982427559e-03 5.796854106386579e-03 5.797440230345599e-03 5.798026354304618e-03 5.798612478263638e-03 5.799198602222657e-03 5.799784726181677e-03 5.800370850140697e-03 5.800956974099716e-03 5.801543098058736e-03 5.802129222017755e-03 5.802715345976775e-03 5.803301469935795e-03 5.803887593894814e-03 5.804473717853835e-03 5.805059841812854e-03 5.805645965771874e-03 5.806232089730893e-03 5.806818213689913e-03 5.807404337648933e-03 5.807990461607952e-03 5.808576585566972e-03 5.809162709525991e-03 5.809748833485011e-03 5.810334957444031e-03 5.810921081403050e-03 5.811507205362070e-03 5.812093329321089e-03 5.812679453280109e-03 5.813265577239129e-03 5.813851701198149e-03 5.814437825157169e-03 5.815023949116188e-03 5.815610073075208e-03 5.816196197034228e-03 5.816782320993247e-03 5.817368444952267e-03 5.817954568911286e-03 5.818540692870306e-03 5.819126816829326e-03 5.819712940788345e-03 5.820299064747365e-03 5.820885188706384e-03 5.821471312665404e-03 5.822057436624424e-03 5.822643560583443e-03 5.823229684542464e-03 5.823815808501483e-03 5.824401932460503e-03 5.824988056419522e-03 5.825574180378542e-03 5.826160304337562e-03 5.826746428296581e-03 5.827332552255601e-03 5.827918676214620e-03 5.828504800173640e-03 5.829090924132660e-03 5.829677048091679e-03 5.830263172050699e-03 5.830849296009718e-03 5.831435419968738e-03 5.832021543927758e-03 5.832607667886778e-03 5.833193791845798e-03 5.833779915804817e-03 5.834366039763837e-03 5.834952163722856e-03 5.835538287681876e-03 5.836124411640896e-03 5.836710535599915e-03 5.837296659558935e-03 5.837882783517954e-03 5.838468907476974e-03 5.839055031435994e-03 5.839641155395013e-03 5.840227279354033e-03 5.840813403313052e-03 5.841399527272073e-03 5.841985651231093e-03 5.842571775190112e-03 5.843157899149132e-03 5.843744023108151e-03 5.844330147067171e-03 5.844916271026191e-03 5.845502394985210e-03 5.846088518944230e-03 5.846674642903249e-03 5.847260766862269e-03 5.847846890821289e-03 5.848433014780308e-03 5.849019138739328e-03 5.849605262698347e-03 5.850191386657367e-03 5.850777510616387e-03 5.851363634575407e-03 5.851949758534427e-03 5.852535882493446e-03 5.853122006452466e-03 5.853708130411485e-03 5.854294254370505e-03 5.854880378329525e-03 5.855466502288544e-03 5.856052626247564e-03 5.856638750206583e-03 5.857224874165603e-03 5.857810998124623e-03 5.858397122083642e-03 5.858983246042662e-03 5.859569370001681e-03 5.860155493960702e-03 5.860741617919722e-03 5.861327741878741e-03 5.861913865837761e-03 5.862499989796780e-03 5.863086113755800e-03 5.863672237714820e-03 5.864258361673839e-03 5.864844485632859e-03 5.865430609591878e-03 5.866016733550898e-03 5.866602857509918e-03 5.867188981468937e-03 5.867775105427957e-03 5.868361229386976e-03 5.868947353345996e-03 5.869533477305016e-03 5.870119601264036e-03 5.870705725223056e-03 5.871291849182075e-03 5.871877973141095e-03 5.872464097100114e-03 5.873050221059134e-03 5.873636345018154e-03 5.874222468977173e-03 5.874808592936193e-03 5.875394716895212e-03 5.875980840854232e-03 5.876566964813252e-03 5.877153088772271e-03 5.877739212731291e-03 5.878325336690310e-03 5.878911460649331e-03 5.879497584608350e-03 5.880083708567370e-03 5.880669832526390e-03 5.881255956485409e-03 5.881842080444429e-03 5.882428204403448e-03 5.883014328362468e-03 5.883600452321488e-03 5.884186576280507e-03 5.884772700239527e-03 5.885358824198546e-03 5.885944948157566e-03 5.886531072116586e-03 5.887117196075605e-03 5.887703320034626e-03 5.888289443993645e-03 5.888875567952665e-03 5.889461691911685e-03 5.890047815870704e-03 5.890633939829724e-03 5.891220063788743e-03 5.891806187747763e-03 5.892392311706783e-03 5.892978435665802e-03 5.893564559624822e-03 5.894150683583841e-03 5.894736807542861e-03 5.895322931501881e-03 5.895909055460900e-03 5.896495179419920e-03 5.897081303378940e-03 5.897667427337960e-03 5.898253551296979e-03 5.898839675255999e-03 5.899425799215019e-03 5.900011923174038e-03 5.900598047133058e-03 5.901184171092077e-03 5.901770295051097e-03 5.902356419010117e-03 5.902942542969136e-03 5.903528666928156e-03 5.904114790887175e-03 5.904700914846195e-03 5.905287038805215e-03 5.905873162764234e-03 5.906459286723255e-03 5.907045410682274e-03 5.907631534641294e-03 5.908217658600314e-03 5.908803782559333e-03 5.909389906518353e-03 5.909976030477372e-03 5.910562154436392e-03 5.911148278395412e-03 5.911734402354431e-03 5.912320526313451e-03 5.912906650272470e-03 5.913492774231490e-03 5.914078898190510e-03 5.914665022149529e-03 5.915251146108549e-03 5.915837270067569e-03 5.916423394026589e-03 5.917009517985608e-03 5.917595641944628e-03 5.918181765903648e-03 5.918767889862667e-03 5.919354013821687e-03 5.919940137780706e-03 5.920526261739726e-03 5.921112385698746e-03 5.921698509657765e-03 5.922284633616785e-03 5.922870757575804e-03 5.923456881534824e-03 5.924043005493844e-03 5.924629129452863e-03 5.925215253411884e-03 5.925801377370903e-03 5.926387501329923e-03 5.926973625288942e-03 5.927559749247962e-03 5.928145873206982e-03 5.928731997166001e-03 5.929318121125021e-03 5.929904245084040e-03 5.930490369043060e-03 5.931076493002080e-03 5.931662616961099e-03 5.932248740920119e-03 5.932834864879138e-03 5.933420988838158e-03 5.934007112797179e-03 5.934593236756198e-03 5.935179360715218e-03 5.935765484674237e-03 5.936351608633257e-03 5.936937732592277e-03 5.937523856551296e-03 5.938109980510316e-03 5.938696104469335e-03 5.939282228428355e-03 5.939868352387375e-03 5.940454476346394e-03 5.941040600305414e-03 5.941626724264433e-03 5.942212848223453e-03 5.942798972182473e-03 5.943385096141493e-03 5.943971220100513e-03 5.944557344059532e-03 5.945143468018552e-03 5.945729591977571e-03 5.946315715936591e-03 5.946901839895611e-03 5.947487963854630e-03 5.948074087813650e-03 5.948660211772669e-03 5.949246335731689e-03 5.949832459690709e-03 5.950418583649728e-03 5.951004707608748e-03 5.951590831567767e-03 5.952176955526787e-03 5.952763079485807e-03 5.953349203444827e-03 5.953935327403847e-03 5.954521451362866e-03 5.955107575321886e-03 5.955693699280906e-03 5.956279823239925e-03 5.956865947198945e-03 5.957452071157964e-03 5.958038195116984e-03 5.958624319076004e-03 5.959210443035023e-03 5.959796566994043e-03 5.960382690953062e-03 5.960968814912082e-03 5.961554938871102e-03 5.962141062830122e-03 5.962727186789142e-03 5.963313310748161e-03 5.963899434707181e-03 5.964485558666200e-03 5.965071682625220e-03 5.965657806584240e-03 5.966243930543259e-03 5.966830054502279e-03 5.967416178461298e-03 5.968002302420318e-03 5.968588426379338e-03 5.969174550338357e-03 5.969760674297377e-03 5.970346798256396e-03 5.970932922215416e-03 5.971519046174436e-03 5.972105170133456e-03 5.972691294092476e-03 5.973277418051495e-03 5.973863542010515e-03 5.974449665969534e-03 5.975035789928554e-03 5.975621913887574e-03 5.976208037846593e-03 5.976794161805613e-03 5.977380285764632e-03 5.977966409723652e-03 5.978552533682672e-03 5.979138657641691e-03 5.979724781600711e-03 5.980310905559731e-03 5.980897029518751e-03 5.981483153477771e-03 5.982069277436790e-03 5.982655401395810e-03 5.983241525354829e-03 5.983827649313849e-03 5.984413773272869e-03 5.984999897231888e-03 5.985586021190908e-03 5.986172145149927e-03 5.986758269108947e-03 5.987344393067967e-03 5.987930517026986e-03 5.988516640986006e-03 5.989102764945025e-03 5.989688888904046e-03 5.990275012863065e-03 5.990861136822085e-03 5.991447260781105e-03 5.992033384740124e-03 5.992619508699144e-03 5.993205632658163e-03 5.993791756617183e-03 5.994377880576203e-03 5.994964004535222e-03 5.995550128494242e-03 5.996136252453261e-03 5.996722376412281e-03 5.997308500371301e-03 5.997894624330320e-03 5.998480748289340e-03 5.999066872248360e-03 5.999652996207380e-03 6.000239120166399e-03 6.000825244125419e-03 6.001411368084439e-03 6.001997492043458e-03 6.002583616002478e-03 6.003169739961497e-03 6.003755863920517e-03 6.004341987879537e-03 6.004928111838556e-03 6.005514235797576e-03 6.006100359756596e-03 6.006686483715615e-03 6.007272607674635e-03 6.007858731633654e-03 6.008444855592675e-03 6.009030979551694e-03 6.009617103510714e-03 6.010203227469734e-03 6.010789351428753e-03 6.011375475387773e-03 6.011961599346792e-03 6.012547723305812e-03 6.013133847264832e-03 6.013719971223851e-03 6.014306095182871e-03 6.014892219141890e-03 6.015478343100910e-03 6.016064467059930e-03 6.016650591018949e-03 6.017236714977970e-03 6.017822838936989e-03 6.018408962896009e-03 6.018995086855028e-03 6.019581210814048e-03 6.020167334773068e-03 6.020753458732087e-03 6.021339582691107e-03 6.021925706650126e-03 6.022511830609146e-03 6.023097954568166e-03 6.023684078527185e-03 6.024270202486205e-03 6.024856326445224e-03 6.025442450404244e-03 6.026028574363264e-03 6.026614698322284e-03 6.027200822281304e-03 6.027786946240323e-03 6.028373070199343e-03 6.028959194158363e-03 6.029545318117382e-03 6.030131442076402e-03 6.030717566035421e-03 6.031303689994441e-03 6.031889813953461e-03 6.032475937912480e-03 6.033062061871500e-03 6.033648185830519e-03 6.034234309789539e-03 6.034820433748559e-03 6.035406557707578e-03 6.035992681666599e-03 6.036578805625618e-03 6.037164929584638e-03 6.037751053543657e-03 6.038337177502677e-03 6.038923301461697e-03 6.039509425420716e-03 6.040095549379736e-03 6.040681673338755e-03 6.041267797297775e-03 6.041853921256795e-03 6.042440045215814e-03</slantRangeTime>
        <elevationAngle count="676">3.236462e+01 3.237266e+01 3.238070e+01 3.238874e+01 3.239677e+01 3.240480e+01 3.241282e+01 3.242084e+01 3.242886e+01 3.243687e+01 3.244489e+01 3.245289e+01 3.246090e+01 3.246889e+01 3.247689e+01 3.248488e+01 3.249287e+01 3.250086e+01 3.250884e+01 3.251682e+01 3.252480e+01 3.253276e+01 3.254073e+01 3.254870e+01 3.255666e+01 3.256462e+01 3.257257e+01 3.258052e+01 3.258847e+01 3.259641e+01 3.260435e+01 3.261229e+01 3.262022e+01 3.262815e+01 3.263607e+01 3.264400e+01 3.265192e+01 3.265983e+01 3.266774e+01 3.267565e+01 3.268356e+01 3.269146e+01 3.269936e+01 3.270725e+01 3.271515e+01 3.272303e+01 3.273092e+01 3.273880e+01 3.274667e+01 3.275455e+01 3.276242e+01 3.277029e+01 3.277815e+01 3.278601e+01 3.279387e+01 3.280172e+01 3.280957e+01 3.281742e+01 3.282526e+01 3.283310e+01 3.284093e+01 3.284877e+01 3.285660e+01 3.286443e+01 3.287225e+01 3.288007e+01 3.288788e+01 3.289569e+01 3.290350e+01 3.291131e+01 3.291911e+01 3.292691e+01 3.293471e+01 3.294250e+01 3.295029e+01 3.295807e+01 3.296585e+01 3.297363e+01 3.298141e+01 3.298918e+01 3.299695e+01 3.300471e+01 3.301248e+01 3.302024e+01 3.302799e+01 3.303574e+01 3.304349e+01 3.305124e+01 3.305898e+01 3.306672e+01 3.307445e+01 3.308218e+01 3.308991e+01 3.309764e+01 3.310536e+01 3.311308e+01 3.312079e+01 3.312851e+01 3.313622e+01 3.314392e+01 3.315162e+01 3.315932e+01 3.316702e+01 3.317471e+01 3.318240e+01 3.319008e+01 3.319777e+01 3.320544e+01 3.321312e+01 3.322079e+01 3.322846e+01 3.323613e+01 3.324379e+01 3.325145e+01 3.325911e+01 3.326676e+01 3.327441e+01 3.328205e+01 3.328970e+01 3.329734e+01 3.330498e+01 3.331261e+01 3.332024e+01 3.332787e+01 3.333549e+01 3.334311e+01 3.335073e+01 3.335834e+01 3.336595e+01 3.337356e+01 3.338116e+01 3.338877e+01 3.339636e+01 3.340396e+01 3.341155e+01 3.341914e+01 3.342672e+01 3.343431e+01 3.344188e+01 3.344946e+01 3.345703e+01 3.346460e+01 3.347217e+01 3.347973e+01 3.348729e+01 3.349485e+01 3.350240e+01 3.350995e+01 3.351749e+01 3.352504e+01 3.353258e+01 3.354012e+01 3.354765e+01 3.355518e+01 3.356271e+01 3.357024e+01 3.357775e+01 3.358527e+01 3.359279e+01 3.360030e+01 3.360781e+01 3.361532e+01 3.362282e+01 3.363032e+01 3.363781e+01 3.364531e+01 3.365280e+01 3.366029e+01 3.366777e+01 3.367525e+01 3.368273e+01 3.369020e+01 3.369767e+01 3.370514e+01 3.371261e+01 3.372007e+01 3.372753e+01 3.373499e+01 3.374244e+01 3.374989e+01 3.375733e+01 3.376478e+01 3.377222e+01 3.377966e+01 3.378709e+01 3.379452e+01 3.380195e+01 3.380937e+01 3.381680e+01 3.382421e+01 3.383163e+01 3.383904e+01 3.384645e+01 3.385386e+01 3.386126e+01 3.386866e+01 3.387606e+01 3.388345e+01 3.389085e+01 3.389823e+01 3.390562e+01 3.391300e+01 3.392038e+01 3.392775e+01 3.393513e+01 3.394250e+01 3.394986e+01 3.395723e+01 3.396459e+01 3.397195e+01 3.397930e+01 3.398666e+01 3.399400e+01 3.400135e+01 3.400869e+01 3.401603e+01 3.402337e+01 3.403070e+01 3.403803e+01 3.404536e+01 3.405268e+01 3.406001e+01 3.406733e+01 3.407464e+01 3.408195e+01 3.408926e+01 3.409657e+01 3.410387e+01 3.411118e+01 3.411847e+01 3.412577e+01 3.413306e+01 3.414035e+01 3.414763e+01 3.415492e+01 3.416220e+01 3.416948e+01 3.417675e+01 3.418402e+01 3.419129e+01 3.419855e+01 3.420581e+01 3.421307e+01 3.422033e+01 3.422758e+01 3.423483e+01 3.424208e+01 3.424932e+01 3.425657e+01 3.426381e+01 3.427104e+01 3.427827e+01 3.428551e+01 3.429273e+01 3.429996e+01 3.430718e+01 3.431440e+01 3.432161e+01 3.432882e+01 3.433603e+01 3.434324e+01 3.435044e+01 3.435764e+01 3.436484e+01 3.437204e+01 3.437923e+01 3.438642e+01 3.439360e+01 3.440079e+01 3.440797e+01 3.441515e+01 3.442232e+01 3.442949e+01 3.443666e+01 3.444383e+01 3.445099e+01 3.445815e+01 3.446531e+01 3.447246e+01 3.447961e+01 3.448676e+01 3.449391e+01 3.450105e+01 3.450819e+01 3.451533e+01 3.452246e+01 3.452960e+01 3.453672e+01 3.454385e+01 3.455098e+01 3.455809e+01 3.456521e+01 3.457233e+01 3.457944e+01 3.458655e+01 3.459365e+01 3.460076e+01 3.460786e+01 3.461496e+01 3.462205e+01 3.462914e+01 3.463623e+01 3.464332e+01 3.465040e+01 3.465748e+01 3.466456e+01 3.467163e+01 3.467871e+01 3.468578e+01 3.469284e+01 3.469991e+01 3.470697e+01 3.471402e+01 3.472108e+01 3.472813e+01 3.473518e+01 3.474223e+01 3.474928e+01 3.475632e+01 3.476336e+01 3.477039e+01 3.477742e+01 3.478445e+01 3.479148e+01 3.479851e+01 3.480553e+01 3.481255e+01 3.481956e+01 3.482658e+01 3.483359e+01 3.484060e+01 3.484760e+01 3.485461e+01 3.486161e+01 3.486860e+01 3.487560e+01 3.488259e+01 3.488958e+01 3.489656e+01 3.490355e+01 3.491053e+01 3.491751e+01 3.492448e+01 3.493145e+01 3.493842e+01 3.494539e+01 3.495235e+01 3.495932e+01 3.496627e+01 3.497323e+01 3.498018e+01 3.498713e+01 3.499408e+01 3.500103e+01 3.500797e+01 3.501491e+01 3.502185e+01 3.502878e+01 3.503571e+01 3.504264e+01 3.504957e+01 3.505649e+01 3.506341e+01 3.507033e+01 3.507725e+01 3.508416e+01 3.509107e+01 3.509798e+01 3.510488e+01 3.511178e+01 3.511868e+01 3.512558e+01 3.513247e+01 3.513936e+01 3.514625e+01 3.515314e+01 3.516002e+01 3.516690e+01 3.517378e+01 3.518066e+01 3.518753e+01 3.519440e+01 3.520127e+01 3.520813e+01 3.521499e+01 3.522185e+01 3.522871e+01 3.523556e+01 3.524241e+01 3.524926e+01 3.525611e+01 3.526295e+01 3.526979e+01 3.527663e+01 3.528347e+01 3.529030e+01 3.529713e+01 3.530396e+01 3.531078e+01 3.531760e+01 3.532442e+01 3.533124e+01 3.533805e+01 3.534487e+01 3.535168e+01 3.535848e+01 3.536529e+01 3.537209e+01 3.537889e+01 3.538568e+01 3.539248e+01 3.539927e+01 3.540606e+01 3.541284e+01 3.541962e+01 3.542641e+01 3.543318e+01 3.543996e+01 3.544673e+01 3.545350e+01 3.546027e+01 3.546703e+01 3.547380e+01 3.548056e+01 3.548731e+01 3.549407e+01 3.550082e+01 3.550757e+01 3.551432e+01 3.552106e+01 3.552780e+01 3.553454e+01 3.554128e+01 3.554801e+01 3.555474e+01 3.556147e+01 3.556820e+01 3.557492e+01 3.558165e+01 3.558836e+01 3.559508e+01 3.560179e+01 3.560851e+01 3.561521e+01 3.562192e+01 3.562862e+01 3.563532e+01 3.564202e+01 3.564872e+01 3.565541e+01 3.566210e+01 3.566879e+01 3.567548e+01 3.568216e+01 3.568884e+01 3.569551e+01 3.570219e+01 3.570887e+01 3.571553e+01 3.572220e+01 3.572887e+01 3.573553e+01 3.574219e+01 3.574885e+01 3.575550e+01 3.576216e+01 3.576881e+01 3.577546e+01 3.578210e+01 3.578875e+01 3.579538e+01 3.580202e+01 3.580866e+01 3.581529e+01 3.582192e+01 3.582855e+01 3.583517e+01 3.584180e+01 3.584842e+01 3.585504e+01 3.586165e+01 3.586826e+01 3.587487e+01 3.588148e+01 3.588809e+01 3.589469e+01 3.590129e+01 3.590789e+01 3.591449e+01 3.592108e+01 3.592767e+01 3.593426e+01 3.594084e+01 3.594743e+01 3.595401e+01 3.596059e+01 3.596716e+01 3.597374e+01 3.598030e+01 3.598687e+01 3.599344e+01 3.600000e+01 3.600657e+01 3.601313e+01 3.601968e+01 3.602623e+01 3.603279e+01 3.603934e+01 3.604588e+01 3.605243e+01 3.605897e+01 3.606551e+01 3.607204e+01 3.607858e+01 3.608511e+01 3.609164e+01 3.609817e+01 3.610469e+01 3.611121e+01 3.611773e+01 3.612425e+01 3.613077e+01 3.613728e+01 3.614379e+01 3.615030e+01 3.615680e+01 3.616330e+01 3.616981e+01 3.617630e+01 3.618280e+01 3.618929e+01 3.619579e+01 3.620227e+01 3.620876e+01 3.621524e+01 3.622173e+01 3.622820e+01 3.623468e+01 3.624115e+01 3.624762e+01 3.625409e+01 3.626056e+01 3.626702e+01 3.627349e+01 3.627995e+01 3.628641e+01 3.629286e+01 3.629931e+01 3.630576e+01 3.631221e+01 3.631866e+01 3.632510e+01 3.633154e+01 3.633798e+01 3.634442e+01 3.635085e+01 3.635728e+01 3.636371e+01 3.637014e+01 3.637656e+01 3.638298e+01 3.638940e+01 3.639582e+01 3.640224e+01 3.640865e+01 3.641506e+01 3.642147e+01 3.642787e+01 3.643428e+01 3.644068e+01 3.644707e+01 3.645347e+01 3.645987e+01 3.646626e+01 3.647265e+01 3.647903e+01 3.648542e+01 3.649180e+01 3.649818e+01 3.650456e+01 3.651093e+01 3.651731e+01 3.652368e+01 3.653004e+01 3.653641e+01 3.654277e+01 3.654914e+01 3.655550e+01 3.656185e+01 3.656821e+01 3.657456e+01 3.658091e+01 3.658726e+01 3.659360e+01 3.659995e+01 3.660629e+01 3.661263e+01 3.661896e+01 3.662529e+01 3.663163e+01 3.663795e+01 3.664428e+01 3.665060e+01 3.665693e+01 3.666325e+01 3.666957e+01 3.667588e+01 3.668219e+01 3.668851e+01 3.669481e+01 3.670112e+01 3.670742e+01 3.671373e+01 3.672002e+01 3.672632e+01 3.673262e+01 3.673891e+01 3.674520e+01 3.675149e+01 3.675777e+01 3.676406e+01 3.677034e+01 3.677662e+01 3.678289e+01 3.678917e+01 3.679544e+01 3.680171e+01 3.680798e+01 3.681425e+01 3.682051e+01 3.682677e+01 3.683303e+01 3.683929e+01 3.684554e+01 3.685179e+01 3.685804e+01 3.686429e+01 3.687053e+01 3.687678e+01 3.688302e+01 3.688926e+01 3.689549e+01 3.690173e+01 3.690796e+01 3.691419e+01 3.692042e+01 3.692664e+01 3.693287e+01 3.693909e+01 3.694530e+01 3.695152e+01 3.695774e+01 3.696395e+01 3.697016e+01 3.697636e+01 3.698257e+01 3.698877e+01 3.699497e+01 3.700117e+01 3.700737e+01 3.701357e+01 3.701976e+01 3.702594e+01 3.703214e+01 3.703832e+01 3.704450e+01 3.705068e+01 3.705686e+01 3.706304e+01 3.706921e+01 3.707539e+01 3.708155e+01 3.708772e+01 3.709389e+01 3.710005e+01 3.710621e+01</elevationAngle>
        <elevationPattern count="676">-3.014374e+13 2.641498e+14 -3.024507e+13 2.658869e+14 -3.034636e+13 2.676234e+14 -3.044761e+13 2.693590e+14 -3.054882e+13 2.710939e+14 -3.064996e+13 2.728279e+14 -3.072939e+13 2.745902e+14 -3.080640e+13 2.763549e+14 -3.088336e+13 2.781187e+14 -3.096029e+13 2.798818e+14 -3.103720e+13 2.816442e+14 -3.111406e+13 2.834057e+14 -3.117499e+13 2.851558e+14 -3.122779e+13 2.868998e+14 -3.128057e+13 2.886429e+14 -3.133332e+13 2.903853e+14 -3.138604e+13 2.921269e+14 -3.143874e+13 2.938677e+14 -3.148038e+13 2.956143e+14 -3.150593e+13 2.973697e+14 -3.153143e+13 2.991241e+14 -3.155695e+13 3.008779e+14 -3.158245e+13 3.026309e+14 -3.160794e+13 3.043831e+14 -3.162936e+13 3.061345e+14 -3.162458e+13 3.078849e+14 -3.161982e+13 3.096350e+14 -3.161504e+13 3.113840e+14 -3.161028e+13 3.131324e+14 -3.160551e+13 3.148799e+14 -3.160074e+13 3.166267e+14 -3.157055e+13 3.183594e+14 -3.153563e+13 3.200886e+14 -3.150076e+13 3.218174e+14 -3.146588e+13 3.235451e+14 -3.143102e+13 3.252722e+14 -3.139618e+13 3.269986e+14 -3.134355e+13 3.287242e+14 -3.127551e+13 3.304491e+14 -3.120749e+13 3.321730e+14 -3.113950e+13 3.338963e+14 -3.107154e+13 3.356188e+14 -3.100363e+13 3.373407e+14 -3.092876e+13 3.390617e+14 -3.082776e+13 3.407821e+14 -3.072678e+13 3.425015e+14 -3.062588e+13 3.442204e+14 -3.052500e+13 3.459384e+14 -3.042417e+13 3.476557e+14 -3.032338e+13 3.493722e+14 -3.018987e+13 3.510743e+14 -3.005141e+13 3.527736e+14 -2.991301e+13 3.544721e+14 -2.977467e+13 3.561700e+14 -2.963640e+13 3.578670e+14 -2.949818e+13 3.595635e+14 -2.934092e+13 3.612509e+14 -2.916516e+13 3.629300e+14 -2.898949e+13 3.646087e+14 -2.881387e+13 3.662863e+14 -2.863835e+13 3.679634e+14 -2.846288e+13 3.696395e+14 -2.828247e+13 3.713129e+14 -2.806804e+13 3.729721e+14 -2.785370e+13 3.746305e+14 -2.763945e+13 3.762882e+14 -2.742530e+13 3.779452e+14 -2.721124e+13 3.796014e+14 -2.699727e+13 3.812570e+14 -2.675481e+13 3.828890e+14 -2.650202e+13 3.845117e+14 -2.624933e+13 3.861339e+14 -2.599674e+13 3.877553e+14 -2.574428e+13 3.893761e+14 -2.549193e+13 3.909964e+14 -2.522629e+13 3.926107e+14 -2.493213e+13 3.942139e+14 -2.463809e+13 3.958162e+14 -2.434419e+13 3.974181e+14 -2.405040e+13 3.990190e+14 -2.375674e+13 4.006193e+14 -2.346322e+13 4.022191e+14 -2.313127e+13 4.038043e+14 -2.279454e+13 4.053870e+14 -2.245797e+13 4.069690e+14 -2.212153e+13 4.085503e+14 -2.178524e+13 4.101311e+14 -2.144909e+13 4.117111e+14 -2.109482e+13 4.132702e+14 -2.071717e+13 4.148023e+14 -2.033969e+13 4.163339e+14 -1.996238e+13 4.178649e+14 -1.958522e+13 4.193953e+14 -1.920823e+13 4.209248e+14 -1.883139e+13 4.224537e+14 -1.841131e+13 4.239671e+14 -1.799005e+13 4.254793e+14 -1.756898e+13 4.269910e+14 -1.714808e+13 4.285017e+14 -1.672736e+13 4.300120e+14 -1.630683e+13 4.315217e+14 -1.586485e+13 4.330157e+14 -1.540004e+13 4.344932e+14 -1.493543e+13 4.359702e+14 -1.447102e+13 4.374465e+14 -1.400680e+13 4.389220e+14 -1.354278e+13 4.403971e+14 -1.307896e+13 4.418715e+14 -1.257334e+13 4.433151e+14 -1.206711e+13 4.447576e+14 -1.156109e+13 4.461994e+14 -1.105528e+13 4.476405e+14 -1.054970e+13 4.490812e+14 -1.004433e+13 4.505212e+14 -9.518365e+12 4.519464e+14 -8.968121e+12 4.533547e+14 -8.418108e+12 4.547622e+14 -7.868328e+12 4.561691e+14 -7.318783e+12 4.575754e+14 -6.769473e+12 4.589813e+14 -6.220393e+12 4.603863e+14 -5.630577e+12 4.617489e+14 -5.037405e+12 4.631070e+14 -4.444483e+12 4.644645e+14 -3.851815e+12 4.658215e+14 -3.259399e+12 4.671781e+14 -2.667233e+12 4.685340e+14 -2.059596e+12 4.698783e+14 -1.424398e+12 4.712025e+14 -7.894686e+11 4.725263e+14 -1.548085e+11 4.738494e+14 4.795831e+11 4.751721e+14 1.113706e+12 4.764941e+14 1.747561e+12 4.778154e+14 2.415578e+12 4.791007e+14 3.092758e+12 4.803756e+14 3.769651e+12 4.816498e+14 4.446260e+12 4.829236e+14 5.122580e+12 4.841968e+14 5.798620e+12 4.854696e+14 6.482485e+12 4.867361e+14 7.200639e+12 4.879772e+14 7.918493e+12 4.892180e+14 8.636043e+12 4.904583e+14 9.353297e+12 4.916983e+14 1.007024e+13 4.929374e+14 1.078689e+13 4.941761e+14 1.152728e+13 4.953883e+14 1.228497e+13 4.965805e+14 1.304236e+13 4.977726e+14 1.379942e+13 4.989638e+14 1.455617e+13 5.001547e+14 1.531260e+13 5.013451e+14 1.606871e+13 5.025352e+14 1.686436e+13 5.036959e+14 1.766198e+13 5.048548e+14 1.845925e+13 5.060130e+14 1.925620e+13 5.071709e+14 2.005282e+13 5.083283e+14 2.084910e+13 5.094851e+14 2.165657e+13 5.106281e+14 2.249122e+13 5.117390e+14 2.332551e+13 5.128494e+14 2.415946e+13 5.139595e+14 2.499306e+13 5.150689e+14 2.582630e+13 5.161777e+14 2.665921e+13 5.172864e+14 2.751521e+13 5.183569e+14 2.838485e+13 5.194047e+14 2.925410e+13 5.204520e+14 3.012300e+13 5.214988e+14 3.099154e+13 5.225452e+14 3.185972e+13 5.235913e+14 3.272753e+13 5.246367e+14 3.363146e+13 5.256539e+14 3.453735e+13 5.266688e+14 3.544287e+13 5.276832e+14 3.634800e+13 5.286971e+14 3.725277e+13 5.297107e+14 3.815716e+13 5.307239e+14 3.906917e+13 5.317261e+14 4.000706e+13 5.326939e+14 4.094453e+13 5.336609e+14 4.188164e+13 5.346279e+14 4.281835e+13 5.355944e+14 4.375465e+13 5.365601e+14 4.469060e+13 5.375259e+14 4.564202e+13 5.384686e+14 4.660835e+13 5.393890e+14 4.757428e+13 5.403089e+14 4.853980e+13 5.412282e+14 4.950494e+13 5.421475e+14 5.046968e+13 5.430664e+14 5.143401e+13 5.439848e+14 5.242400e+13 5.448574e+14 5.342159e+13 5.457159e+14 5.441875e+13 5.465740e+14 5.541550e+13 5.474317e+14 5.641184e+13 5.482890e+14 5.740777e+13 5.491461e+14 5.840339e+13 5.500027e+14 5.942655e+13 5.508295e+14 6.044928e+13 5.516558e+14 6.147161e+13 5.524820e+14 6.249350e+13 5.533080e+14 6.351499e+13 5.541334e+14 6.453604e+13 5.549584e+14 6.556222e+13 5.557699e+14 6.660748e+13 5.565356e+14 6.765230e+13 5.573008e+14 6.869668e+13 5.580657e+14 6.974064e+13 5.588303e+14 7.078417e+13 5.595946e+14 7.182726e+13 5.603585e+14 7.288108e+13 5.611097e+14 7.394977e+13 5.618439e+14 7.501800e+13 5.625776e+14 7.608579e+13 5.633109e+14 7.715312e+13 5.640439e+14 7.822003e+13 5.647766e+14 7.928653e+13 5.655092e+14 8.036318e+13 5.662061e+14 8.144630e+13 5.668792e+14 8.252904e+13 5.675523e+14 8.361134e+13 5.682251e+14 8.469318e+13 5.688976e+14 8.577457e+13 5.695697e+14 8.685555e+13 5.702417e+14 8.794499e+13 5.708800e+14 8.903679e+13 5.715079e+14 9.012808e+13 5.721351e+14 9.121891e+13 5.727619e+14 9.230935e+13 5.733889e+14 9.339932e+13 5.740155e+14 9.448884e+13 5.746418e+14 9.559511e+13 5.752283e+14 9.670266e+13 5.758104e+14 9.780979e+13 5.763925e+14 9.891644e+13 5.769742e+14 1.000226e+14 5.775555e+14 1.011284e+14 5.781368e+14 1.022337e+14 5.787164e+14 1.033371e+14 5.792535e+14 1.044400e+14 5.797905e+14 1.055426e+14 5.803273e+14 1.066446e+14 5.808637e+14 1.077462e+14 5.814000e+14 1.088474e+14 5.819361e+14 1.099521e+14 5.824664e+14 1.110813e+14 5.829585e+14 1.122101e+14 5.834504e+14 1.133384e+14 5.839423e+14 1.144663e+14 5.844339e+14 1.155937e+14 5.849254e+14 1.167206e+14 5.854166e+14 1.178471e+14 5.858950e+14 1.189732e+14 5.863282e+14 1.200988e+14 5.867609e+14 1.212239e+14 5.871939e+14 1.223486e+14 5.876265e+14 1.234728e+14 5.880589e+14 1.245966e+14 5.884910e+14 1.257199e+14 5.889068e+14 1.268427e+14 5.892808e+14 1.279652e+14 5.896550e+14 1.290872e+14 5.900291e+14 1.302086e+14 5.904028e+14 1.313297e+14 5.907765e+14 1.324503e+14 5.911501e+14 1.335705e+14 5.915140e+14 1.346902e+14 5.918587e+14 1.358094e+14 5.922028e+14 1.369283e+14 5.925473e+14 1.380466e+14 5.928912e+14 1.391645e+14 5.932352e+14 1.402820e+14 5.935792e+14 1.414041e+14 5.938973e+14 1.425350e+14 5.941692e+14 1.436654e+14 5.944409e+14 1.447954e+14 5.947129e+14 1.459249e+14 5.949845e+14 1.470539e+14 5.952560e+14 1.481825e+14 5.955274e+14 1.493055e+14 5.957832e+14 1.504189e+14 5.960117e+14 1.515319e+14 5.962399e+14 1.526445e+14 5.964681e+14 1.537566e+14 5.966964e+14 1.548682e+14 5.969243e+14 1.559794e+14 5.971523e+14 1.570852e+14 5.973651e+14 1.581813e+14 5.975502e+14 1.592769e+14 5.977350e+14 1.603721e+14 5.979198e+14 1.614669e+14 5.981047e+14 1.625612e+14 5.982894e+14 1.636552e+14 5.984743e+14 1.647487e+14 5.986409e+14 1.658416e+14 5.987684e+14 1.669342e+14 5.988961e+14 1.680264e+14 5.990239e+14 1.691181e+14 5.991514e+14 1.702094e+14 5.992791e+14 1.713003e+14 5.994065e+14 1.723869e+14 5.995190e+14 1.734628e+14 5.995897e+14 1.745382e+14 5.996604e+14 1.756132e+14 5.997311e+14 1.766877e+14 5.998019e+14 1.777618e+14 5.998724e+14 1.788355e+14 5.999431e+14 1.799033e+14 6.000028e+14 1.809479e+14 6.000169e+14 1.819921e+14 6.000310e+14 1.830359e+14 6.000450e+14 1.840793e+14 6.000593e+14 1.851223e+14 6.000734e+14 1.861648e+14 6.000874e+14 1.872055e+14 6.000970e+14 1.882332e+14 6.000690e+14 1.892604e+14 6.000408e+14 1.902872e+14 6.000126e+14 1.913136e+14 5.999846e+14 1.923397e+14 5.999565e+14 1.933652e+14 5.999281e+14 1.943905e+14 5.999002e+14 1.953875e+14 5.998167e+14 1.963838e+14 5.997324e+14 1.973798e+14 5.996483e+14 1.983753e+14 5.995641e+14 1.993705e+14 5.994799e+14 2.003653e+14 5.993959e+14 2.013597e+14 5.993119e+14 2.023416e+14 5.991917e+14 2.033212e+14 5.990658e+14 2.043004e+14 5.989400e+14 2.052793e+14 5.988141e+14 2.062577e+14 5.986882e+14 2.072358e+14 5.985625e+14 2.082134e+14 5.984367e+14 2.091611e+14 5.982618e+14 2.100962e+14 5.980666e+14 2.110309e+14 5.978713e+14 2.119652e+14 5.976758e+14 2.128991e+14 5.974808e+14 2.138327e+14 5.972857e+14 2.147659e+14 5.970908e+14 2.156839e+14 5.968735e+14 2.165885e+14 5.966367e+14 2.174928e+14 5.964004e+14 2.183968e+14 5.961641e+14 2.193003e+14 5.959276e+14 2.202036e+14 5.956914e+14 2.211065e+14 5.954553e+14 2.219947e+14 5.952050e+14 2.228552e+14 5.949273e+14 2.237155e+14 5.946498e+14 2.245753e+14 5.943725e+14 2.254348e+14 5.940953e+14 2.262940e+14 5.938181e+14 2.271528e+14 5.935410e+14 2.280078e+14 5.932551e+14 2.288383e+14 5.929090e+14 2.296685e+14 5.925632e+14 2.304984e+14 5.922174e+14 2.313279e+14 5.918718e+14 2.321570e+14 5.915262e+14 2.329859e+14 5.911807e+14 2.338145e+14 5.908357e+14 2.345932e+14 5.904532e+14 2.353660e+14 5.900670e+14 2.361384e+14 5.896809e+14 2.369105e+14 5.892947e+14 2.376823e+14 5.889089e+14 2.384539e+14 5.885231e+14 2.392251e+14 5.881374e+14 2.399783e+14 5.877078e+14 2.407214e+14 5.872538e+14 2.414642e+14 5.867996e+14 2.422066e+14 5.863458e+14 2.429490e+14 5.858924e+14 2.436909e+14 5.854389e+14 2.444326e+14 5.849857e+14 2.451486e+14 5.845174e+14 2.458211e+14 5.840233e+14 2.464933e+14 5.835294e+14 2.471653e+14 5.830358e+14 2.478369e+14 5.825422e+14 2.485084e+14 5.820491e+14 2.491795e+14 5.815559e+14 2.498484e+14 5.810599e+14 2.504917e+14 5.805262e+14 2.511347e+14 5.799925e+14 2.517775e+14 5.794590e+14 2.524200e+14 5.789260e+14 2.530623e+14 5.783930e+14 2.537043e+14 5.778601e+14 2.543462e+14 5.773276e+14 2.549358e+14 5.767434e+14 2.555089e+14 5.761432e+14 2.560817e+14 5.755429e+14 2.566543e+14 5.749430e+14 2.572268e+14 5.743434e+14 2.577990e+14 5.737439e+14 2.583710e+14 5.731446e+14 2.589197e+14 5.725285e+14 2.594367e+14 5.718888e+14 2.599536e+14 5.712495e+14 2.604704e+14 5.706106e+14 2.609868e+14 5.699715e+14 2.615031e+14 5.693330e+14 2.620192e+14 5.686945e+14 2.625315e+14 5.680528e+14 2.629929e+14 5.673608e+14 2.634541e+14 5.666687e+14 2.639152e+14 5.659773e+14 2.643761e+14 5.652859e+14 2.648369e+14 5.645949e+14 2.652974e+14 5.639040e+14 2.657578e+14 5.632134e+14 2.661806e+14 5.624857e+14 2.665864e+14 5.617414e+14 2.669921e+14 5.609976e+14 2.673978e+14 5.602542e+14 2.678032e+14 5.595107e+14 2.682085e+14 5.587678e+14 2.686136e+14 5.580251e+14 2.689988e+14 5.572707e+14 2.693361e+14 5.564881e+14 2.696734e+14 5.557058e+14 2.700105e+14 5.549237e+14 2.703474e+14 5.541419e+14 2.706842e+14 5.533605e+14 2.710209e+14 5.525793e+14 2.713576e+14 5.517985e+14 2.716470e+14 5.509591e+14 2.719295e+14 5.501117e+14 2.722119e+14 5.492645e+14 2.724943e+14 5.484178e+14 2.727763e+14 5.475709e+14 2.730584e+14 5.467247e+14 2.733404e+14 5.458789e+14 2.735932e+14 5.450217e+14 2.738078e+14 5.441495e+14 2.740223e+14 5.432776e+14 2.742369e+14 5.424063e+14 2.744513e+14 5.415352e+14 2.746657e+14 5.406644e+14 2.748800e+14 5.397941e+14 2.750942e+14 5.389239e+14 2.752431e+14 5.379890e+14 2.753902e+14 5.370525e+14 2.755374e+14 5.361167e+14 2.756845e+14 5.351811e+14 2.758314e+14 5.342456e+14 2.759783e+14 5.333108e+14 2.761252e+14 5.323762e+14 2.762458e+14 5.314223e+14 2.763393e+14 5.304486e+14 2.764325e+14 5.294750e+14 2.765258e+14 5.285018e+14 2.766191e+14 5.275290e+14 2.767124e+14 5.265566e+14 2.768056e+14 5.255846e+14 2.768988e+14 5.246128e+14 2.769132e+14 5.235891e+14 2.769265e+14 5.225649e+14 2.769397e+14 5.215410e+14 2.769529e+14 5.205176e+14 2.769663e+14 5.194947e+14 2.769796e+14 5.184721e+14 2.769928e+14 5.174498e+14 2.769754e+14 5.164095e+14 2.769225e+14 5.153485e+14 2.768694e+14 5.142876e+14 2.768164e+14 5.132270e+14 2.767633e+14 5.121670e+14 2.767104e+14 5.111073e+14 2.766575e+14 5.100482e+14 2.766045e+14 5.089892e+14 2.765030e+14 5.078943e+14 2.763972e+14 5.067966e+14 2.762915e+14 5.056993e+14 2.761857e+14 5.046024e+14 2.760801e+14 5.035059e+14 2.759744e+14 5.024098e+14 2.758688e+14 5.013141e+14 2.757357e+14 5.002004e+14 2.755510e+14 4.990527e+14 2.753664e+14 4.979056e+14 2.751819e+14 4.967589e+14 2.749974e+14 4.956124e+14 2.748130e+14 4.944664e+14 2.746286e+14 4.933209e+14 2.744444e+14 4.921759e+14 2.742103e+14 4.910013e+14 2.739603e+14 4.898176e+14 2.737106e+14 4.886344e+14 2.734609e+14 4.874516e+14 2.732113e+14 4.862693e+14 2.729617e+14 4.850874e+14 2.727124e+14 4.839060e+14 2.724552e+14 4.827191e+14 2.721536e+14 4.814992e+14 2.718520e+14 4.802798e+14 2.715505e+14 4.790608e+14 2.712491e+14 4.778421e+14 2.709479e+14 4.766240e+14 2.706467e+14 4.754063e+14 2.703457e+14 4.741893e+14 2.700111e+14 4.729523e+14 2.696448e+14 4.716966e+14 2.692788e+14 4.704416e+14 2.689129e+14 4.691870e+14 2.685470e+14 4.679328e+14 2.681814e+14 4.666791e+14 2.678159e+14 4.654259e+14 2.674505e+14 4.641733e+14 2.670291e+14 4.628760e+14 2.665987e+14 4.615718e+14 2.661685e+14 4.602684e+14 2.657386e+14 4.589655e+14 2.653088e+14 4.576630e+14 2.648791e+14 4.563610e+14 2.644496e+14 4.550593e+14 2.640130e+14 4.537511e+14 2.635448e+14 4.524115e+14 2.630768e+14 4.510724e+14 2.626088e+14 4.497337e+14 2.621411e+14 4.483955e+14 2.616736e+14 4.470578e+14 2.612063e+14 4.457208e+14 2.607391e+14 4.443841e+14 2.602404e+14 4.430353e+14 2.597088e+14 4.416737e+14 2.591773e+14 4.403127e+14 2.586461e+14 4.389521e+14 2.581149e+14 4.375919e+14 2.575841e+14 4.362324e+14 2.570534e+14 4.348733e+14 2.565229e+14 4.335146e+14 2.559430e+14 4.321269e+14 2.553481e+14 4.307304e+14 2.547536e+14 4.293346e+14 2.541594e+14 4.279393e+14 2.535652e+14 4.265444e+14 2.529713e+14 4.251501e+14 2.523777e+14 4.237563e+14 2.517832e+14 4.223627e+14 2.511513e+14 4.209571e+14 2.505197e+14 4.195519e+14 2.498882e+14 4.181473e+14 2.492570e+14 4.167431e+14 2.486260e+14 4.153395e+14 2.479952e+14 4.139364e+14 2.473647e+14 4.125338e+14 2.467176e+14 4.111216e+14 2.460233e+14 4.096816e+14 2.453292e+14 4.082420e+14 2.446354e+14 4.068029e+14 2.439418e+14 4.053644e+14 2.432484e+14 4.039264e+14 2.425554e+14 4.024890e+14 2.418626e+14 4.010519e+14 2.411516e+14 3.996033e+14 2.404208e+14 3.981417e+14 2.396903e+14 3.966807e+14 2.389601e+14 3.952203e+14 2.382301e+14 3.937602e+14 2.375004e+14 3.923009e+14 2.367710e+14 3.908419e+14 2.360418e+14 3.893837e+14 2.352873e+14 3.879174e+14 2.345202e+14 3.864472e+14 2.337535e+14 3.849776e+14 2.329871e+14 3.835086e+14 2.322209e+14 3.820402e+14 2.314551e+14 3.805723e+14 2.306895e+14 3.791049e+14 2.299241e+14 3.776379e+14 2.291271e+14 3.761611e+14 2.283241e+14 3.746825e+14 2.275214e+14 3.732045e+14 2.267190e+14 3.717271e+14 2.259169e+14 3.702502e+14 2.251151e+14 3.687738e+14 2.243136e+14 3.672980e+14 2.235123e+14 3.658226e+14 2.226738e+14 3.643353e+14 2.218350e+14 3.628484e+14 2.209964e+14 3.613619e+14 2.201583e+14 3.598760e+14 2.193205e+14 3.583908e+14 2.184829e+14 3.569060e+14 2.176456e+14 3.554218e+14 2.168044e+14 3.539365e+14 2.159298e+14 3.524408e+14 2.150554e+14 3.509455e+14 2.141813e+14 3.494506e+14 2.133076e+14 3.479565e+14 2.124341e+14 3.464628e+14 2.115610e+14 3.449696e+14 2.106883e+14 3.434771e+14 2.098131e+14 3.419823e+14 2.089284e+14 3.404782e+14 2.080439e+14 3.389747e+14 2.071597e+14 3.374715e+14 2.062759e+14 3.359691e+14 2.053924e+14 3.344670e+14 2.045091e+14 3.329655e+14 2.036262e+14 3.314646e+14 2.027327e+14 3.299643e+14 2.018126e+14 3.284644e+14 2.008929e+14 3.269652e+14 1.999736e+14 3.254664e+14 1.990545e+14 3.239683e+14 1.981358e+14 3.224706e+14 1.972174e+14 3.209736e+14 1.962993e+14 3.194769e+14 1.953772e+14 3.179808e+14 1.944472e+14 3.164854e+14 1.935176e+14 3.149904e+14 1.925883e+14 3.134960e+14 1.916593e+14 3.120022e+14 1.907307e+14 3.105088e+14 1.898023e+14 3.090159e+14 1.888744e+14 3.075237e+14 1.879419e+14 3.060318e+14 1.870022e+14 3.045407e+14 1.860626e+14 3.030500e+14 1.851235e+14 3.015599e+14 1.841847e+14 3.000704e+14 1.832462e+14 2.985813e+14 1.823080e+14 2.970927e+14 1.813702e+14 2.956047e+14 1.804279e+14 2.941173e+14 1.794782e+14 2.926303e+14 1.785289e+14 2.911440e+14 1.775800e+14 2.896581e+14 1.766314e+14 2.881728e+14 1.756831e+14 2.866880e+14 1.747351e+14 2.852037e+14 1.737876e+14 2.837200e+14 1.728356e+14 2.822415e+14 1.718762e+14 2.807712e+14 1.709172e+14 2.793016e+14 1.699584e+14 2.778324e+14 1.690000e+14 2.763637e+14 1.680421e+14 2.748957e+14 1.670844e+14 2.734281e+14 1.661270e+14 2.719609e+14 1.651701e+14 2.704987e+14 1.642135e+14 2.690451e+14 1.632571e+14 2.675920e+14 1.623012e+14 2.661395e+14 1.613456e+14 2.646875e+14 1.603904e+14 2.632360e+14 1.594354e+14 2.617849e+14 1.584807e+14 2.603344e+14 1.575265e+14 2.588915e+14 1.565726e+14 2.574668e+14 1.556190e+14 2.560427e+14 1.546658e+14 2.546190e+14 1.537129e+14 2.531959e+14 1.527603e+14 2.517732e+14 1.518081e+14 2.503510e+14 1.508562e+14 2.489294e+14 1.499047e+14 2.475083e+14 1.489535e+14 2.460877e+14 1.480026e+14 2.446675e+14 1.470521e+14 2.432479e+14 1.461019e+14 2.418288e+14 1.451520e+14 2.404102e+14 1.442025e+14 2.389920e+14 1.432533e+14 2.375744e+14 1.423057e+14 2.361611e+14</elevationPattern>
        <incidenceAngle count="676">3.647525e+01 3.648462e+01 3.649397e+01 3.650334e+01 3.651270e+01 3.652205e+01 3.653140e+01 3.654074e+01 3.655008e+01 3.655942e+01 3.656876e+01 3.657808e+01 3.658740e+01 3.659673e+01 3.660605e+01 3.661536e+01 3.662468e+01 3.663397e+01 3.664328e+01 3.665257e+01 3.666188e+01 3.667117e+01 3.668045e+01 3.668974e+01 3.669902e+01 3.670830e+01 3.671756e+01 3.672684e+01 3.673610e+01 3.674536e+01 3.675461e+01 3.676387e+01 3.677312e+01 3.678236e+01 3.679161e+01 3.680084e+01 3.681007e+01 3.681931e+01 3.682854e+01 3.683775e+01 3.684698e+01 3.685619e+01 3.686540e+01 3.687462e+01 3.688382e+01 3.689302e+01 3.690222e+01 3.691141e+01 3.692059e+01 3.692978e+01 3.693896e+01 3.694815e+01 3.695732e+01 3.696649e+01 3.697566e+01 3.698482e+01 3.699397e+01 3.700313e+01 3.701228e+01 3.702144e+01 3.703058e+01 3.703972e+01 3.704886e+01 3.705800e+01 3.706712e+01 3.707625e+01 3.708537e+01 3.709450e+01 3.710361e+01 3.711272e+01 3.712183e+01 3.713094e+01 3.714003e+01 3.714912e+01 3.715822e+01 3.716731e+01 3.717641e+01 3.718549e+01 3.719456e+01 3.720364e+01 3.721271e+01 3.722179e+01 3.723085e+01 3.723990e+01 3.724896e+01 3.725801e+01 3.726706e+01 3.727611e+01 3.728516e+01 3.729419e+01 3.730324e+01 3.731226e+01 3.732129e+01 3.733032e+01 3.733934e+01 3.734836e+01 3.735738e+01 3.736638e+01 3.737538e+01 3.738438e+01 3.739339e+01 3.740239e+01 3.741138e+01 3.742036e+01 3.742935e+01 3.743834e+01 3.744731e+01 3.745628e+01 3.746526e+01 3.747423e+01 3.748320e+01 3.749216e+01 3.750111e+01 3.751007e+01 3.751901e+01 3.752797e+01 3.753691e+01 3.754585e+01 3.755478e+01 3.756372e+01 3.757265e+01 3.758157e+01 3.759050e+01 3.759941e+01 3.760832e+01 3.761723e+01 3.762614e+01 3.763506e+01 3.764395e+01 3.765285e+01 3.766174e+01 3.767064e+01 3.767952e+01 3.768840e+01 3.769728e+01 3.770616e+01 3.771504e+01 3.772391e+01 3.773277e+01 3.774164e+01 3.775049e+01 3.775935e+01 3.776820e+01 3.777705e+01 3.778590e+01 3.779474e+01 3.780359e+01 3.781242e+01 3.782124e+01 3.783008e+01 3.783890e+01 3.784772e+01 3.785654e+01 3.786536e+01 3.787418e+01 3.788298e+01 3.789178e+01 3.790059e+01 3.790938e+01 3.791818e+01 3.792697e+01 3.793576e+01 3.794453e+01 3.795332e+01 3.796210e+01 3.797087e+01 3.797964e+01 3.798840e+01 3.799718e+01 3.800594e+01 3.801469e+01 3.802345e+01 3.803220e+01 3.804094e+01 3.804968e+01 3.805843e+01 3.806717e+01 3.807590e+01 3.808463e+01 3.809335e+01 3.810208e+01 3.811081e+01 3.811952e+01 3.812823e+01 3.813695e+01 3.814565e+01 3.815436e+01 3.816306e+01 3.817175e+01 3.818045e+01 3.818913e+01 3.819783e+01 3.820651e+01 3.821519e+01 3.822386e+01 3.823254e+01 3.824121e+01 3.824988e+01 3.825854e+01 3.826720e+01 3.827586e+01 3.828452e+01 3.829317e+01 3.830182e+01 3.831046e+01 3.831909e+01 3.832773e+01 3.833636e+01 3.834500e+01 3.835362e+01 3.836226e+01 3.837088e+01 3.837949e+01 3.838811e+01 3.839671e+01 3.840533e+01 3.841394e+01 3.842253e+01 3.843114e+01 3.843973e+01 3.844832e+01 3.845691e+01 3.846550e+01 3.847408e+01 3.848265e+01 3.849124e+01 3.849980e+01 3.850838e+01 3.851694e+01 3.852551e+01 3.853407e+01 3.854262e+01 3.855118e+01 3.855972e+01 3.856827e+01 3.857681e+01 3.858536e+01 3.859390e+01 3.860243e+01 3.861096e+01 3.861949e+01 3.862801e+01 3.863654e+01 3.864505e+01 3.865356e+01 3.866208e+01 3.867059e+01 3.867909e+01 3.868759e+01 3.869609e+01 3.870459e+01 3.871309e+01 3.872157e+01 3.873006e+01 3.873854e+01 3.874702e+01 3.875551e+01 3.876398e+01 3.877245e+01 3.878091e+01 3.878938e+01 3.879784e+01 3.880630e+01 3.881476e+01 3.882321e+01 3.883165e+01 3.884010e+01 3.884854e+01 3.885698e+01 3.886542e+01 3.887386e+01 3.888228e+01 3.889072e+01 3.889914e+01 3.890756e+01 3.891597e+01 3.892439e+01 3.893280e+01 3.894121e+01 3.894962e+01 3.895802e+01 3.896642e+01 3.897481e+01 3.898320e+01 3.899159e+01 3.899998e+01 3.900836e+01 3.901675e+01 3.902513e+01 3.903349e+01 3.904187e+01 3.905025e+01 3.905861e+01 3.906697e+01 3.907533e+01 3.908368e+01 3.909204e+01 3.910039e+01 3.910873e+01 3.911708e+01 3.912541e+01 3.913376e+01 3.914209e+01 3.915042e+01 3.915875e+01 3.916708e+01 3.917540e+01 3.918372e+01 3.919203e+01 3.920035e+01 3.920866e+01 3.921696e+01 3.922527e+01 3.923357e+01 3.924187e+01 3.925017e+01 3.925845e+01 3.926675e+01 3.927504e+01 3.928333e+01 3.929160e+01 3.929988e+01 3.930815e+01 3.931642e+01 3.932469e+01 3.933296e+01 3.934122e+01 3.934947e+01 3.935774e+01 3.936598e+01 3.937424e+01 3.938249e+01 3.939073e+01 3.939897e+01 3.940721e+01 3.941545e+01 3.942368e+01 3.943192e+01 3.944014e+01 3.944836e+01 3.945659e+01 3.946480e+01 3.947301e+01 3.948123e+01 3.948944e+01 3.949763e+01 3.950584e+01 3.951404e+01 3.952225e+01 3.953044e+01 3.953864e+01 3.954681e+01 3.955501e+01 3.956319e+01 3.957137e+01 3.957954e+01 3.958771e+01 3.959589e+01 3.960405e+01 3.961221e+01 3.962038e+01 3.962854e+01 3.963670e+01 3.964485e+01 3.965300e+01 3.966115e+01 3.966930e+01 3.967743e+01 3.968558e+01 3.969371e+01 3.970184e+01 3.970998e+01 3.971809e+01 3.972623e+01 3.973434e+01 3.974246e+01 3.975058e+01 3.975870e+01 3.976680e+01 3.977490e+01 3.978302e+01 3.979112e+01 3.979921e+01 3.980731e+01 3.981540e+01 3.982349e+01 3.983157e+01 3.983966e+01 3.984775e+01 3.985582e+01 3.986389e+01 3.987198e+01 3.988004e+01 3.988811e+01 3.989618e+01 3.990424e+01 3.991229e+01 3.992035e+01 3.992841e+01 3.993645e+01 3.994450e+01 3.995255e+01 3.996059e+01 3.996863e+01 3.997665e+01 3.998470e+01 3.999272e+01 4.000075e+01 4.000877e+01 4.001680e+01 4.002481e+01 4.003284e+01 4.004085e+01 4.004886e+01 4.005687e+01 4.006487e+01 4.007288e+01 4.008087e+01 4.008887e+01 4.009686e+01 4.010486e+01 4.011284e+01 4.012082e+01 4.012881e+01 4.013680e+01 4.014476e+01 4.015274e+01 4.016071e+01 4.016869e+01 4.017665e+01 4.018462e+01 4.019257e+01 4.020053e+01 4.020848e+01 4.021643e+01 4.022438e+01 4.023233e+01 4.024028e+01 4.024821e+01 4.025615e+01 4.026408e+01 4.027202e+01 4.027995e+01 4.028787e+01 4.029581e+01 4.030373e+01 4.031165e+01 4.031956e+01 4.032747e+01 4.033539e+01 4.034329e+01 4.035120e+01 4.035910e+01 4.036700e+01 4.037489e+01 4.038280e+01 4.039069e+01 4.039857e+01 4.040646e+01 4.041434e+01 4.042223e+01 4.043010e+01 4.043797e+01 4.044585e+01 4.045372e+01 4.046159e+01 4.046945e+01 4.047731e+01 4.048517e+01 4.049303e+01 4.050089e+01 4.050874e+01 4.051659e+01 4.052443e+01 4.053227e+01 4.054012e+01 4.054796e+01 4.055579e+01 4.056361e+01 4.057144e+01 4.057927e+01 4.058710e+01 4.059492e+01 4.060274e+01 4.061055e+01 4.061838e+01 4.062617e+01 4.063399e+01 4.064180e+01 4.064960e+01 4.065739e+01 4.066519e+01 4.067299e+01 4.068079e+01 4.068857e+01 4.069637e+01 4.070415e+01 4.071193e+01 4.071971e+01 4.072748e+01 4.073526e+01 4.074303e+01 4.075079e+01 4.075856e+01 4.076633e+01 4.077408e+01 4.078185e+01 4.078960e+01 4.079735e+01 4.080510e+01 4.081285e+01 4.082059e+01 4.082834e+01 4.083607e+01 4.084381e+01 4.085155e+01 4.085928e+01 4.086700e+01 4.087474e+01 4.088246e+01 4.089018e+01 4.089790e+01 4.090561e+01 4.091333e+01 4.092104e+01 4.092874e+01 4.093645e+01 4.094415e+01 4.095186e+01 4.095955e+01 4.096725e+01 4.097495e+01 4.098264e+01 4.099033e+01 4.099800e+01 4.100569e+01 4.101337e+01 4.102104e+01 4.102872e+01 4.103639e+01 4.104407e+01 4.105173e+01 4.105940e+01 4.106706e+01 4.107472e+01 4.108237e+01 4.109003e+01 4.109769e+01 4.110533e+01 4.111298e+01 4.112062e+01 4.112827e+01 4.113589e+01 4.114354e+01 4.115117e+01 4.115880e+01 4.116643e+01 4.117406e+01 4.118169e+01 4.118930e+01 4.119691e+01 4.120453e+01 4.121214e+01 4.121976e+01 4.122737e+01 4.123497e+01 4.124258e+01 4.125018e+01 4.125778e+01 4.126538e+01 4.127296e+01 4.128056e+01 4.128815e+01 4.129573e+01 4.130331e+01 4.131090e+01 4.131848e+01 4.132605e+01 4.133362e+01 4.134120e+01 4.134877e+01 4.135632e+01 4.136389e+01 4.137146e+01 4.137901e+01 4.138657e+01 4.139412e+01 4.140167e+01 4.140923e+01 4.141676e+01 4.142430e+01 4.143185e+01 4.143939e+01 4.144693e+01 4.145445e+01 4.146199e+01 4.146951e+01 4.147704e+01 4.148456e+01 4.149208e+01 4.149960e+01 4.150713e+01 4.151463e+01 4.152214e+01 4.152965e+01 4.153716e+01 4.154466e+01 4.155217e+01 4.155966e+01 4.156715e+01 4.157466e+01 4.158215e+01 4.158963e+01 4.159712e+01 4.160460e+01 4.161209e+01 4.161957e+01 4.162704e+01 4.163452e+01 4.164198e+01 4.164946e+01 4.165692e+01 4.166440e+01 4.167186e+01 4.167932e+01 4.168677e+01 4.169423e+01 4.170168e+01 4.170912e+01 4.171658e+01 4.172401e+01 4.173146e+01 4.173891e+01 4.174634e+01 4.175378e+01 4.176122e+01 4.176865e+01 4.177608e+01 4.178349e+01 4.179092e+01 4.179834e+01 4.180576e+01 4.181317e+01 4.182059e+01 4.182800e+01 4.183540e+01 4.184282e+01 4.185022e+01 4.185762e+01 4.186502e+01 4.187242e+01 4.187982e+01 4.188721e+01 4.189459e+01 4.190198e+01 4.190936e+01 4.191675e+01 4.192413e+01 4.193152e+01 4.193889e+01 4.194626e+01 4.195363e+01 4.196100e+01 4.196837e+01 4.197572e+01 4.198309e+01 4.199045e+01 4.199780e+01 4.200516e+01 4.201251e+01 4.201987e+01 4.202721e+01 4.203456e+01 4.204190e+01 4.204924e+01 4.205658e+01</incidenceAngle>
        <terrainHeight>1.781515010928571e+03</terrainHeight>
        <roll>3.010559345021165e+01</roll>
      </antennaPattern>
      <antennaPattern>
        <swath>IW2</swath>
        <azimuthTime>2015-05-16T13:34:47.929740</azimuthTime>
        <slantRangeTime count="676">5.646806372877616e-03 5.647392496836635e-03 5.647978620795654e-03 5.648564744754674e-03 5.649150868713693e-03 5.649736992672713e-03 5.650323116631733e-03 5.650909240590751e-03 5.651495364549771e-03 5.652081488508790e-03 5.652667612467809e-03 5.653253736426829e-03 5.653839860385848e-03 5.654425984344868e-03 5.655012108303887e-03 5.655598232262906e-03 5.656184356221925e-03 5.656770480180945e-03 5.657356604139963e-03 5.657942728098983e-03 5.658528852058003e-03 5.659114976017021e-03 5.659701099976042e-03 5.660287223935061e-03 5.660873347894080e-03 5.661459471853100e-03 5.662045595812118e-03 5.662631719771138e-03 5.663217843730157e-03 5.663803967689176e-03 5.664390091648196e-03 5.664976215607215e-03 5.665562339566235e-03 5.666148463525255e-03 5.666734587484274e-03 5.667320711443293e-03 5.667906835402312e-03 5.668492959361331e-03 5.669079083320351e-03 5.669665207279370e-03 5.670251331238389e-03 5.670837455197409e-03 5.671423579156429e-03 5.672009703115448e-03 5.672595827074467e-03 5.673181951033487e-03 5.673768074992506e-03 5.674354198951525e-03 5.674940322910545e-03 5.675526446869563e-03 5.676112570828583e-03 5.676698694787602e-03 5.677284818746622e-03 5.677870942705641e-03 5.678457066664660e-03 5.679043190623679e-03 5.679629314582699e-03 5.680215438541717e-03 5.680801562500737e-03 5.681387686459757e-03 5.681973810418776e-03 5.682559934377795e-03 5.683146058336815e-03 5.683732182295833e-03 5.684318306254853e-03 5.684904430213872e-03 5.685490554172891e-03 5.686076678131910e-03 5.686662802090930e-03 5.687248926049949e-03 5.687835050008969e-03 5.688421173967988e-03 5.689007297927007e-03 5.689593421886026e-03 5.690179545845045e-03 5.690765669804064e-03 5.691351793763084e-03 5.691937917722103e-03 5.692524041681123e-03 5.693110165640142e-03 5.693696289599161e-03 5.694282413558180e-03 5.694868537517200e-03 5.695454661476218e-03 5.696040785435238e-03 5.696626909394258e-03 5.697213033353277e-03 5.697799157312296e-03 5.698385281271316e-03 5.698971405230334e-03 5.699557529189354e-03 5.700143653148373e-03 5.700729777107392e-03 5.701315901066411e-03 5.701902025025431e-03 5.702488148984450e-03 5.703074272943470e-03 5.703660396902488e-03 5.704246520861508e-03 5.704832644820527e-03 5.705418768779546e-03 5.706004892738565e-03 5.706591016697585e-03 5.707177140656604e-03 5.707763264615624e-03 5.708349388574643e-03 5.708935512533662e-03 5.709521636492681e-03 5.710107760451701e-03 5.710693884410719e-03 5.711280008369739e-03 5.711866132328759e-03 5.712452256287778e-03 5.713038380246797e-03 5.713624504205816e-03 5.714210628164835e-03 5.714796752123855e-03 5.715382876082874e-03 5.715969000041893e-03 5.716555124000912e-03 5.717141247959932e-03 5.717727371918951e-03 5.718313495877971e-03 5.718899619836989e-03 5.719485743796009e-03 5.720071867755028e-03 5.720657991714047e-03 5.721244115673066e-03 5.721830239632086e-03 5.722416363591105e-03 5.723002487550125e-03 5.723588611509144e-03 5.724174735468163e-03 5.724760859427182e-03 5.725346983386202e-03 5.725933107345220e-03 5.726519231304240e-03 5.727105355263259e-03 5.727691479222279e-03 5.728277603181298e-03 5.728863727140317e-03 5.729449851099336e-03 5.730035975058356e-03 5.730622099017374e-03 5.731208222976394e-03 5.731794346935413e-03 5.732380470894433e-03 5.732966594853452e-03 5.733552718812472e-03 5.734138842771490e-03 5.734724966730510e-03 5.735311090689529e-03 5.735897214648548e-03 5.736483338607567e-03 5.737069462566587e-03 5.737655586525606e-03 5.738241710484626e-03 5.738827834443645e-03 5.739413958402664e-03 5.740000082361683e-03 5.740586206320702e-03 5.741172330279721e-03 5.741758454238741e-03 5.742344578197760e-03 5.742930702156780e-03 5.743516826115799e-03 5.744102950074818e-03 5.744689074033837e-03 5.745275197992857e-03 5.745861321951875e-03 5.746447445910895e-03 5.747033569869914e-03 5.747619693828934e-03 5.748205817787953e-03 5.748791941746973e-03 5.749378065705991e-03 5.749964189665011e-03 5.750550313624030e-03 5.751136437583049e-03 5.751722561542068e-03 5.752308685501088e-03 5.752894809460107e-03 5.753480933419127e-03 5.754067057378145e-03 5.754653181337165e-03 5.755239305296184e-03 5.755825429255203e-03 5.756411553214222e-03 5.756997677173242e-03 5.757583801132261e-03 5.758169925091282e-03 5.758756049050301e-03 5.759342173009321e-03 5.759928296968341e-03 5.760514420927360e-03 5.761100544886380e-03 5.761686668845399e-03 5.762272792804419e-03 5.762858916763439e-03 5.763445040722458e-03 5.764031164681478e-03 5.764617288640497e-03 5.765203412599517e-03 5.765789536558537e-03 5.766375660517556e-03 5.766961784476576e-03 5.767547908435596e-03 5.768134032394616e-03 5.768720156353636e-03 5.769306280312655e-03 5.769892404271675e-03 5.770478528230694e-03 5.771064652189714e-03 5.771650776148734e-03 5.772236900107753e-03 5.772823024066773e-03 5.773409148025792e-03 5.773995271984812e-03 5.774581395943832e-03 5.775167519902851e-03 5.775753643861871e-03 5.776339767820890e-03 5.776925891779911e-03 5.777512015738930e-03 5.778098139697950e-03 5.778684263656970e-03 5.779270387615989e-03 5.779856511575009e-03 5.780442635534028e-03 5.781028759493048e-03 5.781614883452068e-03 5.782201007411087e-03 5.782787131370107e-03 5.783373255329126e-03 5.783959379288146e-03 5.784545503247166e-03 5.785131627206185e-03 5.785717751165205e-03 5.786303875124225e-03 5.786889999083245e-03 5.787476123042264e-03 5.788062247001284e-03 5.788648370960304e-03 5.789234494919323e-03 5.789820618878343e-03 5.790406742837362e-03 5.790992866796382e-03 5.791578990755402e-03 5.792165114714421e-03 5.792751238673441e-03 5.793337362632460e-03 5.793923486591480e-03 5.794509610550500e-03 5.795095734509519e-03 5.795681858468540e-03 5.796267982427559e-03 5.796854106386579e-03 5.797440230345599e-03 5.798026354304618e-03 5.798612478263638e-03 5.799198602222657e-03 5.799784726181677e-03 5.800370850140697e-03 5.800956974099716e-03 5.801543098058736e-03 5.802129222017755e-03 5.802715345976775e-03 5.803301469935795e-03 5.803887593894814e-03 5.804473717853835e-03 5.805059841812854e-03 5.805645965771874e-03 5.806232089730893e-03 5.806818213689913e-03 5.807404337648933e-03 5.807990461607952e-03 5.808576585566972e-03 5.809162709525991e-03 5.809748833485011e-03 5.810334957444031e-03 5.810921081403050e-03 5.811507205362070e-03 5.812093329321089e-03 5.812679453280109e-03 5.813265577239129e-03 5.813851701198149e-03 5.814437825157169e-03 5.815023949116188e-03 5.815610073075208e-03 5.816196197034228e-03 5.816782320993247e-03 5.817368444952267e-03 5.817954568911286e-03 5.818540692870306e-03 5.819126816829326e-03 5.819712940788345e-03 5.820299064747365e-03 5.820885188706384e-03 5.821471312665404e-03 5.822057436624424e-03 5.822643560583443e-03 5.823229684542464e-03 5.823815808501483e-03 5.824401932460503e-03 5.824988056419522e-03 5.825574180378542e-03 5.826160304337562e-03 5.826746428296581e-03 5.827332552255601e-03 5.827918676214620e-03 5.828504800173640e-03 5.829090924132660e-03 5.829677048091679e-03 5.830263172050699e-03 5.830849296009718e-03 5.831435419968738e-03 5.832021543927758e-03 5.832607667886778e-03 5.833193791845798e-03 5.833779915804817e-03 5.834366039763837e-03 5.834952163722856e-03 5.835538287681876e-03 5.836124411640896e-03 5.836710535599915e-03 5.837296659558935e-03 5.837882783517954e-03 5.838468907476974e-03 5.839055031435994e-03 5.839641155395013e-03 5.840227279354033e-03 5.840813403313052e-03 5.841399527272073e-03 5.841985651231093e-03 5.842571775190112e-03 5.843157899149132e-03 5.843744023108151e-03 5.844330147067171e-03 5.844916271026191e-03 5.845502394985210e-03 5.846088518944230e-03 5.846674642903249e-03 5.847260766862269e-03 5.847846890821289e-03 5.848433014780308e-03 5.849019138739328e-03 5.849605262698347e-03 5.850191386657367e-03 5.850777510616387e-03 5.851363634575407e-03 5.851949758534427e-03 5.852535882493446e-03 5.853122006452466e-03 5.853708130411485e-03 5.854294254370505e-03 5.854880378329525e-03 5.855466502288544e-03 5.856052626247564e-03 5.856638750206583e-03 5.857224874165603e-03 5.857810998124623e-03 5.858397122083642e-03 5.858983246042662e-03 5.859569370001681e-03 5.860155493960702e-03 5.860741617919722e-03 5.861327741878741e-03 5.861913865837761e-03 5.862499989796780e-03 5.863086113755800e-03 5.863672237714820e-03 5.864258361673839e-03 5.864844485632859e-03 5.865430609591878e-03 5.866016733550898e-03 5.866602857509918e-03 5.867188981468937e-03 5.867775105427957e-03 5.868361229386976e-03 5.868947353345996e-03 5.869533477305016e-03 5.870119601264036e-03 5.870705725223056e-03 5.871291849182075e-03 5.871877973141095e-03 5.872464097100114e-03 5.873050221059134e-03 5.873636345018154e-03 5.874222468977173e-03 5.874808592936193e-03 5.875394716895212e-03 5.875980840854232e-03 5.876566964813252e-03 5.877153088772271e-03 5.877739212731291e-03 5.878325336690310e-03 5.878911460649331e-03 5.879497584608350e-03 5.880083708567370e-03 5.880669832526390e-03 5.881255956485409e-03 5.881842080444429e-03 5.882428204403448e-03 5.883014328362468e-03 5.883600452321488e-03 5.884186576280507e-03 5.884772700239527e-03 5.885358824198546e-03 5.885944948157566e-03 5.886531072116586e-03 5.887117196075605e-03 5.887703320034626e-03 5.888289443993645e-03 5.888875567952665e-03 5.889461691911685e-03 5.890047815870704e-03 5.890633939829724e-03 5.891220063788743e-03 5.891806187747763e-03 5.892392311706783e-03 5.892978435665802e-03 5.893564559624822e-03 5.894150683583841e-03 5.894736807542861e-03 5.895322931501881e-03 5.895909055460900e-03 5.896495179419920e-03 5.897081303378940e-03 5.897667427337960e-03 5.898253551296979e-03 5.898839675255999e-03 5.899425799215019e-03 5.900011923174038e-03 5.900598047133058e-03 5.901184171092077e-03 5.901770295051097e-03 5.902356419010117e-03 5.902942542969136e-03 5.903528666928156e-03 5.904114790887175e-03 5.904700914846195e-03 5.905287038805215e-03 5.905873162764234e-03 5.906459286723255e-03 5.907045410682274e-03 5.907631534641294e-03 5.908217658600314e-03 5.908803782559333e-03 5.909389906518353e-03 5.909976030477372e-03 5.910562154436392e-03 5.911148278395412e-03 5.911734402354431e-03 5.912320526313451e-03 5.912906650272470e-03 5.913492774231490e-03 5.914078898190510e-03 5.914665022149529e-03 5.915251146108549e-03 5.915837270067569e-03 5.916423394026589e-03 5.917009517985608e-03 5.917595641944628e-03 5.918181765903648e-03 5.918767889862667e-03 5.919354013821687e-03 5.919940137780706e-03 5.920526261739726e-03 5.921112385698746e-03 5.921698509657765e-03 5.922284633616785e-03 5.922870757575804e-03 5.923456881534824e-03 5.924043005493844e-03 5.924629129452863e-03 5.925215253411884e-03 5.925801377370903e-03 5.926387501329923e-03 5.926973625288942e-03 5.927559749247962e-03 5.928145873206982e-03 5.928731997166001e-03 5.929318121125021e-03 5.929904245084040e-03 5.930490369043060e-03 5.931076493002080e-03 5.931662616961099e-03 5.932248740920119e-03 5.932834864879138e-03 5.933420988838158e-03 5.934007112797179e-03 5.934593236756198e-03 5.935179360715218e-03 5.935765484674237e-03 5.936351608633257e-03 5.936937732592277e-03 5.937523856551296e-03 5.938109980510316e-03 5.938696104469335e-03 5.939282228428355e-03 5.939868352387375e-03 5.940454476346394e-03 5.941040600305414e-03 5.941626724264433e-03 5.942212848223453e-03 5.942798972182473e-03 5.943385096141493e-03 5.943971220100513e-03 5.944557344059532e-03 5.945143468018552e-03 5.945729591977571e-03 5.946315715936591e-03 5.946901839895611e-03 5.947487963854630e-03 5.948074087813650e-03 5.948660211772669e-03 5.949246335731689e-03 5.949832459690709e-03 5.950418583649728e-03 5.951004707608748e-03 5.951590831567767e-03 5.952176955526787e-03 5.952763079485807e-03 5.953349203444827e-03 5.953935327403847e-03 5.954521451362866e-03 5.955107575321886e-03 5.955693699280906e-03 5.956279823239925e-03 5.956865947198945e-03 5.957452071157964e-03 5.958038195116984e-03 5.958624319076004e-03 5.959210443035023e-03 5.959796566994043e-03 5.960382690953062e-03 5.960968814912082e-03 5.961554938871102e-03 5.962141062830122e-03 5.962727186789142e-03 5.963313310748161e-03 5.963899434707181e-03 5.964485558666200e-03 5.965071682625220e-03 5.965657806584240e-03 5.966243930543259e-03 5.966830054502279e-03 5.967416178461298e-03 5.968002302420318e-03 5.968588426379338e-03 5.969174550338357e-03 5.969760674297377e-03 5.970346798256396e-03 5.970932922215416e-03 5.971519046174436e-03 5.972105170133456e-03 5.972691294092476e-03 5.973277418051495e-03 5.973863542010515e-03 5.974449665969534e-03 5.975035789928554e-03 5.975621913887574e-03 5.976208037846593e-03 5.976794161805613e-03 5.977380285764632e-03 5.977966409723652e-03 5.978552533682672e-03 5.979138657641691e-03 5.979724781600711e-03 5.980310905559731e-03 5.980897029518751e-03 5.981483153477771e-03 5.982069277436790e-03 5.982655401395810e-03 5.983241525354829e-03 5.983827649313849e-03 5.984413773272869e-03 5.984999897231888e-03 5.985586021190908e-03 5.986172145149927e-03 5.986758269108947e-03 5.987344393067967e-03 5.987930517026986e-03 5.988516640986006e-03 5.989102764945025e-03 5.989688888904046e-03 5.990275012863065e-03 5.990861136822085e-03 5.991447260781105e-03 5.992033384740124e-03 5.992619508699144e-03 5.993205632658163e-03 5.993791756617183e-03 5.994377880576203e-03 5.994964004535222e-03 5.995550128494242e-03 5.996136252453261e-03 5.996722376412281e-03 5.997308500371301e-03 5.997894624330320e-03 5.998480748289340e-03 5.999066872248360e-03 5.999652996207380e-03 6.000239120166399e-03 6.000825244125419e-03 6.001411368084439e-03 6.001997492043458e-03 6.002583616002478e-03 6.003169739961497e-03 6.003755863920517e-03 6.004341987879537e-03 6.004928111838556e-03 6.005514235797576e-03 6.006100359756596e-03 6.006686483715615e-03 6.007272607674635e-03 6.007858731633654e-03 6.008444855592675e-03 6.009030979551694e-03 6.009617103510714e-03 6.010203227469734e-03 6.010789351428753e-03 6.011375475387773e-03 6.011961599346792e-03 6.012547723305812e-03 6.013133847264832e-03 6.013719971223851e-03 6.014306095182871e-03 6.014892219141890e-03 6.015478343100910e-03 6.016064467059930e-03 6.016650591018949e-03 6.017236714977970e-03 6.017822838936989e-03 6.018408962896009e-03 6.018995086855028e-03 6.019581210814048e-03 6.020167334773068e-03 6.020753458732087e-03 6.021339582691107e-03 6.021925706650126e-03 6.022511830609146e-03 6.023097954568166e-03 6.023684078527185e-03 6.024270202486205e-03 6.024856326445224e-03 6.025442450404244e-03 6.026028574363264e-03 6.026614698322284e-03 6.027200822281304e-03 6.027786946240323e-03 6.028373070199343e-03 6.028959194158363e-03 6.029545318117382e-03 6.030131442076402e-03 6.030717566035421e-03 6.031303689994441e-03 6.031889813953461e-03 6.032475937912480e-03 6.033062061871500e-03 6.033648185830519e-03 6.034234309789539e-03 6.034820433748559e-03 6.035406557707578e-03 6.035992681666599e-03 6.036578805625618e-03 6.037164929584638e-03 6.037751053543657e-03 6.038337177502677e-03 6.038923301461697e-03 6.039509425420716e-03 6.040095549379736e-03 6.040681673338755e-03 6.041267797297775e-03 6.041853921256795e-03 6.042440045215814e-03</slantRangeTime>
        <elevationAngle count="676">3.234982e+01 3.235787e+01 3.236591e+01 3.237395e+01 3.238199e+01 3.239002e+01 3.239805e+01 3.240608e+01 3.241410e+01 3.242212e+01 3.243013e+01 3.243815e+01 3.244616e+01 3.245416e+01 3.246216e+01 3.247016e+01 3.247815e+01 3.248614e+01 3.249413e+01 3.250211e+01 3.251009e+01 3.251807e+01 3.252604e+01 3.253401e+01 3.254198e+01 3.254994e+01 3.255790e+01 3.256585e+01 3.257380e+01 3.258175e+01 3.258969e+01 3.259764e+01 3.260558e+01 3.261351e+01 3.262144e+01 3.262937e+01 3.263729e+01 3.264521e+01 3.265313e+01 3.266104e+01 3.266895e+01 3.267686e+01 3.268476e+01 3.269266e+01 3.270055e+01 3.270845e+01 3.271634e+01 3.272422e+01 3.273210e+01 3.273998e+01 3.274786e+01 3.275573e+01 3.276360e+01 3.277146e+01 3.277932e+01 3.278718e+01 3.279504e+01 3.280289e+01 3.281073e+01 3.281858e+01 3.282642e+01 3.283426e+01 3.284209e+01 3.284992e+01 3.285775e+01 3.286557e+01 3.287339e+01 3.288121e+01 3.288902e+01 3.289684e+01 3.290464e+01 3.291245e+01 3.292025e+01 3.292804e+01 3.293583e+01 3.294363e+01 3.295141e+01 3.295919e+01 3.296698e+01 3.297475e+01 3.298252e+01 3.299030e+01 3.299806e+01 3.300583e+01 3.301358e+01 3.302134e+01 3.302909e+01 3.303684e+01 3.304459e+01 3.305233e+01 3.306007e+01 3.306781e+01 3.307554e+01 3.308327e+01 3.309100e+01 3.309872e+01 3.310644e+01 3.311415e+01 3.312187e+01 3.312958e+01 3.313729e+01 3.314499e+01 3.315269e+01 3.316039e+01 3.316808e+01 3.317577e+01 3.318346e+01 3.319114e+01 3.319882e+01 3.320650e+01 3.321417e+01 3.322184e+01 3.322951e+01 3.323717e+01 3.324483e+01 3.325249e+01 3.326014e+01 3.326780e+01 3.327544e+01 3.328308e+01 3.329073e+01 3.329837e+01 3.330600e+01 3.331363e+01 3.332126e+01 3.332888e+01 3.333651e+01 3.334412e+01 3.335174e+01 3.335935e+01 3.336696e+01 3.337457e+01 3.338217e+01 3.338977e+01 3.339736e+01 3.340496e+01 3.341254e+01 3.342013e+01 3.342772e+01 3.343530e+01 3.344287e+01 3.345044e+01 3.345802e+01 3.346558e+01 3.347314e+01 3.348071e+01 3.348826e+01 3.349582e+01 3.350337e+01 3.351092e+01 3.351846e+01 3.352600e+01 3.353354e+01 3.354108e+01 3.354861e+01 3.355614e+01 3.356366e+01 3.357119e+01 3.357870e+01 3.358622e+01 3.359373e+01 3.360125e+01 3.360875e+01 3.361625e+01 3.362376e+01 3.363125e+01 3.363875e+01 3.364624e+01 3.365372e+01 3.366121e+01 3.366869e+01 3.367617e+01 3.368365e+01 3.369112e+01 3.369859e+01 3.370605e+01 3.371352e+01 3.372098e+01 3.372844e+01 3.373589e+01 3.374334e+01 3.375079e+01 3.375823e+01 3.376567e+01 3.377311e+01 3.378055e+01 3.378798e+01 3.379541e+01 3.380283e+01 3.381026e+01 3.381768e+01 3.382509e+01 3.383251e+01 3.383992e+01 3.384732e+01 3.385473e+01 3.386213e+01 3.386953e+01 3.387693e+01 3.388432e+01 3.389171e+01 3.389909e+01 3.390648e+01 3.391386e+01 3.392123e+01 3.392861e+01 3.393598e+01 3.394335e+01 3.395071e+01 3.395807e+01 3.396543e+01 3.397279e+01 3.398014e+01 3.398749e+01 3.399484e+01 3.400218e+01 3.400952e+01 3.401686e+01 3.402420e+01 3.403152e+01 3.403886e+01 3.404618e+01 3.405350e+01 3.406083e+01 3.406814e+01 3.407545e+01 3.408276e+01 3.409007e+01 3.409738e+01 3.410468e+01 3.411198e+01 3.411927e+01 3.412657e+01 3.413386e+01 3.414114e+01 3.414843e+01 3.415571e+01 3.416299e+01 3.417026e+01 3.417753e+01 3.418480e+01 3.419207e+01 3.419933e+01 3.420659e+01 3.421385e+01 3.422110e+01 3.422836e+01 3.423560e+01 3.424285e+01 3.425009e+01 3.425733e+01 3.426457e+01 3.427180e+01 3.427903e+01 3.428626e+01 3.429349e+01 3.430071e+01 3.430793e+01 3.431514e+01 3.432236e+01 3.432957e+01 3.433678e+01 3.434398e+01 3.435118e+01 3.435838e+01 3.436558e+01 3.437277e+01 3.437996e+01 3.438715e+01 3.439433e+01 3.440151e+01 3.440869e+01 3.441587e+01 3.442304e+01 3.443021e+01 3.443738e+01 3.444454e+01 3.445170e+01 3.445886e+01 3.446602e+01 3.447317e+01 3.448032e+01 3.448746e+01 3.449461e+01 3.450175e+01 3.450889e+01 3.451603e+01 3.452316e+01 3.453029e+01 3.453741e+01 3.454454e+01 3.455166e+01 3.455878e+01 3.456590e+01 3.457301e+01 3.458012e+01 3.458722e+01 3.459433e+01 3.460143e+01 3.460853e+01 3.461562e+01 3.462272e+01 3.462981e+01 3.463689e+01 3.464398e+01 3.465106e+01 3.465814e+01 3.466521e+01 3.467229e+01 3.467936e+01 3.468643e+01 3.469349e+01 3.470055e+01 3.470761e+01 3.471467e+01 3.472172e+01 3.472877e+01 3.473582e+01 3.474287e+01 3.474991e+01 3.475695e+01 3.476398e+01 3.477102e+01 3.477805e+01 3.478508e+01 3.479211e+01 3.479913e+01 3.480615e+01 3.481316e+01 3.482018e+01 3.482719e+01 3.483420e+01 3.484121e+01 3.484821e+01 3.485521e+01 3.486221e+01 3.486921e+01 3.487620e+01 3.488319e+01 3.489017e+01 3.489716e+01 3.490414e+01 3.491112e+01 3.491809e+01 3.492507e+01 3.493204e+01 3.493901e+01 3.494597e+01 3.495293e+01 3.495990e+01 3.496685e+01 3.497381e+01 3.498076e+01 3.498771e+01 3.499465e+01 3.500160e+01 3.500854e+01 3.501548e+01 3.502241e+01 3.502934e+01 3.503627e+01 3.504320e+01 3.505013e+01 3.505704e+01 3.506396e+01 3.507088e+01 3.507780e+01 3.508471e+01 3.509161e+01 3.509852e+01 3.510542e+01 3.511232e+01 3.511922e+01 3.512612e+01 3.513301e+01 3.513990e+01 3.514679e+01 3.515367e+01 3.516055e+01 3.516743e+01 3.517430e+01 3.518118e+01 3.518805e+01 3.519492e+01 3.520178e+01 3.520864e+01 3.521551e+01 3.522236e+01 3.522922e+01 3.523607e+01 3.524292e+01 3.524977e+01 3.525661e+01 3.526345e+01 3.527029e+01 3.527713e+01 3.528396e+01 3.529079e+01 3.529762e+01 3.530445e+01 3.531127e+01 3.531809e+01 3.532491e+01 3.533173e+01 3.533854e+01 3.534535e+01 3.535216e+01 3.535896e+01 3.536576e+01 3.537256e+01 3.537936e+01 3.538615e+01 3.539294e+01 3.539973e+01 3.540652e+01 3.541331e+01 3.542009e+01 3.542686e+01 3.543364e+01 3.544041e+01 3.544719e+01 3.545396e+01 3.546072e+01 3.546748e+01 3.547425e+01 3.548100e+01 3.548776e+01 3.549451e+01 3.550126e+01 3.550801e+01 3.551476e+01 3.552150e+01 3.552824e+01 3.553498e+01 3.554171e+01 3.554844e+01 3.555517e+01 3.556190e+01 3.556862e+01 3.557535e+01 3.558207e+01 3.558878e+01 3.559550e+01 3.560221e+01 3.560892e+01 3.561563e+01 3.562233e+01 3.562903e+01 3.563573e+01 3.564243e+01 3.564912e+01 3.565582e+01 3.566250e+01 3.566919e+01 3.567587e+01 3.568256e+01 3.568923e+01 3.569591e+01 3.570258e+01 3.570926e+01 3.571592e+01 3.572259e+01 3.572925e+01 3.573592e+01 3.574257e+01 3.574923e+01 3.575588e+01 3.576254e+01 3.576918e+01 3.577583e+01 3.578247e+01 3.578912e+01 3.579575e+01 3.580239e+01 3.580902e+01 3.581565e+01 3.582228e+01 3.582891e+01 3.583553e+01 3.584216e+01 3.584877e+01 3.585539e+01 3.586200e+01 3.586861e+01 3.587523e+01 3.588183e+01 3.588844e+01 3.589503e+01 3.590163e+01 3.590823e+01 3.591483e+01 3.592142e+01 3.592801e+01 3.593459e+01 3.594118e+01 3.594776e+01 3.595434e+01 3.596091e+01 3.596749e+01 3.597406e+01 3.598063e+01 3.598720e+01 3.599376e+01 3.600032e+01 3.600688e+01 3.601344e+01 3.601999e+01 3.602655e+01 3.603310e+01 3.603964e+01 3.604619e+01 3.605273e+01 3.605927e+01 3.606581e+01 3.607235e+01 3.607888e+01 3.608541e+01 3.609193e+01 3.609846e+01 3.610498e+01 3.611150e+01 3.611802e+01 3.612454e+01 3.613105e+01 3.613756e+01 3.614407e+01 3.615058e+01 3.615708e+01 3.616358e+01 3.617008e+01 3.617658e+01 3.618307e+01 3.618956e+01 3.619605e+01 3.620254e+01 3.620903e+01 3.621551e+01 3.622199e+01 3.622847e+01 3.623494e+01 3.624141e+01 3.624788e+01 3.625435e+01 3.626081e+01 3.626728e+01 3.627374e+01 3.628020e+01 3.628666e+01 3.629311e+01 3.629956e+01 3.630601e+01 3.631245e+01 3.631890e+01 3.632534e+01 3.633178e+01 3.633821e+01 3.634465e+01 3.635108e+01 3.635751e+01 3.636394e+01 3.637037e+01 3.637679e+01 3.638321e+01 3.638963e+01 3.639604e+01 3.640246e+01 3.640887e+01 3.641528e+01 3.642168e+01 3.642809e+01 3.643449e+01 3.644089e+01 3.644728e+01 3.645368e+01 3.646007e+01 3.646646e+01 3.647285e+01 3.647924e+01 3.648562e+01 3.649200e+01 3.649838e+01 3.650475e+01 3.651113e+01 3.651750e+01 3.652387e+01 3.653024e+01 3.653660e+01 3.654296e+01 3.654932e+01 3.655568e+01 3.656203e+01 3.656839e+01 3.657474e+01 3.658109e+01 3.658743e+01 3.659378e+01 3.660012e+01 3.660646e+01 3.661279e+01 3.661913e+01 3.662546e+01 3.663179e+01 3.663812e+01 3.664444e+01 3.665077e+01 3.665709e+01 3.666341e+01 3.666972e+01 3.667604e+01 3.668235e+01 3.668866e+01 3.669497e+01 3.670127e+01 3.670757e+01 3.671387e+01 3.672017e+01 3.672647e+01 3.673276e+01 3.673905e+01 3.674534e+01 3.675163e+01 3.675791e+01 3.676419e+01 3.677047e+01 3.677675e+01 3.678302e+01 3.678930e+01 3.679557e+01 3.680184e+01 3.680811e+01 3.681437e+01 3.682063e+01 3.682689e+01 3.683315e+01 3.683940e+01 3.684565e+01 3.685191e+01 3.685815e+01 3.686440e+01 3.687064e+01 3.687688e+01 3.688313e+01 3.688936e+01 3.689560e+01 3.690183e+01 3.690806e+01 3.691429e+01 3.692051e+01 3.692674e+01 3.693296e+01 3.693918e+01 3.694540e+01 3.695161e+01 3.695782e+01 3.696404e+01 3.697024e+01 3.697645e+01 3.698265e+01 3.698885e+01 3.699505e+01 3.700125e+01 3.700745e+01 3.701364e+01 3.701983e+01 3.702602e+01 3.703220e+01 3.703839e+01 3.704457e+01 3.705075e+01 3.705693e+01 3.706310e+01 3.706927e+01 3.707545e+01 3.708162e+01 3.708778e+01 3.709394e+01</elevationAngle>
        <elevationPattern count="676">-2.993207e+13 2.608084e+14 -3.005022e+13 2.625466e+14 -3.015157e+13 2.642841e+14 -3.025287e+13 2.660207e+14 -3.035413e+13 2.677566e+14 -3.045536e+13 2.694918e+14 -3.055653e+13 2.712262e+14 -3.065765e+13 2.729598e+14 -3.073523e+13 2.747240e+14 -3.081220e+13 2.764881e+14 -3.088916e+13 2.782515e+14 -3.096607e+13 2.800140e+14 -3.104295e+13 2.817759e+14 -3.111979e+13 2.835368e+14 -3.117891e+13 2.852853e+14 -3.123169e+13 2.870287e+14 -3.128445e+13 2.887713e+14 -3.133719e+13 2.905132e+14 -3.138990e+13 2.922544e+14 -3.144259e+13 2.939947e+14 -3.148224e+13 2.957420e+14 -3.150777e+13 2.974968e+14 -3.153328e+13 2.992508e+14 -3.155879e+13 3.010040e+14 -3.158428e+13 3.027564e+14 -3.160976e+13 3.045081e+14 -3.162902e+13 3.062590e+14 -3.162424e+13 3.080091e+14 -3.161947e+13 3.097584e+14 -3.161471e+13 3.115070e+14 -3.160994e+13 3.132549e+14 -3.160518e+13 3.150020e+14 -3.160041e+13 3.167482e+14 -3.156812e+13 3.184791e+14 -3.153324e+13 3.202082e+14 -3.149836e+13 3.219362e+14 -3.146349e+13 3.236635e+14 -3.142863e+13 3.253900e+14 -3.139381e+13 3.271160e+14 -3.133893e+13 3.288409e+14 -3.127091e+13 3.305653e+14 -3.120292e+13 3.322889e+14 -3.113495e+13 3.340118e+14 -3.106702e+13 3.357338e+14 -3.099911e+13 3.374551e+14 -3.092208e+13 3.391756e+14 -3.082109e+13 3.408953e+14 -3.072016e+13 3.426144e+14 -3.061927e+13 3.443327e+14 -3.051843e+13 3.460503e+14 -3.041762e+13 3.477671e+14 -3.031686e+13 3.494830e+14 -3.018096e+13 3.511837e+14 -3.004255e+13 3.528827e+14 -2.990418e+13 3.545807e+14 -2.976587e+13 3.562779e+14 -2.962762e+13 3.579744e+14 -2.948945e+13 3.596703e+14 -2.932988e+13 3.613565e+14 -2.915417e+13 3.630351e+14 -2.897854e+13 3.647132e+14 -2.880298e+13 3.663903e+14 -2.862749e+13 3.680668e+14 -2.845209e+13 3.697426e+14 -2.826933e+13 3.714146e+14 -2.805496e+13 3.730733e+14 -2.784068e+13 3.747312e+14 -2.762649e+13 3.763884e+14 -2.741240e+13 3.780450e+14 -2.719840e+13 3.797008e+14 -2.698449e+13 3.813557e+14 -2.673977e+13 3.829854e+14 -2.648705e+13 3.846078e+14 -2.623444e+13 3.862295e+14 -2.598193e+13 3.878505e+14 -2.572954e+13 3.894709e+14 -2.547726e+13 3.910906e+14 -2.520926e+13 3.927037e+14 -2.491517e+13 3.943061e+14 -2.462123e+13 3.959082e+14 -2.432740e+13 3.975095e+14 -2.403370e+13 3.991100e+14 -2.374013e+13 4.007100e+14 -2.344668e+13 4.023091e+14 -2.311238e+13 4.038930e+14 -2.277575e+13 4.054753e+14 -2.243927e+13 4.070569e+14 -2.210293e+13 4.086379e+14 -2.176674e+13 4.102182e+14 -2.143069e+13 4.117977e+14 -2.107423e+13 4.133538e+14 -2.069669e+13 4.148857e+14 -2.031931e+13 4.164167e+14 -1.994211e+13 4.179472e+14 -1.956505e+13 4.194769e+14 -1.918817e+13 4.210062e+14 -1.881043e+13 4.225345e+14 -1.838911e+13 4.240469e+14 -1.796796e+13 4.255584e+14 -1.754701e+13 4.270697e+14 -1.712623e+13 4.285803e+14 -1.670563e+13 4.300901e+14 -1.628521e+13 4.315992e+14 -1.584107e+13 4.330912e+14 -1.537639e+13 4.345685e+14 -1.491191e+13 4.360448e+14 -1.444763e+13 4.375208e+14 -1.398355e+13 4.389961e+14 -1.351966e+13 4.404706e+14 -1.305467e+13 4.419436e+14 -1.254836e+13 4.433863e+14 -1.204227e+13 4.448283e+14 -1.153640e+13 4.462698e+14 -1.103074e+13 4.477106e+14 -1.052529e+13 4.491508e+14 -1.002006e+13 4.505905e+14 -9.492080e+12 4.520138e+14 -8.941988e+12 4.534216e+14 -8.392125e+12 4.548286e+14 -7.842502e+12 4.562351e+14 -7.293112e+12 4.576412e+14 -6.743952e+12 4.590464e+14 -6.195029e+12 4.604513e+14 -5.603316e+12 4.618112e+14 -5.010310e+12 4.631689e+14 -4.417557e+12 4.645262e+14 -3.825054e+12 4.658830e+14 -3.232802e+12 4.672391e+14 -2.640801e+12 4.685944e+14 -2.031396e+12 4.699370e+14 -1.396375e+12 4.712609e+14 -7.616237e+11 4.725843e+14 -1.271404e+11 4.739070e+14 5.070744e+11 4.752294e+14 1.141021e+12 4.765509e+14 1.774699e+12 4.778721e+14 2.444407e+12 4.791550e+14 3.121398e+12 4.804294e+14 3.798103e+12 4.817034e+14 4.474524e+12 4.829768e+14 5.150658e+12 4.842497e+14 5.826507e+12 4.855221e+14 6.511934e+12 4.867868e+14 7.229891e+12 4.880277e+14 7.947548e+12 4.892683e+14 8.664900e+12 4.905082e+14 9.381950e+12 4.917477e+14 1.009870e+13 4.929865e+14 1.081515e+13 4.942249e+14 1.155697e+13 4.954350e+14 1.231446e+13 4.966269e+14 1.307163e+13 4.978185e+14 1.382849e+13 4.990095e+14 1.458502e+13 5.002001e+14 1.534125e+13 5.013903e+14 1.609715e+13 5.025798e+14 1.689416e+13 5.037393e+14 1.769155e+13 5.048977e+14 1.848862e+13 5.060557e+14 1.928534e+13 5.072131e+14 2.008174e+13 5.083703e+14 2.087780e+13 5.095267e+14 2.168646e+13 5.106680e+14 2.252087e+13 5.117785e+14 2.335494e+13 5.128887e+14 2.418865e+13 5.139983e+14 2.502202e+13 5.151074e+14 2.585504e+13 5.162161e+14 2.668770e+13 5.173242e+14 2.754476e+13 5.183925e+14 2.841415e+13 5.194399e+14 2.928318e+13 5.204870e+14 3.015183e+13 5.215336e+14 3.102014e+13 5.225797e+14 3.188807e+13 5.236253e+14 3.275564e+13 5.246705e+14 3.366058e+13 5.256865e+14 3.456622e+13 5.267010e+14 3.547150e+13 5.277152e+14 3.637639e+13 5.287290e+14 3.728091e+13 5.297423e+14 3.818505e+13 5.307551e+14 3.909786e+13 5.317557e+14 4.003549e+13 5.327232e+14 4.097271e+13 5.336900e+14 4.190956e+13 5.346567e+14 4.284600e+13 5.356228e+14 4.378207e+13 5.365885e+14 4.471777e+13 5.375542e+14 4.566981e+13 5.384950e+14 4.663587e+13 5.394151e+14 4.760153e+13 5.403347e+14 4.856681e+13 5.412541e+14 4.953168e+13 5.421730e+14 5.049614e+13 5.430915e+14 5.146020e+13 5.440097e+14 5.245087e+13 5.448806e+14 5.344818e+13 5.457388e+14 5.444506e+13 5.465966e+14 5.544156e+13 5.474541e+14 5.643762e+13 5.483113e+14 5.743330e+13 5.491682e+14 5.842933e+13 5.500237e+14 5.945222e+13 5.508502e+14 6.047469e+13 5.516764e+14 6.149673e+13 5.525023e+14 6.251836e+13 5.533280e+14 6.353954e+13 5.541531e+14 6.456033e+13 5.549781e+14 6.558685e+13 5.557881e+14 6.663180e+13 5.565534e+14 6.767633e+13 5.573184e+14 6.872045e+13 5.580832e+14 6.976412e+13 5.588475e+14 7.080737e+13 5.596116e+14 7.185016e+13 5.603754e+14 7.290431e+13 5.611259e+14 7.397265e+13 5.618593e+14 7.504060e+13 5.625930e+14 7.610812e+13 5.633263e+14 7.717518e+13 5.640591e+14 7.824180e+13 5.647916e+14 7.930801e+13 5.655240e+14 8.038470e+13 5.662196e+14 8.146757e+13 5.668925e+14 8.255000e+13 5.675655e+14 8.363200e+13 5.682380e+14 8.471353e+13 5.689102e+14 8.579466e+13 5.695823e+14 8.687530e+13 5.702539e+14 8.796471e+13 5.708913e+14 8.905617e+13 5.715188e+14 9.014714e+13 5.721457e+14 9.123774e+13 5.727728e+14 9.232789e+13 5.733997e+14 9.341756e+13 5.740260e+14 9.450677e+13 5.746520e+14 9.561306e+13 5.752377e+14 9.672032e+13 5.758197e+14 9.782714e+13 5.764015e+14 9.893349e+13 5.769830e+14 1.000394e+14 5.775642e+14 1.011449e+14 5.781454e+14 1.022499e+14 5.787244e+14 1.033529e+14 5.792612e+14 1.044556e+14 5.797980e+14 1.055579e+14 5.803347e+14 1.066596e+14 5.808711e+14 1.077610e+14 5.814073e+14 1.088619e+14 5.819434e+14 1.099666e+14 5.824727e+14 1.110955e+14 5.829646e+14 1.122240e+14 5.834567e+14 1.133520e+14 5.839484e+14 1.144795e+14 5.844397e+14 1.156067e+14 5.849312e+14 1.167333e+14 5.854224e+14 1.178595e+14 5.858998e+14 1.189853e+14 5.863328e+14 1.201106e+14 5.867657e+14 1.212354e+14 5.871981e+14 1.223598e+14 5.876308e+14 1.234837e+14 5.880628e+14 1.246072e+14 5.884950e+14 1.257302e+14 5.889101e+14 1.268527e+14 5.892842e+14 1.279749e+14 5.896583e+14 1.290965e+14 5.900323e+14 1.302177e+14 5.904059e+14 1.313385e+14 5.907795e+14 1.324588e+14 5.911528e+14 1.335787e+14 5.915167e+14 1.346981e+14 5.918611e+14 1.358170e+14 5.922053e+14 1.369356e+14 5.925495e+14 1.380536e+14 5.928934e+14 1.391712e+14 5.932373e+14 1.402883e+14 5.935809e+14 1.414103e+14 5.938987e+14 1.425408e+14 5.941705e+14 1.436710e+14 5.944423e+14 1.448006e+14 5.947141e+14 1.459299e+14 5.949857e+14 1.470586e+14 5.952571e+14 1.481869e+14 5.955284e+14 1.493095e+14 5.957840e+14 1.504227e+14 5.960125e+14 1.515354e+14 5.962405e+14 1.526476e+14 5.964686e+14 1.537594e+14 5.966969e+14 1.548708e+14 5.969248e+14 1.559817e+14 5.971526e+14 1.570872e+14 5.973654e+14 1.581830e+14 5.975504e+14 1.592783e+14 5.977353e+14 1.603733e+14 5.979202e+14 1.614677e+14 5.981049e+14 1.625618e+14 5.982897e+14 1.636554e+14 5.984742e+14 1.647486e+14 5.986409e+14 1.658414e+14 5.987686e+14 1.669336e+14 5.988961e+14 1.680255e+14 5.990237e+14 1.691169e+14 5.991513e+14 1.702079e+14 5.992789e+14 1.712985e+14 5.994063e+14 1.723849e+14 5.995186e+14 1.734604e+14 5.995894e+14 1.745356e+14 5.996603e+14 1.756103e+14 5.997309e+14 1.766846e+14 5.998017e+14 1.777584e+14 5.998722e+14 1.788318e+14 5.999429e+14 1.798995e+14 6.000028e+14 1.809438e+14 6.000169e+14 1.819877e+14 6.000310e+14 1.830312e+14 6.000450e+14 1.840743e+14 6.000590e+14 1.851170e+14 6.000733e+14 1.861594e+14 6.000875e+14 1.871998e+14 6.000975e+14 1.882271e+14 6.000691e+14 1.892542e+14 6.000413e+14 1.902807e+14 6.000128e+14 1.913069e+14 5.999848e+14 1.923326e+14 5.999566e+14 1.933580e+14 5.999284e+14 1.943830e+14 5.999005e+14 1.953799e+14 5.998172e+14 1.963760e+14 5.997330e+14 1.973717e+14 5.996490e+14 1.983670e+14 5.995648e+14 1.993619e+14 5.994809e+14 2.003563e+14 5.993965e+14 2.013505e+14 5.993126e+14 2.023323e+14 5.991930e+14 2.033117e+14 5.990671e+14 2.042907e+14 5.989413e+14 2.052693e+14 5.988155e+14 2.062475e+14 5.986898e+14 2.072252e+14 5.985639e+14 2.082027e+14 5.984383e+14 2.091506e+14 5.982640e+14 2.100853e+14 5.980687e+14 2.110198e+14 5.978735e+14 2.119539e+14 5.976783e+14 2.128875e+14 5.974831e+14 2.138209e+14 5.972881e+14 2.147539e+14 5.970932e+14 2.156720e+14 5.968766e+14 2.165764e+14 5.966400e+14 2.174804e+14 5.964035e+14 2.183842e+14 5.961673e+14 2.192875e+14 5.959310e+14 2.201904e+14 5.956946e+14 2.210931e+14 5.954586e+14 2.219817e+14 5.952090e+14 2.228421e+14 5.949315e+14 2.237021e+14 5.946543e+14 2.245617e+14 5.943768e+14 2.254210e+14 5.940995e+14 2.262800e+14 5.938224e+14 2.271387e+14 5.935456e+14 2.279938e+14 5.932611e+14 2.288241e+14 5.929151e+14 2.296541e+14 5.925691e+14 2.304837e+14 5.922235e+14 2.313130e+14 5.918779e+14 2.321420e+14 5.915326e+14 2.329707e+14 5.911871e+14 2.337990e+14 5.908419e+14 2.345785e+14 5.904606e+14 2.353511e+14 5.900743e+14 2.361234e+14 5.896884e+14 2.368952e+14 5.893023e+14 2.376668e+14 5.889165e+14 2.384382e+14 5.885310e+14 2.392092e+14 5.881452e+14 2.399629e+14 5.877173e+14 2.407057e+14 5.872632e+14 2.414483e+14 5.868093e+14 2.421907e+14 5.863558e+14 2.429327e+14 5.859022e+14 2.436745e+14 5.854489e+14 2.444160e+14 5.849957e+14 2.451334e+14 5.845286e+14 2.458057e+14 5.840347e+14 2.464777e+14 5.835409e+14 2.471496e+14 5.830474e+14 2.478210e+14 5.825538e+14 2.484923e+14 5.820608e+14 2.491633e+14 5.815678e+14 2.498326e+14 5.810729e+14 2.504757e+14 5.805393e+14 2.511186e+14 5.800057e+14 2.517612e+14 5.794725e+14 2.524036e+14 5.789396e+14 2.530458e+14 5.784068e+14 2.536876e+14 5.778740e+14 2.543292e+14 5.773415e+14 2.549206e+14 5.767594e+14 2.554935e+14 5.761591e+14 2.560662e+14 5.755590e+14 2.566387e+14 5.749594e+14 2.572110e+14 5.743599e+14 2.577831e+14 5.737608e+14 2.583549e+14 5.731617e+14 2.589049e+14 5.725466e+14 2.594219e+14 5.719073e+14 2.599386e+14 5.712681e+14 2.604551e+14 5.706290e+14 2.609716e+14 5.699903e+14 2.614878e+14 5.693521e+14 2.620037e+14 5.687137e+14 2.625175e+14 5.680738e+14 2.629788e+14 5.673819e+14 2.634400e+14 5.666903e+14 2.639009e+14 5.659986e+14 2.643617e+14 5.653075e+14 2.648222e+14 5.646166e+14 2.652827e+14 5.639261e+14 2.657429e+14 5.632354e+14 2.661674e+14 5.625099e+14 2.665732e+14 5.617658e+14 2.669789e+14 5.610223e+14 2.673843e+14 5.602788e+14 2.677896e+14 5.595357e+14 2.681948e+14 5.587929e+14 2.685998e+14 5.580503e+14 2.689873e+14 5.572976e+14 2.693246e+14 5.565152e+14 2.696617e+14 5.557329e+14 2.699987e+14 5.549511e+14 2.703356e+14 5.541696e+14 2.706722e+14 5.533882e+14 2.710089e+14 5.526074e+14 2.713454e+14 5.518267e+14 2.716367e+14 5.509900e+14 2.719191e+14 5.501428e+14 2.722015e+14 5.492957e+14 2.724837e+14 5.484490e+14 2.727658e+14 5.476027e+14 2.730478e+14 5.467567e+14 2.733297e+14 5.459110e+14 2.735850e+14 5.450550e+14 2.737996e+14 5.441831e+14 2.740141e+14 5.433116e+14 2.742286e+14 5.424403e+14 2.744429e+14 5.415694e+14 2.746573e+14 5.406989e+14 2.748715e+14 5.398287e+14 2.750855e+14 5.389586e+14 2.752372e+14 5.380268e+14 2.753843e+14 5.370907e+14 2.755314e+14 5.361549e+14 2.756784e+14 5.352195e+14 2.758253e+14 5.342845e+14 2.759722e+14 5.333497e+14 2.761190e+14 5.324155e+14 2.762419e+14 5.314635e+14 2.763353e+14 5.304899e+14 2.764286e+14 5.295165e+14 2.765218e+14 5.285435e+14 2.766151e+14 5.275710e+14 2.767083e+14 5.265989e+14 2.768015e+14 5.256271e+14 2.768947e+14 5.246556e+14 2.769125e+14 5.236344e+14 2.769258e+14 5.226104e+14 2.769391e+14 5.215869e+14 2.769524e+14 5.205638e+14 2.769658e+14 5.195412e+14 2.769789e+14 5.185187e+14 2.769923e+14 5.174968e+14 2.769778e+14 5.164584e+14 2.769249e+14 5.153977e+14 2.768718e+14 5.143370e+14 2.768188e+14 5.132768e+14 2.767659e+14 5.122171e+14 2.767129e+14 5.111576e+14 2.766599e+14 5.100986e+14 2.766071e+14 5.090401e+14 2.765082e+14 5.079474e+14 2.764024e+14 5.068500e+14 2.762967e+14 5.057528e+14 2.761910e+14 5.046562e+14 2.760854e+14 5.035601e+14 2.759796e+14 5.024641e+14 2.758740e+14 5.013686e+14 2.757450e+14 5.002580e+14 2.755603e+14 4.991105e+14 2.753757e+14 4.979636e+14 2.751914e+14 4.968173e+14 2.750068e+14 4.956710e+14 2.748225e+14 4.945254e+14 2.746382e+14 4.933803e+14 2.744540e+14 4.922355e+14 2.742234e+14 4.910633e+14 2.739735e+14 4.898798e+14 2.737238e+14 4.886969e+14 2.734742e+14 4.875144e+14 2.732246e+14 4.863322e+14 2.729752e+14 4.851507e+14 2.727258e+14 4.839695e+14 2.724716e+14 4.827851e+14 2.721700e+14 4.815655e+14 2.718684e+14 4.803462e+14 2.715670e+14 4.791275e+14 2.712658e+14 4.779094e+14 2.709646e+14 4.766916e+14 2.706635e+14 4.754742e+14 2.703626e+14 4.742573e+14 2.700316e+14 4.730226e+14 2.696654e+14 4.717675e+14 2.692995e+14 4.705128e+14 2.689337e+14 4.692584e+14 2.685680e+14 4.680047e+14 2.682025e+14 4.667514e+14 2.678370e+14 4.654984e+14 2.674717e+14 4.642459e+14 2.670541e+14 4.629519e+14 2.666240e+14 4.616484e+14 2.661940e+14 4.603453e+14 2.657640e+14 4.590425e+14 2.653343e+14 4.577403e+14 2.649048e+14 4.564387e+14 2.644754e+14 4.551373e+14 2.640412e+14 4.538317e+14 2.635731e+14 4.524924e+14 2.631052e+14 4.511537e+14 2.626374e+14 4.498153e+14 2.621699e+14 4.484776e+14 2.617024e+14 4.471402e+14 2.612352e+14 4.458034e+14 2.607681e+14 4.444671e+14 2.602736e+14 4.431203e+14 2.597420e+14 4.417589e+14 2.592108e+14 4.403983e+14 2.586796e+14 4.390380e+14 2.581486e+14 4.376782e+14 2.576179e+14 4.363189e+14 2.570874e+14 4.349603e+14 2.565569e+14 4.336020e+14 2.559813e+14 4.322169e+14 2.553867e+14 4.308208e+14 2.547922e+14 4.294253e+14 2.541981e+14 4.280304e+14 2.536041e+14 4.266358e+14 2.530104e+14 4.252419e+14 2.524169e+14 4.238484e+14 2.518236e+14 4.224554e+14 2.511934e+14 4.210507e+14 2.505619e+14 4.196459e+14 2.499306e+14 4.182416e+14 2.492995e+14 4.168377e+14 2.486687e+14 4.154345e+14 2.480381e+14 4.140318e+14 2.474077e+14 4.126294e+14 2.467652e+14 4.112204e+14 2.460710e+14 4.097805e+14 2.453770e+14 4.083413e+14 2.446834e+14 4.069025e+14 2.439899e+14 4.054643e+14 2.432968e+14 4.040267e+14 2.426039e+14 4.025896e+14 2.419113e+14 4.011530e+14 2.412033e+14 3.997065e+14 2.404726e+14 3.982452e+14 2.397423e+14 3.967845e+14 2.390122e+14 3.953245e+14 2.382825e+14 3.938649e+14 2.375529e+14 3.924058e+14 2.368236e+14 3.909473e+14 2.360946e+14 3.894892e+14 2.353431e+14 3.880242e+14 2.345762e+14 3.865544e+14 2.338097e+14 3.850852e+14 2.330434e+14 3.836165e+14 2.322774e+14 3.821484e+14 2.315118e+14 3.806810e+14 2.307464e+14 3.792140e+14 2.299813e+14 3.777475e+14 2.291872e+14 3.762716e+14 2.283844e+14 3.747935e+14 2.275819e+14 3.733159e+14 2.267797e+14 3.718388e+14 2.259778e+14 3.703623e+14 2.251762e+14 3.688863e+14 2.243748e+14 3.674107e+14 2.235737e+14 3.659358e+14 2.227384e+14 3.644499e+14 2.218998e+14 3.629632e+14 2.210615e+14 3.614773e+14 2.202235e+14 3.599917e+14 2.193858e+14 3.585067e+14 2.185485e+14 3.570223e+14 2.177114e+14 3.555384e+14 2.168735e+14 3.540546e+14 2.159990e+14 3.525591e+14 2.151248e+14 3.510642e+14 2.142510e+14 3.495698e+14 2.133774e+14 3.480759e+14 2.125041e+14 3.465825e+14 2.116314e+14 3.450898e+14 2.107587e+14 3.435976e+14 2.098848e+14 3.421042e+14 2.090002e+14 3.406004e+14 2.081160e+14 3.390971e+14 2.072320e+14 3.375944e+14 2.063484e+14 3.360924e+14 2.054651e+14 3.345906e+14 2.045820e+14 3.330895e+14 2.036994e+14 3.315890e+14 2.028092e+14 3.300889e+14 2.018894e+14 3.285896e+14 2.009699e+14 3.270906e+14 2.000507e+14 3.255922e+14 1.991318e+14 3.240943e+14 1.982133e+14 3.225971e+14 1.972951e+14 3.211003e+14 1.963773e+14 3.196041e+14 1.954565e+14 3.181085e+14 1.945268e+14 3.166133e+14 1.935973e+14 3.151187e+14 1.926683e+14 3.136246e+14 1.917395e+14 3.121311e+14 1.908110e+14 3.106380e+14 1.898830e+14 3.091456e+14 1.889552e+14 3.076537e+14 1.880241e+14 3.061622e+14 1.870845e+14 3.046714e+14 1.861453e+14 3.031811e+14 1.852063e+14 3.016913e+14 1.842678e+14 3.002021e+14 1.833295e+14 2.987134e+14 1.823915e+14 2.972252e+14 1.814540e+14 2.957376e+14 1.805129e+14 2.942505e+14 1.795635e+14 2.927639e+14 1.786144e+14 2.912778e+14 1.776657e+14 2.897922e+14 1.767173e+14 2.883073e+14 1.757692e+14 2.868228e+14 1.748215e+14 2.853390e+14 1.738742e+14 2.838556e+14 1.729235e+14 2.823763e+14 1.719643e+14 2.809063e+14 1.710055e+14 2.794370e+14 1.700470e+14 2.779682e+14 1.690890e+14 2.764999e+14 1.681312e+14 2.750322e+14 1.671737e+14 2.735650e+14 1.662167e+14 2.720983e+14 1.652599e+14 2.706352e+14 1.643034e+14 2.691818e+14 1.633473e+14 2.677291e+14 1.623916e+14 2.662769e+14 1.614362e+14 2.648252e+14 1.604812e+14 2.633740e+14 1.595265e+14 2.619234e+14 1.585721e+14 2.604732e+14 1.576180e+14 2.590282e+14 1.566644e+14 2.576039e+14 1.557111e+14 2.561801e+14 1.547580e+14 2.547568e+14 1.538053e+14 2.533339e+14 1.528530e+14 2.519116e+14 1.519010e+14 2.504897e+14 1.509493e+14 2.490685e+14 1.499980e+14 2.476476e+14 1.490470e+14 2.462274e+14 1.480963e+14 2.448075e+14 1.471461e+14 2.433883e+14 1.461961e+14 2.419695e+14 1.452465e+14 2.405512e+14 1.442972e+14 2.391334e+14</elevationPattern>
        <incidenceAngle count="676">3.645885e+01 3.646822e+01 3.647758e+01 3.648695e+01 3.649631e+01 3.650568e+01 3.651503e+01 3.652437e+01 3.653372e+01 3.654306e+01 3.655240e+01 3.656174e+01 3.657108e+01 3.658040e+01 3.658972e+01 3.659904e+01 3.660835e+01 3.661766e+01 3.662697e+01 3.663628e+01 3.664558e+01 3.665488e+01 3.666417e+01 3.667346e+01 3.668274e+01 3.669202e+01 3.670129e+01 3.671057e+01 3.671985e+01 3.672911e+01 3.673837e+01 3.674763e+01 3.675688e+01 3.676613e+01 3.677538e+01 3.678462e+01 3.679387e+01 3.680310e+01 3.681233e+01 3.682156e+01 3.683078e+01 3.684001e+01 3.684923e+01 3.685844e+01 3.686765e+01 3.687685e+01 3.688605e+01 3.689525e+01 3.690445e+01 3.691364e+01 3.692282e+01 3.693201e+01 3.694119e+01 3.695036e+01 3.695953e+01 3.696870e+01 3.697787e+01 3.698703e+01 3.699619e+01 3.700534e+01 3.701450e+01 3.702364e+01 3.703278e+01 3.704192e+01 3.705106e+01 3.706018e+01 3.706932e+01 3.707845e+01 3.708755e+01 3.709668e+01 3.710579e+01 3.711490e+01 3.712401e+01 3.713310e+01 3.714221e+01 3.715131e+01 3.716040e+01 3.716948e+01 3.717856e+01 3.718765e+01 3.719672e+01 3.720580e+01 3.721486e+01 3.722394e+01 3.723299e+01 3.724205e+01 3.725111e+01 3.726016e+01 3.726921e+01 3.727824e+01 3.728729e+01 3.729633e+01 3.730536e+01 3.731439e+01 3.732343e+01 3.733244e+01 3.734146e+01 3.735048e+01 3.735948e+01 3.736850e+01 3.737750e+01 3.738651e+01 3.739551e+01 3.740450e+01 3.741348e+01 3.742247e+01 3.743146e+01 3.744043e+01 3.744942e+01 3.745839e+01 3.746736e+01 3.747632e+01 3.748528e+01 3.749425e+01 3.750319e+01 3.751215e+01 3.752110e+01 3.753004e+01 3.753899e+01 3.754791e+01 3.755685e+01 3.756578e+01 3.757471e+01 3.758363e+01 3.759256e+01 3.760147e+01 3.761038e+01 3.761929e+01 3.762820e+01 3.763710e+01 3.764600e+01 3.765489e+01 3.766379e+01 3.767268e+01 3.768156e+01 3.769044e+01 3.769933e+01 3.770819e+01 3.771707e+01 3.772594e+01 3.773480e+01 3.774367e+01 3.775252e+01 3.776137e+01 3.777022e+01 3.777907e+01 3.778792e+01 3.779675e+01 3.780559e+01 3.781442e+01 3.782326e+01 3.783208e+01 3.784091e+01 3.784973e+01 3.785854e+01 3.786736e+01 3.787616e+01 3.788496e+01 3.789377e+01 3.790257e+01 3.791136e+01 3.792017e+01 3.792896e+01 3.793773e+01 3.794652e+01 3.795529e+01 3.796407e+01 3.797284e+01 3.798161e+01 3.799037e+01 3.799915e+01 3.800790e+01 3.801665e+01 3.802541e+01 3.803415e+01 3.804289e+01 3.805164e+01 3.806038e+01 3.806912e+01 3.807785e+01 3.808658e+01 3.809531e+01 3.810402e+01 3.811275e+01 3.812146e+01 3.813017e+01 3.813887e+01 3.814758e+01 3.815628e+01 3.816498e+01 3.817368e+01 3.818237e+01 3.819106e+01 3.819974e+01 3.820842e+01 3.821710e+01 3.822577e+01 3.823445e+01 3.824312e+01 3.825179e+01 3.826044e+01 3.826910e+01 3.827776e+01 3.828641e+01 3.829506e+01 3.830371e+01 3.831235e+01 3.832098e+01 3.832962e+01 3.833826e+01 3.834688e+01 3.835551e+01 3.836414e+01 3.837276e+01 3.838136e+01 3.838998e+01 3.839859e+01 3.840720e+01 3.841580e+01 3.842441e+01 3.843300e+01 3.844159e+01 3.845018e+01 3.845877e+01 3.846735e+01 3.847594e+01 3.848451e+01 3.849309e+01 3.850165e+01 3.851022e+01 3.851878e+01 3.852734e+01 3.853590e+01 3.854446e+01 3.855301e+01 3.856155e+01 3.857010e+01 3.857864e+01 3.858719e+01 3.859572e+01 3.860425e+01 3.861278e+01 3.862131e+01 3.862984e+01 3.863835e+01 3.864687e+01 3.865538e+01 3.866389e+01 3.867239e+01 3.868091e+01 3.868941e+01 3.869791e+01 3.870639e+01 3.871489e+01 3.872337e+01 3.873186e+01 3.874034e+01 3.874881e+01 3.875729e+01 3.876576e+01 3.877423e+01 3.878270e+01 3.879117e+01 3.879962e+01 3.880807e+01 3.881653e+01 3.882498e+01 3.883344e+01 3.884187e+01 3.885031e+01 3.885875e+01 3.886719e+01 3.887561e+01 3.888405e+01 3.889247e+01 3.890089e+01 3.890932e+01 3.891772e+01 3.892615e+01 3.893456e+01 3.894296e+01 3.895135e+01 3.895976e+01 3.896815e+01 3.897655e+01 3.898494e+01 3.899333e+01 3.900171e+01 3.901010e+01 3.901848e+01 3.902686e+01 3.903523e+01 3.904359e+01 3.905196e+01 3.906032e+01 3.906868e+01 3.907704e+01 3.908540e+01 3.909375e+01 3.910210e+01 3.911044e+01 3.911879e+01 3.912712e+01 3.913545e+01 3.914380e+01 3.915211e+01 3.916045e+01 3.916878e+01 3.917709e+01 3.918541e+01 3.919373e+01 3.920204e+01 3.921034e+01 3.921866e+01 3.922696e+01 3.923526e+01 3.924355e+01 3.925185e+01 3.926013e+01 3.926842e+01 3.927670e+01 3.928499e+01 3.929327e+01 3.930154e+01 3.930981e+01 3.931808e+01 3.932635e+01 3.933461e+01 3.934288e+01 3.935114e+01 3.935939e+01 3.936765e+01 3.937589e+01 3.938414e+01 3.939238e+01 3.940062e+01 3.940886e+01 3.941708e+01 3.942532e+01 3.943355e+01 3.944177e+01 3.945000e+01 3.945821e+01 3.946643e+01 3.947464e+01 3.948285e+01 3.949106e+01 3.949927e+01 3.950746e+01 3.951567e+01 3.952386e+01 3.953206e+01 3.954024e+01 3.954843e+01 3.955661e+01 3.956479e+01 3.957297e+01 3.958115e+01 3.958931e+01 3.959749e+01 3.960565e+01 3.961382e+01 3.962198e+01 3.963013e+01 3.963829e+01 3.964644e+01 3.965459e+01 3.966273e+01 3.967088e+01 3.967902e+01 3.968715e+01 3.969528e+01 3.970341e+01 3.971155e+01 3.971968e+01 3.972780e+01 3.973592e+01 3.974403e+01 3.975215e+01 3.976025e+01 3.976837e+01 3.977647e+01 3.978458e+01 3.979268e+01 3.980077e+01 3.980887e+01 3.981696e+01 3.982504e+01 3.983313e+01 3.984122e+01 3.984929e+01 3.985736e+01 3.986545e+01 3.987352e+01 3.988158e+01 3.988965e+01 3.989771e+01 3.990576e+01 3.991382e+01 3.992188e+01 3.992993e+01 3.993797e+01 3.994603e+01 3.995407e+01 3.996211e+01 3.997014e+01 3.997818e+01 3.998621e+01 3.999423e+01 4.000226e+01 4.001028e+01 4.001831e+01 4.002632e+01 4.003433e+01 4.004234e+01 4.005035e+01 4.005836e+01 4.006636e+01 4.007437e+01 4.008237e+01 4.009036e+01 4.009836e+01 4.010634e+01 4.011433e+01 4.012231e+01 4.013029e+01 4.013828e+01 4.014624e+01 4.015422e+01 4.016219e+01 4.017015e+01 4.017812e+01 4.018608e+01 4.019405e+01 4.020200e+01 4.020995e+01 4.021790e+01 4.022585e+01 4.023380e+01 4.024173e+01 4.024968e+01 4.025761e+01 4.026555e+01 4.027348e+01 4.028140e+01 4.028934e+01 4.029726e+01 4.030518e+01 4.031310e+01 4.032100e+01 4.032892e+01 4.033682e+01 4.034473e+01 4.035263e+01 4.036053e+01 4.036844e+01 4.037633e+01 4.038423e+01 4.039212e+01 4.040001e+01 4.040788e+01 4.041577e+01 4.042365e+01 4.043152e+01 4.043939e+01 4.044727e+01 4.045514e+01 4.046300e+01 4.047087e+01 4.047873e+01 4.048659e+01 4.049445e+01 4.050229e+01 4.051015e+01 4.051799e+01 4.052583e+01 4.053368e+01 4.054152e+01 4.054935e+01 4.055717e+01 4.056502e+01 4.057285e+01 4.058066e+01 4.058849e+01 4.059631e+01 4.060413e+01 4.061194e+01 4.061975e+01 4.062756e+01 4.063536e+01 4.064317e+01 4.065097e+01 4.065877e+01 4.066656e+01 4.067436e+01 4.068216e+01 4.068994e+01 4.069772e+01 4.070551e+01 4.071329e+01 4.072107e+01 4.072884e+01 4.073662e+01 4.074438e+01 4.075215e+01 4.075992e+01 4.076767e+01 4.077544e+01 4.078319e+01 4.079094e+01 4.079869e+01 4.080644e+01 4.081419e+01 4.082193e+01 4.082968e+01 4.083742e+01 4.084515e+01 4.085287e+01 4.086061e+01 4.086833e+01 4.087607e+01 4.088379e+01 4.089151e+01 4.089923e+01 4.090694e+01 4.091466e+01 4.092236e+01 4.093007e+01 4.093777e+01 4.094547e+01 4.095317e+01 4.096086e+01 4.096857e+01 4.097626e+01 4.098395e+01 4.099162e+01 4.099931e+01 4.100699e+01 4.101466e+01 4.102234e+01 4.103001e+01 4.103769e+01 4.104536e+01 4.105302e+01 4.106068e+01 4.106834e+01 4.107600e+01 4.108366e+01 4.109131e+01 4.109897e+01 4.110661e+01 4.111426e+01 4.112190e+01 4.112953e+01 4.113718e+01 4.114481e+01 4.115244e+01 4.116008e+01 4.116769e+01 4.117532e+01 4.118295e+01 4.119057e+01 4.119818e+01 4.120580e+01 4.121341e+01 4.122102e+01 4.122862e+01 4.123624e+01 4.124384e+01 4.125143e+01 4.125903e+01 4.126662e+01 4.127422e+01 4.128180e+01 4.128940e+01 4.129698e+01 4.130455e+01 4.131213e+01 4.131972e+01 4.132729e+01 4.133485e+01 4.134242e+01 4.134999e+01 4.135756e+01 4.136513e+01 4.137268e+01 4.138023e+01 4.138779e+01 4.139534e+01 4.140289e+01 4.141045e+01 4.141798e+01 4.142552e+01 4.143306e+01 4.144060e+01 4.144814e+01 4.145567e+01 4.146320e+01 4.147072e+01 4.147826e+01 4.148576e+01 4.149329e+01 4.150081e+01 4.150832e+01 4.151584e+01 4.152335e+01 4.153085e+01 4.153836e+01 4.154585e+01 4.155336e+01 4.156085e+01 4.156834e+01 4.157584e+01 4.158333e+01 4.159082e+01 4.159831e+01 4.160579e+01 4.161327e+01 4.162074e+01 4.162822e+01 4.163570e+01 4.164316e+01 4.165063e+01 4.165810e+01 4.166556e+01 4.167302e+01 4.168048e+01 4.168794e+01 4.169539e+01 4.170284e+01 4.171030e+01 4.171774e+01 4.172517e+01 4.173262e+01 4.174007e+01 4.174750e+01 4.175493e+01 4.176236e+01 4.176979e+01 4.177722e+01 4.178464e+01 4.179207e+01 4.179948e+01 4.180690e+01 4.181432e+01 4.182173e+01 4.182913e+01 4.183655e+01 4.184395e+01 4.185135e+01 4.185875e+01 4.186615e+01 4.187355e+01 4.188094e+01 4.188834e+01 4.189572e+01 4.190311e+01 4.191049e+01 4.191788e+01 4.192525e+01 4.193263e+01 4.194000e+01 4.194737e+01 4.195474e+01 4.196211e+01 4.196948e+01 4.197684e+01 4.198419e+01 4.199156e+01 4.199892e+01 4.200627e+01 4.201361e+01 4.202097e+01 4.202831e+01 4.203566e+01 4.204300e+01</incidenceAngle>
        <terrainHeight>1.637745108333333e+03</terrainHeight>
        <roll>3.010626481709381e+01</roll>
      </antennaPattern>
    </antennaPatternList>
  </antennaPattern>
  <swathTiming>
    <linesPerBurst>1511</linesPerBurst>
    <samplesPerBurst>25442</samplesPerBurst>
    <burstList count="10">
      <burst>
        <azimuthTime>2015-05-16T13:34:20.002944</azimuthTime>
        <azimuthAnxTime>2.327775551000000e+03</azimuthAnxTime>
        <sensingTime>2015-05-16T13:34:21.022850</sensingTime>
        <byteOffset>8</byteOffset>
        <firstValidSample count="1511">-1 -1 -1 -1 -1 -1 -1 -1 -1 -1 -1 -1 -1 -1 -1 -1 -1 -1 -1 -1 -1 -1 -1 -1 337 337 337 337 337 337 337 337 337 337 337 337 337 337 337 337 337 337 337 337 337 337 337 337 337 337 337 337 337 337 337 337 337 337 337 337 337 337 337 337 337 337 337 337 337 337 337 337 337 337 337 337 337 337 337 337 337 337 337 337 337 337 337 337 337 337 337 337 337 337 337 337 337 337 337 337 337 337 337 337 337 337 337 337 337 337 337 337 337 337 337 337 337 337 337 337 337 337 337 337 337 337 337 337 337 337 337 337 337 337 337 337 337 337 337 337 337 337 337 337 337 337 337 337 337 337 337 337 337 337 337 337 337 337 337 337 337 337 337 337 337 337 337 337 337 337 337 337 337 337 337 337 337 337 337 337 337 337 337 337 337 337 337 337 337 337 337 337 337 337 337 337 337 337 337 337 337 337 337 337 337 337 337 337 337 337 337 337 337 337 337 337 337 337 337 337 337 337 337 337 337 337 337 337 337 337 337 337 337 337 337 337 337 337 337 337 337 337 337 337 337 337 337 337 337 337 337 337 337 337 337 337 337 337 337 337 337 337 337 337 337 337 337 337 337 337 337 337 337 337 337 337 337 337 337 337 337 337 337 337 337 337 337 337 337 337 337 337 337 337 337 337 337 337 337 337 337 337 337 337 337 337 337 337 337 337 337 337 337 337 337 337 337 337 337 337 337 337 337 337 337 337 337 337 337 337 337 337 337 337 337 337 337 337 337 337 337 337 337 337 337 337 337 337 337 337 337 337 337 337 337 337 337 337 337 337 337 337 337 337 337 337 337 337 337 337 337 337 337 337 337 337 337 337 337 337 337 337 337 337 337 337 337 337 337 337 337 337 337 337 337 337 337 337 337 337 337 337 337 337 337 337 337 337 337 337 337 337 337 337 337 337 337 337 337 337 337 337 337 337 337 337 337 337 337 337 337 337 337 337 337 337 337 337 337 337 337 337 337 337 337 337 337 337 337 337 337 337 337 337 337 337 337 337 337 337 337 337 337 337 337 337 337 337 337 337 337 337 337 337 337 337 337 337 337 337 337 337 337 337 337 337 337 337 337 337 337 337 337 337 337 337 337 337 337 337 337 337 337 337 337 337 337 337 337 337 337 337 337 337 337 337 337 337 337 337 337 337 337 337 337 337 337 337 337 337 337 337 337 337 337 337 337 337 337 337 337 337 337 337 337 337 337 337 337 337 337 337 337 337 337 337 337 337 337 337 337 337 337 337 337 337 337 337 337 337 337 337 337 337 337 337 337 337 337 337 337 337 337 337 337 337 337 337 337 337 337 337 337 337 337 337 337 337 337 337 337 337 337 337 337 337 337 337 337 337 337 337 337 337 337 337 337 337 337 337 337 337 337 337 337 337 337 337 337 337 337 337 337 337 337 337 337 337 337 337 337 337 337 337 337 337 337 337 337 337 337 337 337 337 337 337 337 337 337 337 337 337 337 337 337 337 337 337 337 337 337 337 337 337 337 337 337 337 337 337 337 337 337 337 337 337 337 337 337 337 337 337 337 337 337 337 337 337 337 337 337 337 337 337 337 337 337 337 337 337 337 337 337 337 337 337 337 337 337 337 337 337 337 337 337 337 337 337 337 337 337 337 337 337 337 337 337 337 337 337 337 337 337 337 337 337 337 337 337 337 337 337 337 337 337 337 337 337 337 337 337 337 337 337 337 337 337 337 337 337 337 337 337 337 337 337 337 337 337 337 337 337 337 337 337 337 337 337 337 337 337 337 337 337 337 337 337 337 337 337 337 337 337 337 337 337 337 337 337 337 337 337 337 337 337 337 337 337 337 337 337 337 337 337 337 337 337 337 337 337 337 337 337 337 337 337 337 337 337 337 337 337 337 337 337 337 337 337 337 337 337 337 337 337 337 337 337 337 337 337 337 337 337 337 337 337 337 337 337 337 337 337 337 337 337 337 337 337 337 337 337 337 337 337 337 337 337 337 337 337 337 337 337 337 337 337 337 337 337 337 337 337 337 337 337 337 337 337 337 337 337 337 337 337 337 337 337 337 337 337 337 337 337 337 337 337 337 337 337 337 337 337 337 337 337 337 337 337 337 337 337 337 337 337 337 337 337 337 337 337 337 337 337 337 337 337 337 337 337 337 337 337 337 337 337 337 337 337 337 337 337 337 337 337 337 337 337 337 337 337 337 337 337 337 337 337 337 337 337 337 337 337 337 337 337 337 337 337 337 337 337 337 337 337 337 337 337 337 337 337 337 337 337 337 337 337 337 337 337 337 337 337 337 337 337 337 337 337 337 337 337 337 337 337 337 337 337 337 337 337 337 337 337 337 337 337 337 337 337 337 337 337 337 337 337 337 337 337 337 337 337 337 337 337 337 337 337 337 337 337 337 337 337 337 337 337 337 337 337 337 337 337 337 337 337 337 337 337 337 337 337 337 337 337 337 337 337 337 337 337 337 337 337 337 337 337 337 337 337 337 337 337 337 337 337 337 337 337 337 337 337 337 337 337 337 337 337 337 337 337 337 337 337 337 337 337 337 337 337 337 337 337 337 337 337 337 337 337 337 337 337 337 337 337 337 337 337 337 337 337 337 337 337 337 337 337 337 337 337 337 337 337 337 337 337 337 337 337 337 337 337 337 337 337 337 337 337 337 337 337 337 337 337 337 337 337 337 337 337 337 337 337 337 337 337 337 337 337 337 337 337 337 337 337 337 337 337 337 337 337 337 337 337 337 337 337 337 337 337 337 337 337 337 337 337 337 337 337 337 337 337 337 337 337 337 337 337 337 337 337 337 337 337 337 337 337 337 337 337 337 337 337 337 337 337 337 337 337 337 337 337 337 337 337 337 337 337 337 337 337 337 337 337 337 337 337 337 337 337 337 337 337 337 337 337 337 337 337 337 337 337 337 337 337 337 337 337 337 337 337 337 337 337 337 337 337 337 337 337 337 337 337 337 337 337 337 337 337 337 337 337 337 337 337 337 337 337 337 337 337 337 337 337 337 337 337 337 337 337 337 337 337 337 337 337 337 337 337 337 337 337 337 337 337 337 337 337 337 337 337 337 337 337 337 337 337 337 337 337 337 337 337 337 337 337 337 337 337 337 337 337 337 337 337 337 337 337 337 337 337 337 337 337 337 337 337 337 337 337 337 337 337 337 337 337 337 337 337 337 337 337 337 337 337 337 337 337 337 337 337 337 337 337 337 337 337 337 337 337 337 337 337 337 337 337 337 337 337 337 337 337 337 337 337 337 337 337 337 337 337 337 337 337 337 337 337 337 337 337 337 337 337 337 337 337 337 337 337 337 337 337 337 337 337 337 337 337 -1 -1 -1 -1 -1 -1 -1 -1 -1 -1 -1 -1 -1 -1 -1 -1 -1 -1 -1 -1 -1 -1 -1 -1</firstValidSample>
        <lastValidSample count="1511">-1 -1 -1 -1 -1 -1 -1 -1 -1 -1 -1 -1 -1 -1 -1 -1 -1 -1 -1 -1 -1 -1 -1 -1 24779 24779 24779 24779 24779 24779 24779 24779 24779 24779 24779 24779 24779 24779 24779 24779 24779 24779 24779 24779 24779 24779 24779 24779 24779 24779 24779 24779 24779 24779 24779 24779 24779 24779 24779 24779 24779 24779 24779 24779 24779 24779 24779 24779 24779 24779 24779 24779 24779 24779 24779 24779 24779 24779 24779 24779 24779 24779 24779 24779 24779 24779 24779 24779 24779 24779 24779 24779 24779 24779 24779 24779 24779 24779 24779 24779 24779 24779 24779 24779 24779 24779 24779 24779 24779 24779 24779 24779 24779 24779 24779 24779 24779 24779 24779 24779 24779 24779 24779 24779 24779 24779 24779 24779 24779 24779 24779 24779 24779 24779 24779 24779 24779 24779 24779 24779 24779 24779 24779 24779 24779 24779 24779 24779 24779 24779 24779 24779 24779 24779 24779 24779 24779 24779 24779 24779 24779 24779 24779 24779 24779 24779 24779 24779 24779 24779 24779 24779 24779 24779 24779 24779 24779 24779 24779 24779 24779 24779 24779 24779 24779 24779 24779 24779 24779 24779 24779 24779 24779 24779 24779 24779 24779 24779 24779 24779 24779 24779 24779 24779 24779 24779 24779 24779 24779 24779 24779 24779 24779 24779 24779 24779 24779 24779 24779 24779 24779 24779 24779 24779 24779 24779 24779 24779 24779 24779 24779 24779 24779 24779 24779 24779 24779 24779 24779 24779 24779 24779 24779 24779 24779 24779 24779 24779 24779 24779 24779 24779 24779 24779 24779 24779 24779 24779 24779 24779 24779 24779 24779 24779 24779 24779 24779 24779 24779 24779 24779 24779 24779 24779 24779 24779 24779 24779 24779 24779 24779 24779 24779 24779 24779 24779 24779 24779 24779 24779 24779 24779 24779 24779 24779 24779 24779 24779 24779 24779 24779 24779 24779 24779 24779 24779 24779 24779 24779 24779 24779 24779 24779 24779 24779 24779 24779 24779 24779 24779 24779 24779 24779 24779 24779 24779 24779 24779 24779 24779 24779 24779 24779 24779 24779 24779 24779 24779 24779 24779 24779 24779 24779 24779 24779 24779 24779 24779 24779 24779 24779 24779 24779 24779 24779 24779 24779 24779 24779 24779 24779 24779 24779 24779 24779 24779 24779 24779 24779 24779 24779 24779 24779 24779 24779 24779 24779 24779 24779 24779 24779 24779 24779 24779 24779 24779 24779 24779 24779 24779 24779 24779 24779 24779 24779 24779 24779 24779 24779 24779 24779 24779 24779 24779 24779 24779 24779 24779 24779 24779 24779 24779 24779 24779 24779 24779 24779 24779 24779 24779 24779 24779 24779 24779 24779 24779 24779 24779 24779 24779 24779 24779 24779 24779 24779 24779 24779 24779 24779 24779 24779 24779 24779 24779 24779 24779 24779 24779 24779 24779 24779 24779 24779 24779 24779 24779 24779 24779 24779 24779 24779 24779 24779 24779 24779 24779 24779 24779 24779 24779 24779 24779 24779 24779 24779 24779 24779 24779 24779 24779 24779 24779 24779 24779 24779 24779 24779 24779 24779 24779 24779 24779 24779 24779 24779 24779 24779 24779 24779 24779 24779 24779 24779 24779 24779 24779 24779 24779 24779 24779 24779 24779 24779 24779 24779 24779 24779 24779 24779 24779 24779 24779 24779 24779 24779 24779 24779 24779 24779 24779 24779 24779 24779 24779 24779 24779 24779 24779 24779 24779 24779 24779 24779 24779 24779 24779 24779 24779 24779 24779 24779 24779 24779 24779 24779 24779 24779 24779 24779 24779 24779 24779 24779 24779 24779 24779 24779 24779 24779 24779 24779 24779 24779 24779 24779 24779 24779 24779 24779 24779 24779 24779 24779 24779 24779 24779 24779 24779 24779 24779 24779 24779 24779 24779 24779 24779 24779 24779 24779 24779 24779 24779 24779 24779 24779 24779 24779 24779 24779 24779 24779 24779 24779 24779 24779 24779 24779 24779 24779 24779 24779 24779 24779 24779 24779 24779 24779 24779 24779 24779 24779 24779 24779 24779 24779 24779 24779 24779 24779 24779 24779 24779 24779 24779 24779 24779 24779 24779 24779 24779 24779 24779 24779 24779 24779 24779 24779 24779 24779 24779 24779 24779 24779 24779 24779 24779 24779 24779 24779 24779 24779 24779 24779 24779 24779 24779 24779 24779 24779 24779 24779 24779 24779 24779 24779 24779 24779 24779 24779 24779 24779 24779 24779 24779 24779 24779 24779 24779 24779 24779 24779 24779 24779 24779 24779 24779 24779 24779 24779 24779 24779 24779 24779 24779 24779 24779 24779 24779 24779 24779 24779 24779 24779 24779 24779 24779 24779 24779 24779 24779 24779 24779 24779 24779 24779 24779 24779 24779 24779 24779 24779 24779 24779 24779 24779 24779 24779 24779 24779 24779 24779 24779 24779 24779 24779 24779 24779 24779 24779 24779 24779 24779 24779 24779 24779 24779 24779 24779 24779 24779 24779 24779 24779 24779 24779 24779 24779 24779 24779 24779 24779 24779 24779 24779 24779 24779 24779 24779 24779 24779 24779 24779 24779 24779 24779 24779 24779 24779 24779 24779 24779 24779 24779 24779 24779 24779 24779 24779 24779 24779 24779 24779 24779 24779 24779 24779 24779 24779 24779 24779 24779 24779 24779 24779 24779 24779 24779 24779 24779 24779 24779 24779 24779 24779 24779 24779 24779 24779 24779 24779 24779 24779 24779 24779 24779 24779 24779 24779 24779 24779 24779 24779 24779 24779 24779 24779 24779 24779 24779 24779 24779 24779 24779 24779 24779 24779 24779 24779 24779 24779 24779 24779 24779 24779 24779 24779 24779 24779 24779 24779 24779 24779 24779 24779 24779 24779 24779 24779 24779 24779 24779 24779 24779 24779 24779 24779 24779 24779 24779 24779 24779 24779 24779 24779 24779 24779 24779 24779 24779 24779 24779 24779 24779 24779 24779 24779 24779 24779 24779 24779 24779 24779 24779 24779 24779 24779 24779 24779 24779 24779 24779 24779 24779 24779 24779 24779 24779 24779 24779 24779 24779 24779 24779 24779 24779 24779 24779 24779 24779 24779 24779 24779 24779 24779 24779 24779 24779 24779 24779 24779 24779 24779 24779 24779 24779 24779 24779 24779 24779 24779 24779 24779 24779 24779 24779 24779 24779 24779 24779 24779 24779 24779 24779 24779 24779 24779 24779 24779 24779 24779 24779 24779 24779 24779 24779 24779 24779 24779 24779 24779 24779 24779 24779 24779 24779 24779 24779 24779 24779 24779 24779 24779 24779 24779 24779 24779 24779 24779 24779 24779 24779 24779 24779 24779 24779 24779 24779 24779 24779 24779 24779 24779 24779 24779 24779 24779 24779 24779 24779 24779 24779 24779 24779 24779 24779 24779 24779 24779 24779 24779 24779 24779 24779 24779 24779 24779 24779 24779 24779 24779 24779 24779 24779 24779 24779 24779 24779 24779 24779 24779 24779 24779 24779 24779 24779 24779 24779 24779 24779 24779 24779 24779 24779 24779 24779 24779 24779 24779 24779 24779 24779 24779 24779 24779 24779 24779 24779 24779 24779 24779 24779 24779 24779 24779 24779 24779 24779 24779 24779 24779 24779 24779 24779 24779 24779 24779 24779 24779 24779 24779 24779 24779 24779 24779 24779 24779 24779 24779 24779 24779 24779 24779 24779 24779 24779 24779 24779 24779 24779 24779 24779 24779 24779 24779 24779 24779 24779 24779 24779 24779 24779 24779 24779 24779 24779 24779 24779 24779 24779 24779 24779 24779 24779 24779 24779 24779 24779 24779 24779 24779 24779 24779 24779 24779 24779 24779 24779 24779 24779 24779 24779 24779 24779 24779 24779 24779 24779 24779 24779 24779 24779 24779 24779 24779 24779 24779 24779 24779 24779 24779 24779 24779 24779 24779 24779 24779 24779 24779 24779 24779 24779 24779 24779 24779 24779 24779 24779 24779 24779 24779 24779 24779 24779 24779 24779 24779 24779 24779 24779 24779 24779 24779 24779 24779 24779 24779 24779 24779 24779 24779 24779 24779 24779 24779 24779 24779 24779 24779 24779 24779 24779 24779 24779 24779 24779 24779 24779 24779 24779 24779 24779 24779 24779 24779 24779 24779 24779 24779 24779 24779 24779 24779 24779 24779 24779 24779 24779 24779 24779 24779 24779 24779 24779 24779 24779 24779 24779 24779 24779 24779 24779 24779 24779 24779 24779 24779 24779 24779 24779 24779 24779 24779 24779 24779 24779 24779 24779 24779 24779 24779 24779 24779 24779 24779 24779 24779 24779 24779 24779 24779 24779 24779 24779 24779 24779 24779 24779 24779 24779 24779 24779 24779 24779 24779 24779 24779 24779 24779 24779 24779 24779 24779 24779 24779 24779 24779 24779 24779 24779 24779 24779 24779 24779 24779 24779 24779 24779 24779 24779 24779 24779 24779 24779 24779 24779 24779 24779 24779 24779 24779 24779 24779 24779 24779 24779 24779 24779 24779 24779 24779 24779 24779 24779 24779 24779 24779 24779 24779 24779 24779 24779 24779 24779 24779 24779 24779 24779 24779 24779 24779 24779 24779 24779 24779 24779 24779 24779 24779 24779 24779 24779 24779 24779 24779 24779 24779 24779 24779 24779 24779 24779 24779 24779 24779 24779 24779 24779 24779 24779 24779 24779 24779 24779 24779 24779 24779 24779 24779 24779 24779 24779 24779 24779 24779 24779 24779 24779 24779 24779 24779 24779 24779 24779 24779 24779 24779 24779 24779 24779 24779 24779 24779 24779 24779 24779 24779 24779 24779 24779 24779 24779 24779 24779 24779 24779 24779 24779 24779 24779 24779 24779 24779 24779 24779 24779 24779 24779 -1 -1 -1 -1 -1 -1 -1 -1 -1 -1 -1 -1 -1 -1 -1 -1 -1 -1 -1 -1 -1 -1 -1 -1</lastValidSample>
      </burst>
      <burst>
        <azimuthTime>2015-05-16T13:34:22.759444</azimuthTime>
        <azimuthAnxTime>2.330532051244141e+03</azimuthAnxTime>
        <sensingTime>2015-05-16T13:34:23.781127</sensingTime>
        <byteOffset>153771456</byteOffset>
        <firstValidSample count="1511">-1 -1 -1 -1 -1 -1 -1 -1 -1 -1 -1 -1 -1 -1 -1 -1 -1 -1 -1 -1 -1 -1 -1 -1 -1 337 337 337 337 337 337 337 337 337 337 337 337 337 337 337 337 337 337 337 337 337 337 337 337 337 337 337 337 337 337 337 337 337 337 337 337 337 337 337 337 337 337 337 337 337 337 337 337 337 337 337 337 337 337 337 337 337 337 337 337 337 337 337 337 337 337 337 337 337 337 337 337 337 337 337 337 337 337 337 337 337 337 337 337 337 337 337 337 337 337 337 337 337 337 337 337 337 337 337 337 337 337 337 337 337 337 337 337 337 337 337 337 337 337 337 337 337 337 337 337 337 337 337 337 337 337 337 337 337 337 337 337 337 337 337 337 337 337 337 337 337 337 337 337 337 337 337 337 337 337 337 337 337 337 337 337 337 337 337 337 337 337 337 337 337 337 337 337 337 337 337 337 337 337 337 337 337 337 337 337 337 337 337 337 337 337 337 337 337 337 337 337 337 337 337 337 337 337 337 337 337 337 337 337 337 337 337 337 337 337 337 337 337 337 337 337 337 337 337 337 337 337 337 337 337 337 337 337 337 337 337 337 337 337 337 337 337 337 337 337 337 337 337 337 337 337 337 337 337 337 337 337 337 337 337 337 337 337 337 337 337 337 337 337 337 337 337 337 337 337 337 337 337 337 337 337 337 337 337 337 337 337 337 337 337 337 337 337 337 337 337 337 337 337 337 337 337 337 337 337 337 337 337 337 337 337 337 337 337 337 337 337 337 337 337 337 337 337 337 337 337 337 337 337 337 337 337 337 337 337 337 337 337 337 337 337 337 337 337 337 337 337 337 337 337 337 337 337 337 337 337 337 337 337 337 337 337 337 337 337 337 337 337 337 337 337 337 337 337 337 337 337 337 337 337 337 337 337 337 337 337 337 337 337 337 337 337 337 337 337 337 337 337 337 337 337 337 337 337 337 337 337 337 337 337 337 337 337 337 337 337 337 337 337 337 337 337 337 337 337 337 337 337 337 337 337 337 337 337 337 337 337 337 337 337 337 337 337 337 337 337 337 337 337 337 337 337 337 337 337 337 337 337 337 337 337 337 337 337 337 337 337 337 337 337 337 337 337 337 337 337 337 337 337 337 337 337 337 337 337 337 337 337 337 337 337 337 337 337 337 337 337 337 337 337 337 337 337 337 337 337 337 337 337 337 337 337 337 337 337 337 337 337 337 337 337 337 337 337 337 337 337 337 337 337 337 337 337 337 337 337 337 337 337 337 337 337 337 337 337 337 337 337 337 337 337 337 337 337 337 337 337 337 337 337 337 337 337 337 337 337 337 337 337 337 337 337 337 337 337 337 337 337 337 337 337 337 337 337 337 337 337 337 337 337 337 337 337 337 337 337 337 337 337 337 337 337 337 337 337 337 337 337 337 337 337 337 337 337 337 337 337 337 337 337 337 337 337 337 337 337 337 337 337 337 337 337 337 337 337 337 337 337 337 337 337 337 337 337 337 337 337 337 337 337 337 337 337 337 337 337 337 337 337 337 337 337 337 337 337 337 337 337 337 337 337 337 337 337 337 337 337 337 337 337 337 337 337 337 337 337 337 337 337 337 337 337 337 337 337 337 337 337 337 337 337 337 337 337 337 337 337 337 337 337 337 337 337 337 337 337 337 337 337 337 337 337 337 337 337 337 337 337 337 337 337 337 337 337 337 337 337 337 337 337 337 337 337 337 337 337 337 337 337 337 337 337 337 337 337 337 337 337 337 337 337 337 337 337 337 337 337 337 337 337 337 337 337 337 337 337 337 337 337 337 337 337 337 337 337 337 337 337 337 337 337 337 337 337 337 337 337 337 337 337 337 337 337 337 337 337 337 337 337 337 337 337 337 337 337 337 337 337 337 337 337 337 337 337 337 337 337 337 337 337 337 337 337 337 337 337 337 337 337 337 337 337 337 337 337 337 337 337 337 337 337 337 337 337 337 337 337 337 337 337 337 337 337 337 337 337 337 337 337 337 337 337 337 337 337 337 337 337 337 337 337 337 337 337 337 337 337 337 337 337 337 337 337 337 337 337 337 337 337 337 337 337 337 337 337 337 337 337 337 337 337 337 337 337 337 337 337 337 337 337 337 337 337 337 337 337 337 337 337 337 337 337 337 337 337 337 337 337 337 337 337 337 337 337 337 337 337 337 337 337 337 337 337 337 337 337 337 337 337 337 337 337 337 337 337 337 337 337 337 337 337 337 337 337 337 337 337 337 337 337 337 337 337 337 337 337 337 337 337 337 337 337 337 337 337 337 337 337 337 337 337 337 337 337 337 337 337 337 337 337 337 337 337 337 337 337 337 337 337 337 337 337 337 337 337 337 337 337 337 337 337 337 337 337 337 337 337 337 337 337 337 337 337 337 337 337 337 337 337 337 337 337 337 337 337 337 337 337 337 337 337 337 337 337 337 337 337 337 337 337 337 337 337 337 337 337 337 337 337 337 337 337 337 337 337 337 337 337 337 337 337 337 337 337 337 337 337 337 337 337 337 337 337 337 337 337 337 337 337 337 337 337 337 337 337 337 337 337 337 337 337 337 337 337 337 337 337 337 337 337 337 337 337 337 337 337 337 337 337 337 337 337 337 337 337 337 337 337 337 337 337 337 337 337 337 337 337 337 337 337 337 337 337 337 337 337 337 337 337 337 337 337 337 337 337 337 337 337 337 337 337 337 337 337 337 337 337 337 337 337 337 337 337 337 337 337 337 337 337 337 337 337 337 337 337 337 337 337 337 337 337 337 337 337 337 337 337 337 337 337 337 337 337 337 337 337 337 337 337 337 337 337 337 337 337 337 337 337 337 337 337 337 337 337 337 337 337 337 337 337 337 337 337 337 337 337 337 337 337 337 337 337 337 337 337 337 337 337 337 337 337 337 337 337 337 337 337 337 337 337 337 337 337 337 337 337 337 337 337 337 337 337 337 337 337 337 337 337 337 337 337 337 337 337 337 337 337 337 337 337 337 337 337 337 337 337 337 337 337 337 337 337 337 337 337 337 337 337 337 337 337 337 337 337 337 337 337 337 337 337 337 337 337 337 337 337 337 337 337 337 337 337 337 337 337 337 337 337 337 337 337 337 337 337 337 337 337 337 337 337 337 337 337 337 337 337 337 337 337 337 337 337 337 337 337 337 337 337 337 337 337 337 337 337 337 337 337 337 337 337 337 337 337 337 337 337 337 337 337 337 337 337 337 337 337 337 337 337 337 337 337 337 337 337 337 337 337 337 337 337 337 337 337 337 337 337 337 337 337 337 337 337 337 337 337 337 337 337 337 337 337 337 337 337 337 337 337 337 337 337 337 337 337 337 337 337 337 337 -1 -1 -1 -1 -1 -1 -1 -1 -1 -1 -1 -1 -1 -1 -1 -1 -1 -1 -1 -1 -1 -1 -1</firstValidSample>
        <lastValidSample count="1511">-1 -1 -1 -1 -1 -1 -1 -1 -1 -1 -1 -1 -1 -1 -1 -1 -1 -1 -1 -1 -1 -1 -1 -1 -1 24779 24779 24779 24779 24779 24779 24779 24779 24779 24779 24779 24779 24779 24779 24779 24779 24779 24779 24779 24779 24779 24779 24779 24779 24779 24779 24779 24779 24779 24779 24779 24779 24779 24779 24779 24779 24779 24779 24779 24779 24779 24779 24779 24779 24779 24779 24779 24779 24779 24779 24779 24779 24779 24779 24779 24779 24779 24779 24779 24779 24779 24779 24779 24779 24779 24779 24779 24779 24779 24779 24779 24779 24779 24779 24779 24779 24779 24779 24779 24779 24779 24779 24779 24779 24779 24779 24779 24779 24779 24779 24779 24779 24779 24779 24779 24779 24779 24779 24779 24779 24779 24779 24779 24779 24779 24779 24779 24779 24779 24779 24779 24779 24779 24779 24779 24779 24779 24779 24779 24779 24779 24779 24779 24779 24779 24779 24779 24779 24779 24779 24779 24779 24779 24779 24779 24779 24779 24779 24779 24779 24779 24779 24779 24779 24779 24779 24779 24779 24779 24779 24779 24779 24779 24779 24779 24779 24779 24779 24779 24779 24779 24779 24779 24779 24779 24779 24779 24779 24779 24779 24779 24779 24779 24779 24779 24779 24779 24779 24779 24779 24779 24779 24779 24779 24779 24779 24779 24779 24779 24779 24779 24779 24779 24779 24779 24779 24779 24779 24779 24779 24779 24779 24779 24779 24779 24779 24779 24779 24779 24779 24779 24779 24779 24779 24779 24779 24779 24779 24779 24779 24779 24779 24779 24779 24779 24779 24779 24779 24779 24779 24779 24779 24779 24779 24779 24779 24779 24779 24779 24779 24779 24779 24779 24779 24779 24779 24779 24779 24779 24779 24779 24779 24779 24779 24779 24779 24779 24779 24779 24779 24779 24779 24779 24779 24779 24779 24779 24779 24779 24779 24779 24779 24779 24779 24779 24779 24779 24779 24779 24779 24779 24779 24779 24779 24779 24779 24779 24779 24779 24779 24779 24779 24779 24779 24779 24779 24779 24779 24779 24779 24779 24779 24779 24779 24779 24779 24779 24779 24779 24779 24779 24779 24779 24779 24779 24779 24779 24779 24779 24779 24779 24779 24779 24779 24779 24779 24779 24779 24779 24779 24779 24779 24779 24779 24779 24779 24779 24779 24779 24779 24779 24779 24779 24779 24779 24779 24779 24779 24779 24779 24779 24779 24779 24779 24779 24779 24779 24779 24779 24779 24779 24779 24779 24779 24779 24779 24779 24779 24779 24779 24779 24779 24779 24779 24779 24779 24779 24779 24779 24779 24779 24779 24779 24779 24779 24779 24779 24779 24779 24779 24779 24779 24779 24779 24779 24779 24779 24779 24779 24779 24779 24779 24779 24779 24779 24779 24779 24779 24779 24779 24779 24779 24779 24779 24779 24779 24779 24779 24779 24779 24779 24779 24779 24779 24779 24779 24779 24779 24779 24779 24779 24779 24779 24779 24779 24779 24779 24779 24779 24779 24779 24779 24779 24779 24779 24779 24779 24779 24779 24779 24779 24779 24779 24779 24779 24779 24779 24779 24779 24779 24779 24779 24779 24779 24779 24779 24779 24779 24779 24779 24779 24779 24779 24779 24779 24779 24779 24779 24779 24779 24779 24779 24779 24779 24779 24779 24779 24779 24779 24779 24779 24779 24779 24779 24779 24779 24779 24779 24779 24779 24779 24779 24779 24779 24779 24779 24779 24779 24779 24779 24779 24779 24779 24779 24779 24779 24779 24779 24779 24779 24779 24779 24779 24779 24779 24779 24779 24779 24779 24779 24779 24779 24779 24779 24779 24779 24779 24779 24779 24779 24779 24779 24779 24779 24779 24779 24779 24779 24779 24779 24779 24779 24779 24779 24779 24779 24779 24779 24779 24779 24779 24779 24779 24779 24779 24779 24779 24779 24779 24779 24779 24779 24779 24779 24779 24779 24779 24779 24779 24779 24779 24779 24779 24779 24779 24779 24779 24779 24779 24779 24779 24779 24779 24779 24779 24779 24779 24779 24779 24779 24779 24779 24779 24779 24779 24779 24779 24779 24779 24779 24779 24779 24779 24779 24779 24779 24779 24779 24779 24779 24779 24779 24779 24779 24779 24779 24779 24779 24779 24779 24779 24779 24779 24779 24779 24779 24779 24779 24779 24779 24779 24779 24779 24779 24779 24779 24779 24779 24779 24779 24779 24779 24779 24779 24779 24779 24779 24779 24779 24779 24779 24779 24779 24779 24779 24779 24779 24779 24779 24779 24779 24779 24779 24779 24779 24779 24779 24779 24779 24779 24779 24779 24779 24779 24779 24779 24779 24779 24779 24779 24779 24779 24779 24779 24779 24779 24779 24779 24779 24779 24779 24779 24779 24779 24779 24779 24779 24779 24779 24779 24779 24779 24779 24779 24779 24779 24779 24779 24779 24779 24779 24779 24779 24779 24779 24779 24779 24779 24779 24779 24779 24779 24779 24779 24779 24779 24779 24779 24779 24779 24779 24779 24779 24779 24779 24779 24779 24779 24779 24779 24779 24779 24779 24779 24779 24779 24779 24779 24779 24779 24779 24779 24779 24779 24779 24779 24779 24779 24779 24779 24779 24779 24779 24779 24779 24779 24779 24779 24779 24779 24779 24779 24779 24779 24779 24779 24779 24779 24779 24779 24779 24779 24779 24779 24779 24779 24779 24779 24779 24779 24779 24779 24779 24779 24779 24779 24779 24779 24779 24779 24779 24779 24779 24779 24779 24779 24779 24779 24779 24779 24779 24779 24779 24779 24779 24779 24779 24779 24779 24779 24779 24779 24779 24779 24779 24779 24779 24779 24779 24779 24779 24779 24779 24779 24779 24779 24779 24779 24779 24779 24779 24779 24779 24779 24779 24779 24779 24779 24779 24779 24779 24779 24779 24779 24779 24779 24779 24779 24779 24779 24779 24779 24779 24779 24779 24779 24779 24779 24779 24779 24779 24779 24779 24779 24779 24779 24779 24779 24779 24779 24779 24779 24779 24779 24779 24779 24779 24779 24779 24779 24779 24779 24779 24779 24779 24779 24779 24779 24779 24779 24779 24779 24779 24779 24779 24779 24779 24779 24779 24779 24779 24779 24779 24779 24779 24779 24779 24779 24779 24779 24779 24779 24779 24779 24779 24779 24779 24779 24779 24779 24779 24779 24779 24779 24779 24779 24779 24779 24779 24779 24779 24779 24779 24779 24779 24779 24779 24779 24779 24779 24779 24779 24779 24779 24779 24779 24779 24779 24779 24779 24779 24779 24779 24779 24779 24779 24779 24779 24779 24779 24779 24779 24779 24779 24779 24779 24779 24779 24779 24779 24779 24779 24779 24779 24779 24779 24779 24779 24779 24779 24779 24779 24779 24779 24779 24779 24779 24779 24779 24779 24779 24779 24779 24779 24779 24779 24779 24779 24779 24779 24779 24779 24779 24779 24779 24779 24779 24779 24779 24779 24779 24779 24779 24779 24779 24779 24779 24779 24779 24779 24779 24779 24779 24779 24779 24779 24779 24779 24779 24779 24779 24779 24779 24779 24779 24779 24779 24779 24779 24779 24779 24779 24779 24779 24779 24779 24779 24779 24779 24779 24779 24779 24779 24779 24779 24779 24779 24779 24779 24779 24779 24779 24779 24779 24779 24779 24779 24779 24779 24779 24779 24779 24779 24779 24779 24779 24779 24779 24779 24779 24779 24779 24779 24779 24779 24779 24779 24779 24779 24779 24779 24779 24779 24779 24779 24779 24779 24779 24779 24779 24779 24779 24779 24779 24779 24779 24779 24779 24779 24779 24779 24779 24779 24779 24779 24779 24779 24779 24779 24779 24779 24779 24779 24779 24779 24779 24779 24779 24779 24779 24779 24779 24779 24779 24779 24779 24779 24779 24779 24779 24779 24779 24779 24779 24779 24779 24779 24779 24779 24779 24779 24779 24779 24779 24779 24779 24779 24779 24779 24779 24779 24779 24779 24779 24779 24779 24779 24779 24779 24779 24779 24779 24779 24779 24779 24779 24779 24779 24779 24779 24779 24779 24779 24779 24779 24779 24779 24779 24779 24779 24779 24779 24779 24779 24779 24779 24779 24779 24779 24779 24779 24779 24779 24779 24779 24779 24779 24779 24779 24779 24779 24779 24779 24779 24779 24779 24779 24779 24779 24779 24779 24779 24779 24779 24779 24779 24779 24779 24779 24779 24779 24779 24779 24779 24779 24779 24779 24779 24779 24779 24779 24779 24779 24779 24779 24779 24779 24779 24779 24779 24779 24779 24779 24779 24779 24779 24779 24779 24779 24779 24779 24779 24779 24779 24779 24779 24779 24779 24779 24779 24779 24779 24779 24779 24779 24779 24779 24779 24779 24779 24779 24779 24779 24779 24779 24779 24779 24779 24779 24779 24779 24779 24779 24779 24779 24779 24779 24779 24779 24779 24779 24779 24779 24779 24779 24779 24779 24779 24779 24779 24779 24779 24779 24779 24779 24779 24779 24779 24779 24779 24779 24779 24779 24779 24779 24779 24779 24779 24779 24779 24779 24779 24779 24779 24779 24779 24779 24779 24779 24779 24779 24779 24779 24779 24779 24779 24779 24779 24779 24779 24779 24779 24779 24779 24779 24779 24779 24779 24779 24779 24779 24779 24779 24779 24779 24779 24779 24779 24779 24779 24779 24779 24779 24779 24779 24779 24779 24779 24779 24779 24779 24779 24779 24779 24779 24779 24779 24779 24779 24779 24779 24779 24779 24779 24779 24779 24779 24779 24779 24779 24779 24779 24779 24779 24779 24779 24779 24779 24779 24779 24779 24779 24779 24779 24779 24779 24779 24779 24779 24779 24779 24779 24779 24779 24779 24779 24779 24779 24779 24779 24779 24779 24779 24779 24779 24779 24779 24779 24779 24779 24779 24779 24779 -1 -1 -1 -1 -1 -1 -1 -1 -1 -1 -1 -1 -1 -1 -1 -1 -1 -1 -1 -1 -1 -1 -1</lastValidSample>
      </burst>
      <burst>
        <azimuthTime>2015-05-16T13:34:25.520064</azimuthTime>
        <azimuthAnxTime>2.333292671361328e+03</azimuthAnxTime>
        <sensingTime>2015-05-16T13:34:26.539404</sensingTime>
        <byteOffset>307542904</byteOffset>
        <firstValidSample count="1511">-1 -1 -1 -1 -1 -1 -1 -1 -1 -1 -1 -1 -1 -1 -1 -1 -1 -1 -1 -1 -1 -1 -1 -1 -1 337 337 337 337 337 337 337 337 337 337 337 337 337 337 337 337 337 337 337 337 337 337 337 337 337 337 337 337 337 337 337 337 337 337 337 337 337 337 337 337 337 337 337 337 337 337 337 337 337 337 337 337 337 337 337 337 337 337 337 337 337 337 337 337 337 337 337 337 337 337 337 337 337 337 337 337 337 337 337 337 337 337 337 337 337 337 337 337 337 337 337 337 337 337 337 337 337 337 337 337 337 337 337 337 337 337 337 337 337 337 337 337 337 337 337 337 337 337 337 337 337 337 337 337 337 337 337 337 337 337 337 337 337 337 337 337 337 337 337 337 337 337 337 337 337 337 337 337 337 337 337 337 337 337 337 337 337 337 337 337 337 337 337 337 337 337 337 337 337 337 337 337 337 337 337 337 337 337 337 337 337 337 337 337 337 337 337 337 337 337 337 337 337 337 337 337 337 337 337 337 337 337 337 337 337 337 337 337 337 337 337 337 337 337 337 337 337 337 337 337 337 337 337 337 337 337 337 337 337 337 337 337 337 337 337 337 337 337 337 337 337 337 337 337 337 337 337 337 337 337 337 337 337 337 337 337 337 337 337 337 337 337 337 337 337 337 337 337 337 337 337 337 337 337 337 337 337 337 337 337 337 337 337 337 337 337 337 337 337 337 337 337 337 337 337 337 337 337 337 337 337 337 337 337 337 337 337 337 337 337 337 337 337 337 337 337 337 337 337 337 337 337 337 337 337 337 337 337 337 337 337 337 337 337 337 337 337 337 337 337 337 337 337 337 337 337 337 337 337 337 337 337 337 337 337 337 337 337 337 337 337 337 337 337 337 337 337 337 337 337 337 337 337 337 337 337 337 337 337 337 337 337 337 337 337 337 337 337 337 337 337 337 337 337 337 337 337 337 337 337 337 337 337 337 337 337 337 337 337 337 337 337 337 337 337 337 337 337 337 337 337 337 337 337 337 337 337 337 337 337 337 337 337 337 337 337 337 337 337 337 337 337 337 337 337 337 337 337 337 337 337 337 337 337 337 337 337 337 337 337 337 337 337 337 337 337 337 337 337 337 337 337 337 337 337 337 337 337 337 337 337 337 337 337 337 337 337 337 337 337 337 337 337 337 337 337 337 337 337 337 337 337 337 337 337 337 337 337 337 337 337 337 337 337 337 337 337 337 337 337 337 337 337 337 337 337 337 337 337 337 337 337 337 337 337 337 337 337 337 337 337 337 337 337 337 337 337 337 337 337 337 337 337 337 337 337 337 337 337 337 337 337 337 337 337 337 337 337 337 337 337 337 337 337 337 337 337 337 337 337 337 337 337 337 337 337 337 337 337 337 337 337 337 337 337 337 337 337 337 337 337 337 337 337 337 337 337 337 337 337 337 337 337 337 337 337 337 337 337 337 337 337 337 337 337 337 337 337 337 337 337 337 337 337 337 337 337 337 337 337 337 337 337 337 337 337 337 337 337 337 337 337 337 337 337 337 337 337 337 337 337 337 337 337 337 337 337 337 337 337 337 337 337 337 337 337 337 337 337 337 337 337 337 337 337 337 337 337 337 337 337 337 337 337 337 337 337 337 337 337 337 337 337 337 337 337 337 337 337 337 337 337 337 337 337 337 337 337 337 337 337 337 337 337 337 337 337 337 337 337 337 337 337 337 337 337 337 337 337 337 337 337 337 337 337 337 337 337 337 337 337 337 337 337 337 337 337 337 337 337 337 337 337 337 337 337 337 337 337 337 337 337 337 337 337 337 337 337 337 337 337 337 337 337 337 337 337 337 337 337 337 337 337 337 337 337 337 337 337 337 337 337 337 337 337 337 337 337 337 337 337 337 337 337 337 337 337 337 337 337 337 337 337 337 337 337 337 337 337 337 337 337 337 337 337 337 337 337 337 337 337 337 337 337 337 337 337 337 337 337 337 337 337 337 337 337 337 337 337 337 337 337 337 337 337 337 337 337 337 337 337 337 337 337 337 337 337 337 337 337 337 337 337 337 337 337 337 337 337 337 337 337 337 337 337 337 337 337 337 337 337 337 337 337 337 337 337 337 337 337 337 337 337 337 337 337 337 337 337 337 337 337 337 337 337 337 337 337 337 337 337 337 337 337 337 337 337 337 337 337 337 337 337 337 337 337 337 337 337 337 337 337 337 337 337 337 337 337 337 337 337 337 337 337 337 337 337 337 337 337 337 337 337 337 337 337 337 337 337 337 337 337 337 337 337 337 337 337 337 337 337 337 337 337 337 337 337 337 337 337 337 337 337 337 337 337 337 337 337 337 337 337 337 337 337 337 337 337 337 337 337 337 337 337 337 337 337 337 337 337 337 337 337 337 337 337 337 337 337 337 337 337 337 337 337 337 337 337 337 337 337 337 337 337 337 337 337 337 337 337 337 337 337 337 337 337 337 337 337 337 337 337 337 337 337 337 337 337 337 337 337 337 337 337 337 337 337 337 337 337 337 337 337 337 337 337 337 337 337 337 337 337 337 337 337 337 337 337 337 337 337 337 337 337 337 337 337 337 337 337 337 337 337 337 337 337 337 337 337 337 337 337 337 337 337 337 337 337 337 337 337 337 337 337 337 337 337 337 337 337 337 337 337 337 337 337 337 337 337 337 337 337 337 337 337 337 337 337 337 337 337 337 337 337 337 337 337 337 337 337 337 337 337 337 337 337 337 337 337 337 337 337 337 337 337 337 337 337 337 337 337 337 337 337 337 337 337 337 337 337 337 337 337 337 337 337 337 337 337 337 337 337 337 337 337 337 337 337 337 337 337 337 337 337 337 337 337 337 337 337 337 337 337 337 337 337 337 337 337 337 337 337 337 337 337 337 337 337 337 337 337 337 337 337 337 337 337 337 337 337 337 337 337 337 337 337 337 337 337 337 337 337 337 337 337 337 337 337 337 337 337 337 337 337 337 337 337 337 337 337 337 337 337 337 337 337 337 337 337 337 337 337 337 337 337 337 337 337 337 337 337 337 337 337 337 337 337 337 337 337 337 337 337 337 337 337 337 337 337 337 337 337 337 337 337 337 337 337 337 337 337 337 337 337 337 337 337 337 337 337 337 337 337 337 337 337 337 337 337 337 337 337 337 337 337 337 337 337 337 337 337 337 337 337 337 337 337 337 337 337 337 337 337 337 337 337 337 337 337 337 337 337 337 337 337 337 337 337 337 337 337 337 337 337 337 337 337 337 337 337 337 337 337 337 337 337 337 337 337 337 337 337 337 337 337 337 337 337 337 337 337 337 337 337 337 337 337 337 337 337 337 337 337 337 337 337 337 337 337 337 337 337 -1 -1 -1 -1 -1 -1 -1 -1 -1 -1 -1 -1 -1 -1 -1 -1 -1 -1 -1 -1 -1 -1 -1 -1</firstValidSample>
        <lastValidSample count="1511">-1 -1 -1 -1 -1 -1 -1 -1 -1 -1 -1 -1 -1 -1 -1 -1 -1 -1 -1 -1 -1 -1 -1 -1 -1 24779 24779 24779 24779 24779 24779 24779 24779 24779 24779 24779 24779 24779 24779 24779 24779 24779 24779 24779 24779 24779 24779 24779 24779 24779 24779 24779 24779 24779 24779 24779 24779 24779 24779 24779 24779 24779 24779 24779 24779 24779 24779 24779 24779 24779 24779 24779 24779 24779 24779 24779 24779 24779 24779 24779 24779 24779 24779 24779 24779 24779 24779 24779 24779 24779 24779 24779 24779 24779 24779 24779 24779 24779 24779 24779 24779 24779 24779 24779 24779 24779 24779 24779 24779 24779 24779 24779 24779 24779 24779 24779 24779 24779 24779 24779 24779 24779 24779 24779 24779 24779 24779 24779 24779 24779 24779 24779 24779 24779 24779 24779 24779 24779 24779 24779 24779 24779 24779 24779 24779 24779 24779 24779 24779 24779 24779 24779 24779 24779 24779 24779 24779 24779 24779 24779 24779 24779 24779 24779 24779 24779 24779 24779 24779 24779 24779 24779 24779 24779 24779 24779 24779 24779 24779 24779 24779 24779 24779 24779 24779 24779 24779 24779 24779 24779 24779 24779 24779 24779 24779 24779 24779 24779 24779 24779 24779 24779 24779 24779 24779 24779 24779 24779 24779 24779 24779 24779 24779 24779 24779 24779 24779 24779 24779 24779 24779 24779 24779 24779 24779 24779 24779 24779 24779 24779 24779 24779 24779 24779 24779 24779 24779 24779 24779 24779 24779 24779 24779 24779 24779 24779 24779 24779 24779 24779 24779 24779 24779 24779 24779 24779 24779 24779 24779 24779 24779 24779 24779 24779 24779 24779 24779 24779 24779 24779 24779 24779 24779 24779 24779 24779 24779 24779 24779 24779 24779 24779 24779 24779 24779 24779 24779 24779 24779 24779 24779 24779 24779 24779 24779 24779 24779 24779 24779 24779 24779 24779 24779 24779 24779 24779 24779 24779 24779 24779 24779 24779 24779 24779 24779 24779 24779 24779 24779 24779 24779 24779 24779 24779 24779 24779 24779 24779 24779 24779 24779 24779 24779 24779 24779 24779 24779 24779 24779 24779 24779 24779 24779 24779 24779 24779 24779 24779 24779 24779 24779 24779 24779 24779 24779 24779 24779 24779 24779 24779 24779 24779 24779 24779 24779 24779 24779 24779 24779 24779 24779 24779 24779 24779 24779 24779 24779 24779 24779 24779 24779 24779 24779 24779 24779 24779 24779 24779 24779 24779 24779 24779 24779 24779 24779 24779 24779 24779 24779 24779 24779 24779 24779 24779 24779 24779 24779 24779 24779 24779 24779 24779 24779 24779 24779 24779 24779 24779 24779 24779 24779 24779 24779 24779 24779 24779 24779 24779 24779 24779 24779 24779 24779 24779 24779 24779 24779 24779 24779 24779 24779 24779 24779 24779 24779 24779 24779 24779 24779 24779 24779 24779 24779 24779 24779 24779 24779 24779 24779 24779 24779 24779 24779 24779 24779 24779 24779 24779 24779 24779 24779 24779 24779 24779 24779 24779 24779 24779 24779 24779 24779 24779 24779 24779 24779 24779 24779 24779 24779 24779 24779 24779 24779 24779 24779 24779 24779 24779 24779 24779 24779 24779 24779 24779 24779 24779 24779 24779 24779 24779 24779 24779 24779 24779 24779 24779 24779 24779 24779 24779 24779 24779 24779 24779 24779 24779 24779 24779 24779 24779 24779 24779 24779 24779 24779 24779 24779 24779 24779 24779 24779 24779 24779 24779 24779 24779 24779 24779 24779 24779 24779 24779 24779 24779 24779 24779 24779 24779 24779 24779 24779 24779 24779 24779 24779 24779 24779 24779 24779 24779 24779 24779 24779 24779 24779 24779 24779 24779 24779 24779 24779 24779 24779 24779 24779 24779 24779 24779 24779 24779 24779 24779 24779 24779 24779 24779 24779 24779 24779 24779 24779 24779 24779 24779 24779 24779 24779 24779 24779 24779 24779 24779 24779 24779 24779 24779 24779 24779 24779 24779 24779 24779 24779 24779 24779 24779 24779 24779 24779 24779 24779 24779 24779 24779 24779 24779 24779 24779 24779 24779 24779 24779 24779 24779 24779 24779 24779 24779 24779 24779 24779 24779 24779 24779 24779 24779 24779 24779 24779 24779 24779 24779 24779 24779 24779 24779 24779 24779 24779 24779 24779 24779 24779 24779 24779 24779 24779 24779 24779 24779 24779 24779 24779 24779 24779 24779 24779 24779 24779 24779 24779 24779 24779 24779 24779 24779 24779 24779 24779 24779 24779 24779 24779 24779 24779 24779 24779 24779 24779 24779 24779 24779 24779 24779 24779 24779 24779 24779 24779 24779 24779 24779 24779 24779 24779 24779 24779 24779 24779 24779 24779 24779 24779 24779 24779 24779 24779 24779 24779 24779 24779 24779 24779 24779 24779 24779 24779 24779 24779 24779 24779 24779 24779 24779 24779 24779 24779 24779 24779 24779 24779 24779 24779 24779 24779 24779 24779 24779 24779 24779 24779 24779 24779 24779 24779 24779 24779 24779 24779 24779 24779 24779 24779 24779 24779 24779 24779 24779 24779 24779 24779 24779 24779 24779 24779 24779 24779 24779 24779 24779 24779 24779 24779 24779 24779 24779 24779 24779 24779 24779 24779 24779 24779 24779 24779 24779 24779 24779 24779 24779 24779 24779 24779 24779 24779 24779 24779 24779 24779 24779 24779 24779 24779 24779 24779 24779 24779 24779 24779 24779 24779 24779 24779 24779 24779 24779 24779 24779 24779 24779 24779 24779 24779 24779 24779 24779 24779 24779 24779 24779 24779 24779 24779 24779 24779 24779 24779 24779 24779 24779 24779 24779 24779 24779 24779 24779 24779 24779 24779 24779 24779 24779 24779 24779 24779 24779 24779 24779 24779 24779 24779 24779 24779 24779 24779 24779 24779 24779 24779 24779 24779 24779 24779 24779 24779 24779 24779 24779 24779 24779 24779 24779 24779 24779 24779 24779 24779 24779 24779 24779 24779 24779 24779 24779 24779 24779 24779 24779 24779 24779 24779 24779 24779 24779 24779 24779 24779 24779 24779 24779 24779 24779 24779 24779 24779 24779 24779 24779 24779 24779 24779 24779 24779 24779 24779 24779 24779 24779 24779 24779 24779 24779 24779 24779 24779 24779 24779 24779 24779 24779 24779 24779 24779 24779 24779 24779 24779 24779 24779 24779 24779 24779 24779 24779 24779 24779 24779 24779 24779 24779 24779 24779 24779 24779 24779 24779 24779 24779 24779 24779 24779 24779 24779 24779 24779 24779 24779 24779 24779 24779 24779 24779 24779 24779 24779 24779 24779 24779 24779 24779 24779 24779 24779 24779 24779 24779 24779 24779 24779 24779 24779 24779 24779 24779 24779 24779 24779 24779 24779 24779 24779 24779 24779 24779 24779 24779 24779 24779 24779 24779 24779 24779 24779 24779 24779 24779 24779 24779 24779 24779 24779 24779 24779 24779 24779 24779 24779 24779 24779 24779 24779 24779 24779 24779 24779 24779 24779 24779 24779 24779 24779 24779 24779 24779 24779 24779 24779 24779 24779 24779 24779 24779 24779 24779 24779 24779 24779 24779 24779 24779 24779 24779 24779 24779 24779 24779 24779 24779 24779 24779 24779 24779 24779 24779 24779 24779 24779 24779 24779 24779 24779 24779 24779 24779 24779 24779 24779 24779 24779 24779 24779 24779 24779 24779 24779 24779 24779 24779 24779 24779 24779 24779 24779 24779 24779 24779 24779 24779 24779 24779 24779 24779 24779 24779 24779 24779 24779 24779 24779 24779 24779 24779 24779 24779 24779 24779 24779 24779 24779 24779 24779 24779 24779 24779 24779 24779 24779 24779 24779 24779 24779 24779 24779 24779 24779 24779 24779 24779 24779 24779 24779 24779 24779 24779 24779 24779 24779 24779 24779 24779 24779 24779 24779 24779 24779 24779 24779 24779 24779 24779 24779 24779 24779 24779 24779 24779 24779 24779 24779 24779 24779 24779 24779 24779 24779 24779 24779 24779 24779 24779 24779 24779 24779 24779 24779 24779 24779 24779 24779 24779 24779 24779 24779 24779 24779 24779 24779 24779 24779 24779 24779 24779 24779 24779 24779 24779 24779 24779 24779 24779 24779 24779 24779 24779 24779 24779 24779 24779 24779 24779 24779 24779 24779 24779 24779 24779 24779 24779 24779 24779 24779 24779 24779 24779 24779 24779 24779 24779 24779 24779 24779 24779 24779 24779 24779 24779 24779 24779 24779 24779 24779 24779 24779 24779 24779 24779 24779 24779 24779 24779 24779 24779 24779 24779 24779 24779 24779 24779 24779 24779 24779 24779 24779 24779 24779 24779 24779 24779 24779 24779 24779 24779 24779 24779 24779 24779 24779 24779 24779 24779 24779 24779 24779 24779 24779 24779 24779 24779 24779 24779 24779 24779 24779 24779 24779 24779 24779 24779 24779 24779 24779 24779 24779 24779 24779 24779 24779 24779 24779 24779 24779 24779 24779 24779 24779 24779 24779 24779 24779 24779 24779 24779 24779 24779 24779 24779 24779 24779 24779 24779 24779 24779 24779 24779 24779 24779 24779 24779 24779 24779 24779 24779 24779 24779 24779 24779 24779 24779 24779 24779 24779 24779 24779 24779 24779 24779 24779 24779 24779 24779 24779 24779 24779 24779 24779 24779 24779 24779 24779 24779 24779 24779 24779 24779 24779 24779 24779 24779 24779 24779 24779 24779 24779 24779 24779 24779 24779 24779 24779 24779 24779 24779 24779 24779 24779 24779 24779 24779 24779 24779 24779 24779 24779 24779 24779 24779 24779 24779 24779 24779 24779 24779 24779 24779 24779 24779 24779 24779 24779 24779 24779 24779 24779 24779 24779 24779 24779 -1 -1 -1 -1 -1 -1 -1 -1 -1 -1 -1 -1 -1 -1 -1 -1 -1 -1 -1 -1 -1 -1 -1 -1</lastValidSample>
      </burst>
      <burst>
        <azimuthTime>2015-05-16T13:34:28.278625</azimuthTime>
        <azimuthAnxTime>2.336051231541992e+03</azimuthAnxTime>
        <sensingTime>2015-05-16T13:34:29.297681</sensingTime>
        <byteOffset>461314352</byteOffset>
        <firstValidSample count="1511">-1 -1 -1 -1 -1 -1 -1 -1 -1 -1 -1 -1 -1 -1 -1 -1 -1 -1 -1 -1 -1 -1 -1 -1 337 337 337 337 337 337 337 337 337 337 337 337 337 337 337 337 337 337 337 337 337 337 337 337 337 337 337 337 337 337 337 337 337 337 337 337 337 337 337 337 337 337 337 337 337 337 337 337 337 337 337 337 337 337 337 337 337 337 337 337 337 337 337 337 337 337 337 337 337 337 337 337 337 337 337 337 337 337 337 337 337 337 337 337 337 337 337 337 337 337 337 337 337 337 337 337 337 337 337 337 337 337 337 337 337 337 337 337 337 337 337 337 337 337 337 337 337 337 337 337 337 337 337 337 337 337 337 337 337 337 337 337 337 337 337 337 337 337 337 337 337 337 337 337 337 337 337 337 337 337 337 337 337 337 337 337 337 337 337 337 337 337 337 337 337 337 337 337 337 337 337 337 337 337 337 337 337 337 337 337 337 337 337 337 337 337 337 337 337 337 337 337 337 337 337 337 337 337 337 337 337 337 337 337 337 337 337 337 337 337 337 337 337 337 337 337 337 337 337 337 337 337 337 337 337 337 337 337 337 337 337 337 337 337 337 337 337 337 337 337 337 337 337 337 337 337 337 337 337 337 337 337 337 337 337 337 337 337 337 337 337 337 337 337 337 337 337 337 337 337 337 337 337 337 337 337 337 337 337 337 337 337 337 337 337 337 337 337 337 337 337 337 337 337 337 337 337 337 337 337 337 337 337 337 337 337 337 337 337 337 337 337 337 337 337 337 337 337 337 337 337 337 337 337 337 337 337 337 337 337 337 337 337 337 337 337 337 337 337 337 337 337 337 337 337 337 337 337 337 337 337 337 337 337 337 337 337 337 337 337 337 337 337 337 337 337 337 337 337 337 337 337 337 337 337 337 337 337 337 337 337 337 337 337 337 337 337 337 337 337 337 337 337 337 337 337 337 337 337 337 337 337 337 337 337 337 337 337 337 337 337 337 337 337 337 337 337 337 337 337 337 337 337 337 337 337 337 337 337 337 337 337 337 337 337 337 337 337 337 337 337 337 337 337 337 337 337 337 337 337 337 337 337 337 337 337 337 337 337 337 337 337 337 337 337 337 337 337 337 337 337 337 337 337 337 337 337 337 337 337 337 337 337 337 337 337 337 337 337 337 337 337 337 337 337 337 337 337 337 337 337 337 337 337 337 337 337 337 337 337 337 337 337 337 337 337 337 337 337 337 337 337 337 337 337 337 337 337 337 337 337 337 337 337 337 337 337 337 337 337 337 337 337 337 337 337 337 337 337 337 337 337 337 337 337 337 337 337 337 337 337 337 337 337 337 337 337 337 337 337 337 337 337 337 337 337 337 337 337 337 337 337 337 337 337 337 337 337 337 337 337 337 337 337 337 337 337 337 337 337 337 337 337 337 337 337 337 337 337 337 337 337 337 337 337 337 337 337 337 337 337 337 337 337 337 337 337 337 337 337 337 337 337 337 337 337 337 337 337 337 337 337 337 337 337 337 337 337 337 337 337 337 337 337 337 337 337 337 337 337 337 337 337 337 337 337 337 337 337 337 337 337 337 337 337 337 337 337 337 337 337 337 337 337 337 337 337 337 337 337 337 337 337 337 337 337 337 337 337 337 337 337 337 337 337 337 337 337 337 337 337 337 337 337 337 337 337 337 337 337 337 337 337 337 337 337 337 337 337 337 337 337 337 337 337 337 337 337 337 337 337 337 337 337 337 337 337 337 337 337 337 337 337 337 337 337 337 337 337 337 337 337 337 337 337 337 337 337 337 337 337 337 337 337 337 337 337 337 337 337 337 337 337 337 337 337 337 337 337 337 337 337 337 337 337 337 337 337 337 337 337 337 337 337 337 337 337 337 337 337 337 337 337 337 337 337 337 337 337 337 337 337 337 337 337 337 337 337 337 337 337 337 337 337 337 337 337 337 337 337 337 337 337 337 337 337 337 337 337 337 337 337 337 337 337 337 337 337 337 337 337 337 337 337 337 337 337 337 337 337 337 337 337 337 337 337 337 337 337 337 337 337 337 337 337 337 337 337 337 337 337 337 337 337 337 337 337 337 337 337 337 337 337 337 337 337 337 337 337 337 337 337 337 337 337 337 337 337 337 337 337 337 337 337 337 337 337 337 337 337 337 337 337 337 337 337 337 337 337 337 337 337 337 337 337 337 337 337 337 337 337 337 337 337 337 337 337 337 337 337 337 337 337 337 337 337 337 337 337 337 337 337 337 337 337 337 337 337 337 337 337 337 337 337 337 337 337 337 337 337 337 337 337 337 337 337 337 337 337 337 337 337 337 337 337 337 337 337 337 337 337 337 337 337 337 337 337 337 337 337 337 337 337 337 337 337 337 337 337 337 337 337 337 337 337 337 337 337 337 337 337 337 337 337 337 337 337 337 337 337 337 337 337 337 337 337 337 337 337 337 337 337 337 337 337 337 337 337 337 337 337 337 337 337 337 337 337 337 337 337 337 337 337 337 337 337 337 337 337 337 337 337 337 337 337 337 337 337 337 337 337 337 337 337 337 337 337 337 337 337 337 337 337 337 337 337 337 337 337 337 337 337 337 337 337 337 337 337 337 337 337 337 337 337 337 337 337 337 337 337 337 337 337 337 337 337 337 337 337 337 337 337 337 337 337 337 337 337 337 337 337 337 337 337 337 337 337 337 337 337 337 337 337 337 337 337 337 337 337 337 337 337 337 337 337 337 337 337 337 337 337 337 337 337 337 337 337 337 337 337 337 337 337 337 337 337 337 337 337 337 337 337 337 337 337 337 337 337 337 337 337 337 337 337 337 337 337 337 337 337 337 337 337 337 337 337 337 337 337 337 337 337 337 337 337 337 337 337 337 337 337 337 337 337 337 337 337 337 337 337 337 337 337 337 337 337 337 337 337 337 337 337 337 337 337 337 337 337 337 337 337 337 337 337 337 337 337 337 337 337 337 337 337 337 337 337 337 337 337 337 337 337 337 337 337 337 337 337 337 337 337 337 337 337 337 337 337 337 337 337 337 337 337 337 337 337 337 337 337 337 337 337 337 337 337 337 337 337 337 337 337 337 337 337 337 337 337 337 337 337 337 337 337 337 337 337 337 337 337 337 337 337 337 337 337 337 337 337 337 337 337 337 337 337 337 337 337 337 337 337 337 337 337 337 337 337 337 337 337 337 337 337 337 337 337 337 337 337 337 337 337 337 337 337 337 337 337 337 337 337 337 337 337 337 337 337 337 337 337 337 337 337 337 337 337 337 337 337 337 337 337 337 337 337 337 337 337 337 337 337 337 337 337 337 337 337 337 337 337 337 337 337 337 337 337 337 337 337 337 337 337 337 337 -1 -1 -1 -1 -1 -1 -1 -1 -1 -1 -1 -1 -1 -1 -1 -1 -1 -1 -1 -1 -1 -1 -1 -1</firstValidSample>
        <lastValidSample count="1511">-1 -1 -1 -1 -1 -1 -1 -1 -1 -1 -1 -1 -1 -1 -1 -1 -1 -1 -1 -1 -1 -1 -1 -1 24779 24779 24779 24779 24779 24779 24779 24779 24779 24779 24779 24779 24779 24779 24779 24779 24779 24779 24779 24779 24779 24779 24779 24779 24779 24779 24779 24779 24779 24779 24779 24779 24779 24779 24779 24779 24779 24779 24779 24779 24779 24779 24779 24779 24779 24779 24779 24779 24779 24779 24779 24779 24779 24779 24779 24779 24779 24779 24779 24779 24779 24779 24779 24779 24779 24779 24779 24779 24779 24779 24779 24779 24779 24779 24779 24779 24779 24779 24779 24779 24779 24779 24779 24779 24779 24779 24779 24779 24779 24779 24779 24779 24779 24779 24779 24779 24779 24779 24779 24779 24779 24779 24779 24779 24779 24779 24779 24779 24779 24779 24779 24779 24779 24779 24779 24779 24779 24779 24779 24779 24779 24779 24779 24779 24779 24779 24779 24779 24779 24779 24779 24779 24779 24779 24779 24779 24779 24779 24779 24779 24779 24779 24779 24779 24779 24779 24779 24779 24779 24779 24779 24779 24779 24779 24779 24779 24779 24779 24779 24779 24779 24779 24779 24779 24779 24779 24779 24779 24779 24779 24779 24779 24779 24779 24779 24779 24779 24779 24779 24779 24779 24779 24779 24779 24779 24779 24779 24779 24779 24779 24779 24779 24779 24779 24779 24779 24779 24779 24779 24779 24779 24779 24779 24779 24779 24779 24779 24779 24779 24779 24779 24779 24779 24779 24779 24779 24779 24779 24779 24779 24779 24779 24779 24779 24779 24779 24779 24779 24779 24779 24779 24779 24779 24779 24779 24779 24779 24779 24779 24779 24779 24779 24779 24779 24779 24779 24779 24779 24779 24779 24779 24779 24779 24779 24779 24779 24779 24779 24779 24779 24779 24779 24779 24779 24779 24779 24779 24779 24779 24779 24779 24779 24779 24779 24779 24779 24779 24779 24779 24779 24779 24779 24779 24779 24779 24779 24779 24779 24779 24779 24779 24779 24779 24779 24779 24779 24779 24779 24779 24779 24779 24779 24779 24779 24779 24779 24779 24779 24779 24779 24779 24779 24779 24779 24779 24779 24779 24779 24779 24779 24779 24779 24779 24779 24779 24779 24779 24779 24779 24779 24779 24779 24779 24779 24779 24779 24779 24779 24779 24779 24779 24779 24779 24779 24779 24779 24779 24779 24779 24779 24779 24779 24779 24779 24779 24779 24779 24779 24779 24779 24779 24779 24779 24779 24779 24779 24779 24779 24779 24779 24779 24779 24779 24779 24779 24779 24779 24779 24779 24779 24779 24779 24779 24779 24779 24779 24779 24779 24779 24779 24779 24779 24779 24779 24779 24779 24779 24779 24779 24779 24779 24779 24779 24779 24779 24779 24779 24779 24779 24779 24779 24779 24779 24779 24779 24779 24779 24779 24779 24779 24779 24779 24779 24779 24779 24779 24779 24779 24779 24779 24779 24779 24779 24779 24779 24779 24779 24779 24779 24779 24779 24779 24779 24779 24779 24779 24779 24779 24779 24779 24779 24779 24779 24779 24779 24779 24779 24779 24779 24779 24779 24779 24779 24779 24779 24779 24779 24779 24779 24779 24779 24779 24779 24779 24779 24779 24779 24779 24779 24779 24779 24779 24779 24779 24779 24779 24779 24779 24779 24779 24779 24779 24779 24779 24779 24779 24779 24779 24779 24779 24779 24779 24779 24779 24779 24779 24779 24779 24779 24779 24779 24779 24779 24779 24779 24779 24779 24779 24779 24779 24779 24779 24779 24779 24779 24779 24779 24779 24779 24779 24779 24779 24779 24779 24779 24779 24779 24779 24779 24779 24779 24779 24779 24779 24779 24779 24779 24779 24779 24779 24779 24779 24779 24779 24779 24779 24779 24779 24779 24779 24779 24779 24779 24779 24779 24779 24779 24779 24779 24779 24779 24779 24779 24779 24779 24779 24779 24779 24779 24779 24779 24779 24779 24779 24779 24779 24779 24779 24779 24779 24779 24779 24779 24779 24779 24779 24779 24779 24779 24779 24779 24779 24779 24779 24779 24779 24779 24779 24779 24779 24779 24779 24779 24779 24779 24779 24779 24779 24779 24779 24779 24779 24779 24779 24779 24779 24779 24779 24779 24779 24779 24779 24779 24779 24779 24779 24779 24779 24779 24779 24779 24779 24779 24779 24779 24779 24779 24779 24779 24779 24779 24779 24779 24779 24779 24779 24779 24779 24779 24779 24779 24779 24779 24779 24779 24779 24779 24779 24779 24779 24779 24779 24779 24779 24779 24779 24779 24779 24779 24779 24779 24779 24779 24779 24779 24779 24779 24779 24779 24779 24779 24779 24779 24779 24779 24779 24779 24779 24779 24779 24779 24779 24779 24779 24779 24779 24779 24779 24779 24779 24779 24779 24779 24779 24779 24779 24779 24779 24779 24779 24779 24779 24779 24779 24779 24779 24779 24779 24779 24779 24779 24779 24779 24779 24779 24779 24779 24779 24779 24779 24779 24779 24779 24779 24779 24779 24779 24779 24779 24779 24779 24779 24779 24779 24779 24779 24779 24779 24779 24779 24779 24779 24779 24779 24779 24779 24779 24779 24779 24779 24779 24779 24779 24779 24779 24779 24779 24779 24779 24779 24779 24779 24779 24779 24779 24779 24779 24779 24779 24779 24779 24779 24779 24779 24779 24779 24779 24779 24779 24779 24779 24779 24779 24779 24779 24779 24779 24779 24779 24779 24779 24779 24779 24779 24779 24779 24779 24779 24779 24779 24779 24779 24779 24779 24779 24779 24779 24779 24779 24779 24779 24779 24779 24779 24779 24779 24779 24779 24779 24779 24779 24779 24779 24779 24779 24779 24779 24779 24779 24779 24779 24779 24779 24779 24779 24779 24779 24779 24779 24779 24779 24779 24779 24779 24779 24779 24779 24779 24779 24779 24779 24779 24779 24779 24779 24779 24779 24779 24779 24779 24779 24779 24779 24779 24779 24779 24779 24779 24779 24779 24779 24779 24779 24779 24779 24779 24779 24779 24779 24779 24779 24779 24779 24779 24779 24779 24779 24779 24779 24779 24779 24779 24779 24779 24779 24779 24779 24779 24779 24779 24779 24779 24779 24779 24779 24779 24779 24779 24779 24779 24779 24779 24779 24779 24779 24779 24779 24779 24779 24779 24779 24779 24779 24779 24779 24779 24779 24779 24779 24779 24779 24779 24779 24779 24779 24779 24779 24779 24779 24779 24779 24779 24779 24779 24779 24779 24779 24779 24779 24779 24779 24779 24779 24779 24779 24779 24779 24779 24779 24779 24779 24779 24779 24779 24779 24779 24779 24779 24779 24779 24779 24779 24779 24779 24779 24779 24779 24779 24779 24779 24779 24779 24779 24779 24779 24779 24779 24779 24779 24779 24779 24779 24779 24779 24779 24779 24779 24779 24779 24779 24779 24779 24779 24779 24779 24779 24779 24779 24779 24779 24779 24779 24779 24779 24779 24779 24779 24779 24779 24779 24779 24779 24779 24779 24779 24779 24779 24779 24779 24779 24779 24779 24779 24779 24779 24779 24779 24779 24779 24779 24779 24779 24779 24779 24779 24779 24779 24779 24779 24779 24779 24779 24779 24779 24779 24779 24779 24779 24779 24779 24779 24779 24779 24779 24779 24779 24779 24779 24779 24779 24779 24779 24779 24779 24779 24779 24779 24779 24779 24779 24779 24779 24779 24779 24779 24779 24779 24779 24779 24779 24779 24779 24779 24779 24779 24779 24779 24779 24779 24779 24779 24779 24779 24779 24779 24779 24779 24779 24779 24779 24779 24779 24779 24779 24779 24779 24779 24779 24779 24779 24779 24779 24779 24779 24779 24779 24779 24779 24779 24779 24779 24779 24779 24779 24779 24779 24779 24779 24779 24779 24779 24779 24779 24779 24779 24779 24779 24779 24779 24779 24779 24779 24779 24779 24779 24779 24779 24779 24779 24779 24779 24779 24779 24779 24779 24779 24779 24779 24779 24779 24779 24779 24779 24779 24779 24779 24779 24779 24779 24779 24779 24779 24779 24779 24779 24779 24779 24779 24779 24779 24779 24779 24779 24779 24779 24779 24779 24779 24779 24779 24779 24779 24779 24779 24779 24779 24779 24779 24779 24779 24779 24779 24779 24779 24779 24779 24779 24779 24779 24779 24779 24779 24779 24779 24779 24779 24779 24779 24779 24779 24779 24779 24779 24779 24779 24779 24779 24779 24779 24779 24779 24779 24779 24779 24779 24779 24779 24779 24779 24779 24779 24779 24779 24779 24779 24779 24779 24779 24779 24779 24779 24779 24779 24779 24779 24779 24779 24779 24779 24779 24779 24779 24779 24779 24779 24779 24779 24779 24779 24779 24779 24779 24779 24779 24779 24779 24779 24779 24779 24779 24779 24779 24779 24779 24779 24779 24779 24779 24779 24779 24779 24779 24779 24779 24779 24779 24779 24779 24779 24779 24779 24779 24779 24779 24779 24779 24779 24779 24779 24779 24779 24779 24779 24779 24779 24779 24779 24779 24779 24779 24779 24779 24779 24779 24779 24779 24779 24779 24779 24779 24779 24779 24779 24779 24779 24779 24779 24779 24779 24779 24779 24779 24779 24779 24779 24779 24779 24779 24779 24779 24779 24779 24779 24779 24779 24779 24779 24779 24779 24779 24779 24779 24779 24779 24779 24779 24779 24779 24779 24779 24779 24779 24779 24779 24779 24779 24779 24779 24779 24779 24779 24779 24779 24779 24779 24779 24779 24779 24779 24779 24779 24779 24779 24779 24779 24779 24779 24779 24779 24779 24779 24779 24779 24779 24779 24779 24779 24779 24779 24779 24779 24779 24779 24779 24779 24779 24779 24779 24779 24779 24779 24779 24779 24779 24779 24779 24779 24779 24779 24779 24779 24779 24779 -1 -1 -1 -1 -1 -1 -1 -1 -1 -1 -1 -1 -1 -1 -1 -1 -1 -1 -1 -1 -1 -1 -1 -1</lastValidSample>
      </burst>
      <burst>
        <azimuthTime>2015-05-16T13:34:31.035125</azimuthTime>
        <azimuthAnxTime>2.338807731786133e+03</azimuthAnxTime>
        <sensingTime>2015-05-16T13:34:32.055958</sensingTime>
        <byteOffset>615085800</byteOffset>
        <firstValidSample count="1511">-1 -1 -1 -1 -1 -1 -1 -1 -1 -1 -1 -1 -1 -1 -1 -1 -1 -1 -1 -1 -1 -1 -1 -1 -1 337 337 337 337 337 337 337 337 337 337 337 337 337 337 337 337 337 337 337 337 337 337 337 337 337 337 337 337 337 337 337 337 337 337 337 337 337 337 337 337 337 337 337 337 337 337 337 337 337 337 337 337 337 337 337 337 337 337 337 337 337 337 337 337 337 337 337 337 337 337 337 337 337 337 337 337 337 337 337 337 337 337 337 337 337 337 337 337 337 337 337 337 337 337 337 337 337 337 337 337 337 337 337 337 337 337 337 337 337 337 337 337 337 337 337 337 337 337 337 337 337 337 337 337 337 337 337 337 337 337 337 337 337 337 337 337 337 337 337 337 337 337 337 337 337 337 337 337 337 337 337 337 337 337 337 337 337 337 337 337 337 337 337 337 337 337 337 337 337 337 337 337 337 337 337 337 337 337 337 337 337 337 337 337 337 337 337 337 337 337 337 337 337 337 337 337 337 337 337 337 337 337 337 337 337 337 337 337 337 337 337 337 337 337 337 337 337 337 337 337 337 337 337 337 337 337 337 337 337 337 337 337 337 337 337 337 337 337 337 337 337 337 337 337 337 337 337 337 337 337 337 337 337 337 337 337 337 337 337 337 337 337 337 337 337 337 337 337 337 337 337 337 337 337 337 337 337 337 337 337 337 337 337 337 337 337 337 337 337 337 337 337 337 337 337 337 337 337 337 337 337 337 337 337 337 337 337 337 337 337 337 337 337 337 337 337 337 337 337 337 337 337 337 337 337 337 337 337 337 337 337 337 337 337 337 337 337 337 337 337 337 337 337 337 337 337 337 337 337 337 337 337 337 337 337 337 337 337 337 337 337 337 337 337 337 337 337 337 337 337 337 337 337 337 337 337 337 337 337 337 337 337 337 337 337 337 337 337 337 337 337 337 337 337 337 337 337 337 337 337 337 337 337 337 337 337 337 337 337 337 337 337 337 337 337 337 337 337 337 337 337 337 337 337 337 337 337 337 337 337 337 337 337 337 337 337 337 337 337 337 337 337 337 337 337 337 337 337 337 337 337 337 337 337 337 337 337 337 337 337 337 337 337 337 337 337 337 337 337 337 337 337 337 337 337 337 337 337 337 337 337 337 337 337 337 337 337 337 337 337 337 337 337 337 337 337 337 337 337 337 337 337 337 337 337 337 337 337 337 337 337 337 337 337 337 337 337 337 337 337 337 337 337 337 337 337 337 337 337 337 337 337 337 337 337 337 337 337 337 337 337 337 337 337 337 337 337 337 337 337 337 337 337 337 337 337 337 337 337 337 337 337 337 337 337 337 337 337 337 337 337 337 337 337 337 337 337 337 337 337 337 337 337 337 337 337 337 337 337 337 337 337 337 337 337 337 337 337 337 337 337 337 337 337 337 337 337 337 337 337 337 337 337 337 337 337 337 337 337 337 337 337 337 337 337 337 337 337 337 337 337 337 337 337 337 337 337 337 337 337 337 337 337 337 337 337 337 337 337 337 337 337 337 337 337 337 337 337 337 337 337 337 337 337 337 337 337 337 337 337 337 337 337 337 337 337 337 337 337 337 337 337 337 337 337 337 337 337 337 337 337 337 337 337 337 337 337 337 337 337 337 337 337 337 337 337 337 337 337 337 337 337 337 337 337 337 337 337 337 337 337 337 337 337 337 337 337 337 337 337 337 337 337 337 337 337 337 337 337 337 337 337 337 337 337 337 337 337 337 337 337 337 337 337 337 337 337 337 337 337 337 337 337 337 337 337 337 337 337 337 337 337 337 337 337 337 337 337 337 337 337 337 337 337 337 337 337 337 337 337 337 337 337 337 337 337 337 337 337 337 337 337 337 337 337 337 337 337 337 337 337 337 337 337 337 337 337 337 337 337 337 337 337 337 337 337 337 337 337 337 337 337 337 337 337 337 337 337 337 337 337 337 337 337 337 337 337 337 337 337 337 337 337 337 337 337 337 337 337 337 337 337 337 337 337 337 337 337 337 337 337 337 337 337 337 337 337 337 337 337 337 337 337 337 337 337 337 337 337 337 337 337 337 337 337 337 337 337 337 337 337 337 337 337 337 337 337 337 337 337 337 337 337 337 337 337 337 337 337 337 337 337 337 337 337 337 337 337 337 337 337 337 337 337 337 337 337 337 337 337 337 337 337 337 337 337 337 337 337 337 337 337 337 337 337 337 337 337 337 337 337 337 337 337 337 337 337 337 337 337 337 337 337 337 337 337 337 337 337 337 337 337 337 337 337 337 337 337 337 337 337 337 337 337 337 337 337 337 337 337 337 337 337 337 337 337 337 337 337 337 337 337 337 337 337 337 337 337 337 337 337 337 337 337 337 337 337 337 337 337 337 337 337 337 337 337 337 337 337 337 337 337 337 337 337 337 337 337 337 337 337 337 337 337 337 337 337 337 337 337 337 337 337 337 337 337 337 337 337 337 337 337 337 337 337 337 337 337 337 337 337 337 337 337 337 337 337 337 337 337 337 337 337 337 337 337 337 337 337 337 337 337 337 337 337 337 337 337 337 337 337 337 337 337 337 337 337 337 337 337 337 337 337 337 337 337 337 337 337 337 337 337 337 337 337 337 337 337 337 337 337 337 337 337 337 337 337 337 337 337 337 337 337 337 337 337 337 337 337 337 337 337 337 337 337 337 337 337 337 337 337 337 337 337 337 337 337 337 337 337 337 337 337 337 337 337 337 337 337 337 337 337 337 337 337 337 337 337 337 337 337 337 337 337 337 337 337 337 337 337 337 337 337 337 337 337 337 337 337 337 337 337 337 337 337 337 337 337 337 337 337 337 337 337 337 337 337 337 337 337 337 337 337 337 337 337 337 337 337 337 337 337 337 337 337 337 337 337 337 337 337 337 337 337 337 337 337 337 337 337 337 337 337 337 337 337 337 337 337 337 337 337 337 337 337 337 337 337 337 337 337 337 337 337 337 337 337 337 337 337 337 337 337 337 337 337 337 337 337 337 337 337 337 337 337 337 337 337 337 337 337 337 337 337 337 337 337 337 337 337 337 337 337 337 337 337 337 337 337 337 337 337 337 337 337 337 337 337 337 337 337 337 337 337 337 337 337 337 337 337 337 337 337 337 337 337 337 337 337 337 337 337 337 337 337 337 337 337 337 337 337 337 337 337 337 337 337 337 337 337 337 337 337 337 337 337 337 337 337 337 337 337 337 337 337 337 337 337 337 337 337 337 337 337 337 337 337 337 337 337 337 337 337 337 337 337 337 337 337 337 337 337 337 337 337 337 337 337 337 337 337 337 337 337 337 337 337 337 337 337 337 337 337 337 337 337 337 337 337 337 337 337 337 -1 -1 -1 -1 -1 -1 -1 -1 -1 -1 -1 -1 -1 -1 -1 -1 -1 -1 -1 -1 -1 -1 -1</firstValidSample>
        <lastValidSample count="1511">-1 -1 -1 -1 -1 -1 -1 -1 -1 -1 -1 -1 -1 -1 -1 -1 -1 -1 -1 -1 -1 -1 -1 -1 -1 24779 24779 24779 24779 24779 24779 24779 24779 24779 24779 24779 24779 24779 24779 24779 24779 24779 24779 24779 24779 24779 24779 24779 24779 24779 24779 24779 24779 24779 24779 24779 24779 24779 24779 24779 24779 24779 24779 24779 24779 24779 24779 24779 24779 24779 24779 24779 24779 24779 24779 24779 24779 24779 24779 24779 24779 24779 24779 24779 24779 24779 24779 24779 24779 24779 24779 24779 24779 24779 24779 24779 24779 24779 24779 24779 24779 24779 24779 24779 24779 24779 24779 24779 24779 24779 24779 24779 24779 24779 24779 24779 24779 24779 24779 24779 24779 24779 24779 24779 24779 24779 24779 24779 24779 24779 24779 24779 24779 24779 24779 24779 24779 24779 24779 24779 24779 24779 24779 24779 24779 24779 24779 24779 24779 24779 24779 24779 24779 24779 24779 24779 24779 24779 24779 24779 24779 24779 24779 24779 24779 24779 24779 24779 24779 24779 24779 24779 24779 24779 24779 24779 24779 24779 24779 24779 24779 24779 24779 24779 24779 24779 24779 24779 24779 24779 24779 24779 24779 24779 24779 24779 24779 24779 24779 24779 24779 24779 24779 24779 24779 24779 24779 24779 24779 24779 24779 24779 24779 24779 24779 24779 24779 24779 24779 24779 24779 24779 24779 24779 24779 24779 24779 24779 24779 24779 24779 24779 24779 24779 24779 24779 24779 24779 24779 24779 24779 24779 24779 24779 24779 24779 24779 24779 24779 24779 24779 24779 24779 24779 24779 24779 24779 24779 24779 24779 24779 24779 24779 24779 24779 24779 24779 24779 24779 24779 24779 24779 24779 24779 24779 24779 24779 24779 24779 24779 24779 24779 24779 24779 24779 24779 24779 24779 24779 24779 24779 24779 24779 24779 24779 24779 24779 24779 24779 24779 24779 24779 24779 24779 24779 24779 24779 24779 24779 24779 24779 24779 24779 24779 24779 24779 24779 24779 24779 24779 24779 24779 24779 24779 24779 24779 24779 24779 24779 24779 24779 24779 24779 24779 24779 24779 24779 24779 24779 24779 24779 24779 24779 24779 24779 24779 24779 24779 24779 24779 24779 24779 24779 24779 24779 24779 24779 24779 24779 24779 24779 24779 24779 24779 24779 24779 24779 24779 24779 24779 24779 24779 24779 24779 24779 24779 24779 24779 24779 24779 24779 24779 24779 24779 24779 24779 24779 24779 24779 24779 24779 24779 24779 24779 24779 24779 24779 24779 24779 24779 24779 24779 24779 24779 24779 24779 24779 24779 24779 24779 24779 24779 24779 24779 24779 24779 24779 24779 24779 24779 24779 24779 24779 24779 24779 24779 24779 24779 24779 24779 24779 24779 24779 24779 24779 24779 24779 24779 24779 24779 24779 24779 24779 24779 24779 24779 24779 24779 24779 24779 24779 24779 24779 24779 24779 24779 24779 24779 24779 24779 24779 24779 24779 24779 24779 24779 24779 24779 24779 24779 24779 24779 24779 24779 24779 24779 24779 24779 24779 24779 24779 24779 24779 24779 24779 24779 24779 24779 24779 24779 24779 24779 24779 24779 24779 24779 24779 24779 24779 24779 24779 24779 24779 24779 24779 24779 24779 24779 24779 24779 24779 24779 24779 24779 24779 24779 24779 24779 24779 24779 24779 24779 24779 24779 24779 24779 24779 24779 24779 24779 24779 24779 24779 24779 24779 24779 24779 24779 24779 24779 24779 24779 24779 24779 24779 24779 24779 24779 24779 24779 24779 24779 24779 24779 24779 24779 24779 24779 24779 24779 24779 24779 24779 24779 24779 24779 24779 24779 24779 24779 24779 24779 24779 24779 24779 24779 24779 24779 24779 24779 24779 24779 24779 24779 24779 24779 24779 24779 24779 24779 24779 24779 24779 24779 24779 24779 24779 24779 24779 24779 24779 24779 24779 24779 24779 24779 24779 24779 24779 24779 24779 24779 24779 24779 24779 24779 24779 24779 24779 24779 24779 24779 24779 24779 24779 24779 24779 24779 24779 24779 24779 24779 24779 24779 24779 24779 24779 24779 24779 24779 24779 24779 24779 24779 24779 24779 24779 24779 24779 24779 24779 24779 24779 24779 24779 24779 24779 24779 24779 24779 24779 24779 24779 24779 24779 24779 24779 24779 24779 24779 24779 24779 24779 24779 24779 24779 24779 24779 24779 24779 24779 24779 24779 24779 24779 24779 24779 24779 24779 24779 24779 24779 24779 24779 24779 24779 24779 24779 24779 24779 24779 24779 24779 24779 24779 24779 24779 24779 24779 24779 24779 24779 24779 24779 24779 24779 24779 24779 24779 24779 24779 24779 24779 24779 24779 24779 24779 24779 24779 24779 24779 24779 24779 24779 24779 24779 24779 24779 24779 24779 24779 24779 24779 24779 24779 24779 24779 24779 24779 24779 24779 24779 24779 24779 24779 24779 24779 24779 24779 24779 24779 24779 24779 24779 24779 24779 24779 24779 24779 24779 24779 24779 24779 24779 24779 24779 24779 24779 24779 24779 24779 24779 24779 24779 24779 24779 24779 24779 24779 24779 24779 24779 24779 24779 24779 24779 24779 24779 24779 24779 24779 24779 24779 24779 24779 24779 24779 24779 24779 24779 24779 24779 24779 24779 24779 24779 24779 24779 24779 24779 24779 24779 24779 24779 24779 24779 24779 24779 24779 24779 24779 24779 24779 24779 24779 24779 24779 24779 24779 24779 24779 24779 24779 24779 24779 24779 24779 24779 24779 24779 24779 24779 24779 24779 24779 24779 24779 24779 24779 24779 24779 24779 24779 24779 24779 24779 24779 24779 24779 24779 24779 24779 24779 24779 24779 24779 24779 24779 24779 24779 24779 24779 24779 24779 24779 24779 24779 24779 24779 24779 24779 24779 24779 24779 24779 24779 24779 24779 24779 24779 24779 24779 24779 24779 24779 24779 24779 24779 24779 24779 24779 24779 24779 24779 24779 24779 24779 24779 24779 24779 24779 24779 24779 24779 24779 24779 24779 24779 24779 24779 24779 24779 24779 24779 24779 24779 24779 24779 24779 24779 24779 24779 24779 24779 24779 24779 24779 24779 24779 24779 24779 24779 24779 24779 24779 24779 24779 24779 24779 24779 24779 24779 24779 24779 24779 24779 24779 24779 24779 24779 24779 24779 24779 24779 24779 24779 24779 24779 24779 24779 24779 24779 24779 24779 24779 24779 24779 24779 24779 24779 24779 24779 24779 24779 24779 24779 24779 24779 24779 24779 24779 24779 24779 24779 24779 24779 24779 24779 24779 24779 24779 24779 24779 24779 24779 24779 24779 24779 24779 24779 24779 24779 24779 24779 24779 24779 24779 24779 24779 24779 24779 24779 24779 24779 24779 24779 24779 24779 24779 24779 24779 24779 24779 24779 24779 24779 24779 24779 24779 24779 24779 24779 24779 24779 24779 24779 24779 24779 24779 24779 24779 24779 24779 24779 24779 24779 24779 24779 24779 24779 24779 24779 24779 24779 24779 24779 24779 24779 24779 24779 24779 24779 24779 24779 24779 24779 24779 24779 24779 24779 24779 24779 24779 24779 24779 24779 24779 24779 24779 24779 24779 24779 24779 24779 24779 24779 24779 24779 24779 24779 24779 24779 24779 24779 24779 24779 24779 24779 24779 24779 24779 24779 24779 24779 24779 24779 24779 24779 24779 24779 24779 24779 24779 24779 24779 24779 24779 24779 24779 24779 24779 24779 24779 24779 24779 24779 24779 24779 24779 24779 24779 24779 24779 24779 24779 24779 24779 24779 24779 24779 24779 24779 24779 24779 24779 24779 24779 24779 24779 24779 24779 24779 24779 24779 24779 24779 24779 24779 24779 24779 24779 24779 24779 24779 24779 24779 24779 24779 24779 24779 24779 24779 24779 24779 24779 24779 24779 24779 24779 24779 24779 24779 24779 24779 24779 24779 24779 24779 24779 24779 24779 24779 24779 24779 24779 24779 24779 24779 24779 24779 24779 24779 24779 24779 24779 24779 24779 24779 24779 24779 24779 24779 24779 24779 24779 24779 24779 24779 24779 24779 24779 24779 24779 24779 24779 24779 24779 24779 24779 24779 24779 24779 24779 24779 24779 24779 24779 24779 24779 24779 24779 24779 24779 24779 24779 24779 24779 24779 24779 24779 24779 24779 24779 24779 24779 24779 24779 24779 24779 24779 24779 24779 24779 24779 24779 24779 24779 24779 24779 24779 24779 24779 24779 24779 24779 24779 24779 24779 24779 24779 24779 24779 24779 24779 24779 24779 24779 24779 24779 24779 24779 24779 24779 24779 24779 24779 24779 24779 24779 24779 24779 24779 24779 24779 24779 24779 24779 24779 24779 24779 24779 24779 24779 24779 24779 24779 24779 24779 24779 24779 24779 24779 24779 24779 24779 24779 24779 24779 24779 24779 24779 24779 24779 24779 24779 24779 24779 24779 24779 24779 24779 24779 24779 24779 24779 24779 24779 24779 24779 24779 24779 24779 24779 24779 24779 24779 24779 24779 24779 24779 24779 24779 24779 24779 24779 24779 24779 24779 24779 24779 24779 24779 24779 24779 24779 24779 24779 24779 24779 24779 24779 24779 24779 24779 24779 24779 24779 24779 24779 24779 24779 24779 24779 24779 24779 24779 24779 24779 24779 24779 24779 24779 24779 24779 24779 24779 24779 24779 24779 24779 24779 24779 24779 24779 24779 24779 24779 24779 24779 24779 24779 24779 24779 24779 24779 24779 24779 24779 24779 24779 24779 24779 24779 24779 24779 24779 24779 24779 24779 24779 24779 24779 24779 24779 24779 24779 24779 24779 24779 24779 24779 24779 24779 24779 24779 24779 24779 24779 24779 24779 24779 24779 24779 24779 24779 24779 24779 24779 -1 -1 -1 -1 -1 -1 -1 -1 -1 -1 -1 -1 -1 -1 -1 -1 -1 -1 -1 -1 -1 -1 -1</lastValidSample>
      </burst>
      <burst>
        <azimuthTime>2015-05-16T13:34:33.793670</azimuthTime>
        <azimuthAnxTime>2.341566276708008e+03</azimuthAnxTime>
        <sensingTime>2015-05-16T13:34:34.814235</sensingTime>
        <byteOffset>768857248</byteOffset>
        <firstValidSample count="1511">-1 -1 -1 -1 -1 -1 -1 -1 -1 -1 -1 -1 -1 -1 -1 -1 -1 -1 -1 -1 -1 -1 -1 -1 -1 337 337 337 337 337 337 337 337 337 337 337 337 337 337 337 337 337 337 337 337 337 337 337 337 337 337 337 337 337 337 337 337 337 337 337 337 337 337 337 337 337 337 337 337 337 337 337 337 337 337 337 337 337 337 337 337 337 337 337 337 337 337 337 337 337 337 337 337 337 337 337 337 337 337 337 337 337 337 337 337 337 337 337 337 337 337 337 337 337 337 337 337 337 337 337 337 337 337 337 337 337 337 337 337 337 337 337 337 337 337 337 337 337 337 337 337 337 337 337 337 337 337 337 337 337 337 337 337 337 337 337 337 337 337 337 337 337 337 337 337 337 337 337 337 337 337 337 337 337 337 337 337 337 337 337 337 337 337 337 337 337 337 337 337 337 337 337 337 337 337 337 337 337 337 337 337 337 337 337 337 337 337 337 337 337 337 337 337 337 337 337 337 337 337 337 337 337 337 337 337 337 337 337 337 337 337 337 337 337 337 337 337 337 337 337 337 337 337 337 337 337 337 337 337 337 337 337 337 337 337 337 337 337 337 337 337 337 337 337 337 337 337 337 337 337 337 337 337 337 337 337 337 337 337 337 337 337 337 337 337 337 337 337 337 337 337 337 337 337 337 337 337 337 337 337 337 337 337 337 337 337 337 337 337 337 337 337 337 337 337 337 337 337 337 337 337 337 337 337 337 337 337 337 337 337 337 337 337 337 337 337 337 337 337 337 337 337 337 337 337 337 337 337 337 337 337 337 337 337 337 337 337 337 337 337 337 337 337 337 337 337 337 337 337 337 337 337 337 337 337 337 337 337 337 337 337 337 337 337 337 337 337 337 337 337 337 337 337 337 337 337 337 337 337 337 337 337 337 337 337 337 337 337 337 337 337 337 337 337 337 337 337 337 337 337 337 337 337 337 337 337 337 337 337 337 337 337 337 337 337 337 337 337 337 337 337 337 337 337 337 337 337 337 337 337 337 337 337 337 337 337 337 337 337 337 337 337 337 337 337 337 337 337 337 337 337 337 337 337 337 337 337 337 337 337 337 337 337 337 337 337 337 337 337 337 337 337 337 337 337 337 337 337 337 337 337 337 337 337 337 337 337 337 337 337 337 337 337 337 337 337 337 337 337 337 337 337 337 337 337 337 337 337 337 337 337 337 337 337 337 337 337 337 337 337 337 337 337 337 337 337 337 337 337 337 337 337 337 337 337 337 337 337 337 337 337 337 337 337 337 337 337 337 337 337 337 337 337 337 337 337 337 337 337 337 337 337 337 337 337 337 337 337 337 337 337 337 337 337 337 337 337 337 337 337 337 337 337 337 337 337 337 337 337 337 337 337 337 337 337 337 337 337 337 337 337 337 337 337 337 337 337 337 337 337 337 337 337 337 337 337 337 337 337 337 337 337 337 337 337 337 337 337 337 337 337 337 337 337 337 337 337 337 337 337 337 337 337 337 337 337 337 337 337 337 337 337 337 337 337 337 337 337 337 337 337 337 337 337 337 337 337 337 337 337 337 337 337 337 337 337 337 337 337 337 337 337 337 337 337 337 337 337 337 337 337 337 337 337 337 337 337 337 337 337 337 337 337 337 337 337 337 337 337 337 337 337 337 337 337 337 337 337 337 337 337 337 337 337 337 337 337 337 337 337 337 337 337 337 337 337 337 337 337 337 337 337 337 337 337 337 337 337 337 337 337 337 337 337 337 337 337 337 337 337 337 337 337 337 337 337 337 337 337 337 337 337 337 337 337 337 337 337 337 337 337 337 337 337 337 337 337 337 337 337 337 337 337 337 337 337 337 337 337 337 337 337 337 337 337 337 337 337 337 337 337 337 337 337 337 337 337 337 337 337 337 337 337 337 337 337 337 337 337 337 337 337 337 337 337 337 337 337 337 337 337 337 337 337 337 337 337 337 337 337 337 337 337 337 337 337 337 337 337 337 337 337 337 337 337 337 337 337 337 337 337 337 337 337 337 337 337 337 337 337 337 337 337 337 337 337 337 337 337 337 337 337 337 337 337 337 337 337 337 337 337 337 337 337 337 337 337 337 337 337 337 337 337 337 337 337 337 337 337 337 337 337 337 337 337 337 337 337 337 337 337 337 337 337 337 337 337 337 337 337 337 337 337 337 337 337 337 337 337 337 337 337 337 337 337 337 337 337 337 337 337 337 337 337 337 337 337 337 337 337 337 337 337 337 337 337 337 337 337 337 337 337 337 337 337 337 337 337 337 337 337 337 337 337 337 337 337 337 337 337 337 337 337 337 337 337 337 337 337 337 337 337 337 337 337 337 337 337 337 337 337 337 337 337 337 337 337 337 337 337 337 337 337 337 337 337 337 337 337 337 337 337 337 337 337 337 337 337 337 337 337 337 337 337 337 337 337 337 337 337 337 337 337 337 337 337 337 337 337 337 337 337 337 337 337 337 337 337 337 337 337 337 337 337 337 337 337 337 337 337 337 337 337 337 337 337 337 337 337 337 337 337 337 337 337 337 337 337 337 337 337 337 337 337 337 337 337 337 337 337 337 337 337 337 337 337 337 337 337 337 337 337 337 337 337 337 337 337 337 337 337 337 337 337 337 337 337 337 337 337 337 337 337 337 337 337 337 337 337 337 337 337 337 337 337 337 337 337 337 337 337 337 337 337 337 337 337 337 337 337 337 337 337 337 337 337 337 337 337 337 337 337 337 337 337 337 337 337 337 337 337 337 337 337 337 337 337 337 337 337 337 337 337 337 337 337 337 337 337 337 337 337 337 337 337 337 337 337 337 337 337 337 337 337 337 337 337 337 337 337 337 337 337 337 337 337 337 337 337 337 337 337 337 337 337 337 337 337 337 337 337 337 337 337 337 337 337 337 337 337 337 337 337 337 337 337 337 337 337 337 337 337 337 337 337 337 337 337 337 337 337 337 337 337 337 337 337 337 337 337 337 337 337 337 337 337 337 337 337 337 337 337 337 337 337 337 337 337 337 337 337 337 337 337 337 337 337 337 337 337 337 337 337 337 337 337 337 337 337 337 337 337 337 337 337 337 337 337 337 337 337 337 337 337 337 337 337 337 337 337 337 337 337 337 337 337 337 337 337 337 337 337 337 337 337 337 337 337 337 337 337 337 337 337 337 337 337 337 337 337 337 337 337 337 337 337 337 337 337 337 337 337 337 337 337 337 337 337 337 337 337 337 337 337 337 337 337 337 337 337 337 337 337 337 337 337 337 337 337 337 337 337 337 337 337 337 337 337 337 337 337 337 337 337 337 337 337 337 337 337 337 337 337 337 337 337 337 337 337 337 337 337 337 337 337 337 337 -1 -1 -1 -1 -1 -1 -1 -1 -1 -1 -1 -1 -1 -1 -1 -1 -1 -1 -1 -1 -1 -1 -1 -1</firstValidSample>
        <lastValidSample count="1511">-1 -1 -1 -1 -1 -1 -1 -1 -1 -1 -1 -1 -1 -1 -1 -1 -1 -1 -1 -1 -1 -1 -1 -1 -1 24779 24779 24779 24779 24779 24779 24779 24779 24779 24779 24779 24779 24779 24779 24779 24779 24779 24779 24779 24779 24779 24779 24779 24779 24779 24779 24779 24779 24779 24779 24779 24779 24779 24779 24779 24779 24779 24779 24779 24779 24779 24779 24779 24779 24779 24779 24779 24779 24779 24779 24779 24779 24779 24779 24779 24779 24779 24779 24779 24779 24779 24779 24779 24779 24779 24779 24779 24779 24779 24779 24779 24779 24779 24779 24779 24779 24779 24779 24779 24779 24779 24779 24779 24779 24779 24779 24779 24779 24779 24779 24779 24779 24779 24779 24779 24779 24779 24779 24779 24779 24779 24779 24779 24779 24779 24779 24779 24779 24779 24779 24779 24779 24779 24779 24779 24779 24779 24779 24779 24779 24779 24779 24779 24779 24779 24779 24779 24779 24779 24779 24779 24779 24779 24779 24779 24779 24779 24779 24779 24779 24779 24779 24779 24779 24779 24779 24779 24779 24779 24779 24779 24779 24779 24779 24779 24779 24779 24779 24779 24779 24779 24779 24779 24779 24779 24779 24779 24779 24779 24779 24779 24779 24779 24779 24779 24779 24779 24779 24779 24779 24779 24779 24779 24779 24779 24779 24779 24779 24779 24779 24779 24779 24779 24779 24779 24779 24779 24779 24779 24779 24779 24779 24779 24779 24779 24779 24779 24779 24779 24779 24779 24779 24779 24779 24779 24779 24779 24779 24779 24779 24779 24779 24779 24779 24779 24779 24779 24779 24779 24779 24779 24779 24779 24779 24779 24779 24779 24779 24779 24779 24779 24779 24779 24779 24779 24779 24779 24779 24779 24779 24779 24779 24779 24779 24779 24779 24779 24779 24779 24779 24779 24779 24779 24779 24779 24779 24779 24779 24779 24779 24779 24779 24779 24779 24779 24779 24779 24779 24779 24779 24779 24779 24779 24779 24779 24779 24779 24779 24779 24779 24779 24779 24779 24779 24779 24779 24779 24779 24779 24779 24779 24779 24779 24779 24779 24779 24779 24779 24779 24779 24779 24779 24779 24779 24779 24779 24779 24779 24779 24779 24779 24779 24779 24779 24779 24779 24779 24779 24779 24779 24779 24779 24779 24779 24779 24779 24779 24779 24779 24779 24779 24779 24779 24779 24779 24779 24779 24779 24779 24779 24779 24779 24779 24779 24779 24779 24779 24779 24779 24779 24779 24779 24779 24779 24779 24779 24779 24779 24779 24779 24779 24779 24779 24779 24779 24779 24779 24779 24779 24779 24779 24779 24779 24779 24779 24779 24779 24779 24779 24779 24779 24779 24779 24779 24779 24779 24779 24779 24779 24779 24779 24779 24779 24779 24779 24779 24779 24779 24779 24779 24779 24779 24779 24779 24779 24779 24779 24779 24779 24779 24779 24779 24779 24779 24779 24779 24779 24779 24779 24779 24779 24779 24779 24779 24779 24779 24779 24779 24779 24779 24779 24779 24779 24779 24779 24779 24779 24779 24779 24779 24779 24779 24779 24779 24779 24779 24779 24779 24779 24779 24779 24779 24779 24779 24779 24779 24779 24779 24779 24779 24779 24779 24779 24779 24779 24779 24779 24779 24779 24779 24779 24779 24779 24779 24779 24779 24779 24779 24779 24779 24779 24779 24779 24779 24779 24779 24779 24779 24779 24779 24779 24779 24779 24779 24779 24779 24779 24779 24779 24779 24779 24779 24779 24779 24779 24779 24779 24779 24779 24779 24779 24779 24779 24779 24779 24779 24779 24779 24779 24779 24779 24779 24779 24779 24779 24779 24779 24779 24779 24779 24779 24779 24779 24779 24779 24779 24779 24779 24779 24779 24779 24779 24779 24779 24779 24779 24779 24779 24779 24779 24779 24779 24779 24779 24779 24779 24779 24779 24779 24779 24779 24779 24779 24779 24779 24779 24779 24779 24779 24779 24779 24779 24779 24779 24779 24779 24779 24779 24779 24779 24779 24779 24779 24779 24779 24779 24779 24779 24779 24779 24779 24779 24779 24779 24779 24779 24779 24779 24779 24779 24779 24779 24779 24779 24779 24779 24779 24779 24779 24779 24779 24779 24779 24779 24779 24779 24779 24779 24779 24779 24779 24779 24779 24779 24779 24779 24779 24779 24779 24779 24779 24779 24779 24779 24779 24779 24779 24779 24779 24779 24779 24779 24779 24779 24779 24779 24779 24779 24779 24779 24779 24779 24779 24779 24779 24779 24779 24779 24779 24779 24779 24779 24779 24779 24779 24779 24779 24779 24779 24779 24779 24779 24779 24779 24779 24779 24779 24779 24779 24779 24779 24779 24779 24779 24779 24779 24779 24779 24779 24779 24779 24779 24779 24779 24779 24779 24779 24779 24779 24779 24779 24779 24779 24779 24779 24779 24779 24779 24779 24779 24779 24779 24779 24779 24779 24779 24779 24779 24779 24779 24779 24779 24779 24779 24779 24779 24779 24779 24779 24779 24779 24779 24779 24779 24779 24779 24779 24779 24779 24779 24779 24779 24779 24779 24779 24779 24779 24779 24779 24779 24779 24779 24779 24779 24779 24779 24779 24779 24779 24779 24779 24779 24779 24779 24779 24779 24779 24779 24779 24779 24779 24779 24779 24779 24779 24779 24779 24779 24779 24779 24779 24779 24779 24779 24779 24779 24779 24779 24779 24779 24779 24779 24779 24779 24779 24779 24779 24779 24779 24779 24779 24779 24779 24779 24779 24779 24779 24779 24779 24779 24779 24779 24779 24779 24779 24779 24779 24779 24779 24779 24779 24779 24779 24779 24779 24779 24779 24779 24779 24779 24779 24779 24779 24779 24779 24779 24779 24779 24779 24779 24779 24779 24779 24779 24779 24779 24779 24779 24779 24779 24779 24779 24779 24779 24779 24779 24779 24779 24779 24779 24779 24779 24779 24779 24779 24779 24779 24779 24779 24779 24779 24779 24779 24779 24779 24779 24779 24779 24779 24779 24779 24779 24779 24779 24779 24779 24779 24779 24779 24779 24779 24779 24779 24779 24779 24779 24779 24779 24779 24779 24779 24779 24779 24779 24779 24779 24779 24779 24779 24779 24779 24779 24779 24779 24779 24779 24779 24779 24779 24779 24779 24779 24779 24779 24779 24779 24779 24779 24779 24779 24779 24779 24779 24779 24779 24779 24779 24779 24779 24779 24779 24779 24779 24779 24779 24779 24779 24779 24779 24779 24779 24779 24779 24779 24779 24779 24779 24779 24779 24779 24779 24779 24779 24779 24779 24779 24779 24779 24779 24779 24779 24779 24779 24779 24779 24779 24779 24779 24779 24779 24779 24779 24779 24779 24779 24779 24779 24779 24779 24779 24779 24779 24779 24779 24779 24779 24779 24779 24779 24779 24779 24779 24779 24779 24779 24779 24779 24779 24779 24779 24779 24779 24779 24779 24779 24779 24779 24779 24779 24779 24779 24779 24779 24779 24779 24779 24779 24779 24779 24779 24779 24779 24779 24779 24779 24779 24779 24779 24779 24779 24779 24779 24779 24779 24779 24779 24779 24779 24779 24779 24779 24779 24779 24779 24779 24779 24779 24779 24779 24779 24779 24779 24779 24779 24779 24779 24779 24779 24779 24779 24779 24779 24779 24779 24779 24779 24779 24779 24779 24779 24779 24779 24779 24779 24779 24779 24779 24779 24779 24779 24779 24779 24779 24779 24779 24779 24779 24779 24779 24779 24779 24779 24779 24779 24779 24779 24779 24779 24779 24779 24779 24779 24779 24779 24779 24779 24779 24779 24779 24779 24779 24779 24779 24779 24779 24779 24779 24779 24779 24779 24779 24779 24779 24779 24779 24779 24779 24779 24779 24779 24779 24779 24779 24779 24779 24779 24779 24779 24779 24779 24779 24779 24779 24779 24779 24779 24779 24779 24779 24779 24779 24779 24779 24779 24779 24779 24779 24779 24779 24779 24779 24779 24779 24779 24779 24779 24779 24779 24779 24779 24779 24779 24779 24779 24779 24779 24779 24779 24779 24779 24779 24779 24779 24779 24779 24779 24779 24779 24779 24779 24779 24779 24779 24779 24779 24779 24779 24779 24779 24779 24779 24779 24779 24779 24779 24779 24779 24779 24779 24779 24779 24779 24779 24779 24779 24779 24779 24779 24779 24779 24779 24779 24779 24779 24779 24779 24779 24779 24779 24779 24779 24779 24779 24779 24779 24779 24779 24779 24779 24779 24779 24779 24779 24779 24779 24779 24779 24779 24779 24779 24779 24779 24779 24779 24779 24779 24779 24779 24779 24779 24779 24779 24779 24779 24779 24779 24779 24779 24779 24779 24779 24779 24779 24779 24779 24779 24779 24779 24779 24779 24779 24779 24779 24779 24779 24779 24779 24779 24779 24779 24779 24779 24779 24779 24779 24779 24779 24779 24779 24779 24779 24779 24779 24779 24779 24779 24779 24779 24779 24779 24779 24779 24779 24779 24779 24779 24779 24779 24779 24779 24779 24779 24779 24779 24779 24779 24779 24779 24779 24779 24779 24779 24779 24779 24779 24779 24779 24779 24779 24779 24779 24779 24779 24779 24779 24779 24779 24779 24779 24779 24779 24779 24779 24779 24779 24779 24779 24779 24779 24779 24779 24779 24779 24779 24779 24779 24779 24779 24779 24779 24779 24779 24779 24779 24779 24779 24779 24779 24779 24779 24779 24779 24779 24779 24779 24779 24779 24779 24779 24779 24779 24779 24779 24779 24779 24779 24779 24779 24779 24779 24779 24779 24779 24779 24779 24779 24779 24779 24779 24779 24779 24779 24779 24779 24779 24779 24779 24779 24779 24779 24779 24779 24779 24779 24779 24779 24779 24779 24779 24779 24779 24779 24779 24779 24779 24779 24779 24779 24779 24779 24779 24779 -1 -1 -1 -1 -1 -1 -1 -1 -1 -1 -1 -1 -1 -1 -1 -1 -1 -1 -1 -1 -1 -1 -1 -1</lastValidSample>
      </burst>
      <burst>
        <azimuthTime>2015-05-16T13:34:36.552230</azimuthTime>
        <azimuthAnxTime>2.344324836888672e+03</azimuthAnxTime>
        <sensingTime>2015-05-16T13:34:37.572512</sensingTime>
        <byteOffset>922628696</byteOffset>
        <firstValidSample count="1511">-1 -1 -1 -1 -1 -1 -1 -1 -1 -1 -1 -1 -1 -1 -1 -1 -1 -1 -1 -1 -1 -1 -1 -1 -1 337 337 337 337 337 337 337 337 337 337 337 337 337 337 337 337 337 337 337 337 337 337 337 337 337 337 337 337 337 337 337 337 337 337 337 337 337 337 337 337 337 337 337 337 337 337 337 337 337 337 337 337 337 337 337 337 337 337 337 337 337 337 337 337 337 337 337 337 337 337 337 337 337 337 337 337 337 337 337 337 337 337 337 337 337 337 337 337 337 337 337 337 337 337 337 337 337 337 337 337 337 337 337 337 337 337 337 337 337 337 337 337 337 337 337 337 337 337 337 337 337 337 337 337 337 337 337 337 337 337 337 337 337 337 337 337 337 337 337 337 337 337 337 337 337 337 337 337 337 337 337 337 337 337 337 337 337 337 337 337 337 337 337 337 337 337 337 337 337 337 337 337 337 337 337 337 337 337 337 337 337 337 337 337 337 337 337 337 337 337 337 337 337 337 337 337 337 337 337 337 337 337 337 337 337 337 337 337 337 337 337 337 337 337 337 337 337 337 337 337 337 337 337 337 337 337 337 337 337 337 337 337 337 337 337 337 337 337 337 337 337 337 337 337 337 337 337 337 337 337 337 337 337 337 337 337 337 337 337 337 337 337 337 337 337 337 337 337 337 337 337 337 337 337 337 337 337 337 337 337 337 337 337 337 337 337 337 337 337 337 337 337 337 337 337 337 337 337 337 337 337 337 337 337 337 337 337 337 337 337 337 337 337 337 337 337 337 337 337 337 337 337 337 337 337 337 337 337 337 337 337 337 337 337 337 337 337 337 337 337 337 337 337 337 337 337 337 337 337 337 337 337 337 337 337 337 337 337 337 337 337 337 337 337 337 337 337 337 337 337 337 337 337 337 337 337 337 337 337 337 337 337 337 337 337 337 337 337 337 337 337 337 337 337 337 337 337 337 337 337 337 337 337 337 337 337 337 337 337 337 337 337 337 337 337 337 337 337 337 337 337 337 337 337 337 337 337 337 337 337 337 337 337 337 337 337 337 337 337 337 337 337 337 337 337 337 337 337 337 337 337 337 337 337 337 337 337 337 337 337 337 337 337 337 337 337 337 337 337 337 337 337 337 337 337 337 337 337 337 337 337 337 337 337 337 337 337 337 337 337 337 337 337 337 337 337 337 337 337 337 337 337 337 337 337 337 337 337 337 337 337 337 337 337 337 337 337 337 337 337 337 337 337 337 337 337 337 337 337 337 337 337 337 337 337 337 337 337 337 337 337 337 337 337 337 337 337 337 337 337 337 337 337 337 337 337 337 337 337 337 337 337 337 337 337 337 337 337 337 337 337 337 337 337 337 337 337 337 337 337 337 337 337 337 337 337 337 337 337 337 337 337 337 337 337 337 337 337 337 337 337 337 337 337 337 337 337 337 337 337 337 337 337 337 337 337 337 337 337 337 337 337 337 337 337 337 337 337 337 337 337 337 337 337 337 337 337 337 337 337 337 337 337 337 337 337 337 337 337 337 337 337 337 337 337 337 337 337 337 337 337 337 337 337 337 337 337 337 337 337 337 337 337 337 337 337 337 337 337 337 337 337 337 337 337 337 337 337 337 337 337 337 337 337 337 337 337 337 337 337 337 337 337 337 337 337 337 337 337 337 337 337 337 337 337 337 337 337 337 337 337 337 337 337 337 337 337 337 337 337 337 337 337 337 337 337 337 337 337 337 337 337 337 337 337 337 337 337 337 337 337 337 337 337 337 337 337 337 337 337 337 337 337 337 337 337 337 337 337 337 337 337 337 337 337 337 337 337 337 337 337 337 337 337 337 337 337 337 337 337 337 337 337 337 337 337 337 337 337 337 337 337 337 337 337 337 337 337 337 337 337 337 337 337 337 337 337 337 337 337 337 337 337 337 337 337 337 337 337 337 337 337 337 337 337 337 337 337 337 337 337 337 337 337 337 337 337 337 337 337 337 337 337 337 337 337 337 337 337 337 337 337 337 337 337 337 337 337 337 337 337 337 337 337 337 337 337 337 337 337 337 337 337 337 337 337 337 337 337 337 337 337 337 337 337 337 337 337 337 337 337 337 337 337 337 337 337 337 337 337 337 337 337 337 337 337 337 337 337 337 337 337 337 337 337 337 337 337 337 337 337 337 337 337 337 337 337 337 337 337 337 337 337 337 337 337 337 337 337 337 337 337 337 337 337 337 337 337 337 337 337 337 337 337 337 337 337 337 337 337 337 337 337 337 337 337 337 337 337 337 337 337 337 337 337 337 337 337 337 337 337 337 337 337 337 337 337 337 337 337 337 337 337 337 337 337 337 337 337 337 337 337 337 337 337 337 337 337 337 337 337 337 337 337 337 337 337 337 337 337 337 337 337 337 337 337 337 337 337 337 337 337 337 337 337 337 337 337 337 337 337 337 337 337 337 337 337 337 337 337 337 337 337 337 337 337 337 337 337 337 337 337 337 337 337 337 337 337 337 337 337 337 337 337 337 337 337 337 337 337 337 337 337 337 337 337 337 337 337 337 337 337 337 337 337 337 337 337 337 337 337 337 337 337 337 337 337 337 337 337 337 337 337 337 337 337 337 337 337 337 337 337 337 337 337 337 337 337 337 337 337 337 337 337 337 337 337 337 337 337 337 337 337 337 337 337 337 337 337 337 337 337 337 337 337 337 337 337 337 337 337 337 337 337 337 337 337 337 337 337 337 337 337 337 337 337 337 337 337 337 337 337 337 337 337 337 337 337 337 337 337 337 337 337 337 337 337 337 337 337 337 337 337 337 337 337 337 337 337 337 337 337 337 337 337 337 337 337 337 337 337 337 337 337 337 337 337 337 337 337 337 337 337 337 337 337 337 337 337 337 337 337 337 337 337 337 337 337 337 337 337 337 337 337 337 337 337 337 337 337 337 337 337 337 337 337 337 337 337 337 337 337 337 337 337 337 337 337 337 337 337 337 337 337 337 337 337 337 337 337 337 337 337 337 337 337 337 337 337 337 337 337 337 337 337 337 337 337 337 337 337 337 337 337 337 337 337 337 337 337 337 337 337 337 337 337 337 337 337 337 337 337 337 337 337 337 337 337 337 337 337 337 337 337 337 337 337 337 337 337 337 337 337 337 337 337 337 337 337 337 337 337 337 337 337 337 337 337 337 337 337 337 337 337 337 337 337 337 337 337 337 337 337 337 337 337 337 337 337 337 337 337 337 337 337 337 337 337 337 337 337 337 337 337 337 337 337 337 337 337 337 337 337 337 337 337 337 337 337 337 337 337 337 337 337 337 337 337 337 337 337 337 337 337 337 337 337 337 337 337 337 337 337 337 337 337 337 337 337 337 337 337 -1 -1 -1 -1 -1 -1 -1 -1 -1 -1 -1 -1 -1 -1 -1 -1 -1 -1 -1 -1 -1 -1 -1 -1</firstValidSample>
        <lastValidSample count="1511">-1 -1 -1 -1 -1 -1 -1 -1 -1 -1 -1 -1 -1 -1 -1 -1 -1 -1 -1 -1 -1 -1 -1 -1 -1 24779 24779 24779 24779 24779 24779 24779 24779 24779 24779 24779 24779 24779 24779 24779 24779 24779 24779 24779 24779 24779 24779 24779 24779 24779 24779 24779 24779 24779 24779 24779 24779 24779 24779 24779 24779 24779 24779 24779 24779 24779 24779 24779 24779 24779 24779 24779 24779 24779 24779 24779 24779 24779 24779 24779 24779 24779 24779 24779 24779 24779 24779 24779 24779 24779 24779 24779 24779 24779 24779 24779 24779 24779 24779 24779 24779 24779 24779 24779 24779 24779 24779 24779 24779 24779 24779 24779 24779 24779 24779 24779 24779 24779 24779 24779 24779 24779 24779 24779 24779 24779 24779 24779 24779 24779 24779 24779 24779 24779 24779 24779 24779 24779 24779 24779 24779 24779 24779 24779 24779 24779 24779 24779 24779 24779 24779 24779 24779 24779 24779 24779 24779 24779 24779 24779 24779 24779 24779 24779 24779 24779 24779 24779 24779 24779 24779 24779 24779 24779 24779 24779 24779 24779 24779 24779 24779 24779 24779 24779 24779 24779 24779 24779 24779 24779 24779 24779 24779 24779 24779 24779 24779 24779 24779 24779 24779 24779 24779 24779 24779 24779 24779 24779 24779 24779 24779 24779 24779 24779 24779 24779 24779 24779 24779 24779 24779 24779 24779 24779 24779 24779 24779 24779 24779 24779 24779 24779 24779 24779 24779 24779 24779 24779 24779 24779 24779 24779 24779 24779 24779 24779 24779 24779 24779 24779 24779 24779 24779 24779 24779 24779 24779 24779 24779 24779 24779 24779 24779 24779 24779 24779 24779 24779 24779 24779 24779 24779 24779 24779 24779 24779 24779 24779 24779 24779 24779 24779 24779 24779 24779 24779 24779 24779 24779 24779 24779 24779 24779 24779 24779 24779 24779 24779 24779 24779 24779 24779 24779 24779 24779 24779 24779 24779 24779 24779 24779 24779 24779 24779 24779 24779 24779 24779 24779 24779 24779 24779 24779 24779 24779 24779 24779 24779 24779 24779 24779 24779 24779 24779 24779 24779 24779 24779 24779 24779 24779 24779 24779 24779 24779 24779 24779 24779 24779 24779 24779 24779 24779 24779 24779 24779 24779 24779 24779 24779 24779 24779 24779 24779 24779 24779 24779 24779 24779 24779 24779 24779 24779 24779 24779 24779 24779 24779 24779 24779 24779 24779 24779 24779 24779 24779 24779 24779 24779 24779 24779 24779 24779 24779 24779 24779 24779 24779 24779 24779 24779 24779 24779 24779 24779 24779 24779 24779 24779 24779 24779 24779 24779 24779 24779 24779 24779 24779 24779 24779 24779 24779 24779 24779 24779 24779 24779 24779 24779 24779 24779 24779 24779 24779 24779 24779 24779 24779 24779 24779 24779 24779 24779 24779 24779 24779 24779 24779 24779 24779 24779 24779 24779 24779 24779 24779 24779 24779 24779 24779 24779 24779 24779 24779 24779 24779 24779 24779 24779 24779 24779 24779 24779 24779 24779 24779 24779 24779 24779 24779 24779 24779 24779 24779 24779 24779 24779 24779 24779 24779 24779 24779 24779 24779 24779 24779 24779 24779 24779 24779 24779 24779 24779 24779 24779 24779 24779 24779 24779 24779 24779 24779 24779 24779 24779 24779 24779 24779 24779 24779 24779 24779 24779 24779 24779 24779 24779 24779 24779 24779 24779 24779 24779 24779 24779 24779 24779 24779 24779 24779 24779 24779 24779 24779 24779 24779 24779 24779 24779 24779 24779 24779 24779 24779 24779 24779 24779 24779 24779 24779 24779 24779 24779 24779 24779 24779 24779 24779 24779 24779 24779 24779 24779 24779 24779 24779 24779 24779 24779 24779 24779 24779 24779 24779 24779 24779 24779 24779 24779 24779 24779 24779 24779 24779 24779 24779 24779 24779 24779 24779 24779 24779 24779 24779 24779 24779 24779 24779 24779 24779 24779 24779 24779 24779 24779 24779 24779 24779 24779 24779 24779 24779 24779 24779 24779 24779 24779 24779 24779 24779 24779 24779 24779 24779 24779 24779 24779 24779 24779 24779 24779 24779 24779 24779 24779 24779 24779 24779 24779 24779 24779 24779 24779 24779 24779 24779 24779 24779 24779 24779 24779 24779 24779 24779 24779 24779 24779 24779 24779 24779 24779 24779 24779 24779 24779 24779 24779 24779 24779 24779 24779 24779 24779 24779 24779 24779 24779 24779 24779 24779 24779 24779 24779 24779 24779 24779 24779 24779 24779 24779 24779 24779 24779 24779 24779 24779 24779 24779 24779 24779 24779 24779 24779 24779 24779 24779 24779 24779 24779 24779 24779 24779 24779 24779 24779 24779 24779 24779 24779 24779 24779 24779 24779 24779 24779 24779 24779 24779 24779 24779 24779 24779 24779 24779 24779 24779 24779 24779 24779 24779 24779 24779 24779 24779 24779 24779 24779 24779 24779 24779 24779 24779 24779 24779 24779 24779 24779 24779 24779 24779 24779 24779 24779 24779 24779 24779 24779 24779 24779 24779 24779 24779 24779 24779 24779 24779 24779 24779 24779 24779 24779 24779 24779 24779 24779 24779 24779 24779 24779 24779 24779 24779 24779 24779 24779 24779 24779 24779 24779 24779 24779 24779 24779 24779 24779 24779 24779 24779 24779 24779 24779 24779 24779 24779 24779 24779 24779 24779 24779 24779 24779 24779 24779 24779 24779 24779 24779 24779 24779 24779 24779 24779 24779 24779 24779 24779 24779 24779 24779 24779 24779 24779 24779 24779 24779 24779 24779 24779 24779 24779 24779 24779 24779 24779 24779 24779 24779 24779 24779 24779 24779 24779 24779 24779 24779 24779 24779 24779 24779 24779 24779 24779 24779 24779 24779 24779 24779 24779 24779 24779 24779 24779 24779 24779 24779 24779 24779 24779 24779 24779 24779 24779 24779 24779 24779 24779 24779 24779 24779 24779 24779 24779 24779 24779 24779 24779 24779 24779 24779 24779 24779 24779 24779 24779 24779 24779 24779 24779 24779 24779 24779 24779 24779 24779 24779 24779 24779 24779 24779 24779 24779 24779 24779 24779 24779 24779 24779 24779 24779 24779 24779 24779 24779 24779 24779 24779 24779 24779 24779 24779 24779 24779 24779 24779 24779 24779 24779 24779 24779 24779 24779 24779 24779 24779 24779 24779 24779 24779 24779 24779 24779 24779 24779 24779 24779 24779 24779 24779 24779 24779 24779 24779 24779 24779 24779 24779 24779 24779 24779 24779 24779 24779 24779 24779 24779 24779 24779 24779 24779 24779 24779 24779 24779 24779 24779 24779 24779 24779 24779 24779 24779 24779 24779 24779 24779 24779 24779 24779 24779 24779 24779 24779 24779 24779 24779 24779 24779 24779 24779 24779 24779 24779 24779 24779 24779 24779 24779 24779 24779 24779 24779 24779 24779 24779 24779 24779 24779 24779 24779 24779 24779 24779 24779 24779 24779 24779 24779 24779 24779 24779 24779 24779 24779 24779 24779 24779 24779 24779 24779 24779 24779 24779 24779 24779 24779 24779 24779 24779 24779 24779 24779 24779 24779 24779 24779 24779 24779 24779 24779 24779 24779 24779 24779 24779 24779 24779 24779 24779 24779 24779 24779 24779 24779 24779 24779 24779 24779 24779 24779 24779 24779 24779 24779 24779 24779 24779 24779 24779 24779 24779 24779 24779 24779 24779 24779 24779 24779 24779 24779 24779 24779 24779 24779 24779 24779 24779 24779 24779 24779 24779 24779 24779 24779 24779 24779 24779 24779 24779 24779 24779 24779 24779 24779 24779 24779 24779 24779 24779 24779 24779 24779 24779 24779 24779 24779 24779 24779 24779 24779 24779 24779 24779 24779 24779 24779 24779 24779 24779 24779 24779 24779 24779 24779 24779 24779 24779 24779 24779 24779 24779 24779 24779 24779 24779 24779 24779 24779 24779 24779 24779 24779 24779 24779 24779 24779 24779 24779 24779 24779 24779 24779 24779 24779 24779 24779 24779 24779 24779 24779 24779 24779 24779 24779 24779 24779 24779 24779 24779 24779 24779 24779 24779 24779 24779 24779 24779 24779 24779 24779 24779 24779 24779 24779 24779 24779 24779 24779 24779 24779 24779 24779 24779 24779 24779 24779 24779 24779 24779 24779 24779 24779 24779 24779 24779 24779 24779 24779 24779 24779 24779 24779 24779 24779 24779 24779 24779 24779 24779 24779 24779 24779 24779 24779 24779 24779 24779 24779 24779 24779 24779 24779 24779 24779 24779 24779 24779 24779 24779 24779 24779 24779 24779 24779 24779 24779 24779 24779 24779 24779 24779 24779 24779 24779 24779 24779 24779 24779 24779 24779 24779 24779 24779 24779 24779 24779 24779 24779 24779 24779 24779 24779 24779 24779 24779 24779 24779 24779 24779 24779 24779 24779 24779 24779 24779 24779 24779 24779 24779 24779 24779 24779 24779 24779 24779 24779 24779 24779 24779 24779 24779 24779 24779 24779 24779 24779 24779 24779 24779 24779 24779 24779 24779 24779 24779 24779 24779 24779 24779 24779 24779 24779 24779 24779 24779 24779 24779 24779 24779 24779 24779 24779 24779 24779 24779 24779 24779 24779 24779 24779 24779 24779 24779 24779 24779 24779 24779 24779 24779 24779 24779 24779 24779 24779 24779 24779 24779 24779 24779 24779 24779 24779 24779 24779 24779 24779 24779 24779 24779 24779 24779 24779 24779 24779 24779 24779 24779 24779 24779 24779 24779 24779 24779 24779 24779 24779 24779 24779 24779 24779 24779 24779 24779 24779 24779 24779 24779 24779 24779 24779 24779 24779 24779 24779 24779 24779 24779 24779 24779 24779 24779 24779 24779 24779 24779 24779 24779 24779 -1 -1 -1 -1 -1 -1 -1 -1 -1 -1 -1 -1 -1 -1 -1 -1 -1 -1 -1 -1 -1 -1 -1 -1</lastValidSample>
      </burst>
      <burst>
        <azimuthTime>2015-05-16T13:34:39.310790</azimuthTime>
        <azimuthAnxTime>2.347083397069336e+03</azimuthAnxTime>
        <sensingTime>2015-05-16T13:34:40.330789</sensingTime>
        <byteOffset>1076400144</byteOffset>
        <firstValidSample count="1511">-1 -1 -1 -1 -1 -1 -1 -1 -1 -1 -1 -1 -1 -1 -1 -1 -1 -1 -1 -1 -1 -1 -1 -1 -1 337 337 337 337 337 337 337 337 337 337 337 337 337 337 337 337 337 337 337 337 337 337 337 337 337 337 337 337 337 337 337 337 337 337 337 337 337 337 337 337 337 337 337 337 337 337 337 337 337 337 337 337 337 337 337 337 337 337 337 337 337 337 337 337 337 337 337 337 337 337 337 337 337 337 337 337 337 337 337 337 337 337 337 337 337 337 337 337 337 337 337 337 337 337 337 337 337 337 337 337 337 337 337 337 337 337 337 337 337 337 337 337 337 337 337 337 337 337 337 337 337 337 337 337 337 337 337 337 337 337 337 337 337 337 337 337 337 337 337 337 337 337 337 337 337 337 337 337 337 337 337 337 337 337 337 337 337 337 337 337 337 337 337 337 337 337 337 337 337 337 337 337 337 337 337 337 337 337 337 337 337 337 337 337 337 337 337 337 337 337 337 337 337 337 337 337 337 337 337 337 337 337 337 337 337 337 337 337 337 337 337 337 337 337 337 337 337 337 337 337 337 337 337 337 337 337 337 337 337 337 337 337 337 337 337 337 337 337 337 337 337 337 337 337 337 337 337 337 337 337 337 337 337 337 337 337 337 337 337 337 337 337 337 337 337 337 337 337 337 337 337 337 337 337 337 337 337 337 337 337 337 337 337 337 337 337 337 337 337 337 337 337 337 337 337 337 337 337 337 337 337 337 337 337 337 337 337 337 337 337 337 337 337 337 337 337 337 337 337 337 337 337 337 337 337 337 337 337 337 337 337 337 337 337 337 337 337 337 337 337 337 337 337 337 337 337 337 337 337 337 337 337 337 337 337 337 337 337 337 337 337 337 337 337 337 337 337 337 337 337 337 337 337 337 337 337 337 337 337 337 337 337 337 337 337 337 337 337 337 337 337 337 337 337 337 337 337 337 337 337 337 337 337 337 337 337 337 337 337 337 337 337 337 337 337 337 337 337 337 337 337 337 337 337 337 337 337 337 337 337 337 337 337 337 337 337 337 337 337 337 337 337 337 337 337 337 337 337 337 337 337 337 337 337 337 337 337 337 337 337 337 337 337 337 337 337 337 337 337 337 337 337 337 337 337 337 337 337 337 337 337 337 337 337 337 337 337 337 337 337 337 337 337 337 337 337 337 337 337 337 337 337 337 337 337 337 337 337 337 337 337 337 337 337 337 337 337 337 337 337 337 337 337 337 337 337 337 337 337 337 337 337 337 337 337 337 337 337 337 337 337 337 337 337 337 337 337 337 337 337 337 337 337 337 337 337 337 337 337 337 337 337 337 337 337 337 337 337 337 337 337 337 337 337 337 337 337 337 337 337 337 337 337 337 337 337 337 337 337 337 337 337 337 337 337 337 337 337 337 337 337 337 337 337 337 337 337 337 337 337 337 337 337 337 337 337 337 337 337 337 337 337 337 337 337 337 337 337 337 337 337 337 337 337 337 337 337 337 337 337 337 337 337 337 337 337 337 337 337 337 337 337 337 337 337 337 337 337 337 337 337 337 337 337 337 337 337 337 337 337 337 337 337 337 337 337 337 337 337 337 337 337 337 337 337 337 337 337 337 337 337 337 337 337 337 337 337 337 337 337 337 337 337 337 337 337 337 337 337 337 337 337 337 337 337 337 337 337 337 337 337 337 337 337 337 337 337 337 337 337 337 337 337 337 337 337 337 337 337 337 337 337 337 337 337 337 337 337 337 337 337 337 337 337 337 337 337 337 337 337 337 337 337 337 337 337 337 337 337 337 337 337 337 337 337 337 337 337 337 337 337 337 337 337 337 337 337 337 337 337 337 337 337 337 337 337 337 337 337 337 337 337 337 337 337 337 337 337 337 337 337 337 337 337 337 337 337 337 337 337 337 337 337 337 337 337 337 337 337 337 337 337 337 337 337 337 337 337 337 337 337 337 337 337 337 337 337 337 337 337 337 337 337 337 337 337 337 337 337 337 337 337 337 337 337 337 337 337 337 337 337 337 337 337 337 337 337 337 337 337 337 337 337 337 337 337 337 337 337 337 337 337 337 337 337 337 337 337 337 337 337 337 337 337 337 337 337 337 337 337 337 337 337 337 337 337 337 337 337 337 337 337 337 337 337 337 337 337 337 337 337 337 337 337 337 337 337 337 337 337 337 337 337 337 337 337 337 337 337 337 337 337 337 337 337 337 337 337 337 337 337 337 337 337 337 337 337 337 337 337 337 337 337 337 337 337 337 337 337 337 337 337 337 337 337 337 337 337 337 337 337 337 337 337 337 337 337 337 337 337 337 337 337 337 337 337 337 337 337 337 337 337 337 337 337 337 337 337 337 337 337 337 337 337 337 337 337 337 337 337 337 337 337 337 337 337 337 337 337 337 337 337 337 337 337 337 337 337 337 337 337 337 337 337 337 337 337 337 337 337 337 337 337 337 337 337 337 337 337 337 337 337 337 337 337 337 337 337 337 337 337 337 337 337 337 337 337 337 337 337 337 337 337 337 337 337 337 337 337 337 337 337 337 337 337 337 337 337 337 337 337 337 337 337 337 337 337 337 337 337 337 337 337 337 337 337 337 337 337 337 337 337 337 337 337 337 337 337 337 337 337 337 337 337 337 337 337 337 337 337 337 337 337 337 337 337 337 337 337 337 337 337 337 337 337 337 337 337 337 337 337 337 337 337 337 337 337 337 337 337 337 337 337 337 337 337 337 337 337 337 337 337 337 337 337 337 337 337 337 337 337 337 337 337 337 337 337 337 337 337 337 337 337 337 337 337 337 337 337 337 337 337 337 337 337 337 337 337 337 337 337 337 337 337 337 337 337 337 337 337 337 337 337 337 337 337 337 337 337 337 337 337 337 337 337 337 337 337 337 337 337 337 337 337 337 337 337 337 337 337 337 337 337 337 337 337 337 337 337 337 337 337 337 337 337 337 337 337 337 337 337 337 337 337 337 337 337 337 337 337 337 337 337 337 337 337 337 337 337 337 337 337 337 337 337 337 337 337 337 337 337 337 337 337 337 337 337 337 337 337 337 337 337 337 337 337 337 337 337 337 337 337 337 337 337 337 337 337 337 337 337 337 337 337 337 337 337 337 337 337 337 337 337 337 337 337 337 337 337 337 337 337 337 337 337 337 337 337 337 337 337 337 337 337 337 337 337 337 337 337 337 337 337 337 337 337 337 337 337 337 337 337 337 337 337 337 337 337 337 337 337 337 337 337 337 337 337 337 337 337 337 337 337 337 337 337 337 337 337 337 337 337 337 337 337 337 337 337 337 337 337 337 337 337 337 337 337 337 337 337 337 337 337 337 337 337 337 337 337 337 337 337 -1 -1 -1 -1 -1 -1 -1 -1 -1 -1 -1 -1 -1 -1 -1 -1 -1 -1 -1 -1 -1 -1 -1 -1</firstValidSample>
        <lastValidSample count="1511">-1 -1 -1 -1 -1 -1 -1 -1 -1 -1 -1 -1 -1 -1 -1 -1 -1 -1 -1 -1 -1 -1 -1 -1 -1 24779 24779 24779 24779 24779 24779 24779 24779 24779 24779 24779 24779 24779 24779 24779 24779 24779 24779 24779 24779 24779 24779 24779 24779 24779 24779 24779 24779 24779 24779 24779 24779 24779 24779 24779 24779 24779 24779 24779 24779 24779 24779 24779 24779 24779 24779 24779 24779 24779 24779 24779 24779 24779 24779 24779 24779 24779 24779 24779 24779 24779 24779 24779 24779 24779 24779 24779 24779 24779 24779 24779 24779 24779 24779 24779 24779 24779 24779 24779 24779 24779 24779 24779 24779 24779 24779 24779 24779 24779 24779 24779 24779 24779 24779 24779 24779 24779 24779 24779 24779 24779 24779 24779 24779 24779 24779 24779 24779 24779 24779 24779 24779 24779 24779 24779 24779 24779 24779 24779 24779 24779 24779 24779 24779 24779 24779 24779 24779 24779 24779 24779 24779 24779 24779 24779 24779 24779 24779 24779 24779 24779 24779 24779 24779 24779 24779 24779 24779 24779 24779 24779 24779 24779 24779 24779 24779 24779 24779 24779 24779 24779 24779 24779 24779 24779 24779 24779 24779 24779 24779 24779 24779 24779 24779 24779 24779 24779 24779 24779 24779 24779 24779 24779 24779 24779 24779 24779 24779 24779 24779 24779 24779 24779 24779 24779 24779 24779 24779 24779 24779 24779 24779 24779 24779 24779 24779 24779 24779 24779 24779 24779 24779 24779 24779 24779 24779 24779 24779 24779 24779 24779 24779 24779 24779 24779 24779 24779 24779 24779 24779 24779 24779 24779 24779 24779 24779 24779 24779 24779 24779 24779 24779 24779 24779 24779 24779 24779 24779 24779 24779 24779 24779 24779 24779 24779 24779 24779 24779 24779 24779 24779 24779 24779 24779 24779 24779 24779 24779 24779 24779 24779 24779 24779 24779 24779 24779 24779 24779 24779 24779 24779 24779 24779 24779 24779 24779 24779 24779 24779 24779 24779 24779 24779 24779 24779 24779 24779 24779 24779 24779 24779 24779 24779 24779 24779 24779 24779 24779 24779 24779 24779 24779 24779 24779 24779 24779 24779 24779 24779 24779 24779 24779 24779 24779 24779 24779 24779 24779 24779 24779 24779 24779 24779 24779 24779 24779 24779 24779 24779 24779 24779 24779 24779 24779 24779 24779 24779 24779 24779 24779 24779 24779 24779 24779 24779 24779 24779 24779 24779 24779 24779 24779 24779 24779 24779 24779 24779 24779 24779 24779 24779 24779 24779 24779 24779 24779 24779 24779 24779 24779 24779 24779 24779 24779 24779 24779 24779 24779 24779 24779 24779 24779 24779 24779 24779 24779 24779 24779 24779 24779 24779 24779 24779 24779 24779 24779 24779 24779 24779 24779 24779 24779 24779 24779 24779 24779 24779 24779 24779 24779 24779 24779 24779 24779 24779 24779 24779 24779 24779 24779 24779 24779 24779 24779 24779 24779 24779 24779 24779 24779 24779 24779 24779 24779 24779 24779 24779 24779 24779 24779 24779 24779 24779 24779 24779 24779 24779 24779 24779 24779 24779 24779 24779 24779 24779 24779 24779 24779 24779 24779 24779 24779 24779 24779 24779 24779 24779 24779 24779 24779 24779 24779 24779 24779 24779 24779 24779 24779 24779 24779 24779 24779 24779 24779 24779 24779 24779 24779 24779 24779 24779 24779 24779 24779 24779 24779 24779 24779 24779 24779 24779 24779 24779 24779 24779 24779 24779 24779 24779 24779 24779 24779 24779 24779 24779 24779 24779 24779 24779 24779 24779 24779 24779 24779 24779 24779 24779 24779 24779 24779 24779 24779 24779 24779 24779 24779 24779 24779 24779 24779 24779 24779 24779 24779 24779 24779 24779 24779 24779 24779 24779 24779 24779 24779 24779 24779 24779 24779 24779 24779 24779 24779 24779 24779 24779 24779 24779 24779 24779 24779 24779 24779 24779 24779 24779 24779 24779 24779 24779 24779 24779 24779 24779 24779 24779 24779 24779 24779 24779 24779 24779 24779 24779 24779 24779 24779 24779 24779 24779 24779 24779 24779 24779 24779 24779 24779 24779 24779 24779 24779 24779 24779 24779 24779 24779 24779 24779 24779 24779 24779 24779 24779 24779 24779 24779 24779 24779 24779 24779 24779 24779 24779 24779 24779 24779 24779 24779 24779 24779 24779 24779 24779 24779 24779 24779 24779 24779 24779 24779 24779 24779 24779 24779 24779 24779 24779 24779 24779 24779 24779 24779 24779 24779 24779 24779 24779 24779 24779 24779 24779 24779 24779 24779 24779 24779 24779 24779 24779 24779 24779 24779 24779 24779 24779 24779 24779 24779 24779 24779 24779 24779 24779 24779 24779 24779 24779 24779 24779 24779 24779 24779 24779 24779 24779 24779 24779 24779 24779 24779 24779 24779 24779 24779 24779 24779 24779 24779 24779 24779 24779 24779 24779 24779 24779 24779 24779 24779 24779 24779 24779 24779 24779 24779 24779 24779 24779 24779 24779 24779 24779 24779 24779 24779 24779 24779 24779 24779 24779 24779 24779 24779 24779 24779 24779 24779 24779 24779 24779 24779 24779 24779 24779 24779 24779 24779 24779 24779 24779 24779 24779 24779 24779 24779 24779 24779 24779 24779 24779 24779 24779 24779 24779 24779 24779 24779 24779 24779 24779 24779 24779 24779 24779 24779 24779 24779 24779 24779 24779 24779 24779 24779 24779 24779 24779 24779 24779 24779 24779 24779 24779 24779 24779 24779 24779 24779 24779 24779 24779 24779 24779 24779 24779 24779 24779 24779 24779 24779 24779 24779 24779 24779 24779 24779 24779 24779 24779 24779 24779 24779 24779 24779 24779 24779 24779 24779 24779 24779 24779 24779 24779 24779 24779 24779 24779 24779 24779 24779 24779 24779 24779 24779 24779 24779 24779 24779 24779 24779 24779 24779 24779 24779 24779 24779 24779 24779 24779 24779 24779 24779 24779 24779 24779 24779 24779 24779 24779 24779 24779 24779 24779 24779 24779 24779 24779 24779 24779 24779 24779 24779 24779 24779 24779 24779 24779 24779 24779 24779 24779 24779 24779 24779 24779 24779 24779 24779 24779 24779 24779 24779 24779 24779 24779 24779 24779 24779 24779 24779 24779 24779 24779 24779 24779 24779 24779 24779 24779 24779 24779 24779 24779 24779 24779 24779 24779 24779 24779 24779 24779 24779 24779 24779 24779 24779 24779 24779 24779 24779 24779 24779 24779 24779 24779 24779 24779 24779 24779 24779 24779 24779 24779 24779 24779 24779 24779 24779 24779 24779 24779 24779 24779 24779 24779 24779 24779 24779 24779 24779 24779 24779 24779 24779 24779 24779 24779 24779 24779 24779 24779 24779 24779 24779 24779 24779 24779 24779 24779 24779 24779 24779 24779 24779 24779 24779 24779 24779 24779 24779 24779 24779 24779 24779 24779 24779 24779 24779 24779 24779 24779 24779 24779 24779 24779 24779 24779 24779 24779 24779 24779 24779 24779 24779 24779 24779 24779 24779 24779 24779 24779 24779 24779 24779 24779 24779 24779 24779 24779 24779 24779 24779 24779 24779 24779 24779 24779 24779 24779 24779 24779 24779 24779 24779 24779 24779 24779 24779 24779 24779 24779 24779 24779 24779 24779 24779 24779 24779 24779 24779 24779 24779 24779 24779 24779 24779 24779 24779 24779 24779 24779 24779 24779 24779 24779 24779 24779 24779 24779 24779 24779 24779 24779 24779 24779 24779 24779 24779 24779 24779 24779 24779 24779 24779 24779 24779 24779 24779 24779 24779 24779 24779 24779 24779 24779 24779 24779 24779 24779 24779 24779 24779 24779 24779 24779 24779 24779 24779 24779 24779 24779 24779 24779 24779 24779 24779 24779 24779 24779 24779 24779 24779 24779 24779 24779 24779 24779 24779 24779 24779 24779 24779 24779 24779 24779 24779 24779 24779 24779 24779 24779 24779 24779 24779 24779 24779 24779 24779 24779 24779 24779 24779 24779 24779 24779 24779 24779 24779 24779 24779 24779 24779 24779 24779 24779 24779 24779 24779 24779 24779 24779 24779 24779 24779 24779 24779 24779 24779 24779 24779 24779 24779 24779 24779 24779 24779 24779 24779 24779 24779 24779 24779 24779 24779 24779 24779 24779 24779 24779 24779 24779 24779 24779 24779 24779 24779 24779 24779 24779 24779 24779 24779 24779 24779 24779 24779 24779 24779 24779 24779 24779 24779 24779 24779 24779 24779 24779 24779 24779 24779 24779 24779 24779 24779 24779 24779 24779 24779 24779 24779 24779 24779 24779 24779 24779 24779 24779 24779 24779 24779 24779 24779 24779 24779 24779 24779 24779 24779 24779 24779 24779 24779 24779 24779 24779 24779 24779 24779 24779 24779 24779 24779 24779 24779 24779 24779 24779 24779 24779 24779 24779 24779 24779 24779 24779 24779 24779 24779 24779 24779 24779 24779 24779 24779 24779 24779 24779 24779 24779 24779 24779 24779 24779 24779 24779 24779 24779 24779 24779 24779 24779 24779 24779 24779 24779 24779 24779 24779 24779 24779 24779 24779 24779 24779 24779 24779 24779 24779 24779 24779 24779 24779 24779 24779 24779 24779 24779 24779 24779 24779 24779 24779 24779 24779 24779 24779 24779 24779 24779 24779 24779 24779 24779 24779 24779 24779 24779 24779 24779 24779 24779 24779 24779 24779 24779 24779 24779 24779 24779 24779 24779 24779 24779 24779 24779 24779 24779 24779 24779 24779 24779 24779 24779 24779 24779 24779 24779 24779 24779 24779 24779 24779 24779 24779 24779 24779 24779 24779 24779 24779 24779 24779 24779 24779 24779 24779 24779 24779 24779 24779 24779 24779 24779 24779 24779 -1 -1 -1 -1 -1 -1 -1 -1 -1 -1 -1 -1 -1 -1 -1 -1 -1 -1 -1 -1 -1 -1 -1 -1</lastValidSample>
      </burst>
      <burst>
        <azimuthTime>2015-05-16T13:34:42.069350</azimuthTime>
        <azimuthAnxTime>2.349841957250000e+03</azimuthAnxTime>
        <sensingTime>2015-05-16T13:34:43.089066</sensingTime>
        <byteOffset>1230171592</byteOffset>
        <firstValidSample count="1511">-1 -1 -1 -1 -1 -1 -1 -1 -1 -1 -1 -1 -1 -1 -1 -1 -1 -1 -1 -1 -1 -1 -1 -1 -1 337 337 337 337 337 337 337 337 337 337 337 337 337 337 337 337 337 337 337 337 337 337 337 337 337 337 337 337 337 337 337 337 337 337 337 337 337 337 337 337 337 337 337 337 337 337 337 337 337 337 337 337 337 337 337 337 337 337 337 337 337 337 337 337 337 337 337 337 337 337 337 337 337 337 337 337 337 337 337 337 337 337 337 337 337 337 337 337 337 337 337 337 337 337 337 337 337 337 337 337 337 337 337 337 337 337 337 337 337 337 337 337 337 337 337 337 337 337 337 337 337 337 337 337 337 337 337 337 337 337 337 337 337 337 337 337 337 337 337 337 337 337 337 337 337 337 337 337 337 337 337 337 337 337 337 337 337 337 337 337 337 337 337 337 337 337 337 337 337 337 337 337 337 337 337 337 337 337 337 337 337 337 337 337 337 337 337 337 337 337 337 337 337 337 337 337 337 337 337 337 337 337 337 337 337 337 337 337 337 337 337 337 337 337 337 337 337 337 337 337 337 337 337 337 337 337 337 337 337 337 337 337 337 337 337 337 337 337 337 337 337 337 337 337 337 337 337 337 337 337 337 337 337 337 337 337 337 337 337 337 337 337 337 337 337 337 337 337 337 337 337 337 337 337 337 337 337 337 337 337 337 337 337 337 337 337 337 337 337 337 337 337 337 337 337 337 337 337 337 337 337 337 337 337 337 337 337 337 337 337 337 337 337 337 337 337 337 337 337 337 337 337 337 337 337 337 337 337 337 337 337 337 337 337 337 337 337 337 337 337 337 337 337 337 337 337 337 337 337 337 337 337 337 337 337 337 337 337 337 337 337 337 337 337 337 337 337 337 337 337 337 337 337 337 337 337 337 337 337 337 337 337 337 337 337 337 337 337 337 337 337 337 337 337 337 337 337 337 337 337 337 337 337 337 337 337 337 337 337 337 337 337 337 337 337 337 337 337 337 337 337 337 337 337 337 337 337 337 337 337 337 337 337 337 337 337 337 337 337 337 337 337 337 337 337 337 337 337 337 337 337 337 337 337 337 337 337 337 337 337 337 337 337 337 337 337 337 337 337 337 337 337 337 337 337 337 337 337 337 337 337 337 337 337 337 337 337 337 337 337 337 337 337 337 337 337 337 337 337 337 337 337 337 337 337 337 337 337 337 337 337 337 337 337 337 337 337 337 337 337 337 337 337 337 337 337 337 337 337 337 337 337 337 337 337 337 337 337 337 337 337 337 337 337 337 337 337 337 337 337 337 337 337 337 337 337 337 337 337 337 337 337 337 337 337 337 337 337 337 337 337 337 337 337 337 337 337 337 337 337 337 337 337 337 337 337 337 337 337 337 337 337 337 337 337 337 337 337 337 337 337 337 337 337 337 337 337 337 337 337 337 337 337 337 337 337 337 337 337 337 337 337 337 337 337 337 337 337 337 337 337 337 337 337 337 337 337 337 337 337 337 337 337 337 337 337 337 337 337 337 337 337 337 337 337 337 337 337 337 337 337 337 337 337 337 337 337 337 337 337 337 337 337 337 337 337 337 337 337 337 337 337 337 337 337 337 337 337 337 337 337 337 337 337 337 337 337 337 337 337 337 337 337 337 337 337 337 337 337 337 337 337 337 337 337 337 337 337 337 337 337 337 337 337 337 337 337 337 337 337 337 337 337 337 337 337 337 337 337 337 337 337 337 337 337 337 337 337 337 337 337 337 337 337 337 337 337 337 337 337 337 337 337 337 337 337 337 337 337 337 337 337 337 337 337 337 337 337 337 337 337 337 337 337 337 337 337 337 337 337 337 337 337 337 337 337 337 337 337 337 337 337 337 337 337 337 337 337 337 337 337 337 337 337 337 337 337 337 337 337 337 337 337 337 337 337 337 337 337 337 337 337 337 337 337 337 337 337 337 337 337 337 337 337 337 337 337 337 337 337 337 337 337 337 337 337 337 337 337 337 337 337 337 337 337 337 337 337 337 337 337 337 337 337 337 337 337 337 337 337 337 337 337 337 337 337 337 337 337 337 337 337 337 337 337 337 337 337 337 337 337 337 337 337 337 337 337 337 337 337 337 337 337 337 337 337 337 337 337 337 337 337 337 337 337 337 337 337 337 337 337 337 337 337 337 337 337 337 337 337 337 337 337 337 337 337 337 337 337 337 337 337 337 337 337 337 337 337 337 337 337 337 337 337 337 337 337 337 337 337 337 337 337 337 337 337 337 337 337 337 337 337 337 337 337 337 337 337 337 337 337 337 337 337 337 337 337 337 337 337 337 337 337 337 337 337 337 337 337 337 337 337 337 337 337 337 337 337 337 337 337 337 337 337 337 337 337 337 337 337 337 337 337 337 337 337 337 337 337 337 337 337 337 337 337 337 337 337 337 337 337 337 337 337 337 337 337 337 337 337 337 337 337 337 337 337 337 337 337 337 337 337 337 337 337 337 337 337 337 337 337 337 337 337 337 337 337 337 337 337 337 337 337 337 337 337 337 337 337 337 337 337 337 337 337 337 337 337 337 337 337 337 337 337 337 337 337 337 337 337 337 337 337 337 337 337 337 337 337 337 337 337 337 337 337 337 337 337 337 337 337 337 337 337 337 337 337 337 337 337 337 337 337 337 337 337 337 337 337 337 337 337 337 337 337 337 337 337 337 337 337 337 337 337 337 337 337 337 337 337 337 337 337 337 337 337 337 337 337 337 337 337 337 337 337 337 337 337 337 337 337 337 337 337 337 337 337 337 337 337 337 337 337 337 337 337 337 337 337 337 337 337 337 337 337 337 337 337 337 337 337 337 337 337 337 337 337 337 337 337 337 337 337 337 337 337 337 337 337 337 337 337 337 337 337 337 337 337 337 337 337 337 337 337 337 337 337 337 337 337 337 337 337 337 337 337 337 337 337 337 337 337 337 337 337 337 337 337 337 337 337 337 337 337 337 337 337 337 337 337 337 337 337 337 337 337 337 337 337 337 337 337 337 337 337 337 337 337 337 337 337 337 337 337 337 337 337 337 337 337 337 337 337 337 337 337 337 337 337 337 337 337 337 337 337 337 337 337 337 337 337 337 337 337 337 337 337 337 337 337 337 337 337 337 337 337 337 337 337 337 337 337 337 337 337 337 337 337 337 337 337 337 337 337 337 337 337 337 337 337 337 337 337 337 337 337 337 337 337 337 337 337 337 337 337 337 337 337 337 337 337 337 337 337 337 337 337 337 337 337 337 337 337 337 337 337 337 337 337 337 337 337 337 337 337 337 337 337 337 337 337 337 337 337 337 337 337 337 337 337 337 337 337 337 337 337 337 337 337 337 337 337 -1 -1 -1 -1 -1 -1 -1 -1 -1 -1 -1 -1 -1 -1 -1 -1 -1 -1 -1 -1 -1 -1 -1 -1</firstValidSample>
        <lastValidSample count="1511">-1 -1 -1 -1 -1 -1 -1 -1 -1 -1 -1 -1 -1 -1 -1 -1 -1 -1 -1 -1 -1 -1 -1 -1 -1 24779 24779 24779 24779 24779 24779 24779 24779 24779 24779 24779 24779 24779 24779 24779 24779 24779 24779 24779 24779 24779 24779 24779 24779 24779 24779 24779 24779 24779 24779 24779 24779 24779 24779 24779 24779 24779 24779 24779 24779 24779 24779 24779 24779 24779 24779 24779 24779 24779 24779 24779 24779 24779 24779 24779 24779 24779 24779 24779 24779 24779 24779 24779 24779 24779 24779 24779 24779 24779 24779 24779 24779 24779 24779 24779 24779 24779 24779 24779 24779 24779 24779 24779 24779 24779 24779 24779 24779 24779 24779 24779 24779 24779 24779 24779 24779 24779 24779 24779 24779 24779 24779 24779 24779 24779 24779 24779 24779 24779 24779 24779 24779 24779 24779 24779 24779 24779 24779 24779 24779 24779 24779 24779 24779 24779 24779 24779 24779 24779 24779 24779 24779 24779 24779 24779 24779 24779 24779 24779 24779 24779 24779 24779 24779 24779 24779 24779 24779 24779 24779 24779 24779 24779 24779 24779 24779 24779 24779 24779 24779 24779 24779 24779 24779 24779 24779 24779 24779 24779 24779 24779 24779 24779 24779 24779 24779 24779 24779 24779 24779 24779 24779 24779 24779 24779 24779 24779 24779 24779 24779 24779 24779 24779 24779 24779 24779 24779 24779 24779 24779 24779 24779 24779 24779 24779 24779 24779 24779 24779 24779 24779 24779 24779 24779 24779 24779 24779 24779 24779 24779 24779 24779 24779 24779 24779 24779 24779 24779 24779 24779 24779 24779 24779 24779 24779 24779 24779 24779 24779 24779 24779 24779 24779 24779 24779 24779 24779 24779 24779 24779 24779 24779 24779 24779 24779 24779 24779 24779 24779 24779 24779 24779 24779 24779 24779 24779 24779 24779 24779 24779 24779 24779 24779 24779 24779 24779 24779 24779 24779 24779 24779 24779 24779 24779 24779 24779 24779 24779 24779 24779 24779 24779 24779 24779 24779 24779 24779 24779 24779 24779 24779 24779 24779 24779 24779 24779 24779 24779 24779 24779 24779 24779 24779 24779 24779 24779 24779 24779 24779 24779 24779 24779 24779 24779 24779 24779 24779 24779 24779 24779 24779 24779 24779 24779 24779 24779 24779 24779 24779 24779 24779 24779 24779 24779 24779 24779 24779 24779 24779 24779 24779 24779 24779 24779 24779 24779 24779 24779 24779 24779 24779 24779 24779 24779 24779 24779 24779 24779 24779 24779 24779 24779 24779 24779 24779 24779 24779 24779 24779 24779 24779 24779 24779 24779 24779 24779 24779 24779 24779 24779 24779 24779 24779 24779 24779 24779 24779 24779 24779 24779 24779 24779 24779 24779 24779 24779 24779 24779 24779 24779 24779 24779 24779 24779 24779 24779 24779 24779 24779 24779 24779 24779 24779 24779 24779 24779 24779 24779 24779 24779 24779 24779 24779 24779 24779 24779 24779 24779 24779 24779 24779 24779 24779 24779 24779 24779 24779 24779 24779 24779 24779 24779 24779 24779 24779 24779 24779 24779 24779 24779 24779 24779 24779 24779 24779 24779 24779 24779 24779 24779 24779 24779 24779 24779 24779 24779 24779 24779 24779 24779 24779 24779 24779 24779 24779 24779 24779 24779 24779 24779 24779 24779 24779 24779 24779 24779 24779 24779 24779 24779 24779 24779 24779 24779 24779 24779 24779 24779 24779 24779 24779 24779 24779 24779 24779 24779 24779 24779 24779 24779 24779 24779 24779 24779 24779 24779 24779 24779 24779 24779 24779 24779 24779 24779 24779 24779 24779 24779 24779 24779 24779 24779 24779 24779 24779 24779 24779 24779 24779 24779 24779 24779 24779 24779 24779 24779 24779 24779 24779 24779 24779 24779 24779 24779 24779 24779 24779 24779 24779 24779 24779 24779 24779 24779 24779 24779 24779 24779 24779 24779 24779 24779 24779 24779 24779 24779 24779 24779 24779 24779 24779 24779 24779 24779 24779 24779 24779 24779 24779 24779 24779 24779 24779 24779 24779 24779 24779 24779 24779 24779 24779 24779 24779 24779 24779 24779 24779 24779 24779 24779 24779 24779 24779 24779 24779 24779 24779 24779 24779 24779 24779 24779 24779 24779 24779 24779 24779 24779 24779 24779 24779 24779 24779 24779 24779 24779 24779 24779 24779 24779 24779 24779 24779 24779 24779 24779 24779 24779 24779 24779 24779 24779 24779 24779 24779 24779 24779 24779 24779 24779 24779 24779 24779 24779 24779 24779 24779 24779 24779 24779 24779 24779 24779 24779 24779 24779 24779 24779 24779 24779 24779 24779 24779 24779 24779 24779 24779 24779 24779 24779 24779 24779 24779 24779 24779 24779 24779 24779 24779 24779 24779 24779 24779 24779 24779 24779 24779 24779 24779 24779 24779 24779 24779 24779 24779 24779 24779 24779 24779 24779 24779 24779 24779 24779 24779 24779 24779 24779 24779 24779 24779 24779 24779 24779 24779 24779 24779 24779 24779 24779 24779 24779 24779 24779 24779 24779 24779 24779 24779 24779 24779 24779 24779 24779 24779 24779 24779 24779 24779 24779 24779 24779 24779 24779 24779 24779 24779 24779 24779 24779 24779 24779 24779 24779 24779 24779 24779 24779 24779 24779 24779 24779 24779 24779 24779 24779 24779 24779 24779 24779 24779 24779 24779 24779 24779 24779 24779 24779 24779 24779 24779 24779 24779 24779 24779 24779 24779 24779 24779 24779 24779 24779 24779 24779 24779 24779 24779 24779 24779 24779 24779 24779 24779 24779 24779 24779 24779 24779 24779 24779 24779 24779 24779 24779 24779 24779 24779 24779 24779 24779 24779 24779 24779 24779 24779 24779 24779 24779 24779 24779 24779 24779 24779 24779 24779 24779 24779 24779 24779 24779 24779 24779 24779 24779 24779 24779 24779 24779 24779 24779 24779 24779 24779 24779 24779 24779 24779 24779 24779 24779 24779 24779 24779 24779 24779 24779 24779 24779 24779 24779 24779 24779 24779 24779 24779 24779 24779 24779 24779 24779 24779 24779 24779 24779 24779 24779 24779 24779 24779 24779 24779 24779 24779 24779 24779 24779 24779 24779 24779 24779 24779 24779 24779 24779 24779 24779 24779 24779 24779 24779 24779 24779 24779 24779 24779 24779 24779 24779 24779 24779 24779 24779 24779 24779 24779 24779 24779 24779 24779 24779 24779 24779 24779 24779 24779 24779 24779 24779 24779 24779 24779 24779 24779 24779 24779 24779 24779 24779 24779 24779 24779 24779 24779 24779 24779 24779 24779 24779 24779 24779 24779 24779 24779 24779 24779 24779 24779 24779 24779 24779 24779 24779 24779 24779 24779 24779 24779 24779 24779 24779 24779 24779 24779 24779 24779 24779 24779 24779 24779 24779 24779 24779 24779 24779 24779 24779 24779 24779 24779 24779 24779 24779 24779 24779 24779 24779 24779 24779 24779 24779 24779 24779 24779 24779 24779 24779 24779 24779 24779 24779 24779 24779 24779 24779 24779 24779 24779 24779 24779 24779 24779 24779 24779 24779 24779 24779 24779 24779 24779 24779 24779 24779 24779 24779 24779 24779 24779 24779 24779 24779 24779 24779 24779 24779 24779 24779 24779 24779 24779 24779 24779 24779 24779 24779 24779 24779 24779 24779 24779 24779 24779 24779 24779 24779 24779 24779 24779 24779 24779 24779 24779 24779 24779 24779 24779 24779 24779 24779 24779 24779 24779 24779 24779 24779 24779 24779 24779 24779 24779 24779 24779 24779 24779 24779 24779 24779 24779 24779 24779 24779 24779 24779 24779 24779 24779 24779 24779 24779 24779 24779 24779 24779 24779 24779 24779 24779 24779 24779 24779 24779 24779 24779 24779 24779 24779 24779 24779 24779 24779 24779 24779 24779 24779 24779 24779 24779 24779 24779 24779 24779 24779 24779 24779 24779 24779 24779 24779 24779 24779 24779 24779 24779 24779 24779 24779 24779 24779 24779 24779 24779 24779 24779 24779 24779 24779 24779 24779 24779 24779 24779 24779 24779 24779 24779 24779 24779 24779 24779 24779 24779 24779 24779 24779 24779 24779 24779 24779 24779 24779 24779 24779 24779 24779 24779 24779 24779 24779 24779 24779 24779 24779 24779 24779 24779 24779 24779 24779 24779 24779 24779 24779 24779 24779 24779 24779 24779 24779 24779 24779 24779 24779 24779 24779 24779 24779 24779 24779 24779 24779 24779 24779 24779 24779 24779 24779 24779 24779 24779 24779 24779 24779 24779 24779 24779 24779 24779 24779 24779 24779 24779 24779 24779 24779 24779 24779 24779 24779 24779 24779 24779 24779 24779 24779 24779 24779 24779 24779 24779 24779 24779 24779 24779 24779 24779 24779 24779 24779 24779 24779 24779 24779 24779 24779 24779 24779 24779 24779 24779 24779 24779 24779 24779 24779 24779 24779 24779 24779 24779 24779 24779 24779 24779 24779 24779 24779 24779 24779 24779 24779 24779 24779 24779 24779 24779 24779 24779 24779 24779 24779 24779 24779 24779 24779 24779 24779 24779 24779 24779 24779 24779 24779 24779 24779 24779 24779 24779 24779 24779 24779 24779 24779 24779 24779 24779 24779 24779 24779 24779 24779 24779 24779 24779 24779 24779 24779 24779 24779 24779 24779 24779 24779 24779 24779 24779 24779 24779 24779 24779 24779 24779 24779 24779 24779 24779 24779 24779 24779 24779 24779 24779 24779 24779 24779 24779 24779 24779 24779 24779 24779 24779 24779 24779 24779 24779 24779 24779 24779 24779 24779 24779 24779 24779 24779 24779 24779 24779 24779 24779 24779 24779 24779 24779 24779 24779 24779 24779 24779 24779 24779 24779 24779 24779 -1 -1 -1 -1 -1 -1 -1 -1 -1 -1 -1 -1 -1 -1 -1 -1 -1 -1 -1 -1 -1 -1 -1 -1</lastValidSample>
      </burst>
      <burst>
        <azimuthTime>2015-05-16T13:34:44.825850</azimuthTime>
        <azimuthAnxTime>2.352598457494141e+03</azimuthAnxTime>
        <sensingTime>2015-05-16T13:34:45.847343</sensingTime>
        <byteOffset>1383943040</byteOffset>
        <firstValidSample count="1511">-1 -1 -1 -1 -1 -1 -1 -1 -1 -1 -1 -1 -1 -1 -1 -1 -1 -1 -1 -1 -1 -1 -1 -1 -1 262 262 262 262 262 262 262 262 262 262 262 262 262 262 262 262 262 262 262 262 262 262 262 262 262 262 262 262 262 262 262 262 262 262 262 262 262 262 262 262 262 262 262 262 262 262 262 262 262 262 262 262 262 262 262 262 262 262 262 262 262 262 262 262 262 262 262 262 262 262 262 262 262 262 262 262 262 262 262 262 262 262 262 262 262 262 262 262 262 262 262 262 262 262 262 262 262 262 262 262 262 262 262 262 262 262 262 262 262 262 262 262 262 262 262 262 262 262 262 262 262 262 262 262 262 262 262 262 262 262 262 262 262 262 262 262 262 262 262 262 262 262 262 262 262 262 262 262 262 262 262 262 262 262 262 262 262 262 262 262 262 262 262 262 262 262 262 262 262 262 262 262 262 262 262 262 262 262 262 262 262 262 262 262 262 262 262 262 262 262 262 262 262 262 262 262 262 262 262 262 262 262 262 262 262 262 262 262 262 262 262 262 262 262 262 262 262 262 262 262 262 262 262 262 262 262 262 262 262 262 262 262 262 262 262 262 262 262 262 262 262 262 262 262 262 262 262 262 262 262 262 262 262 262 262 262 262 262 262 262 262 262 262 262 262 262 262 262 262 262 262 262 262 262 262 262 262 262 262 262 262 262 262 262 262 262 262 262 262 262 262 262 262 262 262 262 262 262 262 262 262 262 262 262 262 262 262 262 262 262 262 262 262 262 262 262 262 262 262 262 262 262 262 262 262 262 262 262 262 262 262 262 262 262 262 262 262 262 262 262 262 262 262 262 262 262 262 262 262 262 262 262 262 262 262 262 262 262 262 262 262 262 262 262 262 262 262 262 262 262 262 262 262 262 262 262 262 262 262 262 262 262 262 262 262 262 262 262 262 262 262 262 262 262 262 262 262 262 262 262 262 262 262 262 262 262 262 262 262 262 262 262 262 262 262 262 262 262 262 262 262 262 262 262 262 262 262 262 262 262 262 262 262 262 262 262 262 262 262 262 262 262 262 262 262 262 262 262 262 262 262 262 262 262 262 262 262 262 262 262 262 262 262 262 262 262 262 262 262 262 262 262 262 262 262 262 262 262 262 262 262 262 262 262 262 262 262 262 262 262 262 262 262 262 262 262 262 262 262 262 262 262 262 262 262 262 262 262 262 262 262 262 262 262 262 262 262 262 262 262 262 262 262 262 262 262 262 262 262 262 262 262 262 262 262 262 262 262 262 262 262 262 262 262 262 262 262 262 262 262 262 262 262 262 262 262 262 262 262 262 262 262 262 262 262 262 262 262 262 262 262 262 262 262 262 262 262 262 262 262 262 262 262 262 262 262 262 262 262 262 262 262 262 262 262 262 262 262 262 262 262 262 262 262 262 262 262 262 262 262 262 262 262 262 262 262 262 262 262 262 262 262 262 262 262 262 262 262 262 262 262 262 262 262 262 262 262 262 262 262 262 262 262 262 262 262 262 262 262 262 262 262 262 262 262 262 262 262 262 262 262 262 262 262 262 262 262 262 262 262 262 262 262 262 262 262 262 262 262 262 262 262 262 262 262 262 262 262 262 262 262 262 262 262 262 262 262 262 262 262 262 262 262 262 262 262 262 262 262 262 262 262 262 262 262 262 262 262 262 262 262 262 262 262 262 262 262 262 262 262 262 262 262 262 262 262 262 262 262 262 262 262 262 262 262 262 262 262 262 262 262 262 262 262 262 262 262 262 262 262 262 262 262 262 262 262 262 262 262 262 262 262 262 262 262 262 262 262 262 262 262 262 262 262 262 262 262 262 262 262 262 262 262 262 262 262 262 262 262 262 262 262 262 262 262 262 262 262 262 262 262 262 262 262 262 262 262 262 262 262 262 262 262 262 262 262 262 262 262 262 262 262 262 262 262 262 262 262 262 262 262 262 262 262 262 262 262 262 262 262 262 262 262 262 262 262 262 262 262 262 262 262 262 262 262 262 262 262 262 262 262 262 262 262 262 262 262 262 262 262 262 262 262 262 262 262 262 262 262 262 262 262 262 262 262 262 262 262 262 262 262 262 262 262 262 262 262 262 262 262 262 262 262 262 262 262 262 262 262 262 262 262 262 262 262 262 262 262 262 262 262 262 262 262 262 262 262 262 262 262 262 262 262 262 262 262 262 262 262 262 262 262 262 262 262 262 262 262 262 262 262 262 262 262 262 262 262 262 262 262 262 262 262 262 262 262 262 262 262 262 262 262 262 262 262 262 262 262 262 262 262 262 262 262 262 262 262 262 262 262 262 262 262 262 262 262 262 262 262 262 262 262 262 262 262 262 262 262 262 262 262 262 262 262 262 262 262 262 262 262 262 262 262 262 262 262 262 262 262 262 262 262 262 262 262 262 262 262 262 262 262 262 262 262 262 262 262 262 262 262 262 262 262 262 262 262 262 262 262 262 262 262 262 262 262 262 262 262 262 262 262 262 262 262 262 262 262 262 262 262 262 262 262 262 262 262 262 262 262 262 262 262 262 262 262 262 262 262 262 262 262 262 262 262 262 262 262 262 262 262 262 262 262 262 262 262 262 262 262 262 262 262 262 262 262 262 262 262 262 262 262 262 262 262 262 262 262 262 262 262 262 262 262 262 262 262 262 262 262 262 262 262 262 262 262 262 262 262 262 262 262 262 262 262 262 262 262 262 262 262 262 262 262 262 262 262 262 262 262 262 262 262 262 262 262 262 262 262 262 262 262 262 262 262 262 262 262 262 262 262 262 262 262 262 262 262 262 262 262 262 262 262 262 262 262 262 262 262 262 262 262 262 262 262 262 262 262 262 262 262 262 262 262 262 262 262 262 262 262 262 262 262 262 262 262 262 262 262 262 262 262 262 262 262 262 262 262 262 262 262 262 262 262 262 262 262 262 262 262 262 262 262 262 262 262 262 262 262 262 262 262 262 262 262 262 262 262 262 262 262 262 262 262 262 262 262 262 262 262 262 262 262 262 262 262 262 262 262 262 262 262 262 262 262 262 262 262 262 262 262 262 262 262 262 262 262 262 262 262 262 262 262 262 262 262 262 262 262 262 262 262 262 262 262 262 262 262 262 262 262 262 262 262 262 262 262 262 262 262 262 262 262 262 262 262 262 262 262 262 262 262 262 262 262 262 262 262 262 262 262 262 262 262 262 262 262 262 262 262 262 262 262 262 262 262 262 262 262 262 262 262 262 262 262 262 262 262 262 262 262 262 262 262 262 262 262 262 262 262 262 262 262 262 262 262 262 262 262 262 262 262 262 262 262 262 262 262 262 262 262 262 262 262 262 262 262 262 262 262 262 262 262 262 -1 -1 -1 -1 -1 -1 -1 -1 -1 -1 -1 -1 -1 -1 -1 -1 -1 -1 -1 -1 -1 -1 -1</firstValidSample>
        <lastValidSample count="1511">-1 -1 -1 -1 -1 -1 -1 -1 -1 -1 -1 -1 -1 -1 -1 -1 -1 -1 -1 -1 -1 -1 -1 -1 -1 24703 24703 24703 24703 24703 24703 24703 24703 24703 24703 24703 24703 24703 24703 24703 24703 24703 24703 24703 24703 24703 24703 24703 24703 24703 24703 24703 24703 24703 24703 24703 24703 24703 24703 24703 24703 24703 24703 24703 24703 24703 24703 24703 24703 24703 24703 24703 24703 24703 24703 24703 24703 24703 24703 24703 24703 24703 24703 24703 24703 24703 24703 24703 24703 24703 24703 24703 24703 24703 24703 24703 24703 24703 24703 24703 24703 24703 24703 24703 24703 24703 24703 24703 24703 24703 24703 24703 24703 24703 24703 24703 24703 24703 24703 24703 24703 24703 24703 24703 24703 24703 24703 24703 24703 24703 24703 24703 24703 24703 24703 24703 24703 24703 24703 24703 24703 24703 24703 24703 24703 24703 24703 24703 24703 24703 24703 24703 24703 24703 24703 24703 24703 24703 24703 24703 24703 24703 24703 24703 24703 24703 24703 24703 24703 24703 24703 24703 24703 24703 24703 24703 24703 24703 24703 24703 24703 24703 24703 24703 24703 24703 24703 24703 24703 24703 24703 24703 24703 24703 24703 24703 24703 24703 24703 24703 24703 24703 24703 24703 24703 24703 24703 24703 24703 24703 24703 24703 24703 24703 24703 24703 24703 24703 24703 24703 24703 24703 24703 24703 24703 24703 24703 24703 24703 24703 24703 24703 24703 24703 24703 24703 24703 24703 24703 24703 24703 24703 24703 24703 24703 24703 24703 24703 24703 24703 24703 24703 24703 24703 24703 24703 24703 24703 24703 24703 24703 24703 24703 24703 24703 24703 24703 24703 24703 24703 24703 24703 24703 24703 24703 24703 24703 24703 24703 24703 24703 24703 24703 24703 24703 24703 24703 24703 24703 24703 24703 24703 24703 24703 24703 24703 24703 24703 24703 24703 24703 24703 24703 24703 24703 24703 24703 24703 24703 24703 24703 24703 24703 24703 24703 24703 24703 24703 24703 24703 24703 24703 24703 24703 24703 24703 24703 24703 24703 24703 24703 24703 24703 24703 24703 24703 24703 24703 24703 24703 24703 24703 24703 24703 24703 24703 24703 24703 24703 24703 24703 24703 24703 24703 24703 24703 24703 24703 24703 24703 24703 24703 24703 24703 24703 24703 24703 24703 24703 24703 24703 24703 24703 24703 24703 24703 24703 24703 24703 24703 24703 24703 24703 24703 24703 24703 24703 24703 24703 24703 24703 24703 24703 24703 24703 24703 24703 24703 24703 24703 24703 24703 24703 24703 24703 24703 24703 24703 24703 24703 24703 24703 24703 24703 24703 24703 24703 24703 24703 24703 24703 24703 24703 24703 24703 24703 24703 24703 24703 24703 24703 24703 24703 24703 24703 24703 24703 24703 24703 24703 24703 24703 24703 24703 24703 24703 24703 24703 24703 24703 24703 24703 24703 24703 24703 24703 24703 24703 24703 24703 24703 24703 24703 24703 24703 24703 24703 24703 24703 24703 24703 24703 24703 24703 24703 24703 24703 24703 24703 24703 24703 24703 24703 24703 24703 24703 24703 24703 24703 24703 24703 24703 24703 24703 24703 24703 24703 24703 24703 24703 24703 24703 24703 24703 24703 24703 24703 24703 24703 24703 24703 24703 24703 24703 24703 24703 24703 24703 24703 24703 24703 24703 24703 24703 24703 24703 24703 24703 24703 24703 24703 24703 24703 24703 24703 24703 24703 24703 24703 24703 24703 24703 24703 24703 24703 24703 24703 24703 24703 24703 24703 24703 24703 24703 24703 24703 24703 24703 24703 24703 24703 24703 24703 24703 24703 24703 24703 24703 24703 24703 24703 24703 24703 24703 24703 24703 24703 24703 24703 24703 24703 24703 24703 24703 24703 24703 24703 24703 24703 24703 24703 24703 24703 24703 24703 24703 24703 24703 24703 24703 24703 24703 24703 24703 24703 24703 24703 24703 24703 24703 24703 24703 24703 24703 24703 24703 24703 24703 24703 24703 24703 24703 24703 24703 24703 24703 24703 24703 24703 24703 24703 24703 24703 24703 24703 24703 24703 24703 24703 24703 24703 24703 24703 24703 24703 24703 24703 24703 24703 24703 24703 24703 24703 24703 24703 24703 24703 24703 24703 24703 24703 24703 24703 24703 24703 24703 24703 24703 24703 24703 24703 24703 24703 24703 24703 24703 24703 24703 24703 24703 24703 24703 24703 24703 24703 24703 24703 24703 24703 24703 24703 24703 24703 24703 24703 24703 24703 24703 24703 24703 24703 24703 24703 24703 24703 24703 24703 24703 24703 24703 24703 24703 24703 24703 24703 24703 24703 24703 24703 24703 24703 24703 24703 24703 24703 24703 24703 24703 24703 24703 24703 24703 24703 24703 24703 24703 24703 24703 24703 24703 24703 24703 24703 24703 24703 24703 24703 24703 24703 24703 24703 24703 24703 24703 24703 24703 24703 24703 24703 24703 24703 24703 24703 24703 24703 24703 24703 24703 24703 24703 24703 24703 24703 24703 24703 24703 24703 24703 24703 24703 24703 24703 24703 24703 24703 24703 24703 24703 24703 24703 24703 24703 24703 24703 24703 24703 24703 24703 24703 24703 24703 24703 24703 24703 24703 24703 24703 24703 24703 24703 24703 24703 24703 24703 24703 24703 24703 24703 24703 24703 24703 24703 24703 24703 24703 24703 24703 24703 24703 24703 24703 24703 24703 24703 24703 24703 24703 24703 24703 24703 24703 24703 24703 24703 24703 24703 24703 24703 24703 24703 24703 24703 24703 24703 24703 24703 24703 24703 24703 24703 24703 24703 24703 24703 24703 24703 24703 24703 24703 24703 24703 24703 24703 24703 24703 24703 24703 24703 24703 24703 24703 24703 24703 24703 24703 24703 24703 24703 24703 24703 24703 24703 24703 24703 24703 24703 24703 24703 24703 24703 24703 24703 24703 24703 24703 24703 24703 24703 24703 24703 24703 24703 24703 24703 24703 24703 24703 24703 24703 24703 24703 24703 24703 24703 24703 24703 24703 24703 24703 24703 24703 24703 24703 24703 24703 24703 24703 24703 24703 24703 24703 24703 24703 24703 24703 24703 24703 24703 24703 24703 24703 24703 24703 24703 24703 24703 24703 24703 24703 24703 24703 24703 24703 24703 24703 24703 24703 24703 24703 24703 24703 24703 24703 24703 24703 24703 24703 24703 24703 24703 24703 24703 24703 24703 24703 24703 24703 24703 24703 24703 24703 24703 24703 24703 24703 24703 24703 24703 24703 24703 24703 24703 24703 24703 24703 24703 24703 24703 24703 24703 24703 24703 24703 24703 24703 24703 24703 24703 24703 24703 24703 24703 24703 24703 24703 24703 24703 24703 24703 24703 24703 24703 24703 24703 24703 24703 24703 24703 24703 24703 24703 24703 24703 24703 24703 24703 24703 24703 24703 24703 24703 24703 24703 24703 24703 24703 24703 24703 24703 24703 24703 24703 24703 24703 24703 24703 24703 24703 24703 24703 24703 24703 24703 24703 24703 24703 24703 24703 24703 24703 24703 24703 24703 24703 24703 24703 24703 24703 24703 24703 24703 24703 24703 24703 24703 24703 24703 24703 24703 24703 24703 24703 24703 24703 24703 24703 24703 24703 24703 24703 24703 24703 24703 24703 24703 24703 24703 24703 24703 24703 24703 24703 24703 24703 24703 24703 24703 24703 24703 24703 24703 24703 24703 24703 24703 24703 24703 24703 24703 24703 24703 24703 24703 24703 24703 24703 24703 24703 24703 24703 24703 24703 24703 24703 24703 24703 24703 24703 24703 24703 24703 24703 24703 24703 24703 24703 24703 24703 24703 24703 24703 24703 24703 24703 24703 24703 24703 24703 24703 24703 24703 24703 24703 24703 24703 24703 24703 24703 24703 24703 24703 24703 24703 24703 24703 24703 24703 24703 24703 24703 24703 24703 24703 24703 24703 24703 24703 24703 24703 24703 24703 24703 24703 24703 24703 24703 24703 24703 24703 24703 24703 24703 24703 24703 24703 24703 24703 24703 24703 24703 24703 24703 24703 24703 24703 24703 24703 24703 24703 24703 24703 24703 24703 24703 24703 24703 24703 24703 24703 24703 24703 24703 24703 24703 24703 24703 24703 24703 24703 24703 24703 24703 24703 24703 24703 24703 24703 24703 24703 24703 24703 24703 24703 24703 24703 24703 24703 24703 24703 24703 24703 24703 24703 24703 24703 24703 24703 24703 24703 24703 24703 24703 24703 24703 24703 24703 24703 24703 24703 24703 24703 24703 24703 24703 24703 24703 24703 24703 24703 24703 24703 24703 24703 24703 24703 24703 24703 24703 24703 24703 24703 24703 24703 24703 24703 24703 24703 24703 24703 24703 24703 24703 24703 24703 24703 24703 24703 24703 24703 24703 24703 24703 24703 24703 24703 24703 24703 24703 24703 24703 24703 24703 24703 24703 24703 24703 24703 24703 24703 24703 24703 24703 24703 24703 24703 24703 24703 24703 24703 24703 24703 24703 24703 24703 24703 24703 24703 24703 24703 24703 24703 24703 24703 24703 24703 24703 24703 24703 24703 24703 24703 24703 24703 24703 24703 24703 24703 24703 24703 24703 24703 24703 24703 24703 24703 24703 24703 24703 24703 24703 24703 24703 24703 24703 24703 24703 24703 24703 24703 24703 24703 24703 24703 24703 24703 24703 24703 24703 24703 24703 24703 24703 24703 24703 24703 24703 24703 24703 24703 24703 24703 24703 24703 24703 24703 24703 24703 24703 24703 24703 24703 24703 24703 24703 24703 24703 24703 24703 24703 24703 24703 24703 24703 24703 24703 24703 24703 24703 24703 24703 24703 24703 24703 24703 24703 24703 24703 24703 24703 24703 24703 24703 24703 24703 24703 24703 24703 24703 -1 -1 -1 -1 -1 -1 -1 -1 -1 -1 -1 -1 -1 -1 -1 -1 -1 -1 -1 -1 -1 -1 -1</lastValidSample>
      </burst>
    </burstList>
  </swathTiming>
  <geolocationGrid>
    <geolocationGridPointList count="231">
      <geolocationGridPoint>
        <azimuthTime>2015-05-16T13:34:20.002846</azimuthTime>
        <slantRangeTime>5.646937362701790e-03</slantRangeTime>
        <line>0</line>
        <pixel>0</pixel>
        <latitude>3.887964421048139e+01</latitude>
        <longitude>-1.121056829010687e+02</longitude>
        <height>2.128197655000000e+03</height>
        <incidenceAngle>3.644991731395714e+01</incidenceAngle>
        <elevationAngle>3.237135177549447e+01</elevationAngle>
      </geolocationGridPoint>
      <geolocationGridPoint>
        <azimuthTime>2015-05-16T13:34:20.002856</azimuthTime>
        <slantRangeTime>5.666721266485204e-03</slantRangeTime>
        <line>0</line>
        <pixel>1273</pixel>
        <latitude>3.888758910060093e+01</latitude>
        <longitude>-1.121620233441217e+02</longitude>
        <height>2.128197655000000e+03</height>
        <incidenceAngle>3.676401908342930e+01</incidenceAngle>
        <elevationAngle>3.264077129346066e+01</elevationAngle>
      </geolocationGridPoint>
      <geolocationGridPoint>
        <azimuthTime>2015-05-16T13:34:20.002866</azimuthTime>
        <slantRangeTime>5.686505170268618e-03</slantRangeTime>
        <line>0</line>
        <pixel>2546</pixel>
        <latitude>3.889544954122914e+01</latitude>
        <longitude>-1.122179677002193e+02</longitude>
        <height>2.128197655000000e+03</height>
        <incidenceAngle>3.707382858669185e+01</incidenceAngle>
        <elevationAngle>3.290622247020134e+01</elevationAngle>
      </geolocationGridPoint>
      <geolocationGridPoint>
        <azimuthTime>2015-05-16T13:34:20.002876</azimuthTime>
        <slantRangeTime>5.706289074052033e-03</slantRangeTime>
        <line>0</line>
        <pixel>3819</pixel>
        <latitude>3.890322790959443e+01</latitude>
        <longitude>-1.122735285745659e+02</longitude>
        <height>2.128197655000000e+03</height>
        <incidenceAngle>3.737946707616671e+01</incidenceAngle>
        <elevationAngle>3.316781632505637e+01</elevationAngle>
      </geolocationGridPoint>
      <geolocationGridPoint>
        <azimuthTime>2015-05-16T13:34:20.002886</azimuthTime>
        <slantRangeTime>5.726072977835446e-03</slantRangeTime>
        <line>0</line>
        <pixel>5092</pixel>
        <latitude>3.891092646807866e+01</latitude>
        <longitude>-1.123287179635023e+02</longitude>
        <height>2.128197655000000e+03</height>
        <incidenceAngle>3.768105028726711e+01</incidenceAngle>
        <elevationAngle>3.342565885439302e+01</elevationAngle>
      </geolocationGridPoint>
      <geolocationGridPoint>
        <azimuthTime>2015-05-16T13:34:20.002896</azimuthTime>
        <slantRangeTime>5.745856881618860e-03</slantRangeTime>
        <line>0</line>
        <pixel>6365</pixel>
        <latitude>3.891854737171951e+01</latitude>
        <longitude>-1.123835472942835e+02</longitude>
        <height>2.128197655000000e+03</height>
        <incidenceAngle>3.797868878811990e+01</incidenceAngle>
        <elevationAngle>3.367985134905022e+01</elevationAngle>
      </geolocationGridPoint>
      <geolocationGridPoint>
        <azimuthTime>2015-05-16T13:34:20.002906</azimuthTime>
        <slantRangeTime>5.765640785402275e-03</slantRangeTime>
        <line>0</line>
        <pixel>7638</pixel>
        <latitude>3.892609267509683e+01</latitude>
        <longitude>-1.124380274615916e+02</longitude>
        <height>2.128197655000000e+03</height>
        <incidenceAngle>3.827248830105070e+01</incidenceAngle>
        <elevationAngle>3.393049068619423e+01</elevationAngle>
      </geolocationGridPoint>
      <geolocationGridPoint>
        <azimuthTime>2015-05-16T13:34:20.002915</azimuthTime>
        <slantRangeTime>5.785424689185689e-03</slantRangeTime>
        <line>0</line>
        <pixel>8911</pixel>
        <latitude>3.893356433866422e+01</latitude>
        <longitude>-1.124921688611053e+02</longitude>
        <height>2.128197655000000e+03</height>
        <incidenceAngle>3.856254999858638e+01</incidenceAngle>
        <elevationAngle>3.417766959808080e+01</elevationAngle>
      </geolocationGridPoint>
      <geolocationGridPoint>
        <azimuthTime>2015-05-16T13:34:20.002925</azimuthTime>
        <slantRangeTime>5.805208592969103e-03</slantRangeTime>
        <line>0</line>
        <pixel>10184</pixel>
        <latitude>3.894096423457884e+01</latitude>
        <longitude>-1.125459814204104e+02</longitude>
        <height>2.128197655000000e+03</height>
        <incidenceAngle>3.884897077640312e+01</incidenceAngle>
        <elevationAngle>3.442147691992075e+01</elevationAngle>
      </geolocationGridPoint>
      <geolocationGridPoint>
        <azimuthTime>2015-05-16T13:34:20.002935</azimuthTime>
        <slantRangeTime>5.824992496752517e-03</slantRangeTime>
        <line>0</line>
        <pixel>11457</pixel>
        <latitude>3.894829415207756e+01</latitude>
        <longitude>-1.125994746275036e+02</longitude>
        <height>2.128197655000000e+03</height>
        <incidenceAngle>3.913184350539779e+01</incidenceAngle>
        <elevationAngle>3.466199781882169e+01</elevationAngle>
      </geolocationGridPoint>
      <geolocationGridPoint>
        <azimuthTime>2015-05-16T13:34:20.002944</azimuthTime>
        <slantRangeTime>5.844776400535931e-03</slantRangeTime>
        <line>0</line>
        <pixel>12730</pixel>
        <latitude>3.895555580244145e+01</latitude>
        <longitude>-1.126526575571136e+02</longitude>
        <height>2.128197655000000e+03</height>
        <incidenceAngle>3.941125726479682e+01</incidenceAngle>
        <elevationAngle>3.489931400553850e+01</elevationAngle>
      </geolocationGridPoint>
      <geolocationGridPoint>
        <azimuthTime>2015-05-16T13:34:20.002954</azimuthTime>
        <slantRangeTime>5.864560304319345e-03</slantRangeTime>
        <line>0</line>
        <pixel>14003</pixel>
        <latitude>3.896275082358658e+01</latitude>
        <longitude>-1.127055388950411e+02</longitude>
        <height>2.128197655000000e+03</height>
        <incidenceAngle>3.968729755804081e+01</incidenceAngle>
        <elevationAngle>3.513350393060698e+01</elevationAngle>
      </geolocationGridPoint>
      <geolocationGridPoint>
        <azimuthTime>2015-05-16T13:34:20.002964</azimuthTime>
        <slantRangeTime>5.884344208102759e-03</slantRangeTime>
        <line>0</line>
        <pixel>15276</pixel>
        <latitude>3.896988078431483e+01</latitude>
        <longitude>-1.127581269606958e+02</longitude>
        <height>2.128197655000000e+03</height>
        <incidenceAngle>3.996004651296956e+01</incidenceAngle>
        <elevationAngle>3.536464296624143e+01</elevationAngle>
      </geolocationGridPoint>
      <geolocationGridPoint>
        <azimuthTime>2015-05-16T13:34:20.002974</azimuthTime>
        <slantRangeTime>5.904128111886174e-03</slantRangeTime>
        <line>0</line>
        <pixel>16549</pixel>
        <latitude>3.897694718825490e+01</latitude>
        <longitude>-1.128104297279908e+02</longitude>
        <height>2.128197655000000e+03</height>
        <incidenceAngle>4.022958306769291e+01</incidenceAngle>
        <elevationAngle>3.559280357525098e+01</elevationAngle>
      </geolocationGridPoint>
      <geolocationGridPoint>
        <azimuthTime>2015-05-16T13:34:20.002984</azimuthTime>
        <slantRangeTime>5.923912015669588e-03</slantRangeTime>
        <line>0</line>
        <pixel>17822</pixel>
        <latitude>3.898395147752064e+01</latitude>
        <longitude>-1.128624548447383e+02</longitude>
        <height>2.128197655000000e+03</height>
        <incidenceAngle>4.049598314338709e+01</incidenceAngle>
        <elevationAngle>3.581805546809735e+01</elevationAngle>
      </geolocationGridPoint>
      <geolocationGridPoint>
        <azimuthTime>2015-05-16T13:34:20.002994</azimuthTime>
        <slantRangeTime>5.943695919453001e-03</slantRangeTime>
        <line>0</line>
        <pixel>19095</pixel>
        <latitude>3.899089503611103e+01</latitude>
        <longitude>-1.129142096506745e+02</longitude>
        <height>2.128197655000000e+03</height>
        <incidenceAngle>4.075931980512287e+01</incidenceAngle>
        <elevationAngle>3.604046574909660e+01</elevationAngle>
      </geolocationGridPoint>
      <geolocationGridPoint>
        <azimuthTime>2015-05-16T13:34:20.003003</azimuthTime>
        <slantRangeTime>5.963479823236415e-03</slantRangeTime>
        <line>0</line>
        <pixel>20368</pixel>
        <latitude>3.899777919307368e+01</latitude>
        <longitude>-1.129657011942323e+02</longitude>
        <height>2.128197655000000e+03</height>
        <incidenceAngle>4.101966341173553e+01</incidenceAngle>
        <elevationAngle>3.626009905267964e+01</elevationAngle>
      </geolocationGridPoint>
      <geolocationGridPoint>
        <azimuthTime>2015-05-16T13:34:20.003013</azimuthTime>
        <slantRangeTime>5.983263727019830e-03</slantRangeTime>
        <line>0</line>
        <pixel>21641</pixel>
        <latitude>3.900460522545167e+01</latitude>
        <longitude>-1.130169362481635e+02</longitude>
        <height>2.128197655000000e+03</height>
        <incidenceAngle>4.127708175563281e+01</incidenceAngle>
        <elevationAngle>3.647701767052322e+01</elevationAngle>
      </geolocationGridPoint>
      <geolocationGridPoint>
        <azimuthTime>2015-05-16T13:34:20.003023</azimuthTime>
        <slantRangeTime>6.003047630803244e-03</slantRangeTime>
        <line>0</line>
        <pixel>22914</pixel>
        <latitude>3.901137436103145e+01</latitude>
        <longitude>-1.130679213241073e+02</longitude>
        <height>2.128197655000000e+03</height>
        <incidenceAngle>4.153164019336612e+01</incidenceAngle>
        <elevationAngle>3.669128167030020e+01</elevationAngle>
      </geolocationGridPoint>
      <geolocationGridPoint>
        <azimuthTime>2015-05-16T13:34:20.003033</azimuthTime>
        <slantRangeTime>6.022831534586658e-03</slantRangeTime>
        <line>0</line>
        <pixel>24187</pixel>
        <latitude>3.901808778090803e+01</latitude>
        <longitude>-1.131186626861898e+02</longitude>
        <height>2.128197655000000e+03</height>
        <incidenceAngle>4.178340176769763e+01</incidenceAngle>
        <elevationAngle>3.690294900671170e+01</elevationAngle>
      </geolocationGridPoint>
      <geolocationGridPoint>
        <azimuthTime>2015-05-16T13:34:20.003043</azimuthTime>
        <slantRangeTime>6.042320156224051e-03</slantRangeTime>
        <line>0</line>
        <pixel>25441</pixel>
        <latitude>3.902464763204637e+01</latitude>
        <longitude>-1.131684142962798e+02</longitude>
        <height>2.128197655000000e+03</height>
        <incidenceAngle>4.202873034754909e+01</incidenceAngle>
        <elevationAngle>3.710897274505561e+01</elevationAngle>
      </geolocationGridPoint>
      <geolocationGridPoint>
        <azimuthTime>2015-05-16T13:34:22.759345</azimuthTime>
        <slantRangeTime>5.646937362701790e-03</slantRangeTime>
        <line>1511</line>
        <pixel>0</pixel>
        <latitude>3.871395889244782e+01</latitude>
        <longitude>-1.121444768201998e+02</longitude>
        <height>2.128197655000000e+03</height>
        <incidenceAngle>3.645403551947801e+01</incidenceAngle>
        <elevationAngle>3.237508834649332e+01</elevationAngle>
      </geolocationGridPoint>
      <geolocationGridPoint>
        <azimuthTime>2015-05-16T13:34:22.759355</azimuthTime>
        <slantRangeTime>5.666721266485204e-03</slantRangeTime>
        <line>1511</line>
        <pixel>1273</pixel>
        <latitude>3.872190473083018e+01</latitude>
        <longitude>-1.122006812574517e+02</longitude>
        <height>2.128197655000000e+03</height>
        <incidenceAngle>3.676809275544878e+01</incidenceAngle>
        <elevationAngle>3.264446800921903e+01</elevationAngle>
      </geolocationGridPoint>
      <geolocationGridPoint>
        <azimuthTime>2015-05-16T13:34:22.759365</azimuthTime>
        <slantRangeTime>5.686505170268618e-03</slantRangeTime>
        <line>1511</line>
        <pixel>2546</pixel>
        <latitude>3.872976629211750e+01</latitude>
        <longitude>-1.122564906079881e+02</longitude>
        <height>2.128197655000000e+03</height>
        <incidenceAngle>3.707785897855968e+01</incidenceAngle>
        <elevationAngle>3.290988045824296e+01</elevationAngle>
      </geolocationGridPoint>
      <geolocationGridPoint>
        <azimuthTime>2015-05-16T13:34:22.759375</azimuthTime>
        <slantRangeTime>5.706289074052033e-03</slantRangeTime>
        <line>1511</line>
        <pixel>3819</pixel>
        <latitude>3.873754594938030e+01</latitude>
        <longitude>-1.123119174425719e+02</longitude>
        <height>2.128197655000000e+03</height>
        <incidenceAngle>3.738345538230435e+01</incidenceAngle>
        <elevationAngle>3.317143665986089e+01</elevationAngle>
      </geolocationGridPoint>
      <geolocationGridPoint>
        <azimuthTime>2015-05-16T13:34:22.759385</azimuthTime>
        <slantRangeTime>5.726072977835446e-03</slantRangeTime>
        <line>1511</line>
        <pixel>5092</pixel>
        <latitude>3.874524596106611e+01</latitude>
        <longitude>-1.123669737248889e+02</longitude>
        <height>2.128197655000000e+03</height>
        <incidenceAngle>3.768499764699597e+01</incidenceAngle>
        <elevationAngle>3.342924256084314e+01</elevationAngle>
      </geolocationGridPoint>
      <geolocationGridPoint>
        <azimuthTime>2015-05-16T13:34:22.759395</azimuthTime>
        <slantRangeTime>5.745856881618860e-03</slantRangeTime>
        <line>1511</line>
        <pixel>6365</pixel>
        <latitude>3.875286847848577e+01</latitude>
        <longitude>-1.124216708512015e+02</longitude>
        <height>2.128197655000000e+03</height>
        <incidenceAngle>3.798259628917501e+01</incidenceAngle>
        <elevationAngle>3.368339940559518e+01</elevationAngle>
      </geolocationGridPoint>
      <geolocationGridPoint>
        <azimuthTime>2015-05-16T13:34:22.759405</azimuthTime>
        <slantRangeTime>5.765640785402275e-03</slantRangeTime>
        <line>1511</line>
        <pixel>7638</pixel>
        <latitude>3.876041555268517e+01</latitude>
        <longitude>-1.124760196867479e+02</longitude>
        <height>2.128197655000000e+03</height>
        <incidenceAngle>3.827635698281063e+01</incidenceAngle>
        <elevationAngle>3.393400402775829e+01</elevationAngle>
      </geolocationGridPoint>
      <geolocationGridPoint>
        <azimuthTime>2015-05-16T13:34:22.759415</azimuthTime>
        <slantRangeTime>5.785424689185689e-03</slantRangeTime>
        <line>1511</line>
        <pixel>8911</pixel>
        <latitude>3.876788914076343e+01</latitude>
        <longitude>-1.125300305992076e+02</longitude>
        <height>2.128197655000000e+03</height>
        <incidenceAngle>3.856638085504697e+01</incidenceAngle>
        <elevationAngle>3.418114911874053e+01</elevationAngle>
      </geolocationGridPoint>
      <geolocationGridPoint>
        <azimuthTime>2015-05-16T13:34:22.759425</azimuthTime>
        <slantRangeTime>5.805208592969103e-03</slantRangeTime>
        <line>1511</line>
        <pixel>10184</pixel>
        <latitude>3.877529111169054e+01</latitude>
        <longitude>-1.125837134895167e+02</longitude>
        <height>2.128197655000000e+03</height>
        <incidenceAngle>3.885276475892016e+01</incidenceAngle>
        <elevationAngle>3.442492347537447e+01</elevationAngle>
      </geolocationGridPoint>
      <geolocationGridPoint>
        <azimuthTime>2015-05-16T13:34:22.759434</azimuthTime>
        <slantRangeTime>5.824992496752517e-03</slantRangeTime>
        <line>1511</line>
        <pixel>11457</pixel>
        <latitude>3.878262325167237e+01</latitude>
        <longitude>-1.126370778202841e+02</longitude>
        <height>2.128197655000000e+03</height>
        <incidenceAngle>3.913560152521825e+01</incidenceAngle>
        <elevationAngle>3.466541222866848e+01</elevationAngle>
      </geolocationGridPoint>
      <geolocationGridPoint>
        <azimuthTime>2015-05-16T13:34:22.759444</azimuthTime>
        <slantRangeTime>5.844776400535931e-03</slantRangeTime>
        <line>1511</line>
        <pixel>12730</pixel>
        <latitude>3.878988726910487e+01</latitude>
        <longitude>-1.126901326420327e+02</longitude>
        <height>2.128197655000000e+03</height>
        <incidenceAngle>3.941498019540311e+01</incidenceAngle>
        <elevationAngle>3.490269705538878e+01</elevationAngle>
      </geolocationGridPoint>
      <geolocationGridPoint>
        <azimuthTime>2015-05-16T13:34:22.759454</azimuthTime>
        <slantRangeTime>5.864560304319345e-03</slantRangeTime>
        <line>1511</line>
        <pixel>14003</pixel>
        <latitude>3.879708479915555e+01</latitude>
        <longitude>-1.127428866174655e+02</longitude>
        <height>2.128197655000000e+03</height>
        <incidenceAngle>3.969098623731765e+01</incidenceAngle>
        <elevationAngle>3.513685637403343e+01</elevationAngle>
      </geolocationGridPoint>
      <geolocationGridPoint>
        <azimuthTime>2015-05-16T13:34:22.759464</azimuthTime>
        <slantRangeTime>5.884344208102759e-03</slantRangeTime>
        <line>1511</line>
        <pixel>15276</pixel>
        <latitude>3.880421740800549e+01</latitude>
        <longitude>-1.127953480439344e+02</longitude>
        <height>2.128197655000000e+03</height>
        <incidenceAngle>3.996370174521495e+01</incidenceAngle>
        <elevationAngle>3.536796552658946e+01</elevationAngle>
      </geolocationGridPoint>
      <geolocationGridPoint>
        <azimuthTime>2015-05-16T13:34:22.759474</azimuthTime>
        <slantRangeTime>5.904128111886174e-03</slantRangeTime>
        <line>1511</line>
        <pixel>16549</pixel>
        <latitude>3.881128659678264e+01</latitude>
        <longitude>-1.128475248742716e+02</longitude>
        <height>2.128197655000000e+03</height>
        <incidenceAngle>4.023320562548546e+01</incidenceAngle>
        <elevationAngle>3.559609694731983e+01</elevationAngle>
      </geolocationGridPoint>
      <geolocationGridPoint>
        <azimuthTime>2015-05-16T13:34:22.759484</azimuthTime>
        <slantRangeTime>5.923912015669588e-03</slantRangeTime>
        <line>1511</line>
        <pixel>17822</pixel>
        <latitude>3.881829380521258e+01</latitude>
        <longitude>-1.128994247361271e+02</longitude>
        <height>2.128197655000000e+03</height>
        <incidenceAngle>4.049957376932018e+01</incidenceAngle>
        <elevationAngle>3.582132031970132e+01</elevationAngle>
      </geolocationGridPoint>
      <geolocationGridPoint>
        <azimuthTime>2015-05-16T13:34:22.759494</azimuthTime>
        <slantRangeTime>5.943695919453001e-03</slantRangeTime>
        <line>1511</line>
        <pixel>19095</pixel>
        <latitude>3.882524041501179e+01</latitude>
        <longitude>-1.129510549499408e+02</longitude>
        <height>2.128197655000000e+03</height>
        <incidenceAngle>4.076287921342051e+01</incidenceAngle>
        <elevationAngle>3.604370272251985e+01</elevationAngle>
      </geolocationGridPoint>
      <geolocationGridPoint>
        <azimuthTime>2015-05-16T13:34:22.759504</azimuthTime>
        <slantRangeTime>5.963479823236415e-03</slantRangeTime>
        <line>1511</line>
        <pixel>20368</pixel>
        <latitude>3.883212775304493e+01</latitude>
        <longitude>-1.130024225456641e+02</longitude>
        <height>2.128197655000000e+03</height>
        <incidenceAngle>4.102319228975551e+01</incidenceAngle>
        <elevationAngle>3.626330876602915e+01</elevationAngle>
      </geolocationGridPoint>
      <geolocationGridPoint>
        <azimuthTime>2015-05-16T13:34:22.759514</azimuthTime>
        <slantRangeTime>5.983263727019830e-03</slantRangeTime>
        <line>1511</line>
        <pixel>21641</pixel>
        <latitude>3.883895709426587e+01</latitude>
        <longitude>-1.130535342783370e+02</longitude>
        <height>2.128197655000000e+03</height>
        <incidenceAngle>4.128058076527093e+01</incidenceAngle>
        <elevationAngle>3.648020071899325e+01</elevationAngle>
      </geolocationGridPoint>
      <geolocationGridPoint>
        <azimuthTime>2015-05-16T13:34:22.759523</azimuthTime>
        <slantRangeTime>6.003047630803244e-03</slantRangeTime>
        <line>1511</line>
        <pixel>22914</pixel>
        <latitude>3.884572966446007e+01</latitude>
        <longitude>-1.131043966426126e+02</longitude>
        <height>2.128197655000000e+03</height>
        <incidenceAngle>4.153510997236463e+01</incidenceAngle>
        <elevationAngle>3.669443862734995e+01</elevationAngle>
      </geolocationGridPoint>
      <geolocationGridPoint>
        <azimuthTime>2015-05-16T13:34:22.759533</azimuthTime>
        <slantRangeTime>6.022831534586658e-03</slantRangeTime>
        <line>1511</line>
        <pixel>24187</pixel>
        <latitude>3.885244664280499e+01</latitude>
        <longitude>-1.131550158863176e+02</longitude>
        <height>2.128197655000000e+03</height>
        <incidenceAngle>4.178684293087062e+01</incidenceAngle>
        <elevationAngle>3.690608042516839e+01</elevationAngle>
      </geolocationGridPoint>
      <geolocationGridPoint>
        <azimuthTime>2015-05-16T13:34:22.759543</azimuthTime>
        <slantRangeTime>6.042320156224051e-03</slantRangeTime>
        <line>1511</line>
        <pixel>25441</pixel>
        <latitude>3.885901011860579e+01</latitude>
        <longitude>-1.132046477655388e+02</longitude>
        <height>2.128197655000000e+03</height>
        <incidenceAngle>4.203214390192107e+01</incidenceAngle>
        <elevationAngle>3.711207952753214e+01</elevationAngle>
      </geolocationGridPoint>
      <geolocationGridPoint>
        <azimuthTime>2015-05-16T13:34:25.519966</azimuthTime>
        <slantRangeTime>5.646937362701790e-03</slantRangeTime>
        <line>3022</line>
        <pixel>0</pixel>
        <latitude>3.854801616406125e+01</latitude>
        <longitude>-1.121832455316577e+02</longitude>
        <height>2.128197655000000e+03</height>
        <incidenceAngle>3.645814580362317e+01</incidenceAngle>
        <elevationAngle>3.237881782636494e+01</elevationAngle>
      </geolocationGridPoint>
      <geolocationGridPoint>
        <azimuthTime>2015-05-16T13:34:25.519976</azimuthTime>
        <slantRangeTime>5.666721266485204e-03</slantRangeTime>
        <line>3022</line>
        <pixel>1273</pixel>
        <latitude>3.855596301716677e+01</latitude>
        <longitude>-1.122393148584132e+02</longitude>
        <height>2.128197655000000e+03</height>
        <incidenceAngle>3.677215861026969e+01</incidenceAngle>
        <elevationAngle>3.264815772777688e+01</elevationAngle>
      </geolocationGridPoint>
      <geolocationGridPoint>
        <azimuthTime>2015-05-16T13:34:25.519986</azimuthTime>
        <slantRangeTime>5.686505170268618e-03</slantRangeTime>
        <line>3022</line>
        <pixel>2546</pixel>
        <latitude>3.856382576451372e+01</latitude>
        <longitude>-1.122949900922077e+02</longitude>
        <height>2.128197655000000e+03</height>
        <incidenceAngle>3.708188165417188e+01</incidenceAngle>
        <elevationAngle>3.291353154010137e+01</elevationAngle>
      </geolocationGridPoint>
      <geolocationGridPoint>
        <azimuthTime>2015-05-16T13:34:25.519995</azimuthTime>
        <slantRangeTime>5.706289074052033e-03</slantRangeTime>
        <line>3022</line>
        <pixel>3819</pixel>
        <latitude>3.857160677504488e+01</latitude>
        <longitude>-1.123502837695867e+02</longitude>
        <height>2.128197655000000e+03</height>
        <incidenceAngle>3.738743607006076e+01</incidenceAngle>
        <elevationAngle>3.317505017673919e+01</elevationAngle>
      </geolocationGridPoint>
      <geolocationGridPoint>
        <azimuthTime>2015-05-16T13:34:25.520005</azimuthTime>
        <slantRangeTime>5.726072977835446e-03</slantRangeTime>
        <line>3022</line>
        <pixel>5092</pixel>
        <latitude>3.857930830330204e+01</latitude>
        <longitude>-1.124052078217938e+02</longitude>
        <height>2.128197655000000e+03</height>
        <incidenceAngle>3.768893748330287e+01</incidenceAngle>
        <elevationAngle>3.343281953500165e+01</elevationAngle>
      </geolocationGridPoint>
      <geolocationGridPoint>
        <azimuthTime>2015-05-16T13:34:25.520015</azimuthTime>
        <slantRangeTime>5.745856881618860e-03</slantRangeTime>
        <line>3022</line>
        <pixel>6365</pixel>
        <latitude>3.858693249689627e+01</latitude>
        <longitude>-1.124597736143005e+02</longitude>
        <height>2.128197655000000e+03</height>
        <incidenceAngle>3.798649635899391e+01</incidenceAngle>
        <elevationAngle>3.368694081298829e+01</elevationAngle>
      </geolocationGridPoint>
      <geolocationGridPoint>
        <azimuthTime>2015-05-16T13:34:25.520025</azimuthTime>
        <slantRangeTime>5.765640785402275e-03</slantRangeTime>
        <line>3022</line>
        <pixel>7638</pixel>
        <latitude>3.859448140336514e+01</latitude>
        <longitude>-1.125139919830923e+02</longitude>
        <height>2.128197655000000e+03</height>
        <incidenceAngle>3.828021832287979e+01</incidenceAngle>
        <elevationAngle>3.393751080093509e+01</elevationAngle>
      </geolocationGridPoint>
      <geolocationGridPoint>
        <azimuthTime>2015-05-16T13:34:25.520035</azimuthTime>
        <slantRangeTime>5.785424689185689e-03</slantRangeTime>
        <line>3022</line>
        <pixel>8911</pixel>
        <latitude>3.860195697647771e+01</latitude>
        <longitude>-1.125678732680311e+02</longitude>
        <height>2.128197655000000e+03</height>
        <incidenceAngle>3.857020445684557e+01</incidenceAngle>
        <elevationAngle>3.418462214951367e+01</elevationAngle>
      </geolocationGridPoint>
      <geolocationGridPoint>
        <azimuthTime>2015-05-16T13:34:25.520045</azimuthTime>
        <slantRangeTime>5.805208592969103e-03</slantRangeTime>
        <line>3022</line>
        <pixel>10184</pixel>
        <latitude>3.860936108204012e+01</latitude>
        <longitude>-1.126214273435765e+02</longitude>
        <height>2.128197655000000e+03</height>
        <incidenceAngle>3.885655157140404e+01</incidenceAngle>
        <elevationAngle>3.442836361728344e+01</elevationAngle>
      </geolocationGridPoint>
      <geolocationGridPoint>
        <azimuthTime>2015-05-16T13:34:25.520055</azimuthTime>
        <slantRangeTime>5.824992496752517e-03</slantRangeTime>
        <line>3022</line>
        <pixel>11457</pixel>
        <latitude>3.861669550324925e+01</latitude>
        <longitude>-1.126746636471139e+02</longitude>
        <height>2.128197655000000e+03</height>
        <incidenceAngle>3.913935245734388e+01</incidenceAngle>
        <elevationAngle>3.466882029925188e+01</elevationAngle>
      </geolocationGridPoint>
      <geolocationGridPoint>
        <azimuthTime>2015-05-16T13:34:25.520065</azimuthTime>
        <slantRangeTime>5.844776400535931e-03</slantRangeTime>
        <line>3022</line>
        <pixel>12730</pixel>
        <latitude>3.862396194563704e+01</latitude>
        <longitude>-1.127275912051176e+02</longitude>
        <height>2.128197655000000e+03</height>
        <incidenceAngle>3.941869611846290e+01</incidenceAngle>
        <elevationAngle>3.490607383828703e+01</elevationAngle>
      </geolocationGridPoint>
      <geolocationGridPoint>
        <azimuthTime>2015-05-16T13:34:25.520075</azimuthTime>
        <slantRangeTime>5.864560304319345e-03</slantRangeTime>
        <line>3022</line>
        <pixel>14003</pixel>
        <latitude>3.863116204164247e+01</latitude>
        <longitude>-1.127802186573420e+02</longitude>
        <height>2.128197655000000e+03</height>
        <incidenceAngle>3.969466798710258e+01</incidenceAngle>
        <elevationAngle>3.514020262093575e+01</elevationAngle>
      </geolocationGridPoint>
      <geolocationGridPoint>
        <azimuthTime>2015-05-16T13:34:25.520084</azimuthTime>
        <slantRangeTime>5.884344208102759e-03</slantRangeTime>
        <line>3022</line>
        <pixel>15276</pixel>
        <latitude>3.863829735484512e+01</latitude>
        <longitude>-1.128325542792238e+02</longitude>
        <height>2.128197655000000e+03</height>
        <incidenceAngle>3.996735012401966e+01</incidenceAngle>
        <elevationAngle>3.537128195903906e+01</elevationAngle>
      </geolocationGridPoint>
      <geolocationGridPoint>
        <azimuthTime>2015-05-16T13:34:25.520094</azimuthTime>
        <slantRangeTime>5.904128111886174e-03</slantRangeTime>
        <line>3022</line>
        <pixel>16549</pixel>
        <latitude>3.864536938389038e+01</latitude>
        <longitude>-1.128846060026506e+02</longitude>
        <height>2.128197655000000e+03</height>
        <incidenceAngle>4.023682140396944e+01</incidenceAngle>
        <elevationAngle>3.559938425838961e+01</elevationAngle>
      </geolocationGridPoint>
      <geolocationGridPoint>
        <azimuthTime>2015-05-16T13:34:25.520104</azimuthTime>
        <slantRangeTime>5.923912015669588e-03</slantRangeTime>
        <line>3022</line>
        <pixel>17822</pixel>
        <latitude>3.865237956613311e+01</latitude>
        <longitude>-1.129363814352409e+02</longitude>
        <height>2.128197655000000e+03</height>
        <incidenceAngle>4.050315768823758e+01</incidenceAngle>
        <elevationAngle>3.582457917555118e+01</elevationAngle>
      </geolocationGridPoint>
      <geolocationGridPoint>
        <azimuthTime>2015-05-16T13:34:25.520114</azimuthTime>
        <slantRangeTime>5.943695919453001e-03</slantRangeTime>
        <line>3022</line>
        <pixel>19095</pixel>
        <latitude>3.865932928102408e+01</latitude>
        <longitude>-1.129878878782622e+02</longitude>
        <height>2.128197655000000e+03</height>
        <incidenceAngle>4.076643198523133e+01</incidenceAngle>
        <elevationAngle>3.604693376384698e+01</elevationAngle>
      </geolocationGridPoint>
      <geolocationGridPoint>
        <azimuthTime>2015-05-16T13:34:25.520124</azimuthTime>
        <slantRangeTime>5.963479823236415e-03</slantRangeTime>
        <line>3022</line>
        <pixel>20368</pixel>
        <latitude>3.866621985326103e+01</latitude>
        <longitude>-1.130391323433039e+02</longitude>
        <height>2.128197655000000e+03</height>
        <incidenceAngle>4.102671460012451e+01</incidenceAngle>
        <elevationAngle>3.626651260941768e+01</elevationAngle>
      </geolocationGridPoint>
      <geolocationGridPoint>
        <azimuthTime>2015-05-16T13:34:25.520134</azimuthTime>
        <slantRangeTime>5.983263727019830e-03</slantRangeTime>
        <line>3022</line>
        <pixel>21641</pixel>
        <latitude>3.867305255572391e+01</latitude>
        <longitude>-1.130901215678079e+02</longitude>
        <height>2.128197655000000e+03</height>
        <incidenceAngle>4.128407327446694e+01</incidenceAngle>
        <elevationAngle>3.648337795817383e+01</elevationAngle>
      </geolocationGridPoint>
      <geolocationGridPoint>
        <azimuthTime>2015-05-16T13:34:25.520144</azimuthTime>
        <slantRangeTime>6.003047630803244e-03</slantRangeTime>
        <line>3022</line>
        <pixel>22914</pixel>
        <latitude>3.867982861221204e+01</latitude>
        <longitude>-1.131408620295511e+02</longitude>
        <height>2.128197655000000e+03</height>
        <incidenceAngle>4.153857331656734e+01</incidenceAngle>
        <elevationAngle>3.669758983437610e+01</elevationAngle>
      </geolocationGridPoint>
      <geolocationGridPoint>
        <azimuthTime>2015-05-16T13:34:25.520154</azimuthTime>
        <slantRangeTime>6.022831534586658e-03</slantRangeTime>
        <line>3022</line>
        <pixel>24187</pixel>
        <latitude>3.868654919999937e+01</latitude>
        <longitude>-1.131913599601655e+02</longitude>
        <height>2.128197655000000e+03</height>
        <incidenceAngle>4.179027772339139e+01</incidenceAngle>
        <elevationAngle>3.690920615151562e+01</elevationAngle>
      </geolocationGridPoint>
      <geolocationGridPoint>
        <azimuthTime>2015-05-16T13:34:25.520163</azimuthTime>
        <slantRangeTime>6.042320156224051e-03</slantRangeTime>
        <line>3022</line>
        <pixel>25441</pixel>
        <latitude>3.869311634999934e+01</latitude>
        <longitude>-1.132408728981204e+02</longitude>
        <height>2.128197655000000e+03</height>
        <incidenceAngle>4.203555114741278e+01</incidenceAngle>
        <elevationAngle>3.711518067367662e+01</elevationAngle>
      </geolocationGridPoint>
      <geolocationGridPoint>
        <azimuthTime>2015-05-16T13:34:28.278526</azimuthTime>
        <slantRangeTime>5.646937362701790e-03</slantRangeTime>
        <line>4533</line>
        <pixel>0</pixel>
        <latitude>3.838218781874782e+01</latitude>
        <longitude>-1.122219030942944e+02</longitude>
        <height>2.128197655000000e+03</height>
        <incidenceAngle>3.646223874126756e+01</incidenceAngle>
        <elevationAngle>3.238253166362022e+01</elevationAngle>
      </geolocationGridPoint>
      <geolocationGridPoint>
        <azimuthTime>2015-05-16T13:34:28.278536</azimuthTime>
        <slantRangeTime>5.666721266485204e-03</slantRangeTime>
        <line>4533</line>
        <pixel>1273</pixel>
        <latitude>3.839013575276183e+01</latitude>
        <longitude>-1.122778384998293e+02</longitude>
        <height>2.128197655000000e+03</height>
        <incidenceAngle>3.677620732449892e+01</incidenceAngle>
        <elevationAngle>3.265183198869640e+01</elevationAngle>
      </geolocationGridPoint>
      <geolocationGridPoint>
        <azimuthTime>2015-05-16T13:34:28.278546</azimuthTime>
        <slantRangeTime>5.686505170268618e-03</slantRangeTime>
        <line>4533</line>
        <pixel>2546</pixel>
        <latitude>3.839799975089914e+01</latitude>
        <longitude>-1.123333807975030e+02</longitude>
        <height>2.128197655000000e+03</height>
        <incidenceAngle>3.708588738900863e+01</incidenceAngle>
        <elevationAngle>3.291716734381834e+01</elevationAngle>
      </geolocationGridPoint>
      <geolocationGridPoint>
        <azimuthTime>2015-05-16T13:34:28.278555</azimuthTime>
        <slantRangeTime>5.706289074052033e-03</slantRangeTime>
        <line>4533</line>
        <pixel>3819</pixel>
        <latitude>3.840578217801453e+01</latitude>
        <longitude>-1.123885424899433e+02</longitude>
        <height>2.128197655000000e+03</height>
        <incidenceAngle>3.739140001106445e+01</incidenceAngle>
        <elevationAngle>3.317864858976126e+01</elevationAngle>
      </geolocationGridPoint>
      <geolocationGridPoint>
        <azimuthTime>2015-05-16T13:34:28.278565</azimuthTime>
        <slantRangeTime>5.726072977835446e-03</slantRangeTime>
        <line>4533</line>
        <pixel>5092</pixel>
        <latitude>3.841348528478167e+01</latitude>
        <longitude>-1.124433354762349e+02</longitude>
        <height>2.128197655000000e+03</height>
        <incidenceAngle>3.769286076136322e+01</incidenceAngle>
        <elevationAngle>3.343638157462652e+01</elevationAngle>
      </geolocationGridPoint>
      <geolocationGridPoint>
        <azimuthTime>2015-05-16T13:34:28.278575</azimuthTime>
        <slantRangeTime>5.745856881618860e-03</slantRangeTime>
        <line>4533</line>
        <pixel>6365</pixel>
        <latitude>3.842111121514755e+01</latitude>
        <longitude>-1.124977710913271e+02</longitude>
        <height>2.128197655000000e+03</height>
        <incidenceAngle>3.799038005381730e+01</incidenceAngle>
        <elevationAngle>3.369046745044306e+01</elevationAngle>
      </geolocationGridPoint>
      <geolocationGridPoint>
        <azimuthTime>2015-05-16T13:34:28.278585</azimuthTime>
        <slantRangeTime>5.765640785402275e-03</slantRangeTime>
        <line>4533</line>
        <pixel>7638</pixel>
        <latitude>3.842866201317536e+01</latitude>
        <longitude>-1.125518601422082e+02</longitude>
        <height>2.128197655000000e+03</height>
        <incidenceAngle>3.828406346619209e+01</incidenceAngle>
        <elevationAngle>3.394100296425992e+01</elevationAngle>
      </geolocationGridPoint>
      <geolocationGridPoint>
        <azimuthTime>2015-05-16T13:34:28.278595</azimuthTime>
        <slantRangeTime>5.785424689185689e-03</slantRangeTime>
        <line>4533</line>
        <pixel>8911</pixel>
        <latitude>3.843613962933630e+01</latitude>
        <longitude>-1.126056129411653e+02</longitude>
        <height>2.128197655000000e+03</height>
        <incidenceAngle>3.857401203534155e+01</incidenceAngle>
        <elevationAngle>3.418808072621746e+01</elevationAngle>
      </geolocationGridPoint>
      <geolocationGridPoint>
        <azimuthTime>2015-05-16T13:34:28.278605</azimuthTime>
        <slantRangeTime>5.805208592969103e-03</slantRangeTime>
        <line>4533</line>
        <pixel>10184</pixel>
        <latitude>3.844354592630309e+01</latitude>
        <longitude>-1.126590393364115e+02</longitude>
        <height>2.128197655000000e+03</height>
        <incidenceAngle>3.886032252946742e+01</incidenceAngle>
        <elevationAngle>3.443178945679289e+01</elevationAngle>
      </geolocationGridPoint>
      <geolocationGridPoint>
        <azimuthTime>2015-05-16T13:34:28.278615</azimuthTime>
        <slantRangeTime>5.824992496752517e-03</slantRangeTime>
        <line>4533</line>
        <pixel>11457</pixel>
        <latitude>3.845088268429293e+01</latitude>
        <longitude>-1.127121487403293e+02</longitude>
        <height>2.128197655000000e+03</height>
        <incidenceAngle>3.914308769956006e+01</incidenceAngle>
        <elevationAngle>3.467221421517386e+01</elevationAngle>
      </geolocationGridPoint>
      <geolocationGridPoint>
        <azimuthTime>2015-05-16T13:34:28.278625</azimuthTime>
        <slantRangeTime>5.844776400535931e-03</slantRangeTime>
        <line>4533</line>
        <pixel>12730</pixel>
        <latitude>3.845815160600146e+01</latitude>
        <longitude>-1.127649501555529e+02</longitude>
        <height>2.128197655000000e+03</height>
        <incidenceAngle>3.942239651194117e+01</incidenceAngle>
        <elevationAngle>3.490943661049912e+01</elevationAngle>
      </geolocationGridPoint>
      <geolocationGridPoint>
        <azimuthTime>2015-05-16T13:34:28.278635</azimuthTime>
        <slantRangeTime>5.864560304319345e-03</slantRangeTime>
        <line>4533</line>
        <pixel>14003</pixel>
        <latitude>3.846535432116553e+01</latitude>
        <longitude>-1.128174521990882e+02</longitude>
        <height>2.128197655000000e+03</height>
        <incidenceAngle>3.969833436362767e+01</incidenceAngle>
        <elevationAngle>3.514353499752364e+01</elevationAngle>
      </geolocationGridPoint>
      <geolocationGridPoint>
        <azimuthTime>2015-05-16T13:34:28.278644</azimuthTime>
        <slantRangeTime>5.884344208102759e-03</slantRangeTime>
        <line>4533</line>
        <pixel>15276</pixel>
        <latitude>3.847249239078853e+01</latitude>
        <longitude>-1.128696631246473e+02</longitude>
        <height>2.128197655000000e+03</height>
        <incidenceAngle>3.997098328204669e+01</incidenceAngle>
        <elevationAngle>3.537458465809246e+01</elevationAngle>
      </geolocationGridPoint>
      <geolocationGridPoint>
        <azimuthTime>2015-05-16T13:34:28.278654</azimuthTime>
        <slantRangeTime>5.904128111886174e-03</slantRangeTime>
        <line>4533</line>
        <pixel>16549</pixel>
        <latitude>3.847956731105743e+01</latitude>
        <longitude>-1.129215908433550e+02</longitude>
        <height>2.128197655000000e+03</height>
        <incidenceAngle>4.024042211047477e+01</incidenceAngle>
        <elevationAngle>3.560265796966857e+01</elevationAngle>
      </geolocationGridPoint>
      <geolocationGridPoint>
        <azimuthTime>2015-05-16T13:34:28.278664</azimuthTime>
        <slantRangeTime>5.923912015669588e-03</slantRangeTime>
        <line>4533</line>
        <pixel>17822</pixel>
        <latitude>3.848658051697937e+01</latitude>
        <longitude>-1.129732429429721e+02</longitude>
        <height>2.128197655000000e+03</height>
        <incidenceAngle>4.050672668044145e+01</incidenceAngle>
        <elevationAngle>3.582782456203687e+01</elevationAngle>
      </geolocationGridPoint>
      <geolocationGridPoint>
        <azimuthTime>2015-05-16T13:34:28.278674</azimuthTime>
        <slantRangeTime>5.943695919453001e-03</slantRangeTime>
        <line>4533</line>
        <pixel>19095</pixel>
        <latitude>3.849353338576144e+01</latitude>
        <longitude>-1.130246267057605e+02</longitude>
        <height>2.128197655000000e+03</height>
        <incidenceAngle>4.076996997219840e+01</incidenceAngle>
        <elevationAngle>3.605015146318283e+01</elevationAngle>
      </geolocationGridPoint>
      <geolocationGridPoint>
        <azimuthTime>2015-05-16T13:34:28.278684</azimuthTime>
        <slantRangeTime>5.963479823236415e-03</slantRangeTime>
        <line>4533</line>
        <pixel>20368</pixel>
        <latitude>3.850042723995558e+01</latitude>
        <longitude>-1.130757491251067e+02</longitude>
        <height>2.128197655000000e+03</height>
        <incidenceAngle>4.103022226425676e+01</incidenceAngle>
        <elevationAngle>3.626970323525307e+01</elevationAngle>
      </geolocationGridPoint>
      <geolocationGridPoint>
        <azimuthTime>2015-05-16T13:34:28.278694</azimuthTime>
        <slantRangeTime>5.983263727019830e-03</slantRangeTime>
        <line>4533</line>
        <pixel>21641</pixel>
        <latitude>3.850726335038808e+01</latitude>
        <longitude>-1.131266169210072e+02</longitude>
        <height>2.128197655000000e+03</height>
        <incidenceAngle>4.128755127289658e+01</incidenceAngle>
        <elevationAngle>3.648654210141827e+01</elevationAngle>
      </geolocationGridPoint>
      <geolocationGridPoint>
        <azimuthTime>2015-05-16T13:34:28.278704</azimuthTime>
        <slantRangeTime>6.003047630803244e-03</slantRangeTime>
        <line>4533</line>
        <pixel>22914</pixel>
        <latitude>3.851404293889141e+01</latitude>
        <longitude>-1.131772365545088e+02</longitude>
        <height>2.128197655000000e+03</height>
        <incidenceAngle>4.154202228245464e+01</incidenceAngle>
        <elevationAngle>3.670072806436750e+01</elevationAngle>
      </geolocationGridPoint>
      <geolocationGridPoint>
        <azimuthTime>2015-05-16T13:34:28.278714</azimuthTime>
        <slantRangeTime>6.022831534586658e-03</slantRangeTime>
        <line>4533</line>
        <pixel>24187</pixel>
        <latitude>3.852076718085464e+01</latitude>
        <longitude>-1.132276142411891e+02</longitude>
        <height>2.128197655000000e+03</height>
        <incidenceAngle>4.179369826714075e+01</incidenceAngle>
        <elevationAngle>3.691231901711496e+01</elevationAngle>
      </geolocationGridPoint>
      <geolocationGridPoint>
        <azimuthTime>2015-05-16T13:34:28.278723</azimuthTime>
        <slantRangeTime>6.042320156224051e-03</slantRangeTime>
        <line>4533</line>
        <pixel>25441</pixel>
        <latitude>3.852733804817122e+01</latitude>
        <longitude>-1.132770092861877e+02</longitude>
        <height>2.128197655000000e+03</height>
        <incidenceAngle>4.203894426900443e+01</incidenceAngle>
        <elevationAngle>3.711826907116096e+01</elevationAngle>
      </geolocationGridPoint>
      <geolocationGridPoint>
        <azimuthTime>2015-05-16T13:34:31.035026</azimuthTime>
        <slantRangeTime>5.646937362701790e-03</slantRangeTime>
        <line>6044</line>
        <pixel>0</pixel>
        <latitude>3.821647436833128e+01</latitude>
        <longitude>-1.122604505801532e+02</longitude>
        <height>2.128197655000000e+03</height>
        <incidenceAngle>3.646631414935658e+01</incidenceAngle>
        <elevationAngle>3.238622969229242e+01</elevationAngle>
      </geolocationGridPoint>
      <geolocationGridPoint>
        <azimuthTime>2015-05-16T13:34:31.035036</azimuthTime>
        <slantRangeTime>5.666721266485204e-03</slantRangeTime>
        <line>6044</line>
        <pixel>1273</pixel>
        <latitude>3.822442345392849e+01</latitude>
        <longitude>-1.123162532412249e+02</longitude>
        <height>2.128197655000000e+03</height>
        <incidenceAngle>3.678023871672832e+01</incidenceAngle>
        <elevationAngle>3.265549062748931e+01</elevationAngle>
      </geolocationGridPoint>
      <geolocationGridPoint>
        <azimuthTime>2015-05-16T13:34:31.035046</azimuthTime>
        <slantRangeTime>5.686505170268618e-03</slantRangeTime>
        <line>6044</line>
        <pixel>2546</pixel>
        <latitude>3.823228877206031e+01</latitude>
        <longitude>-1.123716637709681e+02</longitude>
        <height>2.128197655000000e+03</height>
        <incidenceAngle>3.708987600326665e+01</incidenceAngle>
        <elevationAngle>3.292078770634659e+01</elevationAngle>
      </geolocationGridPoint>
      <geolocationGridPoint>
        <azimuthTime>2015-05-16T13:34:31.035055</azimuthTime>
        <slantRangeTime>5.706289074052033e-03</slantRangeTime>
        <line>6044</line>
        <pixel>3819</pixel>
        <latitude>3.824007268353394e+01</latitude>
        <longitude>-1.124266946383887e+02</longitude>
        <height>2.128197655000000e+03</height>
        <incidenceAngle>3.739534702707370e+01</incidenceAngle>
        <elevationAngle>3.318223173728153e+01</elevationAngle>
      </geolocationGridPoint>
      <geolocationGridPoint>
        <azimuthTime>2015-05-16T13:34:31.035065</azimuthTime>
        <slantRangeTime>5.726072977835446e-03</slantRangeTime>
        <line>6044</line>
        <pixel>5092</pixel>
        <latitude>3.824777743519329e+01</latitude>
        <longitude>-1.124813577106935e+02</longitude>
        <height>2.128197655000000e+03</height>
        <incidenceAngle>3.769676730445931e+01</incidenceAngle>
        <elevationAngle>3.343992851944013e+01</elevationAngle>
      </geolocationGridPoint>
      <geolocationGridPoint>
        <azimuthTime>2015-05-16T13:34:31.035075</azimuthTime>
        <slantRangeTime>5.745856881618860e-03</slantRangeTime>
        <line>6044</line>
        <pixel>6365</pixel>
        <latitude>3.825540516735754e+01</latitude>
        <longitude>-1.125356642925760e+02</longitude>
        <height>2.128197655000000e+03</height>
        <incidenceAngle>3.799424719841322e+01</incidenceAngle>
        <elevationAngle>3.369397915901526e+01</elevationAngle>
      </geolocationGridPoint>
      <geolocationGridPoint>
        <azimuthTime>2015-05-16T13:34:31.035085</azimuthTime>
        <slantRangeTime>5.765640785402275e-03</slantRangeTime>
        <line>6044</line>
        <pixel>7638</pixel>
        <latitude>3.826295792065006e+01</latitude>
        <longitude>-1.125896251622799e+02</longitude>
        <height>2.128197655000000e+03</height>
        <incidenceAngle>3.828789223896468e+01</incidenceAngle>
        <elevationAngle>3.394448036008891e+01</elevationAngle>
      </geolocationGridPoint>
      <geolocationGridPoint>
        <azimuthTime>2015-05-16T13:34:31.035095</azimuthTime>
        <slantRangeTime>5.785424689185689e-03</slantRangeTime>
        <line>6044</line>
        <pixel>8911</pixel>
        <latitude>3.827043764227685e+01</latitude>
        <longitude>-1.126432506047577e+02</longitude>
        <height>2.128197655000000e+03</height>
        <incidenceAngle>3.857780341816589e+01</incidenceAngle>
        <elevationAngle>3.419152469247667e+01</elevationAngle>
      </geolocationGridPoint>
      <geolocationGridPoint>
        <azimuthTime>2015-05-16T13:34:31.035105</azimuthTime>
        <slantRangeTime>5.805208592969103e-03</slantRangeTime>
        <line>6044</line>
        <pixel>10184</pixel>
        <latitude>3.827784619180852e+01</latitude>
        <longitude>-1.126965504422050e+02</longitude>
        <height>2.128197655000000e+03</height>
        <incidenceAngle>3.886407746212257e+01</incidenceAngle>
        <elevationAngle>3.443520083876686e+01</elevationAngle>
      </geolocationGridPoint>
      <geolocationGridPoint>
        <azimuthTime>2015-05-16T13:34:31.035115</azimuthTime>
        <slantRangeTime>5.824992496752517e-03</slantRangeTime>
        <line>6044</line>
        <pixel>11457</pixel>
        <latitude>3.828518534651214e+01</latitude>
        <longitude>-1.127495340622183e+02</longitude>
        <height>2.128197655000000e+03</height>
        <incidenceAngle>3.914680708222789e+01</incidenceAngle>
        <elevationAngle>3.467559382250823e+01</elevationAngle>
      </geolocationGridPoint>
      <geolocationGridPoint>
        <azimuthTime>2015-05-16T13:34:31.035125</azimuthTime>
        <slantRangeTime>5.844776400535931e-03</slantRangeTime>
        <line>6044</line>
        <pixel>12730</pixel>
        <latitude>3.829245680627526e+01</latitude>
        <longitude>-1.128022104437997e+02</longitude>
        <height>2.128197655000000e+03</height>
        <incidenceAngle>3.942608120751718e+01</incidenceAngle>
        <elevationAngle>3.491278521928123e+01</elevationAngle>
      </geolocationGridPoint>
      <geolocationGridPoint>
        <azimuthTime>2015-05-16T13:34:31.035135</azimuthTime>
        <slantRangeTime>5.864560304319345e-03</slantRangeTime>
        <line>6044</line>
        <pixel>14003</pixel>
        <latitude>3.829966219815976e+01</latitude>
        <longitude>-1.128545881814040e+02</longitude>
        <height>2.128197655000000e+03</height>
        <incidenceAngle>3.970198519986063e+01</incidenceAngle>
        <elevationAngle>3.514685335220875e+01</elevationAngle>
      </geolocationGridPoint>
      <geolocationGridPoint>
        <azimuthTime>2015-05-16T13:34:31.035144</azimuthTime>
        <slantRangeTime>5.884344208102759e-03</slantRangeTime>
        <line>6044</line>
        <pixel>15276</pixel>
        <latitude>3.830680308061832e+01</latitude>
        <longitude>-1.129066755072072e+02</longitude>
        <height>2.128197655000000e+03</height>
        <incidenceAngle>3.997460105352292e+01</incidenceAngle>
        <elevationAngle>3.537787347329031e+01</elevationAngle>
      </geolocationGridPoint>
      <geolocationGridPoint>
        <azimuthTime>2015-05-16T13:34:31.035154</azimuthTime>
        <slantRangeTime>5.904128111886174e-03</slantRangeTime>
        <line>6044</line>
        <pixel>16549</pixel>
        <latitude>3.831388094740414e+01</latitude>
        <longitude>-1.129584803117519e+02</longitude>
        <height>2.128197655000000e+03</height>
        <incidenceAngle>4.024400758046076e+01</incidenceAngle>
        <elevationAngle>3.560591793180217e+01</elevationAngle>
      </geolocationGridPoint>
      <geolocationGridPoint>
        <azimuthTime>2015-05-16T13:34:31.035164</azimuthTime>
        <slantRangeTime>5.923912015669588e-03</slantRangeTime>
        <line>6044</line>
        <pixel>17822</pixel>
        <latitude>3.832089723120015e+01</latitude>
        <longitude>-1.130100101631134e+02</longitude>
        <height>2.128197655000000e+03</height>
        <incidenceAngle>4.051028058259613e+01</incidenceAngle>
        <elevationAngle>3.583105633088418e+01</elevationAngle>
      </geolocationGridPoint>
      <geolocationGridPoint>
        <azimuthTime>2015-05-16T13:34:31.035174</azimuthTime>
        <slantRangeTime>5.943695919453001e-03</slantRangeTime>
        <line>6044</line>
        <pixel>19095</pixel>
        <latitude>3.832785330699222e+01</latitude>
        <longitude>-1.130612723247127e+02</longitude>
        <height>2.128197655000000e+03</height>
        <incidenceAngle>4.077349301216630e+01</incidenceAngle>
        <elevationAngle>3.605335567331092e+01</elevationAngle>
      </geolocationGridPoint>
      <geolocationGridPoint>
        <azimuthTime>2015-05-16T13:34:31.035184</azimuthTime>
        <slantRangeTime>5.963479823236415e-03</slantRangeTime>
        <line>6044</line>
        <pixel>20368</pixel>
        <latitude>3.833475049520796e+01</latitude>
        <longitude>-1.131122737718912e+02</longitude>
        <height>2.128197655000000e+03</height>
        <incidenceAngle>4.103371512115302e+01</incidenceAngle>
        <elevationAngle>3.627288049735507e+01</elevationAngle>
      </geolocationGridPoint>
      <geolocationGridPoint>
        <azimuthTime>2015-05-16T13:34:31.035194</azimuthTime>
        <slantRangeTime>5.983263727019830e-03</slantRangeTime>
        <line>6044</line>
        <pixel>21641</pixel>
        <latitude>3.834159006464056e+01</latitude>
        <longitude>-1.131630212073511e+02</longitude>
        <height>2.128197655000000e+03</height>
        <incidenceAngle>4.129101460069052e+01</incidenceAngle>
        <elevationAngle>3.648969300355888e+01</elevationAngle>
      </geolocationGridPoint>
      <geolocationGridPoint>
        <azimuthTime>2015-05-16T13:34:31.035204</azimuthTime>
        <slantRangeTime>6.003047630803244e-03</slantRangeTime>
        <line>6044</line>
        <pixel>22914</pixel>
        <latitude>3.834837323517540e+01</latitude>
        <longitude>-1.132135210755539e+02</longitude>
        <height>2.128197655000000e+03</height>
        <incidenceAngle>4.154545671126504e+01</incidenceAngle>
        <elevationAngle>3.670385317314899e+01</elevationAngle>
      </geolocationGridPoint>
      <geolocationGridPoint>
        <azimuthTime>2015-05-16T13:34:31.035214</azimuthTime>
        <slantRangeTime>6.022831534586658e-03</slantRangeTime>
        <line>6044</line>
        <pixel>24187</pixel>
        <latitude>3.835510118033562e+01</latitude>
        <longitude>-1.132637795761621e+02</longitude>
        <height>2.128197655000000e+03</height>
        <incidenceAngle>4.179710440444317e+01</incidenceAngle>
        <elevationAngle>3.691541887876404e+01</elevationAngle>
      </geolocationGridPoint>
      <geolocationGridPoint>
        <azimuthTime>2015-05-16T13:34:31.035223</azimuthTime>
        <slantRangeTime>6.042320156224051e-03</slantRangeTime>
        <line>6044</line>
        <pixel>25441</pixel>
        <latitude>3.836167581230289e+01</latitude>
        <longitude>-1.133130577654392e+02</longitude>
        <height>2.128197655000000e+03</height>
        <incidenceAngle>4.204232311007070e+01</incidenceAngle>
        <elevationAngle>3.712134457772330e+01</elevationAngle>
      </geolocationGridPoint>
      <geolocationGridPoint>
        <azimuthTime>2015-05-16T13:34:33.793571</azimuthTime>
        <slantRangeTime>5.646937362701790e-03</slantRangeTime>
        <line>7555</line>
        <pixel>0</pixel>
        <latitude>3.805062916319913e+01</latitude>
        <longitude>-1.122989463596031e+02</longitude>
        <height>2.128197655000000e+03</height>
        <incidenceAngle>3.647037789817447e+01</incidenceAngle>
        <elevationAngle>3.238991723937298e+01</elevationAngle>
      </geolocationGridPoint>
      <geolocationGridPoint>
        <azimuthTime>2015-05-16T13:34:33.793581</azimuthTime>
        <slantRangeTime>5.666721266485204e-03</slantRangeTime>
        <line>7555</line>
        <pixel>1273</pixel>
        <latitude>3.805857947319565e+01</latitude>
        <longitude>-1.123546172460014e+02</longitude>
        <height>2.128197655000000e+03</height>
        <incidenceAngle>3.678425859374275e+01</incidenceAngle>
        <elevationAngle>3.265913891432892e+01</elevationAngle>
      </geolocationGridPoint>
      <geolocationGridPoint>
        <azimuthTime>2015-05-16T13:34:33.793591</azimuthTime>
        <slantRangeTime>5.686505170268618e-03</slantRangeTime>
        <line>7555</line>
        <pixel>2546</pixel>
        <latitude>3.806644618291385e+01</latitude>
        <longitude>-1.124098969705512e+02</longitude>
        <height>2.128197655000000e+03</height>
        <incidenceAngle>3.709385324201880e+01</incidenceAngle>
        <elevationAngle>3.292439784264903e+01</elevationAngle>
      </geolocationGridPoint>
      <geolocationGridPoint>
        <azimuthTime>2015-05-16T13:34:33.793601</azimuthTime>
        <slantRangeTime>5.706289074052033e-03</slantRangeTime>
        <line>7555</line>
        <pixel>3819</pixel>
        <latitude>3.807423164914789e+01</latitude>
        <longitude>-1.124647979688809e+02</longitude>
        <height>2.128197655000000e+03</height>
        <incidenceAngle>3.739928280315656e+01</incidenceAngle>
        <elevationAngle>3.318580478058839e+01</elevationAngle>
      </geolocationGridPoint>
      <geolocationGridPoint>
        <azimuthTime>2015-05-16T13:34:33.793611</azimuthTime>
        <slantRangeTime>5.726072977835446e-03</slantRangeTime>
        <line>7555</line>
        <pixel>5092</pixel>
        <latitude>3.808193811494456e+01</latitude>
        <longitude>-1.125193320765507e+02</longitude>
        <height>2.128197655000000e+03</height>
        <incidenceAngle>3.770066273927942e+01</incidenceAngle>
        <elevationAngle>3.344346547851799e+01</elevationAngle>
      </geolocationGridPoint>
      <geolocationGridPoint>
        <azimuthTime>2015-05-16T13:34:33.793621</azimuthTime>
        <slantRangeTime>5.745856881618860e-03</slantRangeTime>
        <line>7555</line>
        <pixel>6365</pixel>
        <latitude>3.808956771702635e+01</latitude>
        <longitude>-1.125735105682178e+02</longitude>
        <height>2.128197655000000e+03</height>
        <incidenceAngle>3.799810336264257e+01</incidenceAngle>
        <elevationAngle>3.369748099696378e+01</elevationAngle>
      </geolocationGridPoint>
      <geolocationGridPoint>
        <azimuthTime>2015-05-16T13:34:33.793631</azimuthTime>
        <slantRangeTime>5.765640785402275e-03</slantRangeTime>
        <line>7555</line>
        <pixel>7638</pixel>
        <latitude>3.809712249260605e+01</latitude>
        <longitude>-1.126273441935894e+02</longitude>
        <height>2.128197655000000e+03</height>
        <incidenceAngle>3.829171015571485e+01</incidenceAngle>
        <elevationAngle>3.394794799719902e+01</elevationAngle>
      </geolocationGridPoint>
      <geolocationGridPoint>
        <azimuthTime>2015-05-16T13:34:33.793640</azimuthTime>
        <slantRangeTime>5.785424689185689e-03</slantRangeTime>
        <line>7555</line>
        <pixel>8911</pixel>
        <latitude>3.810460438565261e+01</latitude>
        <longitude>-1.126808432104816e+02</longitude>
        <height>2.128197655000000e+03</height>
        <incidenceAngle>3.858158406591095e+01</incidenceAngle>
        <elevationAngle>3.419495900886206e+01</elevationAngle>
      </geolocationGridPoint>
      <geolocationGridPoint>
        <azimuthTime>2015-05-16T13:34:33.793650</azimuthTime>
        <slantRangeTime>5.805208592969103e-03</slantRangeTime>
        <line>7555</line>
        <pixel>10184</pixel>
        <latitude>3.811201525266107e+01</latitude>
        <longitude>-1.127340174152604e+02</longitude>
        <height>2.128197655000000e+03</height>
        <incidenceAngle>3.886782177739498e+01</incidenceAngle>
        <elevationAngle>3.443860267679146e+01</elevationAngle>
      </geolocationGridPoint>
      <geolocationGridPoint>
        <azimuthTime>2015-05-16T13:34:33.793660</azimuthTime>
        <slantRangeTime>5.824992496752517e-03</slantRangeTime>
        <line>7555</line>
        <pixel>11457</pixel>
        <latitude>3.811935686797366e+01</latitude>
        <longitude>-1.127868761709158e+02</longitude>
        <height>2.128197655000000e+03</height>
        <incidenceAngle>3.915051596210589e+01</incidenceAngle>
        <elevationAngle>3.467896398902572e+01</elevationAngle>
      </geolocationGridPoint>
      <geolocationGridPoint>
        <azimuthTime>2015-05-16T13:34:33.793670</azimuthTime>
        <slantRangeTime>5.844776400535931e-03</slantRangeTime>
        <line>7555</line>
        <pixel>12730</pixel>
        <latitude>3.812663092869414e+01</latitude>
        <longitude>-1.128394284329881e+02</longitude>
        <height>2.128197655000000e+03</height>
        <incidenceAngle>3.942975551192877e+01</incidenceAngle>
        <elevationAngle>3.491612448770935e+01</elevationAngle>
      </geolocationGridPoint>
      <geolocationGridPoint>
        <azimuthTime>2015-05-16T13:34:33.793680</azimuthTime>
        <slantRangeTime>5.864560304319345e-03</slantRangeTime>
        <line>7555</line>
        <pixel>14003</pixel>
        <latitude>3.813383905923223e+01</latitude>
        <longitude>-1.128916827735441e+02</longitude>
        <height>2.128197655000000e+03</height>
        <incidenceAngle>3.970562575371440e+01</incidenceAngle>
        <elevationAngle>3.515016246444772e+01</elevationAngle>
      </geolocationGridPoint>
      <geolocationGridPoint>
        <azimuthTime>2015-05-16T13:34:33.793690</azimuthTime>
        <slantRangeTime>5.884344208102759e-03</slantRangeTime>
        <line>7555</line>
        <pixel>15276</pixel>
        <latitude>3.814098281551203e+01</latitude>
        <longitude>-1.129436474033790e+02</longitude>
        <height>2.128197655000000e+03</height>
        <incidenceAngle>3.997820864868444e+01</incidenceAngle>
        <elevationAngle>3.538115314150227e+01</elevationAngle>
      </geolocationGridPoint>
      <geolocationGridPoint>
        <azimuthTime>2015-05-16T13:34:33.793700</azimuthTime>
        <slantRangeTime>5.904128111886174e-03</slantRangeTime>
        <line>7555</line>
        <pixel>16549</pixel>
        <latitude>3.814806368887389e+01</latitude>
        <longitude>-1.129953301926015e+02</longitude>
        <height>2.128197655000000e+03</height>
        <incidenceAngle>4.024758297758882e+01</incidenceAngle>
        <elevationAngle>3.560916884006441e+01</elevationAngle>
      </geolocationGridPoint>
      <geolocationGridPoint>
        <azimuthTime>2015-05-16T13:34:33.793710</azimuthTime>
        <slantRangeTime>5.923912015669588e-03</slantRangeTime>
        <line>7555</line>
        <pixel>17822</pixel>
        <latitude>3.815508310969663e+01</latitude>
        <longitude>-1.130467386897432e+02</longitude>
        <height>2.128197655000000e+03</height>
        <incidenceAngle>4.051382451284771e+01</incidenceAngle>
        <elevationAngle>3.583427913672396e+01</elevationAngle>
      </geolocationGridPoint>
      <geolocationGridPoint>
        <azimuthTime>2015-05-16T13:34:33.793720</azimuthTime>
        <slantRangeTime>5.943695919453001e-03</slantRangeTime>
        <line>7555</line>
        <pixel>19095</pixel>
        <latitude>3.816204245076409e+01</latitude>
        <longitude>-1.130978801395196e+02</longitude>
        <height>2.128197655000000e+03</height>
        <incidenceAngle>4.077700617878430e+01</incidenceAngle>
        <elevationAngle>3.605655100913486e+01</elevationAngle>
      </geolocationGridPoint>
      <geolocationGridPoint>
        <azimuthTime>2015-05-16T13:34:33.793730</azimuthTime>
        <slantRangeTime>5.963479823236415e-03</slantRangeTime>
        <line>7555</line>
        <pixel>20368</pixel>
        <latitude>3.816894303039794e+01</latitude>
        <longitude>-1.131487614993571e+02</longitude>
        <height>2.128197655000000e+03</height>
        <incidenceAngle>4.103719820094543e+01</incidenceAngle>
        <elevationAngle>3.627604897178088e+01</elevationAngle>
      </geolocationGridPoint>
      <geolocationGridPoint>
        <azimuthTime>2015-05-16T13:34:33.793739</azimuthTime>
        <slantRangeTime>5.983263727019830e-03</slantRangeTime>
        <line>7555</line>
        <pixel>21641</pixel>
        <latitude>3.817578611537589e+01</latitude>
        <longitude>-1.131993894547880e+02</longitude>
        <height>2.128197655000000e+03</height>
        <incidenceAngle>4.129446824541117e+01</incidenceAngle>
        <elevationAngle>3.649283520265826e+01</elevationAngle>
      </geolocationGridPoint>
      <geolocationGridPoint>
        <azimuthTime>2015-05-16T13:34:33.793749</azimuthTime>
        <slantRangeTime>6.003047630803244e-03</slantRangeTime>
        <line>7555</line>
        <pixel>22914</pixel>
        <latitude>3.818257292365315e+01</latitude>
        <longitude>-1.132497704338075e+02</longitude>
        <height>2.128197655000000e+03</height>
        <incidenceAngle>4.154888154889976e+01</incidenceAngle>
        <elevationAngle>3.670696966160552e+01</elevationAngle>
      </geolocationGridPoint>
      <geolocationGridPoint>
        <azimuthTime>2015-05-16T13:34:33.793759</azimuthTime>
        <slantRangeTime>6.022831534586658e-03</slantRangeTime>
        <line>7555</line>
        <pixel>24187</pixel>
        <latitude>3.818930462690306e+01</latitude>
        <longitude>-1.132999106202769e+02</longitude>
        <height>2.128197655000000e+03</height>
        <incidenceAngle>4.180050104041460e+01</incidenceAngle>
        <elevationAngle>3.691851020095778e+01</elevationAngle>
      </geolocationGridPoint>
      <geolocationGridPoint>
        <azimuthTime>2015-05-16T13:34:33.793769</azimuthTime>
        <slantRangeTime>6.042320156224051e-03</slantRangeTime>
        <line>7555</line>
        <pixel>25441</pixel>
        <latitude>3.819588307680958e+01</latitude>
        <longitude>-1.133490728087699e+02</longitude>
        <height>2.128197655000000e+03</height>
        <incidenceAngle>4.204569253637730e+01</incidenceAngle>
        <elevationAngle>3.712441162275469e+01</elevationAngle>
      </geolocationGridPoint>
      <geolocationGridPoint>
        <azimuthTime>2015-05-16T13:34:36.552131</azimuthTime>
        <slantRangeTime>5.646937362701790e-03</slantRangeTime>
        <line>9066</line>
        <pixel>0</pixel>
        <latitude>3.788477373241130e+01</latitude>
        <longitude>-1.123373631121760e+02</longitude>
        <height>2.128197655000000e+03</height>
        <incidenceAngle>3.647442681492647e+01</incidenceAngle>
        <elevationAngle>3.239359142604415e+01</elevationAngle>
      </geolocationGridPoint>
      <geolocationGridPoint>
        <azimuthTime>2015-05-16T13:34:36.552141</azimuthTime>
        <slantRangeTime>5.666721266485204e-03</slantRangeTime>
        <line>9066</line>
        <pixel>1273</pixel>
        <latitude>3.789272533116525e+01</latitude>
        <longitude>-1.123929032840589e+02</longitude>
        <height>2.128197655000000e+03</height>
        <incidenceAngle>3.678826381728537e+01</incidenceAngle>
        <elevationAngle>3.266277400131498e+01</elevationAngle>
      </geolocationGridPoint>
      <geolocationGridPoint>
        <azimuthTime>2015-05-16T13:34:36.552151</azimuthTime>
        <slantRangeTime>5.686505170268618e-03</slantRangeTime>
        <line>9066</line>
        <pixel>2546</pixel>
        <latitude>3.790059349554694e+01</latitude>
        <longitude>-1.124480532558331e+02</longitude>
        <height>2.128197655000000e+03</height>
        <incidenceAngle>3.709781600057750e+01</incidenceAngle>
        <elevationAngle>3.292799493487139e+01</elevationAngle>
      </geolocationGridPoint>
      <geolocationGridPoint>
        <azimuthTime>2015-05-16T13:34:36.552160</azimuthTime>
        <slantRangeTime>5.706289074052033e-03</slantRangeTime>
        <line>9066</line>
        <pixel>3819</pixel>
        <latitude>3.790838057837309e+01</latitude>
        <longitude>-1.125028254300172e+02</longitude>
        <height>2.128197655000000e+03</height>
        <incidenceAngle>3.740320426727136e+01</incidenceAngle>
        <elevationAngle>3.318936493104273e+01</elevationAngle>
      </geolocationGridPoint>
      <geolocationGridPoint>
        <azimuthTime>2015-05-16T13:34:36.552170</azimuthTime>
        <slantRangeTime>5.726072977835446e-03</slantRangeTime>
        <line>9066</line>
        <pixel>5092</pixel>
        <latitude>3.791608881892703e+01</latitude>
        <longitude>-1.125572316107786e+02</longitude>
        <height>2.128197655000000e+03</height>
        <incidenceAngle>3.770454402554670e+01</incidenceAngle>
        <elevationAngle>3.344698969164347e+01</elevationAngle>
      </geolocationGridPoint>
      <geolocationGridPoint>
        <azimuthTime>2015-05-16T13:34:36.552180</azimuthTime>
        <slantRangeTime>5.745856881618860e-03</slantRangeTime>
        <line>9066</line>
        <pixel>6365</pixel>
        <latitude>3.792372035036639e+01</latitude>
        <longitude>-1.126112830429785e+02</longitude>
        <height>2.128197655000000e+03</height>
        <incidenceAngle>3.800194553715266e+01</incidenceAngle>
        <elevationAngle>3.370097023173837e+01</elevationAngle>
      </geolocationGridPoint>
      <geolocationGridPoint>
        <azimuthTime>2015-05-16T13:34:36.552190</azimuthTime>
        <slantRangeTime>5.765640785402275e-03</slantRangeTime>
        <line>9066</line>
        <pixel>7638</pixel>
        <latitude>3.793127720652379e+01</latitude>
        <longitude>-1.126649904480164e+02</longitude>
        <height>2.128197655000000e+03</height>
        <incidenceAngle>3.829551423721017e+01</incidenceAngle>
        <elevationAngle>3.395140316998297e+01</elevationAngle>
      </geolocationGridPoint>
      <geolocationGridPoint>
        <azimuthTime>2015-05-16T13:34:36.552200</azimuthTime>
        <slantRangeTime>5.785424689185689e-03</slantRangeTime>
        <line>9066</line>
        <pixel>8911</pixel>
        <latitude>3.793876132815985e+01</latitude>
        <longitude>-1.127183640567886e+02</longitude>
        <height>2.128197655000000e+03</height>
        <incidenceAngle>3.858535102869614e+01</incidenceAngle>
        <elevationAngle>3.419838099601824e+01</elevationAngle>
      </geolocationGridPoint>
      <geolocationGridPoint>
        <azimuthTime>2015-05-16T13:34:36.552210</azimuthTime>
        <slantRangeTime>5.805208592969103e-03</slantRangeTime>
        <line>9066</line>
        <pixel>10184</pixel>
        <latitude>3.794617456872135e+01</latitude>
        <longitude>-1.127714136400381e+02</longitude>
        <height>2.128197655000000e+03</height>
        <incidenceAngle>3.887155255401791e+01</incidenceAngle>
        <elevationAngle>3.444199231709932e+01</elevationAngle>
      </geolocationGridPoint>
      <geolocationGridPoint>
        <azimuthTime>2015-05-16T13:34:36.552220</azimuthTime>
        <slantRangeTime>5.824992496752517e-03</slantRangeTime>
        <line>9066</line>
        <pixel>11457</pixel>
        <latitude>3.795351869965184e+01</latitude>
        <longitude>-1.128241485363449e+02</longitude>
        <height>2.128197655000000e+03</height>
        <incidenceAngle>3.915421144583788e+01</incidenceAngle>
        <elevationAngle>3.468232208591413e+01</elevationAngle>
      </geolocationGridPoint>
      <geolocationGridPoint>
        <azimuthTime>2015-05-16T13:34:36.552230</azimuthTime>
        <slantRangeTime>5.844776400535931e-03</slantRangeTime>
        <line>9066</line>
        <pixel>12730</pixel>
        <latitude>3.796079541529593e+01</latitude>
        <longitude>-1.128765776779748e+02</longitude>
        <height>2.128197655000000e+03</height>
        <incidenceAngle>3.943341655905364e+01</incidenceAngle>
        <elevationAngle>3.491945181131788e+01</elevationAngle>
      </geolocationGridPoint>
      <geolocationGridPoint>
        <azimuthTime>2015-05-16T13:34:36.552240</azimuthTime>
        <slantRangeTime>5.864560304319345e-03</slantRangeTime>
        <line>9066</line>
        <pixel>14003</pixel>
        <latitude>3.796800633743499e+01</latitude>
        <longitude>-1.129287096147849e+02</longitude>
        <height>2.128197655000000e+03</height>
        <incidenceAngle>3.970925318565178e+01</incidenceAngle>
        <elevationAngle>3.515345975353806e+01</elevationAngle>
      </geolocationGridPoint>
      <geolocationGridPoint>
        <azimuthTime>2015-05-16T13:34:36.552249</azimuthTime>
        <slantRangeTime>5.884344208102759e-03</slantRangeTime>
        <line>9066</line>
        <pixel>15276</pixel>
        <latitude>3.797515301948710e+01</latitude>
        <longitude>-1.129805525363604e+02</longitude>
        <height>2.128197655000000e+03</height>
        <incidenceAngle>3.998180325395732e+01</incidenceAngle>
        <elevationAngle>3.538442110522974e+01</elevationAngle>
      </geolocationGridPoint>
      <geolocationGridPoint>
        <azimuthTime>2015-05-16T13:34:36.552259</azimuthTime>
        <slantRangeTime>5.904128111886174e-03</slantRangeTime>
        <line>9066</line>
        <pixel>16549</pixel>
        <latitude>3.798223695040130e+01</latitude>
        <longitude>-1.130321142925385e+02</longitude>
        <height>2.128197655000000e+03</height>
        <incidenceAngle>4.025114551364936e+01</incidenceAngle>
        <elevationAngle>3.561240815962172e+01</elevationAngle>
      </geolocationGridPoint>
      <geolocationGridPoint>
        <azimuthTime>2015-05-16T13:34:36.552269</azimuthTime>
        <slantRangeTime>5.923912015669588e-03</slantRangeTime>
        <line>9066</line>
        <pixel>17822</pixel>
        <latitude>3.798925955827284e+01</latitude>
        <longitude>-1.130834024124627e+02</longitude>
        <height>2.128197655000000e+03</height>
        <incidenceAngle>4.051735570777605e+01</incidenceAngle>
        <elevationAngle>3.583749046687059e+01</elevationAngle>
      </geolocationGridPoint>
      <geolocationGridPoint>
        <azimuthTime>2015-05-16T13:34:36.552279</azimuthTime>
        <slantRangeTime>5.943695919453001e-03</slantRangeTime>
        <line>9066</line>
        <pixel>19095</pixel>
        <latitude>3.799622221370331e+01</latitude>
        <longitude>-1.131344241222922e+02</longitude>
        <height>2.128197655000000e+03</height>
        <incidenceAngle>4.078050673286938e+01</incidenceAngle>
        <elevationAngle>3.605973497962030e+01</elevationAngle>
      </geolocationGridPoint>
      <geolocationGridPoint>
        <azimuthTime>2015-05-16T13:34:36.552289</azimuthTime>
        <slantRangeTime>5.963479823236415e-03</slantRangeTime>
        <line>9066</line>
        <pixel>20368</pixel>
        <latitude>3.800312623292727e+01</latitude>
        <longitude>-1.131851863616805e+02</longitude>
        <height>2.128197655000000e+03</height>
        <incidenceAngle>4.104066878815619e+01</incidenceAngle>
        <elevationAngle>3.627920618866901e+01</elevationAngle>
      </geolocationGridPoint>
      <geolocationGridPoint>
        <azimuthTime>2015-05-16T13:34:36.552299</azimuthTime>
        <slantRangeTime>5.983263727019830e-03</slantRangeTime>
        <line>9066</line>
        <pixel>21641</pixel>
        <latitude>3.800997288072504e+01</latitude>
        <longitude>-1.132356957991263e+02</longitude>
        <height>2.128197655000000e+03</height>
        <incidenceAngle>4.129790951477077e+01</incidenceAngle>
        <elevationAngle>3.649596624956448e+01</elevationAngle>
      </geolocationGridPoint>
      <geolocationGridPoint>
        <azimuthTime>2015-05-16T13:34:36.552309</azimuthTime>
        <slantRangeTime>6.003047630803244e-03</slantRangeTime>
        <line>9066</line>
        <pixel>22914</pixel>
        <latitude>3.801676337313896e+01</latitude>
        <longitude>-1.132859588462896e+02</longitude>
        <height>2.128197655000000e+03</height>
        <incidenceAngle>4.155229412576824e+01</incidenceAngle>
        <elevationAngle>3.671007510085157e+01</elevationAngle>
      </geolocationGridPoint>
      <geolocationGridPoint>
        <azimuthTime>2015-05-16T13:34:36.552319</azimuthTime>
        <slantRangeTime>6.022831534586658e-03</slantRangeTime>
        <line>9066</line>
        <pixel>24187</pixel>
        <latitude>3.802349888000923e+01</latitude>
        <longitude>-1.133359816713559e+02</longitude>
        <height>2.128197655000000e+03</height>
        <incidenceAngle>4.180388552768682e+01</incidenceAngle>
        <elevationAngle>3.692159057464995e+01</elevationAngle>
      </geolocationGridPoint>
      <geolocationGridPoint>
        <azimuthTime>2015-05-16T13:34:36.552328</azimuthTime>
        <slantRangeTime>6.042320156224051e-03</slantRangeTime>
        <line>9066</line>
        <pixel>25441</pixel>
        <latitude>3.803008119187717e+01</latitude>
        <longitude>-1.133850287932084e+02</longitude>
        <height>2.128197655000000e+03</height>
        <incidenceAngle>4.204904992199645e+01</incidenceAngle>
        <elevationAngle>3.712746781634717e+01</elevationAngle>
      </geolocationGridPoint>
      <geolocationGridPoint>
        <azimuthTime>2015-05-16T13:34:39.310691</azimuthTime>
        <slantRangeTime>5.646937362701790e-03</slantRangeTime>
        <line>10577</line>
        <pixel>0</pixel>
        <latitude>3.771890874027131e+01</latitude>
        <longitude>-1.123757016538396e+02</longitude>
        <height>2.128197655000000e+03</height>
        <incidenceAngle>3.647846069487121e+01</incidenceAngle>
        <elevationAngle>3.239725206674832e+01</elevationAngle>
      </geolocationGridPoint>
      <geolocationGridPoint>
        <azimuthTime>2015-05-16T13:34:39.310701</azimuthTime>
        <slantRangeTime>5.666721266485204e-03</slantRangeTime>
        <line>10577</line>
        <pixel>1273</pixel>
        <latitude>3.772686168969025e+01</latitude>
        <longitude>-1.124311121634134e+02</longitude>
        <height>2.128197655000000e+03</height>
        <incidenceAngle>3.679225418485294e+01</incidenceAngle>
        <elevationAngle>3.266639570490086e+01</elevationAngle>
      </geolocationGridPoint>
      <geolocationGridPoint>
        <azimuthTime>2015-05-16T13:34:39.310711</azimuthTime>
        <slantRangeTime>5.686505170268618e-03</slantRangeTime>
        <line>10577</line>
        <pixel>2546</pixel>
        <latitude>3.773473136938207e+01</latitude>
        <longitude>-1.124861334269239e+02</longitude>
        <height>2.128197655000000e+03</height>
        <incidenceAngle>3.710176407861913e+01</incidenceAngle>
        <elevationAngle>3.293157880142530e+01</elevationAngle>
      </geolocationGridPoint>
      <geolocationGridPoint>
        <azimuthTime>2015-05-16T13:34:39.310721</azimuthTime>
        <slantRangeTime>5.706289074052033e-03</slantRangeTime>
        <line>10577</line>
        <pixel>3819</pixel>
        <latitude>3.774252012822090e+01</latitude>
        <longitude>-1.125407778140464e+02</longitude>
        <height>2.128197655000000e+03</height>
        <incidenceAngle>3.740711122121535e+01</incidenceAngle>
        <elevationAngle>3.319291200896152e+01</elevationAngle>
      </geolocationGridPoint>
      <geolocationGridPoint>
        <azimuthTime>2015-05-16T13:34:39.310731</azimuthTime>
        <slantRangeTime>5.726072977835446e-03</slantRangeTime>
        <line>10577</line>
        <pixel>5092</pixel>
        <latitude>3.775023020175971e+01</latitude>
        <longitude>-1.125950570978074e+02</longitude>
        <height>2.128197655000000e+03</height>
        <incidenceAngle>3.770841096712592e+01</incidenceAngle>
        <elevationAngle>3.345050098099086e+01</elevationAngle>
      </geolocationGridPoint>
      <geolocationGridPoint>
        <azimuthTime>2015-05-16T13:34:39.310741</azimuthTime>
        <slantRangeTime>5.745856881618860e-03</slantRangeTime>
        <line>10577</line>
        <pixel>6365</pixel>
        <latitude>3.775786371962271e+01</latitude>
        <longitude>-1.126489824935114e+02</longitude>
        <height>2.128197655000000e+03</height>
        <incidenceAngle>3.800577352782259e+01</incidenceAngle>
        <elevationAngle>3.370444668732248e+01</elevationAngle>
      </geolocationGridPoint>
      <geolocationGridPoint>
        <azimuthTime>2015-05-16T13:34:39.310751</azimuthTime>
        <slantRangeTime>5.765640785402275e-03</slantRangeTime>
        <line>10577</line>
        <pixel>7638</pixel>
        <latitude>3.776542271229209e+01</latitude>
        <longitude>-1.127025646944771e+02</longitude>
        <height>2.128197655000000e+03</height>
        <incidenceAngle>3.829930429129470e+01</incidenceAngle>
        <elevationAngle>3.395484570418906e+01</elevationAngle>
      </geolocationGridPoint>
      <geolocationGridPoint>
        <azimuthTime>2015-05-16T13:34:39.310761</azimuthTime>
        <slantRangeTime>5.785424689185689e-03</slantRangeTime>
        <line>10577</line>
        <pixel>8911</pixel>
        <latitude>3.777290911734831e+01</latitude>
        <longitude>-1.127558139048967e+02</longitude>
        <height>2.128197655000000e+03</height>
        <incidenceAngle>3.858910411628131e+01</incidenceAngle>
        <elevationAngle>3.420179048141404e+01</elevationAngle>
      </geolocationGridPoint>
      <geolocationGridPoint>
        <azimuthTime>2015-05-16T13:34:39.310770</azimuthTime>
        <slantRangeTime>5.805208592969103e-03</slantRangeTime>
        <line>10577</line>
        <pixel>10184</pixel>
        <latitude>3.778032478521690e+01</latitude>
        <longitude>-1.128087398700956e+02</longitude>
        <height>2.128197655000000e+03</height>
        <incidenceAngle>3.887526960362376e+01</incidenceAngle>
        <elevationAngle>3.444536958884063e+01</elevationAngle>
      </geolocationGridPoint>
      <geolocationGridPoint>
        <azimuthTime>2015-05-16T13:34:39.310780</azimuthTime>
        <slantRangeTime>5.824992496752517e-03</slantRangeTime>
        <line>10577</line>
        <pixel>11457</pixel>
        <latitude>3.778767148446818e+01</latitude>
        <longitude>-1.128613519044387e+02</longitude>
        <height>2.128197655000000e+03</height>
        <incidenceAngle>3.915789334688198e+01</incidenceAngle>
        <elevationAngle>3.468566794396312e+01</elevationAngle>
      </geolocationGridPoint>
      <geolocationGridPoint>
        <azimuthTime>2015-05-16T13:34:39.310790</azimuthTime>
        <slantRangeTime>5.844776400535931e-03</slantRangeTime>
        <line>10577</line>
        <pixel>12730</pixel>
        <latitude>3.779495090671215e+01</latitude>
        <longitude>-1.129136589171039e+02</longitude>
        <height>2.128197655000000e+03</height>
        <incidenceAngle>3.943706416413455e+01</incidenceAngle>
        <elevationAngle>3.492276702249873e+01</elevationAngle>
      </geolocationGridPoint>
      <geolocationGridPoint>
        <azimuthTime>2015-05-16T13:34:39.310800</azimuthTime>
        <slantRangeTime>5.864560304319345e-03</slantRangeTime>
        <line>10577</line>
        <pixel>14003</pixel>
        <latitude>3.780216467112492e+01</latitude>
        <longitude>-1.129656694359160e+02</longitude>
        <height>2.128197655000000e+03</height>
        <incidenceAngle>3.971286731265942e+01</incidenceAngle>
        <elevationAngle>3.515674505343724e+01</elevationAngle>
      </geolocationGridPoint>
      <geolocationGridPoint>
        <azimuthTime>2015-05-16T13:34:39.310810</azimuthTime>
        <slantRangeTime>5.884344208102759e-03</slantRangeTime>
        <line>10577</line>
        <pixel>15276</pixel>
        <latitude>3.780931432864074e+01</latitude>
        <longitude>-1.130173916294192e+02</longitude>
        <height>2.128197655000000e+03</height>
        <incidenceAngle>3.998538468803171e+01</incidenceAngle>
        <elevationAngle>3.538767719995928e+01</elevationAngle>
      </geolocationGridPoint>
      <geolocationGridPoint>
        <azimuthTime>2015-05-16T13:34:39.310820</azimuthTime>
        <slantRangeTime>5.904128111886174e-03</slantRangeTime>
        <line>10577</line>
        <pixel>16549</pixel>
        <latitude>3.781640136583855e+01</latitude>
        <longitude>-1.130688333273414e+02</longitude>
        <height>2.128197655000000e+03</height>
        <incidenceAngle>4.025469500899923e+01</incidenceAngle>
        <elevationAngle>3.561563572745665e+01</elevationAngle>
      </geolocationGridPoint>
      <geolocationGridPoint>
        <azimuthTime>2015-05-16T13:34:39.310830</azimuthTime>
        <slantRangeTime>5.923912015669588e-03</slantRangeTime>
        <line>10577</line>
        <pixel>17822</pixel>
        <latitude>3.782342720855029e+01</latitude>
        <longitude>-1.131200020395925e+02</longitude>
        <height>2.128197655000000e+03</height>
        <incidenceAngle>4.052087398936854e+01</incidenceAngle>
        <elevationAngle>3.584069015977011e+01</elevationAngle>
      </geolocationGridPoint>
      <geolocationGridPoint>
        <azimuthTime>2015-05-16T13:34:39.310840</azimuthTime>
        <slantRangeTime>5.943695919453001e-03</slantRangeTime>
        <line>10577</line>
        <pixel>19095</pixel>
        <latitude>3.783039322521456e+01</latitude>
        <longitude>-1.131709049739232e+02</longitude>
        <height>2.128197655000000e+03</height>
        <incidenceAngle>4.078399449800323e+01</incidenceAngle>
        <elevationAngle>3.606290742464399e+01</elevationAngle>
      </geolocationGridPoint>
      <geolocationGridPoint>
        <azimuthTime>2015-05-16T13:34:39.310850</azimuthTime>
        <slantRangeTime>5.963479823236415e-03</slantRangeTime>
        <line>10577</line>
        <pixel>20368</pixel>
        <latitude>3.783730072999740e+01</latitude>
        <longitude>-1.132215490523557e+02</longitude>
        <height>2.128197655000000e+03</height>
        <incidenceAngle>4.104412670792841e+01</incidenceAngle>
        <elevationAngle>3.628235198929733e+01</elevationAngle>
      </geolocationGridPoint>
      <geolocationGridPoint>
        <azimuthTime>2015-05-16T13:34:39.310859</azimuthTime>
        <slantRangeTime>5.983263727019830e-03</slantRangeTime>
        <line>10577</line>
        <pixel>21641</pixel>
        <latitude>3.784415098569948e+01</latitude>
        <longitude>-1.132719409264911e+02</longitude>
        <height>2.128197655000000e+03</height>
        <incidenceAngle>4.130133823544227e+01</incidenceAngle>
        <elevationAngle>3.649908598692822e+01</elevationAngle>
      </geolocationGridPoint>
      <geolocationGridPoint>
        <azimuthTime>2015-05-16T13:34:39.310869</azimuthTime>
        <slantRangeTime>6.003047630803244e-03</slantRangeTime>
        <line>10577</line>
        <pixel>22914</pixel>
        <latitude>3.785094520646722e+01</latitude>
        <longitude>-1.133220869917836e+02</longitude>
        <height>2.128197655000000e+03</height>
        <incidenceAngle>4.155569427004053e+01</incidenceAngle>
        <elevationAngle>3.671316933488093e+01</elevationAngle>
      </geolocationGridPoint>
      <geolocationGridPoint>
        <azimuthTime>2015-05-16T13:34:39.310879</azimuthTime>
        <slantRangeTime>6.022831534586658e-03</slantRangeTime>
        <line>10577</line>
        <pixel>24187</pixel>
        <latitude>3.785768456032398e+01</latitude>
        <longitude>-1.133719934008677e+02</longitude>
        <height>2.128197655000000e+03</height>
        <incidenceAngle>4.180725769589607e+01</incidenceAngle>
        <elevationAngle>3.692465984514971e+01</elevationAngle>
      </geolocationGridPoint>
      <geolocationGridPoint>
        <azimuthTime>2015-05-16T13:34:39.310889</azimuthTime>
        <slantRangeTime>6.042320156224051e-03</slantRangeTime>
        <line>10577</line>
        <pixel>25441</pixel>
        <latitude>3.786427077605548e+01</latitude>
        <longitude>-1.134209263830436e+02</longitude>
        <height>2.128197655000000e+03</height>
        <incidenceAngle>4.205239509798147e+01</incidenceAngle>
        <elevationAngle>3.713051300508106e+01</elevationAngle>
      </geolocationGridPoint>
      <geolocationGridPoint>
        <azimuthTime>2015-05-16T13:34:42.069252</azimuthTime>
        <slantRangeTime>5.646937362701790e-03</slantRangeTime>
        <line>12088</line>
        <pixel>0</pixel>
        <latitude>3.755303532982944e+01</latitude>
        <longitude>-1.124139626814761e+02</longitude>
        <height>2.128197655000000e+03</height>
        <incidenceAngle>3.648247929616659e+01</incidenceAngle>
        <elevationAngle>3.240089894247659e+01</elevationAngle>
      </geolocationGridPoint>
      <geolocationGridPoint>
        <azimuthTime>2015-05-16T13:34:42.069262</azimuthTime>
        <slantRangeTime>5.666721266485204e-03</slantRangeTime>
        <line>12088</line>
        <pixel>1273</pixel>
        <latitude>3.756098970275973e+01</latitude>
        <longitude>-1.124692445703861e+02</longitude>
        <height>2.128197655000000e+03</height>
        <incidenceAngle>3.679622945663954e+01</incidenceAngle>
        <elevationAngle>3.267000380790519e+01</elevationAngle>
      </geolocationGridPoint>
      <geolocationGridPoint>
        <azimuthTime>2015-05-16T13:34:42.069272</azimuthTime>
        <slantRangeTime>5.686505170268618e-03</slantRangeTime>
        <line>12088</line>
        <pixel>2546</pixel>
        <latitude>3.756886096927783e+01</latitude>
        <longitude>-1.125241381596678e+02</longitude>
        <height>2.128197655000000e+03</height>
        <incidenceAngle>3.710569723831819e+01</incidenceAngle>
        <elevationAngle>3.293514922690670e+01</elevationAngle>
      </geolocationGridPoint>
      <geolocationGridPoint>
        <azimuthTime>2015-05-16T13:34:42.069282</azimuthTime>
        <slantRangeTime>5.706289074052033e-03</slantRangeTime>
        <line>12088</line>
        <pixel>3819</pixel>
        <latitude>3.757665147435257e+01</latitude>
        <longitude>-1.125786557864166e+02</longitude>
        <height>2.128197655000000e+03</height>
        <incidenceAngle>3.741100342909382e+01</incidenceAngle>
        <elevationAngle>3.319644580067317e+01</elevationAngle>
      </geolocationGridPoint>
      <geolocationGridPoint>
        <azimuthTime>2015-05-16T13:34:42.069291</azimuthTime>
        <slantRangeTime>5.726072977835446e-03</slantRangeTime>
        <line>12088</line>
        <pixel>5092</pixel>
        <latitude>3.758436344984177e+01</latitude>
        <longitude>-1.126328091927679e+02</longitude>
        <height>2.128197655000000e+03</height>
        <incidenceAngle>3.771226333000213e+01</incidenceAngle>
        <elevationAngle>3.345399913457489e+01</elevationAngle>
      </geolocationGridPoint>
      <geolocationGridPoint>
        <azimuthTime>2015-05-16T13:34:42.069301</azimuthTime>
        <slantRangeTime>5.745856881618860e-03</slantRangeTime>
        <line>12088</line>
        <pixel>6365</pixel>
        <latitude>3.759199902186956e+01</latitude>
        <longitude>-1.126866095647060e+02</longitude>
        <height>2.128197655000000e+03</height>
        <incidenceAngle>3.800958710247069e+01</incidenceAngle>
        <elevationAngle>3.370791015337554e+01</elevationAngle>
      </geolocationGridPoint>
      <geolocationGridPoint>
        <azimuthTime>2015-05-16T13:34:42.069311</azimuthTime>
        <slantRangeTime>5.765640785402275e-03</slantRangeTime>
        <line>12088</line>
        <pixel>7638</pixel>
        <latitude>3.759956021759950e+01</latitude>
        <longitude>-1.127400675676940e+02</longitude>
        <height>2.128197655000000e+03</height>
        <incidenceAngle>3.830308008757353e+01</incidenceAngle>
        <elevationAngle>3.395827539107928e+01</elevationAngle>
      </geolocationGridPoint>
      <geolocationGridPoint>
        <azimuthTime>2015-05-16T13:34:42.069321</azimuthTime>
        <slantRangeTime>5.785424689185689e-03</slantRangeTime>
        <line>12088</line>
        <pixel>8911</pixel>
        <latitude>3.760704897146208e+01</latitude>
        <longitude>-1.127931933794334e+02</longitude>
        <height>2.128197655000000e+03</height>
        <incidenceAngle>3.859284310001552e+01</incidenceAngle>
        <elevationAngle>3.420518725787532e+01</elevationAngle>
      </geolocationGridPoint>
      <geolocationGridPoint>
        <azimuthTime>2015-05-16T13:34:42.069331</azimuthTime>
        <slantRangeTime>5.805208592969103e-03</slantRangeTime>
        <line>12088</line>
        <pixel>10184</pixel>
        <latitude>3.761446713089022e+01</latitude>
        <longitude>-1.128459967200352e+02</longitude>
        <height>2.128197655000000e+03</height>
        <incidenceAngle>3.887897269926155e+01</incidenceAngle>
        <elevationAngle>3.444873428636572e+01</elevationAngle>
      </geolocationGridPoint>
      <geolocationGridPoint>
        <azimuthTime>2015-05-16T13:34:42.069341</azimuthTime>
        <slantRangeTime>5.824992496752517e-03</slantRangeTime>
        <line>12088</line>
        <pixel>11457</pixel>
        <latitude>3.762181646160837e+01</latitude>
        <longitude>-1.128984868798429e+02</longitude>
        <height>2.128197655000000e+03</height>
        <incidenceAngle>3.916156143994969e+01</incidenceAngle>
        <elevationAngle>3.468900135901344e+01</elevationAngle>
      </geolocationGridPoint>
      <geolocationGridPoint>
        <azimuthTime>2015-05-16T13:34:42.069351</azimuthTime>
        <slantRangeTime>5.844776400535931e-03</slantRangeTime>
        <line>12088</line>
        <pixel>12730</pixel>
        <latitude>3.762909865251782e+01</latitude>
        <longitude>-1.129506727451302e+02</longitude>
        <height>2.128197655000000e+03</height>
        <incidenceAngle>3.944069810350550e+01</incidenceAngle>
        <elevationAngle>3.492606991854729e+01</elevationAngle>
      </geolocationGridPoint>
      <geolocationGridPoint>
        <azimuthTime>2015-05-16T13:34:42.069361</azimuthTime>
        <slantRangeTime>5.864560304319345e-03</slantRangeTime>
        <line>12088</line>
        <pixel>14003</pixel>
        <latitude>3.763631532021434e+01</latitude>
        <longitude>-1.130025628218657e+02</longitude>
        <height>2.128197655000000e+03</height>
        <incidenceAngle>3.971646791265684e+01</incidenceAngle>
        <elevationAngle>3.516001816286172e+01</elevationAngle>
      </geolocationGridPoint>
      <geolocationGridPoint>
        <azimuthTime>2015-05-16T13:34:42.069371</azimuthTime>
        <slantRangeTime>5.884344208102759e-03</slantRangeTime>
        <line>12088</line>
        <pixel>15276</pixel>
        <latitude>3.764346801317196e+01</latitude>
        <longitude>-1.130541652577203e+02</longitude>
        <height>2.128197655000000e+03</height>
        <incidenceAngle>3.998895273037694e+01</incidenceAngle>
        <elevationAngle>3.539092122579639e+01</elevationAngle>
      </geolocationGridPoint>
      <geolocationGridPoint>
        <azimuthTime>2015-05-16T13:34:42.069380</azimuthTime>
        <slantRangeTime>5.904128111886174e-03</slantRangeTime>
        <line>12088</line>
        <pixel>16549</pixel>
        <latitude>3.765055821562215e+01</latitude>
        <longitude>-1.131054878624727e+02</longitude>
        <height>2.128197655000000e+03</height>
        <incidenceAngle>4.025823124462284e+01</incidenceAngle>
        <elevationAngle>3.561885134503229e+01</elevationAngle>
      </geolocationGridPoint>
      <geolocationGridPoint>
        <azimuthTime>2015-05-16T13:34:42.069390</azimuthTime>
        <slantRangeTime>5.923912015669588e-03</slantRangeTime>
        <line>12088</line>
        <pixel>17822</pixel>
        <latitude>3.765758735115519e+01</latitude>
        <longitude>-1.131565381269525e+02</longitude>
        <height>2.128197655000000e+03</height>
        <incidenceAngle>4.052437914009185e+01</incidenceAngle>
        <elevationAngle>3.584387801821358e+01</elevationAngle>
      </geolocationGridPoint>
      <geolocationGridPoint>
        <azimuthTime>2015-05-16T13:34:42.069400</azimuthTime>
        <slantRangeTime>5.943695919453001e-03</slantRangeTime>
        <line>12088</line>
        <pixel>19095</pixel>
        <latitude>3.766455678606738e+01</latitude>
        <longitude>-1.132073232406482e+02</longitude>
        <height>2.128197655000000e+03</height>
        <incidenceAngle>4.078746925810403e+01</incidenceAngle>
        <elevationAngle>3.606606814829736e+01</elevationAngle>
      </geolocationGridPoint>
      <geolocationGridPoint>
        <azimuthTime>2015-05-16T13:34:42.069410</azimuthTime>
        <slantRangeTime>5.963479823236415e-03</slantRangeTime>
        <line>12088</line>
        <pixel>20368</pixel>
        <latitude>3.767146783247603e+01</latitude>
        <longitude>-1.132578501080910e+02</longitude>
        <height>2.128197655000000e+03</height>
        <incidenceAngle>4.104757174559951e+01</incidenceAngle>
        <elevationAngle>3.628548617902857e+01</elevationAngle>
      </geolocationGridPoint>
      <geolocationGridPoint>
        <azimuthTime>2015-05-16T13:34:42.069420</azimuthTime>
        <slantRangeTime>5.983263727019830e-03</slantRangeTime>
        <line>12088</line>
        <pixel>21641</pixel>
        <latitude>3.767832175122106e+01</latitude>
        <longitude>-1.133081253641183e+02</longitude>
        <height>2.128197655000000e+03</height>
        <incidenceAngle>4.130475419415223e+01</incidenceAngle>
        <elevationAngle>3.650219422135613e+01</elevationAngle>
      </geolocationGridPoint>
      <geolocationGridPoint>
        <azimuthTime>2015-05-16T13:34:42.069430</azimuthTime>
        <slantRangeTime>6.003047630803244e-03</slantRangeTime>
        <line>12088</line>
        <pixel>22914</pixel>
        <latitude>3.768511975457124e+01</latitude>
        <longitude>-1.133581553881076e+02</longitude>
        <height>2.128197655000000e+03</height>
        <incidenceAngle>4.155908176980522e+01</incidenceAngle>
        <elevationAngle>3.671625217152000e+01</elevationAngle>
      </geolocationGridPoint>
      <geolocationGridPoint>
        <azimuthTime>2015-05-16T13:34:42.069440</azimuthTime>
        <slantRangeTime>6.022831534586658e-03</slantRangeTime>
        <line>12088</line>
        <pixel>24187</pixel>
        <latitude>3.769186300875054e+01</latitude>
        <longitude>-1.134079463172658e+02</longitude>
        <height>2.128197655000000e+03</height>
        <incidenceAngle>4.181061733446465e+01</incidenceAngle>
        <elevationAngle>3.692771782147753e+01</elevationAngle>
      </geolocationGridPoint>
      <geolocationGridPoint>
        <azimuthTime>2015-05-16T13:34:42.069450</azimuthTime>
        <slantRangeTime>6.042320156224051e-03</slantRangeTime>
        <line>12088</line>
        <pixel>25441</pixel>
        <latitude>3.769845318002913e+01</latitude>
        <longitude>-1.134567660775547e+02</longitude>
        <height>2.128197655000000e+03</height>
        <incidenceAngle>4.205572785504219e+01</incidenceAngle>
        <elevationAngle>3.713354699912941e+01</elevationAngle>
      </geolocationGridPoint>
      <geolocationGridPoint>
        <azimuthTime>2015-05-16T13:34:44.825751</azimuthTime>
        <slantRangeTime>5.646937362701790e-03</slantRangeTime>
        <line>13599</line>
        <pixel>0</pixel>
        <latitude>3.738727663079914e+01</latitude>
        <longitude>-1.124521188293457e+02</longitude>
        <height>2.128197655000000e+03</height>
        <incidenceAngle>3.648647947999299e+01</incidenceAngle>
        <elevationAngle>3.240452920475271e+01</elevationAngle>
      </geolocationGridPoint>
      <geolocationGridPoint>
        <azimuthTime>2015-05-16T13:34:44.825761</azimuthTime>
        <slantRangeTime>5.666721266485204e-03</slantRangeTime>
        <line>13599</line>
        <pixel>1273</pixel>
        <latitude>3.739523248861162e+01</latitude>
        <longitude>-1.125072732271093e+02</longitude>
        <height>2.128197655000000e+03</height>
        <incidenceAngle>3.680018652803217e+01</incidenceAngle>
        <elevationAngle>3.267359549247010e+01</elevationAngle>
      </geolocationGridPoint>
      <geolocationGridPoint>
        <azimuthTime>2015-05-16T13:34:44.825771</azimuthTime>
        <slantRangeTime>5.686505170268618e-03</slantRangeTime>
        <line>13599</line>
        <pixel>2546</pixel>
        <latitude>3.740310540195951e+01</latitude>
        <longitude>-1.125620402633972e+02</longitude>
        <height>2.128197655000000e+03</height>
        <incidenceAngle>3.710961240831111e+01</incidenceAngle>
        <elevationAngle>3.293870342321484e+01</elevationAngle>
      </geolocationGridPoint>
      <geolocationGridPoint>
        <azimuthTime>2015-05-16T13:34:44.825780</azimuthTime>
        <slantRangeTime>5.706289074052033e-03</slantRangeTime>
        <line>13599</line>
        <pixel>3819</pixel>
        <latitude>3.741089771194387e+01</latitude>
        <longitude>-1.126164322430113e+02</longitude>
        <height>2.128197655000000e+03</height>
        <incidenceAngle>3.741487785187773e+01</incidenceAngle>
        <elevationAngle>3.319996354701105e+01</elevationAngle>
      </geolocationGridPoint>
      <geolocationGridPoint>
        <azimuthTime>2015-05-16T13:34:44.825790</azimuthTime>
        <slantRangeTime>5.726072977835446e-03</slantRangeTime>
        <line>13599</line>
        <pixel>5092</pixel>
        <latitude>3.741861164676303e+01</latitude>
        <longitude>-1.126704608774671e+02</longitude>
        <height>2.128197655000000e+03</height>
        <incidenceAngle>3.771609810661096e+01</incidenceAngle>
        <elevationAngle>3.345748142138061e+01</elevationAngle>
      </geolocationGridPoint>
      <geolocationGridPoint>
        <azimuthTime>2015-05-16T13:34:44.825800</azimuthTime>
        <slantRangeTime>5.745856881618860e-03</slantRangeTime>
        <line>13599</line>
        <pixel>6365</pixel>
        <latitude>3.742624932907483e+01</latitude>
        <longitude>-1.127241373236867e+02</longitude>
        <height>2.128197655000000e+03</height>
        <incidenceAngle>3.801338328416469e+01</incidenceAngle>
        <elevationAngle>3.371135792628494e+01</elevationAngle>
      </geolocationGridPoint>
      <geolocationGridPoint>
        <azimuthTime>2015-05-16T13:34:44.825810</azimuthTime>
        <slantRangeTime>5.765640785402275e-03</slantRangeTime>
        <line>13599</line>
        <pixel>7638</pixel>
        <latitude>3.743381278275611e+01</latitude>
        <longitude>-1.127774722195214e+02</longitude>
        <height>2.128197655000000e+03</height>
        <incidenceAngle>3.830683867895210e+01</incidenceAngle>
        <elevationAngle>3.396168955372891e+01</elevationAngle>
      </geolocationGridPoint>
      <geolocationGridPoint>
        <azimuthTime>2015-05-16T13:34:44.825820</azimuthTime>
        <slantRangeTime>5.785424689185689e-03</slantRangeTime>
        <line>13599</line>
        <pixel>8911</pixel>
        <latitude>3.744130393911787e+01</latitude>
        <longitude>-1.128304757164146e+02</longitude>
        <height>2.128197655000000e+03</height>
        <incidenceAngle>3.859656506188126e+01</incidenceAngle>
        <elevationAngle>3.420856867448112e+01</elevationAngle>
      </geolocationGridPoint>
      <geolocationGridPoint>
        <azimuthTime>2015-05-16T13:34:44.825830</azimuthTime>
        <slantRangeTime>5.805208592969103e-03</slantRangeTime>
        <line>13599</line>
        <pixel>10184</pixel>
        <latitude>3.744872464262923e+01</latitude>
        <longitude>-1.128831575094835e+02</longitude>
        <height>2.128197655000000e+03</height>
        <incidenceAngle>3.888265895126320e+01</incidenceAngle>
        <elevationAngle>3.445208378410263e+01</elevationAngle>
      </geolocationGridPoint>
      <geolocationGridPoint>
        <azimuthTime>2015-05-16T13:34:44.825840</azimuthTime>
        <slantRangeTime>5.824992496752517e-03</slantRangeTime>
        <line>13599</line>
        <pixel>11457</pixel>
        <latitude>3.745607665619640e+01</latitude>
        <longitude>-1.129355268652608e+02</longitude>
        <height>2.128197655000000e+03</height>
        <incidenceAngle>3.916521286302380e+01</incidenceAngle>
        <elevationAngle>3.469231973021390e+01</elevationAngle>
      </geolocationGridPoint>
      <geolocationGridPoint>
        <azimuthTime>2015-05-16T13:34:44.825850</azimuthTime>
        <slantRangeTime>5.844776400535931e-03</slantRangeTime>
        <line>13599</line>
        <pixel>12730</pixel>
        <latitude>3.746336166603815e+01</latitude>
        <longitude>-1.129875926473163e+02</longitude>
        <height>2.128197655000000e+03</height>
        <incidenceAngle>3.944431554213212e+01</incidenceAngle>
        <elevationAngle>3.492935792273200e+01</elevationAngle>
      </geolocationGridPoint>
      <geolocationGridPoint>
        <azimuthTime>2015-05-16T13:34:44.825860</azimuthTime>
        <slantRangeTime>5.864560304319345e-03</slantRangeTime>
        <line>13599</line>
        <pixel>14003</pixel>
        <latitude>3.747058128619486e+01</latitude>
        <longitude>-1.130393633399536e+02</longitude>
        <height>2.128197655000000e+03</height>
        <incidenceAngle>3.972005217695066e+01</incidenceAngle>
        <elevationAngle>3.516327652862252e+01</elevationAngle>
      </geolocationGridPoint>
      <geolocationGridPoint>
        <azimuthTime>2015-05-16T13:34:44.825870</azimuthTime>
        <slantRangeTime>5.884344208102759e-03</slantRangeTime>
        <line>13599</line>
        <pixel>15276</pixel>
        <latitude>3.747773706270422e+01</latitude>
        <longitude>-1.130908470701527e+02</longitude>
        <height>2.128197655000000e+03</height>
        <incidenceAngle>3.999250459802553e+01</incidenceAngle>
        <elevationAngle>3.539415065254116e+01</elevationAngle>
      </geolocationGridPoint>
      <geolocationGridPoint>
        <azimuthTime>2015-05-16T13:34:44.825879</azimuthTime>
        <slantRangeTime>5.904128111886174e-03</slantRangeTime>
        <line>13599</line>
        <pixel>16549</pixel>
        <latitude>3.748483047747296e+01</latitude>
        <longitude>-1.131420516279170e+02</longitude>
        <height>2.128197655000000e+03</height>
        <incidenceAngle>4.026175146268650e+01</incidenceAngle>
        <elevationAngle>3.562205250460554e+01</elevationAngle>
      </geolocationGridPoint>
      <geolocationGridPoint>
        <azimuthTime>2015-05-16T13:34:44.825889</azimuthTime>
        <slantRangeTime>5.923912015669588e-03</slantRangeTime>
        <line>13599</line>
        <pixel>17822</pixel>
        <latitude>3.749186295187145e+01</latitude>
        <longitude>-1.131929844851628e+02</longitude>
        <height>2.128197655000000e+03</height>
        <incidenceAngle>4.052786842667680e+01</incidenceAngle>
        <elevationAngle>3.584705155640253e+01</elevationAngle>
      </geolocationGridPoint>
      <geolocationGridPoint>
        <azimuthTime>2015-05-16T13:34:44.825899</azimuthTime>
        <slantRangeTime>5.943695919453001e-03</slantRangeTime>
        <line>13599</line>
        <pixel>19095</pixel>
        <latitude>3.749883585007453e+01</latitude>
        <longitude>-1.132436528132755e+02</longitude>
        <height>2.128197655000000e+03</height>
        <incidenceAngle>4.079092830391934e+01</incidenceAngle>
        <elevationAngle>3.606921468623390e+01</elevationAngle>
      </geolocationGridPoint>
      <geolocationGridPoint>
        <azimuthTime>2015-05-16T13:34:44.825909</azimuthTime>
        <slantRangeTime>5.963479823236415e-03</slantRangeTime>
        <line>13599</line>
        <pixel>20368</pixel>
        <latitude>3.750575048217063e+01</latitude>
        <longitude>-1.132940634994477e+02</longitude>
        <height>2.128197655000000e+03</height>
        <incidenceAngle>4.105100121540782e+01</incidenceAngle>
        <elevationAngle>3.628860631449518e+01</elevationAngle>
      </geolocationGridPoint>
      <geolocationGridPoint>
        <azimuthTime>2015-05-16T13:34:44.825919</azimuthTime>
        <slantRangeTime>5.983263727019830e-03</slantRangeTime>
        <line>13599</line>
        <pixel>21641</pixel>
        <latitude>3.751260810705807e+01</latitude>
        <longitude>-1.133442231618993e+02</longitude>
        <height>2.128197655000000e+03</height>
        <incidenceAngle>4.130815472812306e+01</incidenceAngle>
        <elevationAngle>3.650528853000401e+01</elevationAngle>
      </geolocationGridPoint>
      <geolocationGridPoint>
        <azimuthTime>2015-05-16T13:34:44.825929</azimuthTime>
        <slantRangeTime>6.003047630803244e-03</slantRangeTime>
        <line>13599</line>
        <pixel>22914</pixel>
        <latitude>3.751940993514619e+01</latitude>
        <longitude>-1.133941381640712e+02</longitude>
        <height>2.128197655000000e+03</height>
        <incidenceAngle>4.156245398477839e+01</incidenceAngle>
        <elevationAngle>3.671932120800674e+01</elevationAngle>
      </geolocationGridPoint>
      <geolocationGridPoint>
        <azimuthTime>2015-05-16T13:34:44.825939</azimuthTime>
        <slantRangeTime>6.022831534586658e-03</slantRangeTime>
        <line>13599</line>
        <pixel>24187</pixel>
        <latitude>3.752615713087709e+01</latitude>
        <longitude>-1.134438146278768e+02</longitude>
        <height>2.128197655000000e+03</height>
        <incidenceAngle>4.181396182513186e+01</incidenceAngle>
        <elevationAngle>3.693076212053057e+01</elevationAngle>
      </geolocationGridPoint>
      <geolocationGridPoint>
        <azimuthTime>2015-05-16T13:34:44.825949</azimuthTime>
        <slantRangeTime>6.042320156224051e-03</slantRangeTime>
        <line>13599</line>
        <pixel>25441</pixel>
        <latitude>3.753275129742705e+01</latitude>
        <longitude>-1.134925221610315e+02</longitude>
        <height>2.128197655000000e+03</height>
        <incidenceAngle>4.205904559616731e+01</incidenceAngle>
        <elevationAngle>3.713656743435497e+01</elevationAngle>
      </geolocationGridPoint>
      <geolocationGridPoint>
        <azimuthTime>2015-05-16T13:34:47.929641</azimuthTime>
        <slantRangeTime>5.646937362701790e-03</slantRangeTime>
        <line>15109</line>
        <pixel>0</pixel>
        <latitude>3.719962218181708e+01</latitude>
        <longitude>-1.124880738242156e+02</longitude>
        <height>1.666390746666667e+03</height>
        <incidenceAngle>3.643277954458956e+01</incidenceAngle>
        <elevationAngle>3.235603069295987e+01</elevationAngle>
      </geolocationGridPoint>
      <geolocationGridPoint>
        <azimuthTime>2015-05-16T13:34:47.929651</azimuthTime>
        <slantRangeTime>5.666721266485204e-03</slantRangeTime>
        <line>15109</line>
        <pixel>1273</pixel>
        <latitude>3.720759437281614e+01</latitude>
        <longitude>-1.125431631253397e+02</longitude>
        <height>1.666390746666667e+03</height>
        <incidenceAngle>3.674706983016107e+01</incidenceAngle>
        <elevationAngle>3.262562145927807e+01</elevationAngle>
      </geolocationGridPoint>
      <geolocationGridPoint>
        <azimuthTime>2015-05-16T13:34:47.929661</azimuthTime>
        <slantRangeTime>5.686505170268618e-03</slantRangeTime>
        <line>15109</line>
        <pixel>2546</pixel>
        <latitude>3.721548338984101e+01</latitude>
        <longitude>-1.125978639636304e+02</longitude>
        <height>1.666390746666667e+03</height>
        <incidenceAngle>3.705706237875663e+01</incidenceAngle>
        <elevationAngle>3.289123894427041e+01</elevationAngle>
      </geolocationGridPoint>
      <geolocationGridPoint>
        <azimuthTime>2015-05-16T13:34:47.929670</azimuthTime>
        <slantRangeTime>5.706289074052033e-03</slantRangeTime>
        <line>15109</line>
        <pixel>3819</pixel>
        <latitude>3.722329158890299e+01</latitude>
        <longitude>-1.126521887087172e+02</longitude>
        <height>1.666390746666667e+03</height>
        <incidenceAngle>3.736287870101913e+01</incidenceAngle>
        <elevationAngle>3.315299440029105e+01</elevationAngle>
      </geolocationGridPoint>
      <geolocationGridPoint>
        <azimuthTime>2015-05-16T13:34:47.929680</azimuthTime>
        <slantRangeTime>5.726072977835446e-03</slantRangeTime>
        <line>15109</line>
        <pixel>5092</pixel>
        <latitude>3.723102121209565e+01</latitude>
        <longitude>-1.127061491322659e+02</longitude>
        <height>1.666390746666667e+03</height>
        <incidenceAngle>3.766463477377159e+01</incidenceAngle>
        <elevationAngle>3.341099404155652e+01</elevationAngle>
      </geolocationGridPoint>
      <geolocationGridPoint>
        <azimuthTime>2015-05-16T13:34:47.929690</azimuthTime>
        <slantRangeTime>5.745856881618860e-03</slantRangeTime>
        <line>15109</line>
        <pixel>6365</pixel>
        <latitude>3.723867439504297e+01</latitude>
        <longitude>-1.127597564470779e+02</longitude>
        <height>1.666390746666667e+03</height>
        <incidenceAngle>3.796244139112142e+01</incidenceAngle>
        <elevationAngle>3.366533936283614e+01</elevationAngle>
      </geolocationGridPoint>
      <geolocationGridPoint>
        <azimuthTime>2015-05-16T13:34:47.929700</azimuthTime>
        <slantRangeTime>5.765640785402275e-03</slantRangeTime>
        <line>15109</line>
        <pixel>7638</pixel>
        <latitude>3.724625317373553e+01</latitude>
        <longitude>-1.128130213429786e+02</longitude>
        <height>1.666390746666667e+03</height>
        <incidenceAngle>3.825640448719364e+01</incidenceAngle>
        <elevationAngle>3.391612743243374e+01</elevationAngle>
      </geolocationGridPoint>
      <geolocationGridPoint>
        <azimuthTime>2015-05-16T13:34:47.929710</azimuthTime>
        <slantRangeTime>5.785424689185689e-03</slantRangeTime>
        <line>15109</line>
        <pixel>8911</pixel>
        <latitude>3.725375949081553e+01</latitude>
        <longitude>-1.128659540198102e+02</longitude>
        <height>1.666390746666667e+03</height>
        <incidenceAngle>3.854662543325774e+01</incidenceAngle>
        <elevationAngle>3.416345116196361e+01</elevationAngle>
      </geolocationGridPoint>
      <geolocationGridPoint>
        <azimuthTime>2015-05-16T13:34:47.929720</azimuthTime>
        <slantRangeTime>5.805208592969103e-03</slantRangeTime>
        <line>15109</line>
        <pixel>10184</pixel>
        <latitude>3.726119520136314e+01</latitude>
        <longitude>-1.129185642178084e+02</longitude>
        <height>1.666390746666667e+03</height>
        <incidenceAngle>3.883320131169599e+01</incidenceAngle>
        <elevationAngle>3.440739955513644e+01</elevationAngle>
      </geolocationGridPoint>
      <geolocationGridPoint>
        <azimuthTime>2015-05-16T13:34:47.929730</azimuthTime>
        <slantRangeTime>5.824992496752517e-03</slantRangeTime>
        <line>15109</line>
        <pixel>11457</pixel>
        <latitude>3.726856226995738e+01</latitude>
        <longitude>-1.129708626200055e+02</longitude>
        <height>1.666390746666667e+03</height>
        <incidenceAngle>3.911623675616004e+01</incidenceAngle>
        <elevationAngle>3.464806841118145e+01</elevationAngle>
      </geolocationGridPoint>
      <geolocationGridPoint>
        <azimuthTime>2015-05-16T13:34:47.929740</azimuthTime>
        <slantRangeTime>5.844776400535931e-03</slantRangeTime>
        <line>15109</line>
        <pixel>12730</pixel>
        <latitude>3.727586200748144e+01</latitude>
        <longitude>-1.130228553764493e+02</longitude>
        <height>1.666390746666667e+03</height>
        <incidenceAngle>3.939579780655385e+01</incidenceAngle>
        <elevationAngle>3.488551861595742e+01</elevationAngle>
      </geolocationGridPoint>
      <geolocationGridPoint>
        <azimuthTime>2015-05-16T13:34:47.929750</azimuthTime>
        <slantRangeTime>5.864560304319345e-03</slantRangeTime>
        <line>15109</line>
        <pixel>14003</pixel>
        <latitude>3.728309622970841e+01</latitude>
        <longitude>-1.130745523867479e+02</longitude>
        <height>1.666390746666667e+03</height>
        <incidenceAngle>3.967198174007434e+01</incidenceAngle>
        <elevationAngle>3.511983926150059e+01</elevationAngle>
      </geolocationGridPoint>
      <geolocationGridPoint>
        <azimuthTime>2015-05-16T13:34:47.929760</azimuthTime>
        <slantRangeTime>5.884344208102759e-03</slantRangeTime>
        <line>15109</line>
        <pixel>15276</pixel>
        <latitude>3.729026649092339e+01</latitude>
        <longitude>-1.131259618123113e+02</longitude>
        <height>1.666390746666667e+03</height>
        <incidenceAngle>3.994487083151751e+01</incidenceAngle>
        <elevationAngle>3.535110585266333e+01</elevationAngle>
      </geolocationGridPoint>
      <geolocationGridPoint>
        <azimuthTime>2015-05-16T13:34:47.929769</azimuthTime>
        <slantRangeTime>5.904128111886174e-03</slantRangeTime>
        <line>15109</line>
        <pixel>16549</pixel>
        <latitude>3.729737428079653e+01</latitude>
        <longitude>-1.131770914754009e+02</longitude>
        <height>1.666390746666667e+03</height>
        <incidenceAngle>4.021454415776246e+01</incidenceAngle>
        <elevationAngle>3.557939097750646e+01</elevationAngle>
      </geolocationGridPoint>
      <geolocationGridPoint>
        <azimuthTime>2015-05-16T13:34:47.929779</azimuthTime>
        <slantRangeTime>5.923912015669588e-03</slantRangeTime>
        <line>15109</line>
        <pixel>17822</pixel>
        <latitude>3.730442102801258e+01</latitude>
        <longitude>-1.132279488781829e+02</longitude>
        <height>1.666390746666667e+03</height>
        <incidenceAngle>4.048107777114458e+01</incidenceAngle>
        <elevationAngle>3.580476446487709e+01</elevationAngle>
      </geolocationGridPoint>
      <geolocationGridPoint>
        <azimuthTime>2015-05-16T13:34:47.929789</azimuthTime>
        <slantRangeTime>5.943695919453001e-03</slantRangeTime>
        <line>15109</line>
        <pixel>19095</pixel>
        <latitude>3.731140810364433e+01</latitude>
        <longitude>-1.132785412204353e+02</longitude>
        <height>1.666390746666667e+03</height>
        <incidenceAngle>4.074454486081459e+01</incidenceAngle>
        <elevationAngle>3.602729353108949e+01</elevationAngle>
      </geolocationGridPoint>
      <geolocationGridPoint>
        <azimuthTime>2015-05-16T13:34:47.929799</azimuthTime>
        <slantRangeTime>5.963479823236415e-03</slantRangeTime>
        <line>15109</line>
        <pixel>20368</pixel>
        <latitude>3.731833682429076e+01</latitude>
        <longitude>-1.133288754160219e+02</longitude>
        <height>1.666390746666667e+03</height>
        <incidenceAngle>4.100501590309017e+01</incidenceAngle>
        <elevationAngle>3.624704291661983e+01</elevationAngle>
      </geolocationGridPoint>
      <geolocationGridPoint>
        <azimuthTime>2015-05-16T13:34:47.929809</azimuthTime>
        <slantRangeTime>5.983263727019830e-03</slantRangeTime>
        <line>15109</line>
        <pixel>21641</pixel>
        <latitude>3.732520845500051e+01</latitude>
        <longitude>-1.133789581082372e+02</longitude>
        <height>1.666390746666667e+03</height>
        <incidenceAngle>4.126255880171247e+01</incidenceAngle>
        <elevationAngle>3.646407501364220e+01</elevationAngle>
      </geolocationGridPoint>
      <geolocationGridPoint>
        <azimuthTime>2015-05-16T13:34:47.929819</azimuthTime>
        <slantRangeTime>6.003047630803244e-03</slantRangeTime>
        <line>15109</line>
        <pixel>22914</pixel>
        <latitude>3.733202421199770e+01</latitude>
        <longitude>-1.134287956841149e+02</longitude>
        <height>1.666390746666667e+03</height>
        <incidenceAngle>4.151723901882274e+01</incidenceAngle>
        <elevationAngle>3.667844998514413e+01</elevationAngle>
      </geolocationGridPoint>
      <geolocationGridPoint>
        <azimuthTime>2015-05-16T13:34:47.929829</azimuthTime>
        <slantRangeTime>6.022831534586658e-03</slantRangeTime>
        <line>15109</line>
        <pixel>24187</pixel>
        <latitude>3.733878526522632e+01</latitude>
        <longitude>-1.134783942877833e+02</longitude>
        <height>1.666390746666667e+03</height>
        <incidenceAngle>4.176911969740700e+01</incidenceAngle>
        <elevationAngle>3.689022587629961e+01</elevationAngle>
      </geolocationGridPoint>
      <geolocationGridPoint>
        <azimuthTime>2015-05-16T13:34:47.929838</azimuthTime>
        <slantRangeTime>6.042320156224051e-03</slantRangeTime>
        <line>15109</line>
        <pixel>25441</pixel>
        <latitude>3.734539301769468e+01</latitude>
        <longitude>-1.135270247190841e+02</longitude>
        <height>1.666390746666667e+03</height>
        <incidenceAngle>4.201456308094223e+01</incidenceAngle>
        <elevationAngle>3.709635426965551e+01</elevationAngle>
      </geolocationGridPoint>
    </geolocationGridPointList>
  </geolocationGrid>
  <coordinateConversion>
    <coordinateConversionList count="0"/>
  </coordinateConversion>
  <swathMerging>
    <swathMergeList count="0"/>
  </swathMerging>
</product>
