<?xml version="1.0" encoding="UTF-8"?>
<product>
  <adsHeader>
    <missionId>S1A</missionId>
    <productType>SLC</productType>
    <polarisation>VV</polarisation>
    <mode>IW</mode>
    <swath>IW3</swath>
    <startTime>2015-05-16T13:34:20.958781</startTime>
    <stopTime>2015-05-16T13:34:46.141401</stopTime>
    <absoluteOrbitNumber>5947</absoluteOrbitNumber>
    <missionDataTakeId>31384</missionDataTakeId>
    <imageNumber>003</imageNumber>
  </adsHeader>
  <qualityInformation>
    <productQualityIndex>0.000000000000000e+00</productQualityIndex>
    <qualityDataList count="1">
      <qualityData>
        <azimuthTime>2015-05-16T13:34:20.958781</azimuthTime>
        <downlinkQuality>
          <iInputDataMean>2.266581058502197e-01</iInputDataMean>
          <qInputDataMean>3.237127065658569e-01</qInputDataMean>
          <inputDataMeanOutsideNominalRangeFlag>false</inputDataMeanOutsideNominalRangeFlag>
          <iInputDataStdDev>8.755509376525879e+00</iInputDataStdDev>
          <qInputDataStdDev>8.920121192932129e+00</qInputDataStdDev>
          <inputDataStDevOutsideNominalRangeFlag>false</inputDataStDevOutsideNominalRangeFlag>
          <numDownlinkInputDataGaps>0</numDownlinkInputDataGaps>
          <downlinkGapsInInputDataSignificantFlag>false</downlinkGapsInInputDataSignificantFlag>
          <numDownlinkInputMissingLines>0</numDownlinkInputMissingLines>
          <downlinkMissingLinesSignificantFlag>false</downlinkMissingLinesSignificantFlag>
          <numInstrumentInputDataGaps>0</numInstrumentInputDataGaps>
          <instrumentGapsInInputDataSignificantFlag>false</instrumentGapsInInputDataSignificantFlag>
          <numInstrumentInputMissingLines>0</numInstrumentInputMissingLines>
          <instrumentMissingLinesSignificantFlag>false</instrumentMissingLinesSignificantFlag>
          <numSsbErrorInputDataGaps>0</numSsbErrorInputDataGaps>
          <ssbErrorGapsInInputDataSignificantFlag>false</ssbErrorGapsInInputDataSignificantFlag>
          <numSsbErrorInputMissingLines>0</numSsbErrorInputMissingLines>
          <ssbErrorMissingLinesSignificantFlag>false</ssbErrorMissingLinesSignificantFlag>
          <chirpSourceUsed>Nominal</chirpSourceUsed>
          <pgSourceUsed>Extracted</pgSourceUsed>
          <rrfSpectrumUsed>Extended Tapered</rrfSpectrumUsed>
          <replicaReconstructionFailedFlag>false</replicaReconstructionFailedFlag>
          <meanPgProductAmplitude>6.292584538459778e-01</meanPgProductAmplitude>
          <stdDevPgProductAmplitude>3.666315693408251e-03</stdDevPgProductAmplitude>
          <meanPgProductPhase>2.778315842151642e-01</meanPgProductPhase>
          <stdDevPgProductPhase>1.148720178753138e-02</stdDevPgProductPhase>
          <pgProductDerivationFailedFlag>false</pgProductDerivationFailedFlag>
          <invalidDownlinkParamsFlag>true</invalidDownlinkParamsFlag>
        </downlinkQuality>
        <rawDataAnalysisQuality>
          <iBias>2.266581058502197e-01</iBias>
          <iBiasSignificanceFlag>true</iBiasSignificanceFlag>
          <qBias>3.237127065658569e-01</qBias>
          <qBiasSignificanceFlag>true</qBiasSignificanceFlag>
          <iqGainImbalance>9.815459847450256e-01</iqGainImbalance>
          <iqGainSignificanceFlag>true</iqGainSignificanceFlag>
          <iqQuadratureDeparture>7.858792692422867e-02</iqQuadratureDeparture>
          <iqQuadratureDepartureSignificanceFlag>true</iqQuadratureDepartureSignificanceFlag>
        </rawDataAnalysisQuality>
        <dopplerCentroidQuality>
          <dcMethod>Data Analysis</dcMethod>
          <dopplerCentroidUncertainFlag>false</dopplerCentroidUncertainFlag>
        </dopplerCentroidQuality>
        <imageQuality>
          <imageStatistics>
            <outputDataMean>
              <re>3.896438e-02</re>
              <im>-3.068409e-02</im>
            </outputDataMean>
            <outputDataStdDev>
              <re>5.159193e+01</re>
              <im>5.158852e+01</im>
            </outputDataStdDev>
          </imageStatistics>
          <outputDataMeanOutsideNominalRangeFlag>true</outputDataMeanOutsideNominalRangeFlag>
          <outputDataStDevOutsideNominalRangeFlag>true</outputDataStDevOutsideNominalRangeFlag>
        </imageQuality>
      </qualityData>
    </qualityDataList>
  </qualityInformation>
  <generalAnnotation>
    <productInformation>
      <pass>Descending</pass>
      <timelinessCategory>Fast-24h</timelinessCategory>
      <platformHeading>-1.667320232950625e+02</platformHeading>
      <projection>Slant Range</projection>
      <rangeSamplingRate>6.434523812571428e+07</rangeSamplingRate>
      <radarFrequency>5.405000454334350e+09</radarFrequency>
      <azimuthSteeringRate>1.397440818000000e+00</azimuthSteeringRate>
    </productInformation>
    <downlinkInformationList count="1">
      <downlinkInformation>
        <swath>IW3</swath>
        <azimuthTime>2015-05-16T13:34:20.958785</azimuthTime>
        <firstLineSensingTime>2015-05-16T13:31:25.571159</firstLineSensingTime>
        <lastLineSensingTime>2015-05-16T13:31:53.343643</lastLineSensingTime>
        <prf>1.685817302492702e+03</prf>
        <bitErrorCount>
          <numErrSyncMarker>0</numErrSyncMarker>
          <numErrDataTakeId>0</numErrDataTakeId>
          <numErrEccNumber>0</numErrEccNumber>
          <numErrTestMode>0</numErrTestMode>
          <numErrRxChannelId>0</numErrRxChannelId>
          <numErrInstrumentConfigId>0</numErrInstrumentConfigId>
          <numErrPacketCount>0</numErrPacketCount>
          <numErrPriCount>0</numErrPriCount>
          <numErrSsbErrorFlag>0</numErrSsbErrorFlag>
          <numErrBaqMode>0</numErrBaqMode>
          <numErrBaqBlockLength>0</numErrBaqBlockLength>
          <numErrRangeDecimation>0</numErrRangeDecimation>
          <numErrRxGain>0</numErrRxGain>
          <numErrTxRampRate>0</numErrTxRampRate>
          <numErrTxPulseStartFrequency>0</numErrTxPulseStartFrequency>
          <numErrRank>0</numErrRank>
          <numErrPri>0</numErrPri>
          <numErrSwst>0</numErrSwst>
          <numErrSwl>0</numErrSwl>
          <numErrPolarisation>0</numErrPolarisation>
          <numErrTempComp>0</numErrTempComp>
          <numErrElevationBeamAddress>0</numErrElevationBeamAddress>
          <numErrAzimuthBeamAddress>0</numErrAzimuthBeamAddress>
          <numErrSasTestMode>0</numErrSasTestMode>
          <numErrCalType>0</numErrCalType>
          <numErrCalibrationBeamAddress>0</numErrCalibrationBeamAddress>
          <numErrCalMode>0</numErrCalMode>
          <numErrTxPulseNumber>0</numErrTxPulseNumber>
          <numErrSignalType>0</numErrSignalType>
          <numErrSwapFlag>0</numErrSwapFlag>
          <numErrSwathNumber>0</numErrSwathNumber>
          <numErrNumberOfQuads>0</numErrNumberOfQuads>
          <numIspHeaderErrors>0</numIspHeaderErrors>
        </bitErrorCount>
        <downlinkValues>
          <pri>5.931840885257075e-04</pri>
          <rank>10</rank>
          <dataTakeId>12672</dataTakeId>
          <eccNumber>8</eccNumber>
          <rxChannelId>0</rxChannelId>
          <instrumentConfigId>3</instrumentConfigId>
          <dataFormat>
            <baqBlockLength>256</baqBlockLength>
            <echoFormat>FDBAQ</echoFormat>
            <noiseFormat>BAQ 5 Bit</noiseFormat>
            <calibrationFormat>Decimation</calibrationFormat>
            <meanBitRate>7.232865879646508e-01</meanBitRate>
          </dataFormat>
          <rangeDecimation>
            <decimationFilterBandwidth>4.286000000000000e+07</decimationFilterBandwidth>
            <samplingFrequencyAfterDecimation>4.691840280000000e+07</samplingFrequencyAfterDecimation>
            <filterLength>68</filterLength>
          </rangeDecimation>
          <rxGain>-4.000000000000000e+00</rxGain>
          <txPulseLength>5.339056426703426e-05</txPulseLength>
          <txPulseStartFrequency>-2.139431040091632e+07</txPulseStartFrequency>
          <txPulseRampRate>8.014509490705804e+11</txPulseRampRate>
          <swathNumber>12</swathNumber>
          <swlList count="1">
            <swl>
              <azimuthTime>2015-05-16T13:34:22.100013</azimuthTime>
              <value>4.233946343970601e-04</value>
            </swl>
          </swlList>
          <swstList count="2">
            <swst>
              <azimuthTime>2015-05-16T13:34:22.100013</azimuthTime>
              <value>9.047622567407600e-05</value>
            </swst>
            <swst>
              <azimuthTime>2015-05-16T13:34:46.924506</azimuthTime>
              <value>8.943718774672355e-05</value>
            </swst>
          </swstList>
          <pointingStatusList count="1">
            <pointingStatus>
              <azimuthTime>2015-05-16T13:31:22.910819</azimuthTime>
              <aocsOpMode>Normal Pointing Mode</aocsOpMode>
              <rollErrorFlag>false</rollErrorFlag>
              <pitchErrorFlag>false</pitchErrorFlag>
              <yawErrorFlag>false</yawErrorFlag>
            </pointingStatus>
          </pointingStatusList>
        </downlinkValues>
      </downlinkInformation>
    </downlinkInformationList>
    <orbitList count="31">
      <orbit>
        <time>2015-05-16T13:34:18.003000</time>
        <frame>Earth Fixed</frame>
        <position>
          <x>-1.627673504064629e+06</x>
          <y>-5.330030055895900e+06</y>
          <z>4.351479585691839e+06</z>
        </position>
        <velocity>
          <x>-3.014996978200084e+03</x>
          <y>-3.840417428389496e+03</y>
          <z>-5.815581501234154e+03</z>
        </velocity>
      </orbit>
      <orbit>
        <time>2015-05-16T13:34:19.003000</time>
        <frame>Earth Fixed</frame>
        <position>
          <x>-1.630687868232103e+06</x>
          <y>-5.333867264900520e+06</y>
          <z>4.345661548867026e+06</z>
        </position>
        <velocity>
          <x>-3.013731120459351e+03</x>
          <y>-3.834000658401613e+03</y>
          <z>-5.820492170154124e+03</z>
        </velocity>
      </orbit>
      <orbit>
        <time>2015-05-16T13:34:20.003000</time>
        <frame>Earth Fixed</frame>
        <position>
          <x>-1.633700963885940e+06</x>
          <y>-5.337698055591828e+06</y>
          <z>4.339838604201280e+06</z>
        </position>
        <velocity>
          <x>-3.012460187072521e+03</x>
          <y>-3.827579989425917e+03</y>
          <z>-5.825396275980436e+03</z>
        </velocity>
      </orbit>
      <orbit>
        <time>2015-05-16T13:34:21.003000</time>
        <frame>Earth Fixed</frame>
        <position>
          <x>-1.636712786110082e+06</x>
          <y>-5.341522423280191e+06</y>
          <z>4.334010759176046e+06</z>
        </position>
        <velocity>
          <x>-3.011184176807921e+03</x>
          <y>-3.821155431007703e+03</y>
          <z>-5.830293811277313e+03</z>
        </velocity>
      </orbit>
      <orbit>
        <time>2015-05-16T13:34:22.003000</time>
        <frame>Earth Fixed</frame>
        <position>
          <x>-1.639723331016543e+06</x>
          <y>-5.345340364089526e+06</y>
          <z>4.328178019906560e+06</z>
        </position>
        <velocity>
          <x>-3.009904602863823e+03</x>
          <y>-3.814726526645762e+03</y>
          <z>-5.835184770136354e+03</z>
        </velocity>
      </orbit>
      <orbit>
        <time>2015-05-16T13:34:23.003000</time>
        <frame>Earth Fixed</frame>
        <position>
          <x>-1.642732594166014e+06</x>
          <y>-5.349151873948712e+06</y>
          <z>4.322340392965354e+06</z>
        </position>
        <velocity>
          <x>-3.008621470568944e+03</x>
          <y>-3.808293284895325e+03</y>
          <z>-5.840069155382002e+03</z>
        </velocity>
      </orbit>
      <orbit>
        <time>2015-05-16T13:34:24.003000</time>
        <frame>Earth Fixed</frame>
        <position>
          <x>-1.645740571288079e+06</x>
          <y>-5.352956948738585e+06</y>
          <z>4.316497884942464e+06</z>
        </position>
        <velocity>
          <x>-3.007333259014659e+03</x>
          <y>-3.801856173712434e+03</y>
          <z>-5.844946942282008e+03</z>
        </velocity>
      </orbit>
      <orbit>
        <time>2015-05-16T13:34:25.003000</time>
        <frame>Earth Fixed</frame>
        <position>
          <x>-1.648747257941744e+06</x>
          <y>-5.356755584401815e+06</y>
          <z>4.310650502429919e+06</z>
        </position>
        <velocity>
          <x>-3.006039970657992e+03</x>
          <y>-3.795415204620075e+03</y>
          <z>-5.849818134599627e+03</z>
        </velocity>
      </orbit>
      <orbit>
        <time>2015-05-16T13:34:26.003000</time>
        <frame>Earth Fixed</frame>
        <position>
          <x>-1.651752650005589e+06</x>
          <y>-5.360547776791531e+06</y>
          <z>4.304798252023840e+06</z>
        </position>
        <velocity>
          <x>-3.004743123804507e+03</x>
          <y>-3.788969919065250e+03</y>
          <z>-5.854682727199386e+03</z>
        </velocity>
      </orbit>
      <orbit>
        <time>2015-05-16T13:34:27.003000</time>
        <frame>Earth Fixed</frame>
        <position>
          <x>-1.654756743041119e+06</x>
          <y>-5.364333521866938e+06</y>
          <z>4.298941140325399e+06</z>
        </position>
        <velocity>
          <x>-3.003442721189866e+03</x>
          <y>-3.782520324139456e+03</y>
          <z>-5.859540715297459e+03</z>
        </velocity>
      </orbit>
      <orbit>
        <time>2015-05-16T13:34:28.003000</time>
        <frame>Earth Fixed</frame>
        <position>
          <x>-1.657759532783925e+06</x>
          <y>-5.368112815542376e+06</y>
          <z>4.293079173940563e+06</z>
        </position>
        <velocity>
          <x>-3.002137245043544e+03</x>
          <y>-3.776066896730467e+03</y>
          <z>-5.864392094417261e+03</z>
        </velocity>
      </orbit>
      <orbit>
        <time>2015-05-16T13:34:29.003000</time>
        <frame>Earth Fixed</frame>
        <position>
          <x>-1.660761014797771e+06</x>
          <y>-5.371885653794134e+06</y>
          <z>4.287212359479869e+06</z>
        </position>
        <velocity>
          <x>-3.000826695212276e+03</x>
          <y>-3.769609646884793e+03</y>
          <z>-5.869236860308089e+03</z>
        </velocity>
      </orbit>
      <orbit>
        <time>2015-05-16T13:34:30.003000</time>
        <frame>Earth Fixed</frame>
        <position>
          <x>-1.663761184966936e+06</x>
          <y>-5.375652032508519e+06</y>
          <z>4.281340703558223e+06</z>
        </position>
        <velocity>
          <x>-2.999512594808840e+03</x>
          <y>-3.763148113270243e+03</y>
          <z>-5.874075008966309e+03</z>
        </velocity>
      </orbit>
      <orbit>
        <time>2015-05-16T13:34:31.003000</time>
        <frame>Earth Fixed</frame>
        <position>
          <x>-1.666760038858148e+06</x>
          <y>-5.379411947679139e+06</y>
          <z>4.275464212794745e+06</z>
        </position>
        <velocity>
          <x>-2.998194947055285e+03</x>
          <y>-3.756682303577691e+03</y>
          <z>-5.878906536602801e+03</z>
        </velocity>
      </orbit>
      <orbit>
        <time>2015-05-16T13:34:32.003000</time>
        <frame>Earth Fixed</frame>
        <position>
          <x>-1.669757572213067e+06</x>
          <y>-5.383165395254761e+06</y>
          <z>4.269582893812655e+06</z>
        </position>
        <velocity>
          <x>-2.996872230309765e+03</x>
          <y>-3.750212698574040e+03</y>
          <z>-5.883731439451927e+03</z>
        </velocity>
      </orbit>
      <orbit>
        <time>2015-05-16T13:34:33.003000</time>
        <frame>Earth Fixed</frame>
        <position>
          <x>-1.672753780571499e+06</x>
          <y>-5.386912371210538e+06</y>
          <z>4.263696753299310e+06</z>
        </position>
        <velocity>
          <x>-2.995544401240776e+03</x>
          <y>-3.743739255703913e+03</y>
          <z>-5.888549626263973e+03</z>
        </velocity>
      </orbit>
      <orbit>
        <time>2015-05-16T13:34:34.003000</time>
        <frame>Earth Fixed</frame>
        <position>
          <x>-1.675748659851034e+06</x>
          <y>-5.390652871499501e+06</y>
          <z>4.257805797832791e+06</z>
        </position>
        <velocity>
          <x>-2.994213079043204e+03</x>
          <y>-3.737261621972850e+03</y>
          <z>-5.893361278109258e+03</z>
        </velocity>
      </orbit>
      <orbit>
        <time>2015-05-16T13:34:35.003000</time>
        <frame>Earth Fixed</frame>
        <position>
          <x>-1.678742205633325e+06</x>
          <y>-5.394386892161386e+06</y>
          <z>4.251910034030668e+06</z>
        </position>
        <velocity>
          <x>-2.992878222117589e+03</x>
          <y>-3.730779750512431e+03</y>
          <z>-5.898166300833924e+03</z>
        </velocity>
      </orbit>
      <orbit>
        <time>2015-05-16T13:34:36.003000</time>
        <frame>Earth Fixed</frame>
        <position>
          <x>-1.681734413669075e+06</x>
          <y>-5.398114429182950e+06</y>
          <z>4.246009468527455e+06</z>
        </position>
        <velocity>
          <x>-2.991538303917351e+03</x>
          <y>-3.724294124673823e+03</y>
          <z>-5.902964689366495e+03</z>
        </velocity>
      </orbit>
      <orbit>
        <time>2015-05-16T13:34:37.003000</time>
        <frame>Earth Fixed</frame>
        <position>
          <x>-1.684725279535747e+06</x>
          <y>-5.401835478613088e+06</y>
          <z>4.240104107963151e+06</z>
        </position>
        <velocity>
          <x>-2.990193323500918e+03</x>
          <y>-3.717804753443320e+03</y>
          <z>-5.907756437884334e+03</z>
        </velocity>
      </orbit>
      <orbit>
        <time>2015-05-16T13:34:38.003000</time>
        <frame>Earth Fixed</frame>
        <position>
          <x>-1.687714799107033e+06</x>
          <y>-5.405550036416159e+06</y>
          <z>4.234193958983784e+06</z>
        </position>
        <velocity>
          <x>-2.988845576974910e+03</x>
          <y>-3.711310928220048e+03</y>
          <z>-5.912541539929952e+03</z>
        </velocity>
      </orbit>
      <orbit>
        <time>2015-05-16T13:34:39.003000</time>
        <frame>Earth Fixed</frame>
        <position>
          <x>-1.690702968037146e+06</x>
          <y>-5.409258098632241e+06</y>
          <z>4.228279028241954e+06</z>
        </position>
        <velocity>
          <x>-2.987492768855560e+03</x>
          <y>-3.704813371770984e+03</y>
          <z>-5.917319988407151e+03</z>
        </velocity>
      </orbit>
      <orbit>
        <time>2015-05-16T13:34:40.003000</time>
        <frame>Earth Fixed</frame>
        <position>
          <x>-1.693689782003193e+06</x>
          <y>-5.412959661301277e+06</y>
          <z>4.222359322397362e+06</z>
        </position>
        <velocity>
          <x>-2.986135664088376e+03</x>
          <y>-3.698311852054483e+03</y>
          <z>-5.922091775507324e+03</z>
        </velocity>
      </orbit>
      <orbit>
        <time>2015-05-16T13:34:41.003000</time>
        <frame>Earth Fixed</frame>
        <position>
          <x>-1.696675236608543e+06</x>
          <y>-5.416654720492919e+06</y>
          <z>4.216434848117281e+06</z>
        </position>
        <velocity>
          <x>-2.984773494827488e+03</x>
          <y>-3.691806615570310e+03</y>
          <z>-5.926856892941453e+03</z>
        </velocity>
      </orbit>
      <orbit>
        <time>2015-05-16T13:34:42.003000</time>
        <frame>Earth Fixed</frame>
        <position>
          <x>-1.699659327727381e+06</x>
          <y>-5.420343272198316e+06</y>
          <z>4.210505612076983e+06</z>
        </position>
        <velocity>
          <x>-2.983408562297788e+03</x>
          <y>-3.685296947165939e+03</y>
          <z>-5.931615331891488e+03</z>
        </velocity>
      </orbit>
      <orbit>
        <time>2015-05-16T13:34:43.003000</time>
        <frame>Earth Fixed</frame>
        <position>
          <x>-1.702642051059991e+06</x>
          <y>-5.424025312541434e+06</y>
          <z>4.204571620865870e+06</z>
        </position>
        <velocity>
          <x>-2.982038632270801e+03</x>
          <y>-3.678783657556248e+03</y>
          <z>-5.936367220499477e+03</z>
        </velocity>
      </orbit>
      <orbit>
        <time>2015-05-16T13:34:44.003000</time>
        <frame>Earth Fixed</frame>
        <position>
          <x>-1.705623402240180e+06</x>
          <y>-5.427700837536385e+06</y>
          <z>4.198632881259528e+06</z>
        </position>
        <velocity>
          <x>-2.980664326347597e+03</x>
          <y>-3.672266334633454e+03</y>
          <z>-5.941112259661633e+03</z>
        </velocity>
      </orbit>
      <orbit>
        <time>2015-05-16T13:34:45.003000</time>
        <frame>Earth Fixed</frame>
        <position>
          <x>-1.708603376854961e+06</x>
          <y>-5.431369843260427e+06</y>
          <z>4.192689399986795e+06</z>
        </position>
        <velocity>
          <x>-2.979284944670301e+03</x>
          <y>-3.665745312503059e+03</y>
          <z>-5.945850581479120e+03</z>
        </velocity>
      </orbit>
      <orbit>
        <time>2015-05-16T13:34:46.003000</time>
        <frame>Earth Fixed</frame>
        <position>
          <x>-1.711581970772501e+06</x>
          <y>-5.435032325723476e+06</y>
          <z>4.186741183765301e+06</z>
        </position>
        <velocity>
          <x>-2.977902795250707e+03</x>
          <y>-3.659219871553581e+03</y>
          <z>-5.950582178094638e+03</z>
        </velocity>
      </orbit>
      <orbit>
        <time>2015-05-16T13:34:47.003000</time>
        <frame>Earth Fixed</frame>
        <position>
          <x>-1.714559179640115e+06</x>
          <y>-5.438688281011904e+06</y>
          <z>4.180788239319646e+06</z>
        </position>
        <velocity>
          <x>-2.976515570163879e+03</x>
          <y>-3.652690744892483e+03</y>
          <z>-5.955307042578907e+03</z>
        </velocity>
      </orbit>
      <orbit>
        <time>2015-05-16T13:34:48.003000</time>
        <frame>Earth Fixed</frame>
        <position>
          <x>-1.717534995990033e+06</x>
          <y>-5.442337701518997e+06</y>
          <z>4.174830579469110e+06</z>
        </position>
        <velocity>
          <x>-2.975123269830851e+03</x>
          <y>-3.646157948023272e+03</y>
          <z>-5.960025164091003e+03</z>
        </velocity>
      </orbit>
    </orbitList>
    <attitudeList count="25">
      <attitude>
        <time>2015-05-16T13:34:21.875002</time>
        <frame>GM2000</frame>
        <q0>2.474521e-01</q0>
        <q1>4.688828e-01</q1>
        <q2>4.362746e-01</q2>
        <q3>7.270356e-01</q3>
        <wx>-7.488583651138470e-05</wx>
        <wy>-9.458116837777197e-04</wy>
        <wz>-4.930922877974808e-04</wz>
        <roll>2.826414900783985e+00</roll>
        <pitch>-6.400032637899999e+01</pitch>
        <yaw>6.016731196520643e+01</yaw>
      </attitude>
      <attitude>
        <time>2015-05-16T13:34:22.874996</time>
        <frame>GM2000</frame>
        <q0>2.478950e-01</q0>
        <q1>4.690518e-01</q1>
        <q2>4.362413e-01</q2>
        <q3>7.267957e-01</q3>
        <wx>-7.369273225776851e-05</wx>
        <wy>-9.480643784627318e-04</wy>
        <wz>-4.928683047182858e-04</wz>
        <roll>2.802964286422626e+00</roll>
        <pitch>-6.404911355680171e+01</pitch>
        <yaw>6.019314035210792e+01</yaw>
      </attitude>
      <attitude>
        <time>2015-05-16T13:34:23.875001</time>
        <frame>GM2000</frame>
        <q0>2.483370e-01</q0>
        <q1>4.692207e-01</q1>
        <q2>4.362084e-01</q2>
        <q3>7.265555e-01</q3>
        <wx>-7.409194222418591e-05</wx>
        <wy>-9.458148269914091e-04</wy>
        <wz>-4.930947907269001e-04</wz>
        <roll>2.779636477092916e+00</roll>
        <pitch>-6.409786741856158e+01</pitch>
        <yaw>6.021899464331135e+01</yaw>
      </attitude>
      <attitude>
        <time>2015-05-16T13:34:24.874995</time>
        <frame>GM2000</frame>
        <q0>2.487780e-01</q0>
        <q1>4.693896e-01</q1>
        <q2>4.361755e-01</q2>
        <q3>7.263153e-01</q3>
        <wx>-7.448699761880562e-05</wx>
        <wy>-9.458144777454436e-04</wy>
        <wz>-4.919450148008764e-04</wz>
        <roll>2.756414357002011e+00</roll>
        <pitch>-6.414657260782823e+01</pitch>
        <yaw>6.024481444227104e+01</yaw>
      </attitude>
      <attitude>
        <time>2015-05-16T13:34:25.875000</time>
        <frame>GM2000</frame>
        <q0>2.492194e-01</q0>
        <q1>4.695580e-01</q1>
        <q2>4.361430e-01</q2>
        <q3>7.260746e-01</q3>
        <wx>-7.276615360751748e-05</wx>
        <wy>-9.428131161257625e-04</wy>
        <wz>-4.935563192702830e-04</wz>
        <roll>2.733197416618681e+00</roll>
        <pitch>-6.419528918734316e+01</pitch>
        <yaw>6.027074423747036e+01</yaw>
      </attitude>
      <attitude>
        <time>2015-05-16T13:34:26.874995</time>
        <frame>GM2000</frame>
        <q0>2.496609e-01</q0>
        <q1>4.697259e-01</q1>
        <q2>4.361100e-01</q2>
        <q3>7.258340e-01</q3>
        <wx>-7.196646765805781e-05</wx>
        <wy>-9.461889276280999e-04</wy>
        <wz>-4.921833169646561e-04</wz>
        <roll>2.709927328067293e+00</roll>
        <pitch>-6.424398213031749e+01</pitch>
        <yaw>6.029667209264689e+01</yaw>
      </attitude>
      <attitude>
        <time>2015-05-16T13:34:27.874999</time>
        <frame>GM2000</frame>
        <q0>2.501020e-01</q0>
        <q1>4.698936e-01</q1>
        <q2>4.360774e-01</q2>
        <q3>7.255932e-01</q3>
        <wx>-7.342947355937213e-05</wx>
        <wy>-9.420638089068234e-04</wy>
        <wz>-4.933237796649337e-04</wz>
        <roll>2.686749954703367e+00</roll>
        <pitch>-6.429264292904907e+01</pitch>
        <yaw>6.032264508772690e+01</yaw>
      </attitude>
      <attitude>
        <time>2015-05-16T13:34:28.875004</time>
        <frame>GM2000</frame>
        <q0>2.505431e-01</q0>
        <q1>4.700616e-01</q1>
        <q2>4.360442e-01</q2>
        <q3>7.253522e-01</q3>
        <wx>-7.449128315784037e-05</wx>
        <wy>-9.469395736232400e-04</wy>
        <wz>-4.937836201861501e-04</wz>
        <roll>2.663563180099493e+00</roll>
        <pitch>-6.434137459180765e+01</pitch>
        <yaw>6.034859793841729e+01</yaw>
      </attitude>
      <attitude>
        <time>2015-05-16T13:34:29.874998</time>
        <frame>GM2000</frame>
        <q0>2.509834e-01</q0>
        <q1>4.702290e-01</q1>
        <q2>4.360116e-01</q2>
        <q3>7.251109e-01</q3>
        <wx>-7.422621274599805e-05</wx>
        <wy>-9.443138842470944e-04</wy>
        <wz>-4.937822814099491e-04</wz>
        <roll>2.640492349682028e+00</roll>
        <pitch>-6.439001634059127e+01</pitch>
        <yaw>6.037460393559157e+01</yaw>
      </attitude>
      <attitude>
        <time>2015-05-16T13:34:30.875003</time>
        <frame>GM2000</frame>
        <q0>2.514245e-01</q0>
        <q1>4.703961e-01</q1>
        <q2>4.359787e-01</q2>
        <q3>7.248695e-01</q3>
        <wx>-7.290249050129205e-05</wx>
        <wy>-9.446882759220898e-04</wy>
        <wz>-4.951654118485749e-04</wz>
        <roll>2.617348781856103e+00</roll>
        <pitch>-6.443869863827489e+01</pitch>
        <yaw>6.040065169178879e+01</yaw>
      </attitude>
      <attitude>
        <time>2015-05-16T13:34:31.874998</time>
        <frame>GM2000</frame>
        <q0>2.518659e-01</q0>
        <q1>4.705634e-01</q1>
        <q2>4.359452e-01</q2>
        <q3>7.246278e-01</q3>
        <wx>-7.276615360751748e-05</wx>
        <wy>-9.428131161257625e-04</wy>
        <wz>-4.935563192702830e-04</wz>
        <roll>2.594190291105662e+00</roll>
        <pitch>-6.448745468067048e+01</pitch>
        <yaw>6.042671243888052e+01</yaw>
      </attitude>
      <attitude>
        <time>2015-05-16T13:34:32.875002</time>
        <frame>GM2000</frame>
        <q0>2.523074e-01</q0>
        <q1>4.707310e-01</q1>
        <q2>4.359117e-01</q2>
        <q3>7.243854e-01</q3>
        <wx>-7.436190207954496e-05</wx>
        <wy>-9.450645884498954e-04</wy>
        <wz>-4.949311260133982e-04</wz>
        <roll>2.571083299184019e+00</roll>
        <pitch>-6.453628536185623e+01</pitch>
        <yaw>6.045280038971796e+01</yaw>
      </attitude>
      <attitude>
        <time>2015-05-16T13:34:33.874998</time>
        <frame>GM2000</frame>
        <q0>2.527485e-01</q0>
        <q1>4.708981e-01</q1>
        <q2>4.358785e-01</q2>
        <q3>7.241430e-01</q3>
        <wx>-7.422384805977345e-05</wx>
        <wy>-9.454392711631954e-04</wy>
        <wz>-4.928644048050046e-04</wz>
        <roll>2.548012572959043e+00</roll>
        <pitch>-6.458505588793649e+01</pitch>
        <yaw>6.047894707076817e+01</yaw>
      </attitude>
      <attitude>
        <time>2015-05-16T13:34:34.875002</time>
        <frame>GM2000</frame>
        <q0>2.531908e-01</q0>
        <q1>4.710656e-01</q1>
        <q2>4.358445e-01</q2>
        <q3>7.239000e-01</q3>
        <wx>-7.303232996491715e-05</wx>
        <wy>-9.454385726712644e-04</wy>
        <wz>-4.940169164910913e-04</wz>
        <roll>2.524878807076700e+00</roll>
        <pitch>-6.463399581078379e+01</pitch>
        <yaw>6.050511287278399e+01</yaw>
      </attitude>
      <attitude>
        <time>2015-05-16T13:34:35.874996</time>
        <frame>GM2000</frame>
        <q0>2.536320e-01</q0>
        <q1>4.712327e-01</q1>
        <q2>4.358107e-01</q2>
        <q3>7.236571e-01</q3>
        <wx>-7.329975051106885e-05</wx>
        <wy>-9.469388751313090e-04</wy>
        <wz>-4.949360736645758e-04</wz>
        <roll>2.501832751900198e+00</roll>
        <pitch>-6.468283844490833e+01</pitch>
        <yaw>6.053126417453790e+01</yaw>
      </attitude>
      <attitude>
        <time>2015-05-16T13:34:36.875002</time>
        <frame>GM2000</frame>
        <q0>2.540736e-01</q0>
        <q1>4.713993e-01</q1>
        <q2>4.357768e-01</q2>
        <q3>7.234141e-01</q3>
        <wx>-7.462988287443295e-05</wx>
        <wy>-9.488146752119064e-04</wy>
        <wz>-4.963115788996220e-04</wz>
        <roll>2.478755184489268e+00</roll>
        <pitch>-6.473167408142876e+01</pitch>
        <yaw>6.055746570061657e+01</yaw>
      </attitude>
      <attitude>
        <time>2015-05-16T13:34:37.874995</time>
        <frame>GM2000</frame>
        <q0>2.545148e-01</q0>
        <q1>4.715660e-01</q1>
        <q2>4.357428e-01</q2>
        <q3>7.231708e-01</q3>
        <wx>-7.515768811572343e-05</wx>
        <wy>-9.461896261200309e-04</wy>
        <wz>-4.949293797835708e-04</wz>
        <roll>2.455741190219847e+00</roll>
        <pitch>-6.478052183659992e+01</pitch>
        <yaw>6.058367063880602e+01</yaw>
      </attitude>
      <attitude>
        <time>2015-05-16T13:34:38.875000</time>
        <frame>GM2000</frame>
        <q0>2.549563e-01</q0>
        <q1>4.717326e-01</q1>
        <q2>4.357084e-01</q2>
        <q3>7.229273e-01</q3>
        <wx>-7.356429705396295e-05</wx>
        <wy>-9.450637153349817e-04</wy>
        <wz>-4.944743122905493e-04</wz>
        <roll>2.432709429540922e+00</roll>
        <pitch>-6.482941939521767e+01</pitch>
        <yaw>6.060989599542914e+01</yaw>
      </attitude>
      <attitude>
        <time>2015-05-16T13:34:39.874995</time>
        <frame>GM2000</frame>
        <q0>2.553978e-01</q0>
        <q1>4.718992e-01</q1>
        <q2>4.356737e-01</q2>
        <q3>7.226836e-01</q3>
        <wx>-7.395850843749940e-05</wx>
        <wy>-9.450641227886081e-04</wy>
        <wz>-4.928649868816137e-04</wz>
        <roll>2.409680377934128e+00</roll>
        <pitch>-6.487834336284391e+01</pitch>
        <yaw>6.063612475606746e+01</yaw>
      </attitude>
      <attitude>
        <time>2015-05-16T13:34:40.874999</time>
        <frame>GM2000</frame>
        <q0>2.558387e-01</q0>
        <q1>4.720657e-01</q1>
        <q2>4.356391e-01</q2>
        <q3>7.224397e-01</q3>
        <wx>-7.382853073067963e-05</wx>
        <wy>-9.454389219172299e-04</wy>
        <wz>-4.940144135616720e-04</wz>
        <roll>2.386743949495911e+00</roll>
        <pitch>-6.492725229330374e+01</pitch>
        <yaw>6.066235406795530e+01</yaw>
      </attitude>
      <attitude>
        <time>2015-05-16T13:34:41.875004</time>
        <frame>GM2000</frame>
        <q0>2.562791e-01</q0>
        <q1>4.722321e-01</q1>
        <q2>4.356047e-01</q2>
        <q3>7.221956e-01</q3>
        <wx>-7.528738933615386e-05</wx>
        <wy>-9.480650769546628e-04</wy>
        <wz>-4.937819903716445e-04</wz>
        <roll>2.363873789348890e+00</roll>
        <pitch>-6.497613535414152e+01</pitch>
        <yaw>6.068861087884336e+01</yaw>
      </attitude>
      <attitude>
        <time>2015-05-16T13:34:42.874999</time>
        <frame>GM2000</frame>
        <q0>2.567202e-01</q0>
        <q1>4.723983e-01</q1>
        <q2>4.355700e-01</q2>
        <q3>7.219510e-01</q3>
        <wx>-7.303344318643212e-05</wx>
        <wy>-9.454385144636035e-04</wy>
        <wz>-4.944764077663422e-04</wz>
        <roll>2.340965929338529e+00</roll>
        <pitch>-6.502508369040957e+01</pitch>
        <yaw>6.071493254281719e+01</yaw>
      </attitude>
      <attitude>
        <time>2015-05-16T13:34:43.875003</time>
        <frame>GM2000</frame>
        <q0>2.571605e-01</q0>
        <q1>4.725642e-01</q1>
        <q2>4.355354e-01</q2>
        <q3>7.217066e-01</q3>
        <wx>-7.409832323901355e-05</wx>
        <wy>-9.469388169236481e-04</wy>
        <wz>-4.958523204550147e-04</wz>
        <roll>2.318133214211321e+00</roll>
        <pitch>-6.507395324828937e+01</pitch>
        <yaw>6.074123399742228e+01</yaw>
      </attitude>
      <attitude>
        <time>2015-05-16T13:34:44.874998</time>
        <frame>GM2000</frame>
        <q0>2.576005e-01</q0>
        <q1>4.727294e-01</q1>
        <q2>4.355008e-01</q2>
        <q3>7.214624e-01</q3>
        <wx>-7.303289748961106e-05</wx>
        <wy>-9.431886719539762e-04</wy>
        <wz>-4.940151120536029e-04</wz>
        <roll>2.295299890387484e+00</roll>
        <pitch>-6.512277357372929e+01</pitch>
        <yaw>6.076755734531480e+01</yaw>
      </attitude>
      <attitude>
        <time>2015-05-16T13:34:45.875003</time>
        <frame>GM2000</frame>
        <q0>2.580405e-01</q0>
        <q1>4.728945e-01</q1>
        <q2>4.354665e-01</q2>
        <q3>7.212176e-01</q3>
        <wx>-7.210452167782933e-05</wx>
        <wy>-9.435631218366325e-04</wy>
        <wz>-4.942482919432223e-04</wz>
        <roll>2.272524303476651e+00</roll>
        <pitch>-6.517159745821417e+01</pitch>
        <yaw>6.079395381776735e+01</yaw>
      </attitude>
    </attitudeList>
    <rawDataAnalysisList count="1">
      <rawDataAnalysis>
        <azimuthTime>2015-05-16T13:34:20.958785</azimuthTime>
        <iBias>2.786773145198822e-01</iBias>
        <qBias>3.696880042552948e-01</qBias>
        <iqQuadratureDeparture>6.912034749984741e-02</iqQuadratureDeparture>
        <iqGainImbalance>9.902114868164062e-01</iqGainImbalance>
        <support>
          <iBiasUpperBound>1.250755973160267e-02</iBiasUpperBound>
          <iBiasLowerBound>-1.250755973160267e-02</iBiasLowerBound>
          <qBiasUpperBound>1.263120025396347e-02</qBiasUpperBound>
          <qBiasLowerBound>-1.263120025396347e-02</qBiasLowerBound>
          <iqGainUpperBound>1.001270055770874e+00</iqGainUpperBound>
          <iqGainLowerBound>9.987304210662842e-01</iqGainLowerBound>
          <iqQuadratureDepartureUpperBound>1.114200949668884e+00</iqQuadratureDepartureUpperBound>
          <iqQuadratureDepartureLowerBound>-9.759836196899414e-01</iqQuadratureDepartureLowerBound>
          <iBiasUsedForCorrection>2.266581058502197e-01</iBiasUsedForCorrection>
          <qBiasUsedForCorrection>3.237127065658569e-01</qBiasUsedForCorrection>
          <iqGainImbalanceUsedForCorrection>9.815459847450256e-01</iqGainImbalanceUsedForCorrection>
          <iqQuadratureDepartureUsedForCorrection>7.858792692422867e-02</iqQuadratureDepartureUsedForCorrection>
        </support>
      </rawDataAnalysis>
    </rawDataAnalysisList>
    <replicaInformationList count="1">
      <replicaInformation>
        <swath>IW3</swath>
        <referenceReplica>
          <azimuthTime>2015-05-16T13:34:20.189777</azimuthTime>
          <chirpSource>Nominal</chirpSource>
          <pgSource>Extracted</pgSource>
          <amplitudeCoefficients count="4">1.000000e+00 0.000000e+00 0.000000e+00 0.000000e+00</amplitudeCoefficients>
          <phaseCoefficients count="4">0.000000e+00 6.488007e+02 4.007255e+11 0.000000e+00</phaseCoefficients>
          <timeDelay>4.448763e-07</timeDelay>
          <gain>
            <re>1.000000e+00</re>
            <im>0.000000e+00</im>
          </gain>
        </referenceReplica>
        <replicaList count="13">
          <replica>
            <azimuthTime>2015-05-16T13:34:00.867805</azimuthTime>
            <crossCorrelationBandwidth>9.857084e-01</crossCorrelationBandwidth>
            <crossCorrelationPslr>-1.280158e+01</crossCorrelationPslr>
            <crossCorrelationIslr>-9.598570e+00</crossCorrelationIslr>
            <crossCorrelationPeakLocation>0.000000e+00</crossCorrelationPeakLocation>
            <reconstructedReplicaValidFlag>true</reconstructedReplicaValidFlag>
            <pgProductAmplitude>8.868217e-04</pgProductAmplitude>
            <pgProductPhase>2.790031e-01</pgProductPhase>
            <modelPgProductAmplitude>6.346600e-01</modelPgProductAmplitude>
            <modelPgProductPhase>0.000000e+00</modelPgProductPhase>
            <relativePgProductValidFlag>true</relativePgProductValidFlag>
            <absolutePgProductValidFlag>true</absolutePgProductValidFlag>
            <internalTimeDelay>4.448765e-07</internalTimeDelay>
          </replica>
          <replica>
            <azimuthTime>2015-05-16T13:34:06.384361</azimuthTime>
            <crossCorrelationBandwidth>9.857768e-01</crossCorrelationBandwidth>
            <crossCorrelationPslr>-1.280216e+01</crossCorrelationPslr>
            <crossCorrelationIslr>-9.601948e+00</crossCorrelationIslr>
            <crossCorrelationPeakLocation>0.000000e+00</crossCorrelationPeakLocation>
            <reconstructedReplicaValidFlag>true</reconstructedReplicaValidFlag>
            <pgProductAmplitude>8.874023e-04</pgProductAmplitude>
            <pgProductPhase>2.826990e-01</pgProductPhase>
            <modelPgProductAmplitude>6.346600e-01</modelPgProductAmplitude>
            <modelPgProductPhase>0.000000e+00</modelPgProductPhase>
            <relativePgProductValidFlag>true</relativePgProductValidFlag>
            <absolutePgProductValidFlag>true</absolutePgProductValidFlag>
            <internalTimeDelay>4.448736e-07</internalTimeDelay>
          </replica>
          <replica>
            <azimuthTime>2015-05-16T13:34:11.900901</azimuthTime>
            <crossCorrelationBandwidth>9.855356e-01</crossCorrelationBandwidth>
            <crossCorrelationPslr>-1.278792e+01</crossCorrelationPslr>
            <crossCorrelationIslr>-9.595726e+00</crossCorrelationIslr>
            <crossCorrelationPeakLocation>0.000000e+00</crossCorrelationPeakLocation>
            <reconstructedReplicaValidFlag>true</reconstructedReplicaValidFlag>
            <pgProductAmplitude>8.876176e-04</pgProductAmplitude>
            <pgProductPhase>2.798779e-01</pgProductPhase>
            <modelPgProductAmplitude>6.346600e-01</modelPgProductAmplitude>
            <modelPgProductPhase>0.000000e+00</modelPgProductPhase>
            <relativePgProductValidFlag>true</relativePgProductValidFlag>
            <absolutePgProductValidFlag>true</absolutePgProductValidFlag>
            <internalTimeDelay>4.448739e-07</internalTimeDelay>
          </replica>
          <replica>
            <azimuthTime>2015-05-16T13:34:17.417472</azimuthTime>
            <crossCorrelationBandwidth>9.856005e-01</crossCorrelationBandwidth>
            <crossCorrelationPslr>-1.279039e+01</crossCorrelationPslr>
            <crossCorrelationIslr>-9.592683e+00</crossCorrelationIslr>
            <crossCorrelationPeakLocation>0.000000e+00</crossCorrelationPeakLocation>
            <reconstructedReplicaValidFlag>true</reconstructedReplicaValidFlag>
            <pgProductAmplitude>8.864614e-04</pgProductAmplitude>
            <pgProductPhase>2.742082e-01</pgProductPhase>
            <modelPgProductAmplitude>6.346600e-01</modelPgProductAmplitude>
            <modelPgProductPhase>0.000000e+00</modelPgProductPhase>
            <relativePgProductValidFlag>true</relativePgProductValidFlag>
            <absolutePgProductValidFlag>true</absolutePgProductValidFlag>
            <internalTimeDelay>4.448760e-07</internalTimeDelay>
          </replica>
          <replica>
            <azimuthTime>2015-05-16T13:34:22.934020</azimuthTime>
            <crossCorrelationBandwidth>9.853033e-01</crossCorrelationBandwidth>
            <crossCorrelationPslr>-1.280094e+01</crossCorrelationPslr>
            <crossCorrelationIslr>-9.582110e+00</crossCorrelationIslr>
            <crossCorrelationPeakLocation>0.000000e+00</crossCorrelationPeakLocation>
            <reconstructedReplicaValidFlag>true</reconstructedReplicaValidFlag>
            <pgProductAmplitude>8.880316e-04</pgProductAmplitude>
            <pgProductPhase>2.741002e-01</pgProductPhase>
            <modelPgProductAmplitude>6.346600e-01</modelPgProductAmplitude>
            <modelPgProductPhase>0.000000e+00</modelPgProductPhase>
            <relativePgProductValidFlag>true</relativePgProductValidFlag>
            <absolutePgProductValidFlag>true</absolutePgProductValidFlag>
            <internalTimeDelay>4.448754e-07</internalTimeDelay>
          </replica>
          <replica>
            <azimuthTime>2015-05-16T13:34:28.450569</azimuthTime>
            <crossCorrelationBandwidth>9.853517e-01</crossCorrelationBandwidth>
            <crossCorrelationPslr>-1.278574e+01</crossCorrelationPslr>
            <crossCorrelationIslr>-9.579429e+00</crossCorrelationIslr>
            <crossCorrelationPeakLocation>0.000000e+00</crossCorrelationPeakLocation>
            <reconstructedReplicaValidFlag>true</reconstructedReplicaValidFlag>
            <pgProductAmplitude>8.883252e-04</pgProductAmplitude>
            <pgProductPhase>2.739700e-01</pgProductPhase>
            <modelPgProductAmplitude>6.346600e-01</modelPgProductAmplitude>
            <modelPgProductPhase>0.000000e+00</modelPgProductPhase>
            <relativePgProductValidFlag>true</relativePgProductValidFlag>
            <absolutePgProductValidFlag>true</absolutePgProductValidFlag>
            <internalTimeDelay>4.448760e-07</internalTimeDelay>
          </replica>
          <replica>
            <azimuthTime>2015-05-16T13:34:33.967132</azimuthTime>
            <crossCorrelationBandwidth>9.858040e-01</crossCorrelationBandwidth>
            <crossCorrelationPslr>-1.280722e+01</crossCorrelationPslr>
            <crossCorrelationIslr>-9.604172e+00</crossCorrelationIslr>
            <crossCorrelationPeakLocation>0.000000e+00</crossCorrelationPeakLocation>
            <reconstructedReplicaValidFlag>true</reconstructedReplicaValidFlag>
            <pgProductAmplitude>8.888987e-04</pgProductAmplitude>
            <pgProductPhase>2.740814e-01</pgProductPhase>
            <modelPgProductAmplitude>6.346600e-01</modelPgProductAmplitude>
            <modelPgProductPhase>0.000000e+00</modelPgProductPhase>
            <relativePgProductValidFlag>true</relativePgProductValidFlag>
            <absolutePgProductValidFlag>true</absolutePgProductValidFlag>
            <internalTimeDelay>4.448765e-07</internalTimeDelay>
          </replica>
          <replica>
            <azimuthTime>2015-05-16T13:34:39.483680</azimuthTime>
            <crossCorrelationBandwidth>9.857796e-01</crossCorrelationBandwidth>
            <crossCorrelationPslr>-1.282188e+01</crossCorrelationPslr>
            <crossCorrelationIslr>-9.600348e+00</crossCorrelationIslr>
            <crossCorrelationPeakLocation>0.000000e+00</crossCorrelationPeakLocation>
            <reconstructedReplicaValidFlag>true</reconstructedReplicaValidFlag>
            <pgProductAmplitude>8.899649e-04</pgProductAmplitude>
            <pgProductPhase>2.758159e-01</pgProductPhase>
            <modelPgProductAmplitude>6.346600e-01</modelPgProductAmplitude>
            <modelPgProductPhase>0.000000e+00</modelPgProductPhase>
            <relativePgProductValidFlag>true</relativePgProductValidFlag>
            <absolutePgProductValidFlag>true</absolutePgProductValidFlag>
            <internalTimeDelay>4.448758e-07</internalTimeDelay>
          </replica>
          <replica>
            <azimuthTime>2015-05-16T13:34:45.000236</azimuthTime>
            <crossCorrelationBandwidth>9.854740e-01</crossCorrelationBandwidth>
            <crossCorrelationPslr>-1.280109e+01</crossCorrelationPslr>
            <crossCorrelationIslr>-9.586899e+00</crossCorrelationIslr>
            <crossCorrelationPeakLocation>0.000000e+00</crossCorrelationPeakLocation>
            <reconstructedReplicaValidFlag>true</reconstructedReplicaValidFlag>
            <pgProductAmplitude>8.901255e-04</pgProductAmplitude>
            <pgProductPhase>2.787452e-01</pgProductPhase>
            <modelPgProductAmplitude>6.346600e-01</modelPgProductAmplitude>
            <modelPgProductPhase>0.000000e+00</modelPgProductPhase>
            <relativePgProductValidFlag>true</relativePgProductValidFlag>
            <absolutePgProductValidFlag>true</absolutePgProductValidFlag>
            <internalTimeDelay>4.448754e-07</internalTimeDelay>
          </replica>
          <replica>
            <azimuthTime>2015-05-16T13:34:50.516792</azimuthTime>
            <crossCorrelationBandwidth>9.851915e-01</crossCorrelationBandwidth>
            <crossCorrelationPslr>-1.278283e+01</crossCorrelationPslr>
            <crossCorrelationIslr>-9.573843e+00</crossCorrelationIslr>
            <crossCorrelationPeakLocation>0.000000e+00</crossCorrelationPeakLocation>
            <reconstructedReplicaValidFlag>true</reconstructedReplicaValidFlag>
            <pgProductAmplitude>8.900090e-04</pgProductAmplitude>
            <pgProductPhase>2.815804e-01</pgProductPhase>
            <modelPgProductAmplitude>6.346600e-01</modelPgProductAmplitude>
            <modelPgProductPhase>0.000000e+00</modelPgProductPhase>
            <relativePgProductValidFlag>true</relativePgProductValidFlag>
            <absolutePgProductValidFlag>true</absolutePgProductValidFlag>
            <internalTimeDelay>4.448760e-07</internalTimeDelay>
          </replica>
          <replica>
            <azimuthTime>2015-05-16T13:34:56.033340</azimuthTime>
            <crossCorrelationBandwidth>9.856988e-01</crossCorrelationBandwidth>
            <crossCorrelationPslr>-1.280567e+01</crossCorrelationPslr>
            <crossCorrelationIslr>-9.598524e+00</crossCorrelationIslr>
            <crossCorrelationPeakLocation>0.000000e+00</crossCorrelationPeakLocation>
            <reconstructedReplicaValidFlag>true</reconstructedReplicaValidFlag>
            <pgProductAmplitude>8.901710e-04</pgProductAmplitude>
            <pgProductPhase>2.828538e-01</pgProductPhase>
            <modelPgProductAmplitude>6.346600e-01</modelPgProductAmplitude>
            <modelPgProductPhase>0.000000e+00</modelPgProductPhase>
            <relativePgProductValidFlag>true</relativePgProductValidFlag>
            <absolutePgProductValidFlag>true</absolutePgProductValidFlag>
            <internalTimeDelay>4.448777e-07</internalTimeDelay>
          </replica>
          <replica>
            <azimuthTime>2015-05-16T13:35:01.549903</azimuthTime>
            <crossCorrelationBandwidth>9.857570e-01</crossCorrelationBandwidth>
            <crossCorrelationPslr>-1.279774e+01</crossCorrelationPslr>
            <crossCorrelationIslr>-9.604323e+00</crossCorrelationIslr>
            <crossCorrelationPeakLocation>0.000000e+00</crossCorrelationPeakLocation>
            <reconstructedReplicaValidFlag>true</reconstructedReplicaValidFlag>
            <pgProductAmplitude>8.909551e-04</pgProductAmplitude>
            <pgProductPhase>2.763912e-01</pgProductPhase>
            <modelPgProductAmplitude>6.346600e-01</modelPgProductAmplitude>
            <modelPgProductPhase>0.000000e+00</modelPgProductPhase>
            <relativePgProductValidFlag>true</relativePgProductValidFlag>
            <absolutePgProductValidFlag>true</absolutePgProductValidFlag>
            <internalTimeDelay>4.448803e-07</internalTimeDelay>
          </replica>
          <replica>
            <azimuthTime>2015-05-16T13:35:07.066451</azimuthTime>
            <crossCorrelationBandwidth>9.855000e-01</crossCorrelationBandwidth>
            <crossCorrelationPslr>-1.279486e+01</crossCorrelationPslr>
            <crossCorrelationIslr>-9.589365e+00</crossCorrelationIslr>
            <crossCorrelationPeakLocation>0.000000e+00</crossCorrelationPeakLocation>
            <reconstructedReplicaValidFlag>true</reconstructedReplicaValidFlag>
            <pgProductAmplitude>8.902812e-04</pgProductAmplitude>
            <pgProductPhase>2.784841e-01</pgProductPhase>
            <modelPgProductAmplitude>6.346600e-01</modelPgProductAmplitude>
            <modelPgProductPhase>0.000000e+00</modelPgProductPhase>
            <relativePgProductValidFlag>true</relativePgProductValidFlag>
            <absolutePgProductValidFlag>true</absolutePgProductValidFlag>
            <internalTimeDelay>4.448777e-07</internalTimeDelay>
          </replica>
        </replicaList>
      </replicaInformation>
    </replicaInformationList>
    <noiseList count="0"/>
    <terrainHeightList count="5">
      <terrainHeight>
        <azimuthTime>2015-05-16T13:34:10.958781</azimuthTime>
        <value>2.115405484714286e+03</value>
      </terrainHeight>
      <terrainHeight>
        <azimuthTime>2015-05-16T13:34:20.958781</azimuthTime>
        <value>2.216217710857142e+03</value>
      </terrainHeight>
      <terrainHeight>
        <azimuthTime>2015-05-16T13:34:30.958781</azimuthTime>
        <value>2.554843886141667e+03</value>
      </terrainHeight>
      <terrainHeight>
        <azimuthTime>2015-05-16T13:34:40.958781</azimuthTime>
        <value>2.182755278638095e+03</value>
      </terrainHeight>
      <terrainHeight>
        <azimuthTime>2015-05-16T13:34:50.958781</azimuthTime>
        <value>1.724037712285714e+03</value>
      </terrainHeight>
    </terrainHeightList>
    <azimuthFmRateList count="10">
      <azimuthFmRate>
        <azimuthTime>2015-05-16T13:34:22.518212</azimuthTime>
        <t0>6.017656326448498e-03</t0>
        <azimuthFmRatePolynomial count="3">-2.055291423420334e+03 3.531900415589634e+05 -5.409740757886598e+07</azimuthFmRatePolynomial>
      </azimuthFmRate>
      <azimuthFmRate>
        <azimuthTime>2015-05-16T13:34:25.276489</azimuthTime>
        <t0>6.017656326448498e-03</t0>
        <azimuthFmRatePolynomial count="3">-2.055415998521740e+03 3.531856723198790e+05 -5.409255286703652e+07</azimuthFmRatePolynomial>
      </azimuthFmRate>
      <azimuthFmRate>
        <azimuthTime>2015-05-16T13:34:28.034766</azimuthTime>
        <t0>6.017656326448498e-03</t0>
        <azimuthFmRatePolynomial count="3">-2.055503170474548e+03 3.531769194600593e+05 -5.408805999759982e+07</azimuthFmRatePolynomial>
      </azimuthFmRate>
      <azimuthFmRate>
        <azimuthTime>2015-05-16T13:34:30.793043</azimuthTime>
        <t0>6.017656326448498e-03</t0>
        <azimuthFmRatePolynomial count="3">-2.055636502779448e+03 3.531744591863318e+05 -5.408486372779248e+07</azimuthFmRatePolynomial>
      </azimuthFmRate>
      <azimuthFmRate>
        <azimuthTime>2015-05-16T13:34:33.551320</azimuthTime>
        <t0>6.017656326448498e-03</t0>
        <azimuthFmRatePolynomial count="3">-2.055708721118970e+03 3.531646056271879e+05 -5.408205945338085e+07</azimuthFmRatePolynomial>
      </azimuthFmRate>
      <azimuthFmRate>
        <azimuthTime>2015-05-16T13:34:36.309597</azimuthTime>
        <t0>6.017656326448498e-03</t0>
        <azimuthFmRatePolynomial count="3">-2.055720728612205e+03 3.531468669195840e+05 -5.407720474171033e+07</azimuthFmRatePolynomial>
      </azimuthFmRate>
      <azimuthFmRate>
        <azimuthTime>2015-05-16T13:34:39.067874</azimuthTime>
        <t0>6.017656326448498e-03</t0>
        <azimuthFmRatePolynomial count="3">-2.055819606571399e+03 3.531397152509580e+05 -5.407337524851032e+07</azimuthFmRatePolynomial>
      </azimuthFmRate>
      <azimuthFmRate>
        <azimuthTime>2015-05-16T13:34:41.826151</azimuthTime>
        <t0>6.017656326448498e-03</t0>
        <azimuthFmRatePolynomial count="3">-2.055883251483623e+03 3.531294177688276e+05 -5.407156603956624e+07</azimuthFmRatePolynomial>
      </azimuthFmRate>
      <azimuthFmRate>
        <azimuthTime>2015-05-16T13:34:44.584428</azimuthTime>
        <t0>6.017656326448498e-03</t0>
        <azimuthFmRatePolynomial count="3">-2.055939719734606e+03 3.531163340217590e+05 -5.406631933250000e+07</azimuthFmRatePolynomial>
      </azimuthFmRate>
      <azimuthFmRate>
        <azimuthTime>2015-05-16T13:34:47.342705</azimuthTime>
        <t0>6.017656326448498e-03</t0>
        <azimuthFmRatePolynomial count="3">-2.055926037798874e+03 3.530953248569944e+05 -5.406197723062100e+07</azimuthFmRatePolynomial>
      </azimuthFmRate>
    </azimuthFmRateList>
  </generalAnnotation>
  <imageAnnotation>
    <imageInformation>
      <productFirstLineUtcTime>2015-05-16T13:34:20.958781</productFirstLineUtcTime>
      <productLastLineUtcTime>2015-05-16T13:34:46.141401</productLastLineUtcTime>
      <ascendingNodeTime>2015-05-16T12:55:32.227393</ascendingNodeTime>
      <anchorTime>2015-05-16T13:31:22.753195</anchorTime>
      <productComposition>Slice</productComposition>
      <sliceNumber>8</sliceNumber>
      <sliceList count="12">
        <slice>
          <sliceNumber>1</sliceNumber>
          <sensingStartTime>2015-05-16T13:31:23.660926</sensingStartTime>
          <sensingStopTime>2015-05-16T13:31:53.989731</sensingStopTime>
        </slice>
        <slice>
          <sliceNumber>2</sliceNumber>
          <sensingStartTime>2015-05-16T13:31:48.485418</sensingStartTime>
          <sensingStopTime>2015-05-16T13:32:18.814223</sensingStopTime>
        </slice>
        <slice>
          <sliceNumber>3</sliceNumber>
          <sensingStartTime>2015-05-16T13:32:13.309910</sensingStartTime>
          <sensingStopTime>2015-05-16T13:32:43.638715</sensingStopTime>
        </slice>
        <slice>
          <sliceNumber>4</sliceNumber>
          <sensingStartTime>2015-05-16T13:32:38.134402</sensingStartTime>
          <sensingStopTime>2015-05-16T13:33:08.463207</sensingStopTime>
        </slice>
        <slice>
          <sliceNumber>5</sliceNumber>
          <sensingStartTime>2015-05-16T13:33:02.958894</sensingStartTime>
          <sensingStopTime>2015-05-16T13:33:33.287699</sensingStopTime>
        </slice>
        <slice>
          <sliceNumber>6</sliceNumber>
          <sensingStartTime>2015-05-16T13:33:30.541663</sensingStartTime>
          <sensingStopTime>2015-05-16T13:33:58.112191</sensingStopTime>
        </slice>
        <slice>
          <sliceNumber>7</sliceNumber>
          <sensingStartTime>2015-05-16T13:33:55.366155</sensingStartTime>
          <sensingStopTime>2015-05-16T13:34:22.936683</sensingStopTime>
        </slice>
        <slice>
          <sliceNumber>8</sliceNumber>
          <sensingStartTime>2015-05-16T13:34:20.190647</sensingStartTime>
          <sensingStopTime>2015-05-16T13:34:47.761175</sensingStopTime>
        </slice>
        <slice>
          <sliceNumber>9</sliceNumber>
          <sensingStartTime>2015-05-16T13:34:45.015139</sensingStartTime>
          <sensingStopTime>2015-05-16T13:35:12.585667</sensingStopTime>
        </slice>
        <slice>
          <sliceNumber>10</sliceNumber>
          <sensingStartTime>2015-05-16T13:35:09.839631</sensingStartTime>
          <sensingStopTime>2015-05-16T13:35:40.168436</sensingStopTime>
        </slice>
        <slice>
          <sliceNumber>11</sliceNumber>
          <sensingStartTime>2015-05-16T13:35:34.664123</sensingStartTime>
          <sensingStopTime>2015-05-16T13:36:04.992928</sensingStopTime>
        </slice>
        <slice>
          <sliceNumber>12</sliceNumber>
          <sensingStartTime>2015-05-16T13:35:59.488615</sensingStartTime>
          <sensingStopTime>2015-05-16T13:36:21.542589</sensingStopTime>
        </slice>
      </sliceList>
      <slantRangeTime>6.017656326448498e-03</slantRangeTime>
      <pixelValue>Complex</pixelValue>
      <outputPixels>16 bit Signed Integer</outputPixels>
      <rangePixelSpacing>2.329562e+00</rangePixelSpacing>
      <azimuthPixelSpacing>1.390472e+01</azimuthPixelSpacing>
      <azimuthTimeInterval>2.055556280538440e-03</azimuthTimeInterval>
      <azimuthFrequency>4.864863149054992e+02</azimuthFrequency>
      <numberOfSamples>24561</numberOfSamples>
      <numberOfLines>13644</numberOfLines>
      <zeroDopMinusAcqTime>1.753876260000000e+02</zeroDopMinusAcqTime>
      <incidenceAngleMidSwath>4.404621348713759e+01</incidenceAngleMidSwath>
      <imageStatistics>
        <outputDataMean>
          <re>3.896438e-02</re>
          <im>-3.068409e-02</im>
        </outputDataMean>
        <outputDataStdDev>
          <re>5.159193e+01</re>
          <im>5.158852e+01</im>
        </outputDataStdDev>
      </imageStatistics>
    </imageInformation>
    <processingInformation>
      <rawDataAnalysisUsed>true</rawDataAnalysisUsed>
      <orbitDataFileUsed>true</orbitDataFileUsed>
      <attitudeDataFileUsed>false</attitudeDataFileUsed>
      <rxVariationCorrectionApplied>true</rxVariationCorrectionApplied>
      <antennaElevationPatternApplied>true</antennaElevationPatternApplied>
      <antennaAzimuthPatternApplied>true</antennaAzimuthPatternApplied>
      <antennaAzimuthElementPatternApplied>true</antennaAzimuthElementPatternApplied>
      <dcMethod>Data Analysis</dcMethod>
      <dcInputData>Range Compressed</dcInputData>
      <rangeSpreadingLossCompensationApplied>true</rangeSpreadingLossCompensationApplied>
      <srgrConversionApplied>false</srgrConversionApplied>
      <detectionPerformed>false</detectionPerformed>
      <thermalNoiseCorrectionPerformed>false</thermalNoiseCorrectionPerformed>
      <chirpSource>Nominal</chirpSource>
      <pgSource>Extracted</pgSource>
      <rrfSpectrum>Extended Tapered</rrfSpectrum>
      <applicationLutId>IW_Default</applicationLutId>
      <swathProcParamsList count="1">
        <swathProcParams>
          <swath>IW3</swath>
          <rangeProcessing>
            <windowType>Hamming</windowType>
            <windowCoefficient>7.500000000000000e-01</windowCoefficient>
            <totalBandwidth>4.278991840322842e+07</totalBandwidth>
            <processingBandwidth>4.278991840322842e+07</processingBandwidth>
            <lookBandwidth>4.278991840322842e+07</lookBandwidth>
            <numberOfLooks>1</numberOfLooks>
            <lookOverlap>0.000000000000000e+00</lookOverlap>
          </rangeProcessing>
          <azimuthProcessing>
            <windowType>Hamming</windowType>
            <windowCoefficient>7.500000000000000e-01</windowCoefficient>
            <totalBandwidth>3.140000000000000e+02</totalBandwidth>
            <processingBandwidth>3.140000000000000e+02</processingBandwidth>
            <lookBandwidth>3.140000000000000e+02</lookBandwidth>
            <numberOfLooks>1</numberOfLooks>
            <lookOverlap>0.000000000000000e+00</lookOverlap>
          </azimuthProcessing>
          <processorScalingFactor>1.011626e+07</processorScalingFactor>
        </swathProcParams>
      </swathProcParamsList>
      <inputDimensionsList count="1">
        <inputDimensions>
          <azimuthTime>2015-05-16T13:34:22.100887</azimuthTime>
          <swath>IW3</swath>
          <numberOfInputSamples>19746</numberOfInputSamples>
          <numberOfInputLines>15160</numberOfInputLines>
        </inputDimensions>
      </inputDimensionsList>
      <referenceRange>8.000000000000000e+05</referenceRange>
      <ellipsoidName>WGS84</ellipsoidName>
      <ellipsoidSemiMajorAxis>6.378137000000000e+06</ellipsoidSemiMajorAxis>
      <ellipsoidSemiMinorAxis>6.356752314245000e+06</ellipsoidSemiMinorAxis>
      <bistaticDelayCorrectionApplied>true</bistaticDelayCorrectionApplied>
      <topsFilterConvention>Only Echo Lines</topsFilterConvention>
      <orbitSource>Auxiliary</orbitSource>
      <attitudeSource>Downlink</attitudeSource>
    </processingInformation>
  </imageAnnotation>
  <dopplerCentroid>
    <dcEstimateList count="10">
      <dcEstimate>
        <azimuthTime>2015-05-16T13:34:21.562795</azimuthTime>
        <t0>5.342927742124565e-03</t0>
        <geometryDcPolynomial count="3">2.620485e+01 -2.073341e+03 1.097774e+05</geometryDcPolynomial>
        <dataDcPolynomial count="3">6.559153e+00 -4.282796e+03 2.610116e+05</dataDcPolynomial>
        <dataDcRmsError>7.009901046752930e+00</dataDcRmsError>
        <dataDcRmsErrorAboveThreshold>false</dataDcRmsErrorAboveThreshold>
        <fineDceAzimuthStartTime>2015-05-16T13:34:20.174142</fineDceAzimuthStartTime>
        <fineDceAzimuthStopTime>2015-05-16T13:34:22.951449</fineDceAzimuthStopTime>
        <fineDceList count="20">
          <fineDce>
            <slantRangeTime>6.030850733471133e-03</slantRangeTime>
            <frequency>5.526106834411621e+00</frequency>
          </fineDce>
          <fineDce>
            <slantRangeTime>6.052143037625618e-03</slantRangeTime>
            <frequency>1.196813964843750e+01</frequency>
          </fineDce>
          <fineDce>
            <slantRangeTime>6.073456645783998e-03</slantRangeTime>
            <frequency>5.053947925567627e+00</frequency>
          </fineDce>
          <fineDce>
            <slantRangeTime>6.094770253942378e-03</slantRangeTime>
            <frequency>2.906806945800781e+00</frequency>
          </fineDce>
          <fineDce>
            <slantRangeTime>6.116083862100758e-03</slantRangeTime>
            <frequency>6.401414275169373e-01</frequency>
          </fineDce>
          <fineDce>
            <slantRangeTime>6.137376166255243e-03</slantRangeTime>
            <frequency>1.568331003189087e+00</frequency>
          </fineDce>
          <fineDce>
            <slantRangeTime>6.158689716205962e-03</slantRangeTime>
            <frequency>-1.128300952911377e+01</frequency>
          </fineDce>
          <fineDce>
            <slantRangeTime>6.180003324364342e-03</slantRangeTime>
            <frequency>-5.619798898696899e-01</frequency>
          </fineDce>
          <fineDce>
            <slantRangeTime>6.201316932522721e-03</slantRangeTime>
            <frequency>-5.216131210327148e+00</frequency>
          </fineDce>
          <fineDce>
            <slantRangeTime>6.222630540681101e-03</slantRangeTime>
            <frequency>-1.210455036163330e+01</frequency>
          </fineDce>
          <fineDce>
            <slantRangeTime>6.243922844835587e-03</slantRangeTime>
            <frequency>5.232719898223877e+00</frequency>
          </fineDce>
          <fineDce>
            <slantRangeTime>6.265236452993967e-03</slantRangeTime>
            <frequency>1.258538007736206e+00</frequency>
          </fineDce>
          <fineDce>
            <slantRangeTime>6.286550061152346e-03</slantRangeTime>
            <frequency>-2.840533018112183e+00</frequency>
          </fineDce>
          <fineDce>
            <slantRangeTime>6.307863669310726e-03</slantRangeTime>
            <frequency>7.007396221160889e+00</frequency>
          </fineDce>
          <fineDce>
            <slantRangeTime>6.329177161053784e-03</slantRangeTime>
            <frequency>1.318784952163696e+00</frequency>
          </fineDce>
          <fineDce>
            <slantRangeTime>6.350469756246574e-03</slantRangeTime>
            <frequency>9.870468139648438e+00</frequency>
          </fineDce>
          <fineDce>
            <slantRangeTime>6.371782724120684e-03</slantRangeTime>
            <frequency>2.162813901901245e+00</frequency>
          </fineDce>
          <fineDce>
            <slantRangeTime>6.393096739732690e-03</slantRangeTime>
            <frequency>2.119013071060181e+00</frequency>
          </fineDce>
          <fineDce>
            <slantRangeTime>6.414410755344696e-03</slantRangeTime>
            <frequency>3.594213962554932e+00</frequency>
          </fineDce>
          <fineDce>
            <slantRangeTime>6.435723723218806e-03</slantRangeTime>
            <frequency>1.925904989242554e+00</frequency>
          </fineDce>
        </fineDceList>
      </dcEstimate>
      <dcEstimate>
        <azimuthTime>2015-05-16T13:34:24.321072</azimuthTime>
        <t0>5.342927742124565e-03</t0>
        <geometryDcPolynomial count="3">2.560197e+01 -2.176349e+03 1.454380e+05</geometryDcPolynomial>
        <dataDcPolynomial count="3">9.590937e+00 -1.378417e+04 5.711502e+06</dataDcPolynomial>
        <dataDcRmsError>5.781014919281006e+00</dataDcRmsError>
        <dataDcRmsErrorAboveThreshold>false</dataDcRmsErrorAboveThreshold>
        <fineDceAzimuthStartTime>2015-05-16T13:34:22.932419</fineDceAzimuthStartTime>
        <fineDceAzimuthStopTime>2015-05-16T13:34:25.709726</fineDceAzimuthStopTime>
        <fineDceList count="20">
          <fineDce>
            <slantRangeTime>6.030850733471133e-03</slantRangeTime>
            <frequency>4.414916038513184e+00</frequency>
          </fineDce>
          <fineDce>
            <slantRangeTime>6.052143037625618e-03</slantRangeTime>
            <frequency>-7.068777084350586e+00</frequency>
          </fineDce>
          <fineDce>
            <slantRangeTime>6.073456645783998e-03</slantRangeTime>
            <frequency>2.510967016220093e+00</frequency>
          </fineDce>
          <fineDce>
            <slantRangeTime>6.094770253942378e-03</slantRangeTime>
            <frequency>1.670074081420898e+01</frequency>
          </fineDce>
          <fineDce>
            <slantRangeTime>6.116083862100758e-03</slantRangeTime>
            <frequency>-5.045732259750366e-01</frequency>
          </fineDce>
          <fineDce>
            <slantRangeTime>6.137376166255243e-03</slantRangeTime>
            <frequency>2.263889074325562e+00</frequency>
          </fineDce>
          <fineDce>
            <slantRangeTime>6.158689716205962e-03</slantRangeTime>
            <frequency>1.282425975799561e+01</frequency>
          </fineDce>
          <fineDce>
            <slantRangeTime>6.180003324364342e-03</slantRangeTime>
            <frequency>1.655398011207581e+00</frequency>
          </fineDce>
          <fineDce>
            <slantRangeTime>6.201316932522721e-03</slantRangeTime>
            <frequency>5.967544078826904e+00</frequency>
          </fineDce>
          <fineDce>
            <slantRangeTime>6.222630540681101e-03</slantRangeTime>
            <frequency>7.307719230651855e+00</frequency>
          </fineDce>
          <fineDce>
            <slantRangeTime>6.243922844835587e-03</slantRangeTime>
            <frequency>9.467402100563049e-01</frequency>
          </fineDce>
          <fineDce>
            <slantRangeTime>6.265236452993967e-03</slantRangeTime>
            <frequency>4.032837867736816e+00</frequency>
          </fineDce>
          <fineDce>
            <slantRangeTime>6.286550061152346e-03</slantRangeTime>
            <frequency>-8.887640237808228e-01</frequency>
          </fineDce>
          <fineDce>
            <slantRangeTime>6.307863669310726e-03</slantRangeTime>
            <frequency>1.026165962219238e+00</frequency>
          </fineDce>
          <fineDce>
            <slantRangeTime>6.329177161053784e-03</slantRangeTime>
            <frequency>7.230917930603027e+00</frequency>
          </fineDce>
          <fineDce>
            <slantRangeTime>6.350469756246574e-03</slantRangeTime>
            <frequency>-2.226843118667603e+00</frequency>
          </fineDce>
          <fineDce>
            <slantRangeTime>6.371782724120684e-03</slantRangeTime>
            <frequency>-6.319238185882568e+00</frequency>
          </fineDce>
          <fineDce>
            <slantRangeTime>6.393096739732690e-03</slantRangeTime>
            <frequency>-3.434557914733887e+00</frequency>
          </fineDce>
          <fineDce>
            <slantRangeTime>6.414410755344696e-03</slantRangeTime>
            <frequency>3.726727008819580e+00</frequency>
          </fineDce>
          <fineDce>
            <slantRangeTime>6.435723723218806e-03</slantRangeTime>
            <frequency>5.429474830627441e+00</frequency>
          </fineDce>
        </fineDceList>
      </dcEstimate>
      <dcEstimate>
        <azimuthTime>2015-05-16T13:34:27.079349</azimuthTime>
        <t0>5.342927742124565e-03</t0>
        <geometryDcPolynomial count="3">2.637733e+01 -2.236698e+03 1.486820e+05</geometryDcPolynomial>
        <dataDcPolynomial count="3">3.912501e+00 1.852945e+04 -2.458852e+07</dataDcPolynomial>
        <dataDcRmsError>5.764757156372070e+00</dataDcRmsError>
        <dataDcRmsErrorAboveThreshold>false</dataDcRmsErrorAboveThreshold>
        <fineDceAzimuthStartTime>2015-05-16T13:34:25.690696</fineDceAzimuthStartTime>
        <fineDceAzimuthStopTime>2015-05-16T13:34:28.468003</fineDceAzimuthStopTime>
        <fineDceList count="20">
          <fineDce>
            <slantRangeTime>6.030850733471133e-03</slantRangeTime>
            <frequency>-4.589827060699463e-01</frequency>
          </fineDce>
          <fineDce>
            <slantRangeTime>6.052143037625618e-03</slantRangeTime>
            <frequency>-9.224113821983337e-01</frequency>
          </fineDce>
          <fineDce>
            <slantRangeTime>6.073456645783998e-03</slantRangeTime>
            <frequency>-5.351076722145081e-01</frequency>
          </fineDce>
          <fineDce>
            <slantRangeTime>6.094770253942378e-03</slantRangeTime>
            <frequency>2.174475908279419e+00</frequency>
          </fineDce>
          <fineDce>
            <slantRangeTime>6.116083862100758e-03</slantRangeTime>
            <frequency>1.200265979766846e+01</frequency>
          </fineDce>
          <fineDce>
            <slantRangeTime>6.137376166255243e-03</slantRangeTime>
            <frequency>-1.436979055404663e+00</frequency>
          </fineDce>
          <fineDce>
            <slantRangeTime>6.158689716205962e-03</slantRangeTime>
            <frequency>-7.641543865203857e+00</frequency>
          </fineDce>
          <fineDce>
            <slantRangeTime>6.180003324364342e-03</slantRangeTime>
            <frequency>3.417476892471313e+00</frequency>
          </fineDce>
          <fineDce>
            <slantRangeTime>6.201316932522721e-03</slantRangeTime>
            <frequency>-3.860780954360962e+00</frequency>
          </fineDce>
          <fineDce>
            <slantRangeTime>6.222630540681101e-03</slantRangeTime>
            <frequency>-1.325916957855225e+01</frequency>
          </fineDce>
          <fineDce>
            <slantRangeTime>6.243922844835587e-03</slantRangeTime>
            <frequency>-3.007666015625000e+01</frequency>
          </fineDce>
          <fineDce>
            <slantRangeTime>6.265236452993967e-03</slantRangeTime>
            <frequency>1.237156033515930e+00</frequency>
          </fineDce>
          <fineDce>
            <slantRangeTime>6.286550061152346e-03</slantRangeTime>
            <frequency>-4.721939861774445e-01</frequency>
          </fineDce>
          <fineDce>
            <slantRangeTime>6.307863669310726e-03</slantRangeTime>
            <frequency>-3.102202892303467e+00</frequency>
          </fineDce>
          <fineDce>
            <slantRangeTime>6.329177161053784e-03</slantRangeTime>
            <frequency>2.595922946929932e+00</frequency>
          </fineDce>
          <fineDce>
            <slantRangeTime>6.350469756246574e-03</slantRangeTime>
            <frequency>7.784882068634033e+00</frequency>
          </fineDce>
          <fineDce>
            <slantRangeTime>6.371782724120684e-03</slantRangeTime>
            <frequency>1.435379981994629e+01</frequency>
          </fineDce>
          <fineDce>
            <slantRangeTime>6.393096739732690e-03</slantRangeTime>
            <frequency>4.973753929138184e+00</frequency>
          </fineDce>
          <fineDce>
            <slantRangeTime>6.414410755344696e-03</slantRangeTime>
            <frequency>-2.447702884674072e+00</frequency>
          </fineDce>
          <fineDce>
            <slantRangeTime>6.435723723218806e-03</slantRangeTime>
            <frequency>-1.831806945800781e+01</frequency>
          </fineDce>
        </fineDceList>
      </dcEstimate>
      <dcEstimate>
        <azimuthTime>2015-05-16T13:34:29.837626</azimuthTime>
        <t0>5.342927742124565e-03</t0>
        <geometryDcPolynomial count="3">2.780857e+01 -2.297809e+03 1.415889e+05</geometryDcPolynomial>
        <dataDcPolynomial count="3">4.285772e+00 4.431346e+03 -4.016099e+05</dataDcPolynomial>
        <dataDcRmsError>4.777019977569580e+00</dataDcRmsError>
        <dataDcRmsErrorAboveThreshold>false</dataDcRmsErrorAboveThreshold>
        <fineDceAzimuthStartTime>2015-05-16T13:34:28.448973</fineDceAzimuthStartTime>
        <fineDceAzimuthStopTime>2015-05-16T13:34:31.226280</fineDceAzimuthStopTime>
        <fineDceList count="20">
          <fineDce>
            <slantRangeTime>6.030850733471133e-03</slantRangeTime>
            <frequency>1.034193992614746e+01</frequency>
          </fineDce>
          <fineDce>
            <slantRangeTime>6.052143037625618e-03</slantRangeTime>
            <frequency>1.879166030883789e+01</frequency>
          </fineDce>
          <fineDce>
            <slantRangeTime>6.073456645783998e-03</slantRangeTime>
            <frequency>9.909006118774414e+00</frequency>
          </fineDce>
          <fineDce>
            <slantRangeTime>6.094770253942378e-03</slantRangeTime>
            <frequency>1.486907005310059e+01</frequency>
          </fineDce>
          <fineDce>
            <slantRangeTime>6.116083862100758e-03</slantRangeTime>
            <frequency>9.362814903259277e+00</frequency>
          </fineDce>
          <fineDce>
            <slantRangeTime>6.137376166255243e-03</slantRangeTime>
            <frequency>1.721276092529297e+01</frequency>
          </fineDce>
          <fineDce>
            <slantRangeTime>6.158689716205962e-03</slantRangeTime>
            <frequency>1.378077030181885e+01</frequency>
          </fineDce>
          <fineDce>
            <slantRangeTime>6.180003324364342e-03</slantRangeTime>
            <frequency>6.649033069610596e+00</frequency>
          </fineDce>
          <fineDce>
            <slantRangeTime>6.201316932522721e-03</slantRangeTime>
            <frequency>1.359566020965576e+01</frequency>
          </fineDce>
          <fineDce>
            <slantRangeTime>6.222630540681101e-03</slantRangeTime>
            <frequency>9.329881668090820e+00</frequency>
          </fineDce>
          <fineDce>
            <slantRangeTime>6.243922844835587e-03</slantRangeTime>
            <frequency>2.322546958923340e+01</frequency>
          </fineDce>
          <fineDce>
            <slantRangeTime>6.265236452993967e-03</slantRangeTime>
            <frequency>1.161030006408691e+01</frequency>
          </fineDce>
          <fineDce>
            <slantRangeTime>6.286550061152346e-03</slantRangeTime>
            <frequency>1.094902038574219e+01</frequency>
          </fineDce>
          <fineDce>
            <slantRangeTime>6.307863669310726e-03</slantRangeTime>
            <frequency>7.496026992797852e+00</frequency>
          </fineDce>
          <fineDce>
            <slantRangeTime>6.329177161053784e-03</slantRangeTime>
            <frequency>1.592440009117126e+00</frequency>
          </fineDce>
          <fineDce>
            <slantRangeTime>6.350469756246574e-03</slantRangeTime>
            <frequency>5.498445034027100e+00</frequency>
          </fineDce>
          <fineDce>
            <slantRangeTime>6.371782724120684e-03</slantRangeTime>
            <frequency>-5.785319209098816e-01</frequency>
          </fineDce>
          <fineDce>
            <slantRangeTime>6.393096739732690e-03</slantRangeTime>
            <frequency>-9.315484046936035e+00</frequency>
          </fineDce>
          <fineDce>
            <slantRangeTime>6.414410755344696e-03</slantRangeTime>
            <frequency>3.322928905487061e+00</frequency>
          </fineDce>
          <fineDce>
            <slantRangeTime>6.435723723218806e-03</slantRangeTime>
            <frequency>6.379857063293457e+00</frequency>
          </fineDce>
        </fineDceList>
      </dcEstimate>
      <dcEstimate>
        <azimuthTime>2015-05-16T13:34:32.595903</azimuthTime>
        <t0>5.342927742124565e-03</t0>
        <geometryDcPolynomial count="3">2.832281e+01 -2.269306e+03 1.264330e+05</geometryDcPolynomial>
        <dataDcPolynomial count="3">1.529915e+01 -3.342158e+04 2.519304e+07</dataDcPolynomial>
        <dataDcRmsError>4.362774848937988e+00</dataDcRmsError>
        <dataDcRmsErrorAboveThreshold>false</dataDcRmsErrorAboveThreshold>
        <fineDceAzimuthStartTime>2015-05-16T13:34:31.207250</fineDceAzimuthStartTime>
        <fineDceAzimuthStopTime>2015-05-16T13:34:33.984557</fineDceAzimuthStopTime>
        <fineDceList count="20">
          <fineDce>
            <slantRangeTime>6.030850733471133e-03</slantRangeTime>
            <frequency>1.610820055007935e+00</frequency>
          </fineDce>
          <fineDce>
            <slantRangeTime>6.052143037625618e-03</slantRangeTime>
            <frequency>4.859170913696289e+00</frequency>
          </fineDce>
          <fineDce>
            <slantRangeTime>6.073456645783998e-03</slantRangeTime>
            <frequency>5.376570224761963e+00</frequency>
          </fineDce>
          <fineDce>
            <slantRangeTime>6.094770253942378e-03</slantRangeTime>
            <frequency>4.992987155914307e+00</frequency>
          </fineDce>
          <fineDce>
            <slantRangeTime>6.116083862100758e-03</slantRangeTime>
            <frequency>-6.242598056793213e+00</frequency>
          </fineDce>
          <fineDce>
            <slantRangeTime>6.137376166255243e-03</slantRangeTime>
            <frequency>-2.435117006301880e+00</frequency>
          </fineDce>
          <fineDce>
            <slantRangeTime>6.158689716205962e-03</slantRangeTime>
            <frequency>2.525325059890747e+00</frequency>
          </fineDce>
          <fineDce>
            <slantRangeTime>6.180003324364342e-03</slantRangeTime>
            <frequency>-9.952431917190552e-01</frequency>
          </fineDce>
          <fineDce>
            <slantRangeTime>6.201316932522721e-03</slantRangeTime>
            <frequency>1.042224049568176e+00</frequency>
          </fineDce>
          <fineDce>
            <slantRangeTime>6.222630540681101e-03</slantRangeTime>
            <frequency>1.131186962127686e+01</frequency>
          </fineDce>
          <fineDce>
            <slantRangeTime>6.243922844835587e-03</slantRangeTime>
            <frequency>6.500309944152832e+00</frequency>
          </fineDce>
          <fineDce>
            <slantRangeTime>6.265236452993967e-03</slantRangeTime>
            <frequency>9.536728858947754e+00</frequency>
          </fineDce>
          <fineDce>
            <slantRangeTime>6.286550061152346e-03</slantRangeTime>
            <frequency>1.164564037322998e+01</frequency>
          </fineDce>
          <fineDce>
            <slantRangeTime>6.307863669310726e-03</slantRangeTime>
            <frequency>4.124582767486572e+00</frequency>
          </fineDce>
          <fineDce>
            <slantRangeTime>6.329177161053784e-03</slantRangeTime>
            <frequency>8.416811943054199e+00</frequency>
          </fineDce>
          <fineDce>
            <slantRangeTime>6.350469756246574e-03</slantRangeTime>
            <frequency>5.145837783813477e+00</frequency>
          </fineDce>
          <fineDce>
            <slantRangeTime>6.371782724120684e-03</slantRangeTime>
            <frequency>3.138133049011230e+00</frequency>
          </fineDce>
          <fineDce>
            <slantRangeTime>6.393096739732690e-03</slantRangeTime>
            <frequency>1.016166973114014e+01</frequency>
          </fineDce>
          <fineDce>
            <slantRangeTime>6.414410755344696e-03</slantRangeTime>
            <frequency>1.149380016326904e+01</frequency>
          </fineDce>
          <fineDce>
            <slantRangeTime>6.435723723218806e-03</slantRangeTime>
            <frequency>7.389711856842041e+00</frequency>
          </fineDce>
        </fineDceList>
      </dcEstimate>
      <dcEstimate>
        <azimuthTime>2015-05-16T13:34:35.354179</azimuthTime>
        <t0>5.342927742124565e-03</t0>
        <geometryDcPolynomial count="3">2.775307e+01 -2.148220e+03 1.045175e+05</geometryDcPolynomial>
        <dataDcPolynomial count="3">1.339797e+01 -2.762916e+04 1.597552e+07</dataDcPolynomial>
        <dataDcRmsError>4.322506904602051e+00</dataDcRmsError>
        <dataDcRmsErrorAboveThreshold>false</dataDcRmsErrorAboveThreshold>
        <fineDceAzimuthStartTime>2015-05-16T13:34:33.965526</fineDceAzimuthStartTime>
        <fineDceAzimuthStopTime>2015-05-16T13:34:36.742833</fineDceAzimuthStopTime>
        <fineDceList count="20">
          <fineDce>
            <slantRangeTime>6.030850733471133e-03</slantRangeTime>
            <frequency>-6.357384920120239e-01</frequency>
          </fineDce>
          <fineDce>
            <slantRangeTime>6.052143037625618e-03</slantRangeTime>
            <frequency>2.346055954694748e-01</frequency>
          </fineDce>
          <fineDce>
            <slantRangeTime>6.073456645783998e-03</slantRangeTime>
            <frequency>-6.646986007690430e+00</frequency>
          </fineDce>
          <fineDce>
            <slantRangeTime>6.094770253942378e-03</slantRangeTime>
            <frequency>-6.463335990905762e+00</frequency>
          </fineDce>
          <fineDce>
            <slantRangeTime>6.116083862100758e-03</slantRangeTime>
            <frequency>2.636409997940063e+00</frequency>
          </fineDce>
          <fineDce>
            <slantRangeTime>6.137376166255243e-03</slantRangeTime>
            <frequency>1.638321042060852e+00</frequency>
          </fineDce>
          <fineDce>
            <slantRangeTime>6.158689716205962e-03</slantRangeTime>
            <frequency>7.080618143081665e-01</frequency>
          </fineDce>
          <fineDce>
            <slantRangeTime>6.180003324364342e-03</slantRangeTime>
            <frequency>6.834319114685059e+00</frequency>
          </fineDce>
          <fineDce>
            <slantRangeTime>6.201316932522721e-03</slantRangeTime>
            <frequency>1.185085964202881e+01</frequency>
          </fineDce>
          <fineDce>
            <slantRangeTime>6.222630540681101e-03</slantRangeTime>
            <frequency>8.355860710144043e-01</frequency>
          </fineDce>
          <fineDce>
            <slantRangeTime>6.243922844835587e-03</slantRangeTime>
            <frequency>8.960714936256409e-01</frequency>
          </fineDce>
          <fineDce>
            <slantRangeTime>6.265236452993967e-03</slantRangeTime>
            <frequency>8.110619544982910e+00</frequency>
          </fineDce>
          <fineDce>
            <slantRangeTime>6.286550061152346e-03</slantRangeTime>
            <frequency>5.811502933502197e+00</frequency>
          </fineDce>
          <fineDce>
            <slantRangeTime>6.307863669310726e-03</slantRangeTime>
            <frequency>-2.028218030929565e+00</frequency>
          </fineDce>
          <fineDce>
            <slantRangeTime>6.329177161053784e-03</slantRangeTime>
            <frequency>-3.767153024673462e+00</frequency>
          </fineDce>
          <fineDce>
            <slantRangeTime>6.350469756246574e-03</slantRangeTime>
            <frequency>2.145687043666840e-01</frequency>
          </fineDce>
          <fineDce>
            <slantRangeTime>6.371782724120684e-03</slantRangeTime>
            <frequency>9.432995796203613e+00</frequency>
          </fineDce>
          <fineDce>
            <slantRangeTime>6.393096739732690e-03</slantRangeTime>
            <frequency>1.262488007545471e+00</frequency>
          </fineDce>
          <fineDce>
            <slantRangeTime>6.414410755344696e-03</slantRangeTime>
            <frequency>-6.586584091186523e+00</frequency>
          </fineDce>
          <fineDce>
            <slantRangeTime>6.435723723218806e-03</slantRangeTime>
            <frequency>2.269212961196899e+00</frequency>
          </fineDce>
        </fineDceList>
      </dcEstimate>
      <dcEstimate>
        <azimuthTime>2015-05-16T13:34:38.112456</azimuthTime>
        <t0>5.342927742124565e-03</t0>
        <geometryDcPolynomial count="3">2.739169e+01 -2.083941e+03 9.396948e+04</geometryDcPolynomial>
        <dataDcPolynomial count="3">8.543484e+00 -2.955654e+03 -6.372442e+06</dataDcPolynomial>
        <dataDcRmsError>4.619247913360596e+00</dataDcRmsError>
        <dataDcRmsErrorAboveThreshold>false</dataDcRmsErrorAboveThreshold>
        <fineDceAzimuthStartTime>2015-05-16T13:34:36.723803</fineDceAzimuthStartTime>
        <fineDceAzimuthStopTime>2015-05-16T13:34:39.501110</fineDceAzimuthStopTime>
        <fineDceList count="20">
          <fineDce>
            <slantRangeTime>6.030850733471133e-03</slantRangeTime>
            <frequency>4.715293884277344e+00</frequency>
          </fineDce>
          <fineDce>
            <slantRangeTime>6.052143037625618e-03</slantRangeTime>
            <frequency>8.926983833312988e+00</frequency>
          </fineDce>
          <fineDce>
            <slantRangeTime>6.073456645783998e-03</slantRangeTime>
            <frequency>1.092144012451172e+01</frequency>
          </fineDce>
          <fineDce>
            <slantRangeTime>6.094770253942378e-03</slantRangeTime>
            <frequency>8.827341079711914e+00</frequency>
          </fineDce>
          <fineDce>
            <slantRangeTime>6.116083862100758e-03</slantRangeTime>
            <frequency>1.386098980903625e+00</frequency>
          </fineDce>
          <fineDce>
            <slantRangeTime>6.137376166255243e-03</slantRangeTime>
            <frequency>2.825294017791748e+00</frequency>
          </fineDce>
          <fineDce>
            <slantRangeTime>6.158689716205962e-03</slantRangeTime>
            <frequency>-2.651861906051636e+00</frequency>
          </fineDce>
          <fineDce>
            <slantRangeTime>6.180003324364342e-03</slantRangeTime>
            <frequency>-7.325296878814697e+00</frequency>
          </fineDce>
          <fineDce>
            <slantRangeTime>6.201316932522721e-03</slantRangeTime>
            <frequency>-9.028297424316406e+00</frequency>
          </fineDce>
          <fineDce>
            <slantRangeTime>6.222630540681101e-03</slantRangeTime>
            <frequency>-6.554639816284180e+00</frequency>
          </fineDce>
          <fineDce>
            <slantRangeTime>6.243922844835587e-03</slantRangeTime>
            <frequency>-1.411528944969177e+00</frequency>
          </fineDce>
          <fineDce>
            <slantRangeTime>6.265236452993967e-03</slantRangeTime>
            <frequency>-1.376144051551819e+00</frequency>
          </fineDce>
          <fineDce>
            <slantRangeTime>6.286550061152346e-03</slantRangeTime>
            <frequency>1.094483971595764e+00</frequency>
          </fineDce>
          <fineDce>
            <slantRangeTime>6.307863669310726e-03</slantRangeTime>
            <frequency>3.736231088638306e+00</frequency>
          </fineDce>
          <fineDce>
            <slantRangeTime>6.329177161053784e-03</slantRangeTime>
            <frequency>1.041491985321045e+01</frequency>
          </fineDce>
          <fineDce>
            <slantRangeTime>6.350469756246574e-03</slantRangeTime>
            <frequency>2.033432960510254e+00</frequency>
          </fineDce>
          <fineDce>
            <slantRangeTime>6.371782724120684e-03</slantRangeTime>
            <frequency>-1.622591972351074e+00</frequency>
          </fineDce>
          <fineDce>
            <slantRangeTime>6.393096739732690e-03</slantRangeTime>
            <frequency>-2.026210069656372e+00</frequency>
          </fineDce>
          <fineDce>
            <slantRangeTime>6.414410755344696e-03</slantRangeTime>
            <frequency>-3.359941005706787e+00</frequency>
          </fineDce>
          <fineDce>
            <slantRangeTime>6.435723723218806e-03</slantRangeTime>
            <frequency>-3.157218933105469e+00</frequency>
          </fineDce>
        </fineDceList>
      </dcEstimate>
      <dcEstimate>
        <azimuthTime>2015-05-16T13:34:40.870733</azimuthTime>
        <t0>5.342927742124565e-03</t0>
        <geometryDcPolynomial count="3">2.646024e+01 -2.119892e+03 1.178276e+05</geometryDcPolynomial>
        <dataDcPolynomial count="3">1.206400e+01 -1.481250e+04 4.102034e+06</dataDcPolynomial>
        <dataDcRmsError>4.314125061035156e+00</dataDcRmsError>
        <dataDcRmsErrorAboveThreshold>false</dataDcRmsErrorAboveThreshold>
        <fineDceAzimuthStartTime>2015-05-16T13:34:39.482080</fineDceAzimuthStartTime>
        <fineDceAzimuthStopTime>2015-05-16T13:34:42.259387</fineDceAzimuthStopTime>
        <fineDceList count="20">
          <fineDce>
            <slantRangeTime>6.030850733471133e-03</slantRangeTime>
            <frequency>5.370911121368408e+00</frequency>
          </fineDce>
          <fineDce>
            <slantRangeTime>6.052143037625618e-03</slantRangeTime>
            <frequency>3.597100019454956e+00</frequency>
          </fineDce>
          <fineDce>
            <slantRangeTime>6.073456645783998e-03</slantRangeTime>
            <frequency>-7.212926745414734e-01</frequency>
          </fineDce>
          <fineDce>
            <slantRangeTime>6.094770253942378e-03</slantRangeTime>
            <frequency>-6.225640773773193e+00</frequency>
          </fineDce>
          <fineDce>
            <slantRangeTime>6.116083862100758e-03</slantRangeTime>
            <frequency>1.462805986404419e+00</frequency>
          </fineDce>
          <fineDce>
            <slantRangeTime>6.137376166255243e-03</slantRangeTime>
            <frequency>-1.522830009460449e+00</frequency>
          </fineDce>
          <fineDce>
            <slantRangeTime>6.158689716205962e-03</slantRangeTime>
            <frequency>-3.834426999092102e-01</frequency>
          </fineDce>
          <fineDce>
            <slantRangeTime>6.180003324364342e-03</slantRangeTime>
            <frequency>1.821848034858704e+00</frequency>
          </fineDce>
          <fineDce>
            <slantRangeTime>6.201316932522721e-03</slantRangeTime>
            <frequency>9.648527145385742e+00</frequency>
          </fineDce>
          <fineDce>
            <slantRangeTime>6.222630540681101e-03</slantRangeTime>
            <frequency>4.016778945922852e+00</frequency>
          </fineDce>
          <fineDce>
            <slantRangeTime>6.243922844835587e-03</slantRangeTime>
            <frequency>3.871058940887451e+00</frequency>
          </fineDce>
          <fineDce>
            <slantRangeTime>6.265236452993967e-03</slantRangeTime>
            <frequency>2.992383003234863e+00</frequency>
          </fineDce>
          <fineDce>
            <slantRangeTime>6.286550061152346e-03</slantRangeTime>
            <frequency>2.093357086181641e+00</frequency>
          </fineDce>
          <fineDce>
            <slantRangeTime>6.307863669310726e-03</slantRangeTime>
            <frequency>-2.947884082794189e+00</frequency>
          </fineDce>
          <fineDce>
            <slantRangeTime>6.329177161053784e-03</slantRangeTime>
            <frequency>-4.415029048919678e+00</frequency>
          </fineDce>
          <fineDce>
            <slantRangeTime>6.350469756246574e-03</slantRangeTime>
            <frequency>-2.561506032943726e-01</frequency>
          </fineDce>
          <fineDce>
            <slantRangeTime>6.371782724120684e-03</slantRangeTime>
            <frequency>4.576908051967621e-01</frequency>
          </fineDce>
          <fineDce>
            <slantRangeTime>6.393096739732690e-03</slantRangeTime>
            <frequency>1.984745077788830e-02</frequency>
          </fineDce>
          <fineDce>
            <slantRangeTime>6.414410755344696e-03</slantRangeTime>
            <frequency>-5.133926272392273e-01</frequency>
          </fineDce>
          <fineDce>
            <slantRangeTime>6.435723723218806e-03</slantRangeTime>
            <frequency>5.827569007873535e+00</frequency>
          </fineDce>
        </fineDceList>
      </dcEstimate>
      <dcEstimate>
        <azimuthTime>2015-05-16T13:34:43.629010</azimuthTime>
        <t0>5.342927742124565e-03</t0>
        <geometryDcPolynomial count="3">2.623412e+01 -2.165222e+03 1.326550e+05</geometryDcPolynomial>
        <dataDcPolynomial count="3">1.486686e+00 1.750368e+04 -1.335387e+07</dataDcPolynomial>
        <dataDcRmsError>3.965454101562500e+00</dataDcRmsError>
        <dataDcRmsErrorAboveThreshold>false</dataDcRmsErrorAboveThreshold>
        <fineDceAzimuthStartTime>2015-05-16T13:34:42.240357</fineDceAzimuthStartTime>
        <fineDceAzimuthStopTime>2015-05-16T13:34:45.017664</fineDceAzimuthStopTime>
        <fineDceList count="20">
          <fineDce>
            <slantRangeTime>6.030850733471133e-03</slantRangeTime>
            <frequency>2.253145933151245e+00</frequency>
          </fineDce>
          <fineDce>
            <slantRangeTime>6.052143037625618e-03</slantRangeTime>
            <frequency>3.746973037719727e+00</frequency>
          </fineDce>
          <fineDce>
            <slantRangeTime>6.073456645783998e-03</slantRangeTime>
            <frequency>9.540058135986328e+00</frequency>
          </fineDce>
          <fineDce>
            <slantRangeTime>6.094770253942378e-03</slantRangeTime>
            <frequency>1.261616992950439e+01</frequency>
          </fineDce>
          <fineDce>
            <slantRangeTime>6.116083862100758e-03</slantRangeTime>
            <frequency>1.044684028625488e+01</frequency>
          </fineDce>
          <fineDce>
            <slantRangeTime>6.137376166255243e-03</slantRangeTime>
            <frequency>1.003722953796387e+01</frequency>
          </fineDce>
          <fineDce>
            <slantRangeTime>6.158689716205962e-03</slantRangeTime>
            <frequency>1.162308025360107e+01</frequency>
          </fineDce>
          <fineDce>
            <slantRangeTime>6.180003324364342e-03</slantRangeTime>
            <frequency>1.253962993621826e+01</frequency>
          </fineDce>
          <fineDce>
            <slantRangeTime>6.201316932522721e-03</slantRangeTime>
            <frequency>1.217193984985352e+01</frequency>
          </fineDce>
          <fineDce>
            <slantRangeTime>6.222630540681101e-03</slantRangeTime>
            <frequency>1.028365039825439e+01</frequency>
          </fineDce>
          <fineDce>
            <slantRangeTime>6.243922844835587e-03</slantRangeTime>
            <frequency>7.018733978271484e+00</frequency>
          </fineDce>
          <fineDce>
            <slantRangeTime>6.265236452993967e-03</slantRangeTime>
            <frequency>1.274726009368896e+01</frequency>
          </fineDce>
          <fineDce>
            <slantRangeTime>6.286550061152346e-03</slantRangeTime>
            <frequency>1.074557971954346e+01</frequency>
          </fineDce>
          <fineDce>
            <slantRangeTime>6.307863669310726e-03</slantRangeTime>
            <frequency>3.562019109725952e+00</frequency>
          </fineDce>
          <fineDce>
            <slantRangeTime>6.329177161053784e-03</slantRangeTime>
            <frequency>1.675379991531372e+00</frequency>
          </fineDce>
          <fineDce>
            <slantRangeTime>6.350469756246574e-03</slantRangeTime>
            <frequency>5.934133052825928e+00</frequency>
          </fineDce>
          <fineDce>
            <slantRangeTime>6.371782724120684e-03</slantRangeTime>
            <frequency>9.765892028808594e-01</frequency>
          </fineDce>
          <fineDce>
            <slantRangeTime>6.393096739732690e-03</slantRangeTime>
            <frequency>-1.530058979988098e+00</frequency>
          </fineDce>
          <fineDce>
            <slantRangeTime>6.414410755344696e-03</slantRangeTime>
            <frequency>5.883700847625732e-01</frequency>
          </fineDce>
          <fineDce>
            <slantRangeTime>6.435723723218806e-03</slantRangeTime>
            <frequency>4.081984043121338e+00</frequency>
          </fineDce>
        </fineDceList>
      </dcEstimate>
      <dcEstimate>
        <azimuthTime>2015-05-16T13:34:46.387287</azimuthTime>
        <t0>5.341648926213977e-03</t0>
        <geometryDcPolynomial count="3">2.717859e+01 -2.196106e+03 1.247610e+05</geometryDcPolynomial>
        <dataDcPolynomial count="3">7.470241e+00 -1.736281e+04 1.507272e+07</dataDcPolynomial>
        <dataDcRmsError>3.357877969741821e+00</dataDcRmsError>
        <dataDcRmsErrorAboveThreshold>false</dataDcRmsErrorAboveThreshold>
        <fineDceAzimuthStartTime>2015-05-16T13:34:44.998634</fineDceAzimuthStartTime>
        <fineDceAzimuthStopTime>2015-05-16T13:34:47.775941</fineDceAzimuthStopTime>
        <fineDceList count="20">
          <fineDce>
            <slantRangeTime>6.029811733123508e-03</slantRangeTime>
            <frequency>-2.371793031692505e+00</frequency>
          </fineDce>
          <fineDce>
            <slantRangeTime>6.051104037277994e-03</slantRangeTime>
            <frequency>4.315487861633301e+00</frequency>
          </fineDce>
          <fineDce>
            <slantRangeTime>6.072417645436374e-03</slantRangeTime>
            <frequency>3.020884037017822e+00</frequency>
          </fineDce>
          <fineDce>
            <slantRangeTime>6.093731253594754e-03</slantRangeTime>
            <frequency>-8.767601847648621e-01</frequency>
          </fineDce>
          <fineDce>
            <slantRangeTime>6.115044803545472e-03</slantRangeTime>
            <frequency>2.455590963363647e+00</frequency>
          </fineDce>
          <fineDce>
            <slantRangeTime>6.136337107699958e-03</slantRangeTime>
            <frequency>2.356899976730347e-01</frequency>
          </fineDce>
          <fineDce>
            <slantRangeTime>6.157650715858338e-03</slantRangeTime>
            <frequency>1.137061953544617e+00</frequency>
          </fineDce>
          <fineDce>
            <slantRangeTime>6.178964324016717e-03</slantRangeTime>
            <frequency>-7.817466855049133e-01</frequency>
          </fineDce>
          <fineDce>
            <slantRangeTime>6.200277815759775e-03</slantRangeTime>
            <frequency>1.218301057815552e+00</frequency>
          </fineDce>
          <fineDce>
            <slantRangeTime>6.221591540333477e-03</slantRangeTime>
            <frequency>3.949347972869873e+00</frequency>
          </fineDce>
          <fineDce>
            <slantRangeTime>6.242883844487962e-03</slantRangeTime>
            <frequency>3.501260995864868e+00</frequency>
          </fineDce>
          <fineDce>
            <slantRangeTime>6.264197452646342e-03</slantRangeTime>
            <frequency>1.611068964004517e+00</frequency>
          </fineDce>
          <fineDce>
            <slantRangeTime>6.285511002597061e-03</slantRangeTime>
            <frequency>2.303672075271606e+00</frequency>
          </fineDce>
          <fineDce>
            <slantRangeTime>6.306824610755441e-03</slantRangeTime>
            <frequency>8.432395935058594e+00</frequency>
          </fineDce>
          <fineDce>
            <slantRangeTime>6.328138160706160e-03</slantRangeTime>
            <frequency>7.862376213073730e+00</frequency>
          </fineDce>
          <fineDce>
            <slantRangeTime>6.349430872314272e-03</slantRangeTime>
            <frequency>2.811492919921875e+00</frequency>
          </fineDce>
          <fineDce>
            <slantRangeTime>6.370743956603703e-03</slantRangeTime>
            <frequency>1.003717041015625e+01</frequency>
          </fineDce>
          <fineDce>
            <slantRangeTime>6.392057972215709e-03</slantRangeTime>
            <frequency>9.227850914001465e+00</frequency>
          </fineDce>
          <fineDce>
            <slantRangeTime>6.413370940089819e-03</slantRangeTime>
            <frequency>4.331116199493408e+00</frequency>
          </fineDce>
          <fineDce>
            <slantRangeTime>6.434684955701825e-03</slantRangeTime>
            <frequency>7.323747158050537e+00</frequency>
          </fineDce>
        </fineDceList>
      </dcEstimate>
    </dcEstimateList>
  </dopplerCentroid>
  <antennaPattern>
    <antennaPatternList count="10">
      <antennaPattern>
        <swath>IW3</swath>
        <azimuthTime>2015-05-16T13:34:20.958785</azimuthTime>
        <slantRangeTime count="562">6.017503134959210e-03 6.018185170111523e-03 6.018867205263837e-03 6.019549240416150e-03 6.020231275568463e-03 6.020913310720777e-03 6.021595345873090e-03 6.022277381025403e-03 6.022959416177718e-03 6.023641451330030e-03 6.024323486482344e-03 6.025005521634657e-03 6.025687556786971e-03 6.026369591939284e-03 6.027051627091597e-03 6.027733662243911e-03 6.028415697396225e-03 6.029097732548537e-03 6.029779767700852e-03 6.030461802853164e-03 6.031143838005478e-03 6.031825873157792e-03 6.032507908310105e-03 6.033189943462418e-03 6.033871978614731e-03 6.034554013767045e-03 6.035236048919359e-03 6.035918084071672e-03 6.036600119223985e-03 6.037282154376299e-03 6.037964189528612e-03 6.038646224680926e-03 6.039328259833239e-03 6.040010294985553e-03 6.040692330137866e-03 6.041374365290180e-03 6.042056400442493e-03 6.042738435594807e-03 6.043420470747120e-03 6.044102505899433e-03 6.044784541051747e-03 6.045466576204060e-03 6.046148611356373e-03 6.046830646508687e-03 6.047512681661001e-03 6.048194716813313e-03 6.048876751965627e-03 6.049558787117940e-03 6.050240822270254e-03 6.050922857422567e-03 6.051604892574880e-03 6.052286927727194e-03 6.052968962879508e-03 6.053650998031820e-03 6.054333033184134e-03 6.055015068336447e-03 6.055697103488761e-03 6.056379138641074e-03 6.057061173793387e-03 6.057743208945701e-03 6.058425244098014e-03 6.059107279250327e-03 6.059789314402641e-03 6.060471349554954e-03 6.061153384707267e-03 6.061835419859581e-03 6.062517455011894e-03 6.063199490164208e-03 6.063881525316521e-03 6.064563560468834e-03 6.065245595621147e-03 6.065927630773461e-03 6.066609665925774e-03 6.067291701078088e-03 6.067973736230400e-03 6.068655771382715e-03 6.069337806535028e-03 6.070019841687341e-03 6.070701876839654e-03 6.071383911991968e-03 6.072065947144281e-03 6.072747982296595e-03 6.073430017448908e-03 6.074112052601222e-03 6.074794087753535e-03 6.075476122905848e-03 6.076158158058163e-03 6.076840193210475e-03 6.077522228362790e-03 6.078204263515102e-03 6.078886298667417e-03 6.079568333819730e-03 6.080250368972044e-03 6.080932404124357e-03 6.081614439276671e-03 6.082296474428984e-03 6.082978509581298e-03 6.083660544733611e-03 6.084342579885925e-03 6.085024615038238e-03 6.085706650190552e-03 6.086388685342866e-03 6.087070720495179e-03 6.087752755647493e-03 6.088434790799806e-03 6.089116825952120e-03 6.089798861104434e-03 6.090480896256746e-03 6.091162931409061e-03 6.091844966561373e-03 6.092527001713688e-03 6.093209036866001e-03 6.093891072018315e-03 6.094573107170628e-03 6.095255142322942e-03 6.095937177475255e-03 6.096619212627569e-03 6.097301247779882e-03 6.097983282932196e-03 6.098665318084509e-03 6.099347353236823e-03 6.100029388389137e-03 6.100711423541450e-03 6.101393458693764e-03 6.102075493846077e-03 6.102757528998391e-03 6.103439564150704e-03 6.104121599303017e-03 6.104803634455332e-03 6.105485669607644e-03 6.106167704759959e-03 6.106849739912271e-03 6.107531775064586e-03 6.108213810216899e-03 6.108895845369213e-03 6.109577880521526e-03 6.110259915673840e-03 6.110941950826153e-03 6.111623985978467e-03 6.112306021130780e-03 6.112988056283094e-03 6.113670091435407e-03 6.114352126587721e-03 6.115034161740035e-03 6.115716196892348e-03 6.116398232044662e-03 6.117080267196975e-03 6.117762302349289e-03 6.118444337501603e-03 6.119126372653915e-03 6.119808407806230e-03 6.120490442958542e-03 6.121172478110857e-03 6.121854513263170e-03 6.122536548415484e-03 6.123218583567797e-03 6.123900618720111e-03 6.124582653872424e-03 6.125264689024738e-03 6.125946724177051e-03 6.126628759329365e-03 6.127310794481678e-03 6.127992829633991e-03 6.128674864786305e-03 6.129356899938617e-03 6.130038935090931e-03 6.130720970243244e-03 6.131403005395557e-03 6.132085040547870e-03 6.132767075700184e-03 6.133449110852496e-03 6.134131146004810e-03 6.134813181157123e-03 6.135495216309436e-03 6.136177251461749e-03 6.136859286614062e-03 6.137541321766376e-03 6.138223356918689e-03 6.138905392071002e-03 6.139587427223315e-03 6.140269462375629e-03 6.140951497527941e-03 6.141633532680255e-03 6.142315567832568e-03 6.142997602984881e-03 6.143679638137194e-03 6.144361673289508e-03 6.145043708441820e-03 6.145725743594134e-03 6.146407778746447e-03 6.147089813898760e-03 6.147771849051073e-03 6.148453884203386e-03 6.149135919355699e-03 6.149817954508013e-03 6.150499989660325e-03 6.151182024812639e-03 6.151864059964952e-03 6.152546095117265e-03 6.153228130269578e-03 6.153910165421892e-03 6.154592200574204e-03 6.155274235726518e-03 6.155956270878831e-03 6.156638306031144e-03 6.157320341183457e-03 6.158002376335771e-03 6.158684411488083e-03 6.159366446640397e-03 6.160048481792709e-03 6.160730516945023e-03 6.161412552097336e-03 6.162094587249649e-03 6.162776622401962e-03 6.163458657554276e-03 6.164140692706589e-03 6.164822727858902e-03 6.165504763011215e-03 6.166186798163528e-03 6.166868833315842e-03 6.167550868468155e-03 6.168232903620468e-03 6.168914938772781e-03 6.169596973925094e-03 6.170279009077407e-03 6.170961044229721e-03 6.171643079382033e-03 6.172325114534347e-03 6.173007149686660e-03 6.173689184838973e-03 6.174371219991286e-03 6.175053255143600e-03 6.175735290295912e-03 6.176417325448226e-03 6.177099360600539e-03 6.177781395752852e-03 6.178463430905165e-03 6.179145466057479e-03 6.179827501209791e-03 6.180509536362105e-03 6.181191571514418e-03 6.181873606666731e-03 6.182555641819044e-03 6.183237676971358e-03 6.183919712123670e-03 6.184601747275984e-03 6.185283782428296e-03 6.185965817580610e-03 6.186647852732923e-03 6.187329887885236e-03 6.188011923037549e-03 6.188693958189863e-03 6.189375993342175e-03 6.190058028494489e-03 6.190740063646802e-03 6.191422098799115e-03 6.192104133951428e-03 6.192786169103742e-03 6.193468204256054e-03 6.194150239408368e-03 6.194832274560681e-03 6.195514309712994e-03 6.196196344865307e-03 6.196878380017620e-03 6.197560415169934e-03 6.198242450322247e-03 6.198924485474560e-03 6.199606520626873e-03 6.200288555779187e-03 6.200970590931499e-03 6.201652626083813e-03 6.202334661236126e-03 6.203016696388439e-03 6.203698731540752e-03 6.204380766693066e-03 6.205062801845378e-03 6.205744836997692e-03 6.206426872150005e-03 6.207108907302318e-03 6.207790942454631e-03 6.208472977606945e-03 6.209155012759257e-03 6.209837047911571e-03 6.210519083063883e-03 6.211201118216197e-03 6.211883153368510e-03 6.212565188520823e-03 6.213247223673136e-03 6.213929258825450e-03 6.214611293977762e-03 6.215293329130076e-03 6.215975364282389e-03 6.216657399434702e-03 6.217339434587015e-03 6.218021469739329e-03 6.218703504891641e-03 6.219385540043955e-03 6.220067575196268e-03 6.220749610348581e-03 6.221431645500894e-03 6.222113680653207e-03 6.222795715805520e-03 6.223477750957834e-03 6.224159786110147e-03 6.224841821262460e-03 6.225523856414773e-03 6.226205891567086e-03 6.226887926719400e-03 6.227569961871713e-03 6.228251997024026e-03 6.228934032176339e-03 6.229616067328653e-03 6.230298102480965e-03 6.230980137633279e-03 6.231662172785592e-03 6.232344207937905e-03 6.233026243090218e-03 6.233708278242531e-03 6.234390313394844e-03 6.235072348547158e-03 6.235754383699470e-03 6.236436418851784e-03 6.237118454004097e-03 6.237800489156410e-03 6.238482524308723e-03 6.239164559461037e-03 6.239846594613349e-03 6.240528629765663e-03 6.241210664917976e-03 6.241892700070289e-03 6.242574735222602e-03 6.243256770374916e-03 6.243938805527228e-03 6.244620840679542e-03 6.245302875831855e-03 6.245984910984168e-03 6.246666946136481e-03 6.247348981288794e-03 6.248031016441107e-03 6.248713051593421e-03 6.249395086745733e-03 6.250077121898047e-03 6.250759157050360e-03 6.251441192202673e-03 6.252123227354986e-03 6.252805262507300e-03 6.253487297659613e-03 6.254169332811926e-03 6.254851367964239e-03 6.255533403116552e-03 6.256215438268866e-03 6.256897473421179e-03 6.257579508573492e-03 6.258261543725805e-03 6.258943578878118e-03 6.259625614030431e-03 6.260307649182745e-03 6.260989684335057e-03 6.261671719487371e-03 6.262353754639684e-03 6.263035789791997e-03 6.263717824944310e-03 6.264399860096624e-03 6.265081895248936e-03 6.265763930401250e-03 6.266445965553563e-03 6.267128000705876e-03 6.267810035858189e-03 6.268492071010503e-03 6.269174106162815e-03 6.269856141315129e-03 6.270538176467441e-03 6.271220211619755e-03 6.271902246772068e-03 6.272584281924381e-03 6.273266317076694e-03 6.273948352229008e-03 6.274630387381320e-03 6.275312422533634e-03 6.275994457685947e-03 6.276676492838260e-03 6.277358527990573e-03 6.278040563142887e-03 6.278722598295199e-03 6.279404633447513e-03 6.280086668599826e-03 6.280768703752139e-03 6.281450738904452e-03 6.282132774056766e-03 6.282814809209078e-03 6.283496844361392e-03 6.284178879513705e-03 6.284860914666018e-03 6.285542949818331e-03 6.286224984970644e-03 6.286907020122958e-03 6.287589055275271e-03 6.288271090427584e-03 6.288953125579897e-03 6.289635160732211e-03 6.290317195884523e-03 6.290999231036837e-03 6.291681266189150e-03 6.292363301341463e-03 6.293045336493776e-03 6.293727371646090e-03 6.294409406798402e-03 6.295091441950716e-03 6.295773477103028e-03 6.296455512255342e-03 6.297137547407655e-03 6.297819582559968e-03 6.298501617712281e-03 6.299183652864595e-03 6.299865688016907e-03 6.300547723169221e-03 6.301229758321534e-03 6.301911793473847e-03 6.302593828626160e-03 6.303275863778474e-03 6.303957898930786e-03 6.304639934083100e-03 6.305321969235413e-03 6.306004004387726e-03 6.306686039540039e-03 6.307368074692353e-03 6.308050109844665e-03 6.308732144996979e-03 6.309414180149291e-03 6.310096215301605e-03 6.310778250453918e-03 6.311460285606231e-03 6.312142320758544e-03 6.312824355910858e-03 6.313506391063171e-03 6.314188426215484e-03 6.314870461367797e-03 6.315552496520110e-03 6.316234531672424e-03 6.316916566824737e-03 6.317598601977050e-03 6.318280637129363e-03 6.318962672281677e-03 6.319644707433989e-03 6.320326742586303e-03 6.321008777738615e-03 6.321690812890929e-03 6.322372848043242e-03 6.323054883195555e-03 6.323736918347868e-03 6.324418953500182e-03 6.325100988652494e-03 6.325783023804808e-03 6.326465058957121e-03 6.327147094109434e-03 6.327829129261747e-03 6.328511164414061e-03 6.329193199566373e-03 6.329875234718687e-03 6.330557269871000e-03 6.331239305023313e-03 6.331921340175626e-03 6.332603375327939e-03 6.333285410480252e-03 6.333967445632566e-03 6.334649480784878e-03 6.335331515937192e-03 6.336013551089505e-03 6.336695586241818e-03 6.337377621394131e-03 6.338059656546445e-03 6.338741691698757e-03 6.339423726851071e-03 6.340105762003384e-03 6.340787797155697e-03 6.341469832308010e-03 6.342151867460324e-03 6.342833902612637e-03 6.343515937764950e-03 6.344197972917263e-03 6.344880008069576e-03 6.345562043221890e-03 6.346244078374202e-03 6.346926113526516e-03 6.347608148678829e-03 6.348290183831142e-03 6.348972218983455e-03 6.349654254135769e-03 6.350336289288081e-03 6.351018324440395e-03 6.351700359592708e-03 6.352382394745021e-03 6.353064429897334e-03 6.353746465049648e-03 6.354428500201960e-03 6.355110535354274e-03 6.355792570506587e-03 6.356474605658900e-03 6.357156640811213e-03 6.357838675963526e-03 6.358520711115839e-03 6.359202746268153e-03 6.359884781420465e-03 6.360566816572779e-03 6.361248851725092e-03 6.361930886877405e-03 6.362612922029718e-03 6.363294957182032e-03 6.363976992334344e-03 6.364659027486658e-03 6.365341062638971e-03 6.366023097791284e-03 6.366705132943597e-03 6.367387168095911e-03 6.368069203248223e-03 6.368751238400537e-03 6.369433273552850e-03 6.370115308705163e-03 6.370797343857476e-03 6.371479379009789e-03 6.372161414162103e-03 6.372843449314416e-03 6.373525484466729e-03 6.374207519619042e-03 6.374889554771355e-03 6.375571589923668e-03 6.376253625075982e-03 6.376935660228295e-03 6.377617695380608e-03 6.378299730532921e-03 6.378981765685235e-03 6.379663800837547e-03 6.380345835989861e-03 6.381027871142174e-03 6.381709906294487e-03 6.382391941446800e-03 6.383073976599113e-03 6.383756011751426e-03 6.384438046903740e-03 6.385120082056052e-03 6.385802117208366e-03 6.386484152360679e-03 6.387166187512992e-03 6.387848222665305e-03 6.388530257817619e-03 6.389212292969931e-03 6.389894328122245e-03 6.390576363274558e-03 6.391258398426871e-03 6.391940433579184e-03 6.392622468731498e-03 6.393304503883810e-03 6.393986539036124e-03 6.394668574188436e-03 6.395350609340750e-03 6.396032644493063e-03 6.396714679645376e-03 6.397396714797689e-03 6.398078749950003e-03 6.398760785102315e-03 6.399442820254629e-03 6.400124855406942e-03</slantRangeTime>
        <elevationAngle count="562">3.685807e+01 3.686535e+01 3.687261e+01 3.687988e+01 3.688714e+01 3.689440e+01 3.690166e+01 3.690891e+01 3.691616e+01 3.692341e+01 3.693065e+01 3.693790e+01 3.694513e+01 3.695237e+01 3.695960e+01 3.696683e+01 3.697406e+01 3.698128e+01 3.698850e+01 3.699572e+01 3.700293e+01 3.701015e+01 3.701735e+01 3.702456e+01 3.703176e+01 3.703896e+01 3.704616e+01 3.705335e+01 3.706054e+01 3.706773e+01 3.707492e+01 3.708210e+01 3.708928e+01 3.709645e+01 3.710363e+01 3.711079e+01 3.711796e+01 3.712513e+01 3.713229e+01 3.713945e+01 3.714660e+01 3.715375e+01 3.716090e+01 3.716805e+01 3.717519e+01 3.718233e+01 3.718947e+01 3.719660e+01 3.720374e+01 3.721087e+01 3.721799e+01 3.722511e+01 3.723223e+01 3.723935e+01 3.724646e+01 3.725357e+01 3.726068e+01 3.726779e+01 3.727489e+01 3.728199e+01 3.728909e+01 3.729618e+01 3.730327e+01 3.731036e+01 3.731744e+01 3.732453e+01 3.733160e+01 3.733868e+01 3.734576e+01 3.735283e+01 3.735989e+01 3.736696e+01 3.737402e+01 3.738108e+01 3.738814e+01 3.739519e+01 3.740224e+01 3.740929e+01 3.741633e+01 3.742337e+01 3.743041e+01 3.743745e+01 3.744448e+01 3.745151e+01 3.745854e+01 3.746556e+01 3.747259e+01 3.747961e+01 3.748662e+01 3.749363e+01 3.750064e+01 3.750765e+01 3.751466e+01 3.752166e+01 3.752866e+01 3.753566e+01 3.754265e+01 3.754964e+01 3.755663e+01 3.756361e+01 3.757059e+01 3.757757e+01 3.758455e+01 3.759152e+01 3.759850e+01 3.760546e+01 3.761243e+01 3.761939e+01 3.762635e+01 3.763331e+01 3.764026e+01 3.764721e+01 3.765416e+01 3.766111e+01 3.766805e+01 3.767499e+01 3.768193e+01 3.768886e+01 3.769579e+01 3.770272e+01 3.770965e+01 3.771657e+01 3.772349e+01 3.773041e+01 3.773732e+01 3.774424e+01 3.775114e+01 3.775805e+01 3.776496e+01 3.777186e+01 3.777876e+01 3.778565e+01 3.779255e+01 3.779943e+01 3.780632e+01 3.781321e+01 3.782009e+01 3.782697e+01 3.783384e+01 3.784072e+01 3.784759e+01 3.785446e+01 3.786132e+01 3.786818e+01 3.787505e+01 3.788190e+01 3.788876e+01 3.789561e+01 3.790246e+01 3.790930e+01 3.791615e+01 3.792299e+01 3.792982e+01 3.793666e+01 3.794349e+01 3.795032e+01 3.795715e+01 3.796397e+01 3.797080e+01 3.797762e+01 3.798443e+01 3.799125e+01 3.799806e+01 3.800486e+01 3.801167e+01 3.801847e+01 3.802527e+01 3.803207e+01 3.803887e+01 3.804566e+01 3.805245e+01 3.805923e+01 3.806602e+01 3.807280e+01 3.807958e+01 3.808635e+01 3.809313e+01 3.809990e+01 3.810667e+01 3.811343e+01 3.812019e+01 3.812695e+01 3.813371e+01 3.814047e+01 3.814722e+01 3.815397e+01 3.816072e+01 3.816746e+01 3.817420e+01 3.818094e+01 3.818768e+01 3.819441e+01 3.820114e+01 3.820787e+01 3.821459e+01 3.822132e+01 3.822803e+01 3.823475e+01 3.824147e+01 3.824818e+01 3.825489e+01 3.826160e+01 3.826830e+01 3.827501e+01 3.828170e+01 3.828840e+01 3.829509e+01 3.830178e+01 3.830848e+01 3.831516e+01 3.832185e+01 3.832853e+01 3.833521e+01 3.834188e+01 3.834855e+01 3.835522e+01 3.836189e+01 3.836856e+01 3.837522e+01 3.838188e+01 3.838853e+01 3.839519e+01 3.840184e+01 3.840849e+01 3.841514e+01 3.842178e+01 3.842842e+01 3.843507e+01 3.844170e+01 3.844834e+01 3.845497e+01 3.846160e+01 3.846822e+01 3.847485e+01 3.848147e+01 3.848809e+01 3.849471e+01 3.850132e+01 3.850793e+01 3.851454e+01 3.852114e+01 3.852774e+01 3.853435e+01 3.854095e+01 3.854754e+01 3.855413e+01 3.856073e+01 3.856731e+01 3.857390e+01 3.858048e+01 3.858706e+01 3.859364e+01 3.860022e+01 3.860679e+01 3.861336e+01 3.861993e+01 3.862649e+01 3.863305e+01 3.863961e+01 3.864617e+01 3.865273e+01 3.865928e+01 3.866583e+01 3.867237e+01 3.867892e+01 3.868546e+01 3.869201e+01 3.869854e+01 3.870507e+01 3.871161e+01 3.871814e+01 3.872467e+01 3.873119e+01 3.873771e+01 3.874423e+01 3.875075e+01 3.875726e+01 3.876378e+01 3.877029e+01 3.877679e+01 3.878330e+01 3.878980e+01 3.879630e+01 3.880280e+01 3.880930e+01 3.881579e+01 3.882228e+01 3.882877e+01 3.883525e+01 3.884173e+01 3.884821e+01 3.885469e+01 3.886116e+01 3.886764e+01 3.887411e+01 3.888057e+01 3.888704e+01 3.889350e+01 3.889996e+01 3.890642e+01 3.891288e+01 3.891933e+01 3.892578e+01 3.893223e+01 3.893867e+01 3.894512e+01 3.895156e+01 3.895800e+01 3.896443e+01 3.897086e+01 3.897729e+01 3.898372e+01 3.899015e+01 3.899657e+01 3.900299e+01 3.900941e+01 3.901583e+01 3.902224e+01 3.902866e+01 3.903506e+01 3.904147e+01 3.904787e+01 3.905428e+01 3.906068e+01 3.906707e+01 3.907347e+01 3.907986e+01 3.908625e+01 3.909264e+01 3.909902e+01 3.910540e+01 3.911178e+01 3.911816e+01 3.912453e+01 3.913091e+01 3.913728e+01 3.914365e+01 3.915001e+01 3.915638e+01 3.916273e+01 3.916909e+01 3.917545e+01 3.918180e+01 3.918815e+01 3.919450e+01 3.920085e+01 3.920719e+01 3.921354e+01 3.921987e+01 3.922621e+01 3.923254e+01 3.923888e+01 3.924520e+01 3.925153e+01 3.925786e+01 3.926418e+01 3.927050e+01 3.927682e+01 3.928313e+01 3.928945e+01 3.929576e+01 3.930207e+01 3.930837e+01 3.931467e+01 3.932098e+01 3.932727e+01 3.933357e+01 3.933987e+01 3.934616e+01 3.935245e+01 3.935873e+01 3.936502e+01 3.937130e+01 3.937758e+01 3.938386e+01 3.939014e+01 3.939641e+01 3.940268e+01 3.940895e+01 3.941521e+01 3.942148e+01 3.942774e+01 3.943400e+01 3.944025e+01 3.944651e+01 3.945276e+01 3.945901e+01 3.946526e+01 3.947150e+01 3.947775e+01 3.948399e+01 3.949022e+01 3.949646e+01 3.950269e+01 3.950893e+01 3.951515e+01 3.952138e+01 3.952760e+01 3.953382e+01 3.954005e+01 3.954626e+01 3.955248e+01 3.955869e+01 3.956490e+01 3.957111e+01 3.957732e+01 3.958352e+01 3.958972e+01 3.959592e+01 3.960212e+01 3.960831e+01 3.961450e+01 3.962069e+01 3.962688e+01 3.963306e+01 3.963925e+01 3.964543e+01 3.965161e+01 3.965778e+01 3.966396e+01 3.967013e+01 3.967630e+01 3.968246e+01 3.968863e+01 3.969479e+01 3.970095e+01 3.970711e+01 3.971326e+01 3.971942e+01 3.972557e+01 3.973172e+01 3.973787e+01 3.974401e+01 3.975015e+01 3.975629e+01 3.976243e+01 3.976856e+01 3.977470e+01 3.978083e+01 3.978696e+01 3.979308e+01 3.979921e+01 3.980533e+01 3.981145e+01 3.981757e+01 3.982368e+01 3.982979e+01 3.983590e+01 3.984201e+01 3.984812e+01 3.985422e+01 3.986032e+01 3.986642e+01 3.987252e+01 3.987861e+01 3.988471e+01 3.989080e+01 3.989688e+01 3.990297e+01 3.990905e+01 3.991514e+01 3.992122e+01 3.992729e+01 3.993337e+01 3.993944e+01 3.994551e+01 3.995158e+01 3.995765e+01 3.996371e+01 3.996977e+01 3.997583e+01 3.998189e+01 3.998794e+01 3.999400e+01 4.000005e+01 4.000610e+01 4.001214e+01 4.001818e+01 4.002423e+01 4.003027e+01 4.003630e+01 4.004234e+01 4.004837e+01 4.005441e+01 4.006043e+01 4.006646e+01 4.007248e+01 4.007851e+01 4.008453e+01 4.009054e+01 4.009656e+01 4.010257e+01 4.010858e+01 4.011459e+01 4.012060e+01 4.012661e+01 4.013261e+01 4.013861e+01 4.014460e+01 4.015060e+01 4.015660e+01 4.016259e+01 4.016858e+01 4.017456e+01 4.018055e+01 4.018653e+01 4.019251e+01 4.019849e+01 4.020447e+01 4.021044e+01 4.021642e+01 4.022239e+01 4.022836e+01 4.023432e+01 4.024028e+01 4.024625e+01 4.025220e+01 4.025816e+01 4.026412e+01 4.027007e+01 4.027602e+01 4.028197e+01 4.028791e+01 4.029386e+01 4.029980e+01 4.030574e+01 4.031168e+01 4.031762e+01 4.032355e+01 4.032948e+01 4.033541e+01 4.034134e+01 4.034726e+01 4.035319e+01 4.035911e+01 4.036503e+01 4.037094e+01 4.037686e+01 4.038277e+01 4.038868e+01 4.039459e+01 4.040050e+01 4.040640e+01 4.041230e+01 4.041820e+01 4.042410e+01 4.043000e+01 4.043589e+01 4.044178e+01 4.044767e+01 4.045356e+01 4.045944e+01 4.046532e+01 4.047121e+01 4.047709e+01 4.048296e+01 4.048884e+01 4.049471e+01 4.050058e+01 4.050645e+01 4.051231e+01 4.051818e+01</elevationAngle>
        <elevationPattern count="562">3.709284e+14 7.093712e+14 3.744917e+14 7.158579e+14 3.780533e+14 7.223414e+14 3.816135e+14 7.288227e+14 3.851722e+14 7.353009e+14 3.887729e+14 7.418459e+14 3.924011e+14 7.484348e+14 3.960280e+14 7.550212e+14 3.996534e+14 7.616049e+14 4.032770e+14 7.681854e+14 4.068993e+14 7.747636e+14 4.105201e+14 7.813388e+14 4.141901e+14 7.880131e+14 4.178802e+14 7.947276e+14 4.215688e+14 8.014393e+14 4.252559e+14 8.081483e+14 4.289414e+14 8.148545e+14 4.326254e+14 8.215580e+14 4.363078e+14 8.282583e+14 4.400568e+14 8.350358e+14 4.438228e+14 8.418318e+14 4.475871e+14 8.486250e+14 4.513500e+14 8.554154e+14 4.551113e+14 8.622031e+14 4.588711e+14 8.689881e+14 4.626292e+14 8.757699e+14 4.664103e+14 8.826102e+14 4.701941e+14 8.894585e+14 4.739766e+14 8.963043e+14 4.777571e+14 9.031467e+14 4.815364e+14 9.099867e+14 4.853138e+14 9.168234e+14 4.890900e+14 9.236579e+14 4.929156e+14 9.305404e+14 4.967460e+14 9.374264e+14 5.005747e+14 9.443096e+14 5.044018e+14 9.511899e+14 5.082274e+14 9.580672e+14 5.120514e+14 9.649419e+14 5.158738e+14 9.718135e+14 5.197079e+14 9.787612e+14 5.235414e+14 9.857131e+14 5.273734e+14 9.926622e+14 5.312036e+14 9.996081e+14 5.350327e+14 1.006552e+15 5.388599e+14 1.013492e+15 5.426856e+14 1.020430e+15 5.465229e+14 1.027286e+15 5.503597e+14 1.034132e+15 5.541949e+14 1.040976e+15 5.580285e+14 1.047817e+15 5.618608e+14 1.054655e+15 5.656912e+14 1.061490e+15 5.695203e+14 1.068322e+15 5.733346e+14 1.075152e+15 5.771464e+14 1.081979e+15 5.809565e+14 1.088803e+15 5.847648e+14 1.095623e+15 5.885718e+14 1.102442e+15 5.923771e+14 1.109257e+15 5.961809e+14 1.116070e+15 5.999830e+14 1.122880e+15 6.037839e+14 1.129688e+15 6.075830e+14 1.136492e+15 6.113806e+14 1.143294e+15 6.151765e+14 1.150092e+15 6.189710e+14 1.156888e+15 6.227639e+14 1.163682e+15 6.265212e+14 1.170473e+15 6.302685e+14 1.177260e+15 6.340143e+14 1.184045e+15 6.377590e+14 1.190828e+15 6.415016e+14 1.197607e+15 6.452431e+14 1.204383e+15 6.489828e+14 1.211157e+15 6.526900e+14 1.217825e+15 6.563848e+14 1.224453e+15 6.600777e+14 1.231078e+15 6.637689e+14 1.237700e+15 6.674589e+14 1.244319e+15 6.711473e+14 1.250936e+15 6.748341e+14 1.257550e+15 6.784755e+14 1.263985e+15 6.820888e+14 1.270311e+15 6.857012e+14 1.276636e+15 6.893118e+14 1.282959e+15 6.929211e+14 1.289278e+15 6.965288e+14 1.295595e+15 7.001351e+14 1.301910e+15 7.037043e+14 1.308222e+15 7.072374e+14 1.314531e+15 7.107693e+14 1.320838e+15 7.142996e+14 1.327142e+15 7.178287e+14 1.333444e+15 7.213563e+14 1.339744e+15 7.248824e+14 1.346040e+15 7.283759e+14 1.352282e+15 7.318152e+14 1.358434e+15 7.352531e+14 1.364583e+15 7.386899e+14 1.370730e+15 7.421253e+14 1.376874e+15 7.455589e+14 1.383016e+15 7.489914e+14 1.389155e+15 7.523991e+14 1.395234e+15 7.557169e+14 1.401089e+15 7.590338e+14 1.406942e+15 7.623495e+14 1.412793e+15 7.656632e+14 1.418641e+15 7.689762e+14 1.424487e+15 7.722877e+14 1.430331e+15 7.755947e+14 1.436169e+15 7.787919e+14 1.441868e+15 7.819883e+14 1.447566e+15 7.851833e+14 1.453262e+15 7.883769e+14 1.458954e+15 7.915693e+14 1.464645e+15 7.947607e+14 1.470335e+15 7.979503e+14 1.476020e+15 8.010354e+14 1.481360e+15 8.040981e+14 1.486626e+15 8.071596e+14 1.491890e+15 8.102199e+14 1.497152e+15 8.132784e+14 1.502411e+15 8.163360e+14 1.507669e+15 8.193926e+14 1.512924e+15 8.223640e+14 1.518094e+15 8.252802e+14 1.523207e+15 8.281947e+14 1.528318e+15 8.311080e+14 1.533426e+15 8.340204e+14 1.538534e+15 8.369316e+14 1.543638e+15 8.398413e+14 1.548741e+15 8.426906e+14 1.553742e+15 8.454330e+14 1.558566e+15 8.481740e+14 1.563387e+15 8.509142e+14 1.568206e+15 8.536529e+14 1.573023e+15 8.563910e+14 1.577838e+15 8.591278e+14 1.582652e+15 8.618488e+14 1.587437e+15 8.644324e+14 1.591972e+15 8.670145e+14 1.596504e+15 8.695960e+14 1.601036e+15 8.721767e+14 1.605565e+15 8.747556e+14 1.610093e+15 8.773342e+14 1.614619e+15 8.799114e+14 1.619143e+15 8.823543e+14 1.623331e+15 8.847653e+14 1.627441e+15 8.871750e+14 1.631548e+15 8.895842e+14 1.635655e+15 8.919919e+14 1.639759e+15 8.943988e+14 1.643862e+15 8.968047e+14 1.647963e+15 8.991137e+14 1.651856e+15 9.013270e+14 1.655545e+15 9.035388e+14 1.659231e+15 9.057498e+14 1.662916e+15 9.079602e+14 1.666600e+15 9.101697e+14 1.670283e+15 9.123780e+14 1.673963e+15 9.145524e+14 1.677595e+15 9.165684e+14 1.681001e+15 9.185839e+14 1.684405e+15 9.205981e+14 1.687807e+15 9.226121e+14 1.691209e+15 9.246249e+14 1.694609e+15 9.266369e+14 1.698008e+15 9.286480e+14 1.701405e+15 9.305127e+14 1.704465e+15 9.323458e+14 1.707453e+15 9.341783e+14 1.710439e+15 9.360100e+14 1.713424e+15 9.378411e+14 1.716408e+15 9.396715e+14 1.719391e+15 9.415006e+14 1.722371e+15 9.432435e+14 1.725229e+15 9.448818e+14 1.727937e+15 9.465197e+14 1.730644e+15 9.481572e+14 1.733351e+15 9.497936e+14 1.736056e+15 9.514297e+14 1.738760e+15 9.530651e+14 1.741463e+15 9.546871e+14 1.744140e+15 9.561188e+14 1.746436e+15 9.575495e+14 1.748730e+15 9.589799e+14 1.751024e+15 9.604094e+14 1.753317e+15 9.618386e+14 1.755609e+15 9.632675e+14 1.757901e+15 9.646957e+14 1.760191e+15 9.659925e+14 1.762132e+15 9.672174e+14 1.763882e+15 9.684420e+14 1.765632e+15 9.696660e+14 1.767380e+15 9.708894e+14 1.769128e+15 9.721124e+14 1.770875e+15 9.733352e+14 1.772622e+15 9.745090e+14 1.774311e+15 9.755025e+14 1.775788e+15 9.764954e+14 1.777263e+15 9.774881e+14 1.778739e+15 9.784805e+14 1.780214e+15 9.794725e+14 1.781689e+15 9.804638e+14 1.783162e+15 9.814552e+14 1.784636e+15 9.822745e+14 1.785705e+15 9.830375e+14 1.786643e+15 9.837996e+14 1.787579e+15 9.845617e+14 1.788514e+15 9.853240e+14 1.789451e+15 9.860857e+14 1.790386e+15 9.868468e+14 1.791320e+15 9.875495e+14 1.792182e+15 9.880967e+14 1.792850e+15 9.886437e+14 1.793517e+15 9.891904e+14 1.794183e+15 9.897372e+14 1.794850e+15 9.902831e+14 1.795516e+15 9.908295e+14 1.796183e+15 9.913754e+14 1.796848e+15 9.917363e+14 1.797103e+15 9.920424e+14 1.797236e+15 9.923482e+14 1.797369e+15 9.926540e+14 1.797502e+15 9.929595e+14 1.797634e+15 9.932649e+14 1.797767e+15 9.935704e+14 1.797900e+15 9.938162e+14 1.797934e+15 9.938828e+14 1.797669e+15 9.939492e+14 1.797404e+15 9.940155e+14 1.797139e+15 9.940819e+14 1.796874e+15 9.941482e+14 1.796609e+15 9.942145e+14 1.796344e+15 9.942804e+14 1.796079e+15 9.941887e+14 1.795536e+15 9.940296e+14 1.794874e+15 9.938710e+14 1.794213e+15 9.937123e+14 1.793552e+15 9.935538e+14 1.792891e+15 9.933956e+14 1.792231e+15 9.932370e+14 1.791571e+15 9.930486e+14 1.790858e+15 9.926658e+14 1.789802e+15 9.922833e+14 1.788747e+15 9.919009e+14 1.787692e+15 9.915192e+14 1.786639e+15 9.911371e+14 1.785585e+15 9.907553e+14 1.784532e+15 9.903736e+14 1.783479e+15 9.898630e+14 1.782139e+15 9.892451e+14 1.780562e+15 9.886275e+14 1.778985e+15 9.880098e+14 1.777408e+15 9.873922e+14 1.775831e+15 9.867751e+14 1.774256e+15 9.861582e+14 1.772681e+15 9.855418e+14 1.771107e+15 9.847049e+14 1.769288e+15 9.838527e+14 1.767452e+15 9.830010e+14 1.765617e+15 9.821496e+14 1.763784e+15 9.812984e+14 1.761950e+15 9.804475e+14 1.760118e+15 9.795969e+14 1.758285e+15 9.786846e+14 1.756299e+15 9.776252e+14 1.753945e+15 9.765666e+14 1.751592e+15 9.755083e+14 1.749241e+15 9.744506e+14 1.746890e+15 9.733931e+14 1.744541e+15 9.723362e+14 1.742191e+15 9.712793e+14 1.739843e+15 9.700729e+14 1.737329e+15 9.687827e+14 1.734723e+15 9.674925e+14 1.732116e+15 9.662030e+14 1.729511e+15 9.649142e+14 1.726908e+15 9.636256e+14 1.724305e+15 9.623375e+14 1.721702e+15 9.610502e+14 1.719101e+15 9.595633e+14 1.716002e+15 9.580690e+14 1.712883e+15 9.565751e+14 1.709766e+15 9.550820e+14 1.706649e+15 9.535890e+14 1.703534e+15 9.520971e+14 1.700420e+15 9.506052e+14 1.697307e+15 9.490576e+14 1.694129e+15 9.473470e+14 1.690759e+15 9.456367e+14 1.687391e+15 9.439271e+14 1.684023e+15 9.422184e+14 1.680657e+15 9.405106e+14 1.677293e+15 9.388026e+14 1.673929e+15 9.370959e+14 1.670568e+15 9.352934e+14 1.667070e+15 9.334069e+14 1.663451e+15 9.315212e+14 1.659835e+15 9.296361e+14 1.656220e+15 9.277520e+14 1.652607e+15 9.258683e+14 1.648994e+15 9.239856e+14 1.645384e+15 9.221037e+14 1.641774e+15 9.200600e+14 1.637862e+15 9.179735e+14 1.633869e+15 9.158873e+14 1.629877e+15 9.138023e+14 1.625887e+15 9.117178e+14 1.621898e+15 9.096342e+14 1.617911e+15 9.075513e+14 1.613925e+15 9.054665e+14 1.609936e+15 9.031924e+14 1.605568e+15 9.009196e+14 1.601202e+15 8.986473e+14 1.596837e+15 8.963763e+14 1.592474e+15 8.941056e+14 1.588113e+15 8.918359e+14 1.583753e+15 8.895670e+14 1.579394e+15 8.872652e+14 1.574981e+15 8.848447e+14 1.570371e+15 8.824247e+14 1.565761e+15 8.800056e+14 1.561154e+15 8.775878e+14 1.556548e+15 8.751707e+14 1.551944e+15 8.727546e+14 1.547342e+15 8.703396e+14 1.542742e+15 8.678529e+14 1.538091e+15 8.652605e+14 1.533366e+15 8.626692e+14 1.528643e+15 8.600791e+14 1.523922e+15 8.574898e+14 1.519203e+15 8.549013e+14 1.514485e+15 8.523142e+14 1.509770e+15 8.497275e+14 1.505055e+15 8.470635e+14 1.500128e+15 8.443391e+14 1.495036e+15 8.416155e+14 1.489945e+15 8.388931e+14 1.484856e+15 8.361721e+14 1.479770e+15 8.334515e+14 1.474685e+15 8.307322e+14 1.469602e+15 8.280141e+14 1.464522e+15 8.251988e+14 1.459354e+15 8.223432e+14 1.454150e+15 8.194884e+14 1.448947e+15 8.166346e+14 1.443748e+15 8.137817e+14 1.438549e+15 8.109302e+14 1.433353e+15 8.080799e+14 1.428159e+15 8.052305e+14 1.422967e+15 8.022794e+14 1.417571e+15 7.993054e+14 1.412129e+15 7.963328e+14 1.406690e+15 7.933611e+14 1.401253e+15 7.903905e+14 1.395817e+15 7.874210e+14 1.390383e+15 7.844528e+14 1.384952e+15 7.814856e+14 1.379523e+15 7.784169e+14 1.373981e+15 7.753387e+14 1.368431e+15 7.722614e+14 1.362881e+15 7.691853e+14 1.357334e+15 7.661102e+14 1.351789e+15 7.630362e+14 1.346246e+15 7.599636e+14 1.340705e+15 7.568920e+14 1.335166e+15 7.537361e+14 1.329385e+15 7.505790e+14 1.323599e+15 7.474228e+14 1.317814e+15 7.442678e+14 1.312033e+15 7.411139e+14 1.306252e+15 7.379613e+14 1.300475e+15 7.348101e+14 1.294700e+15 7.316586e+14 1.288926e+15 7.284217e+14 1.283155e+15 7.251859e+14 1.277386e+15 7.219516e+14 1.271619e+15 7.187183e+14 1.265854e+15 7.154861e+14 1.260091e+15 7.122554e+14 1.254331e+15 7.090258e+14 1.248573e+15 7.057953e+14 1.242813e+15 7.025054e+14 1.236934e+15 6.992169e+14 1.231057e+15 6.959294e+14 1.225182e+15 6.926436e+14 1.219310e+15 6.893584e+14 1.213439e+15 6.860747e+14 1.207571e+15 6.827922e+14 1.201705e+15 6.795098e+14 1.195838e+15 6.761797e+14 1.189851e+15 6.728513e+14 1.183867e+15 6.695237e+14 1.177885e+15 6.661975e+14 1.171906e+15 6.628725e+14 1.165928e+15 6.595487e+14 1.159953e+15 6.562262e+14 1.153980e+15 6.529050e+14 1.148009e+15 6.495476e+14 1.142040e+15 6.461915e+14 1.136074e+15 6.428368e+14 1.130110e+15 6.394830e+14 1.124148e+15 6.361308e+14 1.118188e+15 6.327795e+14 1.112230e+15 6.294298e+14 1.106275e+15 6.260811e+14 1.100322e+15 6.226985e+14 1.094371e+15 6.193151e+14 1.088422e+15 6.159331e+14 1.082476e+15 6.125521e+14 1.076531e+15 6.091726e+14 1.070589e+15 6.057943e+14 1.064649e+15 6.024171e+14 1.058711e+15 5.990413e+14 1.052776e+15 5.956774e+14 1.046843e+15 5.923165e+14 1.040911e+15 5.889567e+14 1.034982e+15 5.855981e+14 1.029055e+15 5.822408e+14 1.023131e+15 5.788849e+14 1.017209e+15 5.755300e+14 1.011288e+15 5.721763e+14 1.005370e+15 5.688241e+14 9.993974e+14 5.654728e+14 9.934094e+14 5.621232e+14 9.874243e+14 5.587744e+14 9.814410e+14 5.554269e+14 9.754598e+14 5.520807e+14 9.694810e+14 5.487359e+14 9.635044e+14 5.453921e+14 9.575300e+14 5.420576e+14 9.516212e+14 5.387286e+14 9.457492e+14 5.354007e+14 9.398795e+14 5.320742e+14 9.340121e+14 5.287489e+14 9.281468e+14 5.254248e+14 9.222836e+14 5.221019e+14 9.164225e+14 5.187804e+14 9.105639e+14 5.154719e+14 9.047373e+14 5.121773e+14 8.989440e+14 5.088838e+14 8.931529e+14 5.055914e+14 8.873637e+14 5.023004e+14 8.815769e+14 4.990104e+14 8.757920e+14 4.957218e+14 8.700093e+14 4.924342e+14 8.642286e+14 4.891637e+14 8.584737e+14 4.859273e+14 8.527704e+14 4.826924e+14 8.470697e+14 4.794585e+14 8.413707e+14 4.762258e+14 8.356738e+14 4.729943e+14 8.299791e+14 4.697640e+14 8.242864e+14 4.665350e+14 8.185961e+14 4.633129e+14 8.129193e+14 4.601349e+14 8.073304e+14 4.569578e+14 8.017432e+14 4.537821e+14 7.961581e+14 4.506076e+14 7.905754e+14 4.474341e+14 7.849943e+14 4.442619e+14 7.794157e+14 4.410907e+14 7.738388e+14 4.379207e+14 7.682640e+14 4.348175e+14 7.628006e+14 4.317226e+14 7.573512e+14 4.286289e+14 7.519038e+14 4.255364e+14 7.464586e+14 4.224449e+14 7.410151e+14 4.193545e+14 7.355736e+14 4.162654e+14 7.301344e+14 4.131772e+14 7.246967e+14 4.101297e+14 7.193401e+14 4.071044e+14 7.140279e+14 4.040801e+14 7.087170e+14 4.010570e+14 7.034084e+14 3.980351e+14 6.981020e+14 3.950140e+14 6.927971e+14 3.919943e+14 6.874944e+14 3.889756e+14 6.821935e+14 3.859854e+14 6.769448e+14 3.830412e+14 6.717803e+14 3.800980e+14 6.666179e+14 3.771560e+14 6.614572e+14 3.742150e+14 6.562985e+14 3.712753e+14 6.511418e+14 3.683364e+14 6.459868e+14 3.653987e+14 6.408339e+14 3.624697e+14 6.356961e+14 3.596304e+14 6.307152e+14 3.567921e+14 6.257362e+14 3.539548e+14 6.207588e+14 3.511184e+14 6.157832e+14 3.482833e+14 6.108096e+14 3.454490e+14 6.058376e+14 3.426158e+14 6.008676e+14 3.397836e+14 5.958992e+14 3.370161e+14 5.910419e+14 3.342699e+14 5.862210e+14 3.315248e+14 5.814021e+14 3.287805e+14 5.765845e+14 3.260373e+14 5.717691e+14 3.232951e+14 5.669551e+14 3.205537e+14 5.621429e+14 3.178136e+14 5.573326e+14 3.151136e+14 5.525975e+14 3.124710e+14 5.479700e+14 3.098293e+14 5.433441e+14 3.071886e+14 5.387200e+14 3.045489e+14 5.340973e+14 3.019100e+14 5.294765e+14 2.992723e+14 5.248573e+14 2.966353e+14 5.202397e+14 2.940035e+14 5.156306e+14 2.914757e+14 5.111951e+14 2.889490e+14 5.067614e+14 2.864230e+14 5.023291e+14 2.838980e+14 4.978984e+14 2.813740e+14 4.934695e+14 2.788509e+14 4.890421e+14 2.763287e+14 4.846163e+14 2.738073e+14 4.801920e+14 2.713476e+14 4.758833e+14 2.689232e+14 4.716406e+14 2.664996e+14 4.673993e+14 2.640770e+14 4.631596e+14 2.616551e+14 4.589214e+14 2.592341e+14 4.546846e+14 2.568140e+14 4.504495e+14 2.543948e+14 4.462158e+14 2.519994e+14 4.420246e+14 2.496886e+14 4.379837e+14 2.473786e+14 4.339441e+14 2.450694e+14 4.299060e+14 2.427610e+14 4.258693e+14 2.404534e+14 4.218340e+14 2.381468e+14 4.178003e+14 2.358408e+14 4.137678e+14 2.335358e+14 4.097369e+14 2.313223e+14 4.058526e+14 2.291369e+14 4.020135e+14 2.269524e+14 3.981758e+14 2.247687e+14 3.943396e+14 2.225857e+14 3.905047e+14 2.204035e+14 3.866711e+14 2.182222e+14 3.828390e+14 2.160416e+14 3.790081e+14 2.138927e+14 3.752338e+14 2.118197e+14 3.715943e+14 2.097474e+14 3.679559e+14 2.076758e+14 3.643189e+14 2.056050e+14 3.606832e+14 2.035349e+14 3.570488e+14 2.014656e+14 3.534156e+14 1.993969e+14 3.497837e+14 1.973290e+14 3.461532e+14 1.953549e+14 3.426822e+14 1.934059e+14 3.392538e+14 1.914576e+14 3.358267e+14 1.895100e+14 3.324008e+14 1.875631e+14 3.289760e+14</elevationPattern>
        <incidenceAngle count="562">4.176041e+01 4.176906e+01 4.177769e+01 4.178635e+01 4.179498e+01 4.180362e+01 4.181226e+01 4.182088e+01 4.182950e+01 4.183812e+01 4.184674e+01 4.185536e+01 4.186397e+01 4.187257e+01 4.188118e+01 4.188979e+01 4.189839e+01 4.190698e+01 4.191557e+01 4.192416e+01 4.193275e+01 4.194135e+01 4.194992e+01 4.195850e+01 4.196707e+01 4.197565e+01 4.198421e+01 4.199277e+01 4.200133e+01 4.200989e+01 4.201845e+01 4.202699e+01 4.203554e+01 4.204408e+01 4.205263e+01 4.206117e+01 4.206970e+01 4.207823e+01 4.208676e+01 4.209529e+01 4.210382e+01 4.211234e+01 4.212085e+01 4.212936e+01 4.213788e+01 4.214638e+01 4.215489e+01 4.216339e+01 4.217189e+01 4.218037e+01 4.218887e+01 4.219736e+01 4.220584e+01 4.221432e+01 4.222281e+01 4.223128e+01 4.223975e+01 4.224821e+01 4.225668e+01 4.226515e+01 4.227361e+01 4.228206e+01 4.229051e+01 4.229897e+01 4.230742e+01 4.231586e+01 4.232430e+01 4.233273e+01 4.234117e+01 4.234961e+01 4.235803e+01 4.236646e+01 4.237488e+01 4.238330e+01 4.239172e+01 4.240013e+01 4.240854e+01 4.241695e+01 4.242535e+01 4.243375e+01 4.244215e+01 4.245055e+01 4.245894e+01 4.246733e+01 4.247571e+01 4.248409e+01 4.249248e+01 4.250084e+01 4.250922e+01 4.251759e+01 4.252596e+01 4.253432e+01 4.254268e+01 4.255104e+01 4.255939e+01 4.256775e+01 4.257610e+01 4.258444e+01 4.259279e+01 4.260112e+01 4.260947e+01 4.261780e+01 4.262613e+01 4.263445e+01 4.264278e+01 4.265109e+01 4.265941e+01 4.266772e+01 4.267604e+01 4.268436e+01 4.269266e+01 4.270096e+01 4.270926e+01 4.271756e+01 4.272586e+01 4.273415e+01 4.274243e+01 4.275072e+01 4.275900e+01 4.276727e+01 4.277556e+01 4.278383e+01 4.279210e+01 4.280037e+01 4.280862e+01 4.281689e+01 4.282515e+01 4.283340e+01 4.284166e+01 4.284991e+01 4.285815e+01 4.286639e+01 4.287463e+01 4.288287e+01 4.289111e+01 4.289934e+01 4.290758e+01 4.291580e+01 4.292403e+01 4.293224e+01 4.294046e+01 4.294867e+01 4.295688e+01 4.296509e+01 4.297330e+01 4.298149e+01 4.298970e+01 4.299789e+01 4.300609e+01 4.301428e+01 4.302246e+01 4.303064e+01 4.303883e+01 4.304701e+01 4.305518e+01 4.306335e+01 4.307152e+01 4.307970e+01 4.308786e+01 4.309602e+01 4.310417e+01 4.311234e+01 4.312048e+01 4.312863e+01 4.313678e+01 4.314493e+01 4.315306e+01 4.316121e+01 4.316934e+01 4.317747e+01 4.318559e+01 4.319373e+01 4.320184e+01 4.320998e+01 4.321809e+01 4.322620e+01 4.323431e+01 4.324242e+01 4.325053e+01 4.325864e+01 4.326674e+01 4.327483e+01 4.328293e+01 4.329102e+01 4.329910e+01 4.330719e+01 4.331528e+01 4.332335e+01 4.333144e+01 4.333951e+01 4.334758e+01 4.335565e+01 4.336371e+01 4.337178e+01 4.337984e+01 4.338789e+01 4.339595e+01 4.340401e+01 4.341205e+01 4.342010e+01 4.342815e+01 4.343619e+01 4.344423e+01 4.345226e+01 4.346030e+01 4.346832e+01 4.347635e+01 4.348438e+01 4.349239e+01 4.350041e+01 4.350842e+01 4.351643e+01 4.352444e+01 4.353246e+01 4.354045e+01 4.354846e+01 4.355646e+01 4.356445e+01 4.357245e+01 4.358043e+01 4.358842e+01 4.359641e+01 4.360439e+01 4.361237e+01 4.362035e+01 4.362831e+01 4.363629e+01 4.364426e+01 4.365222e+01 4.366019e+01 4.366814e+01 4.367610e+01 4.368405e+01 4.369200e+01 4.369995e+01 4.370790e+01 4.371584e+01 4.372379e+01 4.373172e+01 4.373965e+01 4.374759e+01 4.375552e+01 4.376344e+01 4.377136e+01 4.377928e+01 4.378720e+01 4.379512e+01 4.380304e+01 4.381094e+01 4.381885e+01 4.382675e+01 4.383466e+01 4.384256e+01 4.385045e+01 4.385835e+01 4.386624e+01 4.387413e+01 4.388200e+01 4.388989e+01 4.389777e+01 4.390565e+01 4.391353e+01 4.392140e+01 4.392926e+01 4.393713e+01 4.394499e+01 4.395285e+01 4.396071e+01 4.396857e+01 4.397643e+01 4.398427e+01 4.399213e+01 4.399997e+01 4.400781e+01 4.401566e+01 4.402348e+01 4.403133e+01 4.403915e+01 4.404698e+01 4.405481e+01 4.406262e+01 4.407045e+01 4.407826e+01 4.408609e+01 4.409390e+01 4.410170e+01 4.410951e+01 4.411732e+01 4.412512e+01 4.413292e+01 4.414072e+01 4.414851e+01 4.415630e+01 4.416409e+01 4.417188e+01 4.417966e+01 4.418744e+01 4.419522e+01 4.420299e+01 4.421077e+01 4.421854e+01 4.422630e+01 4.423407e+01 4.424184e+01 4.424959e+01 4.425735e+01 4.426511e+01 4.427286e+01 4.428061e+01 4.428835e+01 4.429610e+01 4.430383e+01 4.431157e+01 4.431931e+01 4.432704e+01 4.433478e+01 4.434250e+01 4.435022e+01 4.435796e+01 4.436568e+01 4.437338e+01 4.438110e+01 4.438881e+01 4.439653e+01 4.440424e+01 4.441194e+01 4.441963e+01 4.442734e+01 4.443503e+01 4.444273e+01 4.445042e+01 4.445811e+01 4.446579e+01 4.447348e+01 4.448116e+01 4.448885e+01 4.449652e+01 4.450420e+01 4.451186e+01 4.451953e+01 4.452719e+01 4.453487e+01 4.454253e+01 4.455017e+01 4.455783e+01 4.456549e+01 4.457314e+01 4.458078e+01 4.458842e+01 4.459607e+01 4.460371e+01 4.461134e+01 4.461899e+01 4.462662e+01 4.463425e+01 4.464188e+01 4.464951e+01 4.465712e+01 4.466475e+01 4.467236e+01 4.467998e+01 4.468759e+01 4.469519e+01 4.470280e+01 4.471040e+01 4.471802e+01 4.472562e+01 4.473320e+01 4.474080e+01 4.474840e+01 4.475598e+01 4.476357e+01 4.477115e+01 4.477873e+01 4.478632e+01 4.479388e+01 4.480147e+01 4.480904e+01 4.481660e+01 4.482417e+01 4.483174e+01 4.483929e+01 4.484686e+01 4.485442e+01 4.486197e+01 4.486952e+01 4.487708e+01 4.488461e+01 4.489217e+01 4.489970e+01 4.490724e+01 4.491478e+01 4.492232e+01 4.492984e+01 4.493738e+01 4.494490e+01 4.495242e+01 4.495995e+01 4.496747e+01 4.497499e+01 4.498250e+01 4.499001e+01 4.499751e+01 4.500502e+01 4.501253e+01 4.502003e+01 4.502753e+01 4.503503e+01 4.504253e+01 4.505002e+01 4.505751e+01 4.506499e+01 4.507248e+01 4.507996e+01 4.508745e+01 4.509492e+01 4.510239e+01 4.510986e+01 4.511734e+01 4.512480e+01 4.513226e+01 4.513974e+01 4.514719e+01 4.515465e+01 4.516211e+01 4.516956e+01 4.517702e+01 4.518446e+01 4.519191e+01 4.519934e+01 4.520679e+01 4.521423e+01 4.522166e+01 4.522910e+01 4.523653e+01 4.524396e+01 4.525139e+01 4.525880e+01 4.526622e+01 4.527365e+01 4.528107e+01 4.528848e+01 4.529588e+01 4.530330e+01 4.531070e+01 4.531812e+01 4.532552e+01 4.533292e+01 4.534032e+01 4.534770e+01 4.535510e+01 4.536249e+01 4.536987e+01 4.537726e+01 4.538464e+01 4.539203e+01 4.539940e+01 4.540678e+01 4.541415e+01 4.542152e+01 4.542889e+01 4.543626e+01 4.544362e+01 4.545099e+01 4.545834e+01 4.546570e+01 4.547305e+01 4.548041e+01 4.548776e+01 4.549510e+01 4.550244e+01 4.550980e+01 4.551714e+01 4.552448e+01 4.553180e+01 4.553914e+01 4.554646e+01 4.555380e+01 4.556113e+01 4.556845e+01 4.557578e+01 4.558308e+01 4.559041e+01 4.559772e+01 4.560503e+01 4.561234e+01 4.561964e+01 4.562695e+01 4.563425e+01 4.564156e+01 4.564885e+01 4.565614e+01 4.566344e+01 4.567073e+01 4.567802e+01 4.568530e+01 4.569260e+01 4.569987e+01 4.570715e+01 4.571443e+01 4.572171e+01 4.572897e+01 4.573625e+01 4.574352e+01 4.575078e+01 4.575804e+01 4.576530e+01 4.577257e+01 4.577982e+01 4.578706e+01 4.579433e+01 4.580157e+01 4.580882e+01 4.581606e+01 4.582330e+01 4.583055e+01 4.583778e+01 4.584502e+01 4.585225e+01 4.585948e+01 4.586671e+01 4.587393e+01 4.588116e+01 4.588838e+01 4.589560e+01 4.590282e+01 4.591003e+01 4.591724e+01 4.592445e+01 4.593166e+01 4.593887e+01 4.594608e+01 4.595328e+01 4.596046e+01 4.596767e+01 4.597485e+01 4.598206e+01 4.598924e+01 4.599643e+01 4.600362e+01 4.601080e+01 4.601797e+01 4.602516e+01 4.603233e+01 4.603951e+01 4.604668e+01 4.605385e+01 4.606102e+01 4.606818e+01 4.607533e+01 4.608250e+01 4.608966e+01 4.609682e+01 4.610397e+01 4.611111e+01 4.611827e+01 4.612541e+01 4.613255e+01 4.613969e+01 4.614684e+01 4.615398e+01 4.616112e+01</incidenceAngle>
        <terrainHeight>2.227707323928572e+03</terrainHeight>
        <roll>3.009005538012865e+01</roll>
      </antennaPattern>
      <antennaPattern>
        <swath>IW3</swath>
        <azimuthTime>2015-05-16T13:34:23.717330</azimuthTime>
        <slantRangeTime count="562">6.017503134959210e-03 6.018185170111523e-03 6.018867205263837e-03 6.019549240416150e-03 6.020231275568463e-03 6.020913310720777e-03 6.021595345873090e-03 6.022277381025403e-03 6.022959416177718e-03 6.023641451330030e-03 6.024323486482344e-03 6.025005521634657e-03 6.025687556786971e-03 6.026369591939284e-03 6.027051627091597e-03 6.027733662243911e-03 6.028415697396225e-03 6.029097732548537e-03 6.029779767700852e-03 6.030461802853164e-03 6.031143838005478e-03 6.031825873157792e-03 6.032507908310105e-03 6.033189943462418e-03 6.033871978614731e-03 6.034554013767045e-03 6.035236048919359e-03 6.035918084071672e-03 6.036600119223985e-03 6.037282154376299e-03 6.037964189528612e-03 6.038646224680926e-03 6.039328259833239e-03 6.040010294985553e-03 6.040692330137866e-03 6.041374365290180e-03 6.042056400442493e-03 6.042738435594807e-03 6.043420470747120e-03 6.044102505899433e-03 6.044784541051747e-03 6.045466576204060e-03 6.046148611356373e-03 6.046830646508687e-03 6.047512681661001e-03 6.048194716813313e-03 6.048876751965627e-03 6.049558787117940e-03 6.050240822270254e-03 6.050922857422567e-03 6.051604892574880e-03 6.052286927727194e-03 6.052968962879508e-03 6.053650998031820e-03 6.054333033184134e-03 6.055015068336447e-03 6.055697103488761e-03 6.056379138641074e-03 6.057061173793387e-03 6.057743208945701e-03 6.058425244098014e-03 6.059107279250327e-03 6.059789314402641e-03 6.060471349554954e-03 6.061153384707267e-03 6.061835419859581e-03 6.062517455011894e-03 6.063199490164208e-03 6.063881525316521e-03 6.064563560468834e-03 6.065245595621147e-03 6.065927630773461e-03 6.066609665925774e-03 6.067291701078088e-03 6.067973736230400e-03 6.068655771382715e-03 6.069337806535028e-03 6.070019841687341e-03 6.070701876839654e-03 6.071383911991968e-03 6.072065947144281e-03 6.072747982296595e-03 6.073430017448908e-03 6.074112052601222e-03 6.074794087753535e-03 6.075476122905848e-03 6.076158158058163e-03 6.076840193210475e-03 6.077522228362790e-03 6.078204263515102e-03 6.078886298667417e-03 6.079568333819730e-03 6.080250368972044e-03 6.080932404124357e-03 6.081614439276671e-03 6.082296474428984e-03 6.082978509581298e-03 6.083660544733611e-03 6.084342579885925e-03 6.085024615038238e-03 6.085706650190552e-03 6.086388685342866e-03 6.087070720495179e-03 6.087752755647493e-03 6.088434790799806e-03 6.089116825952120e-03 6.089798861104434e-03 6.090480896256746e-03 6.091162931409061e-03 6.091844966561373e-03 6.092527001713688e-03 6.093209036866001e-03 6.093891072018315e-03 6.094573107170628e-03 6.095255142322942e-03 6.095937177475255e-03 6.096619212627569e-03 6.097301247779882e-03 6.097983282932196e-03 6.098665318084509e-03 6.099347353236823e-03 6.100029388389137e-03 6.100711423541450e-03 6.101393458693764e-03 6.102075493846077e-03 6.102757528998391e-03 6.103439564150704e-03 6.104121599303017e-03 6.104803634455332e-03 6.105485669607644e-03 6.106167704759959e-03 6.106849739912271e-03 6.107531775064586e-03 6.108213810216899e-03 6.108895845369213e-03 6.109577880521526e-03 6.110259915673840e-03 6.110941950826153e-03 6.111623985978467e-03 6.112306021130780e-03 6.112988056283094e-03 6.113670091435407e-03 6.114352126587721e-03 6.115034161740035e-03 6.115716196892348e-03 6.116398232044662e-03 6.117080267196975e-03 6.117762302349289e-03 6.118444337501603e-03 6.119126372653915e-03 6.119808407806230e-03 6.120490442958542e-03 6.121172478110857e-03 6.121854513263170e-03 6.122536548415484e-03 6.123218583567797e-03 6.123900618720111e-03 6.124582653872424e-03 6.125264689024738e-03 6.125946724177051e-03 6.126628759329365e-03 6.127310794481678e-03 6.127992829633991e-03 6.128674864786305e-03 6.129356899938617e-03 6.130038935090931e-03 6.130720970243244e-03 6.131403005395557e-03 6.132085040547870e-03 6.132767075700184e-03 6.133449110852496e-03 6.134131146004810e-03 6.134813181157123e-03 6.135495216309436e-03 6.136177251461749e-03 6.136859286614062e-03 6.137541321766376e-03 6.138223356918689e-03 6.138905392071002e-03 6.139587427223315e-03 6.140269462375629e-03 6.140951497527941e-03 6.141633532680255e-03 6.142315567832568e-03 6.142997602984881e-03 6.143679638137194e-03 6.144361673289508e-03 6.145043708441820e-03 6.145725743594134e-03 6.146407778746447e-03 6.147089813898760e-03 6.147771849051073e-03 6.148453884203386e-03 6.149135919355699e-03 6.149817954508013e-03 6.150499989660325e-03 6.151182024812639e-03 6.151864059964952e-03 6.152546095117265e-03 6.153228130269578e-03 6.153910165421892e-03 6.154592200574204e-03 6.155274235726518e-03 6.155956270878831e-03 6.156638306031144e-03 6.157320341183457e-03 6.158002376335771e-03 6.158684411488083e-03 6.159366446640397e-03 6.160048481792709e-03 6.160730516945023e-03 6.161412552097336e-03 6.162094587249649e-03 6.162776622401962e-03 6.163458657554276e-03 6.164140692706589e-03 6.164822727858902e-03 6.165504763011215e-03 6.166186798163528e-03 6.166868833315842e-03 6.167550868468155e-03 6.168232903620468e-03 6.168914938772781e-03 6.169596973925094e-03 6.170279009077407e-03 6.170961044229721e-03 6.171643079382033e-03 6.172325114534347e-03 6.173007149686660e-03 6.173689184838973e-03 6.174371219991286e-03 6.175053255143600e-03 6.175735290295912e-03 6.176417325448226e-03 6.177099360600539e-03 6.177781395752852e-03 6.178463430905165e-03 6.179145466057479e-03 6.179827501209791e-03 6.180509536362105e-03 6.181191571514418e-03 6.181873606666731e-03 6.182555641819044e-03 6.183237676971358e-03 6.183919712123670e-03 6.184601747275984e-03 6.185283782428296e-03 6.185965817580610e-03 6.186647852732923e-03 6.187329887885236e-03 6.188011923037549e-03 6.188693958189863e-03 6.189375993342175e-03 6.190058028494489e-03 6.190740063646802e-03 6.191422098799115e-03 6.192104133951428e-03 6.192786169103742e-03 6.193468204256054e-03 6.194150239408368e-03 6.194832274560681e-03 6.195514309712994e-03 6.196196344865307e-03 6.196878380017620e-03 6.197560415169934e-03 6.198242450322247e-03 6.198924485474560e-03 6.199606520626873e-03 6.200288555779187e-03 6.200970590931499e-03 6.201652626083813e-03 6.202334661236126e-03 6.203016696388439e-03 6.203698731540752e-03 6.204380766693066e-03 6.205062801845378e-03 6.205744836997692e-03 6.206426872150005e-03 6.207108907302318e-03 6.207790942454631e-03 6.208472977606945e-03 6.209155012759257e-03 6.209837047911571e-03 6.210519083063883e-03 6.211201118216197e-03 6.211883153368510e-03 6.212565188520823e-03 6.213247223673136e-03 6.213929258825450e-03 6.214611293977762e-03 6.215293329130076e-03 6.215975364282389e-03 6.216657399434702e-03 6.217339434587015e-03 6.218021469739329e-03 6.218703504891641e-03 6.219385540043955e-03 6.220067575196268e-03 6.220749610348581e-03 6.221431645500894e-03 6.222113680653207e-03 6.222795715805520e-03 6.223477750957834e-03 6.224159786110147e-03 6.224841821262460e-03 6.225523856414773e-03 6.226205891567086e-03 6.226887926719400e-03 6.227569961871713e-03 6.228251997024026e-03 6.228934032176339e-03 6.229616067328653e-03 6.230298102480965e-03 6.230980137633279e-03 6.231662172785592e-03 6.232344207937905e-03 6.233026243090218e-03 6.233708278242531e-03 6.234390313394844e-03 6.235072348547158e-03 6.235754383699470e-03 6.236436418851784e-03 6.237118454004097e-03 6.237800489156410e-03 6.238482524308723e-03 6.239164559461037e-03 6.239846594613349e-03 6.240528629765663e-03 6.241210664917976e-03 6.241892700070289e-03 6.242574735222602e-03 6.243256770374916e-03 6.243938805527228e-03 6.244620840679542e-03 6.245302875831855e-03 6.245984910984168e-03 6.246666946136481e-03 6.247348981288794e-03 6.248031016441107e-03 6.248713051593421e-03 6.249395086745733e-03 6.250077121898047e-03 6.250759157050360e-03 6.251441192202673e-03 6.252123227354986e-03 6.252805262507300e-03 6.253487297659613e-03 6.254169332811926e-03 6.254851367964239e-03 6.255533403116552e-03 6.256215438268866e-03 6.256897473421179e-03 6.257579508573492e-03 6.258261543725805e-03 6.258943578878118e-03 6.259625614030431e-03 6.260307649182745e-03 6.260989684335057e-03 6.261671719487371e-03 6.262353754639684e-03 6.263035789791997e-03 6.263717824944310e-03 6.264399860096624e-03 6.265081895248936e-03 6.265763930401250e-03 6.266445965553563e-03 6.267128000705876e-03 6.267810035858189e-03 6.268492071010503e-03 6.269174106162815e-03 6.269856141315129e-03 6.270538176467441e-03 6.271220211619755e-03 6.271902246772068e-03 6.272584281924381e-03 6.273266317076694e-03 6.273948352229008e-03 6.274630387381320e-03 6.275312422533634e-03 6.275994457685947e-03 6.276676492838260e-03 6.277358527990573e-03 6.278040563142887e-03 6.278722598295199e-03 6.279404633447513e-03 6.280086668599826e-03 6.280768703752139e-03 6.281450738904452e-03 6.282132774056766e-03 6.282814809209078e-03 6.283496844361392e-03 6.284178879513705e-03 6.284860914666018e-03 6.285542949818331e-03 6.286224984970644e-03 6.286907020122958e-03 6.287589055275271e-03 6.288271090427584e-03 6.288953125579897e-03 6.289635160732211e-03 6.290317195884523e-03 6.290999231036837e-03 6.291681266189150e-03 6.292363301341463e-03 6.293045336493776e-03 6.293727371646090e-03 6.294409406798402e-03 6.295091441950716e-03 6.295773477103028e-03 6.296455512255342e-03 6.297137547407655e-03 6.297819582559968e-03 6.298501617712281e-03 6.299183652864595e-03 6.299865688016907e-03 6.300547723169221e-03 6.301229758321534e-03 6.301911793473847e-03 6.302593828626160e-03 6.303275863778474e-03 6.303957898930786e-03 6.304639934083100e-03 6.305321969235413e-03 6.306004004387726e-03 6.306686039540039e-03 6.307368074692353e-03 6.308050109844665e-03 6.308732144996979e-03 6.309414180149291e-03 6.310096215301605e-03 6.310778250453918e-03 6.311460285606231e-03 6.312142320758544e-03 6.312824355910858e-03 6.313506391063171e-03 6.314188426215484e-03 6.314870461367797e-03 6.315552496520110e-03 6.316234531672424e-03 6.316916566824737e-03 6.317598601977050e-03 6.318280637129363e-03 6.318962672281677e-03 6.319644707433989e-03 6.320326742586303e-03 6.321008777738615e-03 6.321690812890929e-03 6.322372848043242e-03 6.323054883195555e-03 6.323736918347868e-03 6.324418953500182e-03 6.325100988652494e-03 6.325783023804808e-03 6.326465058957121e-03 6.327147094109434e-03 6.327829129261747e-03 6.328511164414061e-03 6.329193199566373e-03 6.329875234718687e-03 6.330557269871000e-03 6.331239305023313e-03 6.331921340175626e-03 6.332603375327939e-03 6.333285410480252e-03 6.333967445632566e-03 6.334649480784878e-03 6.335331515937192e-03 6.336013551089505e-03 6.336695586241818e-03 6.337377621394131e-03 6.338059656546445e-03 6.338741691698757e-03 6.339423726851071e-03 6.340105762003384e-03 6.340787797155697e-03 6.341469832308010e-03 6.342151867460324e-03 6.342833902612637e-03 6.343515937764950e-03 6.344197972917263e-03 6.344880008069576e-03 6.345562043221890e-03 6.346244078374202e-03 6.346926113526516e-03 6.347608148678829e-03 6.348290183831142e-03 6.348972218983455e-03 6.349654254135769e-03 6.350336289288081e-03 6.351018324440395e-03 6.351700359592708e-03 6.352382394745021e-03 6.353064429897334e-03 6.353746465049648e-03 6.354428500201960e-03 6.355110535354274e-03 6.355792570506587e-03 6.356474605658900e-03 6.357156640811213e-03 6.357838675963526e-03 6.358520711115839e-03 6.359202746268153e-03 6.359884781420465e-03 6.360566816572779e-03 6.361248851725092e-03 6.361930886877405e-03 6.362612922029718e-03 6.363294957182032e-03 6.363976992334344e-03 6.364659027486658e-03 6.365341062638971e-03 6.366023097791284e-03 6.366705132943597e-03 6.367387168095911e-03 6.368069203248223e-03 6.368751238400537e-03 6.369433273552850e-03 6.370115308705163e-03 6.370797343857476e-03 6.371479379009789e-03 6.372161414162103e-03 6.372843449314416e-03 6.373525484466729e-03 6.374207519619042e-03 6.374889554771355e-03 6.375571589923668e-03 6.376253625075982e-03 6.376935660228295e-03 6.377617695380608e-03 6.378299730532921e-03 6.378981765685235e-03 6.379663800837547e-03 6.380345835989861e-03 6.381027871142174e-03 6.381709906294487e-03 6.382391941446800e-03 6.383073976599113e-03 6.383756011751426e-03 6.384438046903740e-03 6.385120082056052e-03 6.385802117208366e-03 6.386484152360679e-03 6.387166187512992e-03 6.387848222665305e-03 6.388530257817619e-03 6.389212292969931e-03 6.389894328122245e-03 6.390576363274558e-03 6.391258398426871e-03 6.391940433579184e-03 6.392622468731498e-03 6.393304503883810e-03 6.393986539036124e-03 6.394668574188436e-03 6.395350609340750e-03 6.396032644493063e-03 6.396714679645376e-03 6.397396714797689e-03 6.398078749950003e-03 6.398760785102315e-03 6.399442820254629e-03 6.400124855406942e-03</slantRangeTime>
        <elevationAngle count="562">3.687209e+01 3.687936e+01 3.688662e+01 3.689388e+01 3.690114e+01 3.690840e+01 3.691565e+01 3.692290e+01 3.693015e+01 3.693739e+01 3.694463e+01 3.695187e+01 3.695910e+01 3.696634e+01 3.697356e+01 3.698079e+01 3.698801e+01 3.699523e+01 3.700245e+01 3.700966e+01 3.701687e+01 3.702408e+01 3.703128e+01 3.703849e+01 3.704568e+01 3.705288e+01 3.706007e+01 3.706726e+01 3.707445e+01 3.708163e+01 3.708881e+01 3.709599e+01 3.710316e+01 3.711034e+01 3.711751e+01 3.712467e+01 3.713184e+01 3.713900e+01 3.714615e+01 3.715331e+01 3.716046e+01 3.716761e+01 3.717476e+01 3.718190e+01 3.718903e+01 3.719617e+01 3.720330e+01 3.721044e+01 3.721756e+01 3.722469e+01 3.723181e+01 3.723893e+01 3.724605e+01 3.725316e+01 3.726027e+01 3.726738e+01 3.727448e+01 3.728158e+01 3.728868e+01 3.729578e+01 3.730287e+01 3.730996e+01 3.731705e+01 3.732413e+01 3.733121e+01 3.733829e+01 3.734537e+01 3.735244e+01 3.735951e+01 3.736658e+01 3.737364e+01 3.738070e+01 3.738776e+01 3.739481e+01 3.740187e+01 3.740892e+01 3.741596e+01 3.742301e+01 3.743005e+01 3.743709e+01 3.744412e+01 3.745115e+01 3.745818e+01 3.746521e+01 3.747223e+01 3.747926e+01 3.748627e+01 3.749329e+01 3.750030e+01 3.750731e+01 3.751432e+01 3.752132e+01 3.752832e+01 3.753532e+01 3.754232e+01 3.754931e+01 3.755630e+01 3.756329e+01 3.757027e+01 3.757725e+01 3.758423e+01 3.759121e+01 3.759818e+01 3.760515e+01 3.761211e+01 3.761908e+01 3.762604e+01 3.763300e+01 3.763995e+01 3.764691e+01 3.765386e+01 3.766080e+01 3.766775e+01 3.767469e+01 3.768163e+01 3.768857e+01 3.769550e+01 3.770243e+01 3.770936e+01 3.771629e+01 3.772321e+01 3.773013e+01 3.773705e+01 3.774396e+01 3.775087e+01 3.775778e+01 3.776469e+01 3.777159e+01 3.777849e+01 3.778539e+01 3.779228e+01 3.779917e+01 3.780606e+01 3.781295e+01 3.781983e+01 3.782671e+01 3.783359e+01 3.784047e+01 3.784734e+01 3.785421e+01 3.786108e+01 3.786794e+01 3.787481e+01 3.788166e+01 3.788852e+01 3.789537e+01 3.790223e+01 3.790907e+01 3.791592e+01 3.792276e+01 3.792960e+01 3.793644e+01 3.794327e+01 3.795010e+01 3.795693e+01 3.796376e+01 3.797058e+01 3.797741e+01 3.798422e+01 3.799104e+01 3.799785e+01 3.800466e+01 3.801147e+01 3.801827e+01 3.802507e+01 3.803188e+01 3.803867e+01 3.804547e+01 3.805226e+01 3.805904e+01 3.806583e+01 3.807262e+01 3.807940e+01 3.808617e+01 3.809295e+01 3.809972e+01 3.810649e+01 3.811326e+01 3.812002e+01 3.812679e+01 3.813354e+01 3.814030e+01 3.814705e+01 3.815380e+01 3.816055e+01 3.816730e+01 3.817404e+01 3.818078e+01 3.818752e+01 3.819426e+01 3.820099e+01 3.820772e+01 3.821445e+01 3.822117e+01 3.822789e+01 3.823461e+01 3.824133e+01 3.824804e+01 3.825476e+01 3.826146e+01 3.826817e+01 3.827488e+01 3.828157e+01 3.828827e+01 3.829497e+01 3.830166e+01 3.830835e+01 3.831504e+01 3.832173e+01 3.832841e+01 3.833509e+01 3.834177e+01 3.834844e+01 3.835511e+01 3.836178e+01 3.836845e+01 3.837511e+01 3.838178e+01 3.838844e+01 3.839509e+01 3.840175e+01 3.840840e+01 3.841505e+01 3.842170e+01 3.842834e+01 3.843498e+01 3.844162e+01 3.844825e+01 3.845489e+01 3.846152e+01 3.846815e+01 3.847477e+01 3.848140e+01 3.848801e+01 3.849463e+01 3.850125e+01 3.850786e+01 3.851447e+01 3.852108e+01 3.852768e+01 3.853429e+01 3.854089e+01 3.854749e+01 3.855408e+01 3.856067e+01 3.856726e+01 3.857385e+01 3.858043e+01 3.858702e+01 3.859359e+01 3.860017e+01 3.860675e+01 3.861332e+01 3.861989e+01 3.862646e+01 3.863302e+01 3.863958e+01 3.864614e+01 3.865270e+01 3.865925e+01 3.866580e+01 3.867235e+01 3.867890e+01 3.868544e+01 3.869199e+01 3.869852e+01 3.870506e+01 3.871160e+01 3.871813e+01 3.872466e+01 3.873118e+01 3.873771e+01 3.874423e+01 3.875075e+01 3.875726e+01 3.876378e+01 3.877029e+01 3.877680e+01 3.878331e+01 3.878981e+01 3.879631e+01 3.880281e+01 3.880931e+01 3.881580e+01 3.882229e+01 3.882878e+01 3.883527e+01 3.884175e+01 3.884824e+01 3.885471e+01 3.886119e+01 3.886766e+01 3.887414e+01 3.888061e+01 3.888707e+01 3.889354e+01 3.890000e+01 3.890646e+01 3.891292e+01 3.891937e+01 3.892582e+01 3.893227e+01 3.893872e+01 3.894517e+01 3.895161e+01 3.895805e+01 3.896449e+01 3.897092e+01 3.897735e+01 3.898378e+01 3.899021e+01 3.899664e+01 3.900306e+01 3.900948e+01 3.901590e+01 3.902231e+01 3.902872e+01 3.903514e+01 3.904155e+01 3.904795e+01 3.905435e+01 3.906075e+01 3.906715e+01 3.907355e+01 3.907994e+01 3.908633e+01 3.909272e+01 3.909911e+01 3.910549e+01 3.911187e+01 3.911826e+01 3.912463e+01 3.913100e+01 3.913738e+01 3.914375e+01 3.915011e+01 3.915648e+01 3.916284e+01 3.916920e+01 3.917556e+01 3.918192e+01 3.918827e+01 3.919462e+01 3.920097e+01 3.920731e+01 3.921365e+01 3.921999e+01 3.922633e+01 3.923267e+01 3.923900e+01 3.924533e+01 3.925166e+01 3.925799e+01 3.926431e+01 3.927063e+01 3.927695e+01 3.928327e+01 3.928959e+01 3.929590e+01 3.930221e+01 3.930852e+01 3.931482e+01 3.932113e+01 3.932742e+01 3.933372e+01 3.934002e+01 3.934631e+01 3.935260e+01 3.935889e+01 3.936518e+01 3.937146e+01 3.937774e+01 3.938403e+01 3.939030e+01 3.939658e+01 3.940285e+01 3.940912e+01 3.941539e+01 3.942165e+01 3.942791e+01 3.943417e+01 3.944043e+01 3.944669e+01 3.945294e+01 3.945919e+01 3.946544e+01 3.947169e+01 3.947793e+01 3.948418e+01 3.949041e+01 3.949665e+01 3.950289e+01 3.950912e+01 3.951535e+01 3.952158e+01 3.952781e+01 3.953403e+01 3.954025e+01 3.954647e+01 3.955268e+01 3.955890e+01 3.956511e+01 3.957132e+01 3.957753e+01 3.958373e+01 3.958994e+01 3.959614e+01 3.960233e+01 3.960853e+01 3.961472e+01 3.962091e+01 3.962711e+01 3.963329e+01 3.963948e+01 3.964566e+01 3.965184e+01 3.965802e+01 3.966419e+01 3.967036e+01 3.967654e+01 3.968270e+01 3.968887e+01 3.969503e+01 3.970119e+01 3.970736e+01 3.971351e+01 3.971967e+01 3.972582e+01 3.973197e+01 3.973812e+01 3.974426e+01 3.975041e+01 3.975655e+01 3.976269e+01 3.976883e+01 3.977496e+01 3.978109e+01 3.978722e+01 3.979335e+01 3.979948e+01 3.980560e+01 3.981172e+01 3.981784e+01 3.982396e+01 3.983007e+01 3.983618e+01 3.984229e+01 3.984840e+01 3.985450e+01 3.986061e+01 3.986671e+01 3.987281e+01 3.987890e+01 3.988500e+01 3.989109e+01 3.989718e+01 3.990327e+01 3.990935e+01 3.991544e+01 3.992152e+01 3.992759e+01 3.993367e+01 3.993975e+01 3.994582e+01 3.995189e+01 3.995795e+01 3.996402e+01 3.997009e+01 3.997614e+01 3.998220e+01 3.998826e+01 3.999431e+01 4.000037e+01 4.000642e+01 4.001246e+01 4.001851e+01 4.002455e+01 4.003059e+01 4.003663e+01 4.004267e+01 4.004871e+01 4.005474e+01 4.006077e+01 4.006680e+01 4.007282e+01 4.007885e+01 4.008487e+01 4.009089e+01 4.009690e+01 4.010292e+01 4.010893e+01 4.011494e+01 4.012095e+01 4.012696e+01 4.013296e+01 4.013896e+01 4.014496e+01 4.015096e+01 4.015696e+01 4.016295e+01 4.016894e+01 4.017493e+01 4.018091e+01 4.018690e+01 4.019288e+01 4.019886e+01 4.020484e+01 4.021082e+01 4.021679e+01 4.022276e+01 4.022873e+01 4.023470e+01 4.024066e+01 4.024662e+01 4.025259e+01 4.025854e+01 4.026450e+01 4.027045e+01 4.027641e+01 4.028236e+01 4.028831e+01 4.029425e+01 4.030020e+01 4.030614e+01 4.031208e+01 4.031802e+01 4.032395e+01 4.032988e+01 4.033582e+01 4.034174e+01 4.034767e+01 4.035360e+01 4.035952e+01 4.036544e+01 4.037136e+01 4.037727e+01 4.038319e+01 4.038910e+01 4.039501e+01 4.040091e+01 4.040682e+01 4.041272e+01 4.041862e+01 4.042453e+01 4.043042e+01 4.043632e+01 4.044221e+01 4.044810e+01 4.045399e+01 4.045988e+01 4.046576e+01 4.047164e+01 4.047752e+01 4.048340e+01 4.048928e+01 4.049515e+01 4.050102e+01 4.050689e+01 4.051276e+01 4.051863e+01 4.052449e+01 4.053035e+01</elevationAngle>
        <elevationPattern count="562">3.768621e+14 7.201731e+14 3.804233e+14 7.266559e+14 3.839831e+14 7.331362e+14 3.875607e+14 7.396446e+14 3.911900e+14 7.462355e+14 3.948179e+14 7.528236e+14 3.984441e+14 7.594088e+14 4.020690e+14 7.659916e+14 4.056923e+14 7.725717e+14 4.093141e+14 7.791487e+14 4.129611e+14 7.857767e+14 4.166523e+14 7.924932e+14 4.203420e+14 7.992071e+14 4.240300e+14 8.059178e+14 4.277167e+14 8.126259e+14 4.314017e+14 8.193314e+14 4.350852e+14 8.260339e+14 4.388065e+14 8.327795e+14 4.425737e+14 8.395778e+14 4.463390e+14 8.463727e+14 4.501030e+14 8.531651e+14 4.538653e+14 8.599546e+14 4.576262e+14 8.667416e+14 4.613856e+14 8.735257e+14 4.651582e+14 8.803440e+14 4.689431e+14 8.871943e+14 4.727264e+14 8.940417e+14 4.765083e+14 9.008864e+14 4.802886e+14 9.077283e+14 4.840671e+14 9.145669e+14 4.878443e+14 9.214034e+14 4.916522e+14 9.282691e+14 4.954834e+14 9.351567e+14 4.993134e+14 9.420421e+14 5.031418e+14 9.489245e+14 5.069683e+14 9.558037e+14 5.107934e+14 9.626803e+14 5.146169e+14 9.695540e+14 5.184472e+14 9.764752e+14 5.222821e+14 9.834295e+14 5.261152e+14 9.903805e+14 5.299468e+14 9.973288e+14 5.337767e+14 1.004274e+15 5.376049e+14 1.011216e+15 5.414317e+14 1.018156e+15 5.452654e+14 1.025043e+15 5.491034e+14 1.031891e+15 5.529398e+14 1.038736e+15 5.567746e+14 1.045579e+15 5.606076e+14 1.052419e+15 5.644394e+14 1.059256e+15 5.682693e+14 1.066090e+15 5.720897e+14 1.072922e+15 5.759022e+14 1.079750e+15 5.797135e+14 1.086576e+15 5.835230e+14 1.093399e+15 5.873309e+14 1.100219e+15 5.911374e+14 1.107037e+15 5.949424e+14 1.113852e+15 5.987458e+14 1.120664e+15 6.025474e+14 1.127473e+15 6.063476e+14 1.134280e+15 6.101463e+14 1.141083e+15 6.139436e+14 1.147884e+15 6.177389e+14 1.154682e+15 6.215330e+14 1.161477e+15 6.253053e+14 1.168270e+15 6.290535e+14 1.175059e+15 6.328003e+14 1.181846e+15 6.365458e+14 1.188630e+15 6.402898e+14 1.195411e+15 6.440322e+14 1.202190e+15 6.477729e+14 1.208966e+15 6.514951e+14 1.215682e+15 6.551905e+14 1.222311e+15 6.588844e+14 1.228938e+15 6.625771e+14 1.235562e+15 6.662681e+14 1.242183e+15 6.699576e+14 1.248802e+15 6.736455e+14 1.255417e+15 6.773101e+14 1.261944e+15 6.809248e+14 1.268273e+15 6.845382e+14 1.274600e+15 6.881497e+14 1.280924e+15 6.917602e+14 1.287245e+15 6.953690e+14 1.293564e+15 6.989762e+14 1.299881e+15 7.025689e+14 1.306194e+15 7.061030e+14 1.312505e+15 7.096358e+14 1.318814e+15 7.131674e+14 1.325120e+15 7.166974e+14 1.331424e+15 7.202258e+14 1.337725e+15 7.237528e+14 1.344023e+15 7.272743e+14 1.350312e+15 7.307147e+14 1.356465e+15 7.341537e+14 1.362616e+15 7.375914e+14 1.368765e+15 7.410274e+14 1.374911e+15 7.444622e+14 1.381054e+15 7.478956e+14 1.387195e+15 7.513278e+14 1.393334e+15 7.546588e+14 1.399221e+15 7.579766e+14 1.405076e+15 7.612930e+14 1.410929e+15 7.646080e+14 1.416779e+15 7.679218e+14 1.422627e+15 7.712344e+14 1.428472e+15 7.745452e+14 1.434315e+15 7.777758e+14 1.440057e+15 7.809729e+14 1.445756e+15 7.841686e+14 1.451453e+15 7.873634e+14 1.457148e+15 7.905564e+14 1.462840e+15 7.937489e+14 1.468531e+15 7.969394e+14 1.474218e+15 8.000648e+14 1.479691e+15 8.031287e+14 1.484959e+15 8.061907e+14 1.490224e+15 8.092517e+14 1.495487e+15 8.123114e+14 1.500748e+15 8.153699e+14 1.506007e+15 8.184272e+14 1.511264e+15 8.214432e+14 1.516479e+15 8.243597e+14 1.521593e+15 8.272753e+14 1.526706e+15 8.301896e+14 1.531816e+15 8.331029e+14 1.536925e+15 8.360144e+14 1.542030e+15 8.389256e+14 1.547135e+15 8.418274e+14 1.552224e+15 8.445705e+14 1.557049e+15 8.473124e+14 1.561871e+15 8.500531e+14 1.566691e+15 8.527929e+14 1.571510e+15 8.555314e+14 1.576327e+15 8.582693e+14 1.581142e+15 8.610057e+14 1.585955e+15 8.636224e+14 1.590550e+15 8.662056e+14 1.595084e+15 8.687881e+14 1.599617e+15 8.713690e+14 1.604147e+15 8.739489e+14 1.608676e+15 8.765279e+14 1.613203e+15 8.791061e+14 1.617729e+15 8.816009e+14 1.622047e+15 8.840126e+14 1.626158e+15 8.864229e+14 1.630267e+15 8.888327e+14 1.634374e+15 8.912412e+14 1.638479e+15 8.936490e+14 1.642584e+15 8.960559e+14 1.646686e+15 8.984247e+14 1.650708e+15 9.006384e+14 1.654397e+15 9.028511e+14 1.658085e+15 9.050628e+14 1.661771e+15 9.072735e+14 1.665456e+15 9.094836e+14 1.669139e+15 9.116928e+14 1.672821e+15 9.139009e+14 1.676501e+15 9.159432e+14 1.679945e+15 9.179591e+14 1.683350e+15 9.199743e+14 1.686754e+15 9.219884e+14 1.690156e+15 9.240017e+14 1.693557e+15 9.260145e+14 1.696957e+15 9.280263e+14 1.700355e+15 9.299459e+14 1.703541e+15 9.317797e+14 1.706530e+15 9.336127e+14 1.709517e+15 9.354450e+14 1.712503e+15 9.372764e+14 1.715487e+15 9.391072e+14 1.718471e+15 9.409372e+14 1.721453e+15 9.427388e+14 1.724395e+15 9.443778e+14 1.727104e+15 9.460161e+14 1.729812e+15 9.476537e+14 1.732518e+15 9.492907e+14 1.735224e+15 9.509272e+14 1.737929e+15 9.525630e+14 1.740633e+15 9.541978e+14 1.743336e+15 9.556797e+14 1.745732e+15 9.571108e+14 1.748027e+15 9.585416e+14 1.750321e+15 9.599718e+14 1.752615e+15 9.614012e+14 1.754908e+15 9.628305e+14 1.757200e+15 9.642587e+14 1.759491e+15 9.656178e+14 1.761597e+15 9.668432e+14 1.763347e+15 9.680680e+14 1.765097e+15 9.692924e+14 1.766846e+15 9.705164e+14 1.768595e+15 9.717398e+14 1.770342e+15 9.729627e+14 1.772090e+15 9.741852e+14 1.773836e+15 9.752001e+14 1.775338e+15 9.761939e+14 1.776815e+15 9.771867e+14 1.778291e+15 9.781789e+14 1.779766e+15 9.791713e+14 1.781241e+15 9.801629e+14 1.782715e+15 9.811543e+14 1.784189e+15 9.820433e+14 1.785422e+15 9.828058e+14 1.786358e+15 9.835687e+14 1.787295e+15 9.843312e+14 1.788231e+15 9.850933e+14 1.789167e+15 9.858550e+14 1.790103e+15 9.866166e+14 1.791038e+15 9.873778e+14 1.791973e+15 9.879315e+14 1.792648e+15 9.884787e+14 1.793316e+15 9.890255e+14 1.793982e+15 9.895721e+14 1.794649e+15 9.901187e+14 1.795316e+15 9.906647e+14 1.795981e+15 9.912109e+14 1.796647e+15 9.916443e+14 1.797063e+15 9.919502e+14 1.797196e+15 9.922560e+14 1.797328e+15 9.925620e+14 1.797462e+15 9.928677e+14 1.797595e+15 9.931735e+14 1.797728e+15 9.934788e+14 1.797861e+15 9.937842e+14 1.797993e+15 9.938629e+14 1.797748e+15 9.939290e+14 1.797483e+15 9.939955e+14 1.797218e+15 9.940619e+14 1.796953e+15 9.941281e+14 1.796688e+15 9.941945e+14 1.796423e+15 9.942604e+14 1.796158e+15 9.942357e+14 1.795733e+15 9.940773e+14 1.795071e+15 9.939183e+14 1.794410e+15 9.937596e+14 1.793749e+15 9.936014e+14 1.793089e+15 9.934426e+14 1.792428e+15 9.932842e+14 1.791767e+15 9.931260e+14 1.791108e+15 9.927794e+14 1.790116e+15 9.923972e+14 1.789061e+15 9.920148e+14 1.788006e+15 9.916327e+14 1.786952e+15 9.912507e+14 1.785898e+15 9.908687e+14 1.784844e+15 9.904868e+14 1.783791e+15 9.900461e+14 1.782608e+15 9.894283e+14 1.781030e+15 9.888103e+14 1.779452e+15 9.881925e+14 1.777874e+15 9.875747e+14 1.776297e+15 9.869575e+14 1.774721e+15 9.863404e+14 1.773146e+15 9.857238e+14 1.771571e+15 9.849566e+14 1.769830e+15 9.841042e+14 1.767994e+15 9.832522e+14 1.766158e+15 9.824008e+14 1.764324e+15 9.815492e+14 1.762490e+15 9.806981e+14 1.760657e+15 9.798471e+14 1.758824e+15 9.789961e+14 1.756991e+15 9.779369e+14 1.754637e+15 9.768777e+14 1.752284e+15 9.758193e+14 1.749932e+15 9.747610e+14 1.747580e+15 9.737033e+14 1.745229e+15 9.726461e+14 1.742880e+15 9.715890e+14 1.740531e+15 9.704509e+14 1.738093e+15 9.691600e+14 1.735485e+15 9.678700e+14 1.732879e+15 9.665800e+14 1.730273e+15 9.652908e+14 1.727668e+15 9.640020e+14 1.725065e+15 9.627136e+14 1.722462e+15 9.614258e+14 1.719860e+15 9.599993e+14 1.716912e+15 9.585045e+14 1.713792e+15 9.570104e+14 1.710674e+15 9.555165e+14 1.707556e+15 9.540238e+14 1.704441e+15 9.525311e+14 1.701326e+15 9.510390e+14 1.698212e+15 9.495477e+14 1.695100e+15 9.478437e+14 1.691737e+15 9.461330e+14 1.688368e+15 9.444230e+14 1.685000e+15 9.427140e+14 1.681634e+15 9.410051e+14 1.678268e+15 9.392975e+14 1.674904e+15 9.375902e+14 1.671541e+15 9.358393e+14 1.668117e+15 9.339523e+14 1.664498e+15 9.320660e+14 1.660880e+15 9.301807e+14 1.657265e+15 9.282961e+14 1.653650e+15 9.264120e+14 1.650036e+15 9.245288e+14 1.646425e+15 9.226463e+14 1.642815e+15 9.206617e+14 1.639013e+15 9.185745e+14 1.635019e+15 9.164878e+14 1.631026e+15 9.144019e+14 1.627034e+15 9.123172e+14 1.623045e+15 9.102329e+14 1.619057e+15 9.081496e+14 1.615070e+15 9.060671e+14 1.611085e+15 9.038451e+14 1.606821e+15 9.015713e+14 1.602454e+15 8.992987e+14 1.598088e+15 8.970268e+14 1.593724e+15 8.947555e+14 1.589361e+15 8.924852e+14 1.585000e+15 8.902161e+14 1.580641e+15 8.879474e+14 1.576283e+15 8.855359e+14 1.571688e+15 8.831155e+14 1.567077e+15 8.806960e+14 1.562468e+15 8.782776e+14 1.557862e+15 8.758596e+14 1.553256e+15 8.734430e+14 1.548653e+15 8.710270e+14 1.544051e+15 8.685907e+14 1.539436e+15 8.659979e+14 1.534710e+15 8.634061e+14 1.529986e+15 8.608147e+14 1.525263e+15 8.582251e+14 1.520543e+15 8.556361e+14 1.515824e+15 8.530481e+14 1.511107e+15 8.504612e+14 1.506392e+15 8.478357e+14 1.501572e+15 8.451107e+14 1.496478e+15 8.423866e+14 1.491386e+15 8.396634e+14 1.486296e+15 8.369414e+14 1.481208e+15 8.342201e+14 1.476122e+15 8.315002e+14 1.471038e+15 8.287812e+14 1.465955e+15 8.260052e+14 1.460823e+15 8.231483e+14 1.455617e+15 8.202929e+14 1.450414e+15 8.174382e+14 1.445212e+15 8.145849e+14 1.440013e+15 8.117326e+14 1.434815e+15 8.088813e+14 1.429619e+15 8.060314e+14 1.424426e+15 8.031149e+14 1.419100e+15 8.001403e+14 1.413657e+15 7.971666e+14 1.408216e+15 7.941941e+14 1.402777e+15 7.912234e+14 1.397341e+15 7.882531e+14 1.391906e+15 7.852839e+14 1.386473e+15 7.823161e+14 1.381043e+15 7.792784e+14 1.375535e+15 7.761991e+14 1.369982e+15 7.731211e+14 1.364431e+15 7.700440e+14 1.358883e+15 7.669685e+14 1.353336e+15 7.638936e+14 1.347792e+15 7.608201e+14 1.342249e+15 7.577479e+14 1.336709e+15 7.546158e+14 1.330997e+15 7.514575e+14 1.325209e+15 7.483006e+14 1.319423e+15 7.451449e+14 1.313640e+15 7.419902e+14 1.307858e+15 7.388369e+14 1.302079e+15 7.356848e+14 1.296303e+15 7.325337e+14 1.290528e+15 7.293193e+14 1.284755e+15 7.260825e+14 1.278984e+15 7.228472e+14 1.273216e+15 7.196130e+14 1.267450e+15 7.163804e+14 1.261686e+15 7.131484e+14 1.255924e+15 7.099180e+14 1.250164e+15 7.066888e+14 1.244406e+15 7.034135e+14 1.238556e+15 7.001237e+14 1.232678e+15 6.968359e+14 1.226802e+15 6.935488e+14 1.220928e+15 6.902630e+14 1.215055e+15 6.869785e+14 1.209186e+15 6.836954e+14 1.203319e+15 6.804132e+14 1.197453e+15 6.770947e+14 1.191496e+15 6.737651e+14 1.185510e+15 6.704370e+14 1.179527e+15 6.671101e+14 1.173546e+15 6.637842e+14 1.167567e+15 6.604593e+14 1.161590e+15 6.571361e+14 1.155616e+15 6.538140e+14 1.149643e+15 6.504661e+14 1.143673e+15 6.471090e+14 1.137705e+15 6.437534e+14 1.131739e+15 6.403990e+14 1.125776e+15 6.370457e+14 1.119814e+15 6.336936e+14 1.113855e+15 6.303427e+14 1.107898e+15 6.269936e+14 1.101944e+15 6.236201e+14 1.095991e+15 6.202359e+14 1.090041e+15 6.168529e+14 1.084093e+15 6.134710e+14 1.078147e+15 6.100908e+14 1.072203e+15 6.067116e+14 1.066262e+15 6.033336e+14 1.060323e+15 5.999569e+14 1.054386e+15 5.965888e+14 1.048451e+15 5.932269e+14 1.042518e+15 5.898664e+14 1.036588e+15 5.865070e+14 1.030659e+15 5.831489e+14 1.024733e+15 5.797919e+14 1.018809e+15 5.764362e+14 1.012887e+15 5.730819e+14 1.006968e+15 5.697286e+14 1.001014e+15 5.663766e+14 9.950243e+14 5.630257e+14 9.890370e+14 5.596763e+14 9.830524e+14 5.563283e+14 9.770702e+14 5.529812e+14 9.710899e+14 5.496353e+14 9.651116e+14 5.462907e+14 9.591357e+14 5.429519e+14 9.531987e+14 5.396222e+14 9.473254e+14 5.362936e+14 9.414544e+14 5.329662e+14 9.355855e+14 5.296400e+14 9.297186e+14 5.263151e+14 9.238540e+14 5.229913e+14 9.179913e+14 5.196689e+14 9.121312e+14 5.163532e+14 9.062870e+14 5.130578e+14 9.004923e+14 5.097633e+14 8.946994e+14 5.064702e+14 8.889088e+14 5.031782e+14 8.831205e+14 4.998876e+14 8.773344e+14 4.965979e+14 8.715500e+14 4.933097e+14 8.657680e+14 4.900252e+14 8.599920e+14 4.867881e+14 8.542875e+14 4.835523e+14 8.485849e+14 4.803177e+14 8.428847e+14 4.770841e+14 8.371864e+14 4.738518e+14 8.314902e+14 4.706208e+14 8.257962e+14 4.673907e+14 8.201040e+14 4.641620e+14 8.144142e+14 4.609763e+14 8.088099e+14 4.577986e+14 8.032217e+14 4.546219e+14 7.976351e+14 4.514466e+14 7.920508e+14 4.482722e+14 7.864685e+14 4.450993e+14 7.808883e+14 4.419272e+14 7.753100e+14 4.387566e+14 7.697340e+14 4.356332e+14 7.642370e+14 4.325376e+14 7.587861e+14 4.294432e+14 7.533376e+14 4.263498e+14 7.478908e+14 4.232576e+14 7.424460e+14 4.201665e+14 7.370034e+14 4.170765e+14 7.315625e+14 4.139878e+14 7.261239e+14 4.109235e+14 7.207340e+14 4.078973e+14 7.154201e+14 4.048725e+14 7.101084e+14 4.018485e+14 7.047984e+14 3.988259e+14 6.994906e+14 3.958042e+14 6.941845e+14 3.927835e+14 6.888801e+14 3.897641e+14 6.835781e+14 3.867542e+14 6.782933e+14 3.838091e+14 6.731275e+14 3.808655e+14 6.679641e+14 3.779227e+14 6.628021e+14 3.749809e+14 6.576420e+14 3.720405e+14 6.524840e+14 3.691008e+14 6.473277e+14 3.661623e+14 6.421733e+14 3.632250e+14 6.370209e+14 3.603677e+14 6.320086e+14 3.575285e+14 6.270279e+14 3.546906e+14 6.220496e+14 3.518536e+14 6.170728e+14 3.490177e+14 6.120981e+14 3.461827e+14 6.071247e+14 3.433489e+14 6.021535e+14 3.405160e+14 5.971840e+14 3.377260e+14 5.922881e+14 3.349792e+14 5.874662e+14 3.322333e+14 5.826458e+14 3.294884e+14 5.778272e+14 3.267445e+14 5.730104e+14 3.240015e+14 5.681952e+14 3.212597e+14 5.633821e+14 3.185187e+14 5.585704e+14 3.157935e+14 5.537882e+14 3.131502e+14 5.491595e+14 3.105079e+14 5.445324e+14 3.078666e+14 5.399071e+14 3.052261e+14 5.352833e+14 3.025866e+14 5.306612e+14 2.999483e+14 5.260411e+14 2.973106e+14 5.214223e+14 2.946740e+14 5.168051e+14 2.921223e+14 5.123298e+14 2.895949e+14 5.078949e+14 2.870684e+14 5.034616e+14 2.845428e+14 4.990299e+14 2.820181e+14 4.945997e+14 2.794944e+14 4.901713e+14 2.769715e+14 4.857443e+14 2.744494e+14 4.813188e+14 2.719650e+14 4.769638e+14 2.695400e+14 4.727200e+14 2.671159e+14 4.684778e+14 2.646925e+14 4.642369e+14 2.622701e+14 4.599977e+14 2.598485e+14 4.557600e+14 2.574278e+14 4.515237e+14 2.550079e+14 4.472889e+14 2.525891e+14 4.430559e+14 2.502736e+14 4.390067e+14 2.479630e+14 4.349661e+14 2.456532e+14 4.309270e+14 2.433444e+14 4.268893e+14 2.410363e+14 4.228532e+14 2.387290e+14 4.188184e+14 2.364225e+14 4.147850e+14 2.341168e+14 4.107531e+14 2.318730e+14 4.068201e+14 2.296871e+14 4.029801e+14 2.275021e+14 3.991415e+14 2.253178e+14 3.953043e+14 2.231343e+14 3.914685e+14 2.209516e+14 3.876340e+14 2.187697e+14 3.838009e+14 2.165886e+14 3.799691e+14 2.144126e+14 3.761466e+14 2.123391e+14 3.725061e+14 2.102662e+14 3.688669e+14 2.081942e+14 3.652290e+14 2.061229e+14 3.615924e+14 2.040523e+14 3.579571e+14 2.019824e+14 3.543231e+14 1.999132e+14 3.506903e+14 1.978449e+14 3.470589e+14 1.958410e+14 3.435372e+14 1.938916e+14 3.401080e+14 1.919427e+14 3.366799e+14 1.899947e+14 3.332533e+14 1.880472e+14 3.298277e+14 1.861006e+14 3.264034e+14 1.841545e+14 3.229803e+14</elevationPattern>
        <incidenceAngle count="562">4.177586e+01 4.178450e+01 4.179314e+01 4.180177e+01 4.181041e+01 4.181905e+01 4.182767e+01 4.183629e+01 4.184491e+01 4.185353e+01 4.186215e+01 4.187076e+01 4.187936e+01 4.188797e+01 4.189658e+01 4.190517e+01 4.191377e+01 4.192236e+01 4.193095e+01 4.193953e+01 4.194812e+01 4.195670e+01 4.196527e+01 4.197385e+01 4.198242e+01 4.199098e+01 4.199954e+01 4.200810e+01 4.201666e+01 4.202521e+01 4.203377e+01 4.204231e+01 4.205086e+01 4.205940e+01 4.206793e+01 4.207646e+01 4.208499e+01 4.209352e+01 4.210205e+01 4.211058e+01 4.211909e+01 4.212761e+01 4.213612e+01 4.214462e+01 4.215314e+01 4.216164e+01 4.217014e+01 4.217863e+01 4.218712e+01 4.219562e+01 4.220410e+01 4.221259e+01 4.222107e+01 4.222954e+01 4.223802e+01 4.224649e+01 4.225496e+01 4.226343e+01 4.227188e+01 4.228035e+01 4.228880e+01 4.229726e+01 4.230569e+01 4.231415e+01 4.232259e+01 4.233102e+01 4.233946e+01 4.234790e+01 4.235634e+01 4.236476e+01 4.237318e+01 4.238161e+01 4.239003e+01 4.239844e+01 4.240685e+01 4.241525e+01 4.242366e+01 4.243207e+01 4.244046e+01 4.244887e+01 4.245726e+01 4.246565e+01 4.247403e+01 4.248242e+01 4.249080e+01 4.249918e+01 4.250755e+01 4.251593e+01 4.252429e+01 4.253267e+01 4.254103e+01 4.254938e+01 4.255774e+01 4.256610e+01 4.257445e+01 4.258279e+01 4.259114e+01 4.259949e+01 4.260782e+01 4.261615e+01 4.262448e+01 4.263281e+01 4.264114e+01 4.264946e+01 4.265779e+01 4.266611e+01 4.267442e+01 4.268272e+01 4.269104e+01 4.269934e+01 4.270764e+01 4.271594e+01 4.272424e+01 4.273253e+01 4.274083e+01 4.274911e+01 4.275740e+01 4.276567e+01 4.277396e+01 4.278223e+01 4.279050e+01 4.279877e+01 4.280704e+01 4.281531e+01 4.282356e+01 4.283182e+01 4.284007e+01 4.284833e+01 4.285657e+01 4.286482e+01 4.287306e+01 4.288130e+01 4.288954e+01 4.289777e+01 4.290601e+01 4.291423e+01 4.292245e+01 4.293068e+01 4.293889e+01 4.294711e+01 4.295532e+01 4.296353e+01 4.297174e+01 4.297995e+01 4.298814e+01 4.299634e+01 4.300453e+01 4.301273e+01 4.302092e+01 4.302910e+01 4.303729e+01 4.304547e+01 4.305365e+01 4.306183e+01 4.306999e+01 4.307816e+01 4.308633e+01 4.309450e+01 4.310265e+01 4.311081e+01 4.311896e+01 4.312712e+01 4.313527e+01 4.314340e+01 4.315155e+01 4.315970e+01 4.316783e+01 4.317596e+01 4.318410e+01 4.319221e+01 4.320035e+01 4.320847e+01 4.321658e+01 4.322470e+01 4.323282e+01 4.324094e+01 4.324904e+01 4.325714e+01 4.326524e+01 4.327335e+01 4.328145e+01 4.328954e+01 4.329762e+01 4.330571e+01 4.331380e+01 4.332188e+01 4.332996e+01 4.333804e+01 4.334612e+01 4.335419e+01 4.336226e+01 4.337032e+01 4.337839e+01 4.338644e+01 4.339450e+01 4.340256e+01 4.341060e+01 4.341866e+01 4.342670e+01 4.343474e+01 4.344278e+01 4.345082e+01 4.345885e+01 4.346687e+01 4.347491e+01 4.348294e+01 4.349095e+01 4.349898e+01 4.350699e+01 4.351501e+01 4.352303e+01 4.353102e+01 4.353903e+01 4.354704e+01 4.355504e+01 4.356303e+01 4.357103e+01 4.357903e+01 4.358701e+01 4.359500e+01 4.360298e+01 4.361096e+01 4.361894e+01 4.362692e+01 4.363489e+01 4.364285e+01 4.365082e+01 4.365878e+01 4.366675e+01 4.367471e+01 4.368266e+01 4.369061e+01 4.369856e+01 4.370651e+01 4.371446e+01 4.372240e+01 4.373035e+01 4.373828e+01 4.374622e+01 4.375414e+01 4.376207e+01 4.376999e+01 4.377792e+01 4.378584e+01 4.379376e+01 4.380167e+01 4.380959e+01 4.381749e+01 4.382539e+01 4.383330e+01 4.384120e+01 4.384911e+01 4.385699e+01 4.386488e+01 4.387277e+01 4.388066e+01 4.388855e+01 4.389644e+01 4.390431e+01 4.391219e+01 4.392006e+01 4.392793e+01 4.393581e+01 4.394366e+01 4.395152e+01 4.395938e+01 4.396724e+01 4.397510e+01 4.398296e+01 4.399080e+01 4.399864e+01 4.400648e+01 4.401433e+01 4.402217e+01 4.403001e+01 4.403784e+01 4.404567e+01 4.405350e+01 4.406133e+01 4.406915e+01 4.407697e+01 4.408478e+01 4.409261e+01 4.410040e+01 4.410822e+01 4.411603e+01 4.412383e+01 4.413164e+01 4.413943e+01 4.414722e+01 4.415501e+01 4.416281e+01 4.417059e+01 4.417838e+01 4.418616e+01 4.419394e+01 4.420172e+01 4.420949e+01 4.421727e+01 4.422504e+01 4.423280e+01 4.424057e+01 4.424832e+01 4.425609e+01 4.426384e+01 4.427159e+01 4.427934e+01 4.428709e+01 4.429485e+01 4.430258e+01 4.431032e+01 4.431805e+01 4.432579e+01 4.433353e+01 4.434126e+01 4.434898e+01 4.435670e+01 4.436443e+01 4.437215e+01 4.437987e+01 4.438759e+01 4.439529e+01 4.440300e+01 4.441071e+01 4.441841e+01 4.442612e+01 4.443381e+01 4.444151e+01 4.444920e+01 4.445689e+01 4.446458e+01 4.447226e+01 4.447995e+01 4.448763e+01 4.449530e+01 4.450298e+01 4.451065e+01 4.451833e+01 4.452599e+01 4.453366e+01 4.454132e+01 4.454898e+01 4.455664e+01 4.456429e+01 4.457195e+01 4.457959e+01 4.458723e+01 4.459488e+01 4.460252e+01 4.461017e+01 4.461780e+01 4.462544e+01 4.463307e+01 4.464070e+01 4.464833e+01 4.465594e+01 4.466357e+01 4.467119e+01 4.467880e+01 4.468642e+01 4.469403e+01 4.470164e+01 4.470924e+01 4.471684e+01 4.472446e+01 4.473206e+01 4.473964e+01 4.474724e+01 4.475484e+01 4.476242e+01 4.477000e+01 4.477759e+01 4.478517e+01 4.479274e+01 4.480032e+01 4.480789e+01 4.481546e+01 4.482303e+01 4.483060e+01 4.483817e+01 4.484572e+01 4.485329e+01 4.486084e+01 4.486839e+01 4.487595e+01 4.488350e+01 4.489104e+01 4.489857e+01 4.490613e+01 4.491367e+01 4.492120e+01 4.492873e+01 4.493626e+01 4.494379e+01 4.495131e+01 4.495883e+01 4.496635e+01 4.497388e+01 4.498140e+01 4.498891e+01 4.499641e+01 4.500392e+01 4.501143e+01 4.501894e+01 4.502644e+01 4.503394e+01 4.504143e+01 4.504893e+01 4.505641e+01 4.506390e+01 4.507140e+01 4.507887e+01 4.508636e+01 4.509384e+01 4.510132e+01 4.510880e+01 4.511626e+01 4.512373e+01 4.513120e+01 4.513866e+01 4.514612e+01 4.515358e+01 4.516104e+01 4.516849e+01 4.517595e+01 4.518340e+01 4.519084e+01 4.519829e+01 4.520573e+01 4.521317e+01 4.522061e+01 4.522804e+01 4.523547e+01 4.524290e+01 4.525034e+01 4.525777e+01 4.526518e+01 4.527260e+01 4.528003e+01 4.528745e+01 4.529485e+01 4.530226e+01 4.530968e+01 4.531708e+01 4.532448e+01 4.533188e+01 4.533928e+01 4.534668e+01 4.535406e+01 4.536147e+01 4.536885e+01 4.537624e+01 4.538362e+01 4.539101e+01 4.539839e+01 4.540576e+01 4.541313e+01 4.542052e+01 4.542789e+01 4.543526e+01 4.544261e+01 4.544998e+01 4.545734e+01 4.546469e+01 4.547206e+01 4.547940e+01 4.548676e+01 4.549411e+01 4.550145e+01 4.550880e+01 4.551614e+01 4.552348e+01 4.553082e+01 4.553815e+01 4.554549e+01 4.555281e+01 4.556013e+01 4.556746e+01 4.557478e+01 4.558211e+01 4.558943e+01 4.559674e+01 4.560405e+01 4.561137e+01 4.561868e+01 4.562598e+01 4.563329e+01 4.564059e+01 4.564789e+01 4.565518e+01 4.566248e+01 4.566977e+01 4.567706e+01 4.568436e+01 4.569164e+01 4.569891e+01 4.570619e+01 4.571347e+01 4.572075e+01 4.572803e+01 4.573531e+01 4.574257e+01 4.574983e+01 4.575710e+01 4.576436e+01 4.577162e+01 4.577888e+01 4.578613e+01 4.579338e+01 4.580064e+01 4.580789e+01 4.581512e+01 4.582237e+01 4.582962e+01 4.583685e+01 4.584409e+01 4.585133e+01 4.585857e+01 4.586578e+01 4.587302e+01 4.588025e+01 4.588747e+01 4.589468e+01 4.590190e+01 4.590912e+01 4.591634e+01 4.592354e+01 4.593076e+01 4.593796e+01 4.594516e+01 4.595236e+01 4.595956e+01 4.596677e+01 4.597397e+01 4.598116e+01 4.598834e+01 4.599553e+01 4.600272e+01 4.600990e+01 4.601709e+01 4.602426e+01 4.603145e+01 4.603862e+01 4.604579e+01 4.605296e+01 4.606013e+01 4.606729e+01 4.607446e+01 4.608162e+01 4.608878e+01 4.609595e+01 4.610309e+01 4.611024e+01 4.611740e+01 4.612454e+01 4.613170e+01 4.613884e+01 4.614598e+01 4.615312e+01 4.616025e+01 4.616739e+01 4.617451e+01</incidenceAngle>
        <terrainHeight>2.341843824450000e+03</terrainHeight>
        <roll>3.009196117956735e+01</roll>
      </antennaPattern>
      <antennaPattern>
        <swath>IW3</swath>
        <azimuthTime>2015-05-16T13:34:26.473845</azimuthTime>
        <slantRangeTime count="562">6.017503134959210e-03 6.018185170111523e-03 6.018867205263837e-03 6.019549240416150e-03 6.020231275568463e-03 6.020913310720777e-03 6.021595345873090e-03 6.022277381025403e-03 6.022959416177718e-03 6.023641451330030e-03 6.024323486482344e-03 6.025005521634657e-03 6.025687556786971e-03 6.026369591939284e-03 6.027051627091597e-03 6.027733662243911e-03 6.028415697396225e-03 6.029097732548537e-03 6.029779767700852e-03 6.030461802853164e-03 6.031143838005478e-03 6.031825873157792e-03 6.032507908310105e-03 6.033189943462418e-03 6.033871978614731e-03 6.034554013767045e-03 6.035236048919359e-03 6.035918084071672e-03 6.036600119223985e-03 6.037282154376299e-03 6.037964189528612e-03 6.038646224680926e-03 6.039328259833239e-03 6.040010294985553e-03 6.040692330137866e-03 6.041374365290180e-03 6.042056400442493e-03 6.042738435594807e-03 6.043420470747120e-03 6.044102505899433e-03 6.044784541051747e-03 6.045466576204060e-03 6.046148611356373e-03 6.046830646508687e-03 6.047512681661001e-03 6.048194716813313e-03 6.048876751965627e-03 6.049558787117940e-03 6.050240822270254e-03 6.050922857422567e-03 6.051604892574880e-03 6.052286927727194e-03 6.052968962879508e-03 6.053650998031820e-03 6.054333033184134e-03 6.055015068336447e-03 6.055697103488761e-03 6.056379138641074e-03 6.057061173793387e-03 6.057743208945701e-03 6.058425244098014e-03 6.059107279250327e-03 6.059789314402641e-03 6.060471349554954e-03 6.061153384707267e-03 6.061835419859581e-03 6.062517455011894e-03 6.063199490164208e-03 6.063881525316521e-03 6.064563560468834e-03 6.065245595621147e-03 6.065927630773461e-03 6.066609665925774e-03 6.067291701078088e-03 6.067973736230400e-03 6.068655771382715e-03 6.069337806535028e-03 6.070019841687341e-03 6.070701876839654e-03 6.071383911991968e-03 6.072065947144281e-03 6.072747982296595e-03 6.073430017448908e-03 6.074112052601222e-03 6.074794087753535e-03 6.075476122905848e-03 6.076158158058163e-03 6.076840193210475e-03 6.077522228362790e-03 6.078204263515102e-03 6.078886298667417e-03 6.079568333819730e-03 6.080250368972044e-03 6.080932404124357e-03 6.081614439276671e-03 6.082296474428984e-03 6.082978509581298e-03 6.083660544733611e-03 6.084342579885925e-03 6.085024615038238e-03 6.085706650190552e-03 6.086388685342866e-03 6.087070720495179e-03 6.087752755647493e-03 6.088434790799806e-03 6.089116825952120e-03 6.089798861104434e-03 6.090480896256746e-03 6.091162931409061e-03 6.091844966561373e-03 6.092527001713688e-03 6.093209036866001e-03 6.093891072018315e-03 6.094573107170628e-03 6.095255142322942e-03 6.095937177475255e-03 6.096619212627569e-03 6.097301247779882e-03 6.097983282932196e-03 6.098665318084509e-03 6.099347353236823e-03 6.100029388389137e-03 6.100711423541450e-03 6.101393458693764e-03 6.102075493846077e-03 6.102757528998391e-03 6.103439564150704e-03 6.104121599303017e-03 6.104803634455332e-03 6.105485669607644e-03 6.106167704759959e-03 6.106849739912271e-03 6.107531775064586e-03 6.108213810216899e-03 6.108895845369213e-03 6.109577880521526e-03 6.110259915673840e-03 6.110941950826153e-03 6.111623985978467e-03 6.112306021130780e-03 6.112988056283094e-03 6.113670091435407e-03 6.114352126587721e-03 6.115034161740035e-03 6.115716196892348e-03 6.116398232044662e-03 6.117080267196975e-03 6.117762302349289e-03 6.118444337501603e-03 6.119126372653915e-03 6.119808407806230e-03 6.120490442958542e-03 6.121172478110857e-03 6.121854513263170e-03 6.122536548415484e-03 6.123218583567797e-03 6.123900618720111e-03 6.124582653872424e-03 6.125264689024738e-03 6.125946724177051e-03 6.126628759329365e-03 6.127310794481678e-03 6.127992829633991e-03 6.128674864786305e-03 6.129356899938617e-03 6.130038935090931e-03 6.130720970243244e-03 6.131403005395557e-03 6.132085040547870e-03 6.132767075700184e-03 6.133449110852496e-03 6.134131146004810e-03 6.134813181157123e-03 6.135495216309436e-03 6.136177251461749e-03 6.136859286614062e-03 6.137541321766376e-03 6.138223356918689e-03 6.138905392071002e-03 6.139587427223315e-03 6.140269462375629e-03 6.140951497527941e-03 6.141633532680255e-03 6.142315567832568e-03 6.142997602984881e-03 6.143679638137194e-03 6.144361673289508e-03 6.145043708441820e-03 6.145725743594134e-03 6.146407778746447e-03 6.147089813898760e-03 6.147771849051073e-03 6.148453884203386e-03 6.149135919355699e-03 6.149817954508013e-03 6.150499989660325e-03 6.151182024812639e-03 6.151864059964952e-03 6.152546095117265e-03 6.153228130269578e-03 6.153910165421892e-03 6.154592200574204e-03 6.155274235726518e-03 6.155956270878831e-03 6.156638306031144e-03 6.157320341183457e-03 6.158002376335771e-03 6.158684411488083e-03 6.159366446640397e-03 6.160048481792709e-03 6.160730516945023e-03 6.161412552097336e-03 6.162094587249649e-03 6.162776622401962e-03 6.163458657554276e-03 6.164140692706589e-03 6.164822727858902e-03 6.165504763011215e-03 6.166186798163528e-03 6.166868833315842e-03 6.167550868468155e-03 6.168232903620468e-03 6.168914938772781e-03 6.169596973925094e-03 6.170279009077407e-03 6.170961044229721e-03 6.171643079382033e-03 6.172325114534347e-03 6.173007149686660e-03 6.173689184838973e-03 6.174371219991286e-03 6.175053255143600e-03 6.175735290295912e-03 6.176417325448226e-03 6.177099360600539e-03 6.177781395752852e-03 6.178463430905165e-03 6.179145466057479e-03 6.179827501209791e-03 6.180509536362105e-03 6.181191571514418e-03 6.181873606666731e-03 6.182555641819044e-03 6.183237676971358e-03 6.183919712123670e-03 6.184601747275984e-03 6.185283782428296e-03 6.185965817580610e-03 6.186647852732923e-03 6.187329887885236e-03 6.188011923037549e-03 6.188693958189863e-03 6.189375993342175e-03 6.190058028494489e-03 6.190740063646802e-03 6.191422098799115e-03 6.192104133951428e-03 6.192786169103742e-03 6.193468204256054e-03 6.194150239408368e-03 6.194832274560681e-03 6.195514309712994e-03 6.196196344865307e-03 6.196878380017620e-03 6.197560415169934e-03 6.198242450322247e-03 6.198924485474560e-03 6.199606520626873e-03 6.200288555779187e-03 6.200970590931499e-03 6.201652626083813e-03 6.202334661236126e-03 6.203016696388439e-03 6.203698731540752e-03 6.204380766693066e-03 6.205062801845378e-03 6.205744836997692e-03 6.206426872150005e-03 6.207108907302318e-03 6.207790942454631e-03 6.208472977606945e-03 6.209155012759257e-03 6.209837047911571e-03 6.210519083063883e-03 6.211201118216197e-03 6.211883153368510e-03 6.212565188520823e-03 6.213247223673136e-03 6.213929258825450e-03 6.214611293977762e-03 6.215293329130076e-03 6.215975364282389e-03 6.216657399434702e-03 6.217339434587015e-03 6.218021469739329e-03 6.218703504891641e-03 6.219385540043955e-03 6.220067575196268e-03 6.220749610348581e-03 6.221431645500894e-03 6.222113680653207e-03 6.222795715805520e-03 6.223477750957834e-03 6.224159786110147e-03 6.224841821262460e-03 6.225523856414773e-03 6.226205891567086e-03 6.226887926719400e-03 6.227569961871713e-03 6.228251997024026e-03 6.228934032176339e-03 6.229616067328653e-03 6.230298102480965e-03 6.230980137633279e-03 6.231662172785592e-03 6.232344207937905e-03 6.233026243090218e-03 6.233708278242531e-03 6.234390313394844e-03 6.235072348547158e-03 6.235754383699470e-03 6.236436418851784e-03 6.237118454004097e-03 6.237800489156410e-03 6.238482524308723e-03 6.239164559461037e-03 6.239846594613349e-03 6.240528629765663e-03 6.241210664917976e-03 6.241892700070289e-03 6.242574735222602e-03 6.243256770374916e-03 6.243938805527228e-03 6.244620840679542e-03 6.245302875831855e-03 6.245984910984168e-03 6.246666946136481e-03 6.247348981288794e-03 6.248031016441107e-03 6.248713051593421e-03 6.249395086745733e-03 6.250077121898047e-03 6.250759157050360e-03 6.251441192202673e-03 6.252123227354986e-03 6.252805262507300e-03 6.253487297659613e-03 6.254169332811926e-03 6.254851367964239e-03 6.255533403116552e-03 6.256215438268866e-03 6.256897473421179e-03 6.257579508573492e-03 6.258261543725805e-03 6.258943578878118e-03 6.259625614030431e-03 6.260307649182745e-03 6.260989684335057e-03 6.261671719487371e-03 6.262353754639684e-03 6.263035789791997e-03 6.263717824944310e-03 6.264399860096624e-03 6.265081895248936e-03 6.265763930401250e-03 6.266445965553563e-03 6.267128000705876e-03 6.267810035858189e-03 6.268492071010503e-03 6.269174106162815e-03 6.269856141315129e-03 6.270538176467441e-03 6.271220211619755e-03 6.271902246772068e-03 6.272584281924381e-03 6.273266317076694e-03 6.273948352229008e-03 6.274630387381320e-03 6.275312422533634e-03 6.275994457685947e-03 6.276676492838260e-03 6.277358527990573e-03 6.278040563142887e-03 6.278722598295199e-03 6.279404633447513e-03 6.280086668599826e-03 6.280768703752139e-03 6.281450738904452e-03 6.282132774056766e-03 6.282814809209078e-03 6.283496844361392e-03 6.284178879513705e-03 6.284860914666018e-03 6.285542949818331e-03 6.286224984970644e-03 6.286907020122958e-03 6.287589055275271e-03 6.288271090427584e-03 6.288953125579897e-03 6.289635160732211e-03 6.290317195884523e-03 6.290999231036837e-03 6.291681266189150e-03 6.292363301341463e-03 6.293045336493776e-03 6.293727371646090e-03 6.294409406798402e-03 6.295091441950716e-03 6.295773477103028e-03 6.296455512255342e-03 6.297137547407655e-03 6.297819582559968e-03 6.298501617712281e-03 6.299183652864595e-03 6.299865688016907e-03 6.300547723169221e-03 6.301229758321534e-03 6.301911793473847e-03 6.302593828626160e-03 6.303275863778474e-03 6.303957898930786e-03 6.304639934083100e-03 6.305321969235413e-03 6.306004004387726e-03 6.306686039540039e-03 6.307368074692353e-03 6.308050109844665e-03 6.308732144996979e-03 6.309414180149291e-03 6.310096215301605e-03 6.310778250453918e-03 6.311460285606231e-03 6.312142320758544e-03 6.312824355910858e-03 6.313506391063171e-03 6.314188426215484e-03 6.314870461367797e-03 6.315552496520110e-03 6.316234531672424e-03 6.316916566824737e-03 6.317598601977050e-03 6.318280637129363e-03 6.318962672281677e-03 6.319644707433989e-03 6.320326742586303e-03 6.321008777738615e-03 6.321690812890929e-03 6.322372848043242e-03 6.323054883195555e-03 6.323736918347868e-03 6.324418953500182e-03 6.325100988652494e-03 6.325783023804808e-03 6.326465058957121e-03 6.327147094109434e-03 6.327829129261747e-03 6.328511164414061e-03 6.329193199566373e-03 6.329875234718687e-03 6.330557269871000e-03 6.331239305023313e-03 6.331921340175626e-03 6.332603375327939e-03 6.333285410480252e-03 6.333967445632566e-03 6.334649480784878e-03 6.335331515937192e-03 6.336013551089505e-03 6.336695586241818e-03 6.337377621394131e-03 6.338059656546445e-03 6.338741691698757e-03 6.339423726851071e-03 6.340105762003384e-03 6.340787797155697e-03 6.341469832308010e-03 6.342151867460324e-03 6.342833902612637e-03 6.343515937764950e-03 6.344197972917263e-03 6.344880008069576e-03 6.345562043221890e-03 6.346244078374202e-03 6.346926113526516e-03 6.347608148678829e-03 6.348290183831142e-03 6.348972218983455e-03 6.349654254135769e-03 6.350336289288081e-03 6.351018324440395e-03 6.351700359592708e-03 6.352382394745021e-03 6.353064429897334e-03 6.353746465049648e-03 6.354428500201960e-03 6.355110535354274e-03 6.355792570506587e-03 6.356474605658900e-03 6.357156640811213e-03 6.357838675963526e-03 6.358520711115839e-03 6.359202746268153e-03 6.359884781420465e-03 6.360566816572779e-03 6.361248851725092e-03 6.361930886877405e-03 6.362612922029718e-03 6.363294957182032e-03 6.363976992334344e-03 6.364659027486658e-03 6.365341062638971e-03 6.366023097791284e-03 6.366705132943597e-03 6.367387168095911e-03 6.368069203248223e-03 6.368751238400537e-03 6.369433273552850e-03 6.370115308705163e-03 6.370797343857476e-03 6.371479379009789e-03 6.372161414162103e-03 6.372843449314416e-03 6.373525484466729e-03 6.374207519619042e-03 6.374889554771355e-03 6.375571589923668e-03 6.376253625075982e-03 6.376935660228295e-03 6.377617695380608e-03 6.378299730532921e-03 6.378981765685235e-03 6.379663800837547e-03 6.380345835989861e-03 6.381027871142174e-03 6.381709906294487e-03 6.382391941446800e-03 6.383073976599113e-03 6.383756011751426e-03 6.384438046903740e-03 6.385120082056052e-03 6.385802117208366e-03 6.386484152360679e-03 6.387166187512992e-03 6.387848222665305e-03 6.388530257817619e-03 6.389212292969931e-03 6.389894328122245e-03 6.390576363274558e-03 6.391258398426871e-03 6.391940433579184e-03 6.392622468731498e-03 6.393304503883810e-03 6.393986539036124e-03 6.394668574188436e-03 6.395350609340750e-03 6.396032644493063e-03 6.396714679645376e-03 6.397396714797689e-03 6.398078749950003e-03 6.398760785102315e-03 6.399442820254629e-03 6.400124855406942e-03</slantRangeTime>
        <elevationAngle count="562">3.687903e+01 3.688630e+01 3.689356e+01 3.690082e+01 3.690808e+01 3.691533e+01 3.692258e+01 3.692983e+01 3.693707e+01 3.694432e+01 3.695155e+01 3.695879e+01 3.696602e+01 3.697325e+01 3.698048e+01 3.698770e+01 3.699492e+01 3.700214e+01 3.700936e+01 3.701657e+01 3.702378e+01 3.703098e+01 3.703819e+01 3.704538e+01 3.705258e+01 3.705978e+01 3.706697e+01 3.707415e+01 3.708134e+01 3.708852e+01 3.709570e+01 3.710287e+01 3.711005e+01 3.711722e+01 3.712439e+01 3.713155e+01 3.713871e+01 3.714587e+01 3.715303e+01 3.716018e+01 3.716733e+01 3.717447e+01 3.718162e+01 3.718876e+01 3.719590e+01 3.720303e+01 3.721016e+01 3.721729e+01 3.722441e+01 3.723154e+01 3.723866e+01 3.724578e+01 3.725289e+01 3.726000e+01 3.726711e+01 3.727422e+01 3.728132e+01 3.728842e+01 3.729552e+01 3.730261e+01 3.730970e+01 3.731679e+01 3.732388e+01 3.733096e+01 3.733804e+01 3.734511e+01 3.735218e+01 3.735926e+01 3.736633e+01 3.737339e+01 3.738045e+01 3.738751e+01 3.739457e+01 3.740162e+01 3.740867e+01 3.741572e+01 3.742276e+01 3.742981e+01 3.743684e+01 3.744388e+01 3.745091e+01 3.745794e+01 3.746497e+01 3.747200e+01 3.747902e+01 3.748604e+01 3.749305e+01 3.750007e+01 3.750708e+01 3.751409e+01 3.752109e+01 3.752810e+01 3.753509e+01 3.754209e+01 3.754908e+01 3.755607e+01 3.756306e+01 3.757005e+01 3.757703e+01 3.758401e+01 3.759098e+01 3.759796e+01 3.760493e+01 3.761190e+01 3.761886e+01 3.762583e+01 3.763279e+01 3.763974e+01 3.764670e+01 3.765365e+01 3.766059e+01 3.766754e+01 3.767448e+01 3.768143e+01 3.768836e+01 3.769530e+01 3.770223e+01 3.770916e+01 3.771608e+01 3.772301e+01 3.772993e+01 3.773685e+01 3.774376e+01 3.775068e+01 3.775758e+01 3.776449e+01 3.777140e+01 3.777830e+01 3.778519e+01 3.779209e+01 3.779898e+01 3.780587e+01 3.781276e+01 3.781964e+01 3.782653e+01 3.783341e+01 3.784028e+01 3.784716e+01 3.785403e+01 3.786090e+01 3.786776e+01 3.787463e+01 3.788148e+01 3.788834e+01 3.789520e+01 3.790205e+01 3.790890e+01 3.791574e+01 3.792259e+01 3.792943e+01 3.793627e+01 3.794310e+01 3.794994e+01 3.795676e+01 3.796359e+01 3.797042e+01 3.797724e+01 3.798406e+01 3.799088e+01 3.799769e+01 3.800450e+01 3.801131e+01 3.801812e+01 3.802492e+01 3.803172e+01 3.803852e+01 3.804531e+01 3.805210e+01 3.805889e+01 3.806568e+01 3.807246e+01 3.807925e+01 3.808603e+01 3.809280e+01 3.809958e+01 3.810635e+01 3.811311e+01 3.811988e+01 3.812664e+01 3.813340e+01 3.814016e+01 3.814691e+01 3.815367e+01 3.816042e+01 3.816716e+01 3.817390e+01 3.818065e+01 3.818739e+01 3.819412e+01 3.820086e+01 3.820759e+01 3.821432e+01 3.822104e+01 3.822776e+01 3.823449e+01 3.824120e+01 3.824792e+01 3.825463e+01 3.826134e+01 3.826805e+01 3.827475e+01 3.828145e+01 3.828815e+01 3.829485e+01 3.830154e+01 3.830824e+01 3.831492e+01 3.832161e+01 3.832829e+01 3.833498e+01 3.834165e+01 3.834833e+01 3.835500e+01 3.836167e+01 3.836834e+01 3.837501e+01 3.838167e+01 3.838833e+01 3.839499e+01 3.840164e+01 3.840829e+01 3.841494e+01 3.842159e+01 3.842824e+01 3.843488e+01 3.844152e+01 3.844815e+01 3.845479e+01 3.846142e+01 3.846805e+01 3.847468e+01 3.848130e+01 3.848792e+01 3.849454e+01 3.850116e+01 3.850777e+01 3.851438e+01 3.852099e+01 3.852760e+01 3.853420e+01 3.854080e+01 3.854740e+01 3.855399e+01 3.856059e+01 3.856718e+01 3.857377e+01 3.858035e+01 3.858694e+01 3.859352e+01 3.860009e+01 3.860667e+01 3.861324e+01 3.861981e+01 3.862638e+01 3.863295e+01 3.863951e+01 3.864607e+01 3.865263e+01 3.865918e+01 3.866573e+01 3.867228e+01 3.867883e+01 3.868538e+01 3.869192e+01 3.869846e+01 3.870500e+01 3.871153e+01 3.871807e+01 3.872459e+01 3.873112e+01 3.873765e+01 3.874417e+01 3.875069e+01 3.875721e+01 3.876372e+01 3.877024e+01 3.877674e+01 3.878325e+01 3.878976e+01 3.879626e+01 3.880276e+01 3.880926e+01 3.881575e+01 3.882225e+01 3.882874e+01 3.883522e+01 3.884171e+01 3.884819e+01 3.885467e+01 3.886115e+01 3.886762e+01 3.887410e+01 3.888057e+01 3.888704e+01 3.889350e+01 3.889996e+01 3.890643e+01 3.891288e+01 3.891934e+01 3.892579e+01 3.893224e+01 3.893869e+01 3.894513e+01 3.895158e+01 3.895802e+01 3.896446e+01 3.897089e+01 3.897733e+01 3.898376e+01 3.899018e+01 3.899661e+01 3.900304e+01 3.900946e+01 3.901588e+01 3.902229e+01 3.902871e+01 3.903512e+01 3.904153e+01 3.904793e+01 3.905434e+01 3.906074e+01 3.906714e+01 3.907354e+01 3.907993e+01 3.908632e+01 3.909271e+01 3.909910e+01 3.910548e+01 3.911187e+01 3.911824e+01 3.912462e+01 3.913100e+01 3.913737e+01 3.914374e+01 3.915011e+01 3.915648e+01 3.916284e+01 3.916920e+01 3.917556e+01 3.918192e+01 3.918827e+01 3.919462e+01 3.920097e+01 3.920731e+01 3.921366e+01 3.922000e+01 3.922634e+01 3.923268e+01 3.923901e+01 3.924534e+01 3.925167e+01 3.925800e+01 3.926432e+01 3.927065e+01 3.927697e+01 3.928329e+01 3.928960e+01 3.929591e+01 3.930223e+01 3.930853e+01 3.931484e+01 3.932114e+01 3.932745e+01 3.933374e+01 3.934004e+01 3.934634e+01 3.935263e+01 3.935892e+01 3.936520e+01 3.937149e+01 3.937777e+01 3.938405e+01 3.939033e+01 3.939660e+01 3.940288e+01 3.940915e+01 3.941542e+01 3.942168e+01 3.942795e+01 3.943421e+01 3.944047e+01 3.944672e+01 3.945298e+01 3.945923e+01 3.946548e+01 3.947173e+01 3.947797e+01 3.948421e+01 3.949046e+01 3.949670e+01 3.950293e+01 3.950916e+01 3.951540e+01 3.952163e+01 3.952785e+01 3.953408e+01 3.954030e+01 3.954652e+01 3.955273e+01 3.955895e+01 3.956516e+01 3.957137e+01 3.957758e+01 3.958379e+01 3.958999e+01 3.959619e+01 3.960239e+01 3.960859e+01 3.961478e+01 3.962098e+01 3.962716e+01 3.963335e+01 3.963954e+01 3.964572e+01 3.965190e+01 3.965808e+01 3.966425e+01 3.967043e+01 3.967660e+01 3.968277e+01 3.968894e+01 3.969510e+01 3.970126e+01 3.970742e+01 3.971358e+01 3.971974e+01 3.972589e+01 3.973204e+01 3.973819e+01 3.974434e+01 3.975048e+01 3.975663e+01 3.976276e+01 3.976890e+01 3.977504e+01 3.978117e+01 3.978730e+01 3.979343e+01 3.979956e+01 3.980568e+01 3.981180e+01 3.981792e+01 3.982404e+01 3.983015e+01 3.983627e+01 3.984238e+01 3.984849e+01 3.985459e+01 3.986069e+01 3.986680e+01 3.987290e+01 3.987899e+01 3.988509e+01 3.989118e+01 3.989727e+01 3.990336e+01 3.990945e+01 3.991553e+01 3.992161e+01 3.992769e+01 3.993377e+01 3.993985e+01 3.994592e+01 3.995199e+01 3.995806e+01 3.996412e+01 3.997019e+01 3.997625e+01 3.998231e+01 3.998837e+01 3.999442e+01 4.000047e+01 4.000652e+01 4.001257e+01 4.001862e+01 4.002466e+01 4.003070e+01 4.003674e+01 4.004278e+01 4.004882e+01 4.005485e+01 4.006088e+01 4.006691e+01 4.007294e+01 4.007896e+01 4.008498e+01 4.009100e+01 4.009702e+01 4.010304e+01 4.010905e+01 4.011506e+01 4.012107e+01 4.012708e+01 4.013308e+01 4.013909e+01 4.014509e+01 4.015108e+01 4.015708e+01 4.016307e+01 4.016907e+01 4.017506e+01 4.018105e+01 4.018703e+01 4.019301e+01 4.019899e+01 4.020497e+01 4.021095e+01 4.021692e+01 4.022290e+01 4.022887e+01 4.023483e+01 4.024080e+01 4.024677e+01 4.025272e+01 4.025869e+01 4.026464e+01 4.027060e+01 4.027655e+01 4.028250e+01 4.028845e+01 4.029440e+01 4.030034e+01 4.030628e+01 4.031223e+01 4.031816e+01 4.032410e+01 4.033003e+01 4.033596e+01 4.034189e+01 4.034782e+01 4.035374e+01 4.035967e+01 4.036559e+01 4.037151e+01 4.037743e+01 4.038334e+01 4.038925e+01 4.039516e+01 4.040107e+01 4.040698e+01 4.041288e+01 4.041879e+01 4.042469e+01 4.043058e+01 4.043648e+01 4.044237e+01 4.044827e+01 4.045415e+01 4.046004e+01 4.046593e+01 4.047181e+01 4.047769e+01 4.048357e+01 4.048944e+01 4.049532e+01 4.050119e+01 4.050706e+01 4.051293e+01 4.051880e+01 4.052466e+01 4.053053e+01 4.053638e+01</elevationAngle>
        <elevationPattern count="562">3.793514e+14 7.247047e+14 3.829117e+14 7.311858e+14 3.864705e+14 7.376642e+14 3.900978e+14 7.442520e+14 3.937261e+14 7.508410e+14 3.973529e+14 7.574275e+14 4.009785e+14 7.640113e+14 4.046023e+14 7.705922e+14 4.082245e+14 7.771701e+14 4.118504e+14 7.837556e+14 4.155421e+14 7.904730e+14 4.192323e+14 7.971877e+14 4.229209e+14 8.038996e+14 4.266081e+14 8.106089e+14 4.302936e+14 8.173151e+14 4.339777e+14 8.240186e+14 4.376734e+14 8.307348e+14 4.414412e+14 8.375341e+14 4.452071e+14 8.443301e+14 4.489717e+14 8.511237e+14 4.527346e+14 8.579142e+14 4.564961e+14 8.647021e+14 4.602558e+14 8.714869e+14 4.640203e+14 8.782847e+14 4.678059e+14 8.851363e+14 4.715899e+14 8.919847e+14 4.753722e+14 8.988302e+14 4.791530e+14 9.056730e+14 4.829322e+14 9.125130e+14 4.867099e+14 9.193502e+14 4.905010e+14 9.261996e+14 4.943330e+14 9.330886e+14 4.981635e+14 9.399747e+14 5.019923e+14 9.468580e+14 5.058194e+14 9.537382e+14 5.096452e+14 9.606160e+14 5.134693e+14 9.674908e+14 5.172960e+14 9.743875e+14 5.211311e+14 9.813422e+14 5.249648e+14 9.882943e+14 5.287969e+14 9.952436e+14 5.326274e+14 1.002190e+15 5.364563e+14 1.009134e+15 5.402837e+14 1.016074e+15 5.441137e+14 1.022987e+15 5.479521e+14 1.029837e+15 5.517891e+14 1.036683e+15 5.556243e+14 1.043527e+15 5.594581e+14 1.050368e+15 5.632903e+14 1.057206e+15 5.671209e+14 1.064041e+15 5.709459e+14 1.070873e+15 5.747593e+14 1.077703e+15 5.785710e+14 1.084530e+15 5.823810e+14 1.091354e+15 5.861896e+14 1.098175e+15 5.899968e+14 1.104994e+15 5.938019e+14 1.111810e+15 5.976060e+14 1.118622e+15 6.014083e+14 1.125433e+15 6.052091e+14 1.132240e+15 6.090082e+14 1.139045e+15 6.128060e+14 1.145846e+15 6.166021e+14 1.152645e+15 6.203967e+14 1.159442e+15 6.241819e+14 1.166235e+15 6.279307e+14 1.173025e+15 6.316784e+14 1.179814e+15 6.354244e+14 1.186599e+15 6.391686e+14 1.193381e+15 6.429117e+14 1.200161e+15 6.466532e+14 1.206938e+15 6.503884e+14 1.213697e+15 6.540845e+14 1.220327e+15 6.577791e+14 1.226955e+15 6.614721e+14 1.233580e+15 6.651633e+14 1.240202e+15 6.688534e+14 1.246821e+15 6.725422e+14 1.253438e+15 6.762286e+14 1.260050e+15 6.798437e+14 1.266380e+15 6.834573e+14 1.272708e+15 6.870696e+14 1.279032e+15 6.906803e+14 1.285355e+15 6.942897e+14 1.291675e+15 6.978972e+14 1.297991e+15 7.015038e+14 1.304306e+15 7.050463e+14 1.310618e+15 7.085797e+14 1.316928e+15 7.121116e+14 1.323235e+15 7.156421e+14 1.329539e+15 7.191711e+14 1.335841e+15 7.226988e+14 1.342141e+15 7.262250e+14 1.348438e+15 7.296867e+14 1.354627e+15 7.331261e+14 1.360778e+15 7.365641e+14 1.366928e+15 7.400010e+14 1.373075e+15 7.434361e+14 1.379219e+15 7.468700e+14 1.385361e+15 7.503027e+14 1.391501e+15 7.536676e+14 1.397472e+15 7.569858e+14 1.403328e+15 7.603027e+14 1.409181e+15 7.636181e+14 1.415032e+15 7.669323e+14 1.420881e+15 7.702452e+14 1.426727e+15 7.735566e+14 1.432571e+15 7.768210e+14 1.438355e+15 7.800185e+14 1.444055e+15 7.832149e+14 1.449753e+15 7.864101e+14 1.455448e+15 7.896038e+14 1.461142e+15 7.927962e+14 1.466832e+15 7.959876e+14 1.472522e+15 7.991507e+14 1.478119e+15 8.022147e+14 1.483387e+15 8.052773e+14 1.488653e+15 8.083387e+14 1.493917e+15 8.113988e+14 1.499179e+15 8.144580e+14 1.504439e+15 8.175154e+14 1.509696e+15 8.205721e+14 1.514952e+15 8.234905e+14 1.520069e+15 8.264063e+14 1.525182e+15 8.293207e+14 1.530293e+15 8.322345e+14 1.535402e+15 8.351466e+14 1.540508e+15 8.380579e+14 1.545613e+15 8.409677e+14 1.550716e+15 8.437531e+14 1.555611e+15 8.464951e+14 1.560434e+15 8.492367e+14 1.565255e+15 8.519764e+14 1.570074e+15 8.547156e+14 1.574892e+15 8.574536e+14 1.579707e+15 8.601904e+14 1.584521e+15 8.628528e+14 1.589199e+15 8.654362e+14 1.593734e+15 8.680190e+14 1.598267e+15 8.706002e+14 1.602798e+15 8.731808e+14 1.607328e+15 8.757599e+14 1.611855e+15 8.783385e+14 1.616382e+15 8.808828e+14 1.620823e+15 8.832949e+14 1.624934e+15 8.857058e+14 1.629044e+15 8.881155e+14 1.633152e+15 8.905246e+14 1.637258e+15 8.929326e+14 1.641362e+15 8.953397e+14 1.645465e+15 8.977455e+14 1.649566e+15 8.999797e+14 1.653299e+15 9.021927e+14 1.656988e+15 9.044048e+14 1.660675e+15 9.066161e+14 1.664360e+15 9.088262e+14 1.668044e+15 9.110356e+14 1.671726e+15 9.132443e+14 1.675407e+15 9.153436e+14 1.678932e+15 9.173598e+14 1.682337e+15 9.193750e+14 1.685742e+15 9.213897e+14 1.689145e+15 9.234033e+14 1.692546e+15 9.254165e+14 1.695947e+15 9.274284e+14 1.699345e+15 9.294011e+14 1.702654e+15 9.312351e+14 1.705642e+15 9.330682e+14 1.708630e+15 9.349006e+14 1.711616e+15 9.367321e+14 1.714600e+15 9.385634e+14 1.717585e+15 9.403938e+14 1.720568e+15 9.422231e+14 1.723549e+15 9.438913e+14 1.726300e+15 9.455296e+14 1.729008e+15 9.471676e+14 1.731715e+15 9.488048e+14 1.734421e+15 9.504414e+14 1.737127e+15 9.520776e+14 1.739831e+15 9.537126e+14 1.742533e+15 9.552546e+14 1.745050e+15 9.566859e+14 1.747345e+15 9.581169e+14 1.749640e+15 9.595474e+14 1.751935e+15 9.609772e+14 1.754227e+15 9.624065e+14 1.756520e+15 9.638349e+14 1.758811e+15 9.652544e+14 1.761078e+15 9.664796e+14 1.762828e+15 9.677050e+14 1.764579e+15 9.689293e+14 1.766328e+15 9.701533e+14 1.768076e+15 9.713766e+14 1.769824e+15 9.726000e+14 1.771572e+15 9.738226e+14 1.773318e+15 9.749056e+14 1.774900e+15 9.758990e+14 1.776377e+15 9.768923e+14 1.777854e+15 9.778850e+14 1.779329e+15 9.788769e+14 1.780803e+15 9.798691e+14 1.782278e+15 9.808601e+14 1.783751e+15 9.818168e+14 1.785144e+15 9.825801e+14 1.786081e+15 9.833428e+14 1.787017e+15 9.841052e+14 1.787954e+15 9.848678e+14 1.788890e+15 9.856295e+14 1.789825e+15 9.863912e+14 1.790761e+15 9.871524e+14 1.791696e+15 9.877697e+14 1.792451e+15 9.883165e+14 1.793118e+15 9.888633e+14 1.793784e+15 9.894099e+14 1.794451e+15 9.899569e+14 1.795118e+15 9.905034e+14 1.795785e+15 9.910492e+14 1.796450e+15 9.915535e+14 1.797023e+15 9.918595e+14 1.797156e+15 9.921655e+14 1.797289e+15 9.924713e+14 1.797422e+15 9.927775e+14 1.797555e+15 9.930830e+14 1.797689e+15 9.933886e+14 1.797821e+15 9.936938e+14 1.797954e+15 9.938435e+14 1.797827e+15 9.939098e+14 1.797562e+15 9.939760e+14 1.797296e+15 9.940421e+14 1.797031e+15 9.941084e+14 1.796766e+15 9.941748e+14 1.796501e+15 9.942410e+14 1.796236e+15 9.942828e+14 1.795928e+15 9.941243e+14 1.795267e+15 9.939655e+14 1.794606e+15 9.938066e+14 1.793944e+15 9.936481e+14 1.793283e+15 9.934896e+14 1.792623e+15 9.933309e+14 1.791962e+15 9.931727e+14 1.791303e+15 9.928927e+14 1.790428e+15 9.925102e+14 1.789373e+15 9.921274e+14 1.788318e+15 9.917453e+14 1.787263e+15 9.913634e+14 1.786209e+15 9.909814e+14 1.785156e+15 9.905994e+14 1.784102e+15 9.902180e+14 1.783049e+15 9.896107e+14 1.781495e+15 9.889925e+14 1.779917e+15 9.883747e+14 1.778340e+15 9.877571e+14 1.776763e+15 9.871400e+14 1.775187e+15 9.865228e+14 1.773611e+15 9.859058e+14 1.772036e+15 9.852080e+14 1.770371e+15 9.843557e+14 1.768535e+15 9.835036e+14 1.766700e+15 9.826519e+14 1.764865e+15 9.818003e+14 1.763031e+15 9.809492e+14 1.761198e+15 9.800982e+14 1.759365e+15 9.792476e+14 1.757533e+15 9.782493e+14 1.755332e+15 9.771902e+14 1.752978e+15 9.761314e+14 1.750625e+15 9.750731e+14 1.748273e+15 9.740152e+14 1.745923e+15 9.729576e+14 1.743573e+15 9.719006e+14 1.741224e+15 9.708315e+14 1.738862e+15 9.695406e+14 1.736254e+15 9.682500e+14 1.733647e+15 9.669603e+14 1.731041e+15 9.656706e+14 1.728436e+15 9.643818e+14 1.725832e+15 9.630933e+14 1.723229e+15 9.618053e+14 1.720627e+15 9.604398e+14 1.717831e+15 9.589450e+14 1.714711e+15 9.574504e+14 1.711592e+15 9.559566e+14 1.708474e+15 9.544633e+14 1.705358e+15 9.529707e+14 1.702243e+15 9.514786e+14 1.699129e+15 9.499869e+14 1.696016e+15 9.483474e+14 1.692730e+15 9.466365e+14 1.689360e+15 9.449265e+14 1.685991e+15 9.432170e+14 1.682624e+15 9.415081e+14 1.679259e+15 9.398000e+14 1.675894e+15 9.380926e+14 1.672531e+15 9.363858e+14 1.669169e+15 9.345077e+14 1.665563e+15 9.326213e+14 1.661945e+15 9.307355e+14 1.658328e+15 9.288504e+14 1.654713e+15 9.269663e+14 1.651100e+15 9.250826e+14 1.647487e+15 9.231999e+14 1.643877e+15 9.212759e+14 1.640189e+15 9.191884e+14 1.636194e+15 9.171014e+14 1.632200e+15 9.150154e+14 1.628209e+15 9.129301e+14 1.624218e+15 9.108457e+14 1.620230e+15 9.087619e+14 1.616242e+15 9.066791e+14 1.612256e+15 9.045135e+14 1.608105e+15 9.022396e+14 1.603737e+15 8.999664e+14 1.599371e+15 8.976942e+14 1.595006e+15 8.954229e+14 1.590643e+15 8.931522e+14 1.586281e+15 8.908829e+14 1.581922e+15 8.886140e+14 1.577563e+15 8.862474e+14 1.573043e+15 8.838267e+14 1.568432e+15 8.814067e+14 1.563822e+15 8.789874e+14 1.559214e+15 8.765697e+14 1.554609e+15 8.741525e+14 1.550005e+15 8.717362e+14 1.545403e+15 8.693209e+14 1.540802e+15 8.667592e+14 1.536098e+15 8.641667e+14 1.531373e+15 8.615755e+14 1.526650e+15 8.589849e+14 1.521929e+15 8.563958e+14 1.517209e+15 8.538075e+14 1.512492e+15 8.512201e+14 1.507776e+15 8.486335e+14 1.503061e+15 8.459102e+14 1.497972e+15 8.431856e+14 1.492879e+15 8.404622e+14 1.487789e+15 8.377396e+14 1.482700e+15 8.350183e+14 1.477614e+15 8.322980e+14 1.472529e+15 8.295790e+14 1.467446e+15 8.268427e+14 1.462349e+15 8.239859e+14 1.457143e+15 8.211300e+14 1.451939e+15 8.182751e+14 1.446737e+15 8.154214e+14 1.441537e+15 8.125688e+14 1.436339e+15 8.097171e+14 1.431142e+15 8.068666e+14 1.425948e+15 8.039868e+14 1.420695e+15 8.010118e+14 1.415251e+15 7.980377e+14 1.409809e+15 7.950654e+14 1.404371e+15 7.920937e+14 1.398933e+15 7.891229e+14 1.393497e+15 7.861534e+14 1.388064e+15 7.831851e+14 1.382633e+15 7.801807e+14 1.377162e+15 7.771008e+14 1.371608e+15 7.740223e+14 1.366057e+15 7.709451e+14 1.360508e+15 7.678690e+14 1.354960e+15 7.647938e+14 1.349415e+15 7.617197e+14 1.343872e+15 7.586469e+14 1.338330e+15 7.555401e+14 1.332691e+15 7.523818e+14 1.326903e+15 7.492244e+14 1.321116e+15 7.460683e+14 1.315332e+15 7.429132e+14 1.309550e+15 7.397593e+14 1.303770e+15 7.366068e+14 1.297992e+15 7.334553e+14 1.292217e+15 7.302661e+14 1.286443e+15 7.270292e+14 1.280672e+15 7.237935e+14 1.274903e+15 7.205587e+14 1.269136e+15 7.173258e+14 1.263371e+15 7.140934e+14 1.257608e+15 7.108626e+14 1.251848e+15 7.076328e+14 1.246089e+15 7.043753e+14 1.240275e+15 7.010855e+14 1.234396e+15 6.977968e+14 1.228519e+15 6.945095e+14 1.222644e+15 6.912232e+14 1.216771e+15 6.879382e+14 1.210901e+15 6.846544e+14 1.205033e+15 6.813721e+14 1.199167e+15 6.780677e+14 1.193245e+15 6.747379e+14 1.187259e+15 6.714090e+14 1.181275e+15 6.680816e+14 1.175293e+15 6.647553e+14 1.169313e+15 6.614304e+14 1.163336e+15 6.581065e+14 1.157360e+15 6.547839e+14 1.151387e+15 6.514466e+14 1.145416e+15 6.480890e+14 1.139447e+15 6.447329e+14 1.133481e+15 6.413781e+14 1.127517e+15 6.380244e+14 1.121555e+15 6.346719e+14 1.115595e+15 6.313208e+14 1.109637e+15 6.279709e+14 1.103682e+15 6.246079e+14 1.097728e+15 6.212232e+14 1.091777e+15 6.178399e+14 1.085828e+15 6.144578e+14 1.079882e+15 6.110767e+14 1.073937e+15 6.076971e+14 1.067995e+15 6.043186e+14 1.062055e+15 6.009417e+14 1.056117e+15 5.975695e+14 1.050181e+15 5.942072e+14 1.044248e+15 5.908462e+14 1.038317e+15 5.874864e+14 1.032388e+15 5.841278e+14 1.026461e+15 5.807705e+14 1.020536e+15 5.774142e+14 1.014613e+15 5.740595e+14 1.008693e+15 5.707058e+14 1.002760e+15 5.673534e+14 9.967695e+14 5.640022e+14 9.907819e+14 5.606525e+14 9.847967e+14 5.573036e+14 9.788130e+14 5.539562e+14 9.728320e+14 5.506100e+14 9.668531e+14 5.472649e+14 9.608763e+14 5.439222e+14 9.549099e+14 5.405920e+14 9.490360e+14 5.372629e+14 9.431640e+14 5.339351e+14 9.372944e+14 5.306085e+14 9.314268e+14 5.272833e+14 9.255616e+14 5.239590e+14 9.196982e+14 5.206360e+14 9.138370e+14 5.173143e+14 9.079781e+14 5.140168e+14 9.021786e+14 5.107221e+14 8.963853e+14 5.074284e+14 8.905939e+14 5.041361e+14 8.848047e+14 5.008450e+14 8.790178e+14 4.975550e+14 8.732329e+14 4.942664e+14 8.674502e+14 4.909788e+14 8.616695e+14 4.877298e+14 8.559469e+14 4.844935e+14 8.502436e+14 4.812585e+14 8.445427e+14 4.780246e+14 8.388438e+14 4.747918e+14 8.331467e+14 4.715603e+14 8.274519e+14 4.683299e+14 8.217592e+14 4.651007e+14 8.160682e+14 4.619003e+14 8.104350e+14 4.587221e+14 8.048458e+14 4.555452e+14 7.992589e+14 4.523694e+14 7.936738e+14 4.491948e+14 7.880908e+14 4.460212e+14 7.825098e+14 4.428490e+14 7.769311e+14 4.396779e+14 7.713542e+14 4.365329e+14 7.658212e+14 4.334369e+14 7.603697e+14 4.303420e+14 7.549202e+14 4.272483e+14 7.494729e+14 4.241558e+14 7.440275e+14 4.210642e+14 7.385841e+14 4.179738e+14 7.331424e+14 4.148845e+14 7.277030e+14 4.118024e+14 7.222774e+14 4.087760e+14 7.169631e+14 4.057506e+14 7.116504e+14 4.027264e+14 7.063399e+14 3.997031e+14 7.010311e+14 3.966811e+14 6.957243e+14 3.936602e+14 6.904196e+14 3.906403e+14 6.851168e+14 3.876214e+14 6.798156e+14 3.846638e+14 6.746266e+14 3.817195e+14 6.694620e+14 3.787765e+14 6.642998e+14 3.758342e+14 6.591388e+14 3.728935e+14 6.539804e+14 3.699535e+14 6.488232e+14 3.670147e+14 6.436683e+14 3.640768e+14 6.385151e+14 3.611912e+14 6.334534e+14 3.583518e+14 6.284723e+14 3.555133e+14 6.234930e+14 3.526761e+14 6.185156e+14 3.498398e+14 6.135402e+14 3.470046e+14 6.085665e+14 3.441703e+14 6.035945e+14 3.413370e+14 5.986242e+14 3.385225e+14 5.936862e+14 3.357752e+14 5.888635e+14 3.330290e+14 5.840426e+14 3.302837e+14 5.792235e+14 3.275394e+14 5.744058e+14 3.247962e+14 5.695903e+14 3.220539e+14 5.647764e+14 3.193126e+14 5.599642e+14 3.165724e+14 5.551538e+14 3.139157e+14 5.504999e+14 3.112731e+14 5.458723e+14 3.086315e+14 5.412465e+14 3.059907e+14 5.366222e+14 3.033509e+14 5.319996e+14 3.007121e+14 5.273785e+14 2.980741e+14 5.227592e+14 2.954373e+14 5.181417e+14 2.928541e+14 5.136138e+14 2.903264e+14 5.091784e+14 2.877996e+14 5.047445e+14 2.852736e+14 5.003121e+14 2.827487e+14 4.958816e+14 2.802245e+14 4.914524e+14 2.777013e+14 4.870249e+14 2.751791e+14 4.825991e+14 2.726668e+14 4.781919e+14 2.702414e+14 4.739475e+14 2.678170e+14 4.697047e+14 2.653934e+14 4.654634e+14 2.629706e+14 4.612236e+14 2.605487e+14 4.569852e+14 2.581278e+14 4.527486e+14 2.557075e+14 4.485132e+14 2.532883e+14 4.442796e+14 2.509418e+14 4.401752e+14 2.486309e+14 4.361341e+14 2.463209e+14 4.320944e+14 2.440117e+14 4.280563e+14 2.417033e+14 4.240196e+14 2.393957e+14 4.199843e+14 2.370890e+14 4.159504e+14 2.347830e+14 4.119180e+14 2.325047e+14 4.079300e+14 2.303186e+14 4.040894e+14 2.281332e+14 4.002503e+14 2.259487e+14 3.964125e+14 2.237650e+14 3.925764e+14 2.215820e+14 3.887413e+14 2.193998e+14 3.849077e+14 2.172183e+14 3.810754e+14 2.150376e+14 3.772446e+14 2.129377e+14 3.735571e+14 2.108646e+14 3.699174e+14 2.087923e+14 3.662790e+14 2.067207e+14 3.626420e+14 2.046498e+14 3.590062e+14 2.025797e+14 3.553717e+14 2.005103e+14 3.517385e+14 1.984417e+14 3.481066e+14 1.964037e+14 3.445269e+14 1.944540e+14 3.410973e+14 1.925049e+14 3.376689e+14 1.905566e+14 3.342418e+14 1.886089e+14 3.308157e+14 1.866620e+14 3.273910e+14 1.847158e+14 3.239676e+14 1.827702e+14 3.205451e+14</elevationPattern>
        <incidenceAngle count="562">4.178349e+01 4.179213e+01 4.180077e+01 4.180940e+01 4.181804e+01 4.182666e+01 4.183530e+01 4.184392e+01 4.185252e+01 4.186115e+01 4.186977e+01 4.187837e+01 4.188698e+01 4.189558e+01 4.190417e+01 4.191277e+01 4.192137e+01 4.192996e+01 4.193854e+01 4.194713e+01 4.195570e+01 4.196428e+01 4.197285e+01 4.198143e+01 4.198999e+01 4.199857e+01 4.200713e+01 4.201567e+01 4.202423e+01 4.203279e+01 4.204134e+01 4.204988e+01 4.205843e+01 4.206696e+01 4.207549e+01 4.208403e+01 4.209256e+01 4.210107e+01 4.210960e+01 4.211812e+01 4.212663e+01 4.213515e+01 4.214366e+01 4.215218e+01 4.216068e+01 4.216917e+01 4.217767e+01 4.218616e+01 4.219466e+01 4.220314e+01 4.221162e+01 4.222011e+01 4.222859e+01 4.223706e+01 4.224553e+01 4.225401e+01 4.226247e+01 4.227094e+01 4.227939e+01 4.228786e+01 4.229631e+01 4.230475e+01 4.231320e+01 4.232164e+01 4.233009e+01 4.233853e+01 4.234695e+01 4.235539e+01 4.236382e+01 4.237225e+01 4.238066e+01 4.238908e+01 4.239751e+01 4.240591e+01 4.241432e+01 4.242273e+01 4.243114e+01 4.243954e+01 4.244794e+01 4.245633e+01 4.246472e+01 4.247311e+01 4.248149e+01 4.248988e+01 4.249826e+01 4.250664e+01 4.251501e+01 4.252338e+01 4.253174e+01 4.254012e+01 4.254846e+01 4.255682e+01 4.256519e+01 4.257353e+01 4.258188e+01 4.259023e+01 4.259857e+01 4.260690e+01 4.261525e+01 4.262358e+01 4.263191e+01 4.264024e+01 4.264856e+01 4.265689e+01 4.266521e+01 4.267352e+01 4.268182e+01 4.269014e+01 4.269844e+01 4.270674e+01 4.271504e+01 4.272334e+01 4.273164e+01 4.273993e+01 4.274821e+01 4.275650e+01 4.276479e+01 4.277307e+01 4.278134e+01 4.278961e+01 4.279788e+01 4.280615e+01 4.281442e+01 4.282268e+01 4.283093e+01 4.283919e+01 4.284744e+01 4.285570e+01 4.286394e+01 4.287218e+01 4.288043e+01 4.288866e+01 4.289690e+01 4.290514e+01 4.291336e+01 4.292159e+01 4.292981e+01 4.293802e+01 4.294624e+01 4.295445e+01 4.296266e+01 4.297087e+01 4.297908e+01 4.298729e+01 4.299548e+01 4.300368e+01 4.301187e+01 4.302007e+01 4.302824e+01 4.303644e+01 4.304462e+01 4.305280e+01 4.306097e+01 4.306914e+01 4.307732e+01 4.308548e+01 4.309364e+01 4.310181e+01 4.310995e+01 4.311812e+01 4.312627e+01 4.313441e+01 4.314256e+01 4.315071e+01 4.315884e+01 4.316699e+01 4.317513e+01 4.318326e+01 4.319139e+01 4.319951e+01 4.320764e+01 4.321576e+01 4.322388e+01 4.323199e+01 4.324010e+01 4.324821e+01 4.325632e+01 4.326442e+01 4.327252e+01 4.328062e+01 4.328871e+01 4.329680e+01 4.330489e+01 4.331297e+01 4.332106e+01 4.332915e+01 4.333722e+01 4.334529e+01 4.335336e+01 4.336143e+01 4.336951e+01 4.337756e+01 4.338562e+01 4.339368e+01 4.340173e+01 4.340979e+01 4.341785e+01 4.342589e+01 4.343393e+01 4.344197e+01 4.345001e+01 4.345804e+01 4.346608e+01 4.347411e+01 4.348213e+01 4.349016e+01 4.349817e+01 4.350620e+01 4.351421e+01 4.352222e+01 4.353023e+01 4.353824e+01 4.354625e+01 4.355424e+01 4.356224e+01 4.357024e+01 4.357823e+01 4.358623e+01 4.359421e+01 4.360219e+01 4.361017e+01 4.361815e+01 4.362613e+01 4.363411e+01 4.364207e+01 4.365004e+01 4.365800e+01 4.366597e+01 4.367393e+01 4.368188e+01 4.368983e+01 4.369778e+01 4.370573e+01 4.371368e+01 4.372163e+01 4.372957e+01 4.373750e+01 4.374544e+01 4.375337e+01 4.376131e+01 4.376923e+01 4.377715e+01 4.378506e+01 4.379298e+01 4.380090e+01 4.380882e+01 4.381673e+01 4.382463e+01 4.383253e+01 4.384044e+01 4.384834e+01 4.385623e+01 4.386414e+01 4.387202e+01 4.387991e+01 4.388780e+01 4.389568e+01 4.390356e+01 4.391144e+01 4.391931e+01 4.392719e+01 4.393504e+01 4.394292e+01 4.395078e+01 4.395865e+01 4.396651e+01 4.397435e+01 4.398221e+01 4.399007e+01 4.399791e+01 4.400575e+01 4.401360e+01 4.402144e+01 4.402927e+01 4.403711e+01 4.404494e+01 4.405276e+01 4.406059e+01 4.406842e+01 4.407623e+01 4.408405e+01 4.409187e+01 4.409969e+01 4.410748e+01 4.411530e+01 4.412311e+01 4.413091e+01 4.413870e+01 4.414650e+01 4.415430e+01 4.416208e+01 4.416988e+01 4.417766e+01 4.418544e+01 4.419322e+01 4.420100e+01 4.420877e+01 4.421655e+01 4.422432e+01 4.423209e+01 4.423985e+01 4.424762e+01 4.425537e+01 4.426314e+01 4.427089e+01 4.427864e+01 4.428639e+01 4.429413e+01 4.430188e+01 4.430962e+01 4.431735e+01 4.432509e+01 4.433282e+01 4.434056e+01 4.434828e+01 4.435600e+01 4.436374e+01 4.437146e+01 4.437917e+01 4.438689e+01 4.439459e+01 4.440231e+01 4.441002e+01 4.441772e+01 4.442542e+01 4.443312e+01 4.444081e+01 4.444852e+01 4.445621e+01 4.446390e+01 4.447157e+01 4.447926e+01 4.448694e+01 4.449463e+01 4.450230e+01 4.450998e+01 4.451764e+01 4.452531e+01 4.453297e+01 4.454063e+01 4.454829e+01 4.455595e+01 4.456361e+01 4.457127e+01 4.457892e+01 4.458656e+01 4.459421e+01 4.460185e+01 4.460950e+01 4.461713e+01 4.462477e+01 4.463240e+01 4.464003e+01 4.464766e+01 4.465529e+01 4.466290e+01 4.467052e+01 4.467815e+01 4.468576e+01 4.469337e+01 4.470097e+01 4.470859e+01 4.471619e+01 4.472379e+01 4.473138e+01 4.473898e+01 4.474658e+01 4.475418e+01 4.476176e+01 4.476935e+01 4.477693e+01 4.478452e+01 4.479210e+01 4.479967e+01 4.480725e+01 4.481482e+01 4.482239e+01 4.482996e+01 4.483752e+01 4.484508e+01 4.485265e+01 4.486020e+01 4.486775e+01 4.487531e+01 4.488286e+01 4.489040e+01 4.489795e+01 4.490549e+01 4.491302e+01 4.492056e+01 4.492810e+01 4.493562e+01 4.494316e+01 4.495068e+01 4.495821e+01 4.496573e+01 4.497325e+01 4.498076e+01 4.498828e+01 4.499579e+01 4.500330e+01 4.501080e+01 4.501831e+01 4.502582e+01 4.503331e+01 4.504082e+01 4.504831e+01 4.505580e+01 4.506329e+01 4.507077e+01 4.507826e+01 4.508574e+01 4.509322e+01 4.510069e+01 4.510817e+01 4.511565e+01 4.512312e+01 4.513058e+01 4.513805e+01 4.514551e+01 4.515297e+01 4.516043e+01 4.516788e+01 4.517534e+01 4.518279e+01 4.519023e+01 4.519768e+01 4.520512e+01 4.521257e+01 4.522000e+01 4.522745e+01 4.523488e+01 4.524231e+01 4.524974e+01 4.525716e+01 4.526459e+01 4.527200e+01 4.527942e+01 4.528683e+01 4.529425e+01 4.530167e+01 4.530908e+01 4.531648e+01 4.532388e+01 4.533128e+01 4.533868e+01 4.534608e+01 4.535349e+01 4.536087e+01 4.536827e+01 4.537566e+01 4.538304e+01 4.539043e+01 4.539780e+01 4.540518e+01 4.541255e+01 4.541992e+01 4.542731e+01 4.543466e+01 4.544203e+01 4.544940e+01 4.545676e+01 4.546413e+01 4.547148e+01 4.547884e+01 4.548618e+01 4.549353e+01 4.550089e+01 4.550822e+01 4.551556e+01 4.552290e+01 4.553024e+01 4.553758e+01 4.554491e+01 4.555225e+01 4.555957e+01 4.556689e+01 4.557422e+01 4.558154e+01 4.558887e+01 4.559618e+01 4.560350e+01 4.561081e+01 4.561812e+01 4.562543e+01 4.563272e+01 4.564003e+01 4.564732e+01 4.565463e+01 4.566193e+01 4.566922e+01 4.567651e+01 4.568379e+01 4.569109e+01 4.569836e+01 4.570564e+01 4.571292e+01 4.572020e+01 4.572748e+01 4.573476e+01 4.574202e+01 4.574928e+01 4.575655e+01 4.576381e+01 4.577107e+01 4.577834e+01 4.578558e+01 4.579285e+01 4.580009e+01 4.580734e+01 4.581459e+01 4.582184e+01 4.582907e+01 4.583632e+01 4.584355e+01 4.585078e+01 4.585802e+01 4.586525e+01 4.587248e+01 4.587971e+01 4.588693e+01 4.589415e+01 4.590137e+01 4.590858e+01 4.591580e+01 4.592302e+01 4.593022e+01 4.593744e+01 4.594464e+01 4.595184e+01 4.595905e+01 4.596625e+01 4.597343e+01 4.598064e+01 4.598782e+01 4.599501e+01 4.600220e+01 4.600938e+01 4.601657e+01 4.602374e+01 4.603093e+01 4.603810e+01 4.604527e+01 4.605244e+01 4.605962e+01 4.606679e+01 4.607394e+01 4.608112e+01 4.608827e+01 4.609543e+01 4.610258e+01 4.610974e+01 4.611688e+01 4.612404e+01 4.613118e+01 4.613834e+01 4.614548e+01 4.615262e+01 4.615974e+01 4.616689e+01 4.617401e+01 4.618115e+01</incidenceAngle>
        <terrainHeight>2.381952005357143e+03</terrainHeight>
        <roll>3.009382525673870e+01</roll>
      </antennaPattern>
      <antennaPattern>
        <swath>IW3</swath>
        <azimuthTime>2015-05-16T13:34:29.236510</azimuthTime>
        <slantRangeTime count="562">6.017503134959210e-03 6.018185170111523e-03 6.018867205263837e-03 6.019549240416150e-03 6.020231275568463e-03 6.020913310720777e-03 6.021595345873090e-03 6.022277381025403e-03 6.022959416177718e-03 6.023641451330030e-03 6.024323486482344e-03 6.025005521634657e-03 6.025687556786971e-03 6.026369591939284e-03 6.027051627091597e-03 6.027733662243911e-03 6.028415697396225e-03 6.029097732548537e-03 6.029779767700852e-03 6.030461802853164e-03 6.031143838005478e-03 6.031825873157792e-03 6.032507908310105e-03 6.033189943462418e-03 6.033871978614731e-03 6.034554013767045e-03 6.035236048919359e-03 6.035918084071672e-03 6.036600119223985e-03 6.037282154376299e-03 6.037964189528612e-03 6.038646224680926e-03 6.039328259833239e-03 6.040010294985553e-03 6.040692330137866e-03 6.041374365290180e-03 6.042056400442493e-03 6.042738435594807e-03 6.043420470747120e-03 6.044102505899433e-03 6.044784541051747e-03 6.045466576204060e-03 6.046148611356373e-03 6.046830646508687e-03 6.047512681661001e-03 6.048194716813313e-03 6.048876751965627e-03 6.049558787117940e-03 6.050240822270254e-03 6.050922857422567e-03 6.051604892574880e-03 6.052286927727194e-03 6.052968962879508e-03 6.053650998031820e-03 6.054333033184134e-03 6.055015068336447e-03 6.055697103488761e-03 6.056379138641074e-03 6.057061173793387e-03 6.057743208945701e-03 6.058425244098014e-03 6.059107279250327e-03 6.059789314402641e-03 6.060471349554954e-03 6.061153384707267e-03 6.061835419859581e-03 6.062517455011894e-03 6.063199490164208e-03 6.063881525316521e-03 6.064563560468834e-03 6.065245595621147e-03 6.065927630773461e-03 6.066609665925774e-03 6.067291701078088e-03 6.067973736230400e-03 6.068655771382715e-03 6.069337806535028e-03 6.070019841687341e-03 6.070701876839654e-03 6.071383911991968e-03 6.072065947144281e-03 6.072747982296595e-03 6.073430017448908e-03 6.074112052601222e-03 6.074794087753535e-03 6.075476122905848e-03 6.076158158058163e-03 6.076840193210475e-03 6.077522228362790e-03 6.078204263515102e-03 6.078886298667417e-03 6.079568333819730e-03 6.080250368972044e-03 6.080932404124357e-03 6.081614439276671e-03 6.082296474428984e-03 6.082978509581298e-03 6.083660544733611e-03 6.084342579885925e-03 6.085024615038238e-03 6.085706650190552e-03 6.086388685342866e-03 6.087070720495179e-03 6.087752755647493e-03 6.088434790799806e-03 6.089116825952120e-03 6.089798861104434e-03 6.090480896256746e-03 6.091162931409061e-03 6.091844966561373e-03 6.092527001713688e-03 6.093209036866001e-03 6.093891072018315e-03 6.094573107170628e-03 6.095255142322942e-03 6.095937177475255e-03 6.096619212627569e-03 6.097301247779882e-03 6.097983282932196e-03 6.098665318084509e-03 6.099347353236823e-03 6.100029388389137e-03 6.100711423541450e-03 6.101393458693764e-03 6.102075493846077e-03 6.102757528998391e-03 6.103439564150704e-03 6.104121599303017e-03 6.104803634455332e-03 6.105485669607644e-03 6.106167704759959e-03 6.106849739912271e-03 6.107531775064586e-03 6.108213810216899e-03 6.108895845369213e-03 6.109577880521526e-03 6.110259915673840e-03 6.110941950826153e-03 6.111623985978467e-03 6.112306021130780e-03 6.112988056283094e-03 6.113670091435407e-03 6.114352126587721e-03 6.115034161740035e-03 6.115716196892348e-03 6.116398232044662e-03 6.117080267196975e-03 6.117762302349289e-03 6.118444337501603e-03 6.119126372653915e-03 6.119808407806230e-03 6.120490442958542e-03 6.121172478110857e-03 6.121854513263170e-03 6.122536548415484e-03 6.123218583567797e-03 6.123900618720111e-03 6.124582653872424e-03 6.125264689024738e-03 6.125946724177051e-03 6.126628759329365e-03 6.127310794481678e-03 6.127992829633991e-03 6.128674864786305e-03 6.129356899938617e-03 6.130038935090931e-03 6.130720970243244e-03 6.131403005395557e-03 6.132085040547870e-03 6.132767075700184e-03 6.133449110852496e-03 6.134131146004810e-03 6.134813181157123e-03 6.135495216309436e-03 6.136177251461749e-03 6.136859286614062e-03 6.137541321766376e-03 6.138223356918689e-03 6.138905392071002e-03 6.139587427223315e-03 6.140269462375629e-03 6.140951497527941e-03 6.141633532680255e-03 6.142315567832568e-03 6.142997602984881e-03 6.143679638137194e-03 6.144361673289508e-03 6.145043708441820e-03 6.145725743594134e-03 6.146407778746447e-03 6.147089813898760e-03 6.147771849051073e-03 6.148453884203386e-03 6.149135919355699e-03 6.149817954508013e-03 6.150499989660325e-03 6.151182024812639e-03 6.151864059964952e-03 6.152546095117265e-03 6.153228130269578e-03 6.153910165421892e-03 6.154592200574204e-03 6.155274235726518e-03 6.155956270878831e-03 6.156638306031144e-03 6.157320341183457e-03 6.158002376335771e-03 6.158684411488083e-03 6.159366446640397e-03 6.160048481792709e-03 6.160730516945023e-03 6.161412552097336e-03 6.162094587249649e-03 6.162776622401962e-03 6.163458657554276e-03 6.164140692706589e-03 6.164822727858902e-03 6.165504763011215e-03 6.166186798163528e-03 6.166868833315842e-03 6.167550868468155e-03 6.168232903620468e-03 6.168914938772781e-03 6.169596973925094e-03 6.170279009077407e-03 6.170961044229721e-03 6.171643079382033e-03 6.172325114534347e-03 6.173007149686660e-03 6.173689184838973e-03 6.174371219991286e-03 6.175053255143600e-03 6.175735290295912e-03 6.176417325448226e-03 6.177099360600539e-03 6.177781395752852e-03 6.178463430905165e-03 6.179145466057479e-03 6.179827501209791e-03 6.180509536362105e-03 6.181191571514418e-03 6.181873606666731e-03 6.182555641819044e-03 6.183237676971358e-03 6.183919712123670e-03 6.184601747275984e-03 6.185283782428296e-03 6.185965817580610e-03 6.186647852732923e-03 6.187329887885236e-03 6.188011923037549e-03 6.188693958189863e-03 6.189375993342175e-03 6.190058028494489e-03 6.190740063646802e-03 6.191422098799115e-03 6.192104133951428e-03 6.192786169103742e-03 6.193468204256054e-03 6.194150239408368e-03 6.194832274560681e-03 6.195514309712994e-03 6.196196344865307e-03 6.196878380017620e-03 6.197560415169934e-03 6.198242450322247e-03 6.198924485474560e-03 6.199606520626873e-03 6.200288555779187e-03 6.200970590931499e-03 6.201652626083813e-03 6.202334661236126e-03 6.203016696388439e-03 6.203698731540752e-03 6.204380766693066e-03 6.205062801845378e-03 6.205744836997692e-03 6.206426872150005e-03 6.207108907302318e-03 6.207790942454631e-03 6.208472977606945e-03 6.209155012759257e-03 6.209837047911571e-03 6.210519083063883e-03 6.211201118216197e-03 6.211883153368510e-03 6.212565188520823e-03 6.213247223673136e-03 6.213929258825450e-03 6.214611293977762e-03 6.215293329130076e-03 6.215975364282389e-03 6.216657399434702e-03 6.217339434587015e-03 6.218021469739329e-03 6.218703504891641e-03 6.219385540043955e-03 6.220067575196268e-03 6.220749610348581e-03 6.221431645500894e-03 6.222113680653207e-03 6.222795715805520e-03 6.223477750957834e-03 6.224159786110147e-03 6.224841821262460e-03 6.225523856414773e-03 6.226205891567086e-03 6.226887926719400e-03 6.227569961871713e-03 6.228251997024026e-03 6.228934032176339e-03 6.229616067328653e-03 6.230298102480965e-03 6.230980137633279e-03 6.231662172785592e-03 6.232344207937905e-03 6.233026243090218e-03 6.233708278242531e-03 6.234390313394844e-03 6.235072348547158e-03 6.235754383699470e-03 6.236436418851784e-03 6.237118454004097e-03 6.237800489156410e-03 6.238482524308723e-03 6.239164559461037e-03 6.239846594613349e-03 6.240528629765663e-03 6.241210664917976e-03 6.241892700070289e-03 6.242574735222602e-03 6.243256770374916e-03 6.243938805527228e-03 6.244620840679542e-03 6.245302875831855e-03 6.245984910984168e-03 6.246666946136481e-03 6.247348981288794e-03 6.248031016441107e-03 6.248713051593421e-03 6.249395086745733e-03 6.250077121898047e-03 6.250759157050360e-03 6.251441192202673e-03 6.252123227354986e-03 6.252805262507300e-03 6.253487297659613e-03 6.254169332811926e-03 6.254851367964239e-03 6.255533403116552e-03 6.256215438268866e-03 6.256897473421179e-03 6.257579508573492e-03 6.258261543725805e-03 6.258943578878118e-03 6.259625614030431e-03 6.260307649182745e-03 6.260989684335057e-03 6.261671719487371e-03 6.262353754639684e-03 6.263035789791997e-03 6.263717824944310e-03 6.264399860096624e-03 6.265081895248936e-03 6.265763930401250e-03 6.266445965553563e-03 6.267128000705876e-03 6.267810035858189e-03 6.268492071010503e-03 6.269174106162815e-03 6.269856141315129e-03 6.270538176467441e-03 6.271220211619755e-03 6.271902246772068e-03 6.272584281924381e-03 6.273266317076694e-03 6.273948352229008e-03 6.274630387381320e-03 6.275312422533634e-03 6.275994457685947e-03 6.276676492838260e-03 6.277358527990573e-03 6.278040563142887e-03 6.278722598295199e-03 6.279404633447513e-03 6.280086668599826e-03 6.280768703752139e-03 6.281450738904452e-03 6.282132774056766e-03 6.282814809209078e-03 6.283496844361392e-03 6.284178879513705e-03 6.284860914666018e-03 6.285542949818331e-03 6.286224984970644e-03 6.286907020122958e-03 6.287589055275271e-03 6.288271090427584e-03 6.288953125579897e-03 6.289635160732211e-03 6.290317195884523e-03 6.290999231036837e-03 6.291681266189150e-03 6.292363301341463e-03 6.293045336493776e-03 6.293727371646090e-03 6.294409406798402e-03 6.295091441950716e-03 6.295773477103028e-03 6.296455512255342e-03 6.297137547407655e-03 6.297819582559968e-03 6.298501617712281e-03 6.299183652864595e-03 6.299865688016907e-03 6.300547723169221e-03 6.301229758321534e-03 6.301911793473847e-03 6.302593828626160e-03 6.303275863778474e-03 6.303957898930786e-03 6.304639934083100e-03 6.305321969235413e-03 6.306004004387726e-03 6.306686039540039e-03 6.307368074692353e-03 6.308050109844665e-03 6.308732144996979e-03 6.309414180149291e-03 6.310096215301605e-03 6.310778250453918e-03 6.311460285606231e-03 6.312142320758544e-03 6.312824355910858e-03 6.313506391063171e-03 6.314188426215484e-03 6.314870461367797e-03 6.315552496520110e-03 6.316234531672424e-03 6.316916566824737e-03 6.317598601977050e-03 6.318280637129363e-03 6.318962672281677e-03 6.319644707433989e-03 6.320326742586303e-03 6.321008777738615e-03 6.321690812890929e-03 6.322372848043242e-03 6.323054883195555e-03 6.323736918347868e-03 6.324418953500182e-03 6.325100988652494e-03 6.325783023804808e-03 6.326465058957121e-03 6.327147094109434e-03 6.327829129261747e-03 6.328511164414061e-03 6.329193199566373e-03 6.329875234718687e-03 6.330557269871000e-03 6.331239305023313e-03 6.331921340175626e-03 6.332603375327939e-03 6.333285410480252e-03 6.333967445632566e-03 6.334649480784878e-03 6.335331515937192e-03 6.336013551089505e-03 6.336695586241818e-03 6.337377621394131e-03 6.338059656546445e-03 6.338741691698757e-03 6.339423726851071e-03 6.340105762003384e-03 6.340787797155697e-03 6.341469832308010e-03 6.342151867460324e-03 6.342833902612637e-03 6.343515937764950e-03 6.344197972917263e-03 6.344880008069576e-03 6.345562043221890e-03 6.346244078374202e-03 6.346926113526516e-03 6.347608148678829e-03 6.348290183831142e-03 6.348972218983455e-03 6.349654254135769e-03 6.350336289288081e-03 6.351018324440395e-03 6.351700359592708e-03 6.352382394745021e-03 6.353064429897334e-03 6.353746465049648e-03 6.354428500201960e-03 6.355110535354274e-03 6.355792570506587e-03 6.356474605658900e-03 6.357156640811213e-03 6.357838675963526e-03 6.358520711115839e-03 6.359202746268153e-03 6.359884781420465e-03 6.360566816572779e-03 6.361248851725092e-03 6.361930886877405e-03 6.362612922029718e-03 6.363294957182032e-03 6.363976992334344e-03 6.364659027486658e-03 6.365341062638971e-03 6.366023097791284e-03 6.366705132943597e-03 6.367387168095911e-03 6.368069203248223e-03 6.368751238400537e-03 6.369433273552850e-03 6.370115308705163e-03 6.370797343857476e-03 6.371479379009789e-03 6.372161414162103e-03 6.372843449314416e-03 6.373525484466729e-03 6.374207519619042e-03 6.374889554771355e-03 6.375571589923668e-03 6.376253625075982e-03 6.376935660228295e-03 6.377617695380608e-03 6.378299730532921e-03 6.378981765685235e-03 6.379663800837547e-03 6.380345835989861e-03 6.381027871142174e-03 6.381709906294487e-03 6.382391941446800e-03 6.383073976599113e-03 6.383756011751426e-03 6.384438046903740e-03 6.385120082056052e-03 6.385802117208366e-03 6.386484152360679e-03 6.387166187512992e-03 6.387848222665305e-03 6.388530257817619e-03 6.389212292969931e-03 6.389894328122245e-03 6.390576363274558e-03 6.391258398426871e-03 6.391940433579184e-03 6.392622468731498e-03 6.393304503883810e-03 6.393986539036124e-03 6.394668574188436e-03 6.395350609340750e-03 6.396032644493063e-03 6.396714679645376e-03 6.397396714797689e-03 6.398078749950003e-03 6.398760785102315e-03 6.399442820254629e-03 6.400124855406942e-03</slantRangeTime>
        <elevationAngle count="562">3.689437e+01 3.690164e+01 3.690890e+01 3.691615e+01 3.692340e+01 3.693065e+01 3.693790e+01 3.694514e+01 3.695238e+01 3.695962e+01 3.696685e+01 3.697409e+01 3.698132e+01 3.698854e+01 3.699576e+01 3.700298e+01 3.701020e+01 3.701741e+01 3.702462e+01 3.703183e+01 3.703904e+01 3.704624e+01 3.705344e+01 3.706063e+01 3.706782e+01 3.707501e+01 3.708220e+01 3.708938e+01 3.709657e+01 3.710374e+01 3.711092e+01 3.711809e+01 3.712526e+01 3.713242e+01 3.713958e+01 3.714674e+01 3.715390e+01 3.716106e+01 3.716821e+01 3.717535e+01 3.718250e+01 3.718964e+01 3.719678e+01 3.720392e+01 3.721105e+01 3.721818e+01 3.722531e+01 3.723244e+01 3.723956e+01 3.724668e+01 3.725379e+01 3.726091e+01 3.726802e+01 3.727512e+01 3.728223e+01 3.728933e+01 3.729642e+01 3.730352e+01 3.731062e+01 3.731770e+01 3.732479e+01 3.733187e+01 3.733895e+01 3.734604e+01 3.735311e+01 3.736018e+01 3.736725e+01 3.737432e+01 3.738138e+01 3.738844e+01 3.739550e+01 3.740256e+01 3.740961e+01 3.741666e+01 3.742370e+01 3.743075e+01 3.743779e+01 3.744483e+01 3.745186e+01 3.745889e+01 3.746592e+01 3.747295e+01 3.747997e+01 3.748699e+01 3.749401e+01 3.750103e+01 3.750804e+01 3.751505e+01 3.752206e+01 3.752906e+01 3.753606e+01 3.754306e+01 3.755005e+01 3.755704e+01 3.756403e+01 3.757102e+01 3.757801e+01 3.758499e+01 3.759196e+01 3.759894e+01 3.760591e+01 3.761288e+01 3.761985e+01 3.762681e+01 3.763377e+01 3.764073e+01 3.764769e+01 3.765464e+01 3.766159e+01 3.766854e+01 3.767548e+01 3.768243e+01 3.768937e+01 3.769630e+01 3.770324e+01 3.771017e+01 3.771709e+01 3.772402e+01 3.773094e+01 3.773786e+01 3.774478e+01 3.775169e+01 3.775860e+01 3.776551e+01 3.777242e+01 3.777932e+01 3.778622e+01 3.779312e+01 3.780001e+01 3.780690e+01 3.781379e+01 3.782068e+01 3.782756e+01 3.783444e+01 3.784132e+01 3.784819e+01 3.785507e+01 3.786194e+01 3.786880e+01 3.787567e+01 3.788253e+01 3.788939e+01 3.789625e+01 3.790310e+01 3.790995e+01 3.791680e+01 3.792365e+01 3.793048e+01 3.793732e+01 3.794416e+01 3.795100e+01 3.795783e+01 3.796466e+01 3.797149e+01 3.797831e+01 3.798513e+01 3.799195e+01 3.799876e+01 3.800557e+01 3.801239e+01 3.801919e+01 3.802600e+01 3.803280e+01 3.803960e+01 3.804639e+01 3.805319e+01 3.805998e+01 3.806677e+01 3.807355e+01 3.808034e+01 3.808712e+01 3.809389e+01 3.810067e+01 3.810744e+01 3.811421e+01 3.812098e+01 3.812774e+01 3.813451e+01 3.814126e+01 3.814802e+01 3.815477e+01 3.816153e+01 3.816827e+01 3.817502e+01 3.818176e+01 3.818850e+01 3.819524e+01 3.820198e+01 3.820871e+01 3.821544e+01 3.822216e+01 3.822889e+01 3.823561e+01 3.824233e+01 3.824905e+01 3.825576e+01 3.826247e+01 3.826918e+01 3.827589e+01 3.828259e+01 3.828929e+01 3.829599e+01 3.830268e+01 3.830938e+01 3.831607e+01 3.832276e+01 3.832944e+01 3.833612e+01 3.834280e+01 3.834948e+01 3.835616e+01 3.836283e+01 3.836950e+01 3.837616e+01 3.838283e+01 3.838949e+01 3.839615e+01 3.840281e+01 3.840946e+01 3.841611e+01 3.842276e+01 3.842941e+01 3.843605e+01 3.844269e+01 3.844933e+01 3.845596e+01 3.846260e+01 3.846923e+01 3.847586e+01 3.848248e+01 3.848911e+01 3.849572e+01 3.850234e+01 3.850896e+01 3.851557e+01 3.852218e+01 3.852879e+01 3.853539e+01 3.854200e+01 3.854860e+01 3.855519e+01 3.856179e+01 3.856838e+01 3.857497e+01 3.858155e+01 3.858814e+01 3.859472e+01 3.860130e+01 3.860788e+01 3.861445e+01 3.862103e+01 3.862759e+01 3.863416e+01 3.864072e+01 3.864729e+01 3.865385e+01 3.866040e+01 3.866696e+01 3.867351e+01 3.868006e+01 3.868660e+01 3.869315e+01 3.869969e+01 3.870623e+01 3.871276e+01 3.871930e+01 3.872583e+01 3.873236e+01 3.873888e+01 3.874541e+01 3.875193e+01 3.875845e+01 3.876497e+01 3.877148e+01 3.877799e+01 3.878450e+01 3.879101e+01 3.879751e+01 3.880401e+01 3.881051e+01 3.881701e+01 3.882350e+01 3.882999e+01 3.883648e+01 3.884297e+01 3.884945e+01 3.885593e+01 3.886241e+01 3.886889e+01 3.887536e+01 3.888184e+01 3.888831e+01 3.889477e+01 3.890124e+01 3.890770e+01 3.891416e+01 3.892061e+01 3.892707e+01 3.893352e+01 3.893997e+01 3.894641e+01 3.895286e+01 3.895930e+01 3.896574e+01 3.897218e+01 3.897861e+01 3.898505e+01 3.899148e+01 3.899791e+01 3.900433e+01 3.901075e+01 3.901717e+01 3.902359e+01 3.903001e+01 3.903642e+01 3.904283e+01 3.904924e+01 3.905564e+01 3.906205e+01 3.906845e+01 3.907484e+01 3.908124e+01 3.908764e+01 3.909402e+01 3.910041e+01 3.910680e+01 3.911319e+01 3.911956e+01 3.912595e+01 3.913232e+01 3.913869e+01 3.914507e+01 3.915144e+01 3.915780e+01 3.916417e+01 3.917053e+01 3.917689e+01 3.918325e+01 3.918960e+01 3.919595e+01 3.920230e+01 3.920865e+01 3.921500e+01 3.922134e+01 3.922768e+01 3.923402e+01 3.924036e+01 3.924669e+01 3.925302e+01 3.925935e+01 3.926567e+01 3.927200e+01 3.927832e+01 3.928464e+01 3.929096e+01 3.929727e+01 3.930359e+01 3.930989e+01 3.931620e+01 3.932251e+01 3.932881e+01 3.933511e+01 3.934141e+01 3.934770e+01 3.935400e+01 3.936029e+01 3.936657e+01 3.937286e+01 3.937915e+01 3.938543e+01 3.939170e+01 3.939798e+01 3.940426e+01 3.941053e+01 3.941680e+01 3.942307e+01 3.942933e+01 3.943559e+01 3.944186e+01 3.944811e+01 3.945437e+01 3.946062e+01 3.946687e+01 3.947312e+01 3.947937e+01 3.948561e+01 3.949186e+01 3.949809e+01 3.950433e+01 3.951057e+01 3.951680e+01 3.952303e+01 3.952926e+01 3.953548e+01 3.954171e+01 3.954793e+01 3.955415e+01 3.956036e+01 3.956658e+01 3.957279e+01 3.957900e+01 3.958521e+01 3.959141e+01 3.959761e+01 3.960381e+01 3.961001e+01 3.961621e+01 3.962240e+01 3.962859e+01 3.963478e+01 3.964096e+01 3.964715e+01 3.965333e+01 3.965951e+01 3.966569e+01 3.967186e+01 3.967804e+01 3.968421e+01 3.969038e+01 3.969654e+01 3.970271e+01 3.970887e+01 3.971503e+01 3.972118e+01 3.972734e+01 3.973349e+01 3.973964e+01 3.974579e+01 3.975193e+01 3.975808e+01 3.976422e+01 3.977036e+01 3.977649e+01 3.978263e+01 3.978876e+01 3.979489e+01 3.980102e+01 3.980714e+01 3.981327e+01 3.981939e+01 3.982551e+01 3.983162e+01 3.983774e+01 3.984385e+01 3.984996e+01 3.985607e+01 3.986217e+01 3.986827e+01 3.987437e+01 3.988047e+01 3.988657e+01 3.989266e+01 3.989875e+01 3.990485e+01 3.991093e+01 3.991702e+01 3.992310e+01 3.992918e+01 3.993526e+01 3.994134e+01 3.994741e+01 3.995348e+01 3.995955e+01 3.996562e+01 3.997168e+01 3.997775e+01 3.998381e+01 3.998987e+01 3.999592e+01 4.000198e+01 4.000803e+01 4.001408e+01 4.002013e+01 4.002617e+01 4.003222e+01 4.003826e+01 4.004430e+01 4.005033e+01 4.005637e+01 4.006240e+01 4.006843e+01 4.007446e+01 4.008048e+01 4.008651e+01 4.009253e+01 4.009855e+01 4.010456e+01 4.011058e+01 4.011659e+01 4.012260e+01 4.012861e+01 4.013461e+01 4.014062e+01 4.014662e+01 4.015262e+01 4.015862e+01 4.016461e+01 4.017060e+01 4.017659e+01 4.018258e+01 4.018857e+01 4.019455e+01 4.020054e+01 4.020652e+01 4.021249e+01 4.021847e+01 4.022445e+01 4.023042e+01 4.023639e+01 4.024235e+01 4.024832e+01 4.025428e+01 4.026024e+01 4.026620e+01 4.027216e+01 4.027811e+01 4.028406e+01 4.029001e+01 4.029596e+01 4.030191e+01 4.030785e+01 4.031379e+01 4.031973e+01 4.032567e+01 4.033160e+01 4.033754e+01 4.034347e+01 4.034940e+01 4.035532e+01 4.036124e+01 4.036717e+01 4.037309e+01 4.037901e+01 4.038492e+01 4.039083e+01 4.039675e+01 4.040266e+01 4.040857e+01 4.041447e+01 4.042037e+01 4.042627e+01 4.043217e+01 4.043807e+01 4.044397e+01 4.044986e+01 4.045575e+01 4.046164e+01 4.046752e+01 4.047341e+01 4.047929e+01 4.048517e+01 4.049105e+01 4.049693e+01 4.050280e+01 4.050867e+01 4.051454e+01 4.052040e+01 4.052627e+01 4.053214e+01 4.053800e+01 4.054386e+01 4.054971e+01</elevationAngle>
        <elevationPattern count="562">3.859564e+14 7.367283e+14 3.895739e+14 7.433005e+14 3.932031e+14 7.498913e+14 3.968309e+14 7.564792e+14 4.004572e+14 7.630646e+14 4.040819e+14 7.696471e+14 4.077051e+14 7.762270e+14 4.113269e+14 7.828040e+14 4.150140e+14 7.895122e+14 4.187050e+14 7.962284e+14 4.223946e+14 8.029419e+14 4.260826e+14 8.096527e+14 4.297690e+14 8.163604e+14 4.334540e+14 8.230657e+14 4.371383e+14 8.297691e+14 4.409069e+14 8.365700e+14 4.446738e+14 8.433676e+14 4.484392e+14 8.501628e+14 4.522031e+14 8.569551e+14 4.559654e+14 8.637445e+14 4.597261e+14 8.705309e+14 4.634875e+14 8.773204e+14 4.672739e+14 8.841732e+14 4.710587e+14 8.910234e+14 4.748420e+14 8.978706e+14 4.786236e+14 9.047149e+14 4.824038e+14 9.115567e+14 4.861824e+14 9.183955e+14 4.899664e+14 9.252384e+14 4.937994e+14 9.321292e+14 4.976307e+14 9.390170e+14 5.014604e+14 9.459018e+14 5.052885e+14 9.527839e+14 5.091152e+14 9.596633e+14 5.129401e+14 9.665394e+14 5.167655e+14 9.734255e+14 5.206017e+14 9.803822e+14 5.244363e+14 9.873360e+14 5.282694e+14 9.942870e+14 5.321008e+14 1.001235e+15 5.359306e+14 1.008180e+15 5.397589e+14 1.015123e+15 5.435875e+14 1.022048e+15 5.474271e+14 1.028900e+15 5.512649e+14 1.035748e+15 5.551010e+14 1.042593e+15 5.589359e+14 1.049436e+15 5.627688e+14 1.056275e+15 5.666005e+14 1.063112e+15 5.704283e+14 1.069946e+15 5.742425e+14 1.076778e+15 5.780552e+14 1.083606e+15 5.818661e+14 1.090432e+15 5.856754e+14 1.097254e+15 5.894835e+14 1.104075e+15 5.932899e+14 1.110892e+15 5.970947e+14 1.117707e+15 6.008977e+14 1.124518e+15 6.046995e+14 1.131327e+15 6.084996e+14 1.138134e+15 6.122981e+14 1.144937e+15 6.160953e+14 1.151738e+15 6.198905e+14 1.158535e+15 6.236823e+14 1.165330e+15 6.274324e+14 1.172123e+15 6.311806e+14 1.178912e+15 6.349276e+14 1.185699e+15 6.386729e+14 1.192483e+15 6.424167e+14 1.199264e+15 6.461588e+14 1.206043e+15 6.498996e+14 1.212818e+15 6.535977e+14 1.219454e+15 6.572931e+14 1.226083e+15 6.609867e+14 1.232709e+15 6.646792e+14 1.239333e+15 6.683702e+14 1.245954e+15 6.720594e+14 1.252572e+15 6.757473e+14 1.259188e+15 6.793720e+14 1.265554e+15 6.829864e+14 1.271883e+15 6.865996e+14 1.278210e+15 6.902112e+14 1.284533e+15 6.938214e+14 1.290854e+15 6.974300e+14 1.297173e+15 7.010373e+14 1.303490e+15 7.045896e+14 1.309803e+15 7.081239e+14 1.316114e+15 7.116565e+14 1.322422e+15 7.151877e+14 1.328728e+15 7.187175e+14 1.335031e+15 7.222461e+14 1.341332e+15 7.257732e+14 1.347631e+15 7.292465e+14 1.353839e+15 7.326866e+14 1.359992e+15 7.361253e+14 1.366143e+15 7.395629e+14 1.372291e+15 7.429991e+14 1.378437e+15 7.464335e+14 1.384581e+15 7.498670e+14 1.390721e+15 7.532469e+14 1.396730e+15 7.565657e+14 1.402587e+15 7.598834e+14 1.408441e+15 7.631998e+14 1.414294e+15 7.665148e+14 1.420144e+15 7.698285e+14 1.425991e+15 7.731408e+14 1.431837e+15 7.764199e+14 1.437640e+15 7.796182e+14 1.443341e+15 7.828151e+14 1.449040e+15 7.860108e+14 1.454737e+15 7.892052e+14 1.460431e+15 7.923986e+14 1.466124e+15 7.955904e+14 1.471813e+15 7.987702e+14 1.477465e+15 8.018346e+14 1.482734e+15 8.048981e+14 1.488001e+15 8.079602e+14 1.493266e+15 8.110211e+14 1.498530e+15 8.140810e+14 1.503791e+15 8.171394e+14 1.509049e+15 8.201967e+14 1.514307e+15 8.231325e+14 1.519441e+15 8.260490e+14 1.524555e+15 8.289641e+14 1.529667e+15 8.318784e+14 1.534777e+15 8.347915e+14 1.539886e+15 8.377032e+14 1.544991e+15 8.406140e+14 1.550096e+15 8.434195e+14 1.555024e+15 8.461626e+14 1.559849e+15 8.489044e+14 1.564671e+15 8.516452e+14 1.569492e+15 8.543847e+14 1.574310e+15 8.571233e+14 1.579126e+15 8.598609e+14 1.583941e+15 8.625420e+14 1.588654e+15 8.651261e+14 1.593189e+15 8.677094e+14 1.597724e+15 8.702915e+14 1.602256e+15 8.728722e+14 1.606786e+15 8.754526e+14 1.611316e+15 8.780314e+14 1.615843e+15 8.805957e+14 1.620334e+15 8.830082e+14 1.624446e+15 8.854198e+14 1.628556e+15 8.878300e+14 1.632665e+15 8.902400e+14 1.636773e+15 8.926481e+14 1.640877e+15 8.950560e+14 1.644982e+15 8.974627e+14 1.649084e+15 8.997195e+14 1.652866e+15 9.019333e+14 1.656555e+15 9.041456e+14 1.660243e+15 9.063574e+14 1.663929e+15 9.085684e+14 1.667614e+15 9.107776e+14 1.671296e+15 9.129872e+14 1.674979e+15 9.151092e+14 1.678536e+15 9.171258e+14 1.681942e+15 9.191417e+14 1.685347e+15 9.211565e+14 1.688751e+15 9.231706e+14 1.692153e+15 9.251841e+14 1.695554e+15 9.271965e+14 1.698954e+15 9.291902e+14 1.702310e+15 9.310242e+14 1.705299e+15 9.328580e+14 1.708287e+15 9.346910e+14 1.711274e+15 9.365231e+14 1.714260e+15 9.383544e+14 1.717244e+15 9.401852e+14 1.720228e+15 9.420150e+14 1.723210e+15 9.437050e+14 1.725992e+15 9.453438e+14 1.728700e+15 9.469821e+14 1.731409e+15 9.486197e+14 1.734115e+15 9.502570e+14 1.736822e+15 9.518931e+14 1.739526e+15 9.535288e+14 1.742230e+15 9.550940e+14 1.744792e+15 9.565255e+14 1.747088e+15 9.579570e+14 1.749384e+15 9.593877e+14 1.751679e+15 9.608177e+14 1.753972e+15 9.622470e+14 1.756264e+15 9.636762e+14 1.758556e+15 9.651046e+14 1.760847e+15 9.663439e+14 1.762634e+15 9.675692e+14 1.764385e+15 9.687941e+14 1.766135e+15 9.700180e+14 1.767883e+15 9.712419e+14 1.769631e+15 9.724657e+14 1.771380e+15 9.736885e+14 1.773126e+15 9.747970e+14 1.774739e+15 9.757905e+14 1.776215e+15 9.767838e+14 1.777692e+15 9.777767e+14 1.779168e+15 9.787692e+14 1.780643e+15 9.797612e+14 1.782118e+15 9.807531e+14 1.783592e+15 9.817340e+14 1.785042e+15 9.824975e+14 1.785980e+15 9.832603e+14 1.786916e+15 9.840230e+14 1.787853e+15 9.847855e+14 1.788789e+15 9.855475e+14 1.789725e+15 9.863092e+14 1.790660e+15 9.870708e+14 1.791596e+15 9.877107e+14 1.792379e+15 9.882583e+14 1.793047e+15 9.888052e+14 1.793714e+15 9.893521e+14 1.794381e+15 9.898988e+14 1.795047e+15 9.904451e+14 1.795713e+15 9.909917e+14 1.796380e+15 9.915211e+14 1.797009e+15 9.918271e+14 1.797142e+15 9.921332e+14 1.797275e+15 9.924393e+14 1.797408e+15 9.927450e+14 1.797541e+15 9.930509e+14 1.797674e+15 9.933564e+14 1.797807e+15 9.936620e+14 1.797940e+15 9.938363e+14 1.797854e+15 9.939027e+14 1.797589e+15 9.939691e+14 1.797324e+15 9.940353e+14 1.797058e+15 9.941017e+14 1.796794e+15 9.941680e+14 1.796528e+15 9.942343e+14 1.796264e+15 9.942990e+14 1.795996e+15 9.941406e+14 1.795335e+15 9.939818e+14 1.794674e+15 9.938229e+14 1.794012e+15 9.936640e+14 1.793351e+15 9.935059e+14 1.792691e+15 9.933469e+14 1.792030e+15 9.931886e+14 1.791370e+15 9.929312e+14 1.790535e+15 9.925489e+14 1.789480e+15 9.921665e+14 1.788425e+15 9.917843e+14 1.787370e+15 9.914018e+14 1.786315e+15 9.910200e+14 1.785262e+15 9.906382e+14 1.784208e+15 9.902559e+14 1.783154e+15 9.896725e+14 1.781654e+15 9.890543e+14 1.780075e+15 9.884365e+14 1.778497e+15 9.878185e+14 1.776920e+15 9.872009e+14 1.775343e+15 9.865838e+14 1.773767e+15 9.859667e+14 1.772192e+15 9.852924e+14 1.770553e+15 9.844397e+14 1.768716e+15 9.835874e+14 1.766881e+15 9.827356e+14 1.765046e+15 9.818836e+14 1.763211e+15 9.810323e+14 1.761377e+15 9.801813e+14 1.759544e+15 9.793305e+14 1.757712e+15 9.783523e+14 1.755561e+15 9.772927e+14 1.753206e+15 9.762341e+14 1.750853e+15 9.751753e+14 1.748501e+15 9.741171e+14 1.746149e+15 9.730597e+14 1.743799e+15 9.720025e+14 1.741450e+15 9.709451e+14 1.739101e+15 9.696646e+14 1.736504e+15 9.683736e+14 1.733896e+15 9.670834e+14 1.731290e+15 9.657937e+14 1.728684e+15 9.645047e+14 1.726080e+15 9.632156e+14 1.723476e+15 9.619272e+14 1.720873e+15 9.605813e+14 1.718126e+15 9.590859e+14 1.715006e+15 9.575910e+14 1.711886e+15 9.560969e+14 1.708767e+15 9.546035e+14 1.705651e+15 9.531103e+14 1.702535e+15 9.516179e+14 1.699420e+15 9.501258e+14 1.696306e+15 9.485068e+14 1.693044e+15 9.467958e+14 1.689673e+15 9.450851e+14 1.686304e+15 9.433755e+14 1.682937e+15 9.416662e+14 1.679570e+15 9.399576e+14 1.676204e+15 9.382496e+14 1.672840e+15 9.365425e+14 1.669478e+15 9.346806e+14 1.665894e+15 9.327939e+14 1.662276e+15 9.309074e+14 1.658658e+15 9.290222e+14 1.655043e+15 9.271377e+14 1.651428e+15 9.252538e+14 1.647815e+15 9.233701e+14 1.644203e+15 9.214645e+14 1.640550e+15 9.193765e+14 1.636554e+15 9.172893e+14 1.632560e+15 9.152027e+14 1.628567e+15 9.131173e+14 1.624576e+15 9.110322e+14 1.620586e+15 9.089480e+14 1.616598e+15 9.068650e+14 1.612612e+15 9.047158e+14 1.608494e+15 9.024414e+14 1.604125e+15 9.001677e+14 1.599757e+15 8.978951e+14 1.595392e+15 8.956233e+14 1.591028e+15 8.933525e+14 1.586665e+15 8.910822e+14 1.582304e+15 8.888126e+14 1.577945e+15 8.864594e+14 1.573446e+15 8.840378e+14 1.568834e+15 8.816173e+14 1.564223e+15 8.791979e+14 1.559615e+15 8.767793e+14 1.555008e+15 8.743619e+14 1.550403e+15 8.719450e+14 1.545800e+15 8.695289e+14 1.541198e+15 8.669818e+14 1.536504e+15 8.643892e+14 1.531778e+15 8.617973e+14 1.527054e+15 8.592067e+14 1.522333e+15 8.566170e+14 1.517612e+15 8.540279e+14 1.512894e+15 8.514398e+14 1.508176e+15 8.488530e+14 1.503461e+15 8.461406e+14 1.498403e+15 8.434153e+14 1.493309e+15 8.406917e+14 1.488218e+15 8.379685e+14 1.483128e+15 8.352469e+14 1.478041e+15 8.325253e+14 1.472954e+15 8.298055e+14 1.467870e+15 8.270808e+14 1.462783e+15 8.242234e+14 1.457576e+15 8.213669e+14 1.452371e+15 8.185114e+14 1.447167e+15 8.156571e+14 1.441966e+15 8.128038e+14 1.436767e+15 8.099515e+14 1.431569e+15 8.071002e+14 1.426374e+15 8.042305e+14 1.421141e+15 8.012547e+14 1.415696e+15 7.982803e+14 1.410253e+15 7.953069e+14 1.404813e+15 7.923343e+14 1.399373e+15 7.893636e+14 1.393938e+15 7.863934e+14 1.388503e+15 7.834243e+14 1.383070e+15 7.804282e+14 1.377608e+15 7.773477e+14 1.372053e+15 7.742689e+14 1.366501e+15 7.711905e+14 1.360950e+15 7.681138e+14 1.355402e+15 7.650382e+14 1.349856e+15 7.619635e+14 1.344311e+15 7.588903e+14 1.338769e+15 7.557900e+14 1.333149e+15 7.526304e+14 1.327358e+15 7.494722e+14 1.321571e+15 7.463158e+14 1.315786e+15 7.431600e+14 1.310002e+15 7.400056e+14 1.304222e+15 7.368520e+14 1.298442e+15 7.337003e+14 1.292666e+15 7.305169e+14 1.286891e+15 7.272795e+14 1.281118e+15 7.240429e+14 1.275348e+15 7.208077e+14 1.269580e+15 7.175737e+14 1.263814e+15 7.143410e+14 1.258050e+15 7.111095e+14 1.252288e+15 7.078791e+14 1.246528e+15 7.046254e+14 1.240722e+15 7.013351e+14 1.234842e+15 6.980457e+14 1.228964e+15 6.947577e+14 1.223088e+15 6.914709e+14 1.217214e+15 6.881850e+14 1.211342e+15 6.849007e+14 1.205472e+15 6.816175e+14 1.199605e+15 6.783162e+14 1.193692e+15 6.749855e+14 1.187704e+15 6.716560e+14 1.181719e+15 6.683278e+14 1.175735e+15 6.650010e+14 1.169755e+15 6.616753e+14 1.163776e+15 6.583508e+14 1.157799e+15 6.550276e+14 1.151825e+15 6.516920e+14 1.145853e+15 6.483340e+14 1.139883e+15 6.449771e+14 1.133915e+15 6.416216e+14 1.127949e+15 6.382671e+14 1.121986e+15 6.349139e+14 1.116025e+15 6.315623e+14 1.110066e+15 6.282118e+14 1.104110e+15 6.248506e+14 1.098155e+15 6.214652e+14 1.092202e+15 6.180811e+14 1.086252e+15 6.146983e+14 1.080305e+15 6.113166e+14 1.074359e+15 6.079362e+14 1.068415e+15 6.045572e+14 1.062474e+15 6.011793e+14 1.056535e+15 5.978057e+14 1.050598e+15 5.944428e+14 1.044664e+15 5.910808e+14 1.038731e+15 5.877204e+14 1.032801e+15 5.843611e+14 1.026873e+15 5.810031e+14 1.020947e+15 5.776462e+14 1.015023e+15 5.742908e+14 1.009101e+15 5.709364e+14 1.003172e+15 5.675832e+14 9.971803e+14 5.642315e+14 9.911915e+14 5.608808e+14 9.852046e+14 5.575314e+14 9.792200e+14 5.541834e+14 9.732378e+14 5.508363e+14 9.672574e+14 5.474906e+14 9.612795e+14 5.441465e+14 9.553055e+14 5.408156e+14 9.494304e+14 5.374856e+14 9.435567e+14 5.341572e+14 9.376861e+14 5.308299e+14 9.318173e+14 5.275040e+14 9.259510e+14 5.241792e+14 9.200865e+14 5.208555e+14 9.142241e+14 5.175331e+14 9.083639e+14 5.142333e+14 9.025594e+14 5.109377e+14 8.967645e+14 5.076437e+14 8.909723e+14 5.043505e+14 8.851818e+14 5.010587e+14 8.793935e+14 4.977681e+14 8.736074e+14 4.944787e+14 8.678234e+14 4.911904e+14 8.620416e+14 4.879376e+14 8.563130e+14 4.847006e+14 8.506086e+14 4.814649e+14 8.449065e+14 4.782304e+14 8.392065e+14 4.749970e+14 8.335084e+14 4.717648e+14 8.278122e+14 4.685337e+14 8.221182e+14 4.653039e+14 8.164265e+14 4.620997e+14 8.107857e+14 4.589210e+14 8.051955e+14 4.557433e+14 7.996072e+14 4.525670e+14 7.940213e+14 4.493916e+14 7.884370e+14 4.462175e+14 7.828548e+14 4.430446e+14 7.772751e+14 4.398728e+14 7.716969e+14 4.367228e+14 7.661555e+14 4.336260e+14 7.607027e+14 4.305306e+14 7.552523e+14 4.274363e+14 7.498039e+14 4.243430e+14 7.443574e+14 4.212508e+14 7.389125e+14 4.181598e+14 7.334700e+14 4.150700e+14 7.280295e+14 4.119835e+14 7.225954e+14 4.089565e+14 7.172799e+14 4.059305e+14 7.119664e+14 4.029057e+14 7.066548e+14 3.998818e+14 7.013448e+14 3.968591e+14 6.960370e+14 3.938376e+14 6.907313e+14 3.908171e+14 6.854271e+14 3.877976e+14 6.801250e+14 3.848349e+14 6.749268e+14 3.818904e+14 6.697618e+14 3.789466e+14 6.645981e+14 3.760039e+14 6.594365e+14 3.730624e+14 6.542767e+14 3.701218e+14 6.491186e+14 3.671823e+14 6.439626e+14 3.642440e+14 6.388083e+14 3.613524e+14 6.337359e+14 3.585123e+14 6.287538e+14 3.556734e+14 6.237737e+14 3.528354e+14 6.187953e+14 3.499986e+14 6.138188e+14 3.471626e+14 6.088438e+14 3.443278e+14 6.038709e+14 3.414940e+14 5.988997e+14 3.386743e+14 5.939526e+14 3.359265e+14 5.891291e+14 3.331798e+14 5.843072e+14 3.304340e+14 5.794872e+14 3.276891e+14 5.746686e+14 3.249453e+14 5.698521e+14 3.222025e+14 5.650372e+14 3.194607e+14 5.602240e+14 3.167197e+14 5.554124e+14 3.140575e+14 5.507482e+14 3.114143e+14 5.461197e+14 3.087721e+14 5.414928e+14 3.061307e+14 5.368674e+14 3.034905e+14 5.322441e+14 3.008511e+14 5.276220e+14 2.982127e+14 5.230018e+14 2.955752e+14 5.183833e+14 2.929859e+14 5.138452e+14 2.904577e+14 5.094089e+14 2.879304e+14 5.049741e+14 2.854040e+14 5.005410e+14 2.828785e+14 4.961095e+14 2.803540e+14 4.916796e+14 2.778301e+14 4.872510e+14 2.753074e+14 4.828243e+14 2.727898e+14 4.784071e+14 2.703640e+14 4.741619e+14 2.679390e+14 4.699183e+14 2.655150e+14 4.656762e+14 2.630916e+14 4.614353e+14 2.606693e+14 4.571963e+14 2.582478e+14 4.529587e+14 2.558272e+14 4.487225e+14 2.534075e+14 4.444881e+14 2.510553e+14 4.403736e+14 2.487439e+14 4.363315e+14 2.464333e+14 4.322911e+14 2.441237e+14 4.282521e+14 2.418148e+14 4.242147e+14 2.395067e+14 4.201784e+14 2.371995e+14 4.161437e+14 2.348931e+14 4.121105e+14 2.326087e+14 4.081126e+14 2.304222e+14 4.042713e+14 2.282365e+14 4.004317e+14 2.260515e+14 3.965931e+14 2.238673e+14 3.927560e+14 2.216838e+14 3.889202e+14 2.195011e+14 3.850858e+14 2.173193e+14 3.812528e+14 2.151383e+14 3.774213e+14 2.130330e+14 3.737244e+14 2.109594e+14 3.700840e+14 2.088867e+14 3.664448e+14 2.068148e+14 3.628072e+14 2.047435e+14 3.591706e+14 2.026730e+14 3.555355e+14 2.006032e+14 3.519016e+14 1.985340e+14 3.482688e+14 1.964905e+14 3.446796e+14 1.945403e+14 3.412492e+14 1.925909e+14 3.378201e+14 1.906422e+14 3.343923e+14 1.886942e+14 3.309657e+14 1.867468e+14 3.275402e+14 1.848002e+14 3.241159e+14 1.828543e+14 3.206930e+14 1.809090e+14 3.172713e+14 1.790287e+14 3.139794e+14</elevationPattern>
        <incidenceAngle count="562">4.180040e+01 4.180904e+01 4.181767e+01 4.182631e+01 4.183493e+01 4.184355e+01 4.185217e+01 4.186079e+01 4.186942e+01 4.187802e+01 4.188663e+01 4.189523e+01 4.190384e+01 4.191243e+01 4.192102e+01 4.192961e+01 4.193820e+01 4.194679e+01 4.195537e+01 4.196394e+01 4.197252e+01 4.198109e+01 4.198967e+01 4.199823e+01 4.200679e+01 4.201535e+01 4.202391e+01 4.203247e+01 4.204102e+01 4.204956e+01 4.205811e+01 4.206665e+01 4.207518e+01 4.208371e+01 4.209225e+01 4.210077e+01 4.210930e+01 4.211781e+01 4.212634e+01 4.213486e+01 4.214337e+01 4.215187e+01 4.216039e+01 4.216888e+01 4.217738e+01 4.218588e+01 4.219437e+01 4.220287e+01 4.221135e+01 4.221983e+01 4.222830e+01 4.223679e+01 4.224525e+01 4.225374e+01 4.226219e+01 4.227066e+01 4.227913e+01 4.228758e+01 4.229604e+01 4.230449e+01 4.231294e+01 4.232138e+01 4.232983e+01 4.233827e+01 4.234671e+01 4.235513e+01 4.236357e+01 4.237199e+01 4.238042e+01 4.238884e+01 4.239726e+01 4.240567e+01 4.241408e+01 4.242249e+01 4.243089e+01 4.243930e+01 4.244769e+01 4.245610e+01 4.246449e+01 4.247289e+01 4.248126e+01 4.248965e+01 4.249803e+01 4.250641e+01 4.251479e+01 4.252315e+01 4.253152e+01 4.253989e+01 4.254825e+01 4.255661e+01 4.256497e+01 4.257332e+01 4.258167e+01 4.259001e+01 4.259836e+01 4.260670e+01 4.261504e+01 4.262338e+01 4.263171e+01 4.264005e+01 4.264836e+01 4.265669e+01 4.266501e+01 4.267332e+01 4.268164e+01 4.268994e+01 4.269826e+01 4.270656e+01 4.271486e+01 4.272316e+01 4.273146e+01 4.273975e+01 4.274805e+01 4.275633e+01 4.276462e+01 4.277289e+01 4.278117e+01 4.278944e+01 4.279771e+01 4.280598e+01 4.281425e+01 4.282251e+01 4.283078e+01 4.283904e+01 4.284729e+01 4.285553e+01 4.286378e+01 4.287202e+01 4.288026e+01 4.288850e+01 4.289674e+01 4.290498e+01 4.291321e+01 4.292143e+01 4.292966e+01 4.293788e+01 4.294611e+01 4.295432e+01 4.296252e+01 4.297073e+01 4.297894e+01 4.298715e+01 4.299535e+01 4.300354e+01 4.301175e+01 4.301993e+01 4.302812e+01 4.303632e+01 4.304449e+01 4.305267e+01 4.306085e+01 4.306903e+01 4.307719e+01 4.308536e+01 4.309354e+01 4.310168e+01 4.310985e+01 4.311801e+01 4.312616e+01 4.313431e+01 4.314246e+01 4.315060e+01 4.315875e+01 4.316689e+01 4.317502e+01 4.318317e+01 4.319128e+01 4.319942e+01 4.320755e+01 4.321567e+01 4.322379e+01 4.323190e+01 4.324002e+01 4.324812e+01 4.325623e+01 4.326434e+01 4.327245e+01 4.328053e+01 4.328864e+01 4.329672e+01 4.330482e+01 4.331291e+01 4.332098e+01 4.332907e+01 4.333716e+01 4.334523e+01 4.335330e+01 4.336137e+01 4.336945e+01 4.337750e+01 4.338556e+01 4.339363e+01 4.340169e+01 4.340973e+01 4.341779e+01 4.342583e+01 4.343388e+01 4.344193e+01 4.344997e+01 4.345799e+01 4.346603e+01 4.347406e+01 4.348209e+01 4.349011e+01 4.349814e+01 4.350616e+01 4.351418e+01 4.352219e+01 4.353020e+01 4.353821e+01 4.354622e+01 4.355421e+01 4.356221e+01 4.357021e+01 4.357820e+01 4.358620e+01 4.359419e+01 4.360217e+01 4.361015e+01 4.361813e+01 4.362611e+01 4.363409e+01 4.364206e+01 4.365002e+01 4.365800e+01 4.366595e+01 4.367392e+01 4.368188e+01 4.368983e+01 4.369778e+01 4.370573e+01 4.371368e+01 4.372163e+01 4.372957e+01 4.373752e+01 4.374545e+01 4.375339e+01 4.376131e+01 4.376924e+01 4.377716e+01 4.378508e+01 4.379300e+01 4.380092e+01 4.380884e+01 4.381674e+01 4.382466e+01 4.383257e+01 4.384047e+01 4.384837e+01 4.385626e+01 4.386417e+01 4.387206e+01 4.387994e+01 4.388783e+01 4.389571e+01 4.390359e+01 4.391147e+01 4.391934e+01 4.392722e+01 4.393509e+01 4.394296e+01 4.395082e+01 4.395869e+01 4.396655e+01 4.397441e+01 4.398225e+01 4.399011e+01 4.399796e+01 4.400580e+01 4.401364e+01 4.402148e+01 4.402933e+01 4.403717e+01 4.404500e+01 4.405283e+01 4.406065e+01 4.406848e+01 4.407629e+01 4.408412e+01 4.409193e+01 4.409975e+01 4.410756e+01 4.411537e+01 4.412318e+01 4.413098e+01 4.413878e+01 4.414658e+01 4.415437e+01 4.416217e+01 4.416995e+01 4.417775e+01 4.418553e+01 4.419331e+01 4.420110e+01 4.420886e+01 4.421664e+01 4.422441e+01 4.423218e+01 4.423994e+01 4.424771e+01 4.425548e+01 4.426323e+01 4.427098e+01 4.427873e+01 4.428648e+01 4.429424e+01 4.430199e+01 4.430972e+01 4.431746e+01 4.432520e+01 4.433293e+01 4.434067e+01 4.434840e+01 4.435612e+01 4.436385e+01 4.437157e+01 4.437929e+01 4.438701e+01 4.439471e+01 4.440244e+01 4.441014e+01 4.441785e+01 4.442555e+01 4.443326e+01 4.444095e+01 4.444864e+01 4.445634e+01 4.446404e+01 4.447171e+01 4.447940e+01 4.448708e+01 4.449477e+01 4.450244e+01 4.451012e+01 4.451779e+01 4.452545e+01 4.453313e+01 4.454079e+01 4.454845e+01 4.455611e+01 4.456377e+01 4.457143e+01 4.457907e+01 4.458672e+01 4.459438e+01 4.460202e+01 4.460965e+01 4.461729e+01 4.462492e+01 4.463257e+01 4.464020e+01 4.464783e+01 4.465546e+01 4.466307e+01 4.467070e+01 4.467831e+01 4.468593e+01 4.469354e+01 4.470116e+01 4.470876e+01 4.471637e+01 4.472397e+01 4.473157e+01 4.473917e+01 4.474677e+01 4.475436e+01 4.476195e+01 4.476953e+01 4.477713e+01 4.478471e+01 4.479228e+01 4.479987e+01 4.480743e+01 4.481502e+01 4.482259e+01 4.483015e+01 4.483772e+01 4.484528e+01 4.485284e+01 4.486040e+01 4.486795e+01 4.487550e+01 4.488306e+01 4.489061e+01 4.489815e+01 4.490570e+01 4.491324e+01 4.492078e+01 4.492831e+01 4.493584e+01 4.494337e+01 4.495090e+01 4.495842e+01 4.496594e+01 4.497346e+01 4.498099e+01 4.498851e+01 4.499602e+01 4.500352e+01 4.501103e+01 4.501854e+01 4.502605e+01 4.503354e+01 4.504105e+01 4.504854e+01 4.505603e+01 4.506352e+01 4.507101e+01 4.507851e+01 4.508598e+01 4.509346e+01 4.510094e+01 4.510841e+01 4.511589e+01 4.512337e+01 4.513083e+01 4.513831e+01 4.514577e+01 4.515323e+01 4.516069e+01 4.516814e+01 4.517560e+01 4.518304e+01 4.519049e+01 4.519794e+01 4.520538e+01 4.521283e+01 4.522028e+01 4.522771e+01 4.523514e+01 4.524257e+01 4.525000e+01 4.525743e+01 4.526486e+01 4.527228e+01 4.527969e+01 4.528712e+01 4.529454e+01 4.530194e+01 4.530936e+01 4.531676e+01 4.532417e+01 4.533157e+01 4.533897e+01 4.534637e+01 4.535378e+01 4.536116e+01 4.536856e+01 4.537595e+01 4.538333e+01 4.539072e+01 4.539810e+01 4.540547e+01 4.541286e+01 4.542023e+01 4.542760e+01 4.543497e+01 4.544234e+01 4.544971e+01 4.545706e+01 4.546443e+01 4.547179e+01 4.547914e+01 4.548650e+01 4.549385e+01 4.550119e+01 4.550854e+01 4.551588e+01 4.552322e+01 4.553056e+01 4.553790e+01 4.554523e+01 4.555257e+01 4.555989e+01 4.556721e+01 4.557454e+01 4.558186e+01 4.558919e+01 4.559651e+01 4.560382e+01 4.561113e+01 4.561845e+01 4.562575e+01 4.563306e+01 4.564037e+01 4.564766e+01 4.565497e+01 4.566226e+01 4.566956e+01 4.567685e+01 4.568414e+01 4.569142e+01 4.569872e+01 4.570599e+01 4.571327e+01 4.572055e+01 4.572783e+01 4.573511e+01 4.574237e+01 4.574963e+01 4.575691e+01 4.576418e+01 4.577144e+01 4.577869e+01 4.578595e+01 4.579320e+01 4.580046e+01 4.580771e+01 4.581496e+01 4.582220e+01 4.582944e+01 4.583669e+01 4.584392e+01 4.585117e+01 4.585840e+01 4.586563e+01 4.587285e+01 4.588008e+01 4.588731e+01 4.589453e+01 4.590175e+01 4.590897e+01 4.591618e+01 4.592340e+01 4.593060e+01 4.593782e+01 4.594502e+01 4.595222e+01 4.595943e+01 4.596663e+01 4.597383e+01 4.598102e+01 4.598822e+01 4.599541e+01 4.600259e+01 4.600978e+01 4.601697e+01 4.602414e+01 4.603133e+01 4.603850e+01 4.604568e+01 4.605286e+01 4.606003e+01 4.606718e+01 4.607436e+01 4.608151e+01 4.608868e+01 4.609584e+01 4.610300e+01 4.611015e+01 4.611729e+01 4.612445e+01 4.613161e+01 4.613875e+01 4.614589e+01 4.615303e+01 4.616017e+01 4.616730e+01 4.617444e+01 4.618156e+01 4.618871e+01 4.619583e+01</incidenceAngle>
        <terrainHeight>2.510315989633333e+03</terrainHeight>
        <roll>3.009569007769797e+01</roll>
      </antennaPattern>
      <antennaPattern>
        <swath>IW3</swath>
        <azimuthTime>2015-05-16T13:34:31.993010</azimuthTime>
        <slantRangeTime count="562">6.017503134959210e-03 6.018185170111523e-03 6.018867205263837e-03 6.019549240416150e-03 6.020231275568463e-03 6.020913310720777e-03 6.021595345873090e-03 6.022277381025403e-03 6.022959416177718e-03 6.023641451330030e-03 6.024323486482344e-03 6.025005521634657e-03 6.025687556786971e-03 6.026369591939284e-03 6.027051627091597e-03 6.027733662243911e-03 6.028415697396225e-03 6.029097732548537e-03 6.029779767700852e-03 6.030461802853164e-03 6.031143838005478e-03 6.031825873157792e-03 6.032507908310105e-03 6.033189943462418e-03 6.033871978614731e-03 6.034554013767045e-03 6.035236048919359e-03 6.035918084071672e-03 6.036600119223985e-03 6.037282154376299e-03 6.037964189528612e-03 6.038646224680926e-03 6.039328259833239e-03 6.040010294985553e-03 6.040692330137866e-03 6.041374365290180e-03 6.042056400442493e-03 6.042738435594807e-03 6.043420470747120e-03 6.044102505899433e-03 6.044784541051747e-03 6.045466576204060e-03 6.046148611356373e-03 6.046830646508687e-03 6.047512681661001e-03 6.048194716813313e-03 6.048876751965627e-03 6.049558787117940e-03 6.050240822270254e-03 6.050922857422567e-03 6.051604892574880e-03 6.052286927727194e-03 6.052968962879508e-03 6.053650998031820e-03 6.054333033184134e-03 6.055015068336447e-03 6.055697103488761e-03 6.056379138641074e-03 6.057061173793387e-03 6.057743208945701e-03 6.058425244098014e-03 6.059107279250327e-03 6.059789314402641e-03 6.060471349554954e-03 6.061153384707267e-03 6.061835419859581e-03 6.062517455011894e-03 6.063199490164208e-03 6.063881525316521e-03 6.064563560468834e-03 6.065245595621147e-03 6.065927630773461e-03 6.066609665925774e-03 6.067291701078088e-03 6.067973736230400e-03 6.068655771382715e-03 6.069337806535028e-03 6.070019841687341e-03 6.070701876839654e-03 6.071383911991968e-03 6.072065947144281e-03 6.072747982296595e-03 6.073430017448908e-03 6.074112052601222e-03 6.074794087753535e-03 6.075476122905848e-03 6.076158158058163e-03 6.076840193210475e-03 6.077522228362790e-03 6.078204263515102e-03 6.078886298667417e-03 6.079568333819730e-03 6.080250368972044e-03 6.080932404124357e-03 6.081614439276671e-03 6.082296474428984e-03 6.082978509581298e-03 6.083660544733611e-03 6.084342579885925e-03 6.085024615038238e-03 6.085706650190552e-03 6.086388685342866e-03 6.087070720495179e-03 6.087752755647493e-03 6.088434790799806e-03 6.089116825952120e-03 6.089798861104434e-03 6.090480896256746e-03 6.091162931409061e-03 6.091844966561373e-03 6.092527001713688e-03 6.093209036866001e-03 6.093891072018315e-03 6.094573107170628e-03 6.095255142322942e-03 6.095937177475255e-03 6.096619212627569e-03 6.097301247779882e-03 6.097983282932196e-03 6.098665318084509e-03 6.099347353236823e-03 6.100029388389137e-03 6.100711423541450e-03 6.101393458693764e-03 6.102075493846077e-03 6.102757528998391e-03 6.103439564150704e-03 6.104121599303017e-03 6.104803634455332e-03 6.105485669607644e-03 6.106167704759959e-03 6.106849739912271e-03 6.107531775064586e-03 6.108213810216899e-03 6.108895845369213e-03 6.109577880521526e-03 6.110259915673840e-03 6.110941950826153e-03 6.111623985978467e-03 6.112306021130780e-03 6.112988056283094e-03 6.113670091435407e-03 6.114352126587721e-03 6.115034161740035e-03 6.115716196892348e-03 6.116398232044662e-03 6.117080267196975e-03 6.117762302349289e-03 6.118444337501603e-03 6.119126372653915e-03 6.119808407806230e-03 6.120490442958542e-03 6.121172478110857e-03 6.121854513263170e-03 6.122536548415484e-03 6.123218583567797e-03 6.123900618720111e-03 6.124582653872424e-03 6.125264689024738e-03 6.125946724177051e-03 6.126628759329365e-03 6.127310794481678e-03 6.127992829633991e-03 6.128674864786305e-03 6.129356899938617e-03 6.130038935090931e-03 6.130720970243244e-03 6.131403005395557e-03 6.132085040547870e-03 6.132767075700184e-03 6.133449110852496e-03 6.134131146004810e-03 6.134813181157123e-03 6.135495216309436e-03 6.136177251461749e-03 6.136859286614062e-03 6.137541321766376e-03 6.138223356918689e-03 6.138905392071002e-03 6.139587427223315e-03 6.140269462375629e-03 6.140951497527941e-03 6.141633532680255e-03 6.142315567832568e-03 6.142997602984881e-03 6.143679638137194e-03 6.144361673289508e-03 6.145043708441820e-03 6.145725743594134e-03 6.146407778746447e-03 6.147089813898760e-03 6.147771849051073e-03 6.148453884203386e-03 6.149135919355699e-03 6.149817954508013e-03 6.150499989660325e-03 6.151182024812639e-03 6.151864059964952e-03 6.152546095117265e-03 6.153228130269578e-03 6.153910165421892e-03 6.154592200574204e-03 6.155274235726518e-03 6.155956270878831e-03 6.156638306031144e-03 6.157320341183457e-03 6.158002376335771e-03 6.158684411488083e-03 6.159366446640397e-03 6.160048481792709e-03 6.160730516945023e-03 6.161412552097336e-03 6.162094587249649e-03 6.162776622401962e-03 6.163458657554276e-03 6.164140692706589e-03 6.164822727858902e-03 6.165504763011215e-03 6.166186798163528e-03 6.166868833315842e-03 6.167550868468155e-03 6.168232903620468e-03 6.168914938772781e-03 6.169596973925094e-03 6.170279009077407e-03 6.170961044229721e-03 6.171643079382033e-03 6.172325114534347e-03 6.173007149686660e-03 6.173689184838973e-03 6.174371219991286e-03 6.175053255143600e-03 6.175735290295912e-03 6.176417325448226e-03 6.177099360600539e-03 6.177781395752852e-03 6.178463430905165e-03 6.179145466057479e-03 6.179827501209791e-03 6.180509536362105e-03 6.181191571514418e-03 6.181873606666731e-03 6.182555641819044e-03 6.183237676971358e-03 6.183919712123670e-03 6.184601747275984e-03 6.185283782428296e-03 6.185965817580610e-03 6.186647852732923e-03 6.187329887885236e-03 6.188011923037549e-03 6.188693958189863e-03 6.189375993342175e-03 6.190058028494489e-03 6.190740063646802e-03 6.191422098799115e-03 6.192104133951428e-03 6.192786169103742e-03 6.193468204256054e-03 6.194150239408368e-03 6.194832274560681e-03 6.195514309712994e-03 6.196196344865307e-03 6.196878380017620e-03 6.197560415169934e-03 6.198242450322247e-03 6.198924485474560e-03 6.199606520626873e-03 6.200288555779187e-03 6.200970590931499e-03 6.201652626083813e-03 6.202334661236126e-03 6.203016696388439e-03 6.203698731540752e-03 6.204380766693066e-03 6.205062801845378e-03 6.205744836997692e-03 6.206426872150005e-03 6.207108907302318e-03 6.207790942454631e-03 6.208472977606945e-03 6.209155012759257e-03 6.209837047911571e-03 6.210519083063883e-03 6.211201118216197e-03 6.211883153368510e-03 6.212565188520823e-03 6.213247223673136e-03 6.213929258825450e-03 6.214611293977762e-03 6.215293329130076e-03 6.215975364282389e-03 6.216657399434702e-03 6.217339434587015e-03 6.218021469739329e-03 6.218703504891641e-03 6.219385540043955e-03 6.220067575196268e-03 6.220749610348581e-03 6.221431645500894e-03 6.222113680653207e-03 6.222795715805520e-03 6.223477750957834e-03 6.224159786110147e-03 6.224841821262460e-03 6.225523856414773e-03 6.226205891567086e-03 6.226887926719400e-03 6.227569961871713e-03 6.228251997024026e-03 6.228934032176339e-03 6.229616067328653e-03 6.230298102480965e-03 6.230980137633279e-03 6.231662172785592e-03 6.232344207937905e-03 6.233026243090218e-03 6.233708278242531e-03 6.234390313394844e-03 6.235072348547158e-03 6.235754383699470e-03 6.236436418851784e-03 6.237118454004097e-03 6.237800489156410e-03 6.238482524308723e-03 6.239164559461037e-03 6.239846594613349e-03 6.240528629765663e-03 6.241210664917976e-03 6.241892700070289e-03 6.242574735222602e-03 6.243256770374916e-03 6.243938805527228e-03 6.244620840679542e-03 6.245302875831855e-03 6.245984910984168e-03 6.246666946136481e-03 6.247348981288794e-03 6.248031016441107e-03 6.248713051593421e-03 6.249395086745733e-03 6.250077121898047e-03 6.250759157050360e-03 6.251441192202673e-03 6.252123227354986e-03 6.252805262507300e-03 6.253487297659613e-03 6.254169332811926e-03 6.254851367964239e-03 6.255533403116552e-03 6.256215438268866e-03 6.256897473421179e-03 6.257579508573492e-03 6.258261543725805e-03 6.258943578878118e-03 6.259625614030431e-03 6.260307649182745e-03 6.260989684335057e-03 6.261671719487371e-03 6.262353754639684e-03 6.263035789791997e-03 6.263717824944310e-03 6.264399860096624e-03 6.265081895248936e-03 6.265763930401250e-03 6.266445965553563e-03 6.267128000705876e-03 6.267810035858189e-03 6.268492071010503e-03 6.269174106162815e-03 6.269856141315129e-03 6.270538176467441e-03 6.271220211619755e-03 6.271902246772068e-03 6.272584281924381e-03 6.273266317076694e-03 6.273948352229008e-03 6.274630387381320e-03 6.275312422533634e-03 6.275994457685947e-03 6.276676492838260e-03 6.277358527990573e-03 6.278040563142887e-03 6.278722598295199e-03 6.279404633447513e-03 6.280086668599826e-03 6.280768703752139e-03 6.281450738904452e-03 6.282132774056766e-03 6.282814809209078e-03 6.283496844361392e-03 6.284178879513705e-03 6.284860914666018e-03 6.285542949818331e-03 6.286224984970644e-03 6.286907020122958e-03 6.287589055275271e-03 6.288271090427584e-03 6.288953125579897e-03 6.289635160732211e-03 6.290317195884523e-03 6.290999231036837e-03 6.291681266189150e-03 6.292363301341463e-03 6.293045336493776e-03 6.293727371646090e-03 6.294409406798402e-03 6.295091441950716e-03 6.295773477103028e-03 6.296455512255342e-03 6.297137547407655e-03 6.297819582559968e-03 6.298501617712281e-03 6.299183652864595e-03 6.299865688016907e-03 6.300547723169221e-03 6.301229758321534e-03 6.301911793473847e-03 6.302593828626160e-03 6.303275863778474e-03 6.303957898930786e-03 6.304639934083100e-03 6.305321969235413e-03 6.306004004387726e-03 6.306686039540039e-03 6.307368074692353e-03 6.308050109844665e-03 6.308732144996979e-03 6.309414180149291e-03 6.310096215301605e-03 6.310778250453918e-03 6.311460285606231e-03 6.312142320758544e-03 6.312824355910858e-03 6.313506391063171e-03 6.314188426215484e-03 6.314870461367797e-03 6.315552496520110e-03 6.316234531672424e-03 6.316916566824737e-03 6.317598601977050e-03 6.318280637129363e-03 6.318962672281677e-03 6.319644707433989e-03 6.320326742586303e-03 6.321008777738615e-03 6.321690812890929e-03 6.322372848043242e-03 6.323054883195555e-03 6.323736918347868e-03 6.324418953500182e-03 6.325100988652494e-03 6.325783023804808e-03 6.326465058957121e-03 6.327147094109434e-03 6.327829129261747e-03 6.328511164414061e-03 6.329193199566373e-03 6.329875234718687e-03 6.330557269871000e-03 6.331239305023313e-03 6.331921340175626e-03 6.332603375327939e-03 6.333285410480252e-03 6.333967445632566e-03 6.334649480784878e-03 6.335331515937192e-03 6.336013551089505e-03 6.336695586241818e-03 6.337377621394131e-03 6.338059656546445e-03 6.338741691698757e-03 6.339423726851071e-03 6.340105762003384e-03 6.340787797155697e-03 6.341469832308010e-03 6.342151867460324e-03 6.342833902612637e-03 6.343515937764950e-03 6.344197972917263e-03 6.344880008069576e-03 6.345562043221890e-03 6.346244078374202e-03 6.346926113526516e-03 6.347608148678829e-03 6.348290183831142e-03 6.348972218983455e-03 6.349654254135769e-03 6.350336289288081e-03 6.351018324440395e-03 6.351700359592708e-03 6.352382394745021e-03 6.353064429897334e-03 6.353746465049648e-03 6.354428500201960e-03 6.355110535354274e-03 6.355792570506587e-03 6.356474605658900e-03 6.357156640811213e-03 6.357838675963526e-03 6.358520711115839e-03 6.359202746268153e-03 6.359884781420465e-03 6.360566816572779e-03 6.361248851725092e-03 6.361930886877405e-03 6.362612922029718e-03 6.363294957182032e-03 6.363976992334344e-03 6.364659027486658e-03 6.365341062638971e-03 6.366023097791284e-03 6.366705132943597e-03 6.367387168095911e-03 6.368069203248223e-03 6.368751238400537e-03 6.369433273552850e-03 6.370115308705163e-03 6.370797343857476e-03 6.371479379009789e-03 6.372161414162103e-03 6.372843449314416e-03 6.373525484466729e-03 6.374207519619042e-03 6.374889554771355e-03 6.375571589923668e-03 6.376253625075982e-03 6.376935660228295e-03 6.377617695380608e-03 6.378299730532921e-03 6.378981765685235e-03 6.379663800837547e-03 6.380345835989861e-03 6.381027871142174e-03 6.381709906294487e-03 6.382391941446800e-03 6.383073976599113e-03 6.383756011751426e-03 6.384438046903740e-03 6.385120082056052e-03 6.385802117208366e-03 6.386484152360679e-03 6.387166187512992e-03 6.387848222665305e-03 6.388530257817619e-03 6.389212292969931e-03 6.389894328122245e-03 6.390576363274558e-03 6.391258398426871e-03 6.391940433579184e-03 6.392622468731498e-03 6.393304503883810e-03 6.393986539036124e-03 6.394668574188436e-03 6.395350609340750e-03 6.396032644493063e-03 6.396714679645376e-03 6.397396714797689e-03 6.398078749950003e-03 6.398760785102315e-03 6.399442820254629e-03 6.400124855406942e-03</slantRangeTime>
        <elevationAngle count="562">3.689516e+01 3.690243e+01 3.690968e+01 3.691694e+01 3.692419e+01 3.693144e+01 3.693869e+01 3.694593e+01 3.695317e+01 3.696041e+01 3.696764e+01 3.697487e+01 3.698210e+01 3.698933e+01 3.699655e+01 3.700377e+01 3.701099e+01 3.701820e+01 3.702541e+01 3.703262e+01 3.703982e+01 3.704702e+01 3.705422e+01 3.706142e+01 3.706861e+01 3.707580e+01 3.708298e+01 3.709017e+01 3.709735e+01 3.710452e+01 3.711170e+01 3.711887e+01 3.712604e+01 3.713321e+01 3.714037e+01 3.714753e+01 3.715468e+01 3.716184e+01 3.716899e+01 3.717614e+01 3.718328e+01 3.719042e+01 3.719756e+01 3.720470e+01 3.721183e+01 3.721896e+01 3.722609e+01 3.723322e+01 3.724034e+01 3.724746e+01 3.725457e+01 3.726168e+01 3.726880e+01 3.727590e+01 3.728300e+01 3.729010e+01 3.729720e+01 3.730430e+01 3.731139e+01 3.731848e+01 3.732557e+01 3.733265e+01 3.733973e+01 3.734681e+01 3.735389e+01 3.736096e+01 3.736803e+01 3.737509e+01 3.738216e+01 3.738922e+01 3.739627e+01 3.740333e+01 3.741038e+01 3.741743e+01 3.742448e+01 3.743152e+01 3.743856e+01 3.744560e+01 3.745263e+01 3.745967e+01 3.746669e+01 3.747372e+01 3.748074e+01 3.748777e+01 3.749478e+01 3.750180e+01 3.750881e+01 3.751582e+01 3.752283e+01 3.752983e+01 3.753683e+01 3.754383e+01 3.755082e+01 3.755782e+01 3.756480e+01 3.757179e+01 3.757877e+01 3.758575e+01 3.759274e+01 3.759971e+01 3.760668e+01 3.761365e+01 3.762062e+01 3.762758e+01 3.763454e+01 3.764150e+01 3.764846e+01 3.765541e+01 3.766236e+01 3.766931e+01 3.767625e+01 3.768319e+01 3.769013e+01 3.769707e+01 3.770400e+01 3.771093e+01 3.771786e+01 3.772478e+01 3.773170e+01 3.773862e+01 3.774554e+01 3.775246e+01 3.775937e+01 3.776627e+01 3.777318e+01 3.778008e+01 3.778698e+01 3.779388e+01 3.780077e+01 3.780767e+01 3.781456e+01 3.782144e+01 3.782832e+01 3.783521e+01 3.784208e+01 3.784896e+01 3.785583e+01 3.786270e+01 3.786957e+01 3.787643e+01 3.788329e+01 3.789015e+01 3.789701e+01 3.790386e+01 3.791071e+01 3.791756e+01 3.792440e+01 3.793124e+01 3.793808e+01 3.794492e+01 3.795176e+01 3.795859e+01 3.796542e+01 3.797224e+01 3.797906e+01 3.798589e+01 3.799271e+01 3.799952e+01 3.800633e+01 3.801314e+01 3.801995e+01 3.802675e+01 3.803355e+01 3.804036e+01 3.804715e+01 3.805394e+01 3.806073e+01 3.806752e+01 3.807431e+01 3.808109e+01 3.808787e+01 3.809465e+01 3.810143e+01 3.810820e+01 3.811497e+01 3.812173e+01 3.812850e+01 3.813526e+01 3.814202e+01 3.814877e+01 3.815553e+01 3.816228e+01 3.816903e+01 3.817577e+01 3.818251e+01 3.818925e+01 3.819599e+01 3.820273e+01 3.820946e+01 3.821619e+01 3.822292e+01 3.822964e+01 3.823636e+01 3.824308e+01 3.824980e+01 3.825651e+01 3.826322e+01 3.826993e+01 3.827664e+01 3.828334e+01 3.829004e+01 3.829674e+01 3.830343e+01 3.831013e+01 3.831682e+01 3.832351e+01 3.833019e+01 3.833687e+01 3.834355e+01 3.835023e+01 3.835690e+01 3.836357e+01 3.837024e+01 3.837691e+01 3.838358e+01 3.839024e+01 3.839690e+01 3.840355e+01 3.841021e+01 3.841685e+01 3.842350e+01 3.843015e+01 3.843679e+01 3.844344e+01 3.845007e+01 3.845671e+01 3.846334e+01 3.846997e+01 3.847660e+01 3.848323e+01 3.848985e+01 3.849647e+01 3.850309e+01 3.850970e+01 3.851631e+01 3.852292e+01 3.852953e+01 3.853614e+01 3.854274e+01 3.854934e+01 3.855593e+01 3.856253e+01 3.856912e+01 3.857571e+01 3.858230e+01 3.858888e+01 3.859546e+01 3.860204e+01 3.860862e+01 3.861519e+01 3.862177e+01 3.862833e+01 3.863490e+01 3.864146e+01 3.864803e+01 3.865459e+01 3.866114e+01 3.866769e+01 3.867425e+01 3.868080e+01 3.868734e+01 3.869389e+01 3.870043e+01 3.870697e+01 3.871350e+01 3.872004e+01 3.872657e+01 3.873310e+01 3.873962e+01 3.874615e+01 3.875267e+01 3.875919e+01 3.876570e+01 3.877222e+01 3.877873e+01 3.878524e+01 3.879174e+01 3.879824e+01 3.880475e+01 3.881124e+01 3.881774e+01 3.882424e+01 3.883073e+01 3.883722e+01 3.884370e+01 3.885019e+01 3.885667e+01 3.886315e+01 3.886963e+01 3.887610e+01 3.888257e+01 3.888904e+01 3.889550e+01 3.890197e+01 3.890843e+01 3.891489e+01 3.892134e+01 3.892780e+01 3.893425e+01 3.894070e+01 3.894715e+01 3.895359e+01 3.896003e+01 3.896647e+01 3.897291e+01 3.897935e+01 3.898578e+01 3.899221e+01 3.899863e+01 3.900506e+01 3.901148e+01 3.901790e+01 3.902432e+01 3.903074e+01 3.903715e+01 3.904356e+01 3.904996e+01 3.905637e+01 3.906277e+01 3.906918e+01 3.907557e+01 3.908197e+01 3.908836e+01 3.909475e+01 3.910114e+01 3.910753e+01 3.911391e+01 3.912029e+01 3.912667e+01 3.913305e+01 3.913942e+01 3.914579e+01 3.915216e+01 3.915853e+01 3.916489e+01 3.917126e+01 3.917762e+01 3.918397e+01 3.919033e+01 3.919668e+01 3.920303e+01 3.920938e+01 3.921572e+01 3.922206e+01 3.922840e+01 3.923475e+01 3.924108e+01 3.924741e+01 3.925374e+01 3.926007e+01 3.926640e+01 3.927272e+01 3.927905e+01 3.928536e+01 3.929168e+01 3.929799e+01 3.930431e+01 3.931062e+01 3.931692e+01 3.932323e+01 3.932953e+01 3.933583e+01 3.934213e+01 3.934842e+01 3.935472e+01 3.936101e+01 3.936729e+01 3.937358e+01 3.937986e+01 3.938615e+01 3.939243e+01 3.939870e+01 3.940498e+01 3.941125e+01 3.941752e+01 3.942379e+01 3.943005e+01 3.943631e+01 3.944257e+01 3.944883e+01 3.945509e+01 3.946134e+01 3.946759e+01 3.947384e+01 3.948009e+01 3.948633e+01 3.949257e+01 3.949881e+01 3.950505e+01 3.951128e+01 3.951752e+01 3.952375e+01 3.952997e+01 3.953620e+01 3.954242e+01 3.954864e+01 3.955486e+01 3.956108e+01 3.956729e+01 3.957350e+01 3.957971e+01 3.958592e+01 3.959212e+01 3.959833e+01 3.960453e+01 3.961073e+01 3.961692e+01 3.962311e+01 3.962930e+01 3.963549e+01 3.964168e+01 3.964786e+01 3.965405e+01 3.966022e+01 3.966640e+01 3.967258e+01 3.967875e+01 3.968492e+01 3.969109e+01 3.969725e+01 3.970342e+01 3.970958e+01 3.971574e+01 3.972189e+01 3.972805e+01 3.973420e+01 3.974035e+01 3.974650e+01 3.975264e+01 3.975879e+01 3.976493e+01 3.977107e+01 3.977720e+01 3.978334e+01 3.978947e+01 3.979560e+01 3.980173e+01 3.980785e+01 3.981398e+01 3.982010e+01 3.982621e+01 3.983233e+01 3.983844e+01 3.984456e+01 3.985067e+01 3.985677e+01 3.986288e+01 3.986898e+01 3.987508e+01 3.988118e+01 3.988728e+01 3.989337e+01 3.989946e+01 3.990555e+01 3.991164e+01 3.991772e+01 3.992381e+01 3.992989e+01 3.993597e+01 3.994204e+01 3.994812e+01 3.995419e+01 3.996025e+01 3.996632e+01 3.997239e+01 3.997845e+01 3.998451e+01 3.999057e+01 3.999663e+01 4.000268e+01 4.000873e+01 4.001478e+01 4.002083e+01 4.002687e+01 4.003292e+01 4.003896e+01 4.004500e+01 4.005103e+01 4.005707e+01 4.006310e+01 4.006913e+01 4.007516e+01 4.008118e+01 4.008721e+01 4.009323e+01 4.009925e+01 4.010526e+01 4.011128e+01 4.011729e+01 4.012330e+01 4.012931e+01 4.013531e+01 4.014132e+01 4.014732e+01 4.015332e+01 4.015932e+01 4.016531e+01 4.017130e+01 4.017730e+01 4.018328e+01 4.018927e+01 4.019526e+01 4.020124e+01 4.020721e+01 4.021319e+01 4.021917e+01 4.022514e+01 4.023111e+01 4.023708e+01 4.024305e+01 4.024902e+01 4.025498e+01 4.026094e+01 4.026690e+01 4.027285e+01 4.027881e+01 4.028476e+01 4.029071e+01 4.029666e+01 4.030260e+01 4.030854e+01 4.031449e+01 4.032043e+01 4.032636e+01 4.033230e+01 4.033823e+01 4.034416e+01 4.035009e+01 4.035601e+01 4.036194e+01 4.036786e+01 4.037378e+01 4.037970e+01 4.038562e+01 4.039153e+01 4.039744e+01 4.040335e+01 4.040926e+01 4.041516e+01 4.042107e+01 4.042697e+01 4.043287e+01 4.043876e+01 4.044466e+01 4.045055e+01 4.045644e+01 4.046233e+01 4.046822e+01 4.047410e+01 4.047998e+01 4.048586e+01 4.049174e+01 4.049762e+01 4.050349e+01 4.050936e+01 4.051523e+01 4.052110e+01 4.052696e+01 4.053283e+01 4.053868e+01 4.054454e+01 4.055040e+01</elevationAngle>
        <elevationPattern count="562">3.854611e+14 7.358267e+14 3.890684e+14 7.423825e+14 3.926977e+14 7.489734e+14 3.963253e+14 7.555611e+14 3.999514e+14 7.621461e+14 4.035761e+14 7.687285e+14 4.071992e+14 7.753082e+14 4.108207e+14 7.818848e+14 4.144977e+14 7.885727e+14 4.181886e+14 7.952887e+14 4.218782e+14 8.020021e+14 4.255660e+14 8.087127e+14 4.292523e+14 8.154203e+14 4.329372e+14 8.221254e+14 4.366206e+14 8.288276e+14 4.403777e+14 8.356147e+14 4.441444e+14 8.424124e+14 4.479099e+14 8.492074e+14 4.516736e+14 8.559994e+14 4.554357e+14 8.627886e+14 4.591964e+14 8.695751e+14 4.629554e+14 8.763585e+14 4.667398e+14 8.832067e+14 4.705245e+14 8.900565e+14 4.743078e+14 8.969038e+14 4.780894e+14 9.037480e+14 4.818693e+14 9.105893e+14 4.856478e+14 9.174279e+14 4.894247e+14 9.242637e+14 4.932564e+14 9.311531e+14 4.970876e+14 9.380407e+14 5.009172e+14 9.449252e+14 5.047452e+14 9.518070e+14 5.085717e+14 9.586862e+14 5.123965e+14 9.655622e+14 5.162200e+14 9.724362e+14 5.200560e+14 9.793926e+14 5.238905e+14 9.863462e+14 5.277234e+14 9.932969e+14 5.315548e+14 1.000245e+15 5.353845e+14 1.007190e+15 5.392125e+14 1.014132e+15 5.430393e+14 1.021070e+15 5.468787e+14 1.027921e+15 5.507163e+14 1.034769e+15 5.545524e+14 1.041614e+15 5.583869e+14 1.048456e+15 5.622199e+14 1.055296e+15 5.660513e+14 1.062132e+15 5.698813e+14 1.068967e+15 5.736954e+14 1.075798e+15 5.775077e+14 1.082626e+15 5.813186e+14 1.089451e+15 5.851280e+14 1.096274e+15 5.889358e+14 1.103094e+15 5.927421e+14 1.109911e+15 5.965469e+14 1.116726e+15 6.003498e+14 1.123537e+15 6.041512e+14 1.130345e+15 6.079513e+14 1.137152e+15 6.117498e+14 1.143955e+15 6.155465e+14 1.150755e+15 6.193421e+14 1.157553e+15 6.231357e+14 1.164348e+15 6.268896e+14 1.171140e+15 6.306379e+14 1.177929e+15 6.343846e+14 1.184715e+15 6.381300e+14 1.191499e+15 6.418737e+14 1.198281e+15 6.456157e+14 1.205059e+15 6.493562e+14 1.211834e+15 6.530604e+14 1.218490e+15 6.567556e+14 1.225119e+15 6.604493e+14 1.231745e+15 6.641418e+14 1.238369e+15 6.678327e+14 1.244990e+15 6.715218e+14 1.251608e+15 6.752095e+14 1.258223e+15 6.788442e+14 1.264630e+15 6.824587e+14 1.270959e+15 6.860716e+14 1.277285e+15 6.896830e+14 1.283608e+15 6.932929e+14 1.289929e+15 6.969017e+14 1.296248e+15 7.005090e+14 1.302564e+15 7.040713e+14 1.308877e+15 7.076056e+14 1.315189e+15 7.111381e+14 1.321497e+15 7.146693e+14 1.327802e+15 7.181991e+14 1.334106e+15 7.217275e+14 1.340406e+15 7.252542e+14 1.346704e+15 7.287398e+14 1.352933e+15 7.321801e+14 1.359086e+15 7.356187e+14 1.365237e+15 7.390562e+14 1.371385e+15 7.424921e+14 1.377531e+15 7.459268e+14 1.383674e+15 7.493599e+14 1.389814e+15 7.527564e+14 1.395864e+15 7.560751e+14 1.401721e+15 7.593924e+14 1.407575e+15 7.627088e+14 1.413427e+15 7.660237e+14 1.419277e+15 7.693372e+14 1.425125e+15 7.726496e+14 1.430970e+15 7.759449e+14 1.436793e+15 7.791432e+14 1.442494e+15 7.823402e+14 1.448194e+15 7.855358e+14 1.453890e+15 7.887301e+14 1.459584e+15 7.919234e+14 1.465277e+15 7.951151e+14 1.470966e+15 7.983058e+14 1.476654e+15 8.013777e+14 1.481948e+15 8.044410e+14 1.487216e+15 8.075032e+14 1.492481e+15 8.105637e+14 1.497743e+15 8.136234e+14 1.503004e+15 8.166819e+14 1.508263e+15 8.197389e+14 1.513519e+15 8.226953e+14 1.518675e+15 8.256119e+14 1.523789e+15 8.285269e+14 1.528900e+15 8.314413e+14 1.534011e+15 8.343541e+14 1.539119e+15 8.372662e+14 1.544225e+15 8.401766e+14 1.549329e+15 8.430071e+14 1.554299e+15 8.457502e+14 1.559123e+15 8.484917e+14 1.563945e+15 8.512325e+14 1.568766e+15 8.539718e+14 1.573584e+15 8.567108e+14 1.578401e+15 8.594480e+14 1.583215e+15 8.621520e+14 1.587969e+15 8.647358e+14 1.592504e+15 8.673190e+14 1.597039e+15 8.699011e+14 1.601571e+15 8.724817e+14 1.606101e+15 8.750618e+14 1.610630e+15 8.776407e+14 1.615157e+15 8.802186e+14 1.619682e+15 8.826423e+14 1.623822e+15 8.850539e+14 1.627933e+15 8.874641e+14 1.632041e+15 8.898739e+14 1.636149e+15 8.922820e+14 1.640254e+15 8.946897e+14 1.644357e+15 8.970961e+14 1.648459e+15 8.993825e+14 1.652304e+15 9.015961e+14 1.655993e+15 9.038084e+14 1.659681e+15 9.060201e+14 1.663367e+15 9.082307e+14 1.667051e+15 9.104407e+14 1.670734e+15 9.126495e+14 1.674416e+15 9.148008e+14 1.678015e+15 9.168173e+14 1.681421e+15 9.188332e+14 1.684826e+15 9.208480e+14 1.688230e+15 9.228620e+14 1.691632e+15 9.248755e+14 1.695033e+15 9.268876e+14 1.698432e+15 9.288995e+14 1.701830e+15 9.307427e+14 1.704840e+15 9.325762e+14 1.707828e+15 9.344092e+14 1.710815e+15 9.362409e+14 1.713800e+15 9.380723e+14 1.716784e+15 9.399034e+14 1.719769e+15 9.417333e+14 1.722751e+15 9.434519e+14 1.725573e+15 9.450910e+14 1.728283e+15 9.467294e+14 1.730991e+15 9.483667e+14 1.733697e+15 9.500035e+14 1.736403e+15 9.516399e+14 1.739107e+15 9.532756e+14 1.741811e+15 9.548720e+14 1.744436e+15 9.563039e+14 1.746733e+15 9.577351e+14 1.749028e+15 9.591655e+14 1.751322e+15 9.605956e+14 1.753616e+15 9.620252e+14 1.755908e+15 9.634540e+14 1.758200e+15 9.648827e+14 1.760491e+15 9.661532e+14 1.762362e+15 9.673786e+14 1.764112e+15 9.686032e+14 1.765862e+15 9.698274e+14 1.767610e+15 9.710515e+14 1.769359e+15 9.722745e+14 1.771106e+15 9.734974e+14 1.772854e+15 9.746416e+14 1.774508e+15 9.756354e+14 1.775985e+15 9.766283e+14 1.777461e+15 9.776215e+14 1.778937e+15 9.786136e+14 1.780412e+15 9.796058e+14 1.781887e+15 9.805975e+14 1.783361e+15 9.815889e+14 1.784835e+15 9.823777e+14 1.785832e+15 9.831406e+14 1.786769e+15 9.839031e+14 1.787706e+15 9.846658e+14 1.788642e+15 9.854276e+14 1.789578e+15 9.861895e+14 1.790513e+15 9.869511e+14 1.791449e+15 9.876247e+14 1.792274e+15 9.881719e+14 1.792941e+15 9.887192e+14 1.793609e+15 9.892659e+14 1.794275e+15 9.898125e+14 1.794942e+15 9.903591e+14 1.795609e+15 9.909053e+14 1.796275e+15 9.914513e+14 1.796940e+15 9.917790e+14 1.797121e+15 9.920849e+14 1.797254e+15 9.923906e+14 1.797387e+15 9.926969e+14 1.797521e+15 9.930023e+14 1.797653e+15 9.933080e+14 1.797786e+15 9.936138e+14 1.797919e+15 9.938258e+14 1.797897e+15 9.938920e+14 1.797631e+15 9.939586e+14 1.797366e+15 9.940249e+14 1.797101e+15 9.940909e+14 1.796835e+15 9.941572e+14 1.796570e+15 9.942235e+14 1.796305e+15 9.942900e+14 1.796041e+15 9.941658e+14 1.795440e+15 9.940071e+14 1.794779e+15 9.938485e+14 1.794118e+15 9.936895e+14 1.793456e+15 9.935312e+14 1.792796e+15 9.933726e+14 1.792136e+15 9.932141e+14 1.791475e+15 9.929927e+14 1.790704e+15 9.926100e+14 1.789649e+15 9.922276e+14 1.788594e+15 9.918456e+14 1.787539e+15 9.914634e+14 1.786485e+15 9.910812e+14 1.785431e+15 9.906994e+14 1.784378e+15 9.903177e+14 1.783324e+15 9.897722e+14 1.781907e+15 9.891539e+14 1.780329e+15 9.885358e+14 1.778751e+15 9.879182e+14 1.777174e+15 9.873004e+14 1.775597e+15 9.866834e+14 1.774022e+15 9.860663e+14 1.772446e+15 9.854304e+14 1.770850e+15 9.845776e+14 1.769013e+15 9.837253e+14 1.767178e+15 9.828731e+14 1.765342e+15 9.820215e+14 1.763508e+15 9.811700e+14 1.761674e+15 9.803192e+14 1.759841e+15 9.794686e+14 1.758009e+15 9.785240e+14 1.755942e+15 9.774647e+14 1.753588e+15 9.764060e+14 1.751236e+15 9.753476e+14 1.748883e+15 9.742895e+14 1.746532e+15 9.732319e+14 1.744182e+15 9.721745e+14 1.741832e+15 9.711177e+14 1.739484e+15 9.698750e+14 1.736929e+15 9.685839e+14 1.734321e+15 9.672939e+14 1.731715e+15 9.660042e+14 1.729109e+15 9.647150e+14 1.726505e+15 9.634261e+14 1.723901e+15 9.621380e+14 1.721299e+15 9.608263e+14 1.718637e+15 9.593307e+14 1.715516e+15 9.578359e+14 1.712397e+15 9.563418e+14 1.709279e+15 9.548483e+14 1.706162e+15 9.533554e+14 1.703046e+15 9.518629e+14 1.699931e+15 9.503712e+14 1.696818e+15 9.487879e+14 1.693598e+15 9.470769e+14 1.690227e+15 9.453665e+14 1.686858e+15 9.436567e+14 1.683490e+15 9.419476e+14 1.680124e+15 9.402388e+14 1.676758e+15 9.385314e+14 1.673395e+15 9.368240e+14 1.670032e+15 9.349921e+14 1.666492e+15 9.331051e+14 1.662873e+15 9.312194e+14 1.659256e+15 9.293339e+14 1.655640e+15 9.274491e+14 1.652026e+15 9.255654e+14 1.648413e+15 9.236820e+14 1.644801e+15 9.217997e+14 1.641191e+15 9.197224e+14 1.637216e+15 9.176355e+14 1.633222e+15 9.155487e+14 1.629229e+15 9.134632e+14 1.625238e+15 9.113784e+14 1.621249e+15 9.092944e+14 1.617261e+15 9.072114e+14 1.613275e+15 9.050941e+14 1.609221e+15 9.028198e+14 1.604852e+15 9.005467e+14 1.600485e+15 8.982739e+14 1.596119e+15 8.960021e+14 1.591756e+15 8.937310e+14 1.587393e+15 8.914611e+14 1.583032e+15 8.891918e+14 1.578673e+15 8.868641e+14 1.574217e+15 8.844425e+14 1.569605e+15 8.820223e+14 1.564995e+15 8.796031e+14 1.560387e+15 8.771844e+14 1.555780e+15 8.747669e+14 1.551175e+15 8.723501e+14 1.546572e+15 8.699343e+14 1.541970e+15 8.674171e+14 1.537297e+15 8.648247e+14 1.532572e+15 8.622329e+14 1.527848e+15 8.596421e+14 1.523126e+15 8.570521e+14 1.518405e+15 8.544633e+14 1.513687e+15 8.518758e+14 1.508970e+15 8.492887e+14 1.504255e+15 8.465999e+14 1.499262e+15 8.438750e+14 1.494168e+15 8.411512e+14 1.489077e+15 8.384281e+14 1.483987e+15 8.357062e+14 1.478899e+15 8.329854e+14 1.473814e+15 8.302656e+14 1.468730e+15 8.275467e+14 1.463648e+15 8.247072e+14 1.458457e+15 8.218504e+14 1.453252e+15 8.189950e+14 1.448049e+15 8.161410e+14 1.442848e+15 8.132877e+14 1.437649e+15 8.104357e+14 1.432452e+15 8.075847e+14 1.427257e+15 8.047345e+14 1.422063e+15 8.017605e+14 1.416622e+15 7.987862e+14 1.411179e+15 7.958127e+14 1.405738e+15 7.928406e+14 1.400300e+15 7.898692e+14 1.394863e+15 7.868997e+14 1.389429e+15 7.839307e+14 1.383997e+15 7.809539e+14 1.378556e+15 7.778737e+14 1.373002e+15 7.747947e+14 1.367449e+15 7.717167e+14 1.361899e+15 7.686400e+14 1.356351e+15 7.655643e+14 1.350804e+15 7.624897e+14 1.345260e+15 7.594163e+14 1.339718e+15 7.563313e+14 1.334141e+15 7.531720e+14 1.328351e+15 7.500142e+14 1.322564e+15 7.468575e+14 1.316779e+15 7.437019e+14 1.310995e+15 7.405475e+14 1.305214e+15 7.373943e+14 1.299436e+15 7.342421e+14 1.293659e+15 7.310742e+14 1.287884e+15 7.278368e+14 1.282112e+15 7.246005e+14 1.276342e+15 7.213654e+14 1.270574e+15 7.181313e+14 1.264808e+15 7.148984e+14 1.259044e+15 7.116671e+14 1.253282e+15 7.084367e+14 1.247523e+15 7.051943e+14 1.241739e+15 7.019039e+14 1.235859e+15 6.986147e+14 1.229981e+15 6.953265e+14 1.224104e+15 6.920399e+14 1.218231e+15 6.887542e+14 1.212359e+15 6.854700e+14 1.206490e+15 6.821866e+14 1.200623e+15 6.788943e+14 1.194731e+15 6.755639e+14 1.188744e+15 6.722343e+14 1.182758e+15 6.689064e+14 1.176775e+15 6.655795e+14 1.170795e+15 6.622538e+14 1.164816e+15 6.589295e+14 1.158839e+15 6.556063e+14 1.152865e+15 6.522774e+14 1.146893e+15 6.489196e+14 1.140924e+15 6.455628e+14 1.134956e+15 6.422072e+14 1.128991e+15 6.388529e+14 1.123027e+15 6.354999e+14 1.117066e+15 6.321481e+14 1.111108e+15 6.287974e+14 1.105151e+15 6.254432e+14 1.099197e+15 6.220578e+14 1.093244e+15 6.186738e+14 1.087295e+15 6.152911e+14 1.081347e+15 6.119096e+14 1.075401e+15 6.085292e+14 1.069458e+15 6.051502e+14 1.063517e+15 6.017724e+14 1.057578e+15 5.983968e+14 1.051641e+15 5.950338e+14 1.045707e+15 5.916721e+14 1.039774e+15 5.883117e+14 1.033844e+15 5.849526e+14 1.027916e+15 5.815945e+14 1.021990e+15 5.782377e+14 1.016067e+15 5.748825e+14 1.010146e+15 5.715281e+14 1.004226e+15 5.681752e+14 9.982380e+14 5.648234e+14 9.922492e+14 5.614730e+14 9.862627e+14 5.581236e+14 9.802781e+14 5.547756e+14 9.742960e+14 5.514286e+14 9.683157e+14 5.480831e+14 9.623381e+14 5.447388e+14 9.563626e+14 5.414059e+14 9.504716e+14 5.380763e+14 9.445986e+14 5.347477e+14 9.387277e+14 5.314206e+14 9.328593e+14 5.280947e+14 9.269928e+14 5.247700e+14 9.211285e+14 5.214464e+14 9.152663e+14 5.181241e+14 9.094063e+14 5.148200e+14 9.035911e+14 5.115247e+14 8.977965e+14 5.082305e+14 8.920041e+14 5.049375e+14 8.862140e+14 5.016459e+14 8.804260e+14 4.983553e+14 8.746399e+14 4.950660e+14 8.688562e+14 4.917777e+14 8.630743e+14 4.885163e+14 8.573327e+14 4.852794e+14 8.516285e+14 4.820437e+14 8.459264e+14 4.788092e+14 8.402266e+14 4.755760e+14 8.345286e+14 4.723439e+14 8.288327e+14 4.691129e+14 8.231390e+14 4.658832e+14 8.174473e+14 4.626703e+14 8.117891e+14 4.594917e+14 8.061993e+14 4.563142e+14 8.006112e+14 4.531378e+14 7.950250e+14 4.499626e+14 7.894411e+14 4.467886e+14 7.838592e+14 4.436156e+14 7.782791e+14 4.404439e+14 7.727014e+14 4.372809e+14 7.671381e+14 4.341843e+14 7.616857e+14 4.310890e+14 7.562354e+14 4.279946e+14 7.507869e+14 4.249014e+14 7.453405e+14 4.218094e+14 7.398961e+14 4.187184e+14 7.344536e+14 4.156287e+14 7.290133e+14 4.125400e+14 7.235748e+14 4.095044e+14 7.182421e+14 4.064784e+14 7.129286e+14 4.034537e+14 7.076171e+14 4.004300e+14 7.023074e+14 3.974074e+14 6.969998e+14 3.943858e+14 6.916939e+14 3.913654e+14 6.863899e+14 3.883462e+14 6.810882e+14 3.853704e+14 6.758662e+14 3.824257e+14 6.707008e+14 3.794821e+14 6.655375e+14 3.765395e+14 6.603758e+14 3.735981e+14 6.552164e+14 3.706574e+14 6.500581e+14 3.677181e+14 6.449023e+14 3.647799e+14 6.397483e+14 3.618708e+14 6.346454e+14 3.590308e+14 6.296635e+14 3.561920e+14 6.246834e+14 3.533541e+14 6.197052e+14 3.505172e+14 6.147285e+14 3.476814e+14 6.097538e+14 3.448466e+14 6.047811e+14 3.420130e+14 5.998102e+14 3.391802e+14 5.948407e+14 3.364303e+14 5.900133e+14 3.336834e+14 5.851914e+14 3.309378e+14 5.803715e+14 3.281930e+14 5.755533e+14 3.254492e+14 5.707367e+14 3.227065e+14 5.659219e+14 3.199647e+14 5.611087e+14 3.172239e+14 5.562975e+14 3.145441e+14 5.516003e+14 3.119009e+14 5.469718e+14 3.092588e+14 5.423451e+14 3.066176e+14 5.377199e+14 3.039775e+14 5.330967e+14 3.013380e+14 5.284748e+14 2.986997e+14 5.238547e+14 2.960622e+14 5.192361e+14 2.934534e+14 5.146653e+14 2.909251e+14 5.102291e+14 2.883979e+14 5.057944e+14 2.858715e+14 5.013612e+14 2.833460e+14 4.969297e+14 2.808215e+14 4.925001e+14 2.782979e+14 4.880717e+14 2.757751e+14 4.836451e+14 2.732533e+14 4.792199e+14 2.708142e+14 4.749499e+14 2.683893e+14 4.707063e+14 2.659653e+14 4.664642e+14 2.635421e+14 4.622237e+14 2.611198e+14 4.579846e+14 2.586984e+14 4.537472e+14 2.562778e+14 4.495111e+14 2.538582e+14 4.452767e+14 2.514861e+14 4.411269e+14 2.491748e+14 4.370851e+14 2.468643e+14 4.330448e+14 2.445546e+14 4.290058e+14 2.422458e+14 4.249684e+14 2.399379e+14 4.209323e+14 2.376308e+14 4.168979e+14 2.353244e+14 4.128648e+14 2.330189e+14 4.088331e+14 2.308314e+14 4.049903e+14 2.286457e+14 4.011507e+14 2.264608e+14 3.973123e+14 2.242767e+14 3.934753e+14 2.220933e+14 3.896396e+14 2.199107e+14 3.858054e+14 2.177289e+14 3.819725e+14 2.155479e+14 3.781409e+14 2.134227e+14 3.744086e+14 2.113493e+14 3.707684e+14 2.092766e+14 3.671294e+14 2.072047e+14 3.634918e+14 2.051335e+14 3.598553e+14 2.030630e+14 3.562202e+14 2.009932e+14 3.525864e+14 1.989242e+14 3.489539e+14 1.968585e+14 3.453269e+14 1.949084e+14 3.418967e+14 1.929590e+14 3.384677e+14 1.910104e+14 3.350399e+14 1.890624e+14 3.316133e+14 1.871151e+14 3.281879e+14 1.851685e+14 3.247639e+14 1.832227e+14 3.213411e+14 1.812774e+14 3.179193e+14 1.793795e+14 3.145921e+14</elevationPattern>
        <incidenceAngle count="562">4.180122e+01 4.180986e+01 4.181850e+01 4.182713e+01 4.183575e+01 4.184438e+01 4.185300e+01 4.186162e+01 4.187024e+01 4.187885e+01 4.188745e+01 4.189606e+01 4.190466e+01 4.191325e+01 4.192184e+01 4.193044e+01 4.193903e+01 4.194762e+01 4.195619e+01 4.196477e+01 4.197334e+01 4.198192e+01 4.199049e+01 4.199905e+01 4.200761e+01 4.201617e+01 4.202473e+01 4.203328e+01 4.204184e+01 4.205038e+01 4.205893e+01 4.206746e+01 4.207600e+01 4.208453e+01 4.209306e+01 4.210159e+01 4.211012e+01 4.211864e+01 4.212715e+01 4.213567e+01 4.214418e+01 4.215269e+01 4.216119e+01 4.216969e+01 4.217819e+01 4.218669e+01 4.219519e+01 4.220367e+01 4.221216e+01 4.222064e+01 4.222913e+01 4.223759e+01 4.224608e+01 4.225455e+01 4.226302e+01 4.227148e+01 4.227994e+01 4.228839e+01 4.229684e+01 4.230530e+01 4.231375e+01 4.232220e+01 4.233064e+01 4.233908e+01 4.234752e+01 4.235594e+01 4.236438e+01 4.237280e+01 4.238123e+01 4.238965e+01 4.239807e+01 4.240648e+01 4.241490e+01 4.242331e+01 4.243170e+01 4.244011e+01 4.244852e+01 4.245691e+01 4.246530e+01 4.247369e+01 4.248207e+01 4.249046e+01 4.249884e+01 4.250722e+01 4.251559e+01 4.252396e+01 4.253233e+01 4.254070e+01 4.254906e+01 4.255742e+01 4.256578e+01 4.257413e+01 4.258247e+01 4.259082e+01 4.259917e+01 4.260751e+01 4.261584e+01 4.262418e+01 4.263251e+01 4.264084e+01 4.264917e+01 4.265749e+01 4.266582e+01 4.267413e+01 4.268245e+01 4.269075e+01 4.269907e+01 4.270737e+01 4.271567e+01 4.272397e+01 4.273225e+01 4.274055e+01 4.274884e+01 4.275713e+01 4.276541e+01 4.277370e+01 4.278197e+01 4.279025e+01 4.279852e+01 4.280679e+01 4.281505e+01 4.282332e+01 4.283157e+01 4.283983e+01 4.284808e+01 4.285634e+01 4.286458e+01 4.287283e+01 4.288107e+01 4.288931e+01 4.289755e+01 4.290578e+01 4.291400e+01 4.292224e+01 4.293047e+01 4.293867e+01 4.294690e+01 4.295511e+01 4.296333e+01 4.297154e+01 4.297974e+01 4.298795e+01 4.299614e+01 4.300435e+01 4.301254e+01 4.302074e+01 4.302892e+01 4.303711e+01 4.304529e+01 4.305347e+01 4.306165e+01 4.306982e+01 4.307799e+01 4.308615e+01 4.309433e+01 4.310249e+01 4.311064e+01 4.311880e+01 4.312695e+01 4.313510e+01 4.314325e+01 4.315140e+01 4.315955e+01 4.316768e+01 4.317581e+01 4.318394e+01 4.319208e+01 4.320021e+01 4.320833e+01 4.321646e+01 4.322458e+01 4.323270e+01 4.324080e+01 4.324892e+01 4.325702e+01 4.326512e+01 4.327322e+01 4.328133e+01 4.328943e+01 4.329752e+01 4.330560e+01 4.331369e+01 4.332178e+01 4.332986e+01 4.333794e+01 4.334602e+01 4.335410e+01 4.336217e+01 4.337022e+01 4.337830e+01 4.338635e+01 4.339441e+01 4.340247e+01 4.341052e+01 4.341858e+01 4.342662e+01 4.343466e+01 4.344270e+01 4.345074e+01 4.345879e+01 4.346681e+01 4.347485e+01 4.348288e+01 4.349091e+01 4.349892e+01 4.350694e+01 4.351495e+01 4.352298e+01 4.353099e+01 4.353899e+01 4.354700e+01 4.355499e+01 4.356300e+01 4.357100e+01 4.357899e+01 4.358698e+01 4.359497e+01 4.360295e+01 4.361095e+01 4.361893e+01 4.362689e+01 4.363487e+01 4.364284e+01 4.365082e+01 4.365878e+01 4.366675e+01 4.367470e+01 4.368266e+01 4.369061e+01 4.369856e+01 4.370651e+01 4.371446e+01 4.372241e+01 4.373035e+01 4.373830e+01 4.374623e+01 4.375417e+01 4.376208e+01 4.377002e+01 4.377794e+01 4.378586e+01 4.379378e+01 4.380170e+01 4.380962e+01 4.381752e+01 4.382544e+01 4.383334e+01 4.384125e+01 4.384915e+01 4.385704e+01 4.386493e+01 4.387283e+01 4.388072e+01 4.388861e+01 4.389648e+01 4.390437e+01 4.391225e+01 4.392012e+01 4.392799e+01 4.393587e+01 4.394374e+01 4.395160e+01 4.395946e+01 4.396732e+01 4.397517e+01 4.398303e+01 4.399089e+01 4.399873e+01 4.400658e+01 4.401442e+01 4.402226e+01 4.403011e+01 4.403793e+01 4.404578e+01 4.405360e+01 4.406143e+01 4.406924e+01 4.407707e+01 4.408488e+01 4.409271e+01 4.410052e+01 4.410834e+01 4.411613e+01 4.412395e+01 4.413174e+01 4.413956e+01 4.414735e+01 4.415515e+01 4.416293e+01 4.417073e+01 4.417851e+01 4.418629e+01 4.419408e+01 4.420186e+01 4.420964e+01 4.421741e+01 4.422519e+01 4.423296e+01 4.424072e+01 4.424847e+01 4.425624e+01 4.426399e+01 4.427176e+01 4.427951e+01 4.428726e+01 4.429500e+01 4.430275e+01 4.431049e+01 4.431824e+01 4.432597e+01 4.433371e+01 4.434143e+01 4.434917e+01 4.435689e+01 4.436461e+01 4.437233e+01 4.438005e+01 4.438777e+01 4.439549e+01 4.440320e+01 4.441090e+01 4.441861e+01 4.442632e+01 4.443402e+01 4.444171e+01 4.444940e+01 4.445711e+01 4.446480e+01 4.447247e+01 4.448016e+01 4.448784e+01 4.449553e+01 4.450320e+01 4.451088e+01 4.451855e+01 4.452621e+01 4.453389e+01 4.454155e+01 4.454921e+01 4.455687e+01 4.456453e+01 4.457219e+01 4.457983e+01 4.458748e+01 4.459512e+01 4.460277e+01 4.461041e+01 4.461806e+01 4.462569e+01 4.463333e+01 4.464096e+01 4.464859e+01 4.465620e+01 4.466383e+01 4.467145e+01 4.467908e+01 4.468669e+01 4.469431e+01 4.470192e+01 4.470952e+01 4.471713e+01 4.472473e+01 4.473233e+01 4.473993e+01 4.474753e+01 4.475511e+01 4.476271e+01 4.477029e+01 4.477788e+01 4.478546e+01 4.479305e+01 4.480063e+01 4.480820e+01 4.481577e+01 4.482333e+01 4.483090e+01 4.483847e+01 4.484604e+01 4.485359e+01 4.486116e+01 4.486871e+01 4.487627e+01 4.488382e+01 4.489136e+01 4.489891e+01 4.490645e+01 4.491399e+01 4.492152e+01 4.492906e+01 4.493660e+01 4.494412e+01 4.495166e+01 4.495918e+01 4.496671e+01 4.497423e+01 4.498174e+01 4.498926e+01 4.499677e+01 4.500427e+01 4.501180e+01 4.501929e+01 4.502679e+01 4.503430e+01 4.504179e+01 4.504929e+01 4.505678e+01 4.506427e+01 4.507176e+01 4.507925e+01 4.508673e+01 4.509421e+01 4.510170e+01 4.510916e+01 4.511664e+01 4.512411e+01 4.513158e+01 4.513905e+01 4.514651e+01 4.515398e+01 4.516144e+01 4.516888e+01 4.517635e+01 4.518379e+01 4.519124e+01 4.519868e+01 4.520613e+01 4.521358e+01 4.522102e+01 4.522845e+01 4.523589e+01 4.524332e+01 4.525075e+01 4.525818e+01 4.526561e+01 4.527303e+01 4.528044e+01 4.528786e+01 4.529527e+01 4.530269e+01 4.531010e+01 4.531750e+01 4.532492e+01 4.533232e+01 4.533972e+01 4.534712e+01 4.535451e+01 4.536191e+01 4.536929e+01 4.537669e+01 4.538408e+01 4.539146e+01 4.539883e+01 4.540622e+01 4.541359e+01 4.542097e+01 4.542834e+01 4.543571e+01 4.544308e+01 4.545044e+01 4.545781e+01 4.546516e+01 4.547252e+01 4.547987e+01 4.548723e+01 4.549458e+01 4.550194e+01 4.550928e+01 4.551662e+01 4.552396e+01 4.553130e+01 4.553864e+01 4.554597e+01 4.555330e+01 4.556064e+01 4.556796e+01 4.557529e+01 4.558261e+01 4.558994e+01 4.559724e+01 4.560457e+01 4.561188e+01 4.561919e+01 4.562650e+01 4.563380e+01 4.564110e+01 4.564841e+01 4.565570e+01 4.566299e+01 4.567029e+01 4.567758e+01 4.568488e+01 4.569217e+01 4.569945e+01 4.570673e+01 4.571400e+01 4.572128e+01 4.572856e+01 4.573584e+01 4.574310e+01 4.575038e+01 4.575764e+01 4.576491e+01 4.577217e+01 4.577943e+01 4.578668e+01 4.579395e+01 4.580119e+01 4.580844e+01 4.581569e+01 4.582294e+01 4.583018e+01 4.583742e+01 4.584465e+01 4.585190e+01 4.585913e+01 4.586636e+01 4.587358e+01 4.588081e+01 4.588805e+01 4.589526e+01 4.590248e+01 4.590970e+01 4.591692e+01 4.592413e+01 4.593134e+01 4.593855e+01 4.594576e+01 4.595296e+01 4.596016e+01 4.596736e+01 4.597456e+01 4.598175e+01 4.598895e+01 4.599614e+01 4.600333e+01 4.601051e+01 4.601770e+01 4.602487e+01 4.603206e+01 4.603923e+01 4.604640e+01 4.605357e+01 4.606075e+01 4.606792e+01 4.607509e+01 4.608224e+01 4.608940e+01 4.609657e+01 4.610373e+01 4.611087e+01 4.611803e+01 4.612518e+01 4.613232e+01 4.613947e+01 4.614662e+01 4.615376e+01 4.616089e+01 4.616803e+01 4.617517e+01 4.618230e+01 4.618942e+01 4.619655e+01</incidenceAngle>
        <terrainHeight>2.486085629785714e+03</terrainHeight>
        <roll>3.009748970924520e+01</roll>
      </antennaPattern>
      <antennaPattern>
        <swath>IW3</swath>
        <azimuthTime>2015-05-16T13:34:34.749511</azimuthTime>
        <slantRangeTime count="562">6.017503134959210e-03 6.018185170111523e-03 6.018867205263837e-03 6.019549240416150e-03 6.020231275568463e-03 6.020913310720777e-03 6.021595345873090e-03 6.022277381025403e-03 6.022959416177718e-03 6.023641451330030e-03 6.024323486482344e-03 6.025005521634657e-03 6.025687556786971e-03 6.026369591939284e-03 6.027051627091597e-03 6.027733662243911e-03 6.028415697396225e-03 6.029097732548537e-03 6.029779767700852e-03 6.030461802853164e-03 6.031143838005478e-03 6.031825873157792e-03 6.032507908310105e-03 6.033189943462418e-03 6.033871978614731e-03 6.034554013767045e-03 6.035236048919359e-03 6.035918084071672e-03 6.036600119223985e-03 6.037282154376299e-03 6.037964189528612e-03 6.038646224680926e-03 6.039328259833239e-03 6.040010294985553e-03 6.040692330137866e-03 6.041374365290180e-03 6.042056400442493e-03 6.042738435594807e-03 6.043420470747120e-03 6.044102505899433e-03 6.044784541051747e-03 6.045466576204060e-03 6.046148611356373e-03 6.046830646508687e-03 6.047512681661001e-03 6.048194716813313e-03 6.048876751965627e-03 6.049558787117940e-03 6.050240822270254e-03 6.050922857422567e-03 6.051604892574880e-03 6.052286927727194e-03 6.052968962879508e-03 6.053650998031820e-03 6.054333033184134e-03 6.055015068336447e-03 6.055697103488761e-03 6.056379138641074e-03 6.057061173793387e-03 6.057743208945701e-03 6.058425244098014e-03 6.059107279250327e-03 6.059789314402641e-03 6.060471349554954e-03 6.061153384707267e-03 6.061835419859581e-03 6.062517455011894e-03 6.063199490164208e-03 6.063881525316521e-03 6.064563560468834e-03 6.065245595621147e-03 6.065927630773461e-03 6.066609665925774e-03 6.067291701078088e-03 6.067973736230400e-03 6.068655771382715e-03 6.069337806535028e-03 6.070019841687341e-03 6.070701876839654e-03 6.071383911991968e-03 6.072065947144281e-03 6.072747982296595e-03 6.073430017448908e-03 6.074112052601222e-03 6.074794087753535e-03 6.075476122905848e-03 6.076158158058163e-03 6.076840193210475e-03 6.077522228362790e-03 6.078204263515102e-03 6.078886298667417e-03 6.079568333819730e-03 6.080250368972044e-03 6.080932404124357e-03 6.081614439276671e-03 6.082296474428984e-03 6.082978509581298e-03 6.083660544733611e-03 6.084342579885925e-03 6.085024615038238e-03 6.085706650190552e-03 6.086388685342866e-03 6.087070720495179e-03 6.087752755647493e-03 6.088434790799806e-03 6.089116825952120e-03 6.089798861104434e-03 6.090480896256746e-03 6.091162931409061e-03 6.091844966561373e-03 6.092527001713688e-03 6.093209036866001e-03 6.093891072018315e-03 6.094573107170628e-03 6.095255142322942e-03 6.095937177475255e-03 6.096619212627569e-03 6.097301247779882e-03 6.097983282932196e-03 6.098665318084509e-03 6.099347353236823e-03 6.100029388389137e-03 6.100711423541450e-03 6.101393458693764e-03 6.102075493846077e-03 6.102757528998391e-03 6.103439564150704e-03 6.104121599303017e-03 6.104803634455332e-03 6.105485669607644e-03 6.106167704759959e-03 6.106849739912271e-03 6.107531775064586e-03 6.108213810216899e-03 6.108895845369213e-03 6.109577880521526e-03 6.110259915673840e-03 6.110941950826153e-03 6.111623985978467e-03 6.112306021130780e-03 6.112988056283094e-03 6.113670091435407e-03 6.114352126587721e-03 6.115034161740035e-03 6.115716196892348e-03 6.116398232044662e-03 6.117080267196975e-03 6.117762302349289e-03 6.118444337501603e-03 6.119126372653915e-03 6.119808407806230e-03 6.120490442958542e-03 6.121172478110857e-03 6.121854513263170e-03 6.122536548415484e-03 6.123218583567797e-03 6.123900618720111e-03 6.124582653872424e-03 6.125264689024738e-03 6.125946724177051e-03 6.126628759329365e-03 6.127310794481678e-03 6.127992829633991e-03 6.128674864786305e-03 6.129356899938617e-03 6.130038935090931e-03 6.130720970243244e-03 6.131403005395557e-03 6.132085040547870e-03 6.132767075700184e-03 6.133449110852496e-03 6.134131146004810e-03 6.134813181157123e-03 6.135495216309436e-03 6.136177251461749e-03 6.136859286614062e-03 6.137541321766376e-03 6.138223356918689e-03 6.138905392071002e-03 6.139587427223315e-03 6.140269462375629e-03 6.140951497527941e-03 6.141633532680255e-03 6.142315567832568e-03 6.142997602984881e-03 6.143679638137194e-03 6.144361673289508e-03 6.145043708441820e-03 6.145725743594134e-03 6.146407778746447e-03 6.147089813898760e-03 6.147771849051073e-03 6.148453884203386e-03 6.149135919355699e-03 6.149817954508013e-03 6.150499989660325e-03 6.151182024812639e-03 6.151864059964952e-03 6.152546095117265e-03 6.153228130269578e-03 6.153910165421892e-03 6.154592200574204e-03 6.155274235726518e-03 6.155956270878831e-03 6.156638306031144e-03 6.157320341183457e-03 6.158002376335771e-03 6.158684411488083e-03 6.159366446640397e-03 6.160048481792709e-03 6.160730516945023e-03 6.161412552097336e-03 6.162094587249649e-03 6.162776622401962e-03 6.163458657554276e-03 6.164140692706589e-03 6.164822727858902e-03 6.165504763011215e-03 6.166186798163528e-03 6.166868833315842e-03 6.167550868468155e-03 6.168232903620468e-03 6.168914938772781e-03 6.169596973925094e-03 6.170279009077407e-03 6.170961044229721e-03 6.171643079382033e-03 6.172325114534347e-03 6.173007149686660e-03 6.173689184838973e-03 6.174371219991286e-03 6.175053255143600e-03 6.175735290295912e-03 6.176417325448226e-03 6.177099360600539e-03 6.177781395752852e-03 6.178463430905165e-03 6.179145466057479e-03 6.179827501209791e-03 6.180509536362105e-03 6.181191571514418e-03 6.181873606666731e-03 6.182555641819044e-03 6.183237676971358e-03 6.183919712123670e-03 6.184601747275984e-03 6.185283782428296e-03 6.185965817580610e-03 6.186647852732923e-03 6.187329887885236e-03 6.188011923037549e-03 6.188693958189863e-03 6.189375993342175e-03 6.190058028494489e-03 6.190740063646802e-03 6.191422098799115e-03 6.192104133951428e-03 6.192786169103742e-03 6.193468204256054e-03 6.194150239408368e-03 6.194832274560681e-03 6.195514309712994e-03 6.196196344865307e-03 6.196878380017620e-03 6.197560415169934e-03 6.198242450322247e-03 6.198924485474560e-03 6.199606520626873e-03 6.200288555779187e-03 6.200970590931499e-03 6.201652626083813e-03 6.202334661236126e-03 6.203016696388439e-03 6.203698731540752e-03 6.204380766693066e-03 6.205062801845378e-03 6.205744836997692e-03 6.206426872150005e-03 6.207108907302318e-03 6.207790942454631e-03 6.208472977606945e-03 6.209155012759257e-03 6.209837047911571e-03 6.210519083063883e-03 6.211201118216197e-03 6.211883153368510e-03 6.212565188520823e-03 6.213247223673136e-03 6.213929258825450e-03 6.214611293977762e-03 6.215293329130076e-03 6.215975364282389e-03 6.216657399434702e-03 6.217339434587015e-03 6.218021469739329e-03 6.218703504891641e-03 6.219385540043955e-03 6.220067575196268e-03 6.220749610348581e-03 6.221431645500894e-03 6.222113680653207e-03 6.222795715805520e-03 6.223477750957834e-03 6.224159786110147e-03 6.224841821262460e-03 6.225523856414773e-03 6.226205891567086e-03 6.226887926719400e-03 6.227569961871713e-03 6.228251997024026e-03 6.228934032176339e-03 6.229616067328653e-03 6.230298102480965e-03 6.230980137633279e-03 6.231662172785592e-03 6.232344207937905e-03 6.233026243090218e-03 6.233708278242531e-03 6.234390313394844e-03 6.235072348547158e-03 6.235754383699470e-03 6.236436418851784e-03 6.237118454004097e-03 6.237800489156410e-03 6.238482524308723e-03 6.239164559461037e-03 6.239846594613349e-03 6.240528629765663e-03 6.241210664917976e-03 6.241892700070289e-03 6.242574735222602e-03 6.243256770374916e-03 6.243938805527228e-03 6.244620840679542e-03 6.245302875831855e-03 6.245984910984168e-03 6.246666946136481e-03 6.247348981288794e-03 6.248031016441107e-03 6.248713051593421e-03 6.249395086745733e-03 6.250077121898047e-03 6.250759157050360e-03 6.251441192202673e-03 6.252123227354986e-03 6.252805262507300e-03 6.253487297659613e-03 6.254169332811926e-03 6.254851367964239e-03 6.255533403116552e-03 6.256215438268866e-03 6.256897473421179e-03 6.257579508573492e-03 6.258261543725805e-03 6.258943578878118e-03 6.259625614030431e-03 6.260307649182745e-03 6.260989684335057e-03 6.261671719487371e-03 6.262353754639684e-03 6.263035789791997e-03 6.263717824944310e-03 6.264399860096624e-03 6.265081895248936e-03 6.265763930401250e-03 6.266445965553563e-03 6.267128000705876e-03 6.267810035858189e-03 6.268492071010503e-03 6.269174106162815e-03 6.269856141315129e-03 6.270538176467441e-03 6.271220211619755e-03 6.271902246772068e-03 6.272584281924381e-03 6.273266317076694e-03 6.273948352229008e-03 6.274630387381320e-03 6.275312422533634e-03 6.275994457685947e-03 6.276676492838260e-03 6.277358527990573e-03 6.278040563142887e-03 6.278722598295199e-03 6.279404633447513e-03 6.280086668599826e-03 6.280768703752139e-03 6.281450738904452e-03 6.282132774056766e-03 6.282814809209078e-03 6.283496844361392e-03 6.284178879513705e-03 6.284860914666018e-03 6.285542949818331e-03 6.286224984970644e-03 6.286907020122958e-03 6.287589055275271e-03 6.288271090427584e-03 6.288953125579897e-03 6.289635160732211e-03 6.290317195884523e-03 6.290999231036837e-03 6.291681266189150e-03 6.292363301341463e-03 6.293045336493776e-03 6.293727371646090e-03 6.294409406798402e-03 6.295091441950716e-03 6.295773477103028e-03 6.296455512255342e-03 6.297137547407655e-03 6.297819582559968e-03 6.298501617712281e-03 6.299183652864595e-03 6.299865688016907e-03 6.300547723169221e-03 6.301229758321534e-03 6.301911793473847e-03 6.302593828626160e-03 6.303275863778474e-03 6.303957898930786e-03 6.304639934083100e-03 6.305321969235413e-03 6.306004004387726e-03 6.306686039540039e-03 6.307368074692353e-03 6.308050109844665e-03 6.308732144996979e-03 6.309414180149291e-03 6.310096215301605e-03 6.310778250453918e-03 6.311460285606231e-03 6.312142320758544e-03 6.312824355910858e-03 6.313506391063171e-03 6.314188426215484e-03 6.314870461367797e-03 6.315552496520110e-03 6.316234531672424e-03 6.316916566824737e-03 6.317598601977050e-03 6.318280637129363e-03 6.318962672281677e-03 6.319644707433989e-03 6.320326742586303e-03 6.321008777738615e-03 6.321690812890929e-03 6.322372848043242e-03 6.323054883195555e-03 6.323736918347868e-03 6.324418953500182e-03 6.325100988652494e-03 6.325783023804808e-03 6.326465058957121e-03 6.327147094109434e-03 6.327829129261747e-03 6.328511164414061e-03 6.329193199566373e-03 6.329875234718687e-03 6.330557269871000e-03 6.331239305023313e-03 6.331921340175626e-03 6.332603375327939e-03 6.333285410480252e-03 6.333967445632566e-03 6.334649480784878e-03 6.335331515937192e-03 6.336013551089505e-03 6.336695586241818e-03 6.337377621394131e-03 6.338059656546445e-03 6.338741691698757e-03 6.339423726851071e-03 6.340105762003384e-03 6.340787797155697e-03 6.341469832308010e-03 6.342151867460324e-03 6.342833902612637e-03 6.343515937764950e-03 6.344197972917263e-03 6.344880008069576e-03 6.345562043221890e-03 6.346244078374202e-03 6.346926113526516e-03 6.347608148678829e-03 6.348290183831142e-03 6.348972218983455e-03 6.349654254135769e-03 6.350336289288081e-03 6.351018324440395e-03 6.351700359592708e-03 6.352382394745021e-03 6.353064429897334e-03 6.353746465049648e-03 6.354428500201960e-03 6.355110535354274e-03 6.355792570506587e-03 6.356474605658900e-03 6.357156640811213e-03 6.357838675963526e-03 6.358520711115839e-03 6.359202746268153e-03 6.359884781420465e-03 6.360566816572779e-03 6.361248851725092e-03 6.361930886877405e-03 6.362612922029718e-03 6.363294957182032e-03 6.363976992334344e-03 6.364659027486658e-03 6.365341062638971e-03 6.366023097791284e-03 6.366705132943597e-03 6.367387168095911e-03 6.368069203248223e-03 6.368751238400537e-03 6.369433273552850e-03 6.370115308705163e-03 6.370797343857476e-03 6.371479379009789e-03 6.372161414162103e-03 6.372843449314416e-03 6.373525484466729e-03 6.374207519619042e-03 6.374889554771355e-03 6.375571589923668e-03 6.376253625075982e-03 6.376935660228295e-03 6.377617695380608e-03 6.378299730532921e-03 6.378981765685235e-03 6.379663800837547e-03 6.380345835989861e-03 6.381027871142174e-03 6.381709906294487e-03 6.382391941446800e-03 6.383073976599113e-03 6.383756011751426e-03 6.384438046903740e-03 6.385120082056052e-03 6.385802117208366e-03 6.386484152360679e-03 6.387166187512992e-03 6.387848222665305e-03 6.388530257817619e-03 6.389212292969931e-03 6.389894328122245e-03 6.390576363274558e-03 6.391258398426871e-03 6.391940433579184e-03 6.392622468731498e-03 6.393304503883810e-03 6.393986539036124e-03 6.394668574188436e-03 6.395350609340750e-03 6.396032644493063e-03 6.396714679645376e-03 6.397396714797689e-03 6.398078749950003e-03 6.398760785102315e-03 6.399442820254629e-03 6.400124855406942e-03</slantRangeTime>
        <elevationAngle count="562">3.687133e+01 3.687860e+01 3.688586e+01 3.689312e+01 3.690038e+01 3.690764e+01 3.691489e+01 3.692214e+01 3.692939e+01 3.693663e+01 3.694387e+01 3.695111e+01 3.695835e+01 3.696558e+01 3.697281e+01 3.698003e+01 3.698726e+01 3.699448e+01 3.700169e+01 3.700891e+01 3.701612e+01 3.702333e+01 3.703053e+01 3.703773e+01 3.704493e+01 3.705213e+01 3.705932e+01 3.706651e+01 3.707370e+01 3.708088e+01 3.708806e+01 3.709524e+01 3.710242e+01 3.710959e+01 3.711676e+01 3.712392e+01 3.713109e+01 3.713825e+01 3.714540e+01 3.715256e+01 3.715971e+01 3.716686e+01 3.717400e+01 3.718115e+01 3.718829e+01 3.719542e+01 3.720256e+01 3.720969e+01 3.721682e+01 3.722394e+01 3.723106e+01 3.723819e+01 3.724530e+01 3.725241e+01 3.725953e+01 3.726663e+01 3.727374e+01 3.728084e+01 3.728794e+01 3.729503e+01 3.730213e+01 3.730922e+01 3.731630e+01 3.732339e+01 3.733047e+01 3.733755e+01 3.734462e+01 3.735170e+01 3.735877e+01 3.736583e+01 3.737290e+01 3.737996e+01 3.738702e+01 3.739407e+01 3.740113e+01 3.740818e+01 3.741522e+01 3.742227e+01 3.742931e+01 3.743635e+01 3.744338e+01 3.745042e+01 3.745744e+01 3.746447e+01 3.747150e+01 3.747852e+01 3.748553e+01 3.749255e+01 3.749957e+01 3.750657e+01 3.751358e+01 3.752058e+01 3.752759e+01 3.753458e+01 3.754158e+01 3.754857e+01 3.755556e+01 3.756255e+01 3.756953e+01 3.757652e+01 3.758350e+01 3.759047e+01 3.759744e+01 3.760441e+01 3.761138e+01 3.761835e+01 3.762531e+01 3.763227e+01 3.763922e+01 3.764618e+01 3.765313e+01 3.766008e+01 3.766702e+01 3.767396e+01 3.768090e+01 3.768784e+01 3.769477e+01 3.770170e+01 3.770863e+01 3.771556e+01 3.772248e+01 3.772940e+01 3.773632e+01 3.774323e+01 3.775014e+01 3.775705e+01 3.776396e+01 3.777086e+01 3.777776e+01 3.778466e+01 3.779155e+01 3.779845e+01 3.780534e+01 3.781222e+01 3.781911e+01 3.782599e+01 3.783287e+01 3.783974e+01 3.784661e+01 3.785349e+01 3.786035e+01 3.786722e+01 3.787408e+01 3.788094e+01 3.788779e+01 3.789465e+01 3.790150e+01 3.790835e+01 3.791520e+01 3.792204e+01 3.792888e+01 3.793571e+01 3.794255e+01 3.794938e+01 3.795621e+01 3.796304e+01 3.796986e+01 3.797668e+01 3.798350e+01 3.799032e+01 3.799713e+01 3.800394e+01 3.801075e+01 3.801756e+01 3.802436e+01 3.803115e+01 3.803795e+01 3.804475e+01 3.805154e+01 3.805833e+01 3.806511e+01 3.807190e+01 3.807868e+01 3.808546e+01 3.809223e+01 3.809900e+01 3.810577e+01 3.811254e+01 3.811931e+01 3.812607e+01 3.813283e+01 3.813958e+01 3.814634e+01 3.815309e+01 3.815984e+01 3.816658e+01 3.817333e+01 3.818007e+01 3.818681e+01 3.819354e+01 3.820028e+01 3.820701e+01 3.821373e+01 3.822046e+01 3.822718e+01 3.823390e+01 3.824062e+01 3.824733e+01 3.825404e+01 3.826075e+01 3.826746e+01 3.827416e+01 3.828086e+01 3.828756e+01 3.829426e+01 3.830095e+01 3.830764e+01 3.831433e+01 3.832102e+01 3.832770e+01 3.833438e+01 3.834106e+01 3.834773e+01 3.835440e+01 3.836108e+01 3.836774e+01 3.837441e+01 3.838107e+01 3.838773e+01 3.839439e+01 3.840104e+01 3.840769e+01 3.841434e+01 3.842099e+01 3.842763e+01 3.843427e+01 3.844091e+01 3.844755e+01 3.845418e+01 3.846081e+01 3.846744e+01 3.847407e+01 3.848069e+01 3.848731e+01 3.849393e+01 3.850055e+01 3.850716e+01 3.851377e+01 3.852038e+01 3.852698e+01 3.853358e+01 3.854018e+01 3.854678e+01 3.855338e+01 3.855997e+01 3.856656e+01 3.857315e+01 3.857973e+01 3.858632e+01 3.859290e+01 3.859947e+01 3.860605e+01 3.861262e+01 3.861919e+01 3.862576e+01 3.863232e+01 3.863888e+01 3.864544e+01 3.865200e+01 3.865855e+01 3.866511e+01 3.867165e+01 3.867820e+01 3.868475e+01 3.869129e+01 3.869783e+01 3.870436e+01 3.871090e+01 3.871743e+01 3.872396e+01 3.873049e+01 3.873701e+01 3.874353e+01 3.875005e+01 3.875657e+01 3.876308e+01 3.876960e+01 3.877610e+01 3.878261e+01 3.878912e+01 3.879562e+01 3.880212e+01 3.880861e+01 3.881511e+01 3.882160e+01 3.882809e+01 3.883458e+01 3.884106e+01 3.884754e+01 3.885402e+01 3.886050e+01 3.886697e+01 3.887345e+01 3.887992e+01 3.888638e+01 3.889285e+01 3.889931e+01 3.890577e+01 3.891223e+01 3.891868e+01 3.892513e+01 3.893158e+01 3.893803e+01 3.894448e+01 3.895092e+01 3.895736e+01 3.896380e+01 3.897023e+01 3.897667e+01 3.898310e+01 3.898952e+01 3.899595e+01 3.900237e+01 3.900879e+01 3.901521e+01 3.902163e+01 3.902804e+01 3.903445e+01 3.904086e+01 3.904726e+01 3.905367e+01 3.906007e+01 3.906647e+01 3.907286e+01 3.907926e+01 3.908565e+01 3.909204e+01 3.909843e+01 3.910481e+01 3.911119e+01 3.911757e+01 3.912395e+01 3.913032e+01 3.913670e+01 3.914306e+01 3.914943e+01 3.915580e+01 3.916216e+01 3.916852e+01 3.917488e+01 3.918123e+01 3.918758e+01 3.919394e+01 3.920028e+01 3.920663e+01 3.921297e+01 3.921931e+01 3.922565e+01 3.923199e+01 3.923832e+01 3.924466e+01 3.925098e+01 3.925731e+01 3.926363e+01 3.926996e+01 3.927628e+01 3.928259e+01 3.928891e+01 3.929522e+01 3.930153e+01 3.930784e+01 3.931414e+01 3.932045e+01 3.932675e+01 3.933305e+01 3.933934e+01 3.934563e+01 3.935193e+01 3.935822e+01 3.936450e+01 3.937079e+01 3.937707e+01 3.938335e+01 3.938963e+01 3.939590e+01 3.940217e+01 3.940844e+01 3.941471e+01 3.942098e+01 3.942724e+01 3.943350e+01 3.943976e+01 3.944601e+01 3.945227e+01 3.945852e+01 3.946477e+01 3.947102e+01 3.947726e+01 3.948351e+01 3.948974e+01 3.949598e+01 3.950222e+01 3.950845e+01 3.951468e+01 3.952091e+01 3.952713e+01 3.953336e+01 3.953958e+01 3.954580e+01 3.955202e+01 3.955823e+01 3.956444e+01 3.957065e+01 3.957686e+01 3.958307e+01 3.958927e+01 3.959547e+01 3.960167e+01 3.960786e+01 3.961406e+01 3.962025e+01 3.962644e+01 3.963263e+01 3.963881e+01 3.964499e+01 3.965117e+01 3.965735e+01 3.966352e+01 3.966970e+01 3.967587e+01 3.968204e+01 3.968821e+01 3.969437e+01 3.970053e+01 3.970669e+01 3.971285e+01 3.971900e+01 3.972515e+01 3.973130e+01 3.973745e+01 3.974360e+01 3.974974e+01 3.975589e+01 3.976202e+01 3.976816e+01 3.977430e+01 3.978043e+01 3.978656e+01 3.979269e+01 3.979881e+01 3.980494e+01 3.981106e+01 3.981718e+01 3.982329e+01 3.982941e+01 3.983552e+01 3.984163e+01 3.984774e+01 3.985384e+01 3.985995e+01 3.986605e+01 3.987215e+01 3.987824e+01 3.988434e+01 3.989043e+01 3.989652e+01 3.990261e+01 3.990869e+01 3.991478e+01 3.992086e+01 3.992694e+01 3.993301e+01 3.993909e+01 3.994516e+01 3.995123e+01 3.995730e+01 3.996336e+01 3.996943e+01 3.997549e+01 3.998155e+01 3.998760e+01 3.999366e+01 3.999971e+01 4.000576e+01 4.001181e+01 4.001785e+01 4.002390e+01 4.002994e+01 4.003598e+01 4.004202e+01 4.004805e+01 4.005408e+01 4.006011e+01 4.006614e+01 4.007217e+01 4.007819e+01 4.008421e+01 4.009023e+01 4.009625e+01 4.010226e+01 4.010828e+01 4.011429e+01 4.012030e+01 4.012630e+01 4.013231e+01 4.013831e+01 4.014431e+01 4.015031e+01 4.015630e+01 4.016230e+01 4.016829e+01 4.017427e+01 4.018026e+01 4.018625e+01 4.019223e+01 4.019821e+01 4.020419e+01 4.021017e+01 4.021614e+01 4.022211e+01 4.022808e+01 4.023405e+01 4.024001e+01 4.024598e+01 4.025194e+01 4.025790e+01 4.026385e+01 4.026981e+01 4.027576e+01 4.028171e+01 4.028766e+01 4.029361e+01 4.029955e+01 4.030549e+01 4.031143e+01 4.031737e+01 4.032330e+01 4.032924e+01 4.033517e+01 4.034110e+01 4.034702e+01 4.035295e+01 4.035887e+01 4.036479e+01 4.037071e+01 4.037663e+01 4.038254e+01 4.038845e+01 4.039436e+01 4.040027e+01 4.040618e+01 4.041208e+01 4.041798e+01 4.042388e+01 4.042978e+01 4.043567e+01 4.044157e+01 4.044746e+01 4.045335e+01 4.045923e+01 4.046512e+01 4.047100e+01 4.047688e+01 4.048276e+01 4.048864e+01 4.049451e+01 4.050038e+01 4.050625e+01 4.051212e+01 4.051799e+01 4.052385e+01 4.052971e+01</elevationAngle>
        <elevationPattern count="562">3.728886e+14 7.129397e+14 3.764500e+14 7.194228e+14 3.800098e+14 7.259032e+14 3.835681e+14 7.323807e+14 3.871357e+14 7.388729e+14 3.907638e+14 7.454615e+14 3.943903e+14 7.520471e+14 3.980153e+14 7.586301e+14 4.016385e+14 7.652100e+14 4.052607e+14 7.717879e+14 4.088811e+14 7.783624e+14 4.125179e+14 7.849702e+14 4.162078e+14 7.916844e+14 4.198961e+14 7.983956e+14 4.235828e+14 8.051040e+14 4.272679e+14 8.118094e+14 4.309516e+14 8.185123e+14 4.346337e+14 8.252123e+14 4.383429e+14 8.319428e+14 4.421084e+14 8.387382e+14 4.458727e+14 8.455312e+14 4.496351e+14 8.523209e+14 4.533960e+14 8.591078e+14 4.571555e+14 8.658920e+14 4.609134e+14 8.726735e+14 4.646808e+14 8.794801e+14 4.684645e+14 8.863280e+14 4.722464e+14 8.931729e+14 4.760268e+14 9.000150e+14 4.798056e+14 9.068543e+14 4.835829e+14 9.136907e+14 4.873587e+14 9.205243e+14 4.911577e+14 9.273801e+14 4.949876e+14 9.342652e+14 4.988159e+14 9.411478e+14 5.026428e+14 9.480275e+14 5.064680e+14 9.549042e+14 5.102917e+14 9.617783e+14 5.141138e+14 9.686495e+14 5.179408e+14 9.755567e+14 5.217740e+14 9.825081e+14 5.256055e+14 9.894563e+14 5.294357e+14 9.964021e+14 5.332642e+14 1.003345e+15 5.370912e+14 1.010285e+15 5.409164e+14 1.017222e+15 5.447470e+14 1.024117e+15 5.485832e+14 1.030963e+15 5.524183e+14 1.037806e+15 5.562515e+14 1.044646e+15 5.600833e+14 1.051483e+15 5.639134e+14 1.058318e+15 5.677421e+14 1.065149e+15 5.715630e+14 1.071978e+15 5.753743e+14 1.078805e+15 5.791840e+14 1.085628e+15 5.829922e+14 1.092449e+15 5.867986e+14 1.099266e+15 5.906037e+14 1.106081e+15 5.944072e+14 1.112893e+15 5.982091e+14 1.119703e+15 6.020094e+14 1.126509e+15 6.058082e+14 1.133313e+15 6.096054e+14 1.140114e+15 6.134010e+14 1.146912e+15 6.171953e+14 1.153708e+15 6.209877e+14 1.160500e+15 6.247645e+14 1.167290e+15 6.285115e+14 1.174077e+15 6.322572e+14 1.180862e+15 6.360013e+14 1.187644e+15 6.397436e+14 1.194422e+15 6.434848e+14 1.201199e+15 6.472241e+14 1.207972e+15 6.509510e+14 1.214706e+15 6.546451e+14 1.221333e+15 6.583378e+14 1.227957e+15 6.620291e+14 1.234579e+15 6.657185e+14 1.241197e+15 6.694065e+14 1.247813e+15 6.730931e+14 1.254427e+15 6.767672e+14 1.260993e+15 6.803806e+14 1.267320e+15 6.839924e+14 1.273644e+15 6.876029e+14 1.279966e+15 6.912116e+14 1.286285e+15 6.948191e+14 1.292602e+15 6.984250e+14 1.298915e+15 7.020272e+14 1.305227e+15 7.055600e+14 1.311536e+15 7.090916e+14 1.317842e+15 7.126214e+14 1.324146e+15 7.161504e+14 1.330447e+15 7.196776e+14 1.336746e+15 7.232034e+14 1.343042e+15 7.267278e+14 1.349336e+15 7.301757e+14 1.355501e+15 7.336136e+14 1.361650e+15 7.370497e+14 1.367796e+15 7.404847e+14 1.373940e+15 7.439183e+14 1.380081e+15 7.473501e+14 1.386220e+15 7.507810e+14 1.392356e+15 7.541289e+14 1.398286e+15 7.574454e+14 1.404139e+15 7.607604e+14 1.409989e+15 7.640741e+14 1.415837e+15 7.673867e+14 1.421682e+15 7.706981e+14 1.427526e+15 7.740079e+14 1.433367e+15 7.772550e+14 1.439128e+15 7.804509e+14 1.444826e+15 7.836458e+14 1.450521e+15 7.868393e+14 1.456213e+15 7.900315e+14 1.461904e+15 7.932223e+14 1.467592e+15 7.964118e+14 1.473278e+15 7.995571e+14 1.478818e+15 8.026195e+14 1.484083e+15 8.056803e+14 1.489346e+15 8.087401e+14 1.494608e+15 8.117989e+14 1.499867e+15 8.148563e+14 1.505124e+15 8.179122e+14 1.510379e+15 8.209508e+14 1.515615e+15 8.238661e+14 1.520728e+15 8.267807e+14 1.525838e+15 8.296939e+14 1.530947e+15 8.326059e+14 1.536053e+15 8.355165e+14 1.541157e+15 8.384265e+14 1.546260e+15 8.413348e+14 1.551360e+15 8.440977e+14 1.556217e+15 8.468388e+14 1.561038e+15 8.495787e+14 1.565857e+15 8.523172e+14 1.570673e+15 8.550550e+14 1.575489e+15 8.577913e+14 1.580301e+15 8.605269e+14 1.585112e+15 8.631695e+14 1.589755e+15 8.657516e+14 1.594288e+15 8.683327e+14 1.598818e+15 8.709130e+14 1.603347e+15 8.734923e+14 1.607875e+15 8.760701e+14 1.612400e+15 8.786472e+14 1.616923e+15 8.811703e+14 1.621313e+15 8.835812e+14 1.625423e+15 8.859910e+14 1.629530e+15 8.883996e+14 1.633636e+15 8.908074e+14 1.637740e+15 8.932143e+14 1.641843e+15 8.956199e+14 1.645943e+15 8.980231e+14 1.650039e+15 9.002356e+14 1.653726e+15 9.024473e+14 1.657412e+15 9.046586e+14 1.661097e+15 9.068687e+14 1.664781e+15 9.090778e+14 1.668463e+15 9.112860e+14 1.672143e+15 9.134935e+14 1.675822e+15 9.155706e+14 1.679315e+15 9.175856e+14 1.682719e+15 9.195999e+14 1.686121e+15 9.216134e+14 1.689523e+15 9.236260e+14 1.692922e+15 9.256378e+14 1.696321e+15 9.276490e+14 1.699718e+15 9.296014e+14 1.702980e+15 9.314345e+14 1.705967e+15 9.332664e+14 1.708953e+15 9.350981e+14 1.711938e+15 9.369289e+14 1.714921e+15 9.387591e+14 1.717904e+15 9.405882e+14 1.720885e+15 9.424170e+14 1.723865e+15 9.440640e+14 1.726585e+15 9.457019e+14 1.729292e+15 9.473389e+14 1.731998e+15 9.489752e+14 1.734703e+15 9.506110e+14 1.737407e+15 9.522463e+14 1.740110e+15 9.538807e+14 1.742811e+15 9.554010e+14 1.745285e+15 9.568320e+14 1.747580e+15 9.582621e+14 1.749873e+15 9.596917e+14 1.752166e+15 9.611208e+14 1.754458e+15 9.625493e+14 1.756749e+15 9.639772e+14 1.759039e+15 9.653756e+14 1.761251e+15 9.666005e+14 1.763001e+15 9.678251e+14 1.764750e+15 9.690489e+14 1.766498e+15 9.702724e+14 1.768246e+15 9.714954e+14 1.769994e+15 9.727177e+14 1.771740e+15 9.739397e+14 1.773485e+15 9.750005e+14 1.775041e+15 9.759932e+14 1.776517e+15 9.769859e+14 1.777993e+15 9.779780e+14 1.779467e+15 9.789699e+14 1.780942e+15 9.799615e+14 1.782416e+15 9.809523e+14 1.783888e+15 9.818871e+14 1.785230e+15 9.826500e+14 1.786167e+15 9.834124e+14 1.787103e+15 9.841744e+14 1.788039e+15 9.849362e+14 1.788974e+15 9.856981e+14 1.789910e+15 9.864593e+14 1.790845e+15 9.872200e+14 1.791779e+15 9.878178e+14 1.792509e+15 9.883647e+14 1.793176e+15 9.889117e+14 1.793843e+15 9.894579e+14 1.794510e+15 9.900041e+14 1.795176e+15 9.905504e+14 1.795842e+15 9.910962e+14 1.796508e+15 9.915796e+14 1.797035e+15 9.918855e+14 1.797168e+15 9.921914e+14 1.797301e+15 9.924971e+14 1.797433e+15 9.928024e+14 1.797566e+15 9.931082e+14 1.797699e+15 9.934136e+14 1.797832e+15 9.937191e+14 1.797965e+15 9.938487e+14 1.797805e+15 9.939151e+14 1.797540e+15 9.939812e+14 1.797275e+15 9.940475e+14 1.797009e+15 9.941141e+14 1.796745e+15 9.941800e+14 1.796480e+15 9.942463e+14 1.796215e+15 9.942702e+14 1.795876e+15 9.941113e+14 1.795215e+15 9.939531e+14 1.794554e+15 9.937945e+14 1.793893e+15 9.936359e+14 1.793233e+15 9.934775e+14 1.792573e+15 9.933193e+14 1.791913e+15 9.931609e+14 1.791253e+15 9.928644e+14 1.790350e+15 9.924815e+14 1.789294e+15 9.920997e+14 1.788240e+15 9.917173e+14 1.787186e+15 9.913357e+14 1.786133e+15 9.909537e+14 1.785079e+15 9.905719e+14 1.784026e+15 9.901852e+14 1.782962e+15 9.895670e+14 1.781384e+15 9.889491e+14 1.779806e+15 9.883316e+14 1.778229e+15 9.877140e+14 1.776653e+15 9.870970e+14 1.775078e+15 9.864803e+14 1.773503e+15 9.858638e+14 1.771929e+15 9.851504e+14 1.770247e+15 9.842983e+14 1.768412e+15 9.834467e+14 1.766577e+15 9.825952e+14 1.764743e+15 9.817442e+14 1.762911e+15 9.808934e+14 1.761078e+15 9.800430e+14 1.759247e+15 9.791930e+14 1.757416e+15 9.781814e+14 1.755181e+15 9.771226e+14 1.752828e+15 9.760645e+14 1.750477e+15 9.750066e+14 1.748126e+15 9.739497e+14 1.745777e+15 9.728926e+14 1.743428e+15 9.718363e+14 1.741080e+15 9.707532e+14 1.738704e+15 9.694630e+14 1.736097e+15 9.681729e+14 1.733491e+15 9.668837e+14 1.730886e+15 9.655947e+14 1.728282e+15 9.643067e+14 1.725680e+15 9.630186e+14 1.723078e+15 9.617315e+14 1.720478e+15 9.603546e+14 1.717653e+15 9.588602e+14 1.714534e+15 9.573667e+14 1.711417e+15 9.558736e+14 1.708301e+15 9.543812e+14 1.705186e+15 9.528890e+14 1.702073e+15 9.513975e+14 1.698960e+15 9.499068e+14 1.695849e+15 9.482561e+14 1.692550e+15 9.465463e+14 1.689182e+15 9.448369e+14 1.685815e+15 9.431285e+14 1.682450e+15 9.414207e+14 1.679086e+15 9.397133e+14 1.675723e+15 9.380063e+14 1.672361e+15 9.363003e+14 1.669001e+15 9.344140e+14 1.665383e+15 9.325285e+14 1.661767e+15 9.306437e+14 1.658152e+15 9.287598e+14 1.654539e+15 9.268765e+14 1.650927e+15 9.249937e+14 1.647316e+15 9.231118e+14 1.643708e+15 9.211789e+14 1.640003e+15 9.190925e+14 1.636010e+15 9.170065e+14 1.632019e+15 9.149217e+14 1.628029e+15 9.128374e+14 1.624041e+15 9.107540e+14 1.620054e+15 9.086711e+14 1.616069e+15 9.065893e+14 1.612085e+15 9.044167e+14 1.607919e+15 9.021435e+14 1.603553e+15 8.998718e+14 1.599189e+15 8.976006e+14 1.594826e+15 8.953303e+14 1.590465e+15 8.930609e+14 1.586106e+15 8.907925e+14 1.581748e+15 8.885245e+14 1.577392e+15 8.861530e+14 1.572863e+15 8.837336e+14 1.568255e+15 8.813148e+14 1.563647e+15 8.788969e+14 1.559042e+15 8.764802e+14 1.554438e+15 8.740643e+14 1.549837e+15 8.716489e+14 1.545236e+15 8.692349e+14 1.540638e+15 8.666678e+14 1.535932e+15 8.640769e+14 1.531209e+15 8.614867e+14 1.526488e+15 8.588980e+14 1.521770e+15 8.563096e+14 1.517052e+15 8.537224e+14 1.512337e+15 8.511363e+14 1.507623e+15 8.485485e+14 1.502904e+15 8.458246e+14 1.497812e+15 8.431011e+14 1.492722e+15 8.403790e+14 1.487634e+15 8.376580e+14 1.482548e+15 8.349379e+14 1.477463e+15 8.322187e+14 1.472381e+15 8.295009e+14 1.467301e+15 8.267625e+14 1.462203e+15 8.239068e+14 1.456999e+15 8.210523e+14 1.451797e+15 8.181986e+14 1.446597e+15 8.153463e+14 1.441400e+15 8.124951e+14 1.436204e+15 8.096446e+14 1.431010e+15 8.067956e+14 1.425819e+15 8.039142e+14 1.420562e+15 8.009405e+14 1.415121e+15 7.979681e+14 1.409682e+15 7.949969e+14 1.404245e+15 7.920263e+14 1.398810e+15 7.890572e+14 1.393377e+15 7.860894e+14 1.387947e+15 7.831225e+14 1.382518e+15 7.801166e+14 1.377047e+15 7.770386e+14 1.371496e+15 7.739614e+14 1.365947e+15 7.708857e+14 1.360400e+15 7.678109e+14 1.354856e+15 7.647376e+14 1.349314e+15 7.616649e+14 1.343773e+15 7.585936e+14 1.338234e+15 7.554868e+14 1.332593e+15 7.523298e+14 1.326808e+15 7.491738e+14 1.321024e+15 7.460192e+14 1.315242e+15 7.428657e+14 1.309463e+15 7.397134e+14 1.303686e+15 7.365623e+14 1.297911e+15 7.334122e+14 1.292138e+15 7.302233e+14 1.286367e+15 7.269880e+14 1.280599e+15 7.237539e+14 1.274832e+15 7.205206e+14 1.269068e+15 7.172889e+14 1.263306e+15 7.140584e+14 1.257546e+15 7.108290e+14 1.251788e+15 7.076007e+14 1.246032e+15 7.043442e+14 1.240220e+15 7.010561e+14 1.234344e+15 6.977688e+14 1.228469e+15 6.944830e+14 1.222597e+15 6.911983e+14 1.216727e+15 6.879149e+14 1.210859e+15 6.846328e+14 1.204994e+15 6.813517e+14 1.199130e+15 6.780488e+14 1.193211e+15 6.747206e+14 1.187228e+15 6.713932e+14 1.181246e+15 6.680673e+14 1.175267e+15 6.647427e+14 1.169290e+15 6.614190e+14 1.163315e+15 6.580968e+14 1.157343e+15 6.547760e+14 1.151373e+15 6.514402e+14 1.145405e+15 6.480842e+14 1.139439e+15 6.447296e+14 1.133475e+15 6.413763e+14 1.127513e+15 6.380242e+14 1.121554e+15 6.346733e+14 1.115597e+15 6.313240e+14 1.109642e+15 6.279753e+14 1.103689e+15 6.246140e+14 1.097739e+15 6.212310e+14 1.091791e+15 6.178491e+14 1.085845e+15 6.144687e+14 1.079901e+15 6.110894e+14 1.073959e+15 6.077112e+14 1.068020e+15 6.043344e+14 1.062083e+15 6.009591e+14 1.056148e+15 5.975883e+14 1.050215e+15 5.942274e+14 1.044284e+15 5.908681e+14 1.038356e+15 5.875097e+14 1.032429e+15 5.841528e+14 1.026505e+15 5.807970e+14 1.020583e+15 5.774424e+14 1.014663e+15 5.740892e+14 1.008746e+15 5.707371e+14 1.002815e+15 5.673865e+14 9.968286e+14 5.640366e+14 9.908433e+14 5.606883e+14 9.848606e+14 5.573412e+14 9.788802e+14 5.539954e+14 9.729020e+14 5.506506e+14 9.669257e+14 5.473071e+14 9.609517e+14 5.439659e+14 9.549870e+14 5.406372e+14 9.491157e+14 5.373096e+14 9.432464e+14 5.339833e+14 9.373794e+14 5.306585e+14 9.315149e+14 5.273346e+14 9.256522e+14 5.240120e+14 9.197917e+14 5.206906e+14 9.139332e+14 5.173705e+14 9.080772e+14 5.140739e+14 9.022790e+14 5.107808e+14 8.964885e+14 5.074886e+14 8.906996e+14 5.041979e+14 8.849135e+14 5.009083e+14 8.791292e+14 4.976198e+14 8.733468e+14 4.943326e+14 8.675667e+14 4.910467e+14 8.617889e+14 4.877981e+14 8.560672e+14 4.845634e+14 8.503667e+14 4.813298e+14 8.446684e+14 4.780974e+14 8.389720e+14 4.748661e+14 8.332776e+14 4.716361e+14 8.275854e+14 4.684073e+14 8.218956e+14 4.651796e+14 8.162075e+14 4.619794e+14 8.105741e+14 4.588027e+14 8.049876e+14 4.556272e+14 7.994030e+14 4.524529e+14 7.938206e+14 4.492798e+14 7.882402e+14 4.461078e+14 7.826620e+14 4.429370e+14 7.770856e+14 4.397673e+14 7.715114e+14 4.366217e+14 7.659774e+14 4.335273e+14 7.605287e+14 4.304338e+14 7.550819e+14 4.273414e+14 7.496367e+14 4.242502e+14 7.441939e+14 4.211602e+14 7.387530e+14 4.180712e+14 7.333139e+14 4.149834e+14 7.278772e+14 4.119007e+14 7.224500e+14 4.088756e+14 7.171380e+14 4.058516e+14 7.118279e+14 4.028287e+14 7.065196e+14 3.998069e+14 7.012133e+14 3.967864e+14 6.959092e+14 3.937668e+14 6.906068e+14 3.907481e+14 6.853061e+14 3.877308e+14 6.800077e+14 3.847717e+14 6.748160e+14 3.818290e+14 6.696542e+14 3.788872e+14 6.644940e+14 3.759465e+14 6.593357e+14 3.730070e+14 6.541794e+14 3.700684e+14 6.490249e+14 3.671309e+14 6.438722e+14 3.641943e+14 6.387212e+14 3.613062e+14 6.336550e+14 3.584681e+14 6.286762e+14 3.556311e+14 6.236995e+14 3.527951e+14 6.187244e+14 3.499600e+14 6.137511e+14 3.471259e+14 6.087795e+14 3.442930e+14 6.038097e+14 3.414610e+14 5.988419e+14 3.386441e+14 5.938997e+14 3.358980e+14 5.890791e+14 3.331531e+14 5.842606e+14 3.304092e+14 5.794436e+14 3.276662e+14 5.746284e+14 3.249242e+14 5.698149e+14 3.221831e+14 5.650031e+14 3.194431e+14 5.601933e+14 3.167041e+14 5.553849e+14 3.140440e+14 5.507246e+14 3.114026e+14 5.460992e+14 3.087622e+14 5.414755e+14 3.061226e+14 5.368532e+14 3.034840e+14 5.322325e+14 3.008464e+14 5.276138e+14 2.982098e+14 5.229968e+14 2.955740e+14 5.183811e+14 2.929865e+14 5.138461e+14 2.904599e+14 5.094127e+14 2.879342e+14 5.049807e+14 2.854094e+14 5.005506e+14 2.828855e+14 4.961219e+14 2.803627e+14 4.916949e+14 2.778406e+14 4.872693e+14 2.753194e+14 4.828454e+14 2.728030e+14 4.784302e+14 2.703788e+14 4.741879e+14 2.679554e+14 4.699470e+14 2.655328e+14 4.657075e+14 2.631112e+14 4.614697e+14 2.606904e+14 4.572333e+14 2.582706e+14 4.529985e+14 2.558516e+14 4.487652e+14 2.534333e+14 4.445333e+14 2.510815e+14 4.404194e+14 2.487717e+14 4.363802e+14 2.464626e+14 4.323422e+14 2.441544e+14 4.283059e+14 2.418471e+14 4.242710e+14 2.395405e+14 4.202375e+14 2.372349e+14 4.162056e+14 2.349300e+14 4.121750e+14 2.326451e+14 4.081766e+14 2.304600e+14 4.043378e+14 2.282757e+14 4.005005e+14 2.260921e+14 3.966646e+14 2.239094e+14 3.928301e+14 2.217274e+14 3.889968e+14 2.195461e+14 3.851648e+14 2.173657e+14 3.813343e+14 2.151861e+14 3.775053e+14 2.130798e+14 3.738065e+14 2.110076e+14 3.701685e+14 2.089363e+14 3.665319e+14 2.068656e+14 3.628964e+14 2.047957e+14 3.592623e+14 2.027264e+14 3.556294e+14 2.006580e+14 3.519979e+14 1.985904e+14 3.483678e+14 1.965448e+14 3.447752e+14 1.945959e+14 3.413471e+14 1.926478e+14 3.379201e+14 1.907003e+14 3.344945e+14 1.887536e+14 3.310701e+14 1.868075e+14 3.276468e+14</elevationPattern>
        <incidenceAngle count="562">4.177484e+01 4.178348e+01 4.179211e+01 4.180075e+01 4.180939e+01 4.181802e+01 4.182664e+01 4.183528e+01 4.184390e+01 4.185252e+01 4.186113e+01 4.186974e+01 4.187836e+01 4.188696e+01 4.189555e+01 4.190416e+01 4.191275e+01 4.192134e+01 4.192993e+01 4.193852e+01 4.194710e+01 4.195569e+01 4.196426e+01 4.197284e+01 4.198140e+01 4.198997e+01 4.199854e+01 4.200710e+01 4.201566e+01 4.202420e+01 4.203276e+01 4.204131e+01 4.204985e+01 4.205838e+01 4.206693e+01 4.207545e+01 4.208398e+01 4.209251e+01 4.210104e+01 4.210957e+01 4.211809e+01 4.212660e+01 4.213512e+01 4.214362e+01 4.215213e+01 4.216063e+01 4.216913e+01 4.217763e+01 4.218613e+01 4.219461e+01 4.220309e+01 4.221158e+01 4.222006e+01 4.222855e+01 4.223701e+01 4.224548e+01 4.225395e+01 4.226242e+01 4.227089e+01 4.227934e+01 4.228780e+01 4.229625e+01 4.230470e+01 4.231316e+01 4.232159e+01 4.233003e+01 4.233847e+01 4.234691e+01 4.235533e+01 4.236377e+01 4.237219e+01 4.238062e+01 4.238902e+01 4.239745e+01 4.240585e+01 4.241426e+01 4.242267e+01 4.243108e+01 4.243947e+01 4.244788e+01 4.245627e+01 4.246466e+01 4.247304e+01 4.248143e+01 4.248981e+01 4.249818e+01 4.250656e+01 4.251494e+01 4.252330e+01 4.253168e+01 4.254004e+01 4.254840e+01 4.255675e+01 4.256511e+01 4.257346e+01 4.258180e+01 4.259015e+01 4.259850e+01 4.260683e+01 4.261517e+01 4.262350e+01 4.263184e+01 4.264015e+01 4.264848e+01 4.265680e+01 4.266512e+01 4.267343e+01 4.268175e+01 4.269005e+01 4.269836e+01 4.270667e+01 4.271497e+01 4.272325e+01 4.273155e+01 4.273984e+01 4.274812e+01 4.275641e+01 4.276469e+01 4.277298e+01 4.278125e+01 4.278952e+01 4.279779e+01 4.280606e+01 4.281432e+01 4.282259e+01 4.283084e+01 4.283910e+01 4.284735e+01 4.285559e+01 4.286385e+01 4.287209e+01 4.288033e+01 4.288857e+01 4.289679e+01 4.290503e+01 4.291325e+01 4.292148e+01 4.292970e+01 4.293793e+01 4.294614e+01 4.295435e+01 4.296255e+01 4.297076e+01 4.297897e+01 4.298717e+01 4.299538e+01 4.300357e+01 4.301176e+01 4.301994e+01 4.302814e+01 4.303632e+01 4.304449e+01 4.305267e+01 4.306085e+01 4.306903e+01 4.307719e+01 4.308536e+01 4.309352e+01 4.310168e+01 4.310985e+01 4.311800e+01 4.312614e+01 4.313429e+01 4.314244e+01 4.315059e+01 4.315872e+01 4.316687e+01 4.317500e+01 4.318314e+01 4.319125e+01 4.319939e+01 4.320750e+01 4.321562e+01 4.322374e+01 4.323186e+01 4.323997e+01 4.324808e+01 4.325618e+01 4.326428e+01 4.327238e+01 4.328049e+01 4.328857e+01 4.329668e+01 4.330476e+01 4.331285e+01 4.332092e+01 4.332901e+01 4.333708e+01 4.334515e+01 4.335323e+01 4.336130e+01 4.336937e+01 4.337743e+01 4.338548e+01 4.339354e+01 4.340160e+01 4.340965e+01 4.341769e+01 4.342574e+01 4.343379e+01 4.344182e+01 4.344986e+01 4.345790e+01 4.346593e+01 4.347395e+01 4.348198e+01 4.349001e+01 4.349803e+01 4.350604e+01 4.351405e+01 4.352206e+01 4.353008e+01 4.353809e+01 4.354610e+01 4.355409e+01 4.356209e+01 4.357008e+01 4.357808e+01 4.358606e+01 4.359406e+01 4.360204e+01 4.361002e+01 4.361800e+01 4.362598e+01 4.363394e+01 4.364191e+01 4.364989e+01 4.365785e+01 4.366580e+01 4.367377e+01 4.368172e+01 4.368968e+01 4.369763e+01 4.370557e+01 4.371352e+01 4.372147e+01 4.372940e+01 4.373734e+01 4.374527e+01 4.375320e+01 4.376114e+01 4.376906e+01 4.377698e+01 4.378490e+01 4.379282e+01 4.380074e+01 4.380864e+01 4.381656e+01 4.382446e+01 4.383237e+01 4.384027e+01 4.384816e+01 4.385606e+01 4.386395e+01 4.387184e+01 4.387973e+01 4.388762e+01 4.389549e+01 4.390338e+01 4.391125e+01 4.391913e+01 4.392700e+01 4.393488e+01 4.394273e+01 4.395059e+01 4.395845e+01 4.396631e+01 4.397417e+01 4.398203e+01 4.398987e+01 4.399773e+01 4.400557e+01 4.401340e+01 4.402124e+01 4.402908e+01 4.403691e+01 4.404474e+01 4.405257e+01 4.406039e+01 4.406822e+01 4.407603e+01 4.408386e+01 4.409167e+01 4.409949e+01 4.410730e+01 4.411510e+01 4.412291e+01 4.413071e+01 4.413850e+01 4.414630e+01 4.415410e+01 4.416188e+01 4.416968e+01 4.417746e+01 4.418524e+01 4.419302e+01 4.420081e+01 4.420857e+01 4.421634e+01 4.422412e+01 4.423189e+01 4.423964e+01 4.424741e+01 4.425517e+01 4.426292e+01 4.427068e+01 4.427843e+01 4.428618e+01 4.429393e+01 4.430167e+01 4.430940e+01 4.431714e+01 4.432487e+01 4.433261e+01 4.434035e+01 4.434807e+01 4.435579e+01 4.436351e+01 4.437123e+01 4.437895e+01 4.438667e+01 4.439438e+01 4.440208e+01 4.440979e+01 4.441750e+01 4.442520e+01 4.443291e+01 4.444060e+01 4.444829e+01 4.445598e+01 4.446367e+01 4.447136e+01 4.447903e+01 4.448672e+01 4.449440e+01 4.450208e+01 4.450975e+01 4.451741e+01 4.452509e+01 4.453275e+01 4.454041e+01 4.454807e+01 4.455573e+01 4.456339e+01 4.457104e+01 4.457869e+01 4.458633e+01 4.459398e+01 4.460162e+01 4.460927e+01 4.461690e+01 4.462453e+01 4.463217e+01 4.463980e+01 4.464742e+01 4.465504e+01 4.466267e+01 4.467029e+01 4.467790e+01 4.468552e+01 4.469313e+01 4.470074e+01 4.470834e+01 4.471594e+01 4.472356e+01 4.473116e+01 4.473874e+01 4.474634e+01 4.475394e+01 4.476152e+01 4.476910e+01 4.477669e+01 4.478427e+01 4.479185e+01 4.479942e+01 4.480699e+01 4.481458e+01 4.482214e+01 4.482971e+01 4.483727e+01 4.484483e+01 4.485239e+01 4.485994e+01 4.486749e+01 4.487505e+01 4.488260e+01 4.489014e+01 4.489769e+01 4.490523e+01 4.491277e+01 4.492030e+01 4.492784e+01 4.493536e+01 4.494290e+01 4.495042e+01 4.495795e+01 4.496547e+01 4.497299e+01 4.498050e+01 4.498802e+01 4.499553e+01 4.500304e+01 4.501054e+01 4.501805e+01 4.502554e+01 4.503305e+01 4.504054e+01 4.504803e+01 4.505553e+01 4.506302e+01 4.507051e+01 4.507799e+01 4.508548e+01 4.509296e+01 4.510043e+01 4.510791e+01 4.511537e+01 4.512285e+01 4.513031e+01 4.513777e+01 4.514523e+01 4.515269e+01 4.516016e+01 4.516762e+01 4.517506e+01 4.518251e+01 4.518996e+01 4.519740e+01 4.520485e+01 4.521230e+01 4.521973e+01 4.522716e+01 4.523459e+01 4.524202e+01 4.524945e+01 4.525688e+01 4.526430e+01 4.527173e+01 4.527914e+01 4.528656e+01 4.529398e+01 4.530139e+01 4.530879e+01 4.531619e+01 4.532361e+01 4.533101e+01 4.533841e+01 4.534579e+01 4.535320e+01 4.536058e+01 4.536798e+01 4.537537e+01 4.538275e+01 4.539014e+01 4.539751e+01 4.540489e+01 4.541226e+01 4.541963e+01 4.542700e+01 4.543437e+01 4.544174e+01 4.544911e+01 4.545647e+01 4.546382e+01 4.547118e+01 4.547853e+01 4.548589e+01 4.549324e+01 4.550058e+01 4.550793e+01 4.551527e+01 4.552261e+01 4.552995e+01 4.553728e+01 4.554462e+01 4.555194e+01 4.555927e+01 4.556660e+01 4.557391e+01 4.558124e+01 4.558856e+01 4.559587e+01 4.560320e+01 4.561050e+01 4.561781e+01 4.562512e+01 4.563242e+01 4.563972e+01 4.564702e+01 4.565433e+01 4.566162e+01 4.566891e+01 4.567619e+01 4.568349e+01 4.569077e+01 4.569806e+01 4.570534e+01 4.571262e+01 4.571989e+01 4.572716e+01 4.573444e+01 4.574170e+01 4.574898e+01 4.575624e+01 4.576350e+01 4.577077e+01 4.577802e+01 4.578528e+01 4.579253e+01 4.579977e+01 4.580702e+01 4.581427e+01 4.582152e+01 4.582877e+01 4.583600e+01 4.584323e+01 4.585046e+01 4.585770e+01 4.586493e+01 4.587216e+01 4.587938e+01 4.588661e+01 4.589383e+01 4.590105e+01 4.590826e+01 4.591548e+01 4.592268e+01 4.592990e+01 4.593710e+01 4.594431e+01 4.595151e+01 4.595871e+01 4.596591e+01 4.597311e+01 4.598030e+01 4.598749e+01 4.599469e+01 4.600188e+01 4.600905e+01 4.601624e+01 4.602342e+01 4.603059e+01 4.603777e+01 4.604494e+01 4.605211e+01 4.605928e+01 4.606645e+01 4.607361e+01 4.608078e+01 4.608794e+01 4.609509e+01 4.610225e+01 4.610941e+01 4.611655e+01 4.612370e+01 4.613084e+01 4.613799e+01 4.614513e+01 4.615227e+01 4.615941e+01 4.616653e+01 4.617368e+01</incidenceAngle>
        <terrainHeight>2.203630206275000e+03</terrainHeight>
        <roll>3.009931159131301e+01</roll>
      </antennaPattern>
      <antennaPattern>
        <swath>IW3</swath>
        <azimuthTime>2015-05-16T13:34:37.508071</azimuthTime>
        <slantRangeTime count="562">6.017503134959210e-03 6.018185170111523e-03 6.018867205263837e-03 6.019549240416150e-03 6.020231275568463e-03 6.020913310720777e-03 6.021595345873090e-03 6.022277381025403e-03 6.022959416177718e-03 6.023641451330030e-03 6.024323486482344e-03 6.025005521634657e-03 6.025687556786971e-03 6.026369591939284e-03 6.027051627091597e-03 6.027733662243911e-03 6.028415697396225e-03 6.029097732548537e-03 6.029779767700852e-03 6.030461802853164e-03 6.031143838005478e-03 6.031825873157792e-03 6.032507908310105e-03 6.033189943462418e-03 6.033871978614731e-03 6.034554013767045e-03 6.035236048919359e-03 6.035918084071672e-03 6.036600119223985e-03 6.037282154376299e-03 6.037964189528612e-03 6.038646224680926e-03 6.039328259833239e-03 6.040010294985553e-03 6.040692330137866e-03 6.041374365290180e-03 6.042056400442493e-03 6.042738435594807e-03 6.043420470747120e-03 6.044102505899433e-03 6.044784541051747e-03 6.045466576204060e-03 6.046148611356373e-03 6.046830646508687e-03 6.047512681661001e-03 6.048194716813313e-03 6.048876751965627e-03 6.049558787117940e-03 6.050240822270254e-03 6.050922857422567e-03 6.051604892574880e-03 6.052286927727194e-03 6.052968962879508e-03 6.053650998031820e-03 6.054333033184134e-03 6.055015068336447e-03 6.055697103488761e-03 6.056379138641074e-03 6.057061173793387e-03 6.057743208945701e-03 6.058425244098014e-03 6.059107279250327e-03 6.059789314402641e-03 6.060471349554954e-03 6.061153384707267e-03 6.061835419859581e-03 6.062517455011894e-03 6.063199490164208e-03 6.063881525316521e-03 6.064563560468834e-03 6.065245595621147e-03 6.065927630773461e-03 6.066609665925774e-03 6.067291701078088e-03 6.067973736230400e-03 6.068655771382715e-03 6.069337806535028e-03 6.070019841687341e-03 6.070701876839654e-03 6.071383911991968e-03 6.072065947144281e-03 6.072747982296595e-03 6.073430017448908e-03 6.074112052601222e-03 6.074794087753535e-03 6.075476122905848e-03 6.076158158058163e-03 6.076840193210475e-03 6.077522228362790e-03 6.078204263515102e-03 6.078886298667417e-03 6.079568333819730e-03 6.080250368972044e-03 6.080932404124357e-03 6.081614439276671e-03 6.082296474428984e-03 6.082978509581298e-03 6.083660544733611e-03 6.084342579885925e-03 6.085024615038238e-03 6.085706650190552e-03 6.086388685342866e-03 6.087070720495179e-03 6.087752755647493e-03 6.088434790799806e-03 6.089116825952120e-03 6.089798861104434e-03 6.090480896256746e-03 6.091162931409061e-03 6.091844966561373e-03 6.092527001713688e-03 6.093209036866001e-03 6.093891072018315e-03 6.094573107170628e-03 6.095255142322942e-03 6.095937177475255e-03 6.096619212627569e-03 6.097301247779882e-03 6.097983282932196e-03 6.098665318084509e-03 6.099347353236823e-03 6.100029388389137e-03 6.100711423541450e-03 6.101393458693764e-03 6.102075493846077e-03 6.102757528998391e-03 6.103439564150704e-03 6.104121599303017e-03 6.104803634455332e-03 6.105485669607644e-03 6.106167704759959e-03 6.106849739912271e-03 6.107531775064586e-03 6.108213810216899e-03 6.108895845369213e-03 6.109577880521526e-03 6.110259915673840e-03 6.110941950826153e-03 6.111623985978467e-03 6.112306021130780e-03 6.112988056283094e-03 6.113670091435407e-03 6.114352126587721e-03 6.115034161740035e-03 6.115716196892348e-03 6.116398232044662e-03 6.117080267196975e-03 6.117762302349289e-03 6.118444337501603e-03 6.119126372653915e-03 6.119808407806230e-03 6.120490442958542e-03 6.121172478110857e-03 6.121854513263170e-03 6.122536548415484e-03 6.123218583567797e-03 6.123900618720111e-03 6.124582653872424e-03 6.125264689024738e-03 6.125946724177051e-03 6.126628759329365e-03 6.127310794481678e-03 6.127992829633991e-03 6.128674864786305e-03 6.129356899938617e-03 6.130038935090931e-03 6.130720970243244e-03 6.131403005395557e-03 6.132085040547870e-03 6.132767075700184e-03 6.133449110852496e-03 6.134131146004810e-03 6.134813181157123e-03 6.135495216309436e-03 6.136177251461749e-03 6.136859286614062e-03 6.137541321766376e-03 6.138223356918689e-03 6.138905392071002e-03 6.139587427223315e-03 6.140269462375629e-03 6.140951497527941e-03 6.141633532680255e-03 6.142315567832568e-03 6.142997602984881e-03 6.143679638137194e-03 6.144361673289508e-03 6.145043708441820e-03 6.145725743594134e-03 6.146407778746447e-03 6.147089813898760e-03 6.147771849051073e-03 6.148453884203386e-03 6.149135919355699e-03 6.149817954508013e-03 6.150499989660325e-03 6.151182024812639e-03 6.151864059964952e-03 6.152546095117265e-03 6.153228130269578e-03 6.153910165421892e-03 6.154592200574204e-03 6.155274235726518e-03 6.155956270878831e-03 6.156638306031144e-03 6.157320341183457e-03 6.158002376335771e-03 6.158684411488083e-03 6.159366446640397e-03 6.160048481792709e-03 6.160730516945023e-03 6.161412552097336e-03 6.162094587249649e-03 6.162776622401962e-03 6.163458657554276e-03 6.164140692706589e-03 6.164822727858902e-03 6.165504763011215e-03 6.166186798163528e-03 6.166868833315842e-03 6.167550868468155e-03 6.168232903620468e-03 6.168914938772781e-03 6.169596973925094e-03 6.170279009077407e-03 6.170961044229721e-03 6.171643079382033e-03 6.172325114534347e-03 6.173007149686660e-03 6.173689184838973e-03 6.174371219991286e-03 6.175053255143600e-03 6.175735290295912e-03 6.176417325448226e-03 6.177099360600539e-03 6.177781395752852e-03 6.178463430905165e-03 6.179145466057479e-03 6.179827501209791e-03 6.180509536362105e-03 6.181191571514418e-03 6.181873606666731e-03 6.182555641819044e-03 6.183237676971358e-03 6.183919712123670e-03 6.184601747275984e-03 6.185283782428296e-03 6.185965817580610e-03 6.186647852732923e-03 6.187329887885236e-03 6.188011923037549e-03 6.188693958189863e-03 6.189375993342175e-03 6.190058028494489e-03 6.190740063646802e-03 6.191422098799115e-03 6.192104133951428e-03 6.192786169103742e-03 6.193468204256054e-03 6.194150239408368e-03 6.194832274560681e-03 6.195514309712994e-03 6.196196344865307e-03 6.196878380017620e-03 6.197560415169934e-03 6.198242450322247e-03 6.198924485474560e-03 6.199606520626873e-03 6.200288555779187e-03 6.200970590931499e-03 6.201652626083813e-03 6.202334661236126e-03 6.203016696388439e-03 6.203698731540752e-03 6.204380766693066e-03 6.205062801845378e-03 6.205744836997692e-03 6.206426872150005e-03 6.207108907302318e-03 6.207790942454631e-03 6.208472977606945e-03 6.209155012759257e-03 6.209837047911571e-03 6.210519083063883e-03 6.211201118216197e-03 6.211883153368510e-03 6.212565188520823e-03 6.213247223673136e-03 6.213929258825450e-03 6.214611293977762e-03 6.215293329130076e-03 6.215975364282389e-03 6.216657399434702e-03 6.217339434587015e-03 6.218021469739329e-03 6.218703504891641e-03 6.219385540043955e-03 6.220067575196268e-03 6.220749610348581e-03 6.221431645500894e-03 6.222113680653207e-03 6.222795715805520e-03 6.223477750957834e-03 6.224159786110147e-03 6.224841821262460e-03 6.225523856414773e-03 6.226205891567086e-03 6.226887926719400e-03 6.227569961871713e-03 6.228251997024026e-03 6.228934032176339e-03 6.229616067328653e-03 6.230298102480965e-03 6.230980137633279e-03 6.231662172785592e-03 6.232344207937905e-03 6.233026243090218e-03 6.233708278242531e-03 6.234390313394844e-03 6.235072348547158e-03 6.235754383699470e-03 6.236436418851784e-03 6.237118454004097e-03 6.237800489156410e-03 6.238482524308723e-03 6.239164559461037e-03 6.239846594613349e-03 6.240528629765663e-03 6.241210664917976e-03 6.241892700070289e-03 6.242574735222602e-03 6.243256770374916e-03 6.243938805527228e-03 6.244620840679542e-03 6.245302875831855e-03 6.245984910984168e-03 6.246666946136481e-03 6.247348981288794e-03 6.248031016441107e-03 6.248713051593421e-03 6.249395086745733e-03 6.250077121898047e-03 6.250759157050360e-03 6.251441192202673e-03 6.252123227354986e-03 6.252805262507300e-03 6.253487297659613e-03 6.254169332811926e-03 6.254851367964239e-03 6.255533403116552e-03 6.256215438268866e-03 6.256897473421179e-03 6.257579508573492e-03 6.258261543725805e-03 6.258943578878118e-03 6.259625614030431e-03 6.260307649182745e-03 6.260989684335057e-03 6.261671719487371e-03 6.262353754639684e-03 6.263035789791997e-03 6.263717824944310e-03 6.264399860096624e-03 6.265081895248936e-03 6.265763930401250e-03 6.266445965553563e-03 6.267128000705876e-03 6.267810035858189e-03 6.268492071010503e-03 6.269174106162815e-03 6.269856141315129e-03 6.270538176467441e-03 6.271220211619755e-03 6.271902246772068e-03 6.272584281924381e-03 6.273266317076694e-03 6.273948352229008e-03 6.274630387381320e-03 6.275312422533634e-03 6.275994457685947e-03 6.276676492838260e-03 6.277358527990573e-03 6.278040563142887e-03 6.278722598295199e-03 6.279404633447513e-03 6.280086668599826e-03 6.280768703752139e-03 6.281450738904452e-03 6.282132774056766e-03 6.282814809209078e-03 6.283496844361392e-03 6.284178879513705e-03 6.284860914666018e-03 6.285542949818331e-03 6.286224984970644e-03 6.286907020122958e-03 6.287589055275271e-03 6.288271090427584e-03 6.288953125579897e-03 6.289635160732211e-03 6.290317195884523e-03 6.290999231036837e-03 6.291681266189150e-03 6.292363301341463e-03 6.293045336493776e-03 6.293727371646090e-03 6.294409406798402e-03 6.295091441950716e-03 6.295773477103028e-03 6.296455512255342e-03 6.297137547407655e-03 6.297819582559968e-03 6.298501617712281e-03 6.299183652864595e-03 6.299865688016907e-03 6.300547723169221e-03 6.301229758321534e-03 6.301911793473847e-03 6.302593828626160e-03 6.303275863778474e-03 6.303957898930786e-03 6.304639934083100e-03 6.305321969235413e-03 6.306004004387726e-03 6.306686039540039e-03 6.307368074692353e-03 6.308050109844665e-03 6.308732144996979e-03 6.309414180149291e-03 6.310096215301605e-03 6.310778250453918e-03 6.311460285606231e-03 6.312142320758544e-03 6.312824355910858e-03 6.313506391063171e-03 6.314188426215484e-03 6.314870461367797e-03 6.315552496520110e-03 6.316234531672424e-03 6.316916566824737e-03 6.317598601977050e-03 6.318280637129363e-03 6.318962672281677e-03 6.319644707433989e-03 6.320326742586303e-03 6.321008777738615e-03 6.321690812890929e-03 6.322372848043242e-03 6.323054883195555e-03 6.323736918347868e-03 6.324418953500182e-03 6.325100988652494e-03 6.325783023804808e-03 6.326465058957121e-03 6.327147094109434e-03 6.327829129261747e-03 6.328511164414061e-03 6.329193199566373e-03 6.329875234718687e-03 6.330557269871000e-03 6.331239305023313e-03 6.331921340175626e-03 6.332603375327939e-03 6.333285410480252e-03 6.333967445632566e-03 6.334649480784878e-03 6.335331515937192e-03 6.336013551089505e-03 6.336695586241818e-03 6.337377621394131e-03 6.338059656546445e-03 6.338741691698757e-03 6.339423726851071e-03 6.340105762003384e-03 6.340787797155697e-03 6.341469832308010e-03 6.342151867460324e-03 6.342833902612637e-03 6.343515937764950e-03 6.344197972917263e-03 6.344880008069576e-03 6.345562043221890e-03 6.346244078374202e-03 6.346926113526516e-03 6.347608148678829e-03 6.348290183831142e-03 6.348972218983455e-03 6.349654254135769e-03 6.350336289288081e-03 6.351018324440395e-03 6.351700359592708e-03 6.352382394745021e-03 6.353064429897334e-03 6.353746465049648e-03 6.354428500201960e-03 6.355110535354274e-03 6.355792570506587e-03 6.356474605658900e-03 6.357156640811213e-03 6.357838675963526e-03 6.358520711115839e-03 6.359202746268153e-03 6.359884781420465e-03 6.360566816572779e-03 6.361248851725092e-03 6.361930886877405e-03 6.362612922029718e-03 6.363294957182032e-03 6.363976992334344e-03 6.364659027486658e-03 6.365341062638971e-03 6.366023097791284e-03 6.366705132943597e-03 6.367387168095911e-03 6.368069203248223e-03 6.368751238400537e-03 6.369433273552850e-03 6.370115308705163e-03 6.370797343857476e-03 6.371479379009789e-03 6.372161414162103e-03 6.372843449314416e-03 6.373525484466729e-03 6.374207519619042e-03 6.374889554771355e-03 6.375571589923668e-03 6.376253625075982e-03 6.376935660228295e-03 6.377617695380608e-03 6.378299730532921e-03 6.378981765685235e-03 6.379663800837547e-03 6.380345835989861e-03 6.381027871142174e-03 6.381709906294487e-03 6.382391941446800e-03 6.383073976599113e-03 6.383756011751426e-03 6.384438046903740e-03 6.385120082056052e-03 6.385802117208366e-03 6.386484152360679e-03 6.387166187512992e-03 6.387848222665305e-03 6.388530257817619e-03 6.389212292969931e-03 6.389894328122245e-03 6.390576363274558e-03 6.391258398426871e-03 6.391940433579184e-03 6.392622468731498e-03 6.393304503883810e-03 6.393986539036124e-03 6.394668574188436e-03 6.395350609340750e-03 6.396032644493063e-03 6.396714679645376e-03 6.397396714797689e-03 6.398078749950003e-03 6.398760785102315e-03 6.399442820254629e-03 6.400124855406942e-03</slantRangeTime>
        <elevationAngle count="562">3.687735e+01 3.688462e+01 3.689188e+01 3.689914e+01 3.690640e+01 3.691365e+01 3.692091e+01 3.692815e+01 3.693540e+01 3.694264e+01 3.694988e+01 3.695712e+01 3.696435e+01 3.697158e+01 3.697881e+01 3.698603e+01 3.699325e+01 3.700047e+01 3.700769e+01 3.701490e+01 3.702211e+01 3.702931e+01 3.703651e+01 3.704372e+01 3.705091e+01 3.705811e+01 3.706530e+01 3.707249e+01 3.707967e+01 3.708686e+01 3.709404e+01 3.710121e+01 3.710838e+01 3.711555e+01 3.712272e+01 3.712989e+01 3.713705e+01 3.714421e+01 3.715136e+01 3.715852e+01 3.716567e+01 3.717281e+01 3.717996e+01 3.718710e+01 3.719424e+01 3.720137e+01 3.720850e+01 3.721563e+01 3.722276e+01 3.722989e+01 3.723700e+01 3.724412e+01 3.725124e+01 3.725835e+01 3.726546e+01 3.727256e+01 3.727967e+01 3.728677e+01 3.729387e+01 3.730096e+01 3.730805e+01 3.731514e+01 3.732222e+01 3.732931e+01 3.733639e+01 3.734346e+01 3.735054e+01 3.735761e+01 3.736468e+01 3.737174e+01 3.737881e+01 3.738586e+01 3.739292e+01 3.739997e+01 3.740703e+01 3.741408e+01 3.742112e+01 3.742817e+01 3.743520e+01 3.744224e+01 3.744928e+01 3.745631e+01 3.746333e+01 3.747036e+01 3.747738e+01 3.748440e+01 3.749142e+01 3.749843e+01 3.750544e+01 3.751245e+01 3.751945e+01 3.752646e+01 3.753346e+01 3.754045e+01 3.754745e+01 3.755444e+01 3.756143e+01 3.756842e+01 3.757540e+01 3.758238e+01 3.758936e+01 3.759633e+01 3.760330e+01 3.761027e+01 3.761723e+01 3.762420e+01 3.763116e+01 3.763811e+01 3.764507e+01 3.765202e+01 3.765897e+01 3.766592e+01 3.767286e+01 3.767980e+01 3.768674e+01 3.769368e+01 3.770061e+01 3.770753e+01 3.771446e+01 3.772139e+01 3.772831e+01 3.773523e+01 3.774214e+01 3.774905e+01 3.775597e+01 3.776287e+01 3.776978e+01 3.777668e+01 3.778358e+01 3.779047e+01 3.779737e+01 3.780426e+01 3.781115e+01 3.781803e+01 3.782491e+01 3.783179e+01 3.783867e+01 3.784555e+01 3.785242e+01 3.785928e+01 3.786615e+01 3.787301e+01 3.787988e+01 3.788673e+01 3.789359e+01 3.790044e+01 3.790729e+01 3.791413e+01 3.792098e+01 3.792782e+01 3.793466e+01 3.794150e+01 3.794833e+01 3.795516e+01 3.796199e+01 3.796881e+01 3.797564e+01 3.798246e+01 3.798927e+01 3.799609e+01 3.800290e+01 3.800971e+01 3.801651e+01 3.802332e+01 3.803012e+01 3.803691e+01 3.804371e+01 3.805050e+01 3.805729e+01 3.806408e+01 3.807087e+01 3.807765e+01 3.808443e+01 3.809121e+01 3.809798e+01 3.810475e+01 3.811152e+01 3.811828e+01 3.812505e+01 3.813181e+01 3.813857e+01 3.814532e+01 3.815207e+01 3.815882e+01 3.816557e+01 3.817232e+01 3.817906e+01 3.818580e+01 3.819254e+01 3.819927e+01 3.820600e+01 3.821273e+01 3.821946e+01 3.822618e+01 3.823290e+01 3.823962e+01 3.824633e+01 3.825304e+01 3.825975e+01 3.826646e+01 3.827317e+01 3.827987e+01 3.828657e+01 3.829327e+01 3.829996e+01 3.830665e+01 3.831334e+01 3.832003e+01 3.832671e+01 3.833340e+01 3.834007e+01 3.834675e+01 3.835342e+01 3.836010e+01 3.836676e+01 3.837343e+01 3.838009e+01 3.838675e+01 3.839341e+01 3.840007e+01 3.840672e+01 3.841337e+01 3.842002e+01 3.842666e+01 3.843330e+01 3.843995e+01 3.844658e+01 3.845322e+01 3.845985e+01 3.846648e+01 3.847311e+01 3.847973e+01 3.848635e+01 3.849297e+01 3.849959e+01 3.850620e+01 3.851281e+01 3.851942e+01 3.852603e+01 3.853263e+01 3.853923e+01 3.854583e+01 3.855243e+01 3.855902e+01 3.856562e+01 3.857220e+01 3.857879e+01 3.858537e+01 3.859195e+01 3.859853e+01 3.860511e+01 3.861168e+01 3.861825e+01 3.862482e+01 3.863139e+01 3.863795e+01 3.864451e+01 3.865107e+01 3.865762e+01 3.866418e+01 3.867073e+01 3.867728e+01 3.868382e+01 3.869036e+01 3.869690e+01 3.870344e+01 3.870998e+01 3.871651e+01 3.872304e+01 3.872957e+01 3.873610e+01 3.874262e+01 3.874914e+01 3.875566e+01 3.876217e+01 3.876868e+01 3.877520e+01 3.878170e+01 3.878821e+01 3.879471e+01 3.880121e+01 3.880771e+01 3.881421e+01 3.882070e+01 3.882719e+01 3.883368e+01 3.884016e+01 3.884665e+01 3.885313e+01 3.885960e+01 3.886608e+01 3.887255e+01 3.887902e+01 3.888549e+01 3.889196e+01 3.889842e+01 3.890488e+01 3.891134e+01 3.891780e+01 3.892425e+01 3.893070e+01 3.893715e+01 3.894360e+01 3.895004e+01 3.895648e+01 3.896292e+01 3.896936e+01 3.897579e+01 3.898222e+01 3.898865e+01 3.899508e+01 3.900150e+01 3.900792e+01 3.901434e+01 3.902076e+01 3.902717e+01 3.903358e+01 3.903999e+01 3.904640e+01 3.905280e+01 3.905921e+01 3.906561e+01 3.907200e+01 3.907840e+01 3.908479e+01 3.909118e+01 3.909757e+01 3.910395e+01 3.911034e+01 3.911672e+01 3.912310e+01 3.912947e+01 3.913585e+01 3.914222e+01 3.914858e+01 3.915495e+01 3.916131e+01 3.916768e+01 3.917403e+01 3.918039e+01 3.918674e+01 3.919310e+01 3.919944e+01 3.920579e+01 3.921214e+01 3.921848e+01 3.922482e+01 3.923116e+01 3.923749e+01 3.924382e+01 3.925015e+01 3.925648e+01 3.926281e+01 3.926913e+01 3.927545e+01 3.928177e+01 3.928808e+01 3.929440e+01 3.930071e+01 3.930702e+01 3.931332e+01 3.931963e+01 3.932593e+01 3.933223e+01 3.933853e+01 3.934482e+01 3.935111e+01 3.935740e+01 3.936369e+01 3.936998e+01 3.937626e+01 3.938254e+01 3.938882e+01 3.939509e+01 3.940137e+01 3.940764e+01 3.941391e+01 3.942017e+01 3.942644e+01 3.943270e+01 3.943896e+01 3.944522e+01 3.945147e+01 3.945773e+01 3.946397e+01 3.947022e+01 3.947647e+01 3.948271e+01 3.948895e+01 3.949519e+01 3.950143e+01 3.950766e+01 3.951389e+01 3.952012e+01 3.952635e+01 3.953257e+01 3.953880e+01 3.954502e+01 3.955124e+01 3.955745e+01 3.956366e+01 3.956987e+01 3.957608e+01 3.958229e+01 3.958849e+01 3.959469e+01 3.960089e+01 3.960709e+01 3.961329e+01 3.961948e+01 3.962567e+01 3.963186e+01 3.963804e+01 3.964423e+01 3.965041e+01 3.965659e+01 3.966276e+01 3.966893e+01 3.967511e+01 3.968128e+01 3.968744e+01 3.969361e+01 3.969977e+01 3.970593e+01 3.971209e+01 3.971825e+01 3.972440e+01 3.973055e+01 3.973670e+01 3.974285e+01 3.974899e+01 3.975513e+01 3.976128e+01 3.976741e+01 3.977355e+01 3.977968e+01 3.978582e+01 3.979194e+01 3.979807e+01 3.980420e+01 3.981032e+01 3.981644e+01 3.982256e+01 3.982867e+01 3.983479e+01 3.984090e+01 3.984700e+01 3.985311e+01 3.985921e+01 3.986532e+01 3.987142e+01 3.987751e+01 3.988361e+01 3.988970e+01 3.989579e+01 3.990188e+01 3.990797e+01 3.991405e+01 3.992014e+01 3.992622e+01 3.993229e+01 3.993837e+01 3.994444e+01 3.995051e+01 3.995658e+01 3.996265e+01 3.996871e+01 3.997477e+01 3.998083e+01 3.998689e+01 3.999295e+01 3.999900e+01 4.000505e+01 4.001110e+01 4.001715e+01 4.002319e+01 4.002924e+01 4.003527e+01 4.004131e+01 4.004735e+01 4.005338e+01 4.005941e+01 4.006544e+01 4.007147e+01 4.007750e+01 4.008352e+01 4.008954e+01 4.009555e+01 4.010157e+01 4.010759e+01 4.011360e+01 4.011961e+01 4.012561e+01 4.013162e+01 4.013762e+01 4.014362e+01 4.014962e+01 4.015562e+01 4.016161e+01 4.016760e+01 4.017360e+01 4.017958e+01 4.018557e+01 4.019155e+01 4.019753e+01 4.020351e+01 4.020949e+01 4.021547e+01 4.022144e+01 4.022741e+01 4.023338e+01 4.023934e+01 4.024531e+01 4.025127e+01 4.025723e+01 4.026319e+01 4.026914e+01 4.027509e+01 4.028105e+01 4.028699e+01 4.029294e+01 4.029889e+01 4.030483e+01 4.031077e+01 4.031671e+01 4.032264e+01 4.032858e+01 4.033451e+01 4.034044e+01 4.034637e+01 4.035229e+01 4.035822e+01 4.036414e+01 4.037006e+01 4.037598e+01 4.038189e+01 4.038781e+01 4.039371e+01 4.039962e+01 4.040553e+01 4.041143e+01 4.041734e+01 4.042324e+01 4.042914e+01 4.043503e+01 4.044093e+01 4.044682e+01 4.045271e+01 4.045860e+01 4.046448e+01 4.047036e+01 4.047625e+01 4.048212e+01 4.048800e+01 4.049388e+01 4.049975e+01 4.050562e+01 4.051149e+01 4.051736e+01 4.052322e+01 4.052908e+01 4.053495e+01</elevationAngle>
        <elevationPattern count="562">3.749993e+14 7.167819e+14 3.785599e+14 7.232636e+14 3.821188e+14 7.297424e+14 3.856765e+14 7.362188e+14 3.892863e+14 7.427784e+14 3.929132e+14 7.493648e+14 3.965390e+14 7.559491e+14 4.001632e+14 7.625307e+14 4.037857e+14 7.691093e+14 4.074068e+14 7.756853e+14 4.110264e+14 7.822582e+14 4.147054e+14 7.889506e+14 4.183943e+14 7.956630e+14 4.220817e+14 8.023724e+14 4.257677e+14 8.090796e+14 4.294520e+14 8.157837e+14 4.331347e+14 8.224847e+14 4.368160e+14 8.291832e+14 4.405756e+14 8.359721e+14 4.443405e+14 8.427660e+14 4.481037e+14 8.495573e+14 4.518654e+14 8.563455e+14 4.556254e+14 8.631309e+14 4.593840e+14 8.699135e+14 4.631409e+14 8.766934e+14 4.669248e+14 8.835413e+14 4.707073e+14 8.903875e+14 4.744885e+14 8.972309e+14 4.782680e+14 9.040712e+14 4.820459e+14 9.109087e+14 4.858224e+14 9.177440e+14 4.895988e+14 9.245775e+14 4.934294e+14 9.314641e+14 4.972584e+14 9.383476e+14 5.010859e+14 9.452286e+14 5.049120e+14 9.521069e+14 5.087363e+14 9.589820e+14 5.125590e+14 9.658543e+14 5.163809e+14 9.727280e+14 5.202149e+14 9.796808e+14 5.240472e+14 9.866304e+14 5.278780e+14 9.935772e+14 5.317071e+14 1.000521e+15 5.355347e+14 1.007462e+15 5.393608e+14 1.014400e+15 5.431860e+14 1.021332e+15 5.470233e+14 1.028179e+15 5.508588e+14 1.035023e+15 5.546929e+14 1.041865e+15 5.585253e+14 1.048703e+15 5.623563e+14 1.055539e+15 5.661855e+14 1.062372e+15 5.700129e+14 1.069202e+15 5.738247e+14 1.076029e+15 5.776349e+14 1.082854e+15 5.814439e+14 1.089676e+15 5.852512e+14 1.096495e+15 5.890568e+14 1.103311e+15 5.928611e+14 1.110124e+15 5.966637e+14 1.116935e+15 6.004647e+14 1.123743e+15 6.042642e+14 1.130548e+15 6.080622e+14 1.137350e+15 6.118584e+14 1.144149e+15 6.156534e+14 1.150946e+15 6.194466e+14 1.157740e+15 6.232381e+14 1.164531e+15 6.269891e+14 1.171320e+15 6.307353e+14 1.178105e+15 6.344800e+14 1.184888e+15 6.382231e+14 1.191668e+15 6.419647e+14 1.198445e+15 6.457049e+14 1.205220e+15 6.494435e+14 1.211992e+15 6.531446e+14 1.218641e+15 6.568377e+14 1.225266e+15 6.605296e+14 1.231889e+15 6.642198e+14 1.238509e+15 6.679086e+14 1.245126e+15 6.715957e+14 1.251740e+15 6.752816e+14 1.258353e+15 6.789130e+14 1.264750e+15 6.825256e+14 1.271076e+15 6.861367e+14 1.277399e+15 6.897462e+14 1.283719e+15 6.933542e+14 1.290037e+15 6.969608e+14 1.296351e+15 7.005662e+14 1.302665e+15 7.041256e+14 1.308974e+15 7.076577e+14 1.315282e+15 7.111885e+14 1.321587e+15 7.147177e+14 1.327889e+15 7.182454e+14 1.334188e+15 7.217721e+14 1.340486e+15 7.252970e+14 1.346780e+15 7.287796e+14 1.353004e+15 7.322180e+14 1.359154e+15 7.356550e+14 1.365302e+15 7.390905e+14 1.371446e+15 7.425244e+14 1.377588e+15 7.459574e+14 1.383729e+15 7.493885e+14 1.389866e+15 7.527823e+14 1.395910e+15 7.560993e+14 1.401764e+15 7.594154e+14 1.407615e+15 7.627295e+14 1.413464e+15 7.660429e+14 1.419311e+15 7.693543e+14 1.425155e+15 7.726646e+14 1.430996e+15 7.759580e+14 1.436816e+15 7.791546e+14 1.442515e+15 7.823498e+14 1.448210e+15 7.855436e+14 1.453904e+15 7.887365e+14 1.459596e+15 7.919277e+14 1.465284e+15 7.951180e+14 1.470971e+15 7.983067e+14 1.476656e+15 8.013773e+14 1.481948e+15 8.044389e+14 1.487212e+15 8.074994e+14 1.492474e+15 8.105584e+14 1.497734e+15 8.136165e+14 1.502992e+15 8.166729e+14 1.508248e+15 8.197286e+14 1.513502e+15 8.226839e+14 1.518654e+15 8.255989e+14 1.523766e+15 8.285125e+14 1.528875e+15 8.314251e+14 1.533983e+15 8.343365e+14 1.539088e+15 8.372466e+14 1.544191e+15 8.401557e+14 1.549292e+15 8.429862e+14 1.554262e+15 8.457276e+14 1.559084e+15 8.484678e+14 1.563903e+15 8.512070e+14 1.568721e+15 8.539451e+14 1.573536e+15 8.566822e+14 1.578351e+15 8.594181e+14 1.583163e+15 8.621227e+14 1.587917e+15 8.647052e+14 1.592450e+15 8.672865e+14 1.596982e+15 8.698672e+14 1.601512e+15 8.724468e+14 1.606040e+15 8.750252e+14 1.610566e+15 8.776029e+14 1.615090e+15 8.801793e+14 1.619613e+15 8.826047e+14 1.623758e+15 8.850147e+14 1.627866e+15 8.874240e+14 1.631973e+15 8.898320e+14 1.636077e+15 8.922393e+14 1.640180e+15 8.946454e+14 1.644282e+15 8.970508e+14 1.648382e+15 8.993393e+14 1.652232e+15 9.015515e+14 1.655919e+15 9.037629e+14 1.659605e+15 9.059734e+14 1.663289e+15 9.081832e+14 1.666972e+15 9.103917e+14 1.670653e+15 9.125995e+14 1.674332e+15 9.147541e+14 1.677936e+15 9.167696e+14 1.681340e+15 9.187839e+14 1.684743e+15 9.207980e+14 1.688145e+15 9.228111e+14 1.691546e+15 9.248232e+14 1.694945e+15 9.268346e+14 1.698342e+15 9.288452e+14 1.701739e+15 9.306924e+14 1.704758e+15 9.325250e+14 1.707744e+15 9.343565e+14 1.710729e+15 9.361876e+14 1.713713e+15 9.380181e+14 1.716696e+15 9.398480e+14 1.719678e+15 9.416769e+14 1.722659e+15 9.434008e+14 1.725489e+15 9.450390e+14 1.728197e+15 9.466763e+14 1.730903e+15 9.483129e+14 1.733608e+15 9.499489e+14 1.736312e+15 9.515846e+14 1.739016e+15 9.532192e+14 1.741718e+15 9.548220e+14 1.744356e+15 9.562532e+14 1.746651e+15 9.576834e+14 1.748945e+15 9.591135e+14 1.751239e+15 9.605424e+14 1.753530e+15 9.619713e+14 1.755822e+15 9.633996e+14 1.758113e+15 9.648271e+14 1.760402e+15 9.661049e+14 1.762293e+15 9.673295e+14 1.764042e+15 9.685536e+14 1.765791e+15 9.697774e+14 1.767539e+15 9.710006e+14 1.769286e+15 9.722233e+14 1.771033e+15 9.734458e+14 1.772780e+15 9.745987e+14 1.774444e+15 9.755918e+14 1.775920e+15 9.765846e+14 1.777396e+15 9.775766e+14 1.778870e+15 9.785690e+14 1.780346e+15 9.795603e+14 1.781819e+15 9.805518e+14 1.783293e+15 9.815426e+14 1.784766e+15 9.823416e+14 1.785788e+15 9.831041e+14 1.786725e+15 9.838665e+14 1.787661e+15 9.846283e+14 1.788596e+15 9.853899e+14 1.789531e+15 9.861518e+14 1.790467e+15 9.869126e+14 1.791401e+15 9.875966e+14 1.792240e+15 9.881436e+14 1.792907e+15 9.886906e+14 1.793574e+15 9.892372e+14 1.794240e+15 9.897834e+14 1.794907e+15 9.903297e+14 1.795573e+15 9.908756e+14 1.796239e+15 9.914214e+14 1.796904e+15 9.917618e+14 1.797114e+15 9.920680e+14 1.797247e+15 9.923737e+14 1.797380e+15 9.926795e+14 1.797513e+15 9.929846e+14 1.797645e+15 9.932901e+14 1.797778e+15 9.935953e+14 1.797911e+15 9.938217e+14 1.797912e+15 9.938882e+14 1.797647e+15 9.939547e+14 1.797382e+15 9.940207e+14 1.797117e+15 9.940872e+14 1.796852e+15 9.941533e+14 1.796587e+15 9.942196e+14 1.796323e+15 9.942856e+14 1.796058e+15 9.941758e+14 1.795482e+15 9.940169e+14 1.794821e+15 9.938585e+14 1.794160e+15 9.936999e+14 1.793500e+15 9.935414e+14 1.792839e+15 9.933831e+14 1.792180e+15 9.932245e+14 1.791519e+15 9.930184e+14 1.790775e+15 9.926361e+14 1.789720e+15 9.922538e+14 1.788666e+15 9.918718e+14 1.787612e+15 9.914897e+14 1.786558e+15 9.911077e+14 1.785504e+15 9.907262e+14 1.784452e+15 9.903447e+14 1.783399e+15 9.898165e+14 1.782021e+15 9.891984e+14 1.780442e+15 9.885809e+14 1.778866e+15 9.879631e+14 1.777289e+15 9.873460e+14 1.775713e+15 9.867293e+14 1.774139e+15 9.861123e+14 1.772563e+15 9.854945e+14 1.770988e+15 9.846421e+14 1.769152e+15 9.837905e+14 1.767318e+15 9.829387e+14 1.765483e+15 9.820876e+14 1.763650e+15 9.812366e+14 1.761817e+15 9.803862e+14 1.759986e+15 9.795357e+14 1.758154e+15 9.786089e+14 1.756131e+15 9.775497e+14 1.753777e+15 9.764912e+14 1.751425e+15 9.754338e+14 1.749075e+15 9.743762e+14 1.746725e+15 9.733185e+14 1.744375e+15 9.722622e+14 1.742027e+15 9.712057e+14 1.739679e+15 9.699833e+14 1.737148e+15 9.686934e+14 1.734542e+15 9.674039e+14 1.731937e+15 9.661149e+14 1.729333e+15 9.648259e+14 1.726730e+15 9.635383e+14 1.724128e+15 9.622502e+14 1.721526e+15 9.609574e+14 1.718911e+15 9.594629e+14 1.715792e+15 9.579689e+14 1.712674e+15 9.564756e+14 1.709558e+15 9.549829e+14 1.706443e+15 9.534903e+14 1.703328e+15 9.519988e+14 1.700215e+15 9.505077e+14 1.697103e+15 9.489460e+14 1.693909e+15 9.472354e+14 1.690540e+15 9.455260e+14 1.687172e+15 9.438169e+14 1.683806e+15 9.421089e+14 1.680442e+15 9.404013e+14 1.677079e+15 9.386941e+14 1.673716e+15 9.369880e+14 1.670355e+15 9.351742e+14 1.666841e+15 9.332884e+14 1.663225e+15 9.314035e+14 1.659609e+15 9.295190e+14 1.655995e+15 9.276354e+14 1.652383e+15 9.257521e+14 1.648771e+15 9.238698e+14 1.645161e+15 9.219886e+14 1.641553e+15 9.199332e+14 1.637619e+15 9.178470e+14 1.633627e+15 9.157617e+14 1.629637e+15 9.136770e+14 1.625647e+15 9.115931e+14 1.621660e+15 9.095103e+14 1.617674e+15 9.074281e+14 1.613689e+15 9.053323e+14 1.609678e+15 9.030593e+14 1.605312e+15 9.007868e+14 1.600947e+15 8.985151e+14 1.596583e+15 8.962448e+14 1.592221e+15 8.939746e+14 1.587861e+15 8.917062e+14 1.583503e+15 8.894378e+14 1.579146e+15 8.871278e+14 1.574720e+15 8.847080e+14 1.570110e+15 8.822887e+14 1.565502e+15 8.798708e+14 1.560896e+15 8.774533e+14 1.556292e+15 8.750368e+14 1.551689e+15 8.726217e+14 1.547089e+15 8.702069e+14 1.542489e+15 8.677112e+14 1.537833e+15 8.651200e+14 1.533110e+15 8.625294e+14 1.528389e+15 8.599400e+14 1.523669e+15 8.573515e+14 1.518951e+15 8.547639e+14 1.514235e+15 8.521776e+14 1.509521e+15 8.495918e+14 1.504808e+15 8.469208e+14 1.499862e+15 8.441972e+14 1.494771e+15 8.414746e+14 1.489682e+15 8.387533e+14 1.484595e+15 8.360327e+14 1.479510e+15 8.333130e+14 1.474426e+15 8.305948e+14 1.469345e+15 8.278770e+14 1.464265e+15 8.250560e+14 1.459093e+15 8.222008e+14 1.453890e+15 8.193470e+14 1.448690e+15 8.164941e+14 1.443492e+15 8.136422e+14 1.438295e+15 8.107916e+14 1.433100e+15 8.079418e+14 1.427907e+15 8.050934e+14 1.422717e+15 8.021367e+14 1.417310e+15 7.991636e+14 1.411869e+15 7.961920e+14 1.406432e+15 7.932209e+14 1.400996e+15 7.902519e+14 1.395563e+15 7.872833e+14 1.390131e+15 7.843159e+14 1.384701e+15 7.813494e+14 1.379273e+15 7.782767e+14 1.373728e+15 7.751989e+14 1.368178e+15 7.721226e+14 1.362631e+15 7.690475e+14 1.357086e+15 7.659731e+14 1.351542e+15 7.629001e+14 1.346000e+15 7.598284e+14 1.340461e+15 7.567566e+14 1.334921e+15 7.535993e+14 1.329134e+15 7.504427e+14 1.323349e+15 7.472877e+14 1.317567e+15 7.441334e+14 1.311786e+15 7.409805e+14 1.306008e+15 7.378290e+14 1.300232e+15 7.346784e+14 1.294458e+15 7.315244e+14 1.288687e+15 7.282885e+14 1.282917e+15 7.250538e+14 1.277150e+15 7.218199e+14 1.271384e+15 7.185880e+14 1.265622e+15 7.153568e+14 1.259861e+15 7.121270e+14 1.254102e+15 7.088982e+14 1.248346e+15 7.056663e+14 1.242582e+15 7.023772e+14 1.236704e+15 6.990897e+14 1.230829e+15 6.958032e+14 1.224956e+15 6.925182e+14 1.219086e+15 6.892341e+14 1.213217e+15 6.859515e+14 1.207351e+15 6.826696e+14 1.201486e+15 6.793866e+14 1.195616e+15 6.760574e+14 1.189631e+15 6.727297e+14 1.183649e+15 6.694031e+14 1.177668e+15 6.660781e+14 1.171691e+15 6.627541e+14 1.165715e+15 6.594314e+14 1.159742e+15 6.561098e+14 1.153770e+15 6.527883e+14 1.147801e+15 6.494317e+14 1.141834e+15 6.460767e+14 1.135870e+15 6.427229e+14 1.129907e+15 6.393702e+14 1.123947e+15 6.360188e+14 1.117989e+15 6.326687e+14 1.112033e+15 6.293199e+14 1.106080e+15 6.259723e+14 1.100128e+15 6.225894e+14 1.094179e+15 6.192070e+14 1.088232e+15 6.158258e+14 1.082287e+15 6.124460e+14 1.076345e+15 6.090674e+14 1.070404e+15 6.056900e+14 1.064466e+15 6.023139e+14 1.058530e+15 5.989390e+14 1.052596e+15 5.955764e+14 1.046664e+15 5.922165e+14 1.040735e+15 5.888578e+14 1.034808e+15 5.855002e+14 1.028883e+15 5.821438e+14 1.022960e+15 5.787887e+14 1.017039e+15 5.754350e+14 1.011120e+15 5.720823e+14 1.005204e+15 5.687309e+14 9.992311e+14 5.653808e+14 9.932451e+14 5.620320e+14 9.872615e+14 5.586842e+14 9.812798e+14 5.553378e+14 9.753005e+14 5.519925e+14 9.693233e+14 5.486486e+14 9.633485e+14 5.453059e+14 9.573758e+14 5.419726e+14 9.514713e+14 5.386445e+14 9.456009e+14 5.353177e+14 9.397330e+14 5.319922e+14 9.338674e+14 5.286678e+14 9.280037e+14 5.253447e+14 9.221423e+14 5.220227e+14 9.162830e+14 5.187022e+14 9.104260e+14 5.153954e+14 9.046027e+14 5.121015e+14 8.988109e+14 5.088089e+14 8.930213e+14 5.055176e+14 8.872340e+14 5.022274e+14 8.814487e+14 4.989385e+14 8.756655e+14 4.956508e+14 8.698846e+14 4.923643e+14 8.641057e+14 4.890956e+14 8.583537e+14 4.858603e+14 8.526522e+14 4.826261e+14 8.469529e+14 4.793933e+14 8.412557e+14 4.761615e+14 8.355605e+14 4.729310e+14 8.298675e+14 4.697017e+14 8.241765e+14 4.664735e+14 8.184877e+14 4.632532e+14 8.128141e+14 4.600762e+14 8.072272e+14 4.569002e+14 8.016418e+14 4.537252e+14 7.960582e+14 4.505515e+14 7.904767e+14 4.473791e+14 7.848976e+14 4.442077e+14 7.793204e+14 4.410375e+14 7.737453e+14 4.378684e+14 7.681721e+14 4.347672e+14 7.627120e+14 4.316733e+14 7.572643e+14 4.285805e+14 7.518185e+14 4.254888e+14 7.463748e+14 4.223982e+14 7.409329e+14 4.193089e+14 7.354933e+14 4.162205e+14 7.300553e+14 4.131334e+14 7.246195e+14 4.100875e+14 7.192660e+14 4.070630e+14 7.139550e+14 4.040398e+14 7.086462e+14 4.010174e+14 7.033389e+14 3.979962e+14 6.980337e+14 3.949763e+14 6.927307e+14 3.919572e+14 6.874292e+14 3.889394e+14 6.821300e+14 3.859509e+14 6.768844e+14 3.830076e+14 6.717214e+14 3.800654e+14 6.665606e+14 3.771242e+14 6.614015e+14 3.741841e+14 6.562443e+14 3.712451e+14 6.510890e+14 3.683070e+14 6.459353e+14 3.653701e+14 6.407837e+14 3.624431e+14 6.356493e+14 3.596044e+14 6.306696e+14 3.567670e+14 6.256922e+14 3.539305e+14 6.207163e+14 3.510951e+14 6.157423e+14 3.482605e+14 6.107698e+14 3.454271e+14 6.057993e+14 3.425947e+14 6.008305e+14 3.397634e+14 5.958638e+14 3.369974e+14 5.910088e+14 3.342519e+14 5.861894e+14 3.315075e+14 5.813716e+14 3.287641e+14 5.765557e+14 3.260216e+14 5.717415e+14 3.232801e+14 5.669289e+14 3.205397e+14 5.621181e+14 3.178002e+14 5.573092e+14 3.151016e+14 5.525766e+14 3.124597e+14 5.479502e+14 3.098187e+14 5.433256e+14 3.071787e+14 5.387027e+14 3.045398e+14 5.340815e+14 3.019018e+14 5.294619e+14 2.992647e+14 5.248440e+14 2.966285e+14 5.202277e+14 2.939977e+14 5.156205e+14 2.914707e+14 5.111862e+14 2.889446e+14 5.067537e+14 2.864195e+14 5.023229e+14 2.838952e+14 4.978934e+14 2.813718e+14 4.934657e+14 2.788494e+14 4.890395e+14 2.763279e+14 4.846150e+14 2.738073e+14 4.801920e+14 2.713484e+14 4.758847e+14 2.689246e+14 4.716430e+14 2.665016e+14 4.674029e+14 2.640798e+14 4.631646e+14 2.616585e+14 4.589274e+14 2.592383e+14 4.546919e+14 2.568188e+14 4.504579e+14 2.544002e+14 4.462255e+14 2.520054e+14 4.420351e+14 2.496952e+14 4.379951e+14 2.473859e+14 4.339568e+14 2.450773e+14 4.299198e+14 2.427695e+14 4.258841e+14 2.404627e+14 4.218501e+14 2.381566e+14 4.178175e+14 2.358514e+14 4.137863e+14 2.335470e+14 4.097565e+14 2.313334e+14 4.058722e+14 2.291489e+14 4.020345e+14 2.269649e+14 3.981978e+14 2.247818e+14 3.943627e+14 2.225995e+14 3.905288e+14 2.204179e+14 3.866963e+14 2.182372e+14 3.828653e+14 2.160571e+14 3.790355e+14 2.139082e+14 3.752610e+14 2.118357e+14 3.716224e+14 2.097640e+14 3.679851e+14 2.076930e+14 3.643491e+14 2.056228e+14 3.607144e+14 2.035533e+14 3.570810e+14 2.014845e+14 3.534489e+14 1.994165e+14 3.498181e+14 1.973492e+14 3.461886e+14 1.953745e+14 3.427165e+14 1.934260e+14 3.392892e+14 1.914783e+14 3.358631e+14 1.895312e+14 3.324381e+14 1.875849e+14 3.290143e+14 1.856392e+14 3.255918e+14</elevationPattern>
        <incidenceAngle count="562">4.178145e+01 4.179008e+01 4.179872e+01 4.180736e+01 4.181599e+01 4.182463e+01 4.183325e+01 4.184187e+01 4.185049e+01 4.185912e+01 4.186772e+01 4.187633e+01 4.188493e+01 4.189354e+01 4.190215e+01 4.191074e+01 4.191933e+01 4.192792e+01 4.193651e+01 4.194510e+01 4.195367e+01 4.196225e+01 4.197083e+01 4.197940e+01 4.198796e+01 4.199654e+01 4.200510e+01 4.201366e+01 4.202220e+01 4.203076e+01 4.203931e+01 4.204785e+01 4.205640e+01 4.206494e+01 4.207347e+01 4.208200e+01 4.209053e+01 4.209906e+01 4.210759e+01 4.211610e+01 4.212462e+01 4.213313e+01 4.214165e+01 4.215015e+01 4.215866e+01 4.216716e+01 4.217566e+01 4.218416e+01 4.219264e+01 4.220113e+01 4.220963e+01 4.221809e+01 4.222658e+01 4.223506e+01 4.224353e+01 4.225200e+01 4.226047e+01 4.226892e+01 4.227739e+01 4.228584e+01 4.229430e+01 4.230275e+01 4.231120e+01 4.231964e+01 4.232808e+01 4.233652e+01 4.234496e+01 4.235339e+01 4.236182e+01 4.237025e+01 4.237868e+01 4.238708e+01 4.239551e+01 4.240392e+01 4.241234e+01 4.242075e+01 4.242914e+01 4.243755e+01 4.244594e+01 4.245435e+01 4.246274e+01 4.247112e+01 4.247951e+01 4.248788e+01 4.249626e+01 4.250464e+01 4.251302e+01 4.252139e+01 4.252975e+01 4.253812e+01 4.254648e+01 4.255484e+01 4.256320e+01 4.257155e+01 4.257990e+01 4.258824e+01 4.259659e+01 4.260493e+01 4.261327e+01 4.262160e+01 4.262993e+01 4.263826e+01 4.264659e+01 4.265491e+01 4.266322e+01 4.267154e+01 4.267986e+01 4.268816e+01 4.269647e+01 4.270477e+01 4.271307e+01 4.272137e+01 4.272968e+01 4.273796e+01 4.274625e+01 4.275453e+01 4.276282e+01 4.277110e+01 4.277937e+01 4.278764e+01 4.279591e+01 4.280418e+01 4.281245e+01 4.282071e+01 4.282898e+01 4.283723e+01 4.284547e+01 4.285373e+01 4.286198e+01 4.287022e+01 4.287846e+01 4.288670e+01 4.289494e+01 4.290317e+01 4.291139e+01 4.291963e+01 4.292784e+01 4.293607e+01 4.294429e+01 4.295250e+01 4.296071e+01 4.296892e+01 4.297713e+01 4.298534e+01 4.299353e+01 4.300172e+01 4.300992e+01 4.301811e+01 4.302629e+01 4.303448e+01 4.304266e+01 4.305084e+01 4.305902e+01 4.306720e+01 4.307536e+01 4.308353e+01 4.309169e+01 4.309985e+01 4.310802e+01 4.311618e+01 4.312433e+01 4.313248e+01 4.314062e+01 4.314877e+01 4.315691e+01 4.316505e+01 4.317319e+01 4.318132e+01 4.318945e+01 4.319757e+01 4.320570e+01 4.321382e+01 4.322194e+01 4.323006e+01 4.323816e+01 4.324628e+01 4.325438e+01 4.326248e+01 4.327058e+01 4.327869e+01 4.328677e+01 4.329488e+01 4.330296e+01 4.331105e+01 4.331914e+01 4.332721e+01 4.333530e+01 4.334337e+01 4.335144e+01 4.335951e+01 4.336757e+01 4.337564e+01 4.338370e+01 4.339175e+01 4.339981e+01 4.340787e+01 4.341592e+01 4.342397e+01 4.343201e+01 4.344005e+01 4.344809e+01 4.345613e+01 4.346416e+01 4.347218e+01 4.348021e+01 4.348824e+01 4.349626e+01 4.350427e+01 4.351230e+01 4.352031e+01 4.352832e+01 4.353633e+01 4.354433e+01 4.355234e+01 4.356033e+01 4.356833e+01 4.357632e+01 4.358430e+01 4.359230e+01 4.360028e+01 4.360826e+01 4.361624e+01 4.362422e+01 4.363220e+01 4.364017e+01 4.364813e+01 4.365610e+01 4.366406e+01 4.367203e+01 4.367998e+01 4.368794e+01 4.369589e+01 4.370384e+01 4.371178e+01 4.371973e+01 4.372766e+01 4.373561e+01 4.374355e+01 4.375148e+01 4.375940e+01 4.376733e+01 4.377525e+01 4.378317e+01 4.379109e+01 4.379901e+01 4.380693e+01 4.381483e+01 4.382274e+01 4.383064e+01 4.383855e+01 4.384645e+01 4.385434e+01 4.386224e+01 4.387013e+01 4.387802e+01 4.388591e+01 4.389378e+01 4.390167e+01 4.390955e+01 4.391742e+01 4.392529e+01 4.393317e+01 4.394104e+01 4.394890e+01 4.395676e+01 4.396461e+01 4.397247e+01 4.398033e+01 4.398817e+01 4.399603e+01 4.400388e+01 4.401172e+01 4.401955e+01 4.402739e+01 4.403523e+01 4.404306e+01 4.405089e+01 4.405872e+01 4.406654e+01 4.407436e+01 4.408218e+01 4.409000e+01 4.409781e+01 4.410562e+01 4.411342e+01 4.412123e+01 4.412903e+01 4.413683e+01 4.414462e+01 4.415242e+01 4.416022e+01 4.416800e+01 4.417580e+01 4.418358e+01 4.419136e+01 4.419914e+01 4.420691e+01 4.421469e+01 4.422246e+01 4.423022e+01 4.423799e+01 4.424576e+01 4.425351e+01 4.426128e+01 4.426903e+01 4.427678e+01 4.428453e+01 4.429227e+01 4.430002e+01 4.430775e+01 4.431549e+01 4.432323e+01 4.433096e+01 4.433870e+01 4.434642e+01 4.435416e+01 4.436188e+01 4.436960e+01 4.437732e+01 4.438503e+01 4.439275e+01 4.440045e+01 4.440816e+01 4.441586e+01 4.442357e+01 4.443127e+01 4.443896e+01 4.444666e+01 4.445436e+01 4.446205e+01 4.446973e+01 4.447742e+01 4.448509e+01 4.449278e+01 4.450046e+01 4.450813e+01 4.451579e+01 4.452347e+01 4.453113e+01 4.453880e+01 4.454646e+01 4.455412e+01 4.456177e+01 4.456943e+01 4.457707e+01 4.458473e+01 4.459238e+01 4.460002e+01 4.460765e+01 4.461530e+01 4.462292e+01 4.463057e+01 4.463820e+01 4.464583e+01 4.465344e+01 4.466107e+01 4.466869e+01 4.467632e+01 4.468393e+01 4.469153e+01 4.469914e+01 4.470676e+01 4.471436e+01 4.472195e+01 4.472957e+01 4.473715e+01 4.474475e+01 4.475235e+01 4.475993e+01 4.476752e+01 4.477510e+01 4.478268e+01 4.479027e+01 4.479785e+01 4.480542e+01 4.481299e+01 4.482056e+01 4.482812e+01 4.483569e+01 4.484326e+01 4.485081e+01 4.485837e+01 4.486594e+01 4.487349e+01 4.488103e+01 4.488858e+01 4.489612e+01 4.490367e+01 4.491121e+01 4.491875e+01 4.492628e+01 4.493381e+01 4.494135e+01 4.494887e+01 4.495639e+01 4.496391e+01 4.497144e+01 4.497896e+01 4.498647e+01 4.499397e+01 4.500150e+01 4.500900e+01 4.501649e+01 4.502400e+01 4.503151e+01 4.503900e+01 4.504649e+01 4.505399e+01 4.506148e+01 4.506897e+01 4.507645e+01 4.508394e+01 4.509142e+01 4.509889e+01 4.510637e+01 4.511385e+01 4.512131e+01 4.512878e+01 4.513625e+01 4.514371e+01 4.515117e+01 4.515863e+01 4.516609e+01 4.517354e+01 4.518098e+01 4.518843e+01 4.519588e+01 4.520332e+01 4.521077e+01 4.521820e+01 4.522565e+01 4.523308e+01 4.524051e+01 4.524794e+01 4.525537e+01 4.526279e+01 4.527022e+01 4.527763e+01 4.528505e+01 4.529247e+01 4.529988e+01 4.530728e+01 4.531470e+01 4.532210e+01 4.532950e+01 4.533690e+01 4.534430e+01 4.535170e+01 4.535909e+01 4.536649e+01 4.537387e+01 4.538126e+01 4.538864e+01 4.539601e+01 4.540340e+01 4.541077e+01 4.541815e+01 4.542552e+01 4.543289e+01 4.544025e+01 4.544762e+01 4.545499e+01 4.546234e+01 4.546970e+01 4.547705e+01 4.548441e+01 4.549176e+01 4.549910e+01 4.550645e+01 4.551379e+01 4.552113e+01 4.552847e+01 4.553581e+01 4.554314e+01 4.555048e+01 4.555780e+01 4.556512e+01 4.557245e+01 4.557977e+01 4.558710e+01 4.559441e+01 4.560173e+01 4.560904e+01 4.561635e+01 4.562366e+01 4.563097e+01 4.563826e+01 4.564557e+01 4.565286e+01 4.566016e+01 4.566745e+01 4.567474e+01 4.568204e+01 4.568932e+01 4.569659e+01 4.570389e+01 4.571117e+01 4.571844e+01 4.572572e+01 4.573299e+01 4.574026e+01 4.574753e+01 4.575479e+01 4.576205e+01 4.576932e+01 4.577658e+01 4.578383e+01 4.579109e+01 4.579834e+01 4.580559e+01 4.581284e+01 4.582008e+01 4.582732e+01 4.583456e+01 4.584180e+01 4.584903e+01 4.585628e+01 4.586349e+01 4.587073e+01 4.587796e+01 4.588518e+01 4.589240e+01 4.589963e+01 4.590685e+01 4.591405e+01 4.592126e+01 4.592848e+01 4.593568e+01 4.594289e+01 4.595009e+01 4.595729e+01 4.596449e+01 4.597169e+01 4.597888e+01 4.598608e+01 4.599327e+01 4.600046e+01 4.600764e+01 4.601483e+01 4.602200e+01 4.602919e+01 4.603636e+01 4.604353e+01 4.605070e+01 4.605788e+01 4.606505e+01 4.607220e+01 4.607938e+01 4.608653e+01 4.609369e+01 4.610085e+01 4.610800e+01 4.611516e+01 4.612230e+01 4.612946e+01 4.613660e+01 4.614374e+01 4.615088e+01 4.615802e+01 4.616515e+01 4.617229e+01 4.617941e+01</incidenceAngle>
        <terrainHeight>2.234518938357143e+03</terrainHeight>
        <roll>3.010102673235080e+01</roll>
      </antennaPattern>
      <antennaPattern>
        <swath>IW3</swath>
        <azimuthTime>2015-05-16T13:34:40.266616</azimuthTime>
        <slantRangeTime count="562">6.017503134959210e-03 6.018185170111523e-03 6.018867205263837e-03 6.019549240416150e-03 6.020231275568463e-03 6.020913310720777e-03 6.021595345873090e-03 6.022277381025403e-03 6.022959416177718e-03 6.023641451330030e-03 6.024323486482344e-03 6.025005521634657e-03 6.025687556786971e-03 6.026369591939284e-03 6.027051627091597e-03 6.027733662243911e-03 6.028415697396225e-03 6.029097732548537e-03 6.029779767700852e-03 6.030461802853164e-03 6.031143838005478e-03 6.031825873157792e-03 6.032507908310105e-03 6.033189943462418e-03 6.033871978614731e-03 6.034554013767045e-03 6.035236048919359e-03 6.035918084071672e-03 6.036600119223985e-03 6.037282154376299e-03 6.037964189528612e-03 6.038646224680926e-03 6.039328259833239e-03 6.040010294985553e-03 6.040692330137866e-03 6.041374365290180e-03 6.042056400442493e-03 6.042738435594807e-03 6.043420470747120e-03 6.044102505899433e-03 6.044784541051747e-03 6.045466576204060e-03 6.046148611356373e-03 6.046830646508687e-03 6.047512681661001e-03 6.048194716813313e-03 6.048876751965627e-03 6.049558787117940e-03 6.050240822270254e-03 6.050922857422567e-03 6.051604892574880e-03 6.052286927727194e-03 6.052968962879508e-03 6.053650998031820e-03 6.054333033184134e-03 6.055015068336447e-03 6.055697103488761e-03 6.056379138641074e-03 6.057061173793387e-03 6.057743208945701e-03 6.058425244098014e-03 6.059107279250327e-03 6.059789314402641e-03 6.060471349554954e-03 6.061153384707267e-03 6.061835419859581e-03 6.062517455011894e-03 6.063199490164208e-03 6.063881525316521e-03 6.064563560468834e-03 6.065245595621147e-03 6.065927630773461e-03 6.066609665925774e-03 6.067291701078088e-03 6.067973736230400e-03 6.068655771382715e-03 6.069337806535028e-03 6.070019841687341e-03 6.070701876839654e-03 6.071383911991968e-03 6.072065947144281e-03 6.072747982296595e-03 6.073430017448908e-03 6.074112052601222e-03 6.074794087753535e-03 6.075476122905848e-03 6.076158158058163e-03 6.076840193210475e-03 6.077522228362790e-03 6.078204263515102e-03 6.078886298667417e-03 6.079568333819730e-03 6.080250368972044e-03 6.080932404124357e-03 6.081614439276671e-03 6.082296474428984e-03 6.082978509581298e-03 6.083660544733611e-03 6.084342579885925e-03 6.085024615038238e-03 6.085706650190552e-03 6.086388685342866e-03 6.087070720495179e-03 6.087752755647493e-03 6.088434790799806e-03 6.089116825952120e-03 6.089798861104434e-03 6.090480896256746e-03 6.091162931409061e-03 6.091844966561373e-03 6.092527001713688e-03 6.093209036866001e-03 6.093891072018315e-03 6.094573107170628e-03 6.095255142322942e-03 6.095937177475255e-03 6.096619212627569e-03 6.097301247779882e-03 6.097983282932196e-03 6.098665318084509e-03 6.099347353236823e-03 6.100029388389137e-03 6.100711423541450e-03 6.101393458693764e-03 6.102075493846077e-03 6.102757528998391e-03 6.103439564150704e-03 6.104121599303017e-03 6.104803634455332e-03 6.105485669607644e-03 6.106167704759959e-03 6.106849739912271e-03 6.107531775064586e-03 6.108213810216899e-03 6.108895845369213e-03 6.109577880521526e-03 6.110259915673840e-03 6.110941950826153e-03 6.111623985978467e-03 6.112306021130780e-03 6.112988056283094e-03 6.113670091435407e-03 6.114352126587721e-03 6.115034161740035e-03 6.115716196892348e-03 6.116398232044662e-03 6.117080267196975e-03 6.117762302349289e-03 6.118444337501603e-03 6.119126372653915e-03 6.119808407806230e-03 6.120490442958542e-03 6.121172478110857e-03 6.121854513263170e-03 6.122536548415484e-03 6.123218583567797e-03 6.123900618720111e-03 6.124582653872424e-03 6.125264689024738e-03 6.125946724177051e-03 6.126628759329365e-03 6.127310794481678e-03 6.127992829633991e-03 6.128674864786305e-03 6.129356899938617e-03 6.130038935090931e-03 6.130720970243244e-03 6.131403005395557e-03 6.132085040547870e-03 6.132767075700184e-03 6.133449110852496e-03 6.134131146004810e-03 6.134813181157123e-03 6.135495216309436e-03 6.136177251461749e-03 6.136859286614062e-03 6.137541321766376e-03 6.138223356918689e-03 6.138905392071002e-03 6.139587427223315e-03 6.140269462375629e-03 6.140951497527941e-03 6.141633532680255e-03 6.142315567832568e-03 6.142997602984881e-03 6.143679638137194e-03 6.144361673289508e-03 6.145043708441820e-03 6.145725743594134e-03 6.146407778746447e-03 6.147089813898760e-03 6.147771849051073e-03 6.148453884203386e-03 6.149135919355699e-03 6.149817954508013e-03 6.150499989660325e-03 6.151182024812639e-03 6.151864059964952e-03 6.152546095117265e-03 6.153228130269578e-03 6.153910165421892e-03 6.154592200574204e-03 6.155274235726518e-03 6.155956270878831e-03 6.156638306031144e-03 6.157320341183457e-03 6.158002376335771e-03 6.158684411488083e-03 6.159366446640397e-03 6.160048481792709e-03 6.160730516945023e-03 6.161412552097336e-03 6.162094587249649e-03 6.162776622401962e-03 6.163458657554276e-03 6.164140692706589e-03 6.164822727858902e-03 6.165504763011215e-03 6.166186798163528e-03 6.166868833315842e-03 6.167550868468155e-03 6.168232903620468e-03 6.168914938772781e-03 6.169596973925094e-03 6.170279009077407e-03 6.170961044229721e-03 6.171643079382033e-03 6.172325114534347e-03 6.173007149686660e-03 6.173689184838973e-03 6.174371219991286e-03 6.175053255143600e-03 6.175735290295912e-03 6.176417325448226e-03 6.177099360600539e-03 6.177781395752852e-03 6.178463430905165e-03 6.179145466057479e-03 6.179827501209791e-03 6.180509536362105e-03 6.181191571514418e-03 6.181873606666731e-03 6.182555641819044e-03 6.183237676971358e-03 6.183919712123670e-03 6.184601747275984e-03 6.185283782428296e-03 6.185965817580610e-03 6.186647852732923e-03 6.187329887885236e-03 6.188011923037549e-03 6.188693958189863e-03 6.189375993342175e-03 6.190058028494489e-03 6.190740063646802e-03 6.191422098799115e-03 6.192104133951428e-03 6.192786169103742e-03 6.193468204256054e-03 6.194150239408368e-03 6.194832274560681e-03 6.195514309712994e-03 6.196196344865307e-03 6.196878380017620e-03 6.197560415169934e-03 6.198242450322247e-03 6.198924485474560e-03 6.199606520626873e-03 6.200288555779187e-03 6.200970590931499e-03 6.201652626083813e-03 6.202334661236126e-03 6.203016696388439e-03 6.203698731540752e-03 6.204380766693066e-03 6.205062801845378e-03 6.205744836997692e-03 6.206426872150005e-03 6.207108907302318e-03 6.207790942454631e-03 6.208472977606945e-03 6.209155012759257e-03 6.209837047911571e-03 6.210519083063883e-03 6.211201118216197e-03 6.211883153368510e-03 6.212565188520823e-03 6.213247223673136e-03 6.213929258825450e-03 6.214611293977762e-03 6.215293329130076e-03 6.215975364282389e-03 6.216657399434702e-03 6.217339434587015e-03 6.218021469739329e-03 6.218703504891641e-03 6.219385540043955e-03 6.220067575196268e-03 6.220749610348581e-03 6.221431645500894e-03 6.222113680653207e-03 6.222795715805520e-03 6.223477750957834e-03 6.224159786110147e-03 6.224841821262460e-03 6.225523856414773e-03 6.226205891567086e-03 6.226887926719400e-03 6.227569961871713e-03 6.228251997024026e-03 6.228934032176339e-03 6.229616067328653e-03 6.230298102480965e-03 6.230980137633279e-03 6.231662172785592e-03 6.232344207937905e-03 6.233026243090218e-03 6.233708278242531e-03 6.234390313394844e-03 6.235072348547158e-03 6.235754383699470e-03 6.236436418851784e-03 6.237118454004097e-03 6.237800489156410e-03 6.238482524308723e-03 6.239164559461037e-03 6.239846594613349e-03 6.240528629765663e-03 6.241210664917976e-03 6.241892700070289e-03 6.242574735222602e-03 6.243256770374916e-03 6.243938805527228e-03 6.244620840679542e-03 6.245302875831855e-03 6.245984910984168e-03 6.246666946136481e-03 6.247348981288794e-03 6.248031016441107e-03 6.248713051593421e-03 6.249395086745733e-03 6.250077121898047e-03 6.250759157050360e-03 6.251441192202673e-03 6.252123227354986e-03 6.252805262507300e-03 6.253487297659613e-03 6.254169332811926e-03 6.254851367964239e-03 6.255533403116552e-03 6.256215438268866e-03 6.256897473421179e-03 6.257579508573492e-03 6.258261543725805e-03 6.258943578878118e-03 6.259625614030431e-03 6.260307649182745e-03 6.260989684335057e-03 6.261671719487371e-03 6.262353754639684e-03 6.263035789791997e-03 6.263717824944310e-03 6.264399860096624e-03 6.265081895248936e-03 6.265763930401250e-03 6.266445965553563e-03 6.267128000705876e-03 6.267810035858189e-03 6.268492071010503e-03 6.269174106162815e-03 6.269856141315129e-03 6.270538176467441e-03 6.271220211619755e-03 6.271902246772068e-03 6.272584281924381e-03 6.273266317076694e-03 6.273948352229008e-03 6.274630387381320e-03 6.275312422533634e-03 6.275994457685947e-03 6.276676492838260e-03 6.277358527990573e-03 6.278040563142887e-03 6.278722598295199e-03 6.279404633447513e-03 6.280086668599826e-03 6.280768703752139e-03 6.281450738904452e-03 6.282132774056766e-03 6.282814809209078e-03 6.283496844361392e-03 6.284178879513705e-03 6.284860914666018e-03 6.285542949818331e-03 6.286224984970644e-03 6.286907020122958e-03 6.287589055275271e-03 6.288271090427584e-03 6.288953125579897e-03 6.289635160732211e-03 6.290317195884523e-03 6.290999231036837e-03 6.291681266189150e-03 6.292363301341463e-03 6.293045336493776e-03 6.293727371646090e-03 6.294409406798402e-03 6.295091441950716e-03 6.295773477103028e-03 6.296455512255342e-03 6.297137547407655e-03 6.297819582559968e-03 6.298501617712281e-03 6.299183652864595e-03 6.299865688016907e-03 6.300547723169221e-03 6.301229758321534e-03 6.301911793473847e-03 6.302593828626160e-03 6.303275863778474e-03 6.303957898930786e-03 6.304639934083100e-03 6.305321969235413e-03 6.306004004387726e-03 6.306686039540039e-03 6.307368074692353e-03 6.308050109844665e-03 6.308732144996979e-03 6.309414180149291e-03 6.310096215301605e-03 6.310778250453918e-03 6.311460285606231e-03 6.312142320758544e-03 6.312824355910858e-03 6.313506391063171e-03 6.314188426215484e-03 6.314870461367797e-03 6.315552496520110e-03 6.316234531672424e-03 6.316916566824737e-03 6.317598601977050e-03 6.318280637129363e-03 6.318962672281677e-03 6.319644707433989e-03 6.320326742586303e-03 6.321008777738615e-03 6.321690812890929e-03 6.322372848043242e-03 6.323054883195555e-03 6.323736918347868e-03 6.324418953500182e-03 6.325100988652494e-03 6.325783023804808e-03 6.326465058957121e-03 6.327147094109434e-03 6.327829129261747e-03 6.328511164414061e-03 6.329193199566373e-03 6.329875234718687e-03 6.330557269871000e-03 6.331239305023313e-03 6.331921340175626e-03 6.332603375327939e-03 6.333285410480252e-03 6.333967445632566e-03 6.334649480784878e-03 6.335331515937192e-03 6.336013551089505e-03 6.336695586241818e-03 6.337377621394131e-03 6.338059656546445e-03 6.338741691698757e-03 6.339423726851071e-03 6.340105762003384e-03 6.340787797155697e-03 6.341469832308010e-03 6.342151867460324e-03 6.342833902612637e-03 6.343515937764950e-03 6.344197972917263e-03 6.344880008069576e-03 6.345562043221890e-03 6.346244078374202e-03 6.346926113526516e-03 6.347608148678829e-03 6.348290183831142e-03 6.348972218983455e-03 6.349654254135769e-03 6.350336289288081e-03 6.351018324440395e-03 6.351700359592708e-03 6.352382394745021e-03 6.353064429897334e-03 6.353746465049648e-03 6.354428500201960e-03 6.355110535354274e-03 6.355792570506587e-03 6.356474605658900e-03 6.357156640811213e-03 6.357838675963526e-03 6.358520711115839e-03 6.359202746268153e-03 6.359884781420465e-03 6.360566816572779e-03 6.361248851725092e-03 6.361930886877405e-03 6.362612922029718e-03 6.363294957182032e-03 6.363976992334344e-03 6.364659027486658e-03 6.365341062638971e-03 6.366023097791284e-03 6.366705132943597e-03 6.367387168095911e-03 6.368069203248223e-03 6.368751238400537e-03 6.369433273552850e-03 6.370115308705163e-03 6.370797343857476e-03 6.371479379009789e-03 6.372161414162103e-03 6.372843449314416e-03 6.373525484466729e-03 6.374207519619042e-03 6.374889554771355e-03 6.375571589923668e-03 6.376253625075982e-03 6.376935660228295e-03 6.377617695380608e-03 6.378299730532921e-03 6.378981765685235e-03 6.379663800837547e-03 6.380345835989861e-03 6.381027871142174e-03 6.381709906294487e-03 6.382391941446800e-03 6.383073976599113e-03 6.383756011751426e-03 6.384438046903740e-03 6.385120082056052e-03 6.385802117208366e-03 6.386484152360679e-03 6.387166187512992e-03 6.387848222665305e-03 6.388530257817619e-03 6.389212292969931e-03 6.389894328122245e-03 6.390576363274558e-03 6.391258398426871e-03 6.391940433579184e-03 6.392622468731498e-03 6.393304503883810e-03 6.393986539036124e-03 6.394668574188436e-03 6.395350609340750e-03 6.396032644493063e-03 6.396714679645376e-03 6.397396714797689e-03 6.398078749950003e-03 6.398760785102315e-03 6.399442820254629e-03 6.400124855406942e-03</slantRangeTime>
        <elevationAngle count="562">3.687389e+01 3.688116e+01 3.688842e+01 3.689568e+01 3.690294e+01 3.691019e+01 3.691745e+01 3.692470e+01 3.693194e+01 3.693919e+01 3.694643e+01 3.695366e+01 3.696090e+01 3.696813e+01 3.697536e+01 3.698258e+01 3.698980e+01 3.699702e+01 3.700424e+01 3.701145e+01 3.701866e+01 3.702587e+01 3.703307e+01 3.704028e+01 3.704747e+01 3.705467e+01 3.706186e+01 3.706905e+01 3.707624e+01 3.708342e+01 3.709060e+01 3.709778e+01 3.710495e+01 3.711213e+01 3.711929e+01 3.712646e+01 3.713362e+01 3.714078e+01 3.714794e+01 3.715509e+01 3.716224e+01 3.716939e+01 3.717654e+01 3.718368e+01 3.719081e+01 3.719795e+01 3.720509e+01 3.721222e+01 3.721935e+01 3.722647e+01 3.723359e+01 3.724071e+01 3.724783e+01 3.725494e+01 3.726205e+01 3.726915e+01 3.727626e+01 3.728336e+01 3.729046e+01 3.729755e+01 3.730465e+01 3.731173e+01 3.731882e+01 3.732590e+01 3.733298e+01 3.734007e+01 3.734714e+01 3.735421e+01 3.736128e+01 3.736835e+01 3.737541e+01 3.738247e+01 3.738953e+01 3.739658e+01 3.740364e+01 3.741069e+01 3.741773e+01 3.742477e+01 3.743182e+01 3.743885e+01 3.744589e+01 3.745292e+01 3.745995e+01 3.746698e+01 3.747400e+01 3.748102e+01 3.748804e+01 3.749505e+01 3.750206e+01 3.750907e+01 3.751608e+01 3.752308e+01 3.753008e+01 3.753708e+01 3.754408e+01 3.755107e+01 3.755806e+01 3.756504e+01 3.757203e+01 3.757901e+01 3.758599e+01 3.759296e+01 3.759993e+01 3.760690e+01 3.761387e+01 3.762083e+01 3.762780e+01 3.763475e+01 3.764171e+01 3.764866e+01 3.765561e+01 3.766256e+01 3.766950e+01 3.767645e+01 3.768338e+01 3.769032e+01 3.769725e+01 3.770419e+01 3.771111e+01 3.771804e+01 3.772496e+01 3.773188e+01 3.773879e+01 3.774571e+01 3.775262e+01 3.775953e+01 3.776643e+01 3.777333e+01 3.778024e+01 3.778713e+01 3.779403e+01 3.780092e+01 3.780781e+01 3.781469e+01 3.782158e+01 3.782846e+01 3.783533e+01 3.784221e+01 3.784908e+01 3.785595e+01 3.786282e+01 3.786968e+01 3.787654e+01 3.788340e+01 3.789026e+01 3.789711e+01 3.790396e+01 3.791081e+01 3.791766e+01 3.792450e+01 3.793134e+01 3.793818e+01 3.794501e+01 3.795184e+01 3.795867e+01 3.796550e+01 3.797232e+01 3.797914e+01 3.798596e+01 3.799277e+01 3.799958e+01 3.800639e+01 3.801320e+01 3.802000e+01 3.802681e+01 3.803361e+01 3.804040e+01 3.804720e+01 3.805399e+01 3.806078e+01 3.806756e+01 3.807434e+01 3.808112e+01 3.808790e+01 3.809468e+01 3.810145e+01 3.810822e+01 3.811499e+01 3.812175e+01 3.812851e+01 3.813527e+01 3.814202e+01 3.814878e+01 3.815553e+01 3.816228e+01 3.816902e+01 3.817577e+01 3.818251e+01 3.818924e+01 3.819598e+01 3.820271e+01 3.820944e+01 3.821617e+01 3.822289e+01 3.822961e+01 3.823633e+01 3.824305e+01 3.824976e+01 3.825647e+01 3.826318e+01 3.826989e+01 3.827659e+01 3.828329e+01 3.828999e+01 3.829668e+01 3.830338e+01 3.831007e+01 3.831676e+01 3.832344e+01 3.833012e+01 3.833680e+01 3.834348e+01 3.835015e+01 3.835683e+01 3.836349e+01 3.837016e+01 3.837683e+01 3.838349e+01 3.839015e+01 3.839680e+01 3.840346e+01 3.841011e+01 3.841676e+01 3.842340e+01 3.843005e+01 3.843669e+01 3.844333e+01 3.844996e+01 3.845659e+01 3.846322e+01 3.846985e+01 3.847648e+01 3.848310e+01 3.848972e+01 3.849634e+01 3.850295e+01 3.850956e+01 3.851617e+01 3.852278e+01 3.852939e+01 3.853599e+01 3.854259e+01 3.854919e+01 3.855578e+01 3.856237e+01 3.856896e+01 3.857555e+01 3.858213e+01 3.858871e+01 3.859529e+01 3.860187e+01 3.860844e+01 3.861502e+01 3.862159e+01 3.862815e+01 3.863472e+01 3.864128e+01 3.864784e+01 3.865439e+01 3.866095e+01 3.866750e+01 3.867405e+01 3.868060e+01 3.868714e+01 3.869368e+01 3.870022e+01 3.870675e+01 3.871329e+01 3.871982e+01 3.872635e+01 3.873288e+01 3.873940e+01 3.874592e+01 3.875244e+01 3.875895e+01 3.876547e+01 3.877198e+01 3.877849e+01 3.878500e+01 3.879150e+01 3.879800e+01 3.880450e+01 3.881099e+01 3.881749e+01 3.882398e+01 3.883047e+01 3.883696e+01 3.884344e+01 3.884992e+01 3.885640e+01 3.886288e+01 3.886935e+01 3.887582e+01 3.888229e+01 3.888876e+01 3.889522e+01 3.890168e+01 3.890814e+01 3.891460e+01 3.892105e+01 3.892751e+01 3.893395e+01 3.894040e+01 3.894685e+01 3.895329e+01 3.895973e+01 3.896616e+01 3.897260e+01 3.897903e+01 3.898546e+01 3.899189e+01 3.899831e+01 3.900473e+01 3.901115e+01 3.901757e+01 3.902399e+01 3.903040e+01 3.903681e+01 3.904322e+01 3.904963e+01 3.905603e+01 3.906243e+01 3.906882e+01 3.907522e+01 3.908162e+01 3.908801e+01 3.909439e+01 3.910078e+01 3.910716e+01 3.911354e+01 3.911992e+01 3.912630e+01 3.913268e+01 3.913905e+01 3.914542e+01 3.915178e+01 3.915815e+01 3.916451e+01 3.917087e+01 3.917722e+01 3.918358e+01 3.918993e+01 3.919628e+01 3.920263e+01 3.920897e+01 3.921532e+01 3.922166e+01 3.922800e+01 3.923433e+01 3.924067e+01 3.924700e+01 3.925333e+01 3.925965e+01 3.926598e+01 3.927230e+01 3.927861e+01 3.928493e+01 3.929124e+01 3.929756e+01 3.930387e+01 3.931018e+01 3.931648e+01 3.932278e+01 3.932908e+01 3.933538e+01 3.934167e+01 3.934797e+01 3.935426e+01 3.936055e+01 3.936683e+01 3.937312e+01 3.937940e+01 3.938568e+01 3.939196e+01 3.939823e+01 3.940450e+01 3.941077e+01 3.941704e+01 3.942330e+01 3.942957e+01 3.943583e+01 3.944209e+01 3.944834e+01 3.945459e+01 3.946084e+01 3.946709e+01 3.947334e+01 3.947958e+01 3.948582e+01 3.949207e+01 3.949830e+01 3.950454e+01 3.951077e+01 3.951700e+01 3.952323e+01 3.952945e+01 3.953568e+01 3.954190e+01 3.954811e+01 3.955433e+01 3.956054e+01 3.956676e+01 3.957296e+01 3.957917e+01 3.958538e+01 3.959158e+01 3.959778e+01 3.960398e+01 3.961017e+01 3.961637e+01 3.962256e+01 3.962875e+01 3.963493e+01 3.964112e+01 3.964730e+01 3.965348e+01 3.965966e+01 3.966583e+01 3.967200e+01 3.967817e+01 3.968434e+01 3.969051e+01 3.969667e+01 3.970283e+01 3.970899e+01 3.971515e+01 3.972130e+01 3.972746e+01 3.973360e+01 3.973975e+01 3.974590e+01 3.975204e+01 3.975818e+01 3.976432e+01 3.977046e+01 3.977659e+01 3.978272e+01 3.978885e+01 3.979498e+01 3.980111e+01 3.980723e+01 3.981335e+01 3.981947e+01 3.982558e+01 3.983170e+01 3.983781e+01 3.984392e+01 3.985003e+01 3.985613e+01 3.986224e+01 3.986834e+01 3.987444e+01 3.988053e+01 3.988662e+01 3.989272e+01 3.989880e+01 3.990489e+01 3.991098e+01 3.991706e+01 3.992314e+01 3.992922e+01 3.993530e+01 3.994137e+01 3.994744e+01 3.995351e+01 3.995958e+01 3.996564e+01 3.997171e+01 3.997777e+01 3.998383e+01 3.998988e+01 3.999593e+01 4.000199e+01 4.000804e+01 4.001408e+01 4.002013e+01 4.002617e+01 4.003221e+01 4.003825e+01 4.004429e+01 4.005032e+01 4.005635e+01 4.006239e+01 4.006841e+01 4.007444e+01 4.008046e+01 4.008648e+01 4.009250e+01 4.009852e+01 4.010453e+01 4.011055e+01 4.011655e+01 4.012256e+01 4.012857e+01 4.013457e+01 4.014058e+01 4.014657e+01 4.015257e+01 4.015857e+01 4.016456e+01 4.017055e+01 4.017654e+01 4.018253e+01 4.018851e+01 4.019449e+01 4.020047e+01 4.020645e+01 4.021243e+01 4.021840e+01 4.022437e+01 4.023034e+01 4.023631e+01 4.024227e+01 4.024823e+01 4.025419e+01 4.026015e+01 4.026611e+01 4.027206e+01 4.027802e+01 4.028396e+01 4.028991e+01 4.029586e+01 4.030180e+01 4.030774e+01 4.031368e+01 4.031962e+01 4.032555e+01 4.033149e+01 4.033742e+01 4.034335e+01 4.034927e+01 4.035519e+01 4.036112e+01 4.036704e+01 4.037296e+01 4.037887e+01 4.038478e+01 4.039070e+01 4.039661e+01 4.040251e+01 4.040842e+01 4.041432e+01 4.042022e+01 4.042612e+01 4.043202e+01 4.043791e+01 4.044381e+01 4.044970e+01 4.045559e+01 4.046147e+01 4.046735e+01 4.047324e+01 4.047912e+01 4.048499e+01 4.049087e+01 4.049675e+01 4.050262e+01 4.050848e+01 4.051435e+01 4.052022e+01 4.052608e+01 4.053194e+01</elevationAngle>
        <elevationPattern count="562">3.724376e+14 7.121187e+14 3.759986e+14 7.186010e+14 3.795581e+14 7.250809e+14 3.831160e+14 7.315578e+14 3.866741e+14 7.380346e+14 3.903019e+14 7.446226e+14 3.939281e+14 7.512077e+14 3.975524e+14 7.577897e+14 4.011757e+14 7.643695e+14 4.047972e+14 7.709462e+14 4.084174e+14 7.775203e+14 4.120447e+14 7.841092e+14 4.157340e+14 7.908223e+14 4.194221e+14 7.975331e+14 4.231084e+14 8.042407e+14 4.267932e+14 8.109457e+14 4.304765e+14 8.176478e+14 4.341582e+14 8.243472e+14 4.378559e+14 8.310640e+14 4.416213e+14 8.378591e+14 4.453849e+14 8.446509e+14 4.491472e+14 8.514404e+14 4.529078e+14 8.582266e+14 4.566668e+14 8.650102e+14 4.604242e+14 8.717907e+14 4.641877e+14 8.785877e+14 4.679710e+14 8.854350e+14 4.717524e+14 8.922787e+14 4.755324e+14 8.991203e+14 4.793110e+14 9.059591e+14 4.830879e+14 9.127947e+14 4.868631e+14 9.196275e+14 4.906542e+14 9.264749e+14 4.944839e+14 9.333598e+14 4.983119e+14 9.402415e+14 5.021385e+14 9.471208e+14 5.059632e+14 9.539966e+14 5.097866e+14 9.608704e+14 5.136083e+14 9.677408e+14 5.174330e+14 9.746359e+14 5.212659e+14 9.815867e+14 5.250972e+14 9.885345e+14 5.289269e+14 9.954794e+14 5.327551e+14 1.002422e+15 5.365816e+14 1.009361e+15 5.404065e+14 1.016297e+15 5.442347e+14 1.023203e+15 5.480708e+14 1.030048e+15 5.519052e+14 1.036890e+15 5.557382e+14 1.043730e+15 5.595697e+14 1.050567e+15 5.633994e+14 1.057400e+15 5.672277e+14 1.064232e+15 5.710500e+14 1.071060e+15 5.748610e+14 1.077885e+15 5.786703e+14 1.084708e+15 5.824782e+14 1.091528e+15 5.862844e+14 1.098345e+15 5.900889e+14 1.105159e+15 5.938920e+14 1.111971e+15 5.976936e+14 1.118779e+15 6.014937e+14 1.125586e+15 6.052921e+14 1.132389e+15 6.090890e+14 1.139189e+15 6.128844e+14 1.145987e+15 6.166780e+14 1.152781e+15 6.204704e+14 1.159574e+15 6.242525e+14 1.166363e+15 6.279991e+14 1.173149e+15 6.317443e+14 1.179933e+15 6.354881e+14 1.186714e+15 6.392303e+14 1.193492e+15 6.429709e+14 1.200268e+15 6.467100e+14 1.207041e+15 6.504424e+14 1.213793e+15 6.541364e+14 1.220420e+15 6.578285e+14 1.227044e+15 6.615191e+14 1.233664e+15 6.652084e+14 1.240282e+15 6.688961e+14 1.246898e+15 6.725824e+14 1.253510e+15 6.762659e+14 1.260115e+15 6.798788e+14 1.266442e+15 6.834902e+14 1.272765e+15 6.871003e+14 1.279086e+15 6.907090e+14 1.285405e+15 6.943162e+14 1.291721e+15 6.979217e+14 1.298034e+15 7.015260e+14 1.304345e+15 7.050659e+14 1.310653e+15 7.085970e+14 1.316959e+15 7.121269e+14 1.323262e+15 7.156550e+14 1.329563e+15 7.191820e+14 1.335861e+15 7.227076e+14 1.342156e+15 7.262313e+14 1.348449e+15 7.296910e+14 1.354634e+15 7.331281e+14 1.360782e+15 7.365643e+14 1.366928e+15 7.399990e+14 1.373072e+15 7.434321e+14 1.379212e+15 7.468642e+14 1.385351e+15 7.502944e+14 1.391486e+15 7.536576e+14 1.397455e+15 7.569736e+14 1.403306e+15 7.602885e+14 1.409156e+15 7.636022e+14 1.415004e+15 7.669144e+14 1.420849e+15 7.702251e+14 1.426691e+15 7.735348e+14 1.432532e+15 7.767979e+14 1.438314e+15 7.799934e+14 1.444010e+15 7.831880e+14 1.449704e+15 7.863811e+14 1.455397e+15 7.895728e+14 1.461086e+15 7.927632e+14 1.466774e+15 7.959527e+14 1.472459e+15 7.991154e+14 1.478058e+15 8.021776e+14 1.483324e+15 8.052382e+14 1.488586e+15 8.082979e+14 1.493847e+15 8.113563e+14 1.499106e+15 8.144136e+14 1.504363e+15 8.174692e+14 1.509617e+15 8.205240e+14 1.514869e+15 8.234428e+14 1.519985e+15 8.263566e+14 1.525095e+15 8.292695e+14 1.530203e+15 8.321815e+14 1.535309e+15 8.350916e+14 1.540412e+15 8.380015e+14 1.545515e+15 8.409097e+14 1.550614e+15 8.436963e+14 1.555511e+15 8.464371e+14 1.560332e+15 8.491766e+14 1.565150e+15 8.519152e+14 1.569966e+15 8.546525e+14 1.574781e+15 8.573888e+14 1.579593e+15 8.601240e+14 1.584404e+15 8.627884e+14 1.589086e+15 8.653705e+14 1.593619e+15 8.679516e+14 1.598149e+15 8.705314e+14 1.602677e+15 8.731103e+14 1.607204e+15 8.756881e+14 1.611729e+15 8.782650e+14 1.616252e+15 8.808125e+14 1.620703e+15 8.832230e+14 1.624812e+15 8.856325e+14 1.628919e+15 8.880409e+14 1.633024e+15 8.904487e+14 1.637128e+15 8.928550e+14 1.641230e+15 8.952609e+14 1.645331e+15 8.976655e+14 1.649430e+15 8.999044e+14 1.653174e+15 9.021160e+14 1.656860e+15 9.043270e+14 1.660545e+15 9.065366e+14 1.664228e+15 9.087456e+14 1.667909e+15 9.109541e+14 1.671590e+15 9.131608e+14 1.675268e+15 9.152667e+14 1.678802e+15 9.172817e+14 1.682206e+15 9.192954e+14 1.685607e+15 9.213088e+14 1.689008e+15 9.233215e+14 1.692408e+15 9.253331e+14 1.695806e+15 9.273439e+14 1.699203e+15 9.293230e+14 1.702527e+15 9.311558e+14 1.705513e+15 9.329880e+14 1.708499e+15 9.348194e+14 1.711484e+15 9.366497e+14 1.714466e+15 9.384798e+14 1.717448e+15 9.403087e+14 1.720429e+15 9.421376e+14 1.723410e+15 9.438132e+14 1.726170e+15 9.454509e+14 1.728877e+15 9.470878e+14 1.731583e+15 9.487241e+14 1.734288e+15 9.503596e+14 1.736991e+15 9.519944e+14 1.739693e+15 9.536293e+14 1.742396e+15 9.551808e+14 1.744932e+15 9.566114e+14 1.747226e+15 9.580412e+14 1.749519e+15 9.594706e+14 1.751811e+15 9.608997e+14 1.754103e+15 9.623279e+14 1.756394e+15 9.637560e+14 1.758684e+15 9.651831e+14 1.760973e+15 9.664103e+14 1.762729e+15 9.676345e+14 1.764478e+15 9.688584e+14 1.766226e+15 9.700816e+14 1.767974e+15 9.713043e+14 1.769720e+15 9.725269e+14 1.771467e+15 9.737488e+14 1.773213e+15 9.748450e+14 1.774810e+15 9.758380e+14 1.776286e+15 9.768306e+14 1.777762e+15 9.778225e+14 1.779236e+15 9.788143e+14 1.780710e+15 9.798055e+14 1.782184e+15 9.807967e+14 1.783657e+15 9.817668e+14 1.785082e+15 9.825299e+14 1.786019e+15 9.832922e+14 1.786955e+15 9.840541e+14 1.787891e+15 9.848159e+14 1.788827e+15 9.855774e+14 1.789762e+15 9.863386e+14 1.790697e+15 9.870997e+14 1.791631e+15 9.877309e+14 1.792404e+15 9.882780e+14 1.793071e+15 9.888242e+14 1.793737e+15 9.893709e+14 1.794404e+15 9.899171e+14 1.795069e+15 9.904631e+14 1.795735e+15 9.910091e+14 1.796401e+15 9.915308e+14 1.797014e+15 9.918363e+14 1.797146e+15 9.921424e+14 1.797279e+15 9.924480e+14 1.797412e+15 9.927536e+14 1.797545e+15 9.930594e+14 1.797678e+15 9.933646e+14 1.797811e+15 9.936700e+14 1.797944e+15 9.938380e+14 1.797848e+15 9.939042e+14 1.797582e+15 9.939707e+14 1.797318e+15 9.940368e+14 1.797052e+15 9.941031e+14 1.796788e+15 9.941696e+14 1.796523e+15 9.942355e+14 1.796258e+15 9.942961e+14 1.795984e+15 9.941374e+14 1.795323e+15 9.939788e+14 1.794662e+15 9.938202e+14 1.794001e+15 9.936618e+14 1.793341e+15 9.935033e+14 1.792680e+15 9.933448e+14 1.792020e+15 9.931865e+14 1.791361e+15 9.929264e+14 1.790522e+15 9.925443e+14 1.789467e+15 9.921621e+14 1.788413e+15 9.917800e+14 1.787359e+15 9.913982e+14 1.786305e+15 9.910163e+14 1.785252e+15 9.906348e+14 1.784199e+15 9.902532e+14 1.783147e+15 9.896686e+14 1.781643e+15 9.890510e+14 1.780066e+15 9.884332e+14 1.778489e+15 9.878160e+14 1.776913e+15 9.871991e+14 1.775338e+15 9.865822e+14 1.773763e+15 9.859656e+14 1.772189e+15 9.852917e+14 1.770551e+15 9.844397e+14 1.768716e+15 9.835880e+14 1.766882e+15 9.827365e+14 1.765048e+15 9.818859e+14 1.763216e+15 9.810349e+14 1.761383e+15 9.801848e+14 1.759552e+15 9.793345e+14 1.757720e+15 9.783579e+14 1.755573e+15 9.772994e+14 1.753221e+15 9.762418e+14 1.750870e+15 9.751835e+14 1.748519e+15 9.741267e+14 1.746170e+15 9.730695e+14 1.743821e+15 9.720130e+14 1.741474e+15 9.709571e+14 1.739127e+15 9.696793e+14 1.736534e+15 9.683899e+14 1.733929e+15 9.671005e+14 1.731325e+15 9.658120e+14 1.728721e+15 9.645236e+14 1.726118e+15 9.632359e+14 1.723517e+15 9.619488e+14 1.720917e+15 9.606074e+14 1.718181e+15 9.591133e+14 1.715062e+15 9.576197e+14 1.711946e+15 9.561266e+14 1.708830e+15 9.546342e+14 1.705715e+15 9.531426e+14 1.702602e+15 9.516510e+14 1.699489e+15 9.501604e+14 1.696378e+15 9.485476e+14 1.693124e+15 9.468380e+14 1.689756e+15 9.451286e+14 1.686390e+15 9.434201e+14 1.683024e+15 9.417122e+14 1.679660e+15 9.400051e+14 1.676298e+15 9.382986e+14 1.672936e+15 9.365928e+14 1.669577e+15 9.347375e+14 1.666004e+15 9.328521e+14 1.662388e+15 9.309675e+14 1.658774e+15 9.290838e+14 1.655161e+15 9.272004e+14 1.651549e+15 9.253179e+14 1.647938e+15 9.234361e+14 1.644330e+15 9.215395e+14 1.640693e+15 9.194528e+14 1.636700e+15 9.173675e+14 1.632709e+15 9.152826e+14 1.628720e+15 9.131987e+14 1.624732e+15 9.111153e+14 1.620745e+15 9.090328e+14 1.616760e+15 9.069512e+14 1.612777e+15 9.048118e+14 1.608678e+15 9.025391e+14 1.604312e+15 9.002674e+14 1.599949e+15 8.979965e+14 1.595587e+15 8.957264e+14 1.591226e+15 8.934571e+14 1.586867e+15 8.911888e+14 1.582509e+15 8.889213e+14 1.578154e+15 8.865770e+14 1.573671e+15 8.841577e+14 1.569062e+15 8.817389e+14 1.564455e+15 8.793211e+14 1.559850e+15 8.769049e+14 1.555247e+15 8.744892e+14 1.550646e+15 8.720741e+14 1.546046e+15 8.696603e+14 1.541448e+15 8.671248e+14 1.536764e+15 8.645340e+14 1.532042e+15 8.619442e+14 1.527322e+15 8.593554e+14 1.522603e+15 8.567675e+14 1.517887e+15 8.541805e+14 1.513171e+15 8.515948e+14 1.508459e+15 8.490100e+14 1.503747e+15 8.463079e+14 1.498716e+15 8.435851e+14 1.493627e+15 8.408633e+14 1.488539e+15 8.381422e+14 1.483453e+15 8.354226e+14 1.478369e+15 8.327038e+14 1.473287e+15 8.299857e+14 1.468207e+15 8.272691e+14 1.463129e+15 8.244172e+14 1.457929e+15 8.215630e+14 1.452728e+15 8.187098e+14 1.447529e+15 8.158576e+14 1.442331e+15 8.130064e+14 1.437136e+15 8.101567e+14 1.431943e+15 8.073076e+14 1.426752e+15 8.044488e+14 1.421540e+15 8.014759e+14 1.416101e+15 7.985035e+14 1.410662e+15 7.955328e+14 1.405226e+15 7.925626e+14 1.399791e+15 7.895936e+14 1.394358e+15 7.866261e+14 1.388929e+15 7.836593e+14 1.383500e+15 7.806746e+14 1.378053e+15 7.775964e+14 1.372502e+15 7.745200e+14 1.366954e+15 7.714442e+14 1.361407e+15 7.683696e+14 1.355863e+15 7.652962e+14 1.350321e+15 7.622242e+14 1.344781e+15 7.591531e+14 1.339243e+15 7.560627e+14 1.333649e+15 7.529061e+14 1.327864e+15 7.497504e+14 1.322080e+15 7.465959e+14 1.316299e+15 7.434427e+14 1.310520e+15 7.402906e+14 1.304744e+15 7.371394e+14 1.298969e+15 7.339900e+14 1.293197e+15 7.308175e+14 1.287427e+15 7.275824e+14 1.281658e+15 7.243486e+14 1.275893e+15 7.211158e+14 1.270129e+15 7.178842e+14 1.264367e+15 7.146538e+14 1.258608e+15 7.114250e+14 1.252851e+15 7.081969e+14 1.247095e+15 7.049520e+14 1.241306e+15 7.016642e+14 1.235430e+15 6.983774e+14 1.229557e+15 6.950919e+14 1.223685e+15 6.918076e+14 1.217816e+15 6.885245e+14 1.211949e+15 6.852424e+14 1.206083e+15 6.819618e+14 1.200221e+15 6.786683e+14 1.194325e+15 6.753404e+14 1.188342e+15 6.720133e+14 1.182361e+15 6.686879e+14 1.176383e+15 6.653634e+14 1.170406e+15 6.620403e+14 1.164432e+15 6.587183e+14 1.158460e+15 6.553975e+14 1.152490e+15 6.520688e+14 1.146522e+15 6.487131e+14 1.140557e+15 6.453590e+14 1.134594e+15 6.420058e+14 1.128633e+15 6.386541e+14 1.122674e+15 6.353036e+14 1.116717e+15 6.319545e+14 1.110764e+15 6.286064e+14 1.104811e+15 6.252523e+14 1.098861e+15 6.218695e+14 1.092913e+15 6.184878e+14 1.086968e+15 6.151077e+14 1.081025e+15 6.117288e+14 1.075084e+15 6.083508e+14 1.069144e+15 6.049746e+14 1.063208e+15 6.015991e+14 1.057273e+15 5.982263e+14 1.051341e+15 5.948660e+14 1.045411e+15 5.915068e+14 1.039483e+15 5.881489e+14 1.033557e+15 5.847923e+14 1.027633e+15 5.814367e+14 1.021712e+15 5.780823e+14 1.015792e+15 5.747292e+14 1.009875e+15 5.713776e+14 1.003960e+15 5.680271e+14 9.979735e+14 5.646777e+14 9.919889e+14 5.613297e+14 9.860066e+14 5.579829e+14 9.800268e+14 5.546373e+14 9.740490e+14 5.512927e+14 9.680730e+14 5.479496e+14 9.620997e+14 5.446078e+14 9.561286e+14 5.412780e+14 9.502459e+14 5.379507e+14 9.443771e+14 5.346247e+14 9.385108e+14 5.312999e+14 9.326462e+14 5.279764e+14 9.267843e+14 5.246541e+14 9.209242e+14 5.213330e+14 9.150663e+14 5.180132e+14 9.092106e+14 5.147121e+14 9.034013e+14 5.114192e+14 8.976111e+14 5.081275e+14 8.918231e+14 5.048370e+14 8.860372e+14 5.015477e+14 8.802534e+14 4.982595e+14 8.744716e+14 4.949726e+14 8.686921e+14 4.916870e+14 8.629146e+14 4.884290e+14 8.571791e+14 4.851945e+14 8.514790e+14 4.819613e+14 8.457813e+14 4.787293e+14 8.400856e+14 4.754982e+14 8.343916e+14 4.722684e+14 8.286998e+14 4.690398e+14 8.230102e+14 4.658124e+14 8.173226e+14 4.626030e+14 8.116709e+14 4.594267e+14 8.060849e+14 4.562515e+14 8.005009e+14 4.530774e+14 7.949189e+14 4.499045e+14 7.893390e+14 4.467327e+14 7.837610e+14 4.435622e+14 7.781853e+14 4.403928e+14 7.726115e+14 4.372331e+14 7.670540e+14 4.341388e+14 7.616056e+14 4.310457e+14 7.561593e+14 4.279536e+14 7.507146e+14 4.248626e+14 7.452721e+14 4.217729e+14 7.398319e+14 4.186843e+14 7.343934e+14 4.155966e+14 7.289567e+14 4.125101e+14 7.235221e+14 4.094774e+14 7.181946e+14 4.064536e+14 7.128848e+14 4.034310e+14 7.075772e+14 4.004095e+14 7.022714e+14 3.973890e+14 6.969674e+14 3.943698e+14 6.916657e+14 3.913515e+14 6.863656e+14 3.883344e+14 6.810676e+14 3.853611e+14 6.758498e+14 3.824185e+14 6.706882e+14 3.794770e+14 6.655285e+14 3.765366e+14 6.603708e+14 3.735972e+14 6.552148e+14 3.706589e+14 6.500607e+14 3.677217e+14 6.449085e+14 3.647854e+14 6.397580e+14 3.618781e+14 6.346584e+14 3.590403e+14 6.296801e+14 3.562034e+14 6.247035e+14 3.533677e+14 6.197288e+14 3.505330e+14 6.147561e+14 3.476991e+14 6.097850e+14 3.448664e+14 6.048157e+14 3.420347e+14 5.998481e+14 3.392040e+14 5.948824e+14 3.364552e+14 5.900572e+14 3.337104e+14 5.852388e+14 3.309667e+14 5.804223e+14 3.282240e+14 5.756076e+14 3.254822e+14 5.707945e+14 3.227415e+14 5.659832e+14 3.200016e+14 5.611734e+14 3.172627e+14 5.563655e+14 3.145835e+14 5.516693e+14 3.119422e+14 5.470441e+14 3.093020e+14 5.424206e+14 3.066626e+14 5.377988e+14 3.040242e+14 5.331787e+14 3.013868e+14 5.285603e+14 2.987504e+14 5.239435e+14 2.961149e+14 5.193284e+14 2.935055e+14 5.147568e+14 2.909793e+14 5.103240e+14 2.884538e+14 5.058924e+14 2.859292e+14 5.014626e+14 2.834055e+14 4.970342e+14 2.808828e+14 4.926076e+14 2.783610e+14 4.881826e+14 2.758401e+14 4.837589e+14 2.733200e+14 4.793370e+14 2.708801e+14 4.750651e+14 2.684570e+14 4.708247e+14 2.660347e+14 4.665856e+14 2.636132e+14 4.623481e+14 2.611927e+14 4.581122e+14 2.587729e+14 4.538775e+14 2.563541e+14 4.496447e+14 2.539361e+14 4.454132e+14 2.515622e+14 4.412601e+14 2.492527e+14 4.372213e+14 2.469439e+14 4.331840e+14 2.446358e+14 4.291477e+14 2.423287e+14 4.251133e+14 2.400224e+14 4.210802e+14 2.377168e+14 4.170484e+14 2.354122e+14 4.130182e+14 2.331083e+14 4.089894e+14 2.309178e+14 4.051421e+14 2.287337e+14 4.013051e+14 2.265503e+14 3.974694e+14 2.243677e+14 3.936351e+14 2.221859e+14 3.898022e+14 2.200048e+14 3.859707e+14 2.178246e+14 3.821406e+14 2.156452e+14 3.783118e+14 2.135168e+14 3.745737e+14 2.114447e+14 3.709358e+14 2.093735e+14 3.672995e+14 2.073030e+14 3.636644e+14 2.052333e+14 3.600306e+14 2.031643e+14 3.563981e+14 2.010960e+14 3.527668e+14 1.990285e+14 3.491370e+14 1.969616e+14 3.455082e+14 1.950094e+14 3.420744e+14 1.930615e+14 3.386479e+14 1.911142e+14 3.352225e+14 1.891676e+14 3.317984e+14 1.872217e+14 3.283755e+14</elevationPattern>
        <incidenceAngle count="562">4.177757e+01 4.178621e+01 4.179485e+01 4.180348e+01 4.181212e+01 4.182076e+01 4.182938e+01 4.183800e+01 4.184662e+01 4.185524e+01 4.186386e+01 4.187247e+01 4.188107e+01 4.188968e+01 4.189828e+01 4.190688e+01 4.191547e+01 4.192407e+01 4.193265e+01 4.194124e+01 4.194981e+01 4.195840e+01 4.196698e+01 4.197554e+01 4.198412e+01 4.199268e+01 4.200125e+01 4.200981e+01 4.201836e+01 4.202692e+01 4.203546e+01 4.204401e+01 4.205255e+01 4.206110e+01 4.206963e+01 4.207817e+01 4.208670e+01 4.209523e+01 4.210374e+01 4.211227e+01 4.212079e+01 4.212930e+01 4.213782e+01 4.214632e+01 4.215483e+01 4.216333e+01 4.217183e+01 4.218033e+01 4.218881e+01 4.219731e+01 4.220580e+01 4.221428e+01 4.222276e+01 4.223123e+01 4.223972e+01 4.224818e+01 4.225665e+01 4.226511e+01 4.227357e+01 4.228203e+01 4.229048e+01 4.229893e+01 4.230739e+01 4.231584e+01 4.232428e+01 4.233272e+01 4.234116e+01 4.234959e+01 4.235802e+01 4.236644e+01 4.237486e+01 4.238329e+01 4.239171e+01 4.240012e+01 4.240854e+01 4.241695e+01 4.242535e+01 4.243375e+01 4.244215e+01 4.245055e+01 4.245894e+01 4.246733e+01 4.247572e+01 4.248410e+01 4.249248e+01 4.250085e+01 4.250923e+01 4.251761e+01 4.252597e+01 4.253435e+01 4.254271e+01 4.255106e+01 4.255942e+01 4.256778e+01 4.257613e+01 4.258447e+01 4.259282e+01 4.260115e+01 4.260950e+01 4.261783e+01 4.262616e+01 4.263449e+01 4.264282e+01 4.265114e+01 4.265945e+01 4.266777e+01 4.267609e+01 4.268440e+01 4.269270e+01 4.270102e+01 4.270932e+01 4.271762e+01 4.272591e+01 4.273421e+01 4.274249e+01 4.275078e+01 4.275906e+01 4.276735e+01 4.277562e+01 4.278391e+01 4.279218e+01 4.280045e+01 4.280870e+01 4.281697e+01 4.282523e+01 4.283348e+01 4.284174e+01 4.284999e+01 4.285825e+01 4.286649e+01 4.287473e+01 4.288297e+01 4.289120e+01 4.289943e+01 4.290767e+01 4.291589e+01 4.292412e+01 4.293234e+01 4.294055e+01 4.294878e+01 4.295699e+01 4.296519e+01 4.297340e+01 4.298160e+01 4.298981e+01 4.299800e+01 4.300620e+01 4.301439e+01 4.302258e+01 4.303076e+01 4.303894e+01 4.304713e+01 4.305531e+01 4.306348e+01 4.307166e+01 4.307982e+01 4.308798e+01 4.309615e+01 4.310431e+01 4.311247e+01 4.312062e+01 4.312877e+01 4.313692e+01 4.314507e+01 4.315321e+01 4.316135e+01 4.316948e+01 4.317761e+01 4.318575e+01 4.319388e+01 4.320200e+01 4.321013e+01 4.321825e+01 4.322636e+01 4.323447e+01 4.324258e+01 4.325069e+01 4.325879e+01 4.326689e+01 4.327499e+01 4.328310e+01 4.329118e+01 4.329927e+01 4.330736e+01 4.331544e+01 4.332353e+01 4.333160e+01 4.333969e+01 4.334776e+01 4.335583e+01 4.336389e+01 4.337196e+01 4.338002e+01 4.338809e+01 4.339615e+01 4.340419e+01 4.341225e+01 4.342029e+01 4.342834e+01 4.343639e+01 4.344443e+01 4.345245e+01 4.346049e+01 4.346852e+01 4.347655e+01 4.348457e+01 4.349260e+01 4.350061e+01 4.350864e+01 4.351665e+01 4.352466e+01 4.353267e+01 4.354068e+01 4.354868e+01 4.355667e+01 4.356467e+01 4.357266e+01 4.358066e+01 4.358865e+01 4.359663e+01 4.360461e+01 4.361259e+01 4.362057e+01 4.362856e+01 4.363652e+01 4.364449e+01 4.365247e+01 4.366042e+01 4.366838e+01 4.367635e+01 4.368430e+01 4.369225e+01 4.370020e+01 4.370815e+01 4.371609e+01 4.372403e+01 4.373198e+01 4.373991e+01 4.374785e+01 4.375577e+01 4.376370e+01 4.377162e+01 4.377956e+01 4.378748e+01 4.379538e+01 4.380330e+01 4.381122e+01 4.381912e+01 4.382703e+01 4.383493e+01 4.384283e+01 4.385072e+01 4.385863e+01 4.386652e+01 4.387440e+01 4.388229e+01 4.389018e+01 4.389806e+01 4.390593e+01 4.391382e+01 4.392169e+01 4.392955e+01 4.393742e+01 4.394528e+01 4.395316e+01 4.396101e+01 4.396887e+01 4.397673e+01 4.398457e+01 4.399242e+01 4.400027e+01 4.400812e+01 4.401596e+01 4.402379e+01 4.403163e+01 4.403946e+01 4.404729e+01 4.405511e+01 4.406294e+01 4.407077e+01 4.407858e+01 4.408640e+01 4.409422e+01 4.410202e+01 4.410983e+01 4.411765e+01 4.412544e+01 4.413324e+01 4.414105e+01 4.414883e+01 4.415663e+01 4.416443e+01 4.417221e+01 4.417999e+01 4.418777e+01 4.419556e+01 4.420334e+01 4.421111e+01 4.421889e+01 4.422665e+01 4.423442e+01 4.424217e+01 4.424994e+01 4.425771e+01 4.426546e+01 4.427321e+01 4.428096e+01 4.428871e+01 4.429645e+01 4.430420e+01 4.431194e+01 4.431967e+01 4.432741e+01 4.433514e+01 4.434286e+01 4.435060e+01 4.435832e+01 4.436604e+01 4.437376e+01 4.438147e+01 4.438919e+01 4.439690e+01 4.440460e+01 4.441232e+01 4.442001e+01 4.442772e+01 4.443542e+01 4.444312e+01 4.445081e+01 4.445850e+01 4.446619e+01 4.447388e+01 4.448155e+01 4.448923e+01 4.449692e+01 4.450459e+01 4.451225e+01 4.451993e+01 4.452759e+01 4.453526e+01 4.454292e+01 4.455058e+01 4.455824e+01 4.456589e+01 4.457355e+01 4.458119e+01 4.458884e+01 4.459648e+01 4.460413e+01 4.461177e+01 4.461940e+01 4.462703e+01 4.463467e+01 4.464230e+01 4.464992e+01 4.465755e+01 4.466516e+01 4.467279e+01 4.468040e+01 4.468802e+01 4.469563e+01 4.470323e+01 4.471085e+01 4.471844e+01 4.472604e+01 4.473364e+01 4.474124e+01 4.474883e+01 4.475642e+01 4.476401e+01 4.477159e+01 4.477917e+01 4.478676e+01 4.479434e+01 4.480191e+01 4.480949e+01 4.481706e+01 4.482463e+01 4.483220e+01 4.483975e+01 4.484732e+01 4.485487e+01 4.486243e+01 4.486998e+01 4.487753e+01 4.488509e+01 4.489262e+01 4.490018e+01 4.490771e+01 4.491525e+01 4.492279e+01 4.493031e+01 4.493785e+01 4.494537e+01 4.495290e+01 4.496042e+01 4.496794e+01 4.497546e+01 4.498299e+01 4.499049e+01 4.499800e+01 4.500551e+01 4.501302e+01 4.502052e+01 4.502802e+01 4.503552e+01 4.504301e+01 4.505051e+01 4.505800e+01 4.506549e+01 4.507298e+01 4.508046e+01 4.508794e+01 4.509541e+01 4.510289e+01 4.511037e+01 4.511784e+01 4.512531e+01 4.513278e+01 4.514024e+01 4.514771e+01 4.515517e+01 4.516261e+01 4.517007e+01 4.517752e+01 4.518498e+01 4.519243e+01 4.519986e+01 4.520731e+01 4.521475e+01 4.522218e+01 4.522961e+01 4.523706e+01 4.524448e+01 4.525191e+01 4.525934e+01 4.526675e+01 4.527419e+01 4.528160e+01 4.528902e+01 4.529643e+01 4.530383e+01 4.531125e+01 4.531865e+01 4.532605e+01 4.533345e+01 4.534085e+01 4.534825e+01 4.535564e+01 4.536304e+01 4.537042e+01 4.537781e+01 4.538519e+01 4.539258e+01 4.539996e+01 4.540733e+01 4.541470e+01 4.542209e+01 4.542946e+01 4.543681e+01 4.544418e+01 4.545155e+01 4.545891e+01 4.546626e+01 4.547362e+01 4.548097e+01 4.548833e+01 4.549568e+01 4.550302e+01 4.551036e+01 4.551770e+01 4.552504e+01 4.553238e+01 4.553972e+01 4.554704e+01 4.555438e+01 4.556171e+01 4.556903e+01 4.557635e+01 4.558368e+01 4.559099e+01 4.559831e+01 4.560562e+01 4.561293e+01 4.562024e+01 4.562755e+01 4.563484e+01 4.564215e+01 4.564944e+01 4.565675e+01 4.566405e+01 4.567133e+01 4.567862e+01 4.568591e+01 4.569319e+01 4.570049e+01 4.570776e+01 4.571504e+01 4.572231e+01 4.572958e+01 4.573686e+01 4.574413e+01 4.575139e+01 4.575865e+01 4.576591e+01 4.577318e+01 4.578044e+01 4.578769e+01 4.579494e+01 4.580220e+01 4.580945e+01 4.581668e+01 4.582393e+01 4.583118e+01 4.583841e+01 4.584564e+01 4.585287e+01 4.586011e+01 4.586734e+01 4.587457e+01 4.588179e+01 4.588902e+01 4.589624e+01 4.590346e+01 4.591068e+01 4.591789e+01 4.592509e+01 4.593231e+01 4.593951e+01 4.594672e+01 4.595392e+01 4.596112e+01 4.596832e+01 4.597551e+01 4.598271e+01 4.598990e+01 4.599709e+01 4.600427e+01 4.601146e+01 4.601863e+01 4.602582e+01 4.603299e+01 4.604016e+01 4.604735e+01 4.605450e+01 4.606168e+01 4.606885e+01 4.607600e+01 4.608318e+01 4.609033e+01 4.609749e+01 4.610464e+01 4.611179e+01 4.611894e+01 4.612610e+01 4.613324e+01 4.614038e+01 4.614752e+01 4.615466e+01 4.616180e+01 4.616893e+01 4.617606e+01</incidenceAngle>
        <terrainHeight>2.166023645714286e+03</terrainHeight>
        <roll>3.010279108565405e+01</roll>
      </antennaPattern>
      <antennaPattern>
        <swath>IW3</swath>
        <azimuthTime>2015-05-16T13:34:43.027236</azimuthTime>
        <slantRangeTime count="562">6.017503134959210e-03 6.018185170111523e-03 6.018867205263837e-03 6.019549240416150e-03 6.020231275568463e-03 6.020913310720777e-03 6.021595345873090e-03 6.022277381025403e-03 6.022959416177718e-03 6.023641451330030e-03 6.024323486482344e-03 6.025005521634657e-03 6.025687556786971e-03 6.026369591939284e-03 6.027051627091597e-03 6.027733662243911e-03 6.028415697396225e-03 6.029097732548537e-03 6.029779767700852e-03 6.030461802853164e-03 6.031143838005478e-03 6.031825873157792e-03 6.032507908310105e-03 6.033189943462418e-03 6.033871978614731e-03 6.034554013767045e-03 6.035236048919359e-03 6.035918084071672e-03 6.036600119223985e-03 6.037282154376299e-03 6.037964189528612e-03 6.038646224680926e-03 6.039328259833239e-03 6.040010294985553e-03 6.040692330137866e-03 6.041374365290180e-03 6.042056400442493e-03 6.042738435594807e-03 6.043420470747120e-03 6.044102505899433e-03 6.044784541051747e-03 6.045466576204060e-03 6.046148611356373e-03 6.046830646508687e-03 6.047512681661001e-03 6.048194716813313e-03 6.048876751965627e-03 6.049558787117940e-03 6.050240822270254e-03 6.050922857422567e-03 6.051604892574880e-03 6.052286927727194e-03 6.052968962879508e-03 6.053650998031820e-03 6.054333033184134e-03 6.055015068336447e-03 6.055697103488761e-03 6.056379138641074e-03 6.057061173793387e-03 6.057743208945701e-03 6.058425244098014e-03 6.059107279250327e-03 6.059789314402641e-03 6.060471349554954e-03 6.061153384707267e-03 6.061835419859581e-03 6.062517455011894e-03 6.063199490164208e-03 6.063881525316521e-03 6.064563560468834e-03 6.065245595621147e-03 6.065927630773461e-03 6.066609665925774e-03 6.067291701078088e-03 6.067973736230400e-03 6.068655771382715e-03 6.069337806535028e-03 6.070019841687341e-03 6.070701876839654e-03 6.071383911991968e-03 6.072065947144281e-03 6.072747982296595e-03 6.073430017448908e-03 6.074112052601222e-03 6.074794087753535e-03 6.075476122905848e-03 6.076158158058163e-03 6.076840193210475e-03 6.077522228362790e-03 6.078204263515102e-03 6.078886298667417e-03 6.079568333819730e-03 6.080250368972044e-03 6.080932404124357e-03 6.081614439276671e-03 6.082296474428984e-03 6.082978509581298e-03 6.083660544733611e-03 6.084342579885925e-03 6.085024615038238e-03 6.085706650190552e-03 6.086388685342866e-03 6.087070720495179e-03 6.087752755647493e-03 6.088434790799806e-03 6.089116825952120e-03 6.089798861104434e-03 6.090480896256746e-03 6.091162931409061e-03 6.091844966561373e-03 6.092527001713688e-03 6.093209036866001e-03 6.093891072018315e-03 6.094573107170628e-03 6.095255142322942e-03 6.095937177475255e-03 6.096619212627569e-03 6.097301247779882e-03 6.097983282932196e-03 6.098665318084509e-03 6.099347353236823e-03 6.100029388389137e-03 6.100711423541450e-03 6.101393458693764e-03 6.102075493846077e-03 6.102757528998391e-03 6.103439564150704e-03 6.104121599303017e-03 6.104803634455332e-03 6.105485669607644e-03 6.106167704759959e-03 6.106849739912271e-03 6.107531775064586e-03 6.108213810216899e-03 6.108895845369213e-03 6.109577880521526e-03 6.110259915673840e-03 6.110941950826153e-03 6.111623985978467e-03 6.112306021130780e-03 6.112988056283094e-03 6.113670091435407e-03 6.114352126587721e-03 6.115034161740035e-03 6.115716196892348e-03 6.116398232044662e-03 6.117080267196975e-03 6.117762302349289e-03 6.118444337501603e-03 6.119126372653915e-03 6.119808407806230e-03 6.120490442958542e-03 6.121172478110857e-03 6.121854513263170e-03 6.122536548415484e-03 6.123218583567797e-03 6.123900618720111e-03 6.124582653872424e-03 6.125264689024738e-03 6.125946724177051e-03 6.126628759329365e-03 6.127310794481678e-03 6.127992829633991e-03 6.128674864786305e-03 6.129356899938617e-03 6.130038935090931e-03 6.130720970243244e-03 6.131403005395557e-03 6.132085040547870e-03 6.132767075700184e-03 6.133449110852496e-03 6.134131146004810e-03 6.134813181157123e-03 6.135495216309436e-03 6.136177251461749e-03 6.136859286614062e-03 6.137541321766376e-03 6.138223356918689e-03 6.138905392071002e-03 6.139587427223315e-03 6.140269462375629e-03 6.140951497527941e-03 6.141633532680255e-03 6.142315567832568e-03 6.142997602984881e-03 6.143679638137194e-03 6.144361673289508e-03 6.145043708441820e-03 6.145725743594134e-03 6.146407778746447e-03 6.147089813898760e-03 6.147771849051073e-03 6.148453884203386e-03 6.149135919355699e-03 6.149817954508013e-03 6.150499989660325e-03 6.151182024812639e-03 6.151864059964952e-03 6.152546095117265e-03 6.153228130269578e-03 6.153910165421892e-03 6.154592200574204e-03 6.155274235726518e-03 6.155956270878831e-03 6.156638306031144e-03 6.157320341183457e-03 6.158002376335771e-03 6.158684411488083e-03 6.159366446640397e-03 6.160048481792709e-03 6.160730516945023e-03 6.161412552097336e-03 6.162094587249649e-03 6.162776622401962e-03 6.163458657554276e-03 6.164140692706589e-03 6.164822727858902e-03 6.165504763011215e-03 6.166186798163528e-03 6.166868833315842e-03 6.167550868468155e-03 6.168232903620468e-03 6.168914938772781e-03 6.169596973925094e-03 6.170279009077407e-03 6.170961044229721e-03 6.171643079382033e-03 6.172325114534347e-03 6.173007149686660e-03 6.173689184838973e-03 6.174371219991286e-03 6.175053255143600e-03 6.175735290295912e-03 6.176417325448226e-03 6.177099360600539e-03 6.177781395752852e-03 6.178463430905165e-03 6.179145466057479e-03 6.179827501209791e-03 6.180509536362105e-03 6.181191571514418e-03 6.181873606666731e-03 6.182555641819044e-03 6.183237676971358e-03 6.183919712123670e-03 6.184601747275984e-03 6.185283782428296e-03 6.185965817580610e-03 6.186647852732923e-03 6.187329887885236e-03 6.188011923037549e-03 6.188693958189863e-03 6.189375993342175e-03 6.190058028494489e-03 6.190740063646802e-03 6.191422098799115e-03 6.192104133951428e-03 6.192786169103742e-03 6.193468204256054e-03 6.194150239408368e-03 6.194832274560681e-03 6.195514309712994e-03 6.196196344865307e-03 6.196878380017620e-03 6.197560415169934e-03 6.198242450322247e-03 6.198924485474560e-03 6.199606520626873e-03 6.200288555779187e-03 6.200970590931499e-03 6.201652626083813e-03 6.202334661236126e-03 6.203016696388439e-03 6.203698731540752e-03 6.204380766693066e-03 6.205062801845378e-03 6.205744836997692e-03 6.206426872150005e-03 6.207108907302318e-03 6.207790942454631e-03 6.208472977606945e-03 6.209155012759257e-03 6.209837047911571e-03 6.210519083063883e-03 6.211201118216197e-03 6.211883153368510e-03 6.212565188520823e-03 6.213247223673136e-03 6.213929258825450e-03 6.214611293977762e-03 6.215293329130076e-03 6.215975364282389e-03 6.216657399434702e-03 6.217339434587015e-03 6.218021469739329e-03 6.218703504891641e-03 6.219385540043955e-03 6.220067575196268e-03 6.220749610348581e-03 6.221431645500894e-03 6.222113680653207e-03 6.222795715805520e-03 6.223477750957834e-03 6.224159786110147e-03 6.224841821262460e-03 6.225523856414773e-03 6.226205891567086e-03 6.226887926719400e-03 6.227569961871713e-03 6.228251997024026e-03 6.228934032176339e-03 6.229616067328653e-03 6.230298102480965e-03 6.230980137633279e-03 6.231662172785592e-03 6.232344207937905e-03 6.233026243090218e-03 6.233708278242531e-03 6.234390313394844e-03 6.235072348547158e-03 6.235754383699470e-03 6.236436418851784e-03 6.237118454004097e-03 6.237800489156410e-03 6.238482524308723e-03 6.239164559461037e-03 6.239846594613349e-03 6.240528629765663e-03 6.241210664917976e-03 6.241892700070289e-03 6.242574735222602e-03 6.243256770374916e-03 6.243938805527228e-03 6.244620840679542e-03 6.245302875831855e-03 6.245984910984168e-03 6.246666946136481e-03 6.247348981288794e-03 6.248031016441107e-03 6.248713051593421e-03 6.249395086745733e-03 6.250077121898047e-03 6.250759157050360e-03 6.251441192202673e-03 6.252123227354986e-03 6.252805262507300e-03 6.253487297659613e-03 6.254169332811926e-03 6.254851367964239e-03 6.255533403116552e-03 6.256215438268866e-03 6.256897473421179e-03 6.257579508573492e-03 6.258261543725805e-03 6.258943578878118e-03 6.259625614030431e-03 6.260307649182745e-03 6.260989684335057e-03 6.261671719487371e-03 6.262353754639684e-03 6.263035789791997e-03 6.263717824944310e-03 6.264399860096624e-03 6.265081895248936e-03 6.265763930401250e-03 6.266445965553563e-03 6.267128000705876e-03 6.267810035858189e-03 6.268492071010503e-03 6.269174106162815e-03 6.269856141315129e-03 6.270538176467441e-03 6.271220211619755e-03 6.271902246772068e-03 6.272584281924381e-03 6.273266317076694e-03 6.273948352229008e-03 6.274630387381320e-03 6.275312422533634e-03 6.275994457685947e-03 6.276676492838260e-03 6.277358527990573e-03 6.278040563142887e-03 6.278722598295199e-03 6.279404633447513e-03 6.280086668599826e-03 6.280768703752139e-03 6.281450738904452e-03 6.282132774056766e-03 6.282814809209078e-03 6.283496844361392e-03 6.284178879513705e-03 6.284860914666018e-03 6.285542949818331e-03 6.286224984970644e-03 6.286907020122958e-03 6.287589055275271e-03 6.288271090427584e-03 6.288953125579897e-03 6.289635160732211e-03 6.290317195884523e-03 6.290999231036837e-03 6.291681266189150e-03 6.292363301341463e-03 6.293045336493776e-03 6.293727371646090e-03 6.294409406798402e-03 6.295091441950716e-03 6.295773477103028e-03 6.296455512255342e-03 6.297137547407655e-03 6.297819582559968e-03 6.298501617712281e-03 6.299183652864595e-03 6.299865688016907e-03 6.300547723169221e-03 6.301229758321534e-03 6.301911793473847e-03 6.302593828626160e-03 6.303275863778474e-03 6.303957898930786e-03 6.304639934083100e-03 6.305321969235413e-03 6.306004004387726e-03 6.306686039540039e-03 6.307368074692353e-03 6.308050109844665e-03 6.308732144996979e-03 6.309414180149291e-03 6.310096215301605e-03 6.310778250453918e-03 6.311460285606231e-03 6.312142320758544e-03 6.312824355910858e-03 6.313506391063171e-03 6.314188426215484e-03 6.314870461367797e-03 6.315552496520110e-03 6.316234531672424e-03 6.316916566824737e-03 6.317598601977050e-03 6.318280637129363e-03 6.318962672281677e-03 6.319644707433989e-03 6.320326742586303e-03 6.321008777738615e-03 6.321690812890929e-03 6.322372848043242e-03 6.323054883195555e-03 6.323736918347868e-03 6.324418953500182e-03 6.325100988652494e-03 6.325783023804808e-03 6.326465058957121e-03 6.327147094109434e-03 6.327829129261747e-03 6.328511164414061e-03 6.329193199566373e-03 6.329875234718687e-03 6.330557269871000e-03 6.331239305023313e-03 6.331921340175626e-03 6.332603375327939e-03 6.333285410480252e-03 6.333967445632566e-03 6.334649480784878e-03 6.335331515937192e-03 6.336013551089505e-03 6.336695586241818e-03 6.337377621394131e-03 6.338059656546445e-03 6.338741691698757e-03 6.339423726851071e-03 6.340105762003384e-03 6.340787797155697e-03 6.341469832308010e-03 6.342151867460324e-03 6.342833902612637e-03 6.343515937764950e-03 6.344197972917263e-03 6.344880008069576e-03 6.345562043221890e-03 6.346244078374202e-03 6.346926113526516e-03 6.347608148678829e-03 6.348290183831142e-03 6.348972218983455e-03 6.349654254135769e-03 6.350336289288081e-03 6.351018324440395e-03 6.351700359592708e-03 6.352382394745021e-03 6.353064429897334e-03 6.353746465049648e-03 6.354428500201960e-03 6.355110535354274e-03 6.355792570506587e-03 6.356474605658900e-03 6.357156640811213e-03 6.357838675963526e-03 6.358520711115839e-03 6.359202746268153e-03 6.359884781420465e-03 6.360566816572779e-03 6.361248851725092e-03 6.361930886877405e-03 6.362612922029718e-03 6.363294957182032e-03 6.363976992334344e-03 6.364659027486658e-03 6.365341062638971e-03 6.366023097791284e-03 6.366705132943597e-03 6.367387168095911e-03 6.368069203248223e-03 6.368751238400537e-03 6.369433273552850e-03 6.370115308705163e-03 6.370797343857476e-03 6.371479379009789e-03 6.372161414162103e-03 6.372843449314416e-03 6.373525484466729e-03 6.374207519619042e-03 6.374889554771355e-03 6.375571589923668e-03 6.376253625075982e-03 6.376935660228295e-03 6.377617695380608e-03 6.378299730532921e-03 6.378981765685235e-03 6.379663800837547e-03 6.380345835989861e-03 6.381027871142174e-03 6.381709906294487e-03 6.382391941446800e-03 6.383073976599113e-03 6.383756011751426e-03 6.384438046903740e-03 6.385120082056052e-03 6.385802117208366e-03 6.386484152360679e-03 6.387166187512992e-03 6.387848222665305e-03 6.388530257817619e-03 6.389212292969931e-03 6.389894328122245e-03 6.390576363274558e-03 6.391258398426871e-03 6.391940433579184e-03 6.392622468731498e-03 6.393304503883810e-03 6.393986539036124e-03 6.394668574188436e-03 6.395350609340750e-03 6.396032644493063e-03 6.396714679645376e-03 6.397396714797689e-03 6.398078749950003e-03 6.398760785102315e-03 6.399442820254629e-03 6.400124855406942e-03</slantRangeTime>
        <elevationAngle count="562">3.687056e+01 3.687782e+01 3.688509e+01 3.689235e+01 3.689961e+01 3.690687e+01 3.691412e+01 3.692137e+01 3.692862e+01 3.693586e+01 3.694310e+01 3.695034e+01 3.695758e+01 3.696481e+01 3.697204e+01 3.697926e+01 3.698648e+01 3.699371e+01 3.700092e+01 3.700814e+01 3.701535e+01 3.702256e+01 3.702976e+01 3.703696e+01 3.704416e+01 3.705136e+01 3.705855e+01 3.706574e+01 3.707293e+01 3.708012e+01 3.708730e+01 3.709447e+01 3.710165e+01 3.710882e+01 3.711599e+01 3.712316e+01 3.713032e+01 3.713748e+01 3.714464e+01 3.715179e+01 3.715895e+01 3.716610e+01 3.717324e+01 3.718039e+01 3.718753e+01 3.719466e+01 3.720180e+01 3.720893e+01 3.721606e+01 3.722318e+01 3.723030e+01 3.723742e+01 3.724454e+01 3.725165e+01 3.725877e+01 3.726587e+01 3.727298e+01 3.728008e+01 3.728718e+01 3.729427e+01 3.730137e+01 3.730846e+01 3.731554e+01 3.732263e+01 3.732971e+01 3.733679e+01 3.734387e+01 3.735094e+01 3.735801e+01 3.736508e+01 3.737214e+01 3.737920e+01 3.738626e+01 3.739332e+01 3.740037e+01 3.740742e+01 3.741447e+01 3.742151e+01 3.742855e+01 3.743559e+01 3.744263e+01 3.744966e+01 3.745669e+01 3.746372e+01 3.747074e+01 3.747776e+01 3.748478e+01 3.749180e+01 3.749881e+01 3.750582e+01 3.751283e+01 3.751983e+01 3.752684e+01 3.753383e+01 3.754083e+01 3.754782e+01 3.755481e+01 3.756180e+01 3.756879e+01 3.757577e+01 3.758274e+01 3.758972e+01 3.759669e+01 3.760366e+01 3.761063e+01 3.761760e+01 3.762456e+01 3.763152e+01 3.763848e+01 3.764543e+01 3.765238e+01 3.765933e+01 3.766628e+01 3.767322e+01 3.768016e+01 3.768709e+01 3.769403e+01 3.770096e+01 3.770789e+01 3.771481e+01 3.772174e+01 3.772866e+01 3.773557e+01 3.774249e+01 3.774940e+01 3.775631e+01 3.776321e+01 3.777012e+01 3.777702e+01 3.778392e+01 3.779081e+01 3.779770e+01 3.780460e+01 3.781148e+01 3.781837e+01 3.782525e+01 3.783213e+01 3.783900e+01 3.784587e+01 3.785275e+01 3.785961e+01 3.786648e+01 3.787334e+01 3.788020e+01 3.788706e+01 3.789391e+01 3.790076e+01 3.790761e+01 3.791446e+01 3.792130e+01 3.792814e+01 3.793498e+01 3.794181e+01 3.794865e+01 3.795547e+01 3.796230e+01 3.796913e+01 3.797595e+01 3.798277e+01 3.798958e+01 3.799640e+01 3.800320e+01 3.801001e+01 3.801682e+01 3.802362e+01 3.803042e+01 3.803722e+01 3.804401e+01 3.805080e+01 3.805759e+01 3.806438e+01 3.807116e+01 3.807795e+01 3.808472e+01 3.809150e+01 3.809827e+01 3.810504e+01 3.811181e+01 3.811858e+01 3.812534e+01 3.813210e+01 3.813885e+01 3.814561e+01 3.815236e+01 3.815911e+01 3.816586e+01 3.817260e+01 3.817934e+01 3.818608e+01 3.819281e+01 3.819955e+01 3.820628e+01 3.821301e+01 3.821973e+01 3.822645e+01 3.823317e+01 3.823989e+01 3.824660e+01 3.825332e+01 3.826003e+01 3.826674e+01 3.827344e+01 3.828014e+01 3.828684e+01 3.829353e+01 3.830023e+01 3.830692e+01 3.831361e+01 3.832029e+01 3.832698e+01 3.833366e+01 3.834034e+01 3.834701e+01 3.835368e+01 3.836035e+01 3.836702e+01 3.837368e+01 3.838035e+01 3.838701e+01 3.839367e+01 3.840032e+01 3.840697e+01 3.841362e+01 3.842027e+01 3.842691e+01 3.843355e+01 3.844019e+01 3.844683e+01 3.845346e+01 3.846009e+01 3.846672e+01 3.847335e+01 3.847997e+01 3.848659e+01 3.849321e+01 3.849982e+01 3.850644e+01 3.851305e+01 3.851966e+01 3.852626e+01 3.853287e+01 3.853947e+01 3.854607e+01 3.855266e+01 3.855925e+01 3.856585e+01 3.857243e+01 3.857902e+01 3.858560e+01 3.859218e+01 3.859875e+01 3.860533e+01 3.861190e+01 3.861847e+01 3.862504e+01 3.863161e+01 3.863817e+01 3.864473e+01 3.865129e+01 3.865784e+01 3.866439e+01 3.867094e+01 3.867749e+01 3.868403e+01 3.869057e+01 3.869712e+01 3.870365e+01 3.871019e+01 3.871672e+01 3.872325e+01 3.872977e+01 3.873630e+01 3.874282e+01 3.874934e+01 3.875586e+01 3.876237e+01 3.876889e+01 3.877539e+01 3.878190e+01 3.878841e+01 3.879491e+01 3.880141e+01 3.880791e+01 3.881440e+01 3.882089e+01 3.882738e+01 3.883387e+01 3.884035e+01 3.884684e+01 3.885331e+01 3.885979e+01 3.886627e+01 3.887274e+01 3.887921e+01 3.888568e+01 3.889214e+01 3.889861e+01 3.890506e+01 3.891152e+01 3.891798e+01 3.892443e+01 3.893088e+01 3.893733e+01 3.894377e+01 3.895021e+01 3.895665e+01 3.896309e+01 3.896953e+01 3.897596e+01 3.898239e+01 3.898882e+01 3.899525e+01 3.900167e+01 3.900809e+01 3.901451e+01 3.902092e+01 3.902734e+01 3.903375e+01 3.904016e+01 3.904656e+01 3.905297e+01 3.905937e+01 3.906577e+01 3.907216e+01 3.907856e+01 3.908495e+01 3.909134e+01 3.909772e+01 3.910411e+01 3.911049e+01 3.911687e+01 3.912325e+01 3.912962e+01 3.913599e+01 3.914236e+01 3.914873e+01 3.915510e+01 3.916146e+01 3.916782e+01 3.917418e+01 3.918053e+01 3.918689e+01 3.919324e+01 3.919959e+01 3.920593e+01 3.921228e+01 3.921862e+01 3.922496e+01 3.923129e+01 3.923763e+01 3.924396e+01 3.925029e+01 3.925661e+01 3.926294e+01 3.926926e+01 3.927558e+01 3.928190e+01 3.928822e+01 3.929453e+01 3.930084e+01 3.930714e+01 3.931345e+01 3.931976e+01 3.932605e+01 3.933236e+01 3.933865e+01 3.934494e+01 3.935123e+01 3.935752e+01 3.936381e+01 3.937009e+01 3.937638e+01 3.938266e+01 3.938894e+01 3.939521e+01 3.940148e+01 3.940775e+01 3.941402e+01 3.942029e+01 3.942655e+01 3.943281e+01 3.943907e+01 3.944533e+01 3.945158e+01 3.945783e+01 3.946408e+01 3.947033e+01 3.947657e+01 3.948281e+01 3.948906e+01 3.949529e+01 3.950153e+01 3.950776e+01 3.951399e+01 3.952022e+01 3.952645e+01 3.953267e+01 3.953889e+01 3.954511e+01 3.955133e+01 3.955754e+01 3.956376e+01 3.956997e+01 3.957618e+01 3.958238e+01 3.958858e+01 3.959478e+01 3.960098e+01 3.960718e+01 3.961337e+01 3.961956e+01 3.962576e+01 3.963194e+01 3.963813e+01 3.964431e+01 3.965049e+01 3.965667e+01 3.966284e+01 3.966901e+01 3.967519e+01 3.968135e+01 3.968752e+01 3.969369e+01 3.969985e+01 3.970601e+01 3.971217e+01 3.971832e+01 3.972448e+01 3.973063e+01 3.973677e+01 3.974292e+01 3.974907e+01 3.975521e+01 3.976134e+01 3.976748e+01 3.977362e+01 3.977975e+01 3.978588e+01 3.979201e+01 3.979813e+01 3.980426e+01 3.981038e+01 3.981650e+01 3.982262e+01 3.982873e+01 3.983484e+01 3.984095e+01 3.984706e+01 3.985317e+01 3.985927e+01 3.986537e+01 3.987147e+01 3.987757e+01 3.988366e+01 3.988976e+01 3.989584e+01 3.990193e+01 3.990802e+01 3.991410e+01 3.992018e+01 3.992626e+01 3.993234e+01 3.993841e+01 3.994448e+01 3.995056e+01 3.995662e+01 3.996269e+01 3.996875e+01 3.997482e+01 3.998087e+01 3.998693e+01 3.999298e+01 3.999904e+01 4.000509e+01 4.001114e+01 4.001718e+01 4.002323e+01 4.002927e+01 4.003531e+01 4.004134e+01 4.004738e+01 4.005341e+01 4.005944e+01 4.006547e+01 4.007150e+01 4.007752e+01 4.008354e+01 4.008956e+01 4.009558e+01 4.010160e+01 4.010761e+01 4.011362e+01 4.011963e+01 4.012563e+01 4.013164e+01 4.013764e+01 4.014364e+01 4.014964e+01 4.015564e+01 4.016163e+01 4.016762e+01 4.017361e+01 4.017960e+01 4.018558e+01 4.019156e+01 4.019754e+01 4.020352e+01 4.020950e+01 4.021547e+01 4.022145e+01 4.022742e+01 4.023338e+01 4.023935e+01 4.024531e+01 4.025127e+01 4.025723e+01 4.026319e+01 4.026914e+01 4.027510e+01 4.028105e+01 4.028699e+01 4.029294e+01 4.029889e+01 4.030483e+01 4.031077e+01 4.031670e+01 4.032264e+01 4.032858e+01 4.033451e+01 4.034044e+01 4.034636e+01 4.035229e+01 4.035821e+01 4.036413e+01 4.037005e+01 4.037597e+01 4.038188e+01 4.038779e+01 4.039370e+01 4.039961e+01 4.040552e+01 4.041142e+01 4.041732e+01 4.042322e+01 4.042912e+01 4.043501e+01 4.044091e+01 4.044680e+01 4.045269e+01 4.045857e+01 4.046446e+01 4.047034e+01 4.047622e+01 4.048210e+01 4.048798e+01 4.049385e+01 4.049973e+01 4.050560e+01 4.051146e+01 4.051733e+01 4.052319e+01 4.052905e+01</elevationAngle>
        <elevationPattern count="562">3.699325e+14 7.075583e+14 3.734940e+14 7.140418e+14 3.770538e+14 7.205220e+14 3.806125e+14 7.270001e+14 3.841694e+14 7.334755e+14 3.877479e+14 7.399847e+14 3.913745e+14 7.465705e+14 3.949997e+14 7.531539e+14 3.986233e+14 7.597344e+14 4.022454e+14 7.663120e+14 4.058660e+14 7.728870e+14 4.094850e+14 7.794591e+14 4.131326e+14 7.860888e+14 4.168209e+14 7.928000e+14 4.205078e+14 7.995088e+14 4.241931e+14 8.062146e+14 4.278769e+14 8.129176e+14 4.315592e+14 8.196178e+14 4.352399e+14 8.263153e+14 4.389619e+14 8.330600e+14 4.427261e+14 8.398529e+14 4.464888e+14 8.466429e+14 4.502498e+14 8.534301e+14 4.540093e+14 8.602146e+14 4.577674e+14 8.669965e+14 4.615239e+14 8.737752e+14 4.652945e+14 8.805908e+14 4.690768e+14 8.874364e+14 4.728572e+14 8.942783e+14 4.766362e+14 9.011180e+14 4.804136e+14 9.079547e+14 4.841895e+14 9.147886e+14 4.879636e+14 9.216194e+14 4.917705e+14 9.284817e+14 4.955989e+14 9.353643e+14 4.994260e+14 9.422445e+14 5.032513e+14 9.491213e+14 5.070751e+14 9.559956e+14 5.108973e+14 9.628670e+14 5.147179e+14 9.697356e+14 5.185458e+14 9.766539e+14 5.223776e+14 9.836026e+14 5.262079e+14 9.905486e+14 5.300363e+14 9.974912e+14 5.338635e+14 1.004432e+15 5.376890e+14 1.011369e+15 5.415130e+14 1.018303e+15 5.453441e+14 1.025183e+15 5.491791e+14 1.032026e+15 5.530124e+14 1.038866e+15 5.568442e+14 1.045703e+15 5.606748e+14 1.052539e+15 5.645033e+14 1.059370e+15 5.683306e+14 1.066200e+15 5.721476e+14 1.073026e+15 5.759577e+14 1.079849e+15 5.797659e+14 1.086670e+15 5.835727e+14 1.093488e+15 5.873777e+14 1.100303e+15 5.911812e+14 1.107116e+15 5.949834e+14 1.113925e+15 5.987839e+14 1.120732e+15 6.025830e+14 1.127537e+15 6.063801e+14 1.134338e+15 6.101760e+14 1.141136e+15 6.139703e+14 1.147932e+15 6.177630e+14 1.154725e+15 6.215542e+14 1.161515e+15 6.253232e+14 1.168302e+15 6.290688e+14 1.175087e+15 6.328130e+14 1.181869e+15 6.365556e+14 1.188648e+15 6.402967e+14 1.195424e+15 6.440364e+14 1.202198e+15 6.477741e+14 1.208968e+15 6.514939e+14 1.215680e+15 6.551865e+14 1.222304e+15 6.588776e+14 1.228926e+15 6.625675e+14 1.235545e+15 6.662557e+14 1.242161e+15 6.699424e+14 1.248774e+15 6.736275e+14 1.255385e+15 6.772900e+14 1.261909e+15 6.809020e+14 1.268233e+15 6.845125e+14 1.274555e+15 6.881217e+14 1.280875e+15 6.917292e+14 1.287191e+15 6.953351e+14 1.293505e+15 6.989398e+14 1.299817e+15 7.025306e+14 1.306126e+15 7.060622e+14 1.312433e+15 7.095924e+14 1.318737e+15 7.131210e+14 1.325038e+15 7.166485e+14 1.331337e+15 7.201743e+14 1.337633e+15 7.236990e+14 1.343927e+15 7.272191e+14 1.350213e+15 7.306570e+14 1.356362e+15 7.340935e+14 1.362509e+15 7.375284e+14 1.368652e+15 7.409621e+14 1.374794e+15 7.443943e+14 1.380933e+15 7.478251e+14 1.387069e+15 7.512547e+14 1.393204e+15 7.545858e+14 1.399092e+15 7.579010e+14 1.404943e+15 7.612150e+14 1.410791e+15 7.645275e+14 1.416637e+15 7.678389e+14 1.422481e+15 7.711486e+14 1.428321e+15 7.744574e+14 1.434160e+15 7.776887e+14 1.439901e+15 7.808834e+14 1.445596e+15 7.840769e+14 1.451289e+15 7.872690e+14 1.456979e+15 7.904601e+14 1.462668e+15 7.936498e+14 1.468354e+15 7.968380e+14 1.474037e+15 7.999658e+14 1.479521e+15 8.030267e+14 1.484783e+15 8.060868e+14 1.490045e+15 8.091454e+14 1.495304e+15 8.122030e+14 1.500562e+15 8.152594e+14 1.505817e+15 8.183141e+14 1.511070e+15 8.213330e+14 1.516285e+15 8.242476e+14 1.521396e+15 8.271612e+14 1.526505e+15 8.300732e+14 1.531612e+15 8.329842e+14 1.536716e+15 8.358939e+14 1.541818e+15 8.388026e+14 1.546919e+15 8.417095e+14 1.552017e+15 8.444505e+14 1.556838e+15 8.471903e+14 1.561656e+15 8.499292e+14 1.566473e+15 8.526671e+14 1.571289e+15 8.554035e+14 1.576102e+15 8.581392e+14 1.580913e+15 8.608737e+14 1.585723e+15 8.634961e+14 1.590328e+15 8.660773e+14 1.594859e+15 8.686575e+14 1.599388e+15 8.712367e+14 1.603916e+15 8.738153e+14 1.608442e+15 8.763919e+14 1.612964e+15 8.789681e+14 1.617487e+15 8.814705e+14 1.621825e+15 8.838801e+14 1.625932e+15 8.862888e+14 1.630038e+15 8.886966e+14 1.634142e+15 8.911032e+14 1.638244e+15 8.935094e+14 1.642346e+15 8.959143e+14 1.646445e+15 8.982929e+14 1.650488e+15 9.005049e+14 1.654175e+15 9.027161e+14 1.657860e+15 9.049260e+14 1.661543e+15 9.071355e+14 1.665226e+15 9.093436e+14 1.668906e+15 9.115513e+14 1.672585e+15 9.137581e+14 1.676264e+15 9.158114e+14 1.679722e+15 9.178255e+14 1.683124e+15 9.198391e+14 1.686525e+15 9.218520e+14 1.689925e+15 9.238640e+14 1.693324e+15 9.258748e+14 1.696721e+15 9.278853e+14 1.700117e+15 9.298164e+14 1.703330e+15 9.316487e+14 1.706317e+15 9.334803e+14 1.709301e+15 9.353112e+14 1.712285e+15 9.371415e+14 1.715268e+15 9.389707e+14 1.718249e+15 9.407995e+14 1.721229e+15 9.426143e+14 1.724189e+15 9.442518e+14 1.726896e+15 9.458892e+14 1.729602e+15 9.475258e+14 1.732307e+15 9.491617e+14 1.735011e+15 9.507966e+14 1.737713e+15 9.524311e+14 1.740415e+15 9.540650e+14 1.743116e+15 9.555624e+14 1.745544e+15 9.569925e+14 1.747837e+15 9.584222e+14 1.750130e+15 9.598510e+14 1.752421e+15 9.612801e+14 1.754713e+15 9.627075e+14 1.757003e+15 9.641352e+14 1.759292e+15 9.655107e+14 1.761444e+15 9.667353e+14 1.763193e+15 9.679592e+14 1.764942e+15 9.691826e+14 1.766689e+15 9.704055e+14 1.768437e+15 9.716283e+14 1.770183e+15 9.728505e+14 1.771929e+15 9.740718e+14 1.773674e+15 9.751075e+14 1.775200e+15 9.761002e+14 1.776676e+15 9.770921e+14 1.778151e+15 9.780838e+14 1.779625e+15 9.790756e+14 1.781099e+15 9.800666e+14 1.782572e+15 9.810575e+14 1.784045e+15 9.819677e+14 1.785329e+15 9.827303e+14 1.786265e+15 9.834924e+14 1.787201e+15 9.842541e+14 1.788137e+15 9.850159e+14 1.789072e+15 9.857773e+14 1.790007e+15 9.865379e+14 1.790941e+15 9.872988e+14 1.791876e+15 9.878740e+14 1.792578e+15 9.884209e+14 1.793245e+15 9.889672e+14 1.793911e+15 9.895137e+14 1.794578e+15 9.900597e+14 1.795243e+15 9.906058e+14 1.795910e+15 9.911512e+14 1.796574e+15 9.916104e+14 1.797048e+15 9.919161e+14 1.797181e+15 9.922220e+14 1.797314e+15 9.925275e+14 1.797447e+15 9.928330e+14 1.797580e+15 9.931388e+14 1.797713e+15 9.934437e+14 1.797845e+15 9.937488e+14 1.797977e+15 9.938553e+14 1.797779e+15 9.939217e+14 1.797514e+15 9.939880e+14 1.797249e+15 9.940541e+14 1.796984e+15 9.941202e+14 1.796719e+15 9.941863e+14 1.796454e+15 9.942526e+14 1.796190e+15 9.942551e+14 1.795813e+15 9.940966e+14 1.795152e+15 9.939378e+14 1.794491e+15 9.937793e+14 1.793831e+15 9.936210e+14 1.793170e+15 9.934623e+14 1.792510e+15 9.933043e+14 1.791851e+15 9.931459e+14 1.791191e+15 9.928285e+14 1.790251e+15 9.924461e+14 1.789196e+15 9.920642e+14 1.788142e+15 9.916822e+14 1.787089e+15 9.913003e+14 1.786035e+15 9.909186e+14 1.784982e+15 9.905373e+14 1.783930e+15 9.901282e+14 1.782817e+15 9.895108e+14 1.781240e+15 9.888929e+14 1.779663e+15 9.882757e+14 1.778087e+15 9.876587e+14 1.776512e+15 9.870417e+14 1.774936e+15 9.864253e+14 1.773362e+15 9.858089e+14 1.771788e+15 9.850748e+14 1.770084e+15 9.842231e+14 1.768250e+15 9.833718e+14 1.766416e+15 9.825207e+14 1.764583e+15 9.816696e+14 1.762750e+15 9.808195e+14 1.760919e+15 9.799692e+14 1.759087e+15 9.791193e+14 1.757257e+15 9.780899e+14 1.754978e+15 9.770319e+14 1.752627e+15 9.759743e+14 1.750276e+15 9.749169e+14 1.747926e+15 9.738598e+14 1.745578e+15 9.728032e+14 1.743229e+15 9.717471e+14 1.740883e+15 9.706449e+14 1.738485e+15 9.693551e+14 1.735879e+15 9.680656e+14 1.733274e+15 9.667769e+14 1.730670e+15 9.654882e+14 1.728067e+15 9.642006e+14 1.725466e+15 9.629131e+14 1.722865e+15 9.616262e+14 1.720265e+15 9.602328e+14 1.717399e+15 9.587393e+14 1.714282e+15 9.572459e+14 1.711166e+15 9.557538e+14 1.708051e+15 9.542615e+14 1.704937e+15 9.527698e+14 1.701824e+15 9.512788e+14 1.698712e+15 9.497887e+14 1.695603e+15 9.481216e+14 1.692285e+15 9.464119e+14 1.688918e+15 9.447036e+14 1.685552e+15 9.429953e+14 1.682188e+15 9.412880e+14 1.678825e+15 9.395813e+14 1.675463e+15 9.378751e+14 1.672103e+15 9.361557e+14 1.668723e+15 9.342702e+14 1.665107e+15 9.323855e+14 1.661493e+15 9.305014e+14 1.657879e+15 9.286176e+14 1.654267e+15 9.267351e+14 1.650656e+15 9.248533e+14 1.647047e+15 9.229718e+14 1.643439e+15 9.210245e+14 1.639708e+15 9.189387e+14 1.635716e+15 9.168536e+14 1.631726e+15 9.147694e+14 1.627738e+15 9.126857e+14 1.623751e+15 9.106029e+14 1.619765e+15 9.085211e+14 1.615781e+15 9.064400e+14 1.611799e+15 9.042541e+14 1.607607e+15 9.019821e+14 1.603242e+15 8.997108e+14 1.598880e+15 8.974408e+14 1.594519e+15 8.951711e+14 1.590159e+15 8.929024e+14 1.585801e+15 8.906348e+14 1.581445e+15 8.883678e+14 1.577091e+15 8.859865e+14 1.572546e+15 8.835679e+14 1.567939e+15 8.811496e+14 1.563333e+15 8.787329e+14 1.558729e+15 8.763166e+14 1.554127e+15 8.739016e+14 1.549527e+15 8.714875e+14 1.544928e+15 8.690742e+14 1.540332e+15 8.664962e+14 1.535618e+15 8.639059e+14 1.530897e+15 8.613169e+14 1.526179e+15 8.587284e+14 1.521461e+15 8.561417e+14 1.516746e+15 8.535552e+14 1.512032e+15 8.509700e+14 1.507320e+15 8.483742e+14 1.502578e+15 8.456509e+14 1.497488e+15 8.429287e+14 1.492399e+15 8.402075e+14 1.487313e+15 8.374871e+14 1.482228e+15 8.347682e+14 1.477146e+15 8.320501e+14 1.472065e+15 8.293329e+14 1.466987e+15 8.265871e+14 1.461883e+15 8.237322e+14 1.456681e+15 8.208787e+14 1.451481e+15 8.180260e+14 1.446283e+15 8.151748e+14 1.441087e+15 8.123241e+14 1.435893e+15 8.094752e+14 1.430701e+15 8.066269e+14 1.425511e+15 8.037389e+14 1.420242e+15 8.007663e+14 1.414802e+15 7.977949e+14 1.409365e+15 7.948246e+14 1.403930e+15 7.918555e+14 1.398497e+15 7.888873e+14 1.393066e+15 7.859204e+14 1.387637e+15 7.829546e+14 1.382211e+15 7.799434e+14 1.376734e+15 7.768662e+14 1.371185e+15 7.737903e+14 1.365638e+15 7.707156e+14 1.360094e+15 7.676419e+14 1.354551e+15 7.645695e+14 1.349010e+15 7.614978e+14 1.343472e+15 7.584277e+14 1.337935e+15 7.553172e+14 1.332282e+15 7.521612e+14 1.326499e+15 7.490063e+14 1.320717e+15 7.458526e+14 1.314937e+15 7.427004e+14 1.309160e+15 7.395491e+14 1.303385e+15 7.363989e+14 1.297611e+15 7.332500e+14 1.291841e+15 7.300575e+14 1.286072e+15 7.268236e+14 1.280305e+15 7.235905e+14 1.274541e+15 7.203585e+14 1.268779e+15 7.171280e+14 1.263019e+15 7.138983e+14 1.257261e+15 7.106700e+14 1.251505e+15 7.074429e+14 1.245751e+15 7.041846e+14 1.239934e+15 7.008973e+14 1.234060e+15 6.976112e+14 1.228188e+15 6.943266e+14 1.222317e+15 6.910432e+14 1.216450e+15 6.877609e+14 1.210584e+15 6.844799e+14 1.204720e+15 6.811999e+14 1.198859e+15 6.778955e+14 1.192936e+15 6.745684e+14 1.186954e+15 6.712424e+14 1.180975e+15 6.679177e+14 1.174998e+15 6.645941e+14 1.169023e+15 6.612718e+14 1.163050e+15 6.579508e+14 1.157080e+15 6.546305e+14 1.151111e+15 6.512943e+14 1.145146e+15 6.479396e+14 1.139182e+15 6.445863e+14 1.133220e+15 6.412339e+14 1.127260e+15 6.378831e+14 1.121303e+15 6.345334e+14 1.115348e+15 6.311848e+14 1.109395e+15 6.278376e+14 1.103445e+15 6.244762e+14 1.097496e+15 6.210943e+14 1.091550e+15 6.177134e+14 1.085606e+15 6.143340e+14 1.079664e+15 6.109560e+14 1.073725e+15 6.075789e+14 1.067787e+15 6.042032e+14 1.061852e+15 6.008289e+14 1.055919e+15 5.974599e+14 1.049988e+15 5.941003e+14 1.044059e+15 5.907418e+14 1.038133e+15 5.873847e+14 1.032208e+15 5.840288e+14 1.026286e+15 5.806743e+14 1.020366e+15 5.773207e+14 1.014448e+15 5.739686e+14 1.008533e+15 5.706177e+14 1.002602e+15 5.672679e+14 9.966170e+14 5.639198e+14 9.906346e+14 5.605724e+14 9.846535e+14 5.572263e+14 9.786749e+14 5.538817e+14 9.726988e+14 5.505380e+14 9.667245e+14 5.471958e+14 9.607526e+14 5.438560e+14 9.547931e+14 5.405284e+14 9.489238e+14 5.372019e+14 9.430566e+14 5.338768e+14 9.371916e+14 5.305528e+14 9.313286e+14 5.272303e+14 9.254681e+14 5.239090e+14 9.196098e+14 5.205885e+14 9.137531e+14 5.172695e+14 9.078989e+14 5.139749e+14 9.021049e+14 5.106828e+14 8.963161e+14 5.073918e+14 8.905295e+14 5.041022e+14 8.847452e+14 5.008136e+14 8.789625e+14 4.975264e+14 8.731824e+14 4.942401e+14 8.674041e+14 4.909553e+14 8.616282e+14 4.877091e+14 8.559105e+14 4.844756e+14 8.502121e+14 4.812431e+14 8.445157e+14 4.780117e+14 8.388211e+14 4.747816e+14 8.331286e+14 4.715526e+14 8.274383e+14 4.683248e+14 8.217502e+14 4.650983e+14 8.160642e+14 4.619003e+14 8.104351e+14 4.587248e+14 8.048504e+14 4.555504e+14 7.992679e+14 4.523771e+14 7.936872e+14 4.492050e+14 7.881088e+14 4.460340e+14 7.825322e+14 4.428644e+14 7.769580e+14 4.396956e+14 7.713855e+14 4.365528e+14 7.658561e+14 4.334593e+14 7.604092e+14 4.303668e+14 7.549639e+14 4.272755e+14 7.495208e+14 4.241854e+14 7.440798e+14 4.210964e+14 7.386407e+14 4.180085e+14 7.332037e+14 4.149217e+14 7.277684e+14 4.118413e+14 7.223456e+14 4.088171e+14 7.170353e+14 4.057941e+14 7.117268e+14 4.027723e+14 7.064207e+14 3.997515e+14 7.011161e+14 3.967319e+14 6.958136e+14 3.937133e+14 6.905130e+14 3.906958e+14 6.852142e+14 3.876795e+14 6.799175e+14 3.847225e+14 6.747298e+14 3.817807e+14 6.695695e+14 3.788400e+14 6.644111e+14 3.759003e+14 6.592547e+14 3.729616e+14 6.540998e+14 3.700239e+14 6.489469e+14 3.670875e+14 6.437961e+14 3.641521e+14 6.386471e+14 3.612662e+14 6.335849e+14 3.584290e+14 6.286077e+14 3.555929e+14 6.236325e+14 3.527579e+14 6.186592e+14 3.499237e+14 6.136873e+14 3.470907e+14 6.087176e+14 3.442586e+14 6.037495e+14 3.414276e+14 5.987833e+14 3.386126e+14 5.938443e+14 3.358675e+14 5.890255e+14 3.331234e+14 5.842083e+14 3.303804e+14 5.793932e+14 3.276382e+14 5.745793e+14 3.248972e+14 5.697675e+14 3.221570e+14 5.649572e+14 3.194179e+14 5.601489e+14 3.166799e+14 5.553424e+14 3.140215e+14 5.506852e+14 3.113810e+14 5.460613e+14 3.087413e+14 5.414389e+14 3.061027e+14 5.368183e+14 3.034650e+14 5.321994e+14 3.008283e+14 5.275821e+14 2.981925e+14 5.229664e+14 2.955575e+14 5.183524e+14 2.929716e+14 5.138200e+14 2.904458e+14 5.093879e+14 2.879210e+14 5.049576e+14 2.853971e+14 5.005288e+14 2.828739e+14 4.961014e+14 2.803519e+14 4.916759e+14 2.778307e+14 4.872520e+14 2.753104e+14 4.828295e+14 2.727951e+14 4.784164e+14 2.703716e+14 4.741753e+14 2.679491e+14 4.699358e+14 2.655273e+14 4.656978e+14 2.631065e+14 4.614613e+14 2.606864e+14 4.572263e+14 2.582673e+14 4.529928e+14 2.558491e+14 4.487610e+14 2.534317e+14 4.445305e+14 2.510808e+14 4.404182e+14 2.487717e+14 4.363802e+14 2.464634e+14 4.323437e+14 2.441560e+14 4.283086e+14 2.418494e+14 4.242751e+14 2.395437e+14 4.202430e+14 2.372386e+14 4.162122e+14 2.349345e+14 4.121830e+14 2.326502e+14 4.081854e+14 2.304657e+14 4.043480e+14 2.282822e+14 4.005119e+14 2.260993e+14 3.966772e+14 2.239172e+14 3.928438e+14 2.217360e+14 3.890118e+14 2.195554e+14 3.851812e+14 2.173758e+14 3.813520e+14 2.151968e+14 3.775241e+14 2.130907e+14 3.738257e+14 2.110192e+14 3.701888e+14 2.089485e+14 3.665533e+14 2.068786e+14 3.629192e+14 2.048093e+14 3.592862e+14 2.027407e+14 3.556545e+14 2.006730e+14 3.520243e+14 1.986060e+14 3.483952e+14 1.965601e+14 3.448021e+14 1.946120e+14 3.413752e+14 1.926644e+14 3.379495e+14 1.907176e+14 3.345250e+14 1.887715e+14 3.311017e+14</elevationPattern>
        <incidenceAngle count="562">4.177383e+01 4.178247e+01 4.179112e+01 4.179976e+01 4.180840e+01 4.181702e+01 4.182565e+01 4.183427e+01 4.184290e+01 4.185152e+01 4.186014e+01 4.186874e+01 4.187735e+01 4.188596e+01 4.189456e+01 4.190317e+01 4.191176e+01 4.192035e+01 4.192894e+01 4.193753e+01 4.194611e+01 4.195468e+01 4.196327e+01 4.197183e+01 4.198041e+01 4.198897e+01 4.199754e+01 4.200610e+01 4.201466e+01 4.202321e+01 4.203177e+01 4.204031e+01 4.204886e+01 4.205740e+01 4.206593e+01 4.207446e+01 4.208301e+01 4.209154e+01 4.210005e+01 4.210858e+01 4.211710e+01 4.212561e+01 4.213412e+01 4.214264e+01 4.215114e+01 4.215965e+01 4.216815e+01 4.217664e+01 4.218513e+01 4.219363e+01 4.220212e+01 4.221060e+01 4.221909e+01 4.222755e+01 4.223604e+01 4.224451e+01 4.225298e+01 4.226144e+01 4.226990e+01 4.227837e+01 4.228682e+01 4.229527e+01 4.230373e+01 4.231216e+01 4.232062e+01 4.232906e+01 4.233749e+01 4.234593e+01 4.235435e+01 4.236278e+01 4.237122e+01 4.237964e+01 4.238805e+01 4.239647e+01 4.240488e+01 4.241328e+01 4.242169e+01 4.243010e+01 4.243849e+01 4.244690e+01 4.245529e+01 4.246368e+01 4.247208e+01 4.248045e+01 4.248883e+01 4.249722e+01 4.250558e+01 4.251396e+01 4.252234e+01 4.253070e+01 4.253906e+01 4.254742e+01 4.255579e+01 4.256413e+01 4.257249e+01 4.258084e+01 4.258919e+01 4.259752e+01 4.260587e+01 4.261420e+01 4.262253e+01 4.263086e+01 4.263919e+01 4.264751e+01 4.265584e+01 4.266415e+01 4.267247e+01 4.268079e+01 4.268909e+01 4.269739e+01 4.270570e+01 4.271400e+01 4.272229e+01 4.273059e+01 4.273888e+01 4.274716e+01 4.275545e+01 4.276373e+01 4.277202e+01 4.278029e+01 4.278856e+01 4.279683e+01 4.280510e+01 4.281335e+01 4.282162e+01 4.282988e+01 4.283813e+01 4.284639e+01 4.285463e+01 4.286288e+01 4.287112e+01 4.287936e+01 4.288760e+01 4.289584e+01 4.290407e+01 4.291229e+01 4.292052e+01 4.292874e+01 4.293697e+01 4.294518e+01 4.295340e+01 4.296161e+01 4.296982e+01 4.297801e+01 4.298622e+01 4.299442e+01 4.300261e+01 4.301080e+01 4.301900e+01 4.302719e+01 4.303537e+01 4.304355e+01 4.305173e+01 4.305991e+01 4.306807e+01 4.307625e+01 4.308441e+01 4.309258e+01 4.310074e+01 4.310889e+01 4.311705e+01 4.312520e+01 4.313335e+01 4.314149e+01 4.314964e+01 4.315778e+01 4.316592e+01 4.317406e+01 4.318219e+01 4.319031e+01 4.319844e+01 4.320656e+01 4.321468e+01 4.322279e+01 4.323091e+01 4.323903e+01 4.324713e+01 4.325523e+01 4.326335e+01 4.327144e+01 4.327954e+01 4.328764e+01 4.329573e+01 4.330382e+01 4.331190e+01 4.331999e+01 4.332806e+01 4.333614e+01 4.334422e+01 4.335229e+01 4.336035e+01 4.336842e+01 4.337648e+01 4.338455e+01 4.339261e+01 4.340067e+01 4.340871e+01 4.341676e+01 4.342480e+01 4.343285e+01 4.344089e+01 4.344893e+01 4.345695e+01 4.346500e+01 4.347302e+01 4.348105e+01 4.348907e+01 4.349709e+01 4.350511e+01 4.351312e+01 4.352113e+01 4.352914e+01 4.353716e+01 4.354515e+01 4.355316e+01 4.356116e+01 4.356915e+01 4.357715e+01 4.358513e+01 4.359312e+01 4.360110e+01 4.360909e+01 4.361707e+01 4.362505e+01 4.363301e+01 4.364099e+01 4.364896e+01 4.365692e+01 4.366487e+01 4.367284e+01 4.368079e+01 4.368875e+01 4.369670e+01 4.370465e+01 4.371259e+01 4.372054e+01 4.372847e+01 4.373640e+01 4.374434e+01 4.375227e+01 4.376021e+01 4.376813e+01 4.377606e+01 4.378398e+01 4.379190e+01 4.379980e+01 4.380772e+01 4.381563e+01 4.382353e+01 4.383144e+01 4.383934e+01 4.384724e+01 4.385513e+01 4.386304e+01 4.387093e+01 4.387881e+01 4.388669e+01 4.389458e+01 4.390245e+01 4.391034e+01 4.391821e+01 4.392609e+01 4.393394e+01 4.394182e+01 4.394968e+01 4.395753e+01 4.396539e+01 4.397325e+01 4.398111e+01 4.398895e+01 4.399680e+01 4.400465e+01 4.401248e+01 4.402032e+01 4.402817e+01 4.403600e+01 4.404382e+01 4.405165e+01 4.405948e+01 4.406731e+01 4.407512e+01 4.408295e+01 4.409076e+01 4.409857e+01 4.410638e+01 4.411418e+01 4.412199e+01 4.412979e+01 4.413759e+01 4.414539e+01 4.415318e+01 4.416098e+01 4.416876e+01 4.417654e+01 4.418433e+01 4.419211e+01 4.419989e+01 4.420767e+01 4.421544e+01 4.422321e+01 4.423097e+01 4.423874e+01 4.424651e+01 4.425426e+01 4.426202e+01 4.426978e+01 4.427753e+01 4.428528e+01 4.429301e+01 4.430077e+01 4.430850e+01 4.431624e+01 4.432397e+01 4.433171e+01 4.433943e+01 4.434717e+01 4.435489e+01 4.436261e+01 4.437033e+01 4.437805e+01 4.438577e+01 4.439348e+01 4.440118e+01 4.440889e+01 4.441660e+01 4.442430e+01 4.443201e+01 4.443970e+01 4.444739e+01 4.445508e+01 4.446277e+01 4.447046e+01 4.447813e+01 4.448582e+01 4.449350e+01 4.450117e+01 4.450885e+01 4.451653e+01 4.452419e+01 4.453186e+01 4.453952e+01 4.454718e+01 4.455484e+01 4.456248e+01 4.457014e+01 4.457779e+01 4.458543e+01 4.459308e+01 4.460072e+01 4.460837e+01 4.461600e+01 4.462364e+01 4.463127e+01 4.463890e+01 4.464653e+01 4.465416e+01 4.466177e+01 4.466939e+01 4.467702e+01 4.468463e+01 4.469223e+01 4.469984e+01 4.470746e+01 4.471506e+01 4.472266e+01 4.473026e+01 4.473785e+01 4.474545e+01 4.475304e+01 4.476064e+01 4.476822e+01 4.477580e+01 4.478339e+01 4.479095e+01 4.479854e+01 4.480611e+01 4.481369e+01 4.482126e+01 4.482881e+01 4.483638e+01 4.484395e+01 4.485150e+01 4.485905e+01 4.486661e+01 4.487416e+01 4.488171e+01 4.488927e+01 4.489680e+01 4.490434e+01 4.491188e+01 4.491942e+01 4.492696e+01 4.493448e+01 4.494202e+01 4.494954e+01 4.495706e+01 4.496458e+01 4.497211e+01 4.497963e+01 4.498714e+01 4.499464e+01 4.500215e+01 4.500966e+01 4.501717e+01 4.502467e+01 4.503217e+01 4.503967e+01 4.504716e+01 4.505466e+01 4.506215e+01 4.506963e+01 4.507712e+01 4.508459e+01 4.509207e+01 4.509955e+01 4.510703e+01 4.511450e+01 4.512196e+01 4.512944e+01 4.513690e+01 4.514436e+01 4.515182e+01 4.515929e+01 4.516673e+01 4.517419e+01 4.518164e+01 4.518909e+01 4.519653e+01 4.520398e+01 4.521141e+01 4.521886e+01 4.522629e+01 4.523372e+01 4.524115e+01 4.524858e+01 4.525601e+01 4.526343e+01 4.527086e+01 4.527827e+01 4.528569e+01 4.529311e+01 4.530052e+01 4.530792e+01 4.531532e+01 4.532274e+01 4.533014e+01 4.533754e+01 4.534494e+01 4.535233e+01 4.535973e+01 4.536711e+01 4.537450e+01 4.538188e+01 4.538927e+01 4.539665e+01 4.540402e+01 4.541139e+01 4.541878e+01 4.542615e+01 4.543352e+01 4.544087e+01 4.544824e+01 4.545560e+01 4.546297e+01 4.547032e+01 4.547768e+01 4.548503e+01 4.549237e+01 4.549973e+01 4.550706e+01 4.551440e+01 4.552174e+01 4.552908e+01 4.553642e+01 4.554375e+01 4.555109e+01 4.555841e+01 4.556573e+01 4.557306e+01 4.558038e+01 4.558771e+01 4.559502e+01 4.560233e+01 4.560965e+01 4.561696e+01 4.562425e+01 4.563156e+01 4.563887e+01 4.564616e+01 4.565346e+01 4.566075e+01 4.566805e+01 4.567534e+01 4.568263e+01 4.568991e+01 4.569720e+01 4.570448e+01 4.571176e+01 4.571904e+01 4.572632e+01 4.573358e+01 4.574084e+01 4.574812e+01 4.575539e+01 4.576265e+01 4.576991e+01 4.577716e+01 4.578442e+01 4.579167e+01 4.579892e+01 4.580617e+01 4.581342e+01 4.582066e+01 4.582791e+01 4.583514e+01 4.584238e+01 4.584962e+01 4.585686e+01 4.586409e+01 4.587131e+01 4.587854e+01 4.588576e+01 4.589297e+01 4.590021e+01 4.590741e+01 4.591463e+01 4.592184e+01 4.592905e+01 4.593626e+01 4.594347e+01 4.595067e+01 4.595787e+01 4.596507e+01 4.597226e+01 4.597946e+01 4.598665e+01 4.599384e+01 4.600102e+01 4.600821e+01 4.601540e+01 4.602257e+01 4.602975e+01 4.603693e+01 4.604410e+01 4.605127e+01 4.605844e+01 4.606561e+01 4.607277e+01 4.607993e+01 4.608710e+01 4.609425e+01 4.610141e+01 4.610855e+01 4.611571e+01 4.612286e+01 4.613000e+01 4.613715e+01 4.614429e+01 4.615143e+01 4.615857e+01 4.616570e+01 4.617284e+01</incidenceAngle>
        <terrainHeight>2.099019966785714e+03</terrainHeight>
        <roll>3.010457059501289e+01</roll>
      </antennaPattern>
      <antennaPattern>
        <swath>IW3</swath>
        <azimuthTime>2015-05-16T13:34:45.783736</azimuthTime>
        <slantRangeTime count="562">6.017503134959210e-03 6.018185170111523e-03 6.018867205263837e-03 6.019549240416150e-03 6.020231275568463e-03 6.020913310720777e-03 6.021595345873090e-03 6.022277381025403e-03 6.022959416177718e-03 6.023641451330030e-03 6.024323486482344e-03 6.025005521634657e-03 6.025687556786971e-03 6.026369591939284e-03 6.027051627091597e-03 6.027733662243911e-03 6.028415697396225e-03 6.029097732548537e-03 6.029779767700852e-03 6.030461802853164e-03 6.031143838005478e-03 6.031825873157792e-03 6.032507908310105e-03 6.033189943462418e-03 6.033871978614731e-03 6.034554013767045e-03 6.035236048919359e-03 6.035918084071672e-03 6.036600119223985e-03 6.037282154376299e-03 6.037964189528612e-03 6.038646224680926e-03 6.039328259833239e-03 6.040010294985553e-03 6.040692330137866e-03 6.041374365290180e-03 6.042056400442493e-03 6.042738435594807e-03 6.043420470747120e-03 6.044102505899433e-03 6.044784541051747e-03 6.045466576204060e-03 6.046148611356373e-03 6.046830646508687e-03 6.047512681661001e-03 6.048194716813313e-03 6.048876751965627e-03 6.049558787117940e-03 6.050240822270254e-03 6.050922857422567e-03 6.051604892574880e-03 6.052286927727194e-03 6.052968962879508e-03 6.053650998031820e-03 6.054333033184134e-03 6.055015068336447e-03 6.055697103488761e-03 6.056379138641074e-03 6.057061173793387e-03 6.057743208945701e-03 6.058425244098014e-03 6.059107279250327e-03 6.059789314402641e-03 6.060471349554954e-03 6.061153384707267e-03 6.061835419859581e-03 6.062517455011894e-03 6.063199490164208e-03 6.063881525316521e-03 6.064563560468834e-03 6.065245595621147e-03 6.065927630773461e-03 6.066609665925774e-03 6.067291701078088e-03 6.067973736230400e-03 6.068655771382715e-03 6.069337806535028e-03 6.070019841687341e-03 6.070701876839654e-03 6.071383911991968e-03 6.072065947144281e-03 6.072747982296595e-03 6.073430017448908e-03 6.074112052601222e-03 6.074794087753535e-03 6.075476122905848e-03 6.076158158058163e-03 6.076840193210475e-03 6.077522228362790e-03 6.078204263515102e-03 6.078886298667417e-03 6.079568333819730e-03 6.080250368972044e-03 6.080932404124357e-03 6.081614439276671e-03 6.082296474428984e-03 6.082978509581298e-03 6.083660544733611e-03 6.084342579885925e-03 6.085024615038238e-03 6.085706650190552e-03 6.086388685342866e-03 6.087070720495179e-03 6.087752755647493e-03 6.088434790799806e-03 6.089116825952120e-03 6.089798861104434e-03 6.090480896256746e-03 6.091162931409061e-03 6.091844966561373e-03 6.092527001713688e-03 6.093209036866001e-03 6.093891072018315e-03 6.094573107170628e-03 6.095255142322942e-03 6.095937177475255e-03 6.096619212627569e-03 6.097301247779882e-03 6.097983282932196e-03 6.098665318084509e-03 6.099347353236823e-03 6.100029388389137e-03 6.100711423541450e-03 6.101393458693764e-03 6.102075493846077e-03 6.102757528998391e-03 6.103439564150704e-03 6.104121599303017e-03 6.104803634455332e-03 6.105485669607644e-03 6.106167704759959e-03 6.106849739912271e-03 6.107531775064586e-03 6.108213810216899e-03 6.108895845369213e-03 6.109577880521526e-03 6.110259915673840e-03 6.110941950826153e-03 6.111623985978467e-03 6.112306021130780e-03 6.112988056283094e-03 6.113670091435407e-03 6.114352126587721e-03 6.115034161740035e-03 6.115716196892348e-03 6.116398232044662e-03 6.117080267196975e-03 6.117762302349289e-03 6.118444337501603e-03 6.119126372653915e-03 6.119808407806230e-03 6.120490442958542e-03 6.121172478110857e-03 6.121854513263170e-03 6.122536548415484e-03 6.123218583567797e-03 6.123900618720111e-03 6.124582653872424e-03 6.125264689024738e-03 6.125946724177051e-03 6.126628759329365e-03 6.127310794481678e-03 6.127992829633991e-03 6.128674864786305e-03 6.129356899938617e-03 6.130038935090931e-03 6.130720970243244e-03 6.131403005395557e-03 6.132085040547870e-03 6.132767075700184e-03 6.133449110852496e-03 6.134131146004810e-03 6.134813181157123e-03 6.135495216309436e-03 6.136177251461749e-03 6.136859286614062e-03 6.137541321766376e-03 6.138223356918689e-03 6.138905392071002e-03 6.139587427223315e-03 6.140269462375629e-03 6.140951497527941e-03 6.141633532680255e-03 6.142315567832568e-03 6.142997602984881e-03 6.143679638137194e-03 6.144361673289508e-03 6.145043708441820e-03 6.145725743594134e-03 6.146407778746447e-03 6.147089813898760e-03 6.147771849051073e-03 6.148453884203386e-03 6.149135919355699e-03 6.149817954508013e-03 6.150499989660325e-03 6.151182024812639e-03 6.151864059964952e-03 6.152546095117265e-03 6.153228130269578e-03 6.153910165421892e-03 6.154592200574204e-03 6.155274235726518e-03 6.155956270878831e-03 6.156638306031144e-03 6.157320341183457e-03 6.158002376335771e-03 6.158684411488083e-03 6.159366446640397e-03 6.160048481792709e-03 6.160730516945023e-03 6.161412552097336e-03 6.162094587249649e-03 6.162776622401962e-03 6.163458657554276e-03 6.164140692706589e-03 6.164822727858902e-03 6.165504763011215e-03 6.166186798163528e-03 6.166868833315842e-03 6.167550868468155e-03 6.168232903620468e-03 6.168914938772781e-03 6.169596973925094e-03 6.170279009077407e-03 6.170961044229721e-03 6.171643079382033e-03 6.172325114534347e-03 6.173007149686660e-03 6.173689184838973e-03 6.174371219991286e-03 6.175053255143600e-03 6.175735290295912e-03 6.176417325448226e-03 6.177099360600539e-03 6.177781395752852e-03 6.178463430905165e-03 6.179145466057479e-03 6.179827501209791e-03 6.180509536362105e-03 6.181191571514418e-03 6.181873606666731e-03 6.182555641819044e-03 6.183237676971358e-03 6.183919712123670e-03 6.184601747275984e-03 6.185283782428296e-03 6.185965817580610e-03 6.186647852732923e-03 6.187329887885236e-03 6.188011923037549e-03 6.188693958189863e-03 6.189375993342175e-03 6.190058028494489e-03 6.190740063646802e-03 6.191422098799115e-03 6.192104133951428e-03 6.192786169103742e-03 6.193468204256054e-03 6.194150239408368e-03 6.194832274560681e-03 6.195514309712994e-03 6.196196344865307e-03 6.196878380017620e-03 6.197560415169934e-03 6.198242450322247e-03 6.198924485474560e-03 6.199606520626873e-03 6.200288555779187e-03 6.200970590931499e-03 6.201652626083813e-03 6.202334661236126e-03 6.203016696388439e-03 6.203698731540752e-03 6.204380766693066e-03 6.205062801845378e-03 6.205744836997692e-03 6.206426872150005e-03 6.207108907302318e-03 6.207790942454631e-03 6.208472977606945e-03 6.209155012759257e-03 6.209837047911571e-03 6.210519083063883e-03 6.211201118216197e-03 6.211883153368510e-03 6.212565188520823e-03 6.213247223673136e-03 6.213929258825450e-03 6.214611293977762e-03 6.215293329130076e-03 6.215975364282389e-03 6.216657399434702e-03 6.217339434587015e-03 6.218021469739329e-03 6.218703504891641e-03 6.219385540043955e-03 6.220067575196268e-03 6.220749610348581e-03 6.221431645500894e-03 6.222113680653207e-03 6.222795715805520e-03 6.223477750957834e-03 6.224159786110147e-03 6.224841821262460e-03 6.225523856414773e-03 6.226205891567086e-03 6.226887926719400e-03 6.227569961871713e-03 6.228251997024026e-03 6.228934032176339e-03 6.229616067328653e-03 6.230298102480965e-03 6.230980137633279e-03 6.231662172785592e-03 6.232344207937905e-03 6.233026243090218e-03 6.233708278242531e-03 6.234390313394844e-03 6.235072348547158e-03 6.235754383699470e-03 6.236436418851784e-03 6.237118454004097e-03 6.237800489156410e-03 6.238482524308723e-03 6.239164559461037e-03 6.239846594613349e-03 6.240528629765663e-03 6.241210664917976e-03 6.241892700070289e-03 6.242574735222602e-03 6.243256770374916e-03 6.243938805527228e-03 6.244620840679542e-03 6.245302875831855e-03 6.245984910984168e-03 6.246666946136481e-03 6.247348981288794e-03 6.248031016441107e-03 6.248713051593421e-03 6.249395086745733e-03 6.250077121898047e-03 6.250759157050360e-03 6.251441192202673e-03 6.252123227354986e-03 6.252805262507300e-03 6.253487297659613e-03 6.254169332811926e-03 6.254851367964239e-03 6.255533403116552e-03 6.256215438268866e-03 6.256897473421179e-03 6.257579508573492e-03 6.258261543725805e-03 6.258943578878118e-03 6.259625614030431e-03 6.260307649182745e-03 6.260989684335057e-03 6.261671719487371e-03 6.262353754639684e-03 6.263035789791997e-03 6.263717824944310e-03 6.264399860096624e-03 6.265081895248936e-03 6.265763930401250e-03 6.266445965553563e-03 6.267128000705876e-03 6.267810035858189e-03 6.268492071010503e-03 6.269174106162815e-03 6.269856141315129e-03 6.270538176467441e-03 6.271220211619755e-03 6.271902246772068e-03 6.272584281924381e-03 6.273266317076694e-03 6.273948352229008e-03 6.274630387381320e-03 6.275312422533634e-03 6.275994457685947e-03 6.276676492838260e-03 6.277358527990573e-03 6.278040563142887e-03 6.278722598295199e-03 6.279404633447513e-03 6.280086668599826e-03 6.280768703752139e-03 6.281450738904452e-03 6.282132774056766e-03 6.282814809209078e-03 6.283496844361392e-03 6.284178879513705e-03 6.284860914666018e-03 6.285542949818331e-03 6.286224984970644e-03 6.286907020122958e-03 6.287589055275271e-03 6.288271090427584e-03 6.288953125579897e-03 6.289635160732211e-03 6.290317195884523e-03 6.290999231036837e-03 6.291681266189150e-03 6.292363301341463e-03 6.293045336493776e-03 6.293727371646090e-03 6.294409406798402e-03 6.295091441950716e-03 6.295773477103028e-03 6.296455512255342e-03 6.297137547407655e-03 6.297819582559968e-03 6.298501617712281e-03 6.299183652864595e-03 6.299865688016907e-03 6.300547723169221e-03 6.301229758321534e-03 6.301911793473847e-03 6.302593828626160e-03 6.303275863778474e-03 6.303957898930786e-03 6.304639934083100e-03 6.305321969235413e-03 6.306004004387726e-03 6.306686039540039e-03 6.307368074692353e-03 6.308050109844665e-03 6.308732144996979e-03 6.309414180149291e-03 6.310096215301605e-03 6.310778250453918e-03 6.311460285606231e-03 6.312142320758544e-03 6.312824355910858e-03 6.313506391063171e-03 6.314188426215484e-03 6.314870461367797e-03 6.315552496520110e-03 6.316234531672424e-03 6.316916566824737e-03 6.317598601977050e-03 6.318280637129363e-03 6.318962672281677e-03 6.319644707433989e-03 6.320326742586303e-03 6.321008777738615e-03 6.321690812890929e-03 6.322372848043242e-03 6.323054883195555e-03 6.323736918347868e-03 6.324418953500182e-03 6.325100988652494e-03 6.325783023804808e-03 6.326465058957121e-03 6.327147094109434e-03 6.327829129261747e-03 6.328511164414061e-03 6.329193199566373e-03 6.329875234718687e-03 6.330557269871000e-03 6.331239305023313e-03 6.331921340175626e-03 6.332603375327939e-03 6.333285410480252e-03 6.333967445632566e-03 6.334649480784878e-03 6.335331515937192e-03 6.336013551089505e-03 6.336695586241818e-03 6.337377621394131e-03 6.338059656546445e-03 6.338741691698757e-03 6.339423726851071e-03 6.340105762003384e-03 6.340787797155697e-03 6.341469832308010e-03 6.342151867460324e-03 6.342833902612637e-03 6.343515937764950e-03 6.344197972917263e-03 6.344880008069576e-03 6.345562043221890e-03 6.346244078374202e-03 6.346926113526516e-03 6.347608148678829e-03 6.348290183831142e-03 6.348972218983455e-03 6.349654254135769e-03 6.350336289288081e-03 6.351018324440395e-03 6.351700359592708e-03 6.352382394745021e-03 6.353064429897334e-03 6.353746465049648e-03 6.354428500201960e-03 6.355110535354274e-03 6.355792570506587e-03 6.356474605658900e-03 6.357156640811213e-03 6.357838675963526e-03 6.358520711115839e-03 6.359202746268153e-03 6.359884781420465e-03 6.360566816572779e-03 6.361248851725092e-03 6.361930886877405e-03 6.362612922029718e-03 6.363294957182032e-03 6.363976992334344e-03 6.364659027486658e-03 6.365341062638971e-03 6.366023097791284e-03 6.366705132943597e-03 6.367387168095911e-03 6.368069203248223e-03 6.368751238400537e-03 6.369433273552850e-03 6.370115308705163e-03 6.370797343857476e-03 6.371479379009789e-03 6.372161414162103e-03 6.372843449314416e-03 6.373525484466729e-03 6.374207519619042e-03 6.374889554771355e-03 6.375571589923668e-03 6.376253625075982e-03 6.376935660228295e-03 6.377617695380608e-03 6.378299730532921e-03 6.378981765685235e-03 6.379663800837547e-03 6.380345835989861e-03 6.381027871142174e-03 6.381709906294487e-03 6.382391941446800e-03 6.383073976599113e-03 6.383756011751426e-03 6.384438046903740e-03 6.385120082056052e-03 6.385802117208366e-03 6.386484152360679e-03 6.387166187512992e-03 6.387848222665305e-03 6.388530257817619e-03 6.389212292969931e-03 6.389894328122245e-03 6.390576363274558e-03 6.391258398426871e-03 6.391940433579184e-03 6.392622468731498e-03 6.393304503883810e-03 6.393986539036124e-03 6.394668574188436e-03 6.395350609340750e-03 6.396032644493063e-03 6.396714679645376e-03 6.397396714797689e-03 6.398078749950003e-03 6.398760785102315e-03 6.399442820254629e-03 6.400124855406942e-03</slantRangeTime>
        <elevationAngle count="562">3.683067e+01 3.683795e+01 3.684522e+01 3.685250e+01 3.685977e+01 3.686703e+01 3.687430e+01 3.688156e+01 3.688882e+01 3.689607e+01 3.690333e+01 3.691058e+01 3.691782e+01 3.692506e+01 3.693230e+01 3.693954e+01 3.694678e+01 3.695401e+01 3.696124e+01 3.696846e+01 3.697569e+01 3.698290e+01 3.699012e+01 3.699733e+01 3.700454e+01 3.701175e+01 3.701896e+01 3.702616e+01 3.703336e+01 3.704055e+01 3.704774e+01 3.705493e+01 3.706212e+01 3.706930e+01 3.707648e+01 3.708366e+01 3.709084e+01 3.709801e+01 3.710518e+01 3.711234e+01 3.711950e+01 3.712666e+01 3.713382e+01 3.714097e+01 3.714812e+01 3.715527e+01 3.716242e+01 3.716956e+01 3.717670e+01 3.718383e+01 3.719097e+01 3.719810e+01 3.720523e+01 3.721235e+01 3.721947e+01 3.722659e+01 3.723371e+01 3.724082e+01 3.724793e+01 3.725504e+01 3.726214e+01 3.726924e+01 3.727634e+01 3.728344e+01 3.729053e+01 3.729762e+01 3.730471e+01 3.731179e+01 3.731887e+01 3.732595e+01 3.733302e+01 3.734010e+01 3.734716e+01 3.735423e+01 3.736129e+01 3.736835e+01 3.737542e+01 3.738247e+01 3.738952e+01 3.739657e+01 3.740362e+01 3.741066e+01 3.741770e+01 3.742474e+01 3.743177e+01 3.743880e+01 3.744584e+01 3.745286e+01 3.745988e+01 3.746690e+01 3.747392e+01 3.748094e+01 3.748795e+01 3.749496e+01 3.750196e+01 3.750897e+01 3.751597e+01 3.752297e+01 3.752996e+01 3.753696e+01 3.754395e+01 3.755093e+01 3.755791e+01 3.756490e+01 3.757187e+01 3.757885e+01 3.758582e+01 3.759279e+01 3.759976e+01 3.760672e+01 3.761369e+01 3.762064e+01 3.762760e+01 3.763455e+01 3.764150e+01 3.764845e+01 3.765539e+01 3.766233e+01 3.766927e+01 3.767621e+01 3.768314e+01 3.769007e+01 3.769700e+01 3.770393e+01 3.771085e+01 3.771777e+01 3.772469e+01 3.773160e+01 3.773851e+01 3.774542e+01 3.775232e+01 3.775923e+01 3.776612e+01 3.777302e+01 3.777992e+01 3.778681e+01 3.779370e+01 3.780059e+01 3.780747e+01 3.781435e+01 3.782123e+01 3.782810e+01 3.783498e+01 3.784184e+01 3.784871e+01 3.785558e+01 3.786244e+01 3.786930e+01 3.787615e+01 3.788301e+01 3.788985e+01 3.789671e+01 3.790355e+01 3.791039e+01 3.791723e+01 3.792407e+01 3.793090e+01 3.793773e+01 3.794456e+01 3.795139e+01 3.795821e+01 3.796503e+01 3.797185e+01 3.797866e+01 3.798548e+01 3.799229e+01 3.799910e+01 3.800590e+01 3.801270e+01 3.801950e+01 3.802630e+01 3.803309e+01 3.803988e+01 3.804667e+01 3.805346e+01 3.806024e+01 3.806702e+01 3.807380e+01 3.808057e+01 3.808735e+01 3.809411e+01 3.810088e+01 3.810765e+01 3.811441e+01 3.812117e+01 3.812792e+01 3.813467e+01 3.814143e+01 3.814817e+01 3.815492e+01 3.816166e+01 3.816840e+01 3.817514e+01 3.818188e+01 3.818861e+01 3.819534e+01 3.820206e+01 3.820879e+01 3.821551e+01 3.822223e+01 3.822895e+01 3.823566e+01 3.824237e+01 3.824908e+01 3.825579e+01 3.826249e+01 3.826919e+01 3.827589e+01 3.828259e+01 3.828928e+01 3.829597e+01 3.830265e+01 3.830934e+01 3.831602e+01 3.832270e+01 3.832938e+01 3.833606e+01 3.834273e+01 3.834940e+01 3.835606e+01 3.836273e+01 3.836939e+01 3.837605e+01 3.838271e+01 3.838936e+01 3.839601e+01 3.840266e+01 3.840931e+01 3.841595e+01 3.842259e+01 3.842923e+01 3.843586e+01 3.844250e+01 3.844913e+01 3.845575e+01 3.846238e+01 3.846900e+01 3.847562e+01 3.848224e+01 3.848886e+01 3.849547e+01 3.850208e+01 3.850869e+01 3.851529e+01 3.852189e+01 3.852849e+01 3.853509e+01 3.854168e+01 3.854827e+01 3.855487e+01 3.856145e+01 3.856804e+01 3.857462e+01 3.858120e+01 3.858778e+01 3.859435e+01 3.860092e+01 3.860749e+01 3.861406e+01 3.862062e+01 3.862718e+01 3.863374e+01 3.864030e+01 3.864685e+01 3.865340e+01 3.865995e+01 3.866650e+01 3.867304e+01 3.867958e+01 3.868612e+01 3.869266e+01 3.869920e+01 3.870573e+01 3.871225e+01 3.871878e+01 3.872530e+01 3.873183e+01 3.873835e+01 3.874486e+01 3.875138e+01 3.875788e+01 3.876440e+01 3.877090e+01 3.877740e+01 3.878391e+01 3.879041e+01 3.879690e+01 3.880340e+01 3.880989e+01 3.881638e+01 3.882286e+01 3.882935e+01 3.883583e+01 3.884231e+01 3.884879e+01 3.885526e+01 3.886173e+01 3.886820e+01 3.887466e+01 3.888113e+01 3.888759e+01 3.889405e+01 3.890051e+01 3.890696e+01 3.891341e+01 3.891986e+01 3.892631e+01 3.893275e+01 3.893920e+01 3.894564e+01 3.895208e+01 3.895851e+01 3.896494e+01 3.897137e+01 3.897780e+01 3.898422e+01 3.899065e+01 3.899707e+01 3.900348e+01 3.900990e+01 3.901631e+01 3.902272e+01 3.902913e+01 3.903554e+01 3.904194e+01 3.904834e+01 3.905474e+01 3.906113e+01 3.906753e+01 3.907392e+01 3.908031e+01 3.908669e+01 3.909308e+01 3.909946e+01 3.910584e+01 3.911221e+01 3.911859e+01 3.912496e+01 3.913133e+01 3.913770e+01 3.914406e+01 3.915042e+01 3.915678e+01 3.916314e+01 3.916949e+01 3.917585e+01 3.918220e+01 3.918855e+01 3.919489e+01 3.920123e+01 3.920757e+01 3.921391e+01 3.922025e+01 3.922658e+01 3.923291e+01 3.923924e+01 3.924557e+01 3.925189e+01 3.925821e+01 3.926453e+01 3.927085e+01 3.927716e+01 3.928347e+01 3.928979e+01 3.929609e+01 3.930240e+01 3.930870e+01 3.931500e+01 3.932130e+01 3.932759e+01 3.933389e+01 3.934018e+01 3.934647e+01 3.935275e+01 3.935904e+01 3.936532e+01 3.937160e+01 3.937787e+01 3.938415e+01 3.939042e+01 3.939669e+01 3.940296e+01 3.940922e+01 3.941549e+01 3.942175e+01 3.942801e+01 3.943426e+01 3.944051e+01 3.944677e+01 3.945301e+01 3.945926e+01 3.946550e+01 3.947174e+01 3.947799e+01 3.948422e+01 3.949046e+01 3.949669e+01 3.950292e+01 3.950915e+01 3.951537e+01 3.952160e+01 3.952782e+01 3.953404e+01 3.954025e+01 3.954647e+01 3.955268e+01 3.955889e+01 3.956509e+01 3.957130e+01 3.957750e+01 3.958370e+01 3.958990e+01 3.959610e+01 3.960229e+01 3.960848e+01 3.961467e+01 3.962086e+01 3.962704e+01 3.963322e+01 3.963940e+01 3.964558e+01 3.965176e+01 3.965793e+01 3.966410e+01 3.967027e+01 3.967643e+01 3.968260e+01 3.968876e+01 3.969492e+01 3.970107e+01 3.970723e+01 3.971338e+01 3.971953e+01 3.972568e+01 3.973183e+01 3.973797e+01 3.974411e+01 3.975025e+01 3.975639e+01 3.976252e+01 3.976865e+01 3.977478e+01 3.978091e+01 3.978703e+01 3.979316e+01 3.979928e+01 3.980540e+01 3.981151e+01 3.981763e+01 3.982374e+01 3.982985e+01 3.983596e+01 3.984206e+01 3.984816e+01 3.985427e+01 3.986036e+01 3.986646e+01 3.987255e+01 3.987865e+01 3.988474e+01 3.989082e+01 3.989691e+01 3.990299e+01 3.990907e+01 3.991515e+01 3.992123e+01 3.992730e+01 3.993337e+01 3.993944e+01 3.994551e+01 3.995158e+01 3.995764e+01 3.996370e+01 3.996976e+01 3.997581e+01 3.998187e+01 3.998792e+01 3.999397e+01 4.000002e+01 4.000606e+01 4.001210e+01 4.001815e+01 4.002419e+01 4.003022e+01 4.003625e+01 4.004229e+01 4.004832e+01 4.005435e+01 4.006037e+01 4.006639e+01 4.007242e+01 4.007843e+01 4.008445e+01 4.009047e+01 4.009648e+01 4.010249e+01 4.010850e+01 4.011451e+01 4.012051e+01 4.012651e+01 4.013251e+01 4.013851e+01 4.014450e+01 4.015049e+01 4.015649e+01 4.016248e+01 4.016846e+01 4.017445e+01 4.018043e+01 4.018641e+01 4.019239e+01 4.019836e+01 4.020433e+01 4.021031e+01 4.021628e+01 4.022224e+01 4.022821e+01 4.023417e+01 4.024013e+01 4.024609e+01 4.025205e+01 4.025800e+01 4.026395e+01 4.026991e+01 4.027585e+01 4.028180e+01 4.028774e+01 4.029368e+01 4.029962e+01 4.030556e+01 4.031149e+01 4.031742e+01 4.032336e+01 4.032928e+01 4.033521e+01 4.034114e+01 4.034706e+01 4.035298e+01 4.035890e+01 4.036481e+01 4.037073e+01 4.037664e+01 4.038255e+01 4.038845e+01 4.039436e+01 4.040026e+01 4.040617e+01 4.041206e+01 4.041796e+01 4.042385e+01 4.042975e+01 4.043564e+01 4.044153e+01 4.044741e+01 4.045330e+01 4.045918e+01 4.046506e+01 4.047094e+01 4.047681e+01 4.048269e+01 4.048856e+01 4.049443e+01</elevationAngle>
        <elevationPattern count="562">3.499948e+14 6.711837e+14 3.534453e+14 6.774878e+14 3.568944e+14 6.837894e+14 3.603420e+14 6.900881e+14 3.638453e+14 6.964771e+14 3.674063e+14 7.029597e+14 3.709659e+14 7.094395e+14 3.745241e+14 7.159170e+14 3.780806e+14 7.223913e+14 3.816358e+14 7.288630e+14 3.851893e+14 7.353320e+14 3.887852e+14 7.418684e+14 3.924084e+14 7.484480e+14 3.960302e+14 7.550252e+14 3.996503e+14 7.615993e+14 4.032688e+14 7.681705e+14 4.068861e+14 7.747396e+14 4.105017e+14 7.813054e+14 4.141661e+14 7.879693e+14 4.178510e+14 7.946743e+14 4.215342e+14 8.013763e+14 4.252161e+14 8.080760e+14 4.288963e+14 8.147725e+14 4.325752e+14 8.214667e+14 4.362524e+14 8.281577e+14 4.399947e+14 8.349237e+14 4.437553e+14 8.417102e+14 4.475145e+14 8.484939e+14 4.512721e+14 8.552750e+14 4.550280e+14 8.620529e+14 4.587824e+14 8.688281e+14 4.625353e+14 8.756003e+14 4.663103e+14 8.824293e+14 4.700888e+14 8.892679e+14 4.738658e+14 8.961038e+14 4.776412e+14 9.029370e+14 4.814150e+14 9.097671e+14 4.851873e+14 9.165944e+14 4.889580e+14 9.234190e+14 4.927763e+14 9.302898e+14 4.966012e+14 9.371662e+14 5.004246e+14 9.440397e+14 5.042462e+14 9.509100e+14 5.080665e+14 9.577780e+14 5.118851e+14 9.646430e+14 5.157022e+14 9.715051e+14 5.195302e+14 9.784391e+14 5.233583e+14 9.853810e+14 5.271849e+14 9.923203e+14 5.310100e+14 9.992569e+14 5.348335e+14 1.006191e+15 5.386553e+14 1.013121e+15 5.424758e+14 1.020049e+15 5.463070e+14 1.026901e+15 5.501381e+14 1.033737e+15 5.539681e+14 1.040571e+15 5.577964e+14 1.047402e+15 5.616231e+14 1.054231e+15 5.654484e+14 1.061057e+15 5.692720e+14 1.067879e+15 5.730820e+14 1.074699e+15 5.768882e+14 1.081516e+15 5.806931e+14 1.088331e+15 5.844961e+14 1.095142e+15 5.882977e+14 1.101951e+15 5.920978e+14 1.108757e+15 5.958962e+14 1.115560e+15 5.996933e+14 1.122361e+15 6.034887e+14 1.129159e+15 6.072825e+14 1.135954e+15 6.110748e+14 1.142746e+15 6.148655e+14 1.149535e+15 6.186547e+14 1.156322e+15 6.224423e+14 1.163105e+15 6.261980e+14 1.169887e+15 6.299402e+14 1.176665e+15 6.336807e+14 1.183440e+15 6.374200e+14 1.190213e+15 6.411575e+14 1.196983e+15 6.448936e+14 1.203751e+15 6.486282e+14 1.210515e+15 6.523347e+14 1.217188e+15 6.560237e+14 1.223806e+15 6.597116e+14 1.230422e+15 6.633981e+14 1.237035e+15 6.670827e+14 1.243645e+15 6.707660e+14 1.250252e+15 6.744478e+14 1.256857e+15 6.780913e+14 1.263312e+15 6.817000e+14 1.269631e+15 6.853072e+14 1.275946e+15 6.889130e+14 1.282260e+15 6.925171e+14 1.288571e+15 6.961198e+14 1.294879e+15 6.997212e+14 1.301185e+15 7.032934e+14 1.307488e+15 7.068220e+14 1.313789e+15 7.103486e+14 1.320087e+15 7.138743e+14 1.326383e+15 7.173983e+14 1.332675e+15 7.209211e+14 1.338966e+15 7.244423e+14 1.345254e+15 7.279415e+14 1.351505e+15 7.313762e+14 1.357649e+15 7.348093e+14 1.363789e+15 7.382412e+14 1.369927e+15 7.416719e+14 1.376063e+15 7.451009e+14 1.382197e+15 7.485287e+14 1.388328e+15 7.519466e+14 1.394435e+15 7.552605e+14 1.400283e+15 7.585724e+14 1.406128e+15 7.618833e+14 1.411970e+15 7.651927e+14 1.417811e+15 7.685013e+14 1.423649e+15 7.718083e+14 1.429485e+15 7.751136e+14 1.435318e+15 7.783199e+14 1.441027e+15 7.815117e+14 1.446717e+15 7.847021e+14 1.452404e+15 7.878916e+14 1.458089e+15 7.910799e+14 1.463773e+15 7.942666e+14 1.469454e+15 7.974519e+14 1.475132e+15 8.005525e+14 1.480529e+15 8.036109e+14 1.485788e+15 8.066679e+14 1.491045e+15 8.097241e+14 1.496300e+15 8.127784e+14 1.501551e+15 8.158320e+14 1.506802e+15 8.188846e+14 1.512051e+15 8.218749e+14 1.517236e+15 8.247867e+14 1.522342e+15 8.276973e+14 1.527445e+15 8.306069e+14 1.532548e+15 8.335152e+14 1.537648e+15 8.364225e+14 1.542746e+15 8.393281e+14 1.547841e+15 8.422028e+14 1.552884e+15 8.449413e+14 1.557701e+15 8.476787e+14 1.562515e+15 8.504149e+14 1.567328e+15 8.531505e+14 1.572139e+15 8.558844e+14 1.576947e+15 8.586176e+14 1.581755e+15 8.613497e+14 1.586559e+15 8.639437e+14 1.591114e+15 8.665220e+14 1.595640e+15 8.691002e+14 1.600165e+15 8.716770e+14 1.604688e+15 8.742527e+14 1.609210e+15 8.768278e+14 1.613730e+15 8.794012e+14 1.618247e+15 8.818736e+14 1.622512e+15 8.842815e+14 1.626616e+15 8.866879e+14 1.630718e+15 8.890933e+14 1.634818e+15 8.914983e+14 1.638917e+15 8.939019e+14 1.643015e+15 8.963049e+14 1.647111e+15 8.986504e+14 1.651084e+15 9.008601e+14 1.654767e+15 9.030691e+14 1.658448e+15 9.052776e+14 1.662129e+15 9.074848e+14 1.665808e+15 9.096912e+14 1.669485e+15 9.118967e+14 1.673161e+15 9.141014e+14 1.676836e+15 9.161231e+14 1.680249e+15 9.181357e+14 1.683648e+15 9.201475e+14 1.687047e+15 9.221585e+14 1.690443e+15 9.241686e+14 1.693839e+15 9.261781e+14 1.697233e+15 9.281867e+14 1.700626e+15 9.300893e+14 1.703775e+15 9.319199e+14 1.706759e+15 9.337500e+14 1.709741e+15 9.355791e+14 1.712722e+15 9.374078e+14 1.715702e+15 9.392353e+14 1.718680e+15 9.410626e+14 1.721658e+15 9.428485e+14 1.724576e+15 9.444849e+14 1.727281e+15 9.461205e+14 1.729984e+15 9.477557e+14 1.732687e+15 9.493899e+14 1.735389e+15 9.510234e+14 1.738088e+15 9.526567e+14 1.740788e+15 9.542892e+14 1.743486e+15 9.557571e+14 1.745856e+15 9.571863e+14 1.748148e+15 9.586147e+14 1.750439e+15 9.600425e+14 1.752729e+15 9.614694e+14 1.755017e+15 9.628964e+14 1.757305e+15 9.643224e+14 1.759593e+15 9.656706e+14 1.761672e+15 9.668940e+14 1.763420e+15 9.681168e+14 1.765167e+15 9.693391e+14 1.766913e+15 9.705611e+14 1.768659e+15 9.717827e+14 1.770404e+15 9.730036e+14 1.772148e+15 9.742240e+14 1.773891e+15 9.752302e+14 1.775383e+15 9.762220e+14 1.776857e+15 9.772135e+14 1.778331e+15 9.782042e+14 1.779804e+15 9.791946e+14 1.781276e+15 9.801850e+14 1.782748e+15 9.811745e+14 1.784219e+15 9.820579e+14 1.785440e+15 9.828194e+14 1.786375e+15 9.835808e+14 1.787310e+15 9.843417e+14 1.788244e+15 9.851028e+14 1.789179e+15 9.858634e+14 1.790113e+15 9.866237e+14 1.791047e+15 9.873839e+14 1.791980e+15 9.879348e+14 1.792652e+15 9.884811e+14 1.793318e+15 9.890272e+14 1.793984e+15 9.895727e+14 1.794650e+15 9.901187e+14 1.795316e+15 9.906639e+14 1.795980e+15 9.912091e+14 1.796645e+15 9.916424e+14 1.797062e+15 9.919484e+14 1.797195e+15 9.922536e+14 1.797328e+15 9.925590e+14 1.797460e+15 9.928642e+14 1.797593e+15 9.931694e+14 1.797726e+15 9.934744e+14 1.797858e+15 9.937795e+14 1.797992e+15 9.938616e+14 1.797753e+15 9.939278e+14 1.797488e+15 9.939941e+14 1.797223e+15 9.940604e+14 1.796959e+15 9.941265e+14 1.796694e+15 9.941927e+14 1.796430e+15 9.942592e+14 1.796166e+15 9.942406e+14 1.795752e+15 9.940821e+14 1.795092e+15 9.939237e+14 1.794432e+15 9.937652e+14 1.793771e+15 9.936068e+14 1.793112e+15 9.934484e+14 1.792452e+15 9.932902e+14 1.791793e+15 9.931322e+14 1.791134e+15 9.927954e+14 1.790160e+15 9.924139e+14 1.789107e+15 9.920318e+14 1.788054e+15 9.916504e+14 1.787001e+15 9.912690e+14 1.785949e+15 9.908879e+14 1.784897e+15 9.905064e+14 1.783845e+15 9.900790e+14 1.782691e+15 9.894619e+14 1.781116e+15 9.888449e+14 1.779540e+15 9.882279e+14 1.777965e+15 9.876117e+14 1.776391e+15 9.869951e+14 1.774817e+15 9.863789e+14 1.773244e+15 9.857633e+14 1.771672e+15 9.850126e+14 1.769950e+15 9.841618e+14 1.768118e+15 9.833110e+14 1.766285e+15 9.824607e+14 1.764454e+15 9.816105e+14 1.762623e+15 9.807606e+14 1.760792e+15 9.799113e+14 1.758963e+15 9.790623e+14 1.757134e+15 9.780200e+14 1.754822e+15 9.769625e+14 1.752472e+15 9.759058e+14 1.750124e+15 9.748492e+14 1.747776e+15 9.737932e+14 1.745429e+15 9.727377e+14 1.743084e+15 9.716823e+14 1.740739e+15 9.705668e+14 1.738327e+15 9.692784e+14 1.735724e+15 9.679901e+14 1.733122e+15 9.667021e+14 1.730520e+15 9.654148e+14 1.727919e+15 9.641282e+14 1.725320e+15 9.628419e+14 1.722721e+15 9.615561e+14 1.720124e+15 9.601531e+14 1.717232e+15 9.586603e+14 1.714117e+15 9.571684e+14 1.711004e+15 9.556773e+14 1.707892e+15 9.541866e+14 1.704781e+15 9.526963e+14 1.701670e+15 9.512067e+14 1.698562e+15 9.497175e+14 1.695454e+15 9.480413e+14 1.692127e+15 9.463334e+14 1.688763e+15 9.446263e+14 1.685400e+15 9.429198e+14 1.682039e+15 9.412139e+14 1.678679e+15 9.395087e+14 1.675320e+15 9.378039e+14 1.671962e+15 9.360788e+14 1.668576e+15 9.341948e+14 1.664963e+15 9.323114e+14 1.661351e+15 9.304286e+14 1.657740e+15 9.285470e+14 1.654131e+15 9.266661e+14 1.650524e+15 9.247858e+14 1.646918e+15 9.229059e+14 1.643313e+15 9.209534e+14 1.639571e+15 9.188693e+14 1.635583e+15 9.167861e+14 1.631597e+15 9.147035e+14 1.627612e+15 9.126218e+14 1.623629e+15 9.105408e+14 1.619646e+15 9.084609e+14 1.615666e+15 9.063814e+14 1.611687e+15 9.041921e+14 1.607488e+15 9.019221e+14 1.603127e+15 8.996528e+14 1.598768e+15 8.973843e+14 1.594411e+15 8.951166e+14 1.590054e+15 8.928501e+14 1.585701e+15 8.905843e+14 1.581348e+15 8.883190e+14 1.576997e+15 8.859367e+14 1.572451e+15 8.835199e+14 1.567847e+15 8.811040e+14 1.563246e+15 8.786894e+14 1.558647e+15 8.762752e+14 1.554048e+15 8.738624e+14 1.549452e+15 8.714500e+14 1.544857e+15 8.690391e+14 1.540265e+15 8.664603e+14 1.535553e+15 8.638725e+14 1.530837e+15 8.612856e+14 1.526121e+15 8.586995e+14 1.521408e+15 8.561143e+14 1.516696e+15 8.535308e+14 1.511987e+15 8.509476e+14 1.507279e+15 8.483527e+14 1.502538e+15 8.456318e+14 1.497452e+15 8.429120e+14 1.492368e+15 8.401932e+14 1.487286e+15 8.374752e+14 1.482206e+15 8.347585e+14 1.477128e+15 8.320426e+14 1.472051e+15 8.293279e+14 1.466977e+15 8.265839e+14 1.461877e+15 8.237314e+14 1.456679e+15 8.208805e+14 1.451484e+15 8.180307e+14 1.446292e+15 8.151816e+14 1.441100e+15 8.123337e+14 1.435910e+15 8.094869e+14 1.430723e+15 8.066408e+14 1.425537e+15 8.037561e+14 1.420273e+15 8.007860e+14 1.414838e+15 7.978170e+14 1.409406e+15 7.948495e+14 1.403976e+15 7.918827e+14 1.398547e+15 7.889170e+14 1.393121e+15 7.859526e+14 1.387696e+15 7.829893e+14 1.382274e+15 7.799822e+14 1.376804e+15 7.769076e+14 1.371260e+15 7.738343e+14 1.365718e+15 7.707620e+14 1.360177e+15 7.676908e+14 1.354639e+15 7.646211e+14 1.349104e+15 7.615520e+14 1.343569e+15 7.584845e+14 1.338038e+15 7.553782e+14 1.332394e+15 7.522247e+14 1.326615e+15 7.490728e+14 1.320839e+15 7.459217e+14 1.315064e+15 7.427722e+14 1.309292e+15 7.396234e+14 1.303521e+15 7.364762e+14 1.297753e+15 7.333299e+14 1.291987e+15 7.301426e+14 1.286223e+15 7.269107e+14 1.280461e+15 7.236806e+14 1.274702e+15 7.204512e+14 1.268944e+15 7.172236e+14 1.263189e+15 7.139967e+14 1.257436e+15 7.107709e+14 1.251685e+15 7.075467e+14 1.245936e+15 7.042930e+14 1.240128e+15 7.010086e+14 1.234259e+15 6.977256e+14 1.228392e+15 6.944435e+14 1.222526e+15 6.911628e+14 1.216664e+15 6.878832e+14 1.210803e+15 6.846048e+14 1.204944e+15 6.813278e+14 1.199088e+15 6.780282e+14 1.193174e+15 6.747039e+14 1.187198e+15 6.713806e+14 1.181224e+15 6.680586e+14 1.175251e+15 6.647379e+14 1.169282e+15 6.614183e+14 1.163314e+15 6.580999e+14 1.157348e+15 6.547827e+14 1.151385e+15 6.514510e+14 1.145424e+15 6.480992e+14 1.139465e+15 6.447483e+14 1.133508e+15 6.413991e+14 1.127554e+15 6.380509e+14 1.121602e+15 6.347038e+14 1.115651e+15 6.313582e+14 1.109704e+15 6.280139e+14 1.103758e+15 6.246570e+14 1.097814e+15 6.212779e+14 1.091873e+15 6.179000e+14 1.085934e+15 6.145237e+14 1.079998e+15 6.111482e+14 1.074063e+15 6.077739e+14 1.068130e+15 6.044011e+14 1.062200e+15 6.010295e+14 1.056272e+15 5.976624e+14 1.050346e+15 5.943056e+14 1.044422e+15 5.909503e+14 1.038501e+15 5.875960e+14 1.032581e+15 5.842427e+14 1.026664e+15 5.808910e+14 1.020749e+15 5.775404e+14 1.014836e+15 5.741910e+14 1.008925e+15 5.708428e+14 1.003004e+15 5.674958e+14 9.970241e+14 5.641503e+14 9.910465e+14 5.608058e+14 9.850707e+14 5.574625e+14 9.790970e+14 5.541206e+14 9.731257e+14 5.507798e+14 9.671564e+14 5.474401e+14 9.611893e+14 5.441023e+14 9.552276e+14 5.407775e+14 9.493632e+14 5.374539e+14 9.435009e+14 5.341316e+14 9.376410e+14 5.308104e+14 9.317828e+14 5.274903e+14 9.259268e+14 5.241716e+14 9.200733e+14 5.208541e+14 9.142216e+14 5.175378e+14 9.083722e+14 5.142440e+14 9.025781e+14 5.109546e+14 8.967941e+14 5.076664e+14 8.910122e+14 5.043792e+14 8.852322e+14 5.010936e+14 8.794548e+14 4.978091e+14 8.736795e+14 4.945256e+14 8.679059e+14 4.912433e+14 8.621346e+14 4.879956e+14 8.564153e+14 4.847645e+14 8.507213e+14 4.815348e+14 8.450295e+14 4.783061e+14 8.393400e+14 4.750787e+14 8.336523e+14 4.718523e+14 8.279665e+14 4.686272e+14 8.222830e+14 4.654033e+14 8.166017e+14 4.622035e+14 8.109682e+14 4.590305e+14 8.053880e+14 4.558588e+14 7.998102e+14 4.526880e+14 7.942341e+14 4.495185e+14 7.886601e+14 4.463500e+14 7.830880e+14 4.431831e+14 7.775185e+14 4.400169e+14 7.719504e+14 4.368693e+14 7.664133e+14 4.337782e+14 7.609705e+14 4.306884e+14 7.555302e+14 4.275997e+14 7.500916e+14 4.245120e+14 7.446549e+14 4.214255e+14 7.392202e+14 4.183400e+14 7.337873e+14 4.152557e+14 7.283566e+14 4.121728e+14 7.229281e+14 4.091497e+14 7.176192e+14 4.061292e+14 7.123152e+14 4.031097e+14 7.070132e+14 4.000915e+14 7.017131e+14 3.970742e+14 6.964147e+14 3.940582e+14 6.911187e+14 3.910431e+14 6.858241e+14 3.880292e+14 6.805317e+14 3.850665e+14 6.753330e+14 3.821270e+14 6.701768e+14 3.791886e+14 6.650227e+14 3.762512e+14 6.598702e+14 3.733149e+14 6.547196e+14 3.703798e+14 6.495711e+14 3.674458e+14 6.444245e+14 3.645126e+14 6.392796e+14 3.616173e+14 6.342006e+14 3.587824e+14 6.292277e+14 3.559486e+14 6.242565e+14 3.531159e+14 6.192872e+14 3.502840e+14 6.143194e+14 3.474533e+14 6.093537e+14 3.446236e+14 6.043897e+14 3.417949e+14 5.994274e+14 3.389712e+14 5.944738e+14 3.362283e+14 5.896587e+14 3.334864e+14 5.848455e+14 3.307456e+14 5.800342e+14 3.280057e+14 5.752244e+14 3.252669e+14 5.704165e+14 3.225290e+14 5.656103e+14 3.197921e+14 5.608058e+14 3.170562e+14 5.560031e+14 3.143869e+14 5.513251e+14 3.117484e+14 5.467047e+14 3.091110e+14 5.420863e+14 3.064745e+14 5.374693e+14 3.038389e+14 5.328541e+14 3.012042e+14 5.282404e+14 2.985706e+14 5.236286e+14 2.959377e+14 5.190182e+14 2.933384e+14 5.144636e+14 2.908147e+14 5.100352e+14 2.882919e+14 5.056084e+14 2.857699e+14 5.011831e+14 2.832490e+14 4.967595e+14 2.807289e+14 4.923375e+14 2.782097e+14 4.879170e+14 2.756914e+14 4.834981e+14 2.731741e+14 4.790810e+14 2.707423e+14 4.748240e+14 2.683216e+14 4.705878e+14 2.659019e+14 4.663532e+14 2.634829e+14 4.621201e+14 2.610649e+14 4.578886e+14 2.586477e+14 4.536584e+14 2.562314e+14 4.494300e+14 2.538160e+14 4.452031e+14 2.514499e+14 4.410636e+14 2.491426e+14 4.370289e+14 2.468363e+14 4.329957e+14 2.445307e+14 4.289640e+14 2.422259e+14 4.249336e+14 2.399221e+14 4.209047e+14 2.376190e+14 4.168772e+14 2.353166e+14 4.128511e+14 2.330152e+14 4.088266e+14 2.308318e+14 4.049910e+14 2.286499e+14 4.011579e+14 2.264689e+14 3.973264e+14 2.242885e+14 3.934961e+14 2.221090e+14 3.896671e+14 2.199302e+14 3.858397e+14 2.177523e+14 3.820135e+14 2.155751e+14 3.781887e+14 2.134522e+14 3.744605e+14 2.113825e+14 3.708266e+14 2.093133e+14 3.671939e+14 2.072451e+14 3.635627e+14 2.051774e+14 3.599326e+14 2.031106e+14 3.563038e+14 2.010445e+14 3.526764e+14</elevationPattern>
        <incidenceAngle count="562">4.172969e+01 4.173834e+01 4.174699e+01 4.175565e+01 4.176430e+01 4.177295e+01 4.178159e+01 4.179022e+01 4.179886e+01 4.180748e+01 4.181612e+01 4.182474e+01 4.183336e+01 4.184198e+01 4.185059e+01 4.185921e+01 4.186781e+01 4.187642e+01 4.188503e+01 4.189362e+01 4.190222e+01 4.191081e+01 4.191939e+01 4.192798e+01 4.193657e+01 4.194514e+01 4.195372e+01 4.196230e+01 4.197086e+01 4.197943e+01 4.198799e+01 4.199655e+01 4.200511e+01 4.201366e+01 4.202222e+01 4.203076e+01 4.203931e+01 4.204785e+01 4.205638e+01 4.206491e+01 4.207346e+01 4.208197e+01 4.209050e+01 4.209903e+01 4.210754e+01 4.211606e+01 4.212457e+01 4.213309e+01 4.214159e+01 4.215009e+01 4.215858e+01 4.216708e+01 4.217558e+01 4.218407e+01 4.219255e+01 4.220103e+01 4.220952e+01 4.221800e+01 4.222647e+01 4.223494e+01 4.224341e+01 4.225188e+01 4.226035e+01 4.226880e+01 4.227725e+01 4.228571e+01 4.229416e+01 4.230260e+01 4.231105e+01 4.231949e+01 4.232793e+01 4.233636e+01 4.234479e+01 4.235321e+01 4.236165e+01 4.237006e+01 4.237848e+01 4.238690e+01 4.239531e+01 4.240372e+01 4.241212e+01 4.242053e+01 4.242892e+01 4.243732e+01 4.244572e+01 4.245410e+01 4.246249e+01 4.247089e+01 4.247926e+01 4.248764e+01 4.249602e+01 4.250439e+01 4.251276e+01 4.252112e+01 4.252948e+01 4.253784e+01 4.254620e+01 4.255457e+01 4.256291e+01 4.257126e+01 4.257961e+01 4.258794e+01 4.259628e+01 4.260461e+01 4.261295e+01 4.262128e+01 4.262961e+01 4.263792e+01 4.264626e+01 4.265457e+01 4.266289e+01 4.267119e+01 4.267950e+01 4.268781e+01 4.269611e+01 4.270441e+01 4.271271e+01 4.272101e+01 4.272929e+01 4.273758e+01 4.274586e+01 4.275415e+01 4.276242e+01 4.277071e+01 4.277898e+01 4.278725e+01 4.279550e+01 4.280377e+01 4.281203e+01 4.282028e+01 4.282854e+01 4.283679e+01 4.284505e+01 4.285329e+01 4.286153e+01 4.286977e+01 4.287801e+01 4.288625e+01 4.289447e+01 4.290269e+01 4.291092e+01 4.291914e+01 4.292737e+01 4.293558e+01 4.294380e+01 4.295201e+01 4.296022e+01 4.296841e+01 4.297662e+01 4.298482e+01 4.299301e+01 4.300121e+01 4.300940e+01 4.301758e+01 4.302577e+01 4.303395e+01 4.304213e+01 4.305029e+01 4.305847e+01 4.306664e+01 4.307481e+01 4.308298e+01 4.309113e+01 4.309929e+01 4.310744e+01 4.311560e+01 4.312375e+01 4.313188e+01 4.314003e+01 4.314818e+01 4.315631e+01 4.316444e+01 4.317258e+01 4.318071e+01 4.318883e+01 4.319695e+01 4.320508e+01 4.321320e+01 4.322130e+01 4.322942e+01 4.323752e+01 4.324564e+01 4.325374e+01 4.326183e+01 4.326993e+01 4.327802e+01 4.328612e+01 4.329420e+01 4.330229e+01 4.331036e+01 4.331845e+01 4.332652e+01 4.333459e+01 4.334267e+01 4.335074e+01 4.335881e+01 4.336687e+01 4.337492e+01 4.338298e+01 4.339104e+01 4.339909e+01 4.340714e+01 4.341518e+01 4.342323e+01 4.343126e+01 4.343930e+01 4.344734e+01 4.345537e+01 4.346339e+01 4.347142e+01 4.347945e+01 4.348747e+01 4.349548e+01 4.350349e+01 4.351151e+01 4.351952e+01 4.352753e+01 4.353552e+01 4.354353e+01 4.355153e+01 4.355952e+01 4.356752e+01 4.357550e+01 4.358350e+01 4.359148e+01 4.359946e+01 4.360744e+01 4.361542e+01 4.362338e+01 4.363135e+01 4.363933e+01 4.364728e+01 4.365524e+01 4.366321e+01 4.367116e+01 4.367911e+01 4.368707e+01 4.369501e+01 4.370296e+01 4.371091e+01 4.371884e+01 4.372678e+01 4.373471e+01 4.374265e+01 4.375056e+01 4.375850e+01 4.376642e+01 4.377434e+01 4.378226e+01 4.379018e+01 4.379808e+01 4.380600e+01 4.381390e+01 4.382181e+01 4.382971e+01 4.383760e+01 4.384550e+01 4.385339e+01 4.386128e+01 4.386917e+01 4.387706e+01 4.388493e+01 4.389282e+01 4.390070e+01 4.390857e+01 4.391644e+01 4.392430e+01 4.393217e+01 4.394003e+01 4.394789e+01 4.395575e+01 4.396361e+01 4.397147e+01 4.397931e+01 4.398715e+01 4.399500e+01 4.400284e+01 4.401068e+01 4.401852e+01 4.402635e+01 4.403418e+01 4.404201e+01 4.404984e+01 4.405766e+01 4.406548e+01 4.407329e+01 4.408112e+01 4.408893e+01 4.409673e+01 4.410454e+01 4.411234e+01 4.412015e+01 4.412794e+01 4.413574e+01 4.414352e+01 4.415132e+01 4.415910e+01 4.416690e+01 4.417468e+01 4.418246e+01 4.419023e+01 4.419801e+01 4.420578e+01 4.421355e+01 4.422131e+01 4.422908e+01 4.423685e+01 4.424460e+01 4.425237e+01 4.426012e+01 4.426787e+01 4.427562e+01 4.428336e+01 4.429111e+01 4.429884e+01 4.430658e+01 4.431432e+01 4.432205e+01 4.432977e+01 4.433751e+01 4.434523e+01 4.435295e+01 4.436067e+01 4.436839e+01 4.437610e+01 4.438382e+01 4.439153e+01 4.439923e+01 4.440694e+01 4.441464e+01 4.442233e+01 4.443004e+01 4.443773e+01 4.444542e+01 4.445311e+01 4.446078e+01 4.446848e+01 4.447615e+01 4.448383e+01 4.449152e+01 4.449918e+01 4.450685e+01 4.451453e+01 4.452219e+01 4.452985e+01 4.453751e+01 4.454517e+01 4.455283e+01 4.456047e+01 4.456812e+01 4.457578e+01 4.458342e+01 4.459105e+01 4.459869e+01 4.460634e+01 4.461397e+01 4.462160e+01 4.462923e+01 4.463686e+01 4.464449e+01 4.465210e+01 4.465971e+01 4.466734e+01 4.467496e+01 4.468256e+01 4.469017e+01 4.469778e+01 4.470538e+01 4.471298e+01 4.472058e+01 4.472818e+01 4.473578e+01 4.474336e+01 4.475095e+01 4.475854e+01 4.476613e+01 4.477371e+01 4.478128e+01 4.478886e+01 4.479643e+01 4.480400e+01 4.481157e+01 4.481914e+01 4.482671e+01 4.483426e+01 4.484183e+01 4.484938e+01 4.485693e+01 4.486449e+01 4.487204e+01 4.487958e+01 4.488712e+01 4.489467e+01 4.490221e+01 4.490974e+01 4.491727e+01 4.492480e+01 4.493233e+01 4.493987e+01 4.494739e+01 4.495491e+01 4.496242e+01 4.496994e+01 4.497745e+01 4.498497e+01 4.499248e+01 4.499998e+01 4.500748e+01 4.501498e+01 4.502248e+01 4.502998e+01 4.503748e+01 4.504497e+01 4.505246e+01 4.505994e+01 4.506743e+01 4.507491e+01 4.508238e+01 4.508986e+01 4.509734e+01 4.510481e+01 4.511227e+01 4.511975e+01 4.512721e+01 4.513467e+01 4.514214e+01 4.514960e+01 4.515704e+01 4.516451e+01 4.517195e+01 4.517940e+01 4.518684e+01 4.519429e+01 4.520172e+01 4.520917e+01 4.521660e+01 4.522403e+01 4.523146e+01 4.523889e+01 4.524631e+01 4.525374e+01 4.526115e+01 4.526857e+01 4.527600e+01 4.528340e+01 4.529082e+01 4.529823e+01 4.530563e+01 4.531303e+01 4.532043e+01 4.532784e+01 4.533524e+01 4.534264e+01 4.535002e+01 4.535741e+01 4.536479e+01 4.537218e+01 4.537956e+01 4.538695e+01 4.539432e+01 4.540170e+01 4.540907e+01 4.541644e+01 4.542381e+01 4.543118e+01 4.543854e+01 4.544591e+01 4.545326e+01 4.546062e+01 4.546797e+01 4.547533e+01 4.548267e+01 4.549002e+01 4.549736e+01 4.550470e+01 4.551204e+01 4.551938e+01 4.552672e+01 4.553404e+01 4.554138e+01 4.554871e+01 4.555603e+01 4.556335e+01 4.557068e+01 4.557799e+01 4.558531e+01 4.559262e+01 4.559993e+01 4.560724e+01 4.561455e+01 4.562186e+01 4.562917e+01 4.563646e+01 4.564375e+01 4.565105e+01 4.565834e+01 4.566563e+01 4.567293e+01 4.568021e+01 4.568748e+01 4.569478e+01 4.570206e+01 4.570932e+01 4.571660e+01 4.572388e+01 4.573114e+01 4.573840e+01 4.574567e+01 4.575293e+01 4.576019e+01 4.576746e+01 4.577470e+01 4.578197e+01 4.578922e+01 4.579646e+01 4.580371e+01 4.581096e+01 4.581819e+01 4.582544e+01 4.583267e+01 4.583990e+01 4.584714e+01 4.585437e+01 4.586160e+01 4.586882e+01 4.587604e+01 4.588327e+01 4.589049e+01 4.589771e+01 4.590492e+01 4.591212e+01 4.591934e+01 4.592654e+01 4.593375e+01 4.594095e+01 4.594815e+01 4.595535e+01 4.596254e+01 4.596974e+01 4.597693e+01 4.598412e+01 4.599130e+01 4.599849e+01 4.600568e+01 4.601285e+01 4.602003e+01 4.602721e+01 4.603438e+01 4.604155e+01 4.604872e+01 4.605589e+01 4.606305e+01 4.607021e+01 4.607738e+01 4.608453e+01 4.609169e+01 4.609883e+01 4.610599e+01 4.611314e+01 4.612029e+01 4.612743e+01 4.613457e+01</incidenceAngle>
        <terrainHeight>1.648925050000000e+03</terrainHeight>
        <roll>3.010620490821651e+01</roll>
      </antennaPattern>
    </antennaPatternList>
  </antennaPattern>
  <swathTiming>
    <linesPerBurst>1516</linesPerBurst>
    <samplesPerBurst>24561</samplesPerBurst>
    <burstList count="9">
      <burst>
        <azimuthTime>2015-05-16T13:34:20.958785</azimuthTime>
        <azimuthAnxTime>2.328731392000000e+03</azimuthAnxTime>
        <sensingTime>2015-05-16T13:34:22.100887</sensingTime>
        <byteOffset>8</byteOffset>
        <firstValidSample count="1516">-1 -1 -1 -1 -1 -1 -1 -1 -1 -1 -1 -1 -1 -1 -1 -1 -1 -1 -1 -1 -1 -1 -1 -1 -1 -1 -1 300 300 300 300 300 300 300 300 300 300 300 300 300 300 300 300 300 300 300 300 300 300 300 300 300 300 300 300 300 300 300 300 300 300 300 300 300 300 300 300 300 300 300 300 300 300 300 300 300 300 300 300 300 300 300 300 300 300 300 300 300 300 300 300 300 300 300 300 300 300 300 300 300 300 300 300 300 300 300 300 300 300 300 300 300 300 300 300 300 300 300 300 300 300 300 300 300 300 300 300 300 300 300 300 300 300 300 300 300 300 300 300 300 300 300 300 300 300 300 300 300 300 300 300 300 300 300 300 300 300 300 300 300 300 300 300 300 300 300 300 300 300 300 300 300 300 300 300 300 300 300 300 300 300 300 300 300 300 300 300 300 300 300 300 300 300 300 300 300 300 300 300 300 300 300 300 300 300 300 300 300 300 300 300 300 300 300 300 300 300 300 300 300 300 300 300 300 300 300 300 300 300 300 300 300 300 300 300 300 300 300 300 300 300 300 300 300 300 300 300 300 300 300 300 300 300 300 300 300 300 300 300 300 300 300 300 300 300 300 300 300 300 300 300 300 300 300 300 300 300 300 300 300 300 300 300 300 300 300 300 300 300 300 300 300 300 300 300 300 300 300 300 300 300 300 300 300 300 300 300 300 300 300 300 300 300 300 300 300 300 300 300 300 300 300 300 300 300 300 300 300 300 300 300 300 300 300 300 300 300 300 300 300 300 300 300 300 300 300 300 300 300 300 300 300 300 300 300 300 300 300 300 300 300 300 300 300 300 300 300 300 300 300 300 300 300 300 300 300 300 300 300 300 300 300 300 300 300 300 300 300 300 300 300 300 300 300 300 300 300 300 300 300 300 300 300 300 300 300 300 300 300 300 300 300 300 300 300 300 300 300 300 300 300 300 300 300 300 300 300 300 300 300 300 300 300 300 300 300 300 300 300 300 300 300 300 300 300 300 300 300 300 300 300 300 300 300 300 300 300 300 300 300 300 300 300 300 300 300 300 300 300 300 300 300 300 300 300 300 300 300 300 300 300 300 300 300 300 300 300 300 300 300 300 300 300 300 300 300 300 300 300 300 300 300 300 300 300 300 300 300 300 300 300 300 300 300 300 300 300 300 300 300 300 300 300 300 300 300 300 300 300 300 300 300 300 300 300 300 300 300 300 300 300 300 300 300 300 300 300 300 300 300 300 300 300 300 300 300 300 300 300 300 300 300 300 300 300 300 300 300 300 300 300 300 300 300 300 300 300 300 300 300 300 300 300 300 300 300 300 300 300 300 300 300 300 300 300 300 300 300 300 300 300 300 300 300 300 300 300 300 300 300 300 300 300 300 300 300 300 300 300 300 300 300 300 300 300 300 300 300 300 300 300 300 300 300 300 300 300 300 300 300 300 300 300 300 300 300 300 300 300 300 300 300 300 300 300 300 300 300 300 300 300 300 300 300 300 300 300 300 300 300 300 300 300 300 300 300 300 300 300 300 300 300 300 300 300 300 300 300 300 300 300 300 300 300 300 300 300 300 300 300 300 300 300 300 300 300 300 300 300 300 300 300 300 300 300 300 300 300 300 300 300 300 300 300 300 300 300 300 300 300 300 300 300 300 300 300 300 300 300 300 300 300 300 300 300 300 300 300 300 300 300 300 300 300 300 300 300 300 300 300 300 300 300 300 300 300 300 300 300 300 300 300 300 300 300 300 300 300 300 300 300 300 300 300 300 300 300 300 300 300 300 300 300 300 300 300 300 300 300 300 300 300 300 300 300 300 300 300 300 300 300 300 300 300 300 300 300 300 300 300 300 300 300 300 300 300 300 300 300 300 300 300 300 300 300 300 300 300 300 300 300 300 300 300 300 300 300 300 300 300 300 300 300 300 300 300 300 300 300 300 300 300 300 300 300 300 300 300 300 300 300 300 300 300 300 300 300 300 300 300 300 300 300 300 300 300 300 300 300 300 300 300 300 300 300 300 300 300 300 300 300 300 300 300 300 300 300 300 300 300 300 300 300 300 300 300 300 300 300 300 300 300 300 300 300 300 300 300 300 300 300 300 300 300 300 300 300 300 300 300 300 300 300 300 300 300 300 300 300 300 300 300 300 300 300 300 300 300 300 300 300 300 300 300 300 300 300 300 300 300 300 300 300 300 300 300 300 300 300 300 300 300 300 300 300 300 300 300 300 300 300 300 300 300 300 300 300 300 300 300 300 300 300 300 300 300 300 300 300 300 300 300 300 300 300 300 300 300 300 300 300 300 300 300 300 300 300 300 300 300 300 300 300 300 300 300 300 300 300 300 300 300 300 300 300 300 300 300 300 300 300 300 300 300 300 300 300 300 300 300 300 300 300 300 300 300 300 300 300 300 300 300 300 300 300 300 300 300 300 300 300 300 300 300 300 300 300 300 300 300 300 300 300 300 300 300 300 300 300 300 300 300 300 300 300 300 300 300 300 300 300 300 300 300 300 300 300 300 300 300 300 300 300 300 300 300 300 300 300 300 300 300 300 300 300 300 300 300 300 300 300 300 300 300 300 300 300 300 300 300 300 300 300 300 300 300 300 300 300 300 300 300 300 300 300 300 300 300 300 300 300 300 300 300 300 300 300 300 300 300 300 300 300 300 300 300 300 300 300 300 300 300 300 300 300 300 300 300 300 300 300 300 300 300 300 300 300 300 300 300 300 300 300 300 300 300 300 300 300 300 300 300 300 300 300 300 300 300 300 300 300 300 300 300 300 300 300 300 300 300 300 300 300 300 300 300 300 300 300 300 300 300 300 300 300 300 300 300 300 300 300 300 300 300 300 300 300 300 300 300 300 300 300 300 300 300 300 300 300 300 300 300 300 300 300 300 300 300 300 300 300 300 300 300 300 300 300 300 300 300 300 300 300 300 300 300 300 300 300 300 300 300 300 300 300 300 300 300 300 300 300 300 300 300 300 300 300 300 300 300 300 300 300 300 300 300 300 300 300 300 300 300 300 300 300 300 300 300 300 300 300 300 300 300 300 300 300 300 300 300 300 300 300 300 300 300 300 300 300 300 300 300 300 300 300 300 300 300 300 300 300 300 300 300 300 300 300 300 300 300 300 300 300 300 300 300 300 300 300 300 300 300 300 300 300 300 300 300 300 300 300 300 300 300 300 300 300 300 300 300 300 300 300 300 300 300 300 300 300 300 300 300 300 300 300 300 300 300 300 300 300 300 300 300 300 300 300 300 300 300 300 300 300 300 300 300 300 300 300 300 300 300 300 300 300 300 300 300 300 300 300 300 300 300 300 300 300 300 300 300 300 300 300 300 300 300 300 300 300 300 300 -1 -1 -1 -1 -1 -1 -1 -1 -1 -1 -1 -1 -1 -1 -1 -1 -1 -1 -1 -1 -1 -1 -1 -1 -1</firstValidSample>
        <lastValidSample count="1516">-1 -1 -1 -1 -1 -1 -1 -1 -1 -1 -1 -1 -1 -1 -1 -1 -1 -1 -1 -1 -1 -1 -1 -1 -1 -1 -1 23969 23969 23969 23969 23969 23969 23969 23969 23969 23969 23969 23969 23969 23969 23969 23969 23969 23969 23969 23969 23969 23969 23969 23969 23969 23969 23969 23969 23969 23969 23969 23969 23969 23969 23969 23969 23969 23969 23969 23969 23969 23969 23969 23969 23969 23969 23969 23969 23969 23969 23969 23969 23969 23969 23969 23969 23969 23969 23969 23969 23969 23969 23969 23969 23969 23969 23969 23969 23969 23969 23969 23969 23969 23969 23969 23969 23969 23969 23969 23969 23969 23969 23969 23969 23969 23969 23969 23969 23969 23969 23969 23969 23969 23969 23969 23969 23969 23969 23969 23969 23969 23969 23969 23969 23969 23969 23969 23969 23969 23969 23969 23969 23969 23969 23969 23969 23969 23969 23969 23969 23969 23969 23969 23969 23969 23969 23969 23969 23969 23969 23969 23969 23969 23969 23969 23969 23969 23969 23969 23969 23969 23969 23969 23969 23969 23969 23969 23969 23969 23969 23969 23969 23969 23969 23969 23969 23969 23969 23969 23969 23969 23969 23969 23969 23969 23969 23969 23969 23969 23969 23969 23969 23969 23969 23969 23969 23969 23969 23969 23969 23969 23969 23969 23969 23969 23969 23969 23969 23969 23969 23969 23969 23969 23969 23969 23969 23969 23969 23969 23969 23969 23969 23969 23969 23969 23969 23969 23969 23969 23969 23969 23969 23969 23969 23969 23969 23969 23969 23969 23969 23969 23969 23969 23969 23969 23969 23969 23969 23969 23969 23969 23969 23969 23969 23969 23969 23969 23969 23969 23969 23969 23969 23969 23969 23969 23969 23969 23969 23969 23969 23969 23969 23969 23969 23969 23969 23969 23969 23969 23969 23969 23969 23969 23969 23969 23969 23969 23969 23969 23969 23969 23969 23969 23969 23969 23969 23969 23969 23969 23969 23969 23969 23969 23969 23969 23969 23969 23969 23969 23969 23969 23969 23969 23969 23969 23969 23969 23969 23969 23969 23969 23969 23969 23969 23969 23969 23969 23969 23969 23969 23969 23969 23969 23969 23969 23969 23969 23969 23969 23969 23969 23969 23969 23969 23969 23969 23969 23969 23969 23969 23969 23969 23969 23969 23969 23969 23969 23969 23969 23969 23969 23969 23969 23969 23969 23969 23969 23969 23969 23969 23969 23969 23969 23969 23969 23969 23969 23969 23969 23969 23969 23969 23969 23969 23969 23969 23969 23969 23969 23969 23969 23969 23969 23969 23969 23969 23969 23969 23969 23969 23969 23969 23969 23969 23969 23969 23969 23969 23969 23969 23969 23969 23969 23969 23969 23969 23969 23969 23969 23969 23969 23969 23969 23969 23969 23969 23969 23969 23969 23969 23969 23969 23969 23969 23969 23969 23969 23969 23969 23969 23969 23969 23969 23969 23969 23969 23969 23969 23969 23969 23969 23969 23969 23969 23969 23969 23969 23969 23969 23969 23969 23969 23969 23969 23969 23969 23969 23969 23969 23969 23969 23969 23969 23969 23969 23969 23969 23969 23969 23969 23969 23969 23969 23969 23969 23969 23969 23969 23969 23969 23969 23969 23969 23969 23969 23969 23969 23969 23969 23969 23969 23969 23969 23969 23969 23969 23969 23969 23969 23969 23969 23969 23969 23969 23969 23969 23969 23969 23969 23969 23969 23969 23969 23969 23969 23969 23969 23969 23969 23969 23969 23969 23969 23969 23969 23969 23969 23969 23969 23969 23969 23969 23969 23969 23969 23969 23969 23969 23969 23969 23969 23969 23969 23969 23969 23969 23969 23969 23969 23969 23969 23969 23969 23969 23969 23969 23969 23969 23969 23969 23969 23969 23969 23969 23969 23969 23969 23969 23969 23969 23969 23969 23969 23969 23969 23969 23969 23969 23969 23969 23969 23969 23969 23969 23969 23969 23969 23969 23969 23969 23969 23969 23969 23969 23969 23969 23969 23969 23969 23969 23969 23969 23969 23969 23969 23969 23969 23969 23969 23969 23969 23969 23969 23969 23969 23969 23969 23969 23969 23969 23969 23969 23969 23969 23969 23969 23969 23969 23969 23969 23969 23969 23969 23969 23969 23969 23969 23969 23969 23969 23969 23969 23969 23969 23969 23969 23969 23969 23969 23969 23969 23969 23969 23969 23969 23969 23969 23969 23969 23969 23969 23969 23969 23969 23969 23969 23969 23969 23969 23969 23969 23969 23969 23969 23969 23969 23969 23969 23969 23969 23969 23969 23969 23969 23969 23969 23969 23969 23969 23969 23969 23969 23969 23969 23969 23969 23969 23969 23969 23969 23969 23969 23969 23969 23969 23969 23969 23969 23969 23969 23969 23969 23969 23969 23969 23969 23969 23969 23969 23969 23969 23969 23969 23969 23969 23969 23969 23969 23969 23969 23969 23969 23969 23969 23969 23969 23969 23969 23969 23969 23969 23969 23969 23969 23969 23969 23969 23969 23969 23969 23969 23969 23969 23969 23969 23969 23969 23969 23969 23969 23969 23969 23969 23969 23969 23969 23969 23969 23969 23969 23969 23969 23969 23969 23969 23969 23969 23969 23969 23969 23969 23969 23969 23969 23969 23969 23969 23969 23969 23969 23969 23969 23969 23969 23969 23969 23969 23969 23969 23969 23969 23969 23969 23969 23969 23969 23969 23969 23969 23969 23969 23969 23969 23969 23969 23969 23969 23969 23969 23969 23969 23969 23969 23969 23969 23969 23969 23969 23969 23969 23969 23969 23969 23969 23969 23969 23969 23969 23969 23969 23969 23969 23969 23969 23969 23969 23969 23969 23969 23969 23969 23969 23969 23969 23969 23969 23969 23969 23969 23969 23969 23969 23969 23969 23969 23969 23969 23969 23969 23969 23969 23969 23969 23969 23969 23969 23969 23969 23969 23969 23969 23969 23969 23969 23969 23969 23969 23969 23969 23969 23969 23969 23969 23969 23969 23969 23969 23969 23969 23969 23969 23969 23969 23969 23969 23969 23969 23969 23969 23969 23969 23969 23969 23969 23969 23969 23969 23969 23969 23969 23969 23969 23969 23969 23969 23969 23969 23969 23969 23969 23969 23969 23969 23969 23969 23969 23969 23969 23969 23969 23969 23969 23969 23969 23969 23969 23969 23969 23969 23969 23969 23969 23969 23969 23969 23969 23969 23969 23969 23969 23969 23969 23969 23969 23969 23969 23969 23969 23969 23969 23969 23969 23969 23969 23969 23969 23969 23969 23969 23969 23969 23969 23969 23969 23969 23969 23969 23969 23969 23969 23969 23969 23969 23969 23969 23969 23969 23969 23969 23969 23969 23969 23969 23969 23969 23969 23969 23969 23969 23969 23969 23969 23969 23969 23969 23969 23969 23969 23969 23969 23969 23969 23969 23969 23969 23969 23969 23969 23969 23969 23969 23969 23969 23969 23969 23969 23969 23969 23969 23969 23969 23969 23969 23969 23969 23969 23969 23969 23969 23969 23969 23969 23969 23969 23969 23969 23969 23969 23969 23969 23969 23969 23969 23969 23969 23969 23969 23969 23969 23969 23969 23969 23969 23969 23969 23969 23969 23969 23969 23969 23969 23969 23969 23969 23969 23969 23969 23969 23969 23969 23969 23969 23969 23969 23969 23969 23969 23969 23969 23969 23969 23969 23969 23969 23969 23969 23969 23969 23969 23969 23969 23969 23969 23969 23969 23969 23969 23969 23969 23969 23969 23969 23969 23969 23969 23969 23969 23969 23969 23969 23969 23969 23969 23969 23969 23969 23969 23969 23969 23969 23969 23969 23969 23969 23969 23969 23969 23969 23969 23969 23969 23969 23969 23969 23969 23969 23969 23969 23969 23969 23969 23969 23969 23969 23969 23969 23969 23969 23969 23969 23969 23969 23969 23969 23969 23969 23969 23969 23969 23969 23969 23969 23969 23969 23969 23969 23969 23969 23969 23969 23969 23969 23969 23969 23969 23969 23969 23969 23969 23969 23969 23969 23969 23969 23969 23969 23969 23969 23969 23969 23969 23969 23969 23969 23969 23969 23969 23969 23969 23969 23969 23969 23969 23969 23969 23969 23969 23969 23969 23969 23969 23969 23969 23969 23969 23969 23969 23969 23969 23969 23969 23969 23969 23969 23969 23969 23969 23969 23969 23969 23969 23969 23969 23969 23969 23969 23969 23969 23969 23969 23969 23969 23969 23969 23969 23969 23969 23969 23969 23969 23969 23969 23969 23969 23969 23969 23969 23969 23969 23969 23969 23969 23969 23969 23969 23969 23969 23969 23969 23969 23969 23969 23969 23969 23969 23969 23969 23969 23969 23969 23969 23969 23969 23969 23969 23969 23969 23969 23969 23969 23969 23969 23969 23969 23969 23969 23969 23969 23969 23969 23969 23969 23969 23969 23969 23969 23969 23969 23969 23969 23969 23969 23969 23969 23969 23969 23969 23969 23969 23969 23969 23969 23969 23969 23969 23969 23969 23969 23969 23969 23969 23969 23969 23969 23969 23969 23969 23969 23969 23969 23969 23969 23969 23969 23969 23969 23969 23969 23969 23969 23969 23969 23969 23969 23969 23969 23969 23969 23969 23969 23969 23969 23969 23969 23969 23969 23969 23969 23969 23969 23969 23969 23969 23969 23969 23969 23969 23969 23969 23969 23969 23969 23969 23969 23969 23969 23969 23969 23969 23969 23969 23969 23969 23969 23969 23969 23969 23969 23969 23969 23969 23969 23969 23969 23969 23969 23969 23969 23969 23969 23969 23969 23969 23969 23969 23969 23969 23969 23969 23969 23969 23969 23969 23969 23969 23969 23969 23969 23969 23969 23969 23969 23969 23969 23969 23969 23969 23969 23969 23969 23969 23969 23969 23969 23969 23969 23969 23969 23969 23969 23969 23969 23969 23969 -1 -1 -1 -1 -1 -1 -1 -1 -1 -1 -1 -1 -1 -1 -1 -1 -1 -1 -1 -1 -1 -1 -1 -1 -1</lastValidSample>
      </burst>
      <burst>
        <azimuthTime>2015-05-16T13:34:23.717330</azimuthTime>
        <azimuthAnxTime>2.331489936921875e+03</azimuthAnxTime>
        <sensingTime>2015-05-16T13:34:24.859164</sensingTime>
        <byteOffset>148937912</byteOffset>
        <firstValidSample count="1516">-1 -1 -1 -1 -1 -1 -1 -1 -1 -1 -1 -1 -1 -1 -1 -1 -1 -1 -1 -1 -1 -1 -1 -1 -1 -1 300 300 300 300 300 300 300 300 300 300 300 300 300 300 300 300 300 300 300 300 300 300 300 300 300 300 300 300 300 300 300 300 300 300 300 300 300 300 300 300 300 300 300 300 300 300 300 300 300 300 300 300 300 300 300 300 300 300 300 300 300 300 300 300 300 300 300 300 300 300 300 300 300 300 300 300 300 300 300 300 300 300 300 300 300 300 300 300 300 300 300 300 300 300 300 300 300 300 300 300 300 300 300 300 300 300 300 300 300 300 300 300 300 300 300 300 300 300 300 300 300 300 300 300 300 300 300 300 300 300 300 300 300 300 300 300 300 300 300 300 300 300 300 300 300 300 300 300 300 300 300 300 300 300 300 300 300 300 300 300 300 300 300 300 300 300 300 300 300 300 300 300 300 300 300 300 300 300 300 300 300 300 300 300 300 300 300 300 300 300 300 300 300 300 300 300 300 300 300 300 300 300 300 300 300 300 300 300 300 300 300 300 300 300 300 300 300 300 300 300 300 300 300 300 300 300 300 300 300 300 300 300 300 300 300 300 300 300 300 300 300 300 300 300 300 300 300 300 300 300 300 300 300 300 300 300 300 300 300 300 300 300 300 300 300 300 300 300 300 300 300 300 300 300 300 300 300 300 300 300 300 300 300 300 300 300 300 300 300 300 300 300 300 300 300 300 300 300 300 300 300 300 300 300 300 300 300 300 300 300 300 300 300 300 300 300 300 300 300 300 300 300 300 300 300 300 300 300 300 300 300 300 300 300 300 300 300 300 300 300 300 300 300 300 300 300 300 300 300 300 300 300 300 300 300 300 300 300 300 300 300 300 300 300 300 300 300 300 300 300 300 300 300 300 300 300 300 300 300 300 300 300 300 300 300 300 300 300 300 300 300 300 300 300 300 300 300 300 300 300 300 300 300 300 300 300 300 300 300 300 300 300 300 300 300 300 300 300 300 300 300 300 300 300 300 300 300 300 300 300 300 300 300 300 300 300 300 300 300 300 300 300 300 300 300 300 300 300 300 300 300 300 300 300 300 300 300 300 300 300 300 300 300 300 300 300 300 300 300 300 300 300 300 300 300 300 300 300 300 300 300 300 300 300 300 300 300 300 300 300 300 300 300 300 300 300 300 300 300 300 300 300 300 300 300 300 300 300 300 300 300 300 300 300 300 300 300 300 300 300 300 300 300 300 300 300 300 300 300 300 300 300 300 300 300 300 300 300 300 300 300 300 300 300 300 300 300 300 300 300 300 300 300 300 300 300 300 300 300 300 300 300 300 300 300 300 300 300 300 300 300 300 300 300 300 300 300 300 300 300 300 300 300 300 300 300 300 300 300 300 300 300 300 300 300 300 300 300 300 300 300 300 300 300 300 300 300 300 300 300 300 300 300 300 300 300 300 300 300 300 300 300 300 300 300 300 300 300 300 300 300 300 300 300 300 300 300 300 300 300 300 300 300 300 300 300 300 300 300 300 300 300 300 300 300 300 300 300 300 300 300 300 300 300 300 300 300 300 300 300 300 300 300 300 300 300 300 300 300 300 300 300 300 300 300 300 300 300 300 300 300 300 300 300 300 300 300 300 300 300 300 300 300 300 300 300 300 300 300 300 300 300 300 300 300 300 300 300 300 300 300 300 300 300 300 300 300 300 300 300 300 300 300 300 300 300 300 300 300 300 300 300 300 300 300 300 300 300 300 300 300 300 300 300 300 300 300 300 300 300 300 300 300 300 300 300 300 300 300 300 300 300 300 300 300 300 300 300 300 300 300 300 300 300 300 300 300 300 300 300 300 300 300 300 300 300 300 300 300 300 300 300 300 300 300 300 300 300 300 300 300 300 300 300 300 300 300 300 300 300 300 300 300 300 300 300 300 300 300 300 300 300 300 300 300 300 300 300 300 300 300 300 300 300 300 300 300 300 300 300 300 300 300 300 300 300 300 300 300 300 300 300 300 300 300 300 300 300 300 300 300 300 300 300 300 300 300 300 300 300 300 300 300 300 300 300 300 300 300 300 300 300 300 300 300 300 300 300 300 300 300 300 300 300 300 300 300 300 300 300 300 300 300 300 300 300 300 300 300 300 300 300 300 300 300 300 300 300 300 300 300 300 300 300 300 300 300 300 300 300 300 300 300 300 300 300 300 300 300 300 300 300 300 300 300 300 300 300 300 300 300 300 300 300 300 300 300 300 300 300 300 300 300 300 300 300 300 300 300 300 300 300 300 300 300 300 300 300 300 300 300 300 300 300 300 300 300 300 300 300 300 300 300 300 300 300 300 300 300 300 300 300 300 300 300 300 300 300 300 300 300 300 300 300 300 300 300 300 300 300 300 300 300 300 300 300 300 300 300 300 300 300 300 300 300 300 300 300 300 300 300 300 300 300 300 300 300 300 300 300 300 300 300 300 300 300 300 300 300 300 300 300 300 300 300 300 300 300 300 300 300 300 300 300 300 300 300 300 300 300 300 300 300 300 300 300 300 300 300 300 300 300 300 300 300 300 300 300 300 300 300 300 300 300 300 300 300 300 300 300 300 300 300 300 300 300 300 300 300 300 300 300 300 300 300 300 300 300 300 300 300 300 300 300 300 300 300 300 300 300 300 300 300 300 300 300 300 300 300 300 300 300 300 300 300 300 300 300 300 300 300 300 300 300 300 300 300 300 300 300 300 300 300 300 300 300 300 300 300 300 300 300 300 300 300 300 300 300 300 300 300 300 300 300 300 300 300 300 300 300 300 300 300 300 300 300 300 300 300 300 300 300 300 300 300 300 300 300 300 300 300 300 300 300 300 300 300 300 300 300 300 300 300 300 300 300 300 300 300 300 300 300 300 300 300 300 300 300 300 300 300 300 300 300 300 300 300 300 300 300 300 300 300 300 300 300 300 300 300 300 300 300 300 300 300 300 300 300 300 300 300 300 300 300 300 300 300 300 300 300 300 300 300 300 300 300 300 300 300 300 300 300 300 300 300 300 300 300 300 300 300 300 300 300 300 300 300 300 300 300 300 300 300 300 300 300 300 300 300 300 300 300 300 300 300 300 300 300 300 300 300 300 300 300 300 300 300 300 300 300 300 300 300 300 300 300 300 300 300 300 300 300 300 300 300 300 300 300 300 300 300 300 300 300 300 300 300 300 300 300 300 300 300 300 300 300 300 300 300 300 300 300 300 300 300 300 300 300 300 300 300 300 300 300 300 300 300 300 300 300 300 300 300 300 300 300 300 300 300 300 300 300 300 300 300 300 300 300 300 300 300 300 300 300 300 300 300 300 300 300 300 300 300 300 300 300 300 300 300 300 300 300 300 300 300 -1 -1 -1 -1 -1 -1 -1 -1 -1 -1 -1 -1 -1 -1 -1 -1 -1 -1 -1 -1 -1 -1 -1 -1 -1</firstValidSample>
        <lastValidSample count="1516">-1 -1 -1 -1 -1 -1 -1 -1 -1 -1 -1 -1 -1 -1 -1 -1 -1 -1 -1 -1 -1 -1 -1 -1 -1 -1 23969 23969 23969 23969 23969 23969 23969 23969 23969 23969 23969 23969 23969 23969 23969 23969 23969 23969 23969 23969 23969 23969 23969 23969 23969 23969 23969 23969 23969 23969 23969 23969 23969 23969 23969 23969 23969 23969 23969 23969 23969 23969 23969 23969 23969 23969 23969 23969 23969 23969 23969 23969 23969 23969 23969 23969 23969 23969 23969 23969 23969 23969 23969 23969 23969 23969 23969 23969 23969 23969 23969 23969 23969 23969 23969 23969 23969 23969 23969 23969 23969 23969 23969 23969 23969 23969 23969 23969 23969 23969 23969 23969 23969 23969 23969 23969 23969 23969 23969 23969 23969 23969 23969 23969 23969 23969 23969 23969 23969 23969 23969 23969 23969 23969 23969 23969 23969 23969 23969 23969 23969 23969 23969 23969 23969 23969 23969 23969 23969 23969 23969 23969 23969 23969 23969 23969 23969 23969 23969 23969 23969 23969 23969 23969 23969 23969 23969 23969 23969 23969 23969 23969 23969 23969 23969 23969 23969 23969 23969 23969 23969 23969 23969 23969 23969 23969 23969 23969 23969 23969 23969 23969 23969 23969 23969 23969 23969 23969 23969 23969 23969 23969 23969 23969 23969 23969 23969 23969 23969 23969 23969 23969 23969 23969 23969 23969 23969 23969 23969 23969 23969 23969 23969 23969 23969 23969 23969 23969 23969 23969 23969 23969 23969 23969 23969 23969 23969 23969 23969 23969 23969 23969 23969 23969 23969 23969 23969 23969 23969 23969 23969 23969 23969 23969 23969 23969 23969 23969 23969 23969 23969 23969 23969 23969 23969 23969 23969 23969 23969 23969 23969 23969 23969 23969 23969 23969 23969 23969 23969 23969 23969 23969 23969 23969 23969 23969 23969 23969 23969 23969 23969 23969 23969 23969 23969 23969 23969 23969 23969 23969 23969 23969 23969 23969 23969 23969 23969 23969 23969 23969 23969 23969 23969 23969 23969 23969 23969 23969 23969 23969 23969 23969 23969 23969 23969 23969 23969 23969 23969 23969 23969 23969 23969 23969 23969 23969 23969 23969 23969 23969 23969 23969 23969 23969 23969 23969 23969 23969 23969 23969 23969 23969 23969 23969 23969 23969 23969 23969 23969 23969 23969 23969 23969 23969 23969 23969 23969 23969 23969 23969 23969 23969 23969 23969 23969 23969 23969 23969 23969 23969 23969 23969 23969 23969 23969 23969 23969 23969 23969 23969 23969 23969 23969 23969 23969 23969 23969 23969 23969 23969 23969 23969 23969 23969 23969 23969 23969 23969 23969 23969 23969 23969 23969 23969 23969 23969 23969 23969 23969 23969 23969 23969 23969 23969 23969 23969 23969 23969 23969 23969 23969 23969 23969 23969 23969 23969 23969 23969 23969 23969 23969 23969 23969 23969 23969 23969 23969 23969 23969 23969 23969 23969 23969 23969 23969 23969 23969 23969 23969 23969 23969 23969 23969 23969 23969 23969 23969 23969 23969 23969 23969 23969 23969 23969 23969 23969 23969 23969 23969 23969 23969 23969 23969 23969 23969 23969 23969 23969 23969 23969 23969 23969 23969 23969 23969 23969 23969 23969 23969 23969 23969 23969 23969 23969 23969 23969 23969 23969 23969 23969 23969 23969 23969 23969 23969 23969 23969 23969 23969 23969 23969 23969 23969 23969 23969 23969 23969 23969 23969 23969 23969 23969 23969 23969 23969 23969 23969 23969 23969 23969 23969 23969 23969 23969 23969 23969 23969 23969 23969 23969 23969 23969 23969 23969 23969 23969 23969 23969 23969 23969 23969 23969 23969 23969 23969 23969 23969 23969 23969 23969 23969 23969 23969 23969 23969 23969 23969 23969 23969 23969 23969 23969 23969 23969 23969 23969 23969 23969 23969 23969 23969 23969 23969 23969 23969 23969 23969 23969 23969 23969 23969 23969 23969 23969 23969 23969 23969 23969 23969 23969 23969 23969 23969 23969 23969 23969 23969 23969 23969 23969 23969 23969 23969 23969 23969 23969 23969 23969 23969 23969 23969 23969 23969 23969 23969 23969 23969 23969 23969 23969 23969 23969 23969 23969 23969 23969 23969 23969 23969 23969 23969 23969 23969 23969 23969 23969 23969 23969 23969 23969 23969 23969 23969 23969 23969 23969 23969 23969 23969 23969 23969 23969 23969 23969 23969 23969 23969 23969 23969 23969 23969 23969 23969 23969 23969 23969 23969 23969 23969 23969 23969 23969 23969 23969 23969 23969 23969 23969 23969 23969 23969 23969 23969 23969 23969 23969 23969 23969 23969 23969 23969 23969 23969 23969 23969 23969 23969 23969 23969 23969 23969 23969 23969 23969 23969 23969 23969 23969 23969 23969 23969 23969 23969 23969 23969 23969 23969 23969 23969 23969 23969 23969 23969 23969 23969 23969 23969 23969 23969 23969 23969 23969 23969 23969 23969 23969 23969 23969 23969 23969 23969 23969 23969 23969 23969 23969 23969 23969 23969 23969 23969 23969 23969 23969 23969 23969 23969 23969 23969 23969 23969 23969 23969 23969 23969 23969 23969 23969 23969 23969 23969 23969 23969 23969 23969 23969 23969 23969 23969 23969 23969 23969 23969 23969 23969 23969 23969 23969 23969 23969 23969 23969 23969 23969 23969 23969 23969 23969 23969 23969 23969 23969 23969 23969 23969 23969 23969 23969 23969 23969 23969 23969 23969 23969 23969 23969 23969 23969 23969 23969 23969 23969 23969 23969 23969 23969 23969 23969 23969 23969 23969 23969 23969 23969 23969 23969 23969 23969 23969 23969 23969 23969 23969 23969 23969 23969 23969 23969 23969 23969 23969 23969 23969 23969 23969 23969 23969 23969 23969 23969 23969 23969 23969 23969 23969 23969 23969 23969 23969 23969 23969 23969 23969 23969 23969 23969 23969 23969 23969 23969 23969 23969 23969 23969 23969 23969 23969 23969 23969 23969 23969 23969 23969 23969 23969 23969 23969 23969 23969 23969 23969 23969 23969 23969 23969 23969 23969 23969 23969 23969 23969 23969 23969 23969 23969 23969 23969 23969 23969 23969 23969 23969 23969 23969 23969 23969 23969 23969 23969 23969 23969 23969 23969 23969 23969 23969 23969 23969 23969 23969 23969 23969 23969 23969 23969 23969 23969 23969 23969 23969 23969 23969 23969 23969 23969 23969 23969 23969 23969 23969 23969 23969 23969 23969 23969 23969 23969 23969 23969 23969 23969 23969 23969 23969 23969 23969 23969 23969 23969 23969 23969 23969 23969 23969 23969 23969 23969 23969 23969 23969 23969 23969 23969 23969 23969 23969 23969 23969 23969 23969 23969 23969 23969 23969 23969 23969 23969 23969 23969 23969 23969 23969 23969 23969 23969 23969 23969 23969 23969 23969 23969 23969 23969 23969 23969 23969 23969 23969 23969 23969 23969 23969 23969 23969 23969 23969 23969 23969 23969 23969 23969 23969 23969 23969 23969 23969 23969 23969 23969 23969 23969 23969 23969 23969 23969 23969 23969 23969 23969 23969 23969 23969 23969 23969 23969 23969 23969 23969 23969 23969 23969 23969 23969 23969 23969 23969 23969 23969 23969 23969 23969 23969 23969 23969 23969 23969 23969 23969 23969 23969 23969 23969 23969 23969 23969 23969 23969 23969 23969 23969 23969 23969 23969 23969 23969 23969 23969 23969 23969 23969 23969 23969 23969 23969 23969 23969 23969 23969 23969 23969 23969 23969 23969 23969 23969 23969 23969 23969 23969 23969 23969 23969 23969 23969 23969 23969 23969 23969 23969 23969 23969 23969 23969 23969 23969 23969 23969 23969 23969 23969 23969 23969 23969 23969 23969 23969 23969 23969 23969 23969 23969 23969 23969 23969 23969 23969 23969 23969 23969 23969 23969 23969 23969 23969 23969 23969 23969 23969 23969 23969 23969 23969 23969 23969 23969 23969 23969 23969 23969 23969 23969 23969 23969 23969 23969 23969 23969 23969 23969 23969 23969 23969 23969 23969 23969 23969 23969 23969 23969 23969 23969 23969 23969 23969 23969 23969 23969 23969 23969 23969 23969 23969 23969 23969 23969 23969 23969 23969 23969 23969 23969 23969 23969 23969 23969 23969 23969 23969 23969 23969 23969 23969 23969 23969 23969 23969 23969 23969 23969 23969 23969 23969 23969 23969 23969 23969 23969 23969 23969 23969 23969 23969 23969 23969 23969 23969 23969 23969 23969 23969 23969 23969 23969 23969 23969 23969 23969 23969 23969 23969 23969 23969 23969 23969 23969 23969 23969 23969 23969 23969 23969 23969 23969 23969 23969 23969 23969 23969 23969 23969 23969 23969 23969 23969 23969 23969 23969 23969 23969 23969 23969 23969 23969 23969 23969 23969 23969 23969 23969 23969 23969 23969 23969 23969 23969 23969 23969 23969 23969 23969 23969 23969 23969 23969 23969 23969 23969 23969 23969 23969 23969 23969 23969 23969 23969 23969 23969 23969 23969 23969 23969 23969 23969 23969 23969 23969 23969 23969 23969 23969 23969 23969 23969 23969 23969 23969 23969 23969 23969 23969 23969 23969 23969 23969 23969 23969 23969 23969 23969 23969 23969 23969 23969 23969 23969 23969 23969 23969 23969 23969 23969 23969 23969 23969 23969 23969 23969 23969 23969 23969 23969 23969 23969 23969 23969 23969 23969 23969 23969 23969 23969 23969 23969 23969 23969 23969 23969 23969 23969 23969 23969 23969 23969 23969 23969 23969 23969 23969 23969 23969 23969 23969 23969 23969 23969 23969 23969 23969 23969 23969 23969 23969 23969 23969 23969 23969 23969 23969 23969 23969 23969 23969 23969 23969 23969 23969 23969 23969 23969 23969 23969 23969 23969 23969 23969 -1 -1 -1 -1 -1 -1 -1 -1 -1 -1 -1 -1 -1 -1 -1 -1 -1 -1 -1 -1 -1 -1 -1 -1 -1</lastValidSample>
      </burst>
      <burst>
        <azimuthTime>2015-05-16T13:34:26.473845</azimuthTime>
        <azimuthAnxTime>2.334246452424805e+03</azimuthAnxTime>
        <sensingTime>2015-05-16T13:34:27.617441</sensingTime>
        <byteOffset>297875816</byteOffset>
        <firstValidSample count="1516">-1 -1 -1 -1 -1 -1 -1 -1 -1 -1 -1 -1 -1 -1 -1 -1 -1 -1 -1 -1 -1 -1 -1 -1 -1 -1 -1 -1 300 300 300 300 300 300 300 300 300 300 300 300 300 300 300 300 300 300 300 300 300 300 300 300 300 300 300 300 300 300 300 300 300 300 300 300 300 300 300 300 300 300 300 300 300 300 300 300 300 300 300 300 300 300 300 300 300 300 300 300 300 300 300 300 300 300 300 300 300 300 300 300 300 300 300 300 300 300 300 300 300 300 300 300 300 300 300 300 300 300 300 300 300 300 300 300 300 300 300 300 300 300 300 300 300 300 300 300 300 300 300 300 300 300 300 300 300 300 300 300 300 300 300 300 300 300 300 300 300 300 300 300 300 300 300 300 300 300 300 300 300 300 300 300 300 300 300 300 300 300 300 300 300 300 300 300 300 300 300 300 300 300 300 300 300 300 300 300 300 300 300 300 300 300 300 300 300 300 300 300 300 300 300 300 300 300 300 300 300 300 300 300 300 300 300 300 300 300 300 300 300 300 300 300 300 300 300 300 300 300 300 300 300 300 300 300 300 300 300 300 300 300 300 300 300 300 300 300 300 300 300 300 300 300 300 300 300 300 300 300 300 300 300 300 300 300 300 300 300 300 300 300 300 300 300 300 300 300 300 300 300 300 300 300 300 300 300 300 300 300 300 300 300 300 300 300 300 300 300 300 300 300 300 300 300 300 300 300 300 300 300 300 300 300 300 300 300 300 300 300 300 300 300 300 300 300 300 300 300 300 300 300 300 300 300 300 300 300 300 300 300 300 300 300 300 300 300 300 300 300 300 300 300 300 300 300 300 300 300 300 300 300 300 300 300 300 300 300 300 300 300 300 300 300 300 300 300 300 300 300 300 300 300 300 300 300 300 300 300 300 300 300 300 300 300 300 300 300 300 300 300 300 300 300 300 300 300 300 300 300 300 300 300 300 300 300 300 300 300 300 300 300 300 300 300 300 300 300 300 300 300 300 300 300 300 300 300 300 300 300 300 300 300 300 300 300 300 300 300 300 300 300 300 300 300 300 300 300 300 300 300 300 300 300 300 300 300 300 300 300 300 300 300 300 300 300 300 300 300 300 300 300 300 300 300 300 300 300 300 300 300 300 300 300 300 300 300 300 300 300 300 300 300 300 300 300 300 300 300 300 300 300 300 300 300 300 300 300 300 300 300 300 300 300 300 300 300 300 300 300 300 300 300 300 300 300 300 300 300 300 300 300 300 300 300 300 300 300 300 300 300 300 300 300 300 300 300 300 300 300 300 300 300 300 300 300 300 300 300 300 300 300 300 300 300 300 300 300 300 300 300 300 300 300 300 300 300 300 300 300 300 300 300 300 300 300 300 300 300 300 300 300 300 300 300 300 300 300 300 300 300 300 300 300 300 300 300 300 300 300 300 300 300 300 300 300 300 300 300 300 300 300 300 300 300 300 300 300 300 300 300 300 300 300 300 300 300 300 300 300 300 300 300 300 300 300 300 300 300 300 300 300 300 300 300 300 300 300 300 300 300 300 300 300 300 300 300 300 300 300 300 300 300 300 300 300 300 300 300 300 300 300 300 300 300 300 300 300 300 300 300 300 300 300 300 300 300 300 300 300 300 300 300 300 300 300 300 300 300 300 300 300 300 300 300 300 300 300 300 300 300 300 300 300 300 300 300 300 300 300 300 300 300 300 300 300 300 300 300 300 300 300 300 300 300 300 300 300 300 300 300 300 300 300 300 300 300 300 300 300 300 300 300 300 300 300 300 300 300 300 300 300 300 300 300 300 300 300 300 300 300 300 300 300 300 300 300 300 300 300 300 300 300 300 300 300 300 300 300 300 300 300 300 300 300 300 300 300 300 300 300 300 300 300 300 300 300 300 300 300 300 300 300 300 300 300 300 300 300 300 300 300 300 300 300 300 300 300 300 300 300 300 300 300 300 300 300 300 300 300 300 300 300 300 300 300 300 300 300 300 300 300 300 300 300 300 300 300 300 300 300 300 300 300 300 300 300 300 300 300 300 300 300 300 300 300 300 300 300 300 300 300 300 300 300 300 300 300 300 300 300 300 300 300 300 300 300 300 300 300 300 300 300 300 300 300 300 300 300 300 300 300 300 300 300 300 300 300 300 300 300 300 300 300 300 300 300 300 300 300 300 300 300 300 300 300 300 300 300 300 300 300 300 300 300 300 300 300 300 300 300 300 300 300 300 300 300 300 300 300 300 300 300 300 300 300 300 300 300 300 300 300 300 300 300 300 300 300 300 300 300 300 300 300 300 300 300 300 300 300 300 300 300 300 300 300 300 300 300 300 300 300 300 300 300 300 300 300 300 300 300 300 300 300 300 300 300 300 300 300 300 300 300 300 300 300 300 300 300 300 300 300 300 300 300 300 300 300 300 300 300 300 300 300 300 300 300 300 300 300 300 300 300 300 300 300 300 300 300 300 300 300 300 300 300 300 300 300 300 300 300 300 300 300 300 300 300 300 300 300 300 300 300 300 300 300 300 300 300 300 300 300 300 300 300 300 300 300 300 300 300 300 300 300 300 300 300 300 300 300 300 300 300 300 300 300 300 300 300 300 300 300 300 300 300 300 300 300 300 300 300 300 300 300 300 300 300 300 300 300 300 300 300 300 300 300 300 300 300 300 300 300 300 300 300 300 300 300 300 300 300 300 300 300 300 300 300 300 300 300 300 300 300 300 300 300 300 300 300 300 300 300 300 300 300 300 300 300 300 300 300 300 300 300 300 300 300 300 300 300 300 300 300 300 300 300 300 300 300 300 300 300 300 300 300 300 300 300 300 300 300 300 300 300 300 300 300 300 300 300 300 300 300 300 300 300 300 300 300 300 300 300 300 300 300 300 300 300 300 300 300 300 300 300 300 300 300 300 300 300 300 300 300 300 300 300 300 300 300 300 300 300 300 300 300 300 300 300 300 300 300 300 300 300 300 300 300 300 300 300 300 300 300 300 300 300 300 300 300 300 300 300 300 300 300 300 300 300 300 300 300 300 300 300 300 300 300 300 300 300 300 300 300 300 300 300 300 300 300 300 300 300 300 300 300 300 300 300 300 300 300 300 300 300 300 300 300 300 300 300 300 300 300 300 300 300 300 300 300 300 300 300 300 300 300 300 300 300 300 300 300 300 300 300 300 300 300 300 300 300 300 300 300 300 300 300 300 300 300 300 300 300 300 300 300 300 300 300 300 300 300 300 300 300 300 300 300 300 300 300 300 300 300 300 300 300 300 300 300 300 300 300 300 300 300 300 300 300 300 300 300 300 300 300 300 300 300 300 300 300 300 300 300 300 300 300 300 300 300 300 300 300 300 300 300 300 300 300 300 300 300 300 300 -1 -1 -1 -1 -1 -1 -1 -1 -1 -1 -1 -1 -1 -1 -1 -1 -1 -1 -1 -1 -1 -1 -1 -1 -1</firstValidSample>
        <lastValidSample count="1516">-1 -1 -1 -1 -1 -1 -1 -1 -1 -1 -1 -1 -1 -1 -1 -1 -1 -1 -1 -1 -1 -1 -1 -1 -1 -1 -1 -1 23969 23969 23969 23969 23969 23969 23969 23969 23969 23969 23969 23969 23969 23969 23969 23969 23969 23969 23969 23969 23969 23969 23969 23969 23969 23969 23969 23969 23969 23969 23969 23969 23969 23969 23969 23969 23969 23969 23969 23969 23969 23969 23969 23969 23969 23969 23969 23969 23969 23969 23969 23969 23969 23969 23969 23969 23969 23969 23969 23969 23969 23969 23969 23969 23969 23969 23969 23969 23969 23969 23969 23969 23969 23969 23969 23969 23969 23969 23969 23969 23969 23969 23969 23969 23969 23969 23969 23969 23969 23969 23969 23969 23969 23969 23969 23969 23969 23969 23969 23969 23969 23969 23969 23969 23969 23969 23969 23969 23969 23969 23969 23969 23969 23969 23969 23969 23969 23969 23969 23969 23969 23969 23969 23969 23969 23969 23969 23969 23969 23969 23969 23969 23969 23969 23969 23969 23969 23969 23969 23969 23969 23969 23969 23969 23969 23969 23969 23969 23969 23969 23969 23969 23969 23969 23969 23969 23969 23969 23969 23969 23969 23969 23969 23969 23969 23969 23969 23969 23969 23969 23969 23969 23969 23969 23969 23969 23969 23969 23969 23969 23969 23969 23969 23969 23969 23969 23969 23969 23969 23969 23969 23969 23969 23969 23969 23969 23969 23969 23969 23969 23969 23969 23969 23969 23969 23969 23969 23969 23969 23969 23969 23969 23969 23969 23969 23969 23969 23969 23969 23969 23969 23969 23969 23969 23969 23969 23969 23969 23969 23969 23969 23969 23969 23969 23969 23969 23969 23969 23969 23969 23969 23969 23969 23969 23969 23969 23969 23969 23969 23969 23969 23969 23969 23969 23969 23969 23969 23969 23969 23969 23969 23969 23969 23969 23969 23969 23969 23969 23969 23969 23969 23969 23969 23969 23969 23969 23969 23969 23969 23969 23969 23969 23969 23969 23969 23969 23969 23969 23969 23969 23969 23969 23969 23969 23969 23969 23969 23969 23969 23969 23969 23969 23969 23969 23969 23969 23969 23969 23969 23969 23969 23969 23969 23969 23969 23969 23969 23969 23969 23969 23969 23969 23969 23969 23969 23969 23969 23969 23969 23969 23969 23969 23969 23969 23969 23969 23969 23969 23969 23969 23969 23969 23969 23969 23969 23969 23969 23969 23969 23969 23969 23969 23969 23969 23969 23969 23969 23969 23969 23969 23969 23969 23969 23969 23969 23969 23969 23969 23969 23969 23969 23969 23969 23969 23969 23969 23969 23969 23969 23969 23969 23969 23969 23969 23969 23969 23969 23969 23969 23969 23969 23969 23969 23969 23969 23969 23969 23969 23969 23969 23969 23969 23969 23969 23969 23969 23969 23969 23969 23969 23969 23969 23969 23969 23969 23969 23969 23969 23969 23969 23969 23969 23969 23969 23969 23969 23969 23969 23969 23969 23969 23969 23969 23969 23969 23969 23969 23969 23969 23969 23969 23969 23969 23969 23969 23969 23969 23969 23969 23969 23969 23969 23969 23969 23969 23969 23969 23969 23969 23969 23969 23969 23969 23969 23969 23969 23969 23969 23969 23969 23969 23969 23969 23969 23969 23969 23969 23969 23969 23969 23969 23969 23969 23969 23969 23969 23969 23969 23969 23969 23969 23969 23969 23969 23969 23969 23969 23969 23969 23969 23969 23969 23969 23969 23969 23969 23969 23969 23969 23969 23969 23969 23969 23969 23969 23969 23969 23969 23969 23969 23969 23969 23969 23969 23969 23969 23969 23969 23969 23969 23969 23969 23969 23969 23969 23969 23969 23969 23969 23969 23969 23969 23969 23969 23969 23969 23969 23969 23969 23969 23969 23969 23969 23969 23969 23969 23969 23969 23969 23969 23969 23969 23969 23969 23969 23969 23969 23969 23969 23969 23969 23969 23969 23969 23969 23969 23969 23969 23969 23969 23969 23969 23969 23969 23969 23969 23969 23969 23969 23969 23969 23969 23969 23969 23969 23969 23969 23969 23969 23969 23969 23969 23969 23969 23969 23969 23969 23969 23969 23969 23969 23969 23969 23969 23969 23969 23969 23969 23969 23969 23969 23969 23969 23969 23969 23969 23969 23969 23969 23969 23969 23969 23969 23969 23969 23969 23969 23969 23969 23969 23969 23969 23969 23969 23969 23969 23969 23969 23969 23969 23969 23969 23969 23969 23969 23969 23969 23969 23969 23969 23969 23969 23969 23969 23969 23969 23969 23969 23969 23969 23969 23969 23969 23969 23969 23969 23969 23969 23969 23969 23969 23969 23969 23969 23969 23969 23969 23969 23969 23969 23969 23969 23969 23969 23969 23969 23969 23969 23969 23969 23969 23969 23969 23969 23969 23969 23969 23969 23969 23969 23969 23969 23969 23969 23969 23969 23969 23969 23969 23969 23969 23969 23969 23969 23969 23969 23969 23969 23969 23969 23969 23969 23969 23969 23969 23969 23969 23969 23969 23969 23969 23969 23969 23969 23969 23969 23969 23969 23969 23969 23969 23969 23969 23969 23969 23969 23969 23969 23969 23969 23969 23969 23969 23969 23969 23969 23969 23969 23969 23969 23969 23969 23969 23969 23969 23969 23969 23969 23969 23969 23969 23969 23969 23969 23969 23969 23969 23969 23969 23969 23969 23969 23969 23969 23969 23969 23969 23969 23969 23969 23969 23969 23969 23969 23969 23969 23969 23969 23969 23969 23969 23969 23969 23969 23969 23969 23969 23969 23969 23969 23969 23969 23969 23969 23969 23969 23969 23969 23969 23969 23969 23969 23969 23969 23969 23969 23969 23969 23969 23969 23969 23969 23969 23969 23969 23969 23969 23969 23969 23969 23969 23969 23969 23969 23969 23969 23969 23969 23969 23969 23969 23969 23969 23969 23969 23969 23969 23969 23969 23969 23969 23969 23969 23969 23969 23969 23969 23969 23969 23969 23969 23969 23969 23969 23969 23969 23969 23969 23969 23969 23969 23969 23969 23969 23969 23969 23969 23969 23969 23969 23969 23969 23969 23969 23969 23969 23969 23969 23969 23969 23969 23969 23969 23969 23969 23969 23969 23969 23969 23969 23969 23969 23969 23969 23969 23969 23969 23969 23969 23969 23969 23969 23969 23969 23969 23969 23969 23969 23969 23969 23969 23969 23969 23969 23969 23969 23969 23969 23969 23969 23969 23969 23969 23969 23969 23969 23969 23969 23969 23969 23969 23969 23969 23969 23969 23969 23969 23969 23969 23969 23969 23969 23969 23969 23969 23969 23969 23969 23969 23969 23969 23969 23969 23969 23969 23969 23969 23969 23969 23969 23969 23969 23969 23969 23969 23969 23969 23969 23969 23969 23969 23969 23969 23969 23969 23969 23969 23969 23969 23969 23969 23969 23969 23969 23969 23969 23969 23969 23969 23969 23969 23969 23969 23969 23969 23969 23969 23969 23969 23969 23969 23969 23969 23969 23969 23969 23969 23969 23969 23969 23969 23969 23969 23969 23969 23969 23969 23969 23969 23969 23969 23969 23969 23969 23969 23969 23969 23969 23969 23969 23969 23969 23969 23969 23969 23969 23969 23969 23969 23969 23969 23969 23969 23969 23969 23969 23969 23969 23969 23969 23969 23969 23969 23969 23969 23969 23969 23969 23969 23969 23969 23969 23969 23969 23969 23969 23969 23969 23969 23969 23969 23969 23969 23969 23969 23969 23969 23969 23969 23969 23969 23969 23969 23969 23969 23969 23969 23969 23969 23969 23969 23969 23969 23969 23969 23969 23969 23969 23969 23969 23969 23969 23969 23969 23969 23969 23969 23969 23969 23969 23969 23969 23969 23969 23969 23969 23969 23969 23969 23969 23969 23969 23969 23969 23969 23969 23969 23969 23969 23969 23969 23969 23969 23969 23969 23969 23969 23969 23969 23969 23969 23969 23969 23969 23969 23969 23969 23969 23969 23969 23969 23969 23969 23969 23969 23969 23969 23969 23969 23969 23969 23969 23969 23969 23969 23969 23969 23969 23969 23969 23969 23969 23969 23969 23969 23969 23969 23969 23969 23969 23969 23969 23969 23969 23969 23969 23969 23969 23969 23969 23969 23969 23969 23969 23969 23969 23969 23969 23969 23969 23969 23969 23969 23969 23969 23969 23969 23969 23969 23969 23969 23969 23969 23969 23969 23969 23969 23969 23969 23969 23969 23969 23969 23969 23969 23969 23969 23969 23969 23969 23969 23969 23969 23969 23969 23969 23969 23969 23969 23969 23969 23969 23969 23969 23969 23969 23969 23969 23969 23969 23969 23969 23969 23969 23969 23969 23969 23969 23969 23969 23969 23969 23969 23969 23969 23969 23969 23969 23969 23969 23969 23969 23969 23969 23969 23969 23969 23969 23969 23969 23969 23969 23969 23969 23969 23969 23969 23969 23969 23969 23969 23969 23969 23969 23969 23969 23969 23969 23969 23969 23969 23969 23969 23969 23969 23969 23969 23969 23969 23969 23969 23969 23969 23969 23969 23969 23969 23969 23969 23969 23969 23969 23969 23969 23969 23969 23969 23969 23969 23969 23969 23969 23969 23969 23969 23969 23969 23969 23969 23969 23969 23969 23969 23969 23969 23969 23969 23969 23969 23969 23969 23969 23969 23969 23969 23969 23969 23969 23969 23969 23969 23969 23969 23969 23969 23969 23969 23969 23969 23969 23969 23969 23969 23969 23969 23969 23969 23969 23969 23969 23969 23969 23969 23969 23969 23969 23969 23969 23969 23969 23969 23969 23969 23969 23969 23969 23969 23969 23969 23969 23969 23969 23969 23969 23969 23969 23969 23969 23969 23969 23969 23969 23969 23969 23969 23969 23969 23969 23969 23969 23969 23969 23969 23969 23969 23969 23969 23969 23969 23969 23969 23969 23969 -1 -1 -1 -1 -1 -1 -1 -1 -1 -1 -1 -1 -1 -1 -1 -1 -1 -1 -1 -1 -1 -1 -1 -1 -1</lastValidSample>
      </burst>
      <burst>
        <azimuthTime>2015-05-16T13:34:29.236510</azimuthTime>
        <azimuthAnxTime>2.337009117219727e+03</azimuthAnxTime>
        <sensingTime>2015-05-16T13:34:30.375718</sensingTime>
        <byteOffset>446813720</byteOffset>
        <firstValidSample count="1516">-1 -1 -1 -1 -1 -1 -1 -1 -1 -1 -1 -1 -1 -1 -1 -1 -1 -1 -1 -1 -1 -1 -1 -1 -1 -1 -1 300 300 300 300 300 300 300 300 300 300 300 300 300 300 300 300 300 300 300 300 300 300 300 300 300 300 300 300 300 300 300 300 300 300 300 300 300 300 300 300 300 300 300 300 300 300 300 300 300 300 300 300 300 300 300 300 300 300 300 300 300 300 300 300 300 300 300 300 300 300 300 300 300 300 300 300 300 300 300 300 300 300 300 300 300 300 300 300 300 300 300 300 300 300 300 300 300 300 300 300 300 300 300 300 300 300 300 300 300 300 300 300 300 300 300 300 300 300 300 300 300 300 300 300 300 300 300 300 300 300 300 300 300 300 300 300 300 300 300 300 300 300 300 300 300 300 300 300 300 300 300 300 300 300 300 300 300 300 300 300 300 300 300 300 300 300 300 300 300 300 300 300 300 300 300 300 300 300 300 300 300 300 300 300 300 300 300 300 300 300 300 300 300 300 300 300 300 300 300 300 300 300 300 300 300 300 300 300 300 300 300 300 300 300 300 300 300 300 300 300 300 300 300 300 300 300 300 300 300 300 300 300 300 300 300 300 300 300 300 300 300 300 300 300 300 300 300 300 300 300 300 300 300 300 300 300 300 300 300 300 300 300 300 300 300 300 300 300 300 300 300 300 300 300 300 300 300 300 300 300 300 300 300 300 300 300 300 300 300 300 300 300 300 300 300 300 300 300 300 300 300 300 300 300 300 300 300 300 300 300 300 300 300 300 300 300 300 300 300 300 300 300 300 300 300 300 300 300 300 300 300 300 300 300 300 300 300 300 300 300 300 300 300 300 300 300 300 300 300 300 300 300 300 300 300 300 300 300 300 300 300 300 300 300 300 300 300 300 300 300 300 300 300 300 300 300 300 300 300 300 300 300 300 300 300 300 300 300 300 300 300 300 300 300 300 300 300 300 300 300 300 300 300 300 300 300 300 300 300 300 300 300 300 300 300 300 300 300 300 300 300 300 300 300 300 300 300 300 300 300 300 300 300 300 300 300 300 300 300 300 300 300 300 300 300 300 300 300 300 300 300 300 300 300 300 300 300 300 300 300 300 300 300 300 300 300 300 300 300 300 300 300 300 300 300 300 300 300 300 300 300 300 300 300 300 300 300 300 300 300 300 300 300 300 300 300 300 300 300 300 300 300 300 300 300 300 300 300 300 300 300 300 300 300 300 300 300 300 300 300 300 300 300 300 300 300 300 300 300 300 300 300 300 300 300 300 300 300 300 300 300 300 300 300 300 300 300 300 300 300 300 300 300 300 300 300 300 300 300 300 300 300 300 300 300 300 300 300 300 300 300 300 300 300 300 300 300 300 300 300 300 300 300 300 300 300 300 300 300 300 300 300 300 300 300 300 300 300 300 300 300 300 300 300 300 300 300 300 300 300 300 300 300 300 300 300 300 300 300 300 300 300 300 300 300 300 300 300 300 300 300 300 300 300 300 300 300 300 300 300 300 300 300 300 300 300 300 300 300 300 300 300 300 300 300 300 300 300 300 300 300 300 300 300 300 300 300 300 300 300 300 300 300 300 300 300 300 300 300 300 300 300 300 300 300 300 300 300 300 300 300 300 300 300 300 300 300 300 300 300 300 300 300 300 300 300 300 300 300 300 300 300 300 300 300 300 300 300 300 300 300 300 300 300 300 300 300 300 300 300 300 300 300 300 300 300 300 300 300 300 300 300 300 300 300 300 300 300 300 300 300 300 300 300 300 300 300 300 300 300 300 300 300 300 300 300 300 300 300 300 300 300 300 300 300 300 300 300 300 300 300 300 300 300 300 300 300 300 300 300 300 300 300 300 300 300 300 300 300 300 300 300 300 300 300 300 300 300 300 300 300 300 300 300 300 300 300 300 300 300 300 300 300 300 300 300 300 300 300 300 300 300 300 300 300 300 300 300 300 300 300 300 300 300 300 300 300 300 300 300 300 300 300 300 300 300 300 300 300 300 300 300 300 300 300 300 300 300 300 300 300 300 300 300 300 300 300 300 300 300 300 300 300 300 300 300 300 300 300 300 300 300 300 300 300 300 300 300 300 300 300 300 300 300 300 300 300 300 300 300 300 300 300 300 300 300 300 300 300 300 300 300 300 300 300 300 300 300 300 300 300 300 300 300 300 300 300 300 300 300 300 300 300 300 300 300 300 300 300 300 300 300 300 300 300 300 300 300 300 300 300 300 300 300 300 300 300 300 300 300 300 300 300 300 300 300 300 300 300 300 300 300 300 300 300 300 300 300 300 300 300 300 300 300 300 300 300 300 300 300 300 300 300 300 300 300 300 300 300 300 300 300 300 300 300 300 300 300 300 300 300 300 300 300 300 300 300 300 300 300 300 300 300 300 300 300 300 300 300 300 300 300 300 300 300 300 300 300 300 300 300 300 300 300 300 300 300 300 300 300 300 300 300 300 300 300 300 300 300 300 300 300 300 300 300 300 300 300 300 300 300 300 300 300 300 300 300 300 300 300 300 300 300 300 300 300 300 300 300 300 300 300 300 300 300 300 300 300 300 300 300 300 300 300 300 300 300 300 300 300 300 300 300 300 300 300 300 300 300 300 300 300 300 300 300 300 300 300 300 300 300 300 300 300 300 300 300 300 300 300 300 300 300 300 300 300 300 300 300 300 300 300 300 300 300 300 300 300 300 300 300 300 300 300 300 300 300 300 300 300 300 300 300 300 300 300 300 300 300 300 300 300 300 300 300 300 300 300 300 300 300 300 300 300 300 300 300 300 300 300 300 300 300 300 300 300 300 300 300 300 300 300 300 300 300 300 300 300 300 300 300 300 300 300 300 300 300 300 300 300 300 300 300 300 300 300 300 300 300 300 300 300 300 300 300 300 300 300 300 300 300 300 300 300 300 300 300 300 300 300 300 300 300 300 300 300 300 300 300 300 300 300 300 300 300 300 300 300 300 300 300 300 300 300 300 300 300 300 300 300 300 300 300 300 300 300 300 300 300 300 300 300 300 300 300 300 300 300 300 300 300 300 300 300 300 300 300 300 300 300 300 300 300 300 300 300 300 300 300 300 300 300 300 300 300 300 300 300 300 300 300 300 300 300 300 300 300 300 300 300 300 300 300 300 300 300 300 300 300 300 300 300 300 300 300 300 300 300 300 300 300 300 300 300 300 300 300 300 300 300 300 300 300 300 300 300 300 300 300 300 300 300 300 300 300 300 300 300 300 300 300 300 300 300 300 300 300 300 300 300 300 300 300 300 300 300 300 300 300 300 300 300 300 300 300 300 300 300 300 300 300 300 300 300 300 300 300 300 300 300 300 300 300 300 300 300 300 300 300 300 300 300 300 300 -1 -1 -1 -1 -1 -1 -1 -1 -1 -1 -1 -1 -1 -1 -1 -1 -1 -1 -1 -1 -1 -1 -1 -1 -1</firstValidSample>
        <lastValidSample count="1516">-1 -1 -1 -1 -1 -1 -1 -1 -1 -1 -1 -1 -1 -1 -1 -1 -1 -1 -1 -1 -1 -1 -1 -1 -1 -1 -1 23969 23969 23969 23969 23969 23969 23969 23969 23969 23969 23969 23969 23969 23969 23969 23969 23969 23969 23969 23969 23969 23969 23969 23969 23969 23969 23969 23969 23969 23969 23969 23969 23969 23969 23969 23969 23969 23969 23969 23969 23969 23969 23969 23969 23969 23969 23969 23969 23969 23969 23969 23969 23969 23969 23969 23969 23969 23969 23969 23969 23969 23969 23969 23969 23969 23969 23969 23969 23969 23969 23969 23969 23969 23969 23969 23969 23969 23969 23969 23969 23969 23969 23969 23969 23969 23969 23969 23969 23969 23969 23969 23969 23969 23969 23969 23969 23969 23969 23969 23969 23969 23969 23969 23969 23969 23969 23969 23969 23969 23969 23969 23969 23969 23969 23969 23969 23969 23969 23969 23969 23969 23969 23969 23969 23969 23969 23969 23969 23969 23969 23969 23969 23969 23969 23969 23969 23969 23969 23969 23969 23969 23969 23969 23969 23969 23969 23969 23969 23969 23969 23969 23969 23969 23969 23969 23969 23969 23969 23969 23969 23969 23969 23969 23969 23969 23969 23969 23969 23969 23969 23969 23969 23969 23969 23969 23969 23969 23969 23969 23969 23969 23969 23969 23969 23969 23969 23969 23969 23969 23969 23969 23969 23969 23969 23969 23969 23969 23969 23969 23969 23969 23969 23969 23969 23969 23969 23969 23969 23969 23969 23969 23969 23969 23969 23969 23969 23969 23969 23969 23969 23969 23969 23969 23969 23969 23969 23969 23969 23969 23969 23969 23969 23969 23969 23969 23969 23969 23969 23969 23969 23969 23969 23969 23969 23969 23969 23969 23969 23969 23969 23969 23969 23969 23969 23969 23969 23969 23969 23969 23969 23969 23969 23969 23969 23969 23969 23969 23969 23969 23969 23969 23969 23969 23969 23969 23969 23969 23969 23969 23969 23969 23969 23969 23969 23969 23969 23969 23969 23969 23969 23969 23969 23969 23969 23969 23969 23969 23969 23969 23969 23969 23969 23969 23969 23969 23969 23969 23969 23969 23969 23969 23969 23969 23969 23969 23969 23969 23969 23969 23969 23969 23969 23969 23969 23969 23969 23969 23969 23969 23969 23969 23969 23969 23969 23969 23969 23969 23969 23969 23969 23969 23969 23969 23969 23969 23969 23969 23969 23969 23969 23969 23969 23969 23969 23969 23969 23969 23969 23969 23969 23969 23969 23969 23969 23969 23969 23969 23969 23969 23969 23969 23969 23969 23969 23969 23969 23969 23969 23969 23969 23969 23969 23969 23969 23969 23969 23969 23969 23969 23969 23969 23969 23969 23969 23969 23969 23969 23969 23969 23969 23969 23969 23969 23969 23969 23969 23969 23969 23969 23969 23969 23969 23969 23969 23969 23969 23969 23969 23969 23969 23969 23969 23969 23969 23969 23969 23969 23969 23969 23969 23969 23969 23969 23969 23969 23969 23969 23969 23969 23969 23969 23969 23969 23969 23969 23969 23969 23969 23969 23969 23969 23969 23969 23969 23969 23969 23969 23969 23969 23969 23969 23969 23969 23969 23969 23969 23969 23969 23969 23969 23969 23969 23969 23969 23969 23969 23969 23969 23969 23969 23969 23969 23969 23969 23969 23969 23969 23969 23969 23969 23969 23969 23969 23969 23969 23969 23969 23969 23969 23969 23969 23969 23969 23969 23969 23969 23969 23969 23969 23969 23969 23969 23969 23969 23969 23969 23969 23969 23969 23969 23969 23969 23969 23969 23969 23969 23969 23969 23969 23969 23969 23969 23969 23969 23969 23969 23969 23969 23969 23969 23969 23969 23969 23969 23969 23969 23969 23969 23969 23969 23969 23969 23969 23969 23969 23969 23969 23969 23969 23969 23969 23969 23969 23969 23969 23969 23969 23969 23969 23969 23969 23969 23969 23969 23969 23969 23969 23969 23969 23969 23969 23969 23969 23969 23969 23969 23969 23969 23969 23969 23969 23969 23969 23969 23969 23969 23969 23969 23969 23969 23969 23969 23969 23969 23969 23969 23969 23969 23969 23969 23969 23969 23969 23969 23969 23969 23969 23969 23969 23969 23969 23969 23969 23969 23969 23969 23969 23969 23969 23969 23969 23969 23969 23969 23969 23969 23969 23969 23969 23969 23969 23969 23969 23969 23969 23969 23969 23969 23969 23969 23969 23969 23969 23969 23969 23969 23969 23969 23969 23969 23969 23969 23969 23969 23969 23969 23969 23969 23969 23969 23969 23969 23969 23969 23969 23969 23969 23969 23969 23969 23969 23969 23969 23969 23969 23969 23969 23969 23969 23969 23969 23969 23969 23969 23969 23969 23969 23969 23969 23969 23969 23969 23969 23969 23969 23969 23969 23969 23969 23969 23969 23969 23969 23969 23969 23969 23969 23969 23969 23969 23969 23969 23969 23969 23969 23969 23969 23969 23969 23969 23969 23969 23969 23969 23969 23969 23969 23969 23969 23969 23969 23969 23969 23969 23969 23969 23969 23969 23969 23969 23969 23969 23969 23969 23969 23969 23969 23969 23969 23969 23969 23969 23969 23969 23969 23969 23969 23969 23969 23969 23969 23969 23969 23969 23969 23969 23969 23969 23969 23969 23969 23969 23969 23969 23969 23969 23969 23969 23969 23969 23969 23969 23969 23969 23969 23969 23969 23969 23969 23969 23969 23969 23969 23969 23969 23969 23969 23969 23969 23969 23969 23969 23969 23969 23969 23969 23969 23969 23969 23969 23969 23969 23969 23969 23969 23969 23969 23969 23969 23969 23969 23969 23969 23969 23969 23969 23969 23969 23969 23969 23969 23969 23969 23969 23969 23969 23969 23969 23969 23969 23969 23969 23969 23969 23969 23969 23969 23969 23969 23969 23969 23969 23969 23969 23969 23969 23969 23969 23969 23969 23969 23969 23969 23969 23969 23969 23969 23969 23969 23969 23969 23969 23969 23969 23969 23969 23969 23969 23969 23969 23969 23969 23969 23969 23969 23969 23969 23969 23969 23969 23969 23969 23969 23969 23969 23969 23969 23969 23969 23969 23969 23969 23969 23969 23969 23969 23969 23969 23969 23969 23969 23969 23969 23969 23969 23969 23969 23969 23969 23969 23969 23969 23969 23969 23969 23969 23969 23969 23969 23969 23969 23969 23969 23969 23969 23969 23969 23969 23969 23969 23969 23969 23969 23969 23969 23969 23969 23969 23969 23969 23969 23969 23969 23969 23969 23969 23969 23969 23969 23969 23969 23969 23969 23969 23969 23969 23969 23969 23969 23969 23969 23969 23969 23969 23969 23969 23969 23969 23969 23969 23969 23969 23969 23969 23969 23969 23969 23969 23969 23969 23969 23969 23969 23969 23969 23969 23969 23969 23969 23969 23969 23969 23969 23969 23969 23969 23969 23969 23969 23969 23969 23969 23969 23969 23969 23969 23969 23969 23969 23969 23969 23969 23969 23969 23969 23969 23969 23969 23969 23969 23969 23969 23969 23969 23969 23969 23969 23969 23969 23969 23969 23969 23969 23969 23969 23969 23969 23969 23969 23969 23969 23969 23969 23969 23969 23969 23969 23969 23969 23969 23969 23969 23969 23969 23969 23969 23969 23969 23969 23969 23969 23969 23969 23969 23969 23969 23969 23969 23969 23969 23969 23969 23969 23969 23969 23969 23969 23969 23969 23969 23969 23969 23969 23969 23969 23969 23969 23969 23969 23969 23969 23969 23969 23969 23969 23969 23969 23969 23969 23969 23969 23969 23969 23969 23969 23969 23969 23969 23969 23969 23969 23969 23969 23969 23969 23969 23969 23969 23969 23969 23969 23969 23969 23969 23969 23969 23969 23969 23969 23969 23969 23969 23969 23969 23969 23969 23969 23969 23969 23969 23969 23969 23969 23969 23969 23969 23969 23969 23969 23969 23969 23969 23969 23969 23969 23969 23969 23969 23969 23969 23969 23969 23969 23969 23969 23969 23969 23969 23969 23969 23969 23969 23969 23969 23969 23969 23969 23969 23969 23969 23969 23969 23969 23969 23969 23969 23969 23969 23969 23969 23969 23969 23969 23969 23969 23969 23969 23969 23969 23969 23969 23969 23969 23969 23969 23969 23969 23969 23969 23969 23969 23969 23969 23969 23969 23969 23969 23969 23969 23969 23969 23969 23969 23969 23969 23969 23969 23969 23969 23969 23969 23969 23969 23969 23969 23969 23969 23969 23969 23969 23969 23969 23969 23969 23969 23969 23969 23969 23969 23969 23969 23969 23969 23969 23969 23969 23969 23969 23969 23969 23969 23969 23969 23969 23969 23969 23969 23969 23969 23969 23969 23969 23969 23969 23969 23969 23969 23969 23969 23969 23969 23969 23969 23969 23969 23969 23969 23969 23969 23969 23969 23969 23969 23969 23969 23969 23969 23969 23969 23969 23969 23969 23969 23969 23969 23969 23969 23969 23969 23969 23969 23969 23969 23969 23969 23969 23969 23969 23969 23969 23969 23969 23969 23969 23969 23969 23969 23969 23969 23969 23969 23969 23969 23969 23969 23969 23969 23969 23969 23969 23969 23969 23969 23969 23969 23969 23969 23969 23969 23969 23969 23969 23969 23969 23969 23969 23969 23969 23969 23969 23969 23969 23969 23969 23969 23969 23969 23969 23969 23969 23969 23969 23969 23969 23969 23969 23969 23969 23969 23969 23969 23969 23969 23969 23969 23969 23969 23969 23969 23969 23969 23969 23969 23969 23969 23969 23969 23969 23969 23969 23969 23969 23969 23969 23969 23969 23969 23969 23969 23969 23969 23969 23969 23969 23969 23969 23969 23969 23969 23969 23969 23969 23969 23969 23969 23969 23969 23969 23969 23969 23969 23969 23969 23969 23969 23969 23969 23969 23969 23969 23969 23969 23969 23969 -1 -1 -1 -1 -1 -1 -1 -1 -1 -1 -1 -1 -1 -1 -1 -1 -1 -1 -1 -1 -1 -1 -1 -1 -1</lastValidSample>
      </burst>
      <burst>
        <azimuthTime>2015-05-16T13:34:31.993010</azimuthTime>
        <azimuthAnxTime>2.339765617463867e+03</azimuthAnxTime>
        <sensingTime>2015-05-16T13:34:33.133995</sensingTime>
        <byteOffset>595751624</byteOffset>
        <firstValidSample count="1516">-1 -1 -1 -1 -1 -1 -1 -1 -1 -1 -1 -1 -1 -1 -1 -1 -1 -1 -1 -1 -1 -1 -1 -1 -1 -1 -1 300 300 300 300 300 300 300 300 300 300 300 300 300 300 300 300 300 300 300 300 300 300 300 300 300 300 300 300 300 300 300 300 300 300 300 300 300 300 300 300 300 300 300 300 300 300 300 300 300 300 300 300 300 300 300 300 300 300 300 300 300 300 300 300 300 300 300 300 300 300 300 300 300 300 300 300 300 300 300 300 300 300 300 300 300 300 300 300 300 300 300 300 300 300 300 300 300 300 300 300 300 300 300 300 300 300 300 300 300 300 300 300 300 300 300 300 300 300 300 300 300 300 300 300 300 300 300 300 300 300 300 300 300 300 300 300 300 300 300 300 300 300 300 300 300 300 300 300 300 300 300 300 300 300 300 300 300 300 300 300 300 300 300 300 300 300 300 300 300 300 300 300 300 300 300 300 300 300 300 300 300 300 300 300 300 300 300 300 300 300 300 300 300 300 300 300 300 300 300 300 300 300 300 300 300 300 300 300 300 300 300 300 300 300 300 300 300 300 300 300 300 300 300 300 300 300 300 300 300 300 300 300 300 300 300 300 300 300 300 300 300 300 300 300 300 300 300 300 300 300 300 300 300 300 300 300 300 300 300 300 300 300 300 300 300 300 300 300 300 300 300 300 300 300 300 300 300 300 300 300 300 300 300 300 300 300 300 300 300 300 300 300 300 300 300 300 300 300 300 300 300 300 300 300 300 300 300 300 300 300 300 300 300 300 300 300 300 300 300 300 300 300 300 300 300 300 300 300 300 300 300 300 300 300 300 300 300 300 300 300 300 300 300 300 300 300 300 300 300 300 300 300 300 300 300 300 300 300 300 300 300 300 300 300 300 300 300 300 300 300 300 300 300 300 300 300 300 300 300 300 300 300 300 300 300 300 300 300 300 300 300 300 300 300 300 300 300 300 300 300 300 300 300 300 300 300 300 300 300 300 300 300 300 300 300 300 300 300 300 300 300 300 300 300 300 300 300 300 300 300 300 300 300 300 300 300 300 300 300 300 300 300 300 300 300 300 300 300 300 300 300 300 300 300 300 300 300 300 300 300 300 300 300 300 300 300 300 300 300 300 300 300 300 300 300 300 300 300 300 300 300 300 300 300 300 300 300 300 300 300 300 300 300 300 300 300 300 300 300 300 300 300 300 300 300 300 300 300 300 300 300 300 300 300 300 300 300 300 300 300 300 300 300 300 300 300 300 300 300 300 300 300 300 300 300 300 300 300 300 300 300 300 300 300 300 300 300 300 300 300 300 300 300 300 300 300 300 300 300 300 300 300 300 300 300 300 300 300 300 300 300 300 300 300 300 300 300 300 300 300 300 300 300 300 300 300 300 300 300 300 300 300 300 300 300 300 300 300 300 300 300 300 300 300 300 300 300 300 300 300 300 300 300 300 300 300 300 300 300 300 300 300 300 300 300 300 300 300 300 300 300 300 300 300 300 300 300 300 300 300 300 300 300 300 300 300 300 300 300 300 300 300 300 300 300 300 300 300 300 300 300 300 300 300 300 300 300 300 300 300 300 300 300 300 300 300 300 300 300 300 300 300 300 300 300 300 300 300 300 300 300 300 300 300 300 300 300 300 300 300 300 300 300 300 300 300 300 300 300 300 300 300 300 300 300 300 300 300 300 300 300 300 300 300 300 300 300 300 300 300 300 300 300 300 300 300 300 300 300 300 300 300 300 300 300 300 300 300 300 300 300 300 300 300 300 300 300 300 300 300 300 300 300 300 300 300 300 300 300 300 300 300 300 300 300 300 300 300 300 300 300 300 300 300 300 300 300 300 300 300 300 300 300 300 300 300 300 300 300 300 300 300 300 300 300 300 300 300 300 300 300 300 300 300 300 300 300 300 300 300 300 300 300 300 300 300 300 300 300 300 300 300 300 300 300 300 300 300 300 300 300 300 300 300 300 300 300 300 300 300 300 300 300 300 300 300 300 300 300 300 300 300 300 300 300 300 300 300 300 300 300 300 300 300 300 300 300 300 300 300 300 300 300 300 300 300 300 300 300 300 300 300 300 300 300 300 300 300 300 300 300 300 300 300 300 300 300 300 300 300 300 300 300 300 300 300 300 300 300 300 300 300 300 300 300 300 300 300 300 300 300 300 300 300 300 300 300 300 300 300 300 300 300 300 300 300 300 300 300 300 300 300 300 300 300 300 300 300 300 300 300 300 300 300 300 300 300 300 300 300 300 300 300 300 300 300 300 300 300 300 300 300 300 300 300 300 300 300 300 300 300 300 300 300 300 300 300 300 300 300 300 300 300 300 300 300 300 300 300 300 300 300 300 300 300 300 300 300 300 300 300 300 300 300 300 300 300 300 300 300 300 300 300 300 300 300 300 300 300 300 300 300 300 300 300 300 300 300 300 300 300 300 300 300 300 300 300 300 300 300 300 300 300 300 300 300 300 300 300 300 300 300 300 300 300 300 300 300 300 300 300 300 300 300 300 300 300 300 300 300 300 300 300 300 300 300 300 300 300 300 300 300 300 300 300 300 300 300 300 300 300 300 300 300 300 300 300 300 300 300 300 300 300 300 300 300 300 300 300 300 300 300 300 300 300 300 300 300 300 300 300 300 300 300 300 300 300 300 300 300 300 300 300 300 300 300 300 300 300 300 300 300 300 300 300 300 300 300 300 300 300 300 300 300 300 300 300 300 300 300 300 300 300 300 300 300 300 300 300 300 300 300 300 300 300 300 300 300 300 300 300 300 300 300 300 300 300 300 300 300 300 300 300 300 300 300 300 300 300 300 300 300 300 300 300 300 300 300 300 300 300 300 300 300 300 300 300 300 300 300 300 300 300 300 300 300 300 300 300 300 300 300 300 300 300 300 300 300 300 300 300 300 300 300 300 300 300 300 300 300 300 300 300 300 300 300 300 300 300 300 300 300 300 300 300 300 300 300 300 300 300 300 300 300 300 300 300 300 300 300 300 300 300 300 300 300 300 300 300 300 300 300 300 300 300 300 300 300 300 300 300 300 300 300 300 300 300 300 300 300 300 300 300 300 300 300 300 300 300 300 300 300 300 300 300 300 300 300 300 300 300 300 300 300 300 300 300 300 300 300 300 300 300 300 300 300 300 300 300 300 300 300 300 300 300 300 300 300 300 300 300 300 300 300 300 300 300 300 300 300 300 300 300 300 300 300 300 300 300 300 300 300 300 300 300 300 300 300 300 300 300 300 300 300 300 300 300 300 300 300 300 300 300 300 300 300 300 300 300 300 300 300 300 300 300 300 300 300 300 300 300 300 300 300 300 300 300 300 300 300 300 300 300 300 300 300 300 300 300 300 300 300 300 300 -1 -1 -1 -1 -1 -1 -1 -1 -1 -1 -1 -1 -1 -1 -1 -1 -1 -1 -1 -1 -1 -1 -1 -1 -1</firstValidSample>
        <lastValidSample count="1516">-1 -1 -1 -1 -1 -1 -1 -1 -1 -1 -1 -1 -1 -1 -1 -1 -1 -1 -1 -1 -1 -1 -1 -1 -1 -1 -1 23969 23969 23969 23969 23969 23969 23969 23969 23969 23969 23969 23969 23969 23969 23969 23969 23969 23969 23969 23969 23969 23969 23969 23969 23969 23969 23969 23969 23969 23969 23969 23969 23969 23969 23969 23969 23969 23969 23969 23969 23969 23969 23969 23969 23969 23969 23969 23969 23969 23969 23969 23969 23969 23969 23969 23969 23969 23969 23969 23969 23969 23969 23969 23969 23969 23969 23969 23969 23969 23969 23969 23969 23969 23969 23969 23969 23969 23969 23969 23969 23969 23969 23969 23969 23969 23969 23969 23969 23969 23969 23969 23969 23969 23969 23969 23969 23969 23969 23969 23969 23969 23969 23969 23969 23969 23969 23969 23969 23969 23969 23969 23969 23969 23969 23969 23969 23969 23969 23969 23969 23969 23969 23969 23969 23969 23969 23969 23969 23969 23969 23969 23969 23969 23969 23969 23969 23969 23969 23969 23969 23969 23969 23969 23969 23969 23969 23969 23969 23969 23969 23969 23969 23969 23969 23969 23969 23969 23969 23969 23969 23969 23969 23969 23969 23969 23969 23969 23969 23969 23969 23969 23969 23969 23969 23969 23969 23969 23969 23969 23969 23969 23969 23969 23969 23969 23969 23969 23969 23969 23969 23969 23969 23969 23969 23969 23969 23969 23969 23969 23969 23969 23969 23969 23969 23969 23969 23969 23969 23969 23969 23969 23969 23969 23969 23969 23969 23969 23969 23969 23969 23969 23969 23969 23969 23969 23969 23969 23969 23969 23969 23969 23969 23969 23969 23969 23969 23969 23969 23969 23969 23969 23969 23969 23969 23969 23969 23969 23969 23969 23969 23969 23969 23969 23969 23969 23969 23969 23969 23969 23969 23969 23969 23969 23969 23969 23969 23969 23969 23969 23969 23969 23969 23969 23969 23969 23969 23969 23969 23969 23969 23969 23969 23969 23969 23969 23969 23969 23969 23969 23969 23969 23969 23969 23969 23969 23969 23969 23969 23969 23969 23969 23969 23969 23969 23969 23969 23969 23969 23969 23969 23969 23969 23969 23969 23969 23969 23969 23969 23969 23969 23969 23969 23969 23969 23969 23969 23969 23969 23969 23969 23969 23969 23969 23969 23969 23969 23969 23969 23969 23969 23969 23969 23969 23969 23969 23969 23969 23969 23969 23969 23969 23969 23969 23969 23969 23969 23969 23969 23969 23969 23969 23969 23969 23969 23969 23969 23969 23969 23969 23969 23969 23969 23969 23969 23969 23969 23969 23969 23969 23969 23969 23969 23969 23969 23969 23969 23969 23969 23969 23969 23969 23969 23969 23969 23969 23969 23969 23969 23969 23969 23969 23969 23969 23969 23969 23969 23969 23969 23969 23969 23969 23969 23969 23969 23969 23969 23969 23969 23969 23969 23969 23969 23969 23969 23969 23969 23969 23969 23969 23969 23969 23969 23969 23969 23969 23969 23969 23969 23969 23969 23969 23969 23969 23969 23969 23969 23969 23969 23969 23969 23969 23969 23969 23969 23969 23969 23969 23969 23969 23969 23969 23969 23969 23969 23969 23969 23969 23969 23969 23969 23969 23969 23969 23969 23969 23969 23969 23969 23969 23969 23969 23969 23969 23969 23969 23969 23969 23969 23969 23969 23969 23969 23969 23969 23969 23969 23969 23969 23969 23969 23969 23969 23969 23969 23969 23969 23969 23969 23969 23969 23969 23969 23969 23969 23969 23969 23969 23969 23969 23969 23969 23969 23969 23969 23969 23969 23969 23969 23969 23969 23969 23969 23969 23969 23969 23969 23969 23969 23969 23969 23969 23969 23969 23969 23969 23969 23969 23969 23969 23969 23969 23969 23969 23969 23969 23969 23969 23969 23969 23969 23969 23969 23969 23969 23969 23969 23969 23969 23969 23969 23969 23969 23969 23969 23969 23969 23969 23969 23969 23969 23969 23969 23969 23969 23969 23969 23969 23969 23969 23969 23969 23969 23969 23969 23969 23969 23969 23969 23969 23969 23969 23969 23969 23969 23969 23969 23969 23969 23969 23969 23969 23969 23969 23969 23969 23969 23969 23969 23969 23969 23969 23969 23969 23969 23969 23969 23969 23969 23969 23969 23969 23969 23969 23969 23969 23969 23969 23969 23969 23969 23969 23969 23969 23969 23969 23969 23969 23969 23969 23969 23969 23969 23969 23969 23969 23969 23969 23969 23969 23969 23969 23969 23969 23969 23969 23969 23969 23969 23969 23969 23969 23969 23969 23969 23969 23969 23969 23969 23969 23969 23969 23969 23969 23969 23969 23969 23969 23969 23969 23969 23969 23969 23969 23969 23969 23969 23969 23969 23969 23969 23969 23969 23969 23969 23969 23969 23969 23969 23969 23969 23969 23969 23969 23969 23969 23969 23969 23969 23969 23969 23969 23969 23969 23969 23969 23969 23969 23969 23969 23969 23969 23969 23969 23969 23969 23969 23969 23969 23969 23969 23969 23969 23969 23969 23969 23969 23969 23969 23969 23969 23969 23969 23969 23969 23969 23969 23969 23969 23969 23969 23969 23969 23969 23969 23969 23969 23969 23969 23969 23969 23969 23969 23969 23969 23969 23969 23969 23969 23969 23969 23969 23969 23969 23969 23969 23969 23969 23969 23969 23969 23969 23969 23969 23969 23969 23969 23969 23969 23969 23969 23969 23969 23969 23969 23969 23969 23969 23969 23969 23969 23969 23969 23969 23969 23969 23969 23969 23969 23969 23969 23969 23969 23969 23969 23969 23969 23969 23969 23969 23969 23969 23969 23969 23969 23969 23969 23969 23969 23969 23969 23969 23969 23969 23969 23969 23969 23969 23969 23969 23969 23969 23969 23969 23969 23969 23969 23969 23969 23969 23969 23969 23969 23969 23969 23969 23969 23969 23969 23969 23969 23969 23969 23969 23969 23969 23969 23969 23969 23969 23969 23969 23969 23969 23969 23969 23969 23969 23969 23969 23969 23969 23969 23969 23969 23969 23969 23969 23969 23969 23969 23969 23969 23969 23969 23969 23969 23969 23969 23969 23969 23969 23969 23969 23969 23969 23969 23969 23969 23969 23969 23969 23969 23969 23969 23969 23969 23969 23969 23969 23969 23969 23969 23969 23969 23969 23969 23969 23969 23969 23969 23969 23969 23969 23969 23969 23969 23969 23969 23969 23969 23969 23969 23969 23969 23969 23969 23969 23969 23969 23969 23969 23969 23969 23969 23969 23969 23969 23969 23969 23969 23969 23969 23969 23969 23969 23969 23969 23969 23969 23969 23969 23969 23969 23969 23969 23969 23969 23969 23969 23969 23969 23969 23969 23969 23969 23969 23969 23969 23969 23969 23969 23969 23969 23969 23969 23969 23969 23969 23969 23969 23969 23969 23969 23969 23969 23969 23969 23969 23969 23969 23969 23969 23969 23969 23969 23969 23969 23969 23969 23969 23969 23969 23969 23969 23969 23969 23969 23969 23969 23969 23969 23969 23969 23969 23969 23969 23969 23969 23969 23969 23969 23969 23969 23969 23969 23969 23969 23969 23969 23969 23969 23969 23969 23969 23969 23969 23969 23969 23969 23969 23969 23969 23969 23969 23969 23969 23969 23969 23969 23969 23969 23969 23969 23969 23969 23969 23969 23969 23969 23969 23969 23969 23969 23969 23969 23969 23969 23969 23969 23969 23969 23969 23969 23969 23969 23969 23969 23969 23969 23969 23969 23969 23969 23969 23969 23969 23969 23969 23969 23969 23969 23969 23969 23969 23969 23969 23969 23969 23969 23969 23969 23969 23969 23969 23969 23969 23969 23969 23969 23969 23969 23969 23969 23969 23969 23969 23969 23969 23969 23969 23969 23969 23969 23969 23969 23969 23969 23969 23969 23969 23969 23969 23969 23969 23969 23969 23969 23969 23969 23969 23969 23969 23969 23969 23969 23969 23969 23969 23969 23969 23969 23969 23969 23969 23969 23969 23969 23969 23969 23969 23969 23969 23969 23969 23969 23969 23969 23969 23969 23969 23969 23969 23969 23969 23969 23969 23969 23969 23969 23969 23969 23969 23969 23969 23969 23969 23969 23969 23969 23969 23969 23969 23969 23969 23969 23969 23969 23969 23969 23969 23969 23969 23969 23969 23969 23969 23969 23969 23969 23969 23969 23969 23969 23969 23969 23969 23969 23969 23969 23969 23969 23969 23969 23969 23969 23969 23969 23969 23969 23969 23969 23969 23969 23969 23969 23969 23969 23969 23969 23969 23969 23969 23969 23969 23969 23969 23969 23969 23969 23969 23969 23969 23969 23969 23969 23969 23969 23969 23969 23969 23969 23969 23969 23969 23969 23969 23969 23969 23969 23969 23969 23969 23969 23969 23969 23969 23969 23969 23969 23969 23969 23969 23969 23969 23969 23969 23969 23969 23969 23969 23969 23969 23969 23969 23969 23969 23969 23969 23969 23969 23969 23969 23969 23969 23969 23969 23969 23969 23969 23969 23969 23969 23969 23969 23969 23969 23969 23969 23969 23969 23969 23969 23969 23969 23969 23969 23969 23969 23969 23969 23969 23969 23969 23969 23969 23969 23969 23969 23969 23969 23969 23969 23969 23969 23969 23969 23969 23969 23969 23969 23969 23969 23969 23969 23969 23969 23969 23969 23969 23969 23969 23969 23969 23969 23969 23969 23969 23969 23969 23969 23969 23969 23969 23969 23969 23969 23969 23969 23969 23969 23969 23969 23969 23969 23969 23969 23969 23969 23969 23969 23969 23969 23969 23969 23969 23969 23969 23969 23969 23969 23969 23969 23969 23969 23969 23969 23969 23969 23969 23969 23969 23969 23969 23969 23969 23969 23969 23969 23969 23969 23969 23969 23969 23969 23969 23969 23969 23969 23969 23969 23969 23969 23969 23969 -1 -1 -1 -1 -1 -1 -1 -1 -1 -1 -1 -1 -1 -1 -1 -1 -1 -1 -1 -1 -1 -1 -1 -1 -1</lastValidSample>
      </burst>
      <burst>
        <azimuthTime>2015-05-16T13:34:34.749511</azimuthTime>
        <azimuthAnxTime>2.342522117708008e+03</azimuthAnxTime>
        <sensingTime>2015-05-16T13:34:35.892272</sensingTime>
        <byteOffset>744689528</byteOffset>
        <firstValidSample count="1516">-1 -1 -1 -1 -1 -1 -1 -1 -1 -1 -1 -1 -1 -1 -1 -1 -1 -1 -1 -1 -1 -1 -1 -1 -1 -1 -1 300 300 300 300 300 300 300 300 300 300 300 300 300 300 300 300 300 300 300 300 300 300 300 300 300 300 300 300 300 300 300 300 300 300 300 300 300 300 300 300 300 300 300 300 300 300 300 300 300 300 300 300 300 300 300 300 300 300 300 300 300 300 300 300 300 300 300 300 300 300 300 300 300 300 300 300 300 300 300 300 300 300 300 300 300 300 300 300 300 300 300 300 300 300 300 300 300 300 300 300 300 300 300 300 300 300 300 300 300 300 300 300 300 300 300 300 300 300 300 300 300 300 300 300 300 300 300 300 300 300 300 300 300 300 300 300 300 300 300 300 300 300 300 300 300 300 300 300 300 300 300 300 300 300 300 300 300 300 300 300 300 300 300 300 300 300 300 300 300 300 300 300 300 300 300 300 300 300 300 300 300 300 300 300 300 300 300 300 300 300 300 300 300 300 300 300 300 300 300 300 300 300 300 300 300 300 300 300 300 300 300 300 300 300 300 300 300 300 300 300 300 300 300 300 300 300 300 300 300 300 300 300 300 300 300 300 300 300 300 300 300 300 300 300 300 300 300 300 300 300 300 300 300 300 300 300 300 300 300 300 300 300 300 300 300 300 300 300 300 300 300 300 300 300 300 300 300 300 300 300 300 300 300 300 300 300 300 300 300 300 300 300 300 300 300 300 300 300 300 300 300 300 300 300 300 300 300 300 300 300 300 300 300 300 300 300 300 300 300 300 300 300 300 300 300 300 300 300 300 300 300 300 300 300 300 300 300 300 300 300 300 300 300 300 300 300 300 300 300 300 300 300 300 300 300 300 300 300 300 300 300 300 300 300 300 300 300 300 300 300 300 300 300 300 300 300 300 300 300 300 300 300 300 300 300 300 300 300 300 300 300 300 300 300 300 300 300 300 300 300 300 300 300 300 300 300 300 300 300 300 300 300 300 300 300 300 300 300 300 300 300 300 300 300 300 300 300 300 300 300 300 300 300 300 300 300 300 300 300 300 300 300 300 300 300 300 300 300 300 300 300 300 300 300 300 300 300 300 300 300 300 300 300 300 300 300 300 300 300 300 300 300 300 300 300 300 300 300 300 300 300 300 300 300 300 300 300 300 300 300 300 300 300 300 300 300 300 300 300 300 300 300 300 300 300 300 300 300 300 300 300 300 300 300 300 300 300 300 300 300 300 300 300 300 300 300 300 300 300 300 300 300 300 300 300 300 300 300 300 300 300 300 300 300 300 300 300 300 300 300 300 300 300 300 300 300 300 300 300 300 300 300 300 300 300 300 300 300 300 300 300 300 300 300 300 300 300 300 300 300 300 300 300 300 300 300 300 300 300 300 300 300 300 300 300 300 300 300 300 300 300 300 300 300 300 300 300 300 300 300 300 300 300 300 300 300 300 300 300 300 300 300 300 300 300 300 300 300 300 300 300 300 300 300 300 300 300 300 300 300 300 300 300 300 300 300 300 300 300 300 300 300 300 300 300 300 300 300 300 300 300 300 300 300 300 300 300 300 300 300 300 300 300 300 300 300 300 300 300 300 300 300 300 300 300 300 300 300 300 300 300 300 300 300 300 300 300 300 300 300 300 300 300 300 300 300 300 300 300 300 300 300 300 300 300 300 300 300 300 300 300 300 300 300 300 300 300 300 300 300 300 300 300 300 300 300 300 300 300 300 300 300 300 300 300 300 300 300 300 300 300 300 300 300 300 300 300 300 300 300 300 300 300 300 300 300 300 300 300 300 300 300 300 300 300 300 300 300 300 300 300 300 300 300 300 300 300 300 300 300 300 300 300 300 300 300 300 300 300 300 300 300 300 300 300 300 300 300 300 300 300 300 300 300 300 300 300 300 300 300 300 300 300 300 300 300 300 300 300 300 300 300 300 300 300 300 300 300 300 300 300 300 300 300 300 300 300 300 300 300 300 300 300 300 300 300 300 300 300 300 300 300 300 300 300 300 300 300 300 300 300 300 300 300 300 300 300 300 300 300 300 300 300 300 300 300 300 300 300 300 300 300 300 300 300 300 300 300 300 300 300 300 300 300 300 300 300 300 300 300 300 300 300 300 300 300 300 300 300 300 300 300 300 300 300 300 300 300 300 300 300 300 300 300 300 300 300 300 300 300 300 300 300 300 300 300 300 300 300 300 300 300 300 300 300 300 300 300 300 300 300 300 300 300 300 300 300 300 300 300 300 300 300 300 300 300 300 300 300 300 300 300 300 300 300 300 300 300 300 300 300 300 300 300 300 300 300 300 300 300 300 300 300 300 300 300 300 300 300 300 300 300 300 300 300 300 300 300 300 300 300 300 300 300 300 300 300 300 300 300 300 300 300 300 300 300 300 300 300 300 300 300 300 300 300 300 300 300 300 300 300 300 300 300 300 300 300 300 300 300 300 300 300 300 300 300 300 300 300 300 300 300 300 300 300 300 300 300 300 300 300 300 300 300 300 300 300 300 300 300 300 300 300 300 300 300 300 300 300 300 300 300 300 300 300 300 300 300 300 300 300 300 300 300 300 300 300 300 300 300 300 300 300 300 300 300 300 300 300 300 300 300 300 300 300 300 300 300 300 300 300 300 300 300 300 300 300 300 300 300 300 300 300 300 300 300 300 300 300 300 300 300 300 300 300 300 300 300 300 300 300 300 300 300 300 300 300 300 300 300 300 300 300 300 300 300 300 300 300 300 300 300 300 300 300 300 300 300 300 300 300 300 300 300 300 300 300 300 300 300 300 300 300 300 300 300 300 300 300 300 300 300 300 300 300 300 300 300 300 300 300 300 300 300 300 300 300 300 300 300 300 300 300 300 300 300 300 300 300 300 300 300 300 300 300 300 300 300 300 300 300 300 300 300 300 300 300 300 300 300 300 300 300 300 300 300 300 300 300 300 300 300 300 300 300 300 300 300 300 300 300 300 300 300 300 300 300 300 300 300 300 300 300 300 300 300 300 300 300 300 300 300 300 300 300 300 300 300 300 300 300 300 300 300 300 300 300 300 300 300 300 300 300 300 300 300 300 300 300 300 300 300 300 300 300 300 300 300 300 300 300 300 300 300 300 300 300 300 300 300 300 300 300 300 300 300 300 300 300 300 300 300 300 300 300 300 300 300 300 300 300 300 300 300 300 300 300 300 300 300 300 300 300 300 300 300 300 300 300 300 300 300 300 300 300 300 300 300 300 300 300 300 300 300 300 300 300 300 300 300 300 300 300 300 300 300 300 300 300 300 300 300 300 300 300 300 300 300 300 300 300 300 300 300 300 300 300 300 300 300 300 300 300 300 300 300 300 300 300 300 300 300 300 300 300 -1 -1 -1 -1 -1 -1 -1 -1 -1 -1 -1 -1 -1 -1 -1 -1 -1 -1 -1 -1 -1 -1 -1 -1</firstValidSample>
        <lastValidSample count="1516">-1 -1 -1 -1 -1 -1 -1 -1 -1 -1 -1 -1 -1 -1 -1 -1 -1 -1 -1 -1 -1 -1 -1 -1 -1 -1 -1 23969 23969 23969 23969 23969 23969 23969 23969 23969 23969 23969 23969 23969 23969 23969 23969 23969 23969 23969 23969 23969 23969 23969 23969 23969 23969 23969 23969 23969 23969 23969 23969 23969 23969 23969 23969 23969 23969 23969 23969 23969 23969 23969 23969 23969 23969 23969 23969 23969 23969 23969 23969 23969 23969 23969 23969 23969 23969 23969 23969 23969 23969 23969 23969 23969 23969 23969 23969 23969 23969 23969 23969 23969 23969 23969 23969 23969 23969 23969 23969 23969 23969 23969 23969 23969 23969 23969 23969 23969 23969 23969 23969 23969 23969 23969 23969 23969 23969 23969 23969 23969 23969 23969 23969 23969 23969 23969 23969 23969 23969 23969 23969 23969 23969 23969 23969 23969 23969 23969 23969 23969 23969 23969 23969 23969 23969 23969 23969 23969 23969 23969 23969 23969 23969 23969 23969 23969 23969 23969 23969 23969 23969 23969 23969 23969 23969 23969 23969 23969 23969 23969 23969 23969 23969 23969 23969 23969 23969 23969 23969 23969 23969 23969 23969 23969 23969 23969 23969 23969 23969 23969 23969 23969 23969 23969 23969 23969 23969 23969 23969 23969 23969 23969 23969 23969 23969 23969 23969 23969 23969 23969 23969 23969 23969 23969 23969 23969 23969 23969 23969 23969 23969 23969 23969 23969 23969 23969 23969 23969 23969 23969 23969 23969 23969 23969 23969 23969 23969 23969 23969 23969 23969 23969 23969 23969 23969 23969 23969 23969 23969 23969 23969 23969 23969 23969 23969 23969 23969 23969 23969 23969 23969 23969 23969 23969 23969 23969 23969 23969 23969 23969 23969 23969 23969 23969 23969 23969 23969 23969 23969 23969 23969 23969 23969 23969 23969 23969 23969 23969 23969 23969 23969 23969 23969 23969 23969 23969 23969 23969 23969 23969 23969 23969 23969 23969 23969 23969 23969 23969 23969 23969 23969 23969 23969 23969 23969 23969 23969 23969 23969 23969 23969 23969 23969 23969 23969 23969 23969 23969 23969 23969 23969 23969 23969 23969 23969 23969 23969 23969 23969 23969 23969 23969 23969 23969 23969 23969 23969 23969 23969 23969 23969 23969 23969 23969 23969 23969 23969 23969 23969 23969 23969 23969 23969 23969 23969 23969 23969 23969 23969 23969 23969 23969 23969 23969 23969 23969 23969 23969 23969 23969 23969 23969 23969 23969 23969 23969 23969 23969 23969 23969 23969 23969 23969 23969 23969 23969 23969 23969 23969 23969 23969 23969 23969 23969 23969 23969 23969 23969 23969 23969 23969 23969 23969 23969 23969 23969 23969 23969 23969 23969 23969 23969 23969 23969 23969 23969 23969 23969 23969 23969 23969 23969 23969 23969 23969 23969 23969 23969 23969 23969 23969 23969 23969 23969 23969 23969 23969 23969 23969 23969 23969 23969 23969 23969 23969 23969 23969 23969 23969 23969 23969 23969 23969 23969 23969 23969 23969 23969 23969 23969 23969 23969 23969 23969 23969 23969 23969 23969 23969 23969 23969 23969 23969 23969 23969 23969 23969 23969 23969 23969 23969 23969 23969 23969 23969 23969 23969 23969 23969 23969 23969 23969 23969 23969 23969 23969 23969 23969 23969 23969 23969 23969 23969 23969 23969 23969 23969 23969 23969 23969 23969 23969 23969 23969 23969 23969 23969 23969 23969 23969 23969 23969 23969 23969 23969 23969 23969 23969 23969 23969 23969 23969 23969 23969 23969 23969 23969 23969 23969 23969 23969 23969 23969 23969 23969 23969 23969 23969 23969 23969 23969 23969 23969 23969 23969 23969 23969 23969 23969 23969 23969 23969 23969 23969 23969 23969 23969 23969 23969 23969 23969 23969 23969 23969 23969 23969 23969 23969 23969 23969 23969 23969 23969 23969 23969 23969 23969 23969 23969 23969 23969 23969 23969 23969 23969 23969 23969 23969 23969 23969 23969 23969 23969 23969 23969 23969 23969 23969 23969 23969 23969 23969 23969 23969 23969 23969 23969 23969 23969 23969 23969 23969 23969 23969 23969 23969 23969 23969 23969 23969 23969 23969 23969 23969 23969 23969 23969 23969 23969 23969 23969 23969 23969 23969 23969 23969 23969 23969 23969 23969 23969 23969 23969 23969 23969 23969 23969 23969 23969 23969 23969 23969 23969 23969 23969 23969 23969 23969 23969 23969 23969 23969 23969 23969 23969 23969 23969 23969 23969 23969 23969 23969 23969 23969 23969 23969 23969 23969 23969 23969 23969 23969 23969 23969 23969 23969 23969 23969 23969 23969 23969 23969 23969 23969 23969 23969 23969 23969 23969 23969 23969 23969 23969 23969 23969 23969 23969 23969 23969 23969 23969 23969 23969 23969 23969 23969 23969 23969 23969 23969 23969 23969 23969 23969 23969 23969 23969 23969 23969 23969 23969 23969 23969 23969 23969 23969 23969 23969 23969 23969 23969 23969 23969 23969 23969 23969 23969 23969 23969 23969 23969 23969 23969 23969 23969 23969 23969 23969 23969 23969 23969 23969 23969 23969 23969 23969 23969 23969 23969 23969 23969 23969 23969 23969 23969 23969 23969 23969 23969 23969 23969 23969 23969 23969 23969 23969 23969 23969 23969 23969 23969 23969 23969 23969 23969 23969 23969 23969 23969 23969 23969 23969 23969 23969 23969 23969 23969 23969 23969 23969 23969 23969 23969 23969 23969 23969 23969 23969 23969 23969 23969 23969 23969 23969 23969 23969 23969 23969 23969 23969 23969 23969 23969 23969 23969 23969 23969 23969 23969 23969 23969 23969 23969 23969 23969 23969 23969 23969 23969 23969 23969 23969 23969 23969 23969 23969 23969 23969 23969 23969 23969 23969 23969 23969 23969 23969 23969 23969 23969 23969 23969 23969 23969 23969 23969 23969 23969 23969 23969 23969 23969 23969 23969 23969 23969 23969 23969 23969 23969 23969 23969 23969 23969 23969 23969 23969 23969 23969 23969 23969 23969 23969 23969 23969 23969 23969 23969 23969 23969 23969 23969 23969 23969 23969 23969 23969 23969 23969 23969 23969 23969 23969 23969 23969 23969 23969 23969 23969 23969 23969 23969 23969 23969 23969 23969 23969 23969 23969 23969 23969 23969 23969 23969 23969 23969 23969 23969 23969 23969 23969 23969 23969 23969 23969 23969 23969 23969 23969 23969 23969 23969 23969 23969 23969 23969 23969 23969 23969 23969 23969 23969 23969 23969 23969 23969 23969 23969 23969 23969 23969 23969 23969 23969 23969 23969 23969 23969 23969 23969 23969 23969 23969 23969 23969 23969 23969 23969 23969 23969 23969 23969 23969 23969 23969 23969 23969 23969 23969 23969 23969 23969 23969 23969 23969 23969 23969 23969 23969 23969 23969 23969 23969 23969 23969 23969 23969 23969 23969 23969 23969 23969 23969 23969 23969 23969 23969 23969 23969 23969 23969 23969 23969 23969 23969 23969 23969 23969 23969 23969 23969 23969 23969 23969 23969 23969 23969 23969 23969 23969 23969 23969 23969 23969 23969 23969 23969 23969 23969 23969 23969 23969 23969 23969 23969 23969 23969 23969 23969 23969 23969 23969 23969 23969 23969 23969 23969 23969 23969 23969 23969 23969 23969 23969 23969 23969 23969 23969 23969 23969 23969 23969 23969 23969 23969 23969 23969 23969 23969 23969 23969 23969 23969 23969 23969 23969 23969 23969 23969 23969 23969 23969 23969 23969 23969 23969 23969 23969 23969 23969 23969 23969 23969 23969 23969 23969 23969 23969 23969 23969 23969 23969 23969 23969 23969 23969 23969 23969 23969 23969 23969 23969 23969 23969 23969 23969 23969 23969 23969 23969 23969 23969 23969 23969 23969 23969 23969 23969 23969 23969 23969 23969 23969 23969 23969 23969 23969 23969 23969 23969 23969 23969 23969 23969 23969 23969 23969 23969 23969 23969 23969 23969 23969 23969 23969 23969 23969 23969 23969 23969 23969 23969 23969 23969 23969 23969 23969 23969 23969 23969 23969 23969 23969 23969 23969 23969 23969 23969 23969 23969 23969 23969 23969 23969 23969 23969 23969 23969 23969 23969 23969 23969 23969 23969 23969 23969 23969 23969 23969 23969 23969 23969 23969 23969 23969 23969 23969 23969 23969 23969 23969 23969 23969 23969 23969 23969 23969 23969 23969 23969 23969 23969 23969 23969 23969 23969 23969 23969 23969 23969 23969 23969 23969 23969 23969 23969 23969 23969 23969 23969 23969 23969 23969 23969 23969 23969 23969 23969 23969 23969 23969 23969 23969 23969 23969 23969 23969 23969 23969 23969 23969 23969 23969 23969 23969 23969 23969 23969 23969 23969 23969 23969 23969 23969 23969 23969 23969 23969 23969 23969 23969 23969 23969 23969 23969 23969 23969 23969 23969 23969 23969 23969 23969 23969 23969 23969 23969 23969 23969 23969 23969 23969 23969 23969 23969 23969 23969 23969 23969 23969 23969 23969 23969 23969 23969 23969 23969 23969 23969 23969 23969 23969 23969 23969 23969 23969 23969 23969 23969 23969 23969 23969 23969 23969 23969 23969 23969 23969 23969 23969 23969 23969 23969 23969 23969 23969 23969 23969 23969 23969 23969 23969 23969 23969 23969 23969 23969 23969 23969 23969 23969 23969 23969 23969 23969 23969 23969 23969 23969 23969 23969 23969 23969 23969 23969 23969 23969 23969 23969 23969 23969 23969 23969 23969 23969 23969 23969 23969 23969 23969 23969 23969 23969 23969 23969 23969 23969 23969 23969 23969 23969 23969 23969 23969 23969 23969 23969 23969 23969 23969 23969 23969 23969 23969 23969 23969 23969 23969 23969 23969 23969 23969 23969 23969 23969 -1 -1 -1 -1 -1 -1 -1 -1 -1 -1 -1 -1 -1 -1 -1 -1 -1 -1 -1 -1 -1 -1 -1 -1</lastValidSample>
      </burst>
      <burst>
        <azimuthTime>2015-05-16T13:34:37.508071</azimuthTime>
        <azimuthAnxTime>2.345280677888672e+03</azimuthAnxTime>
        <sensingTime>2015-05-16T13:34:38.650549</sensingTime>
        <byteOffset>893627432</byteOffset>
        <firstValidSample count="1516">-1 -1 -1 -1 -1 -1 -1 -1 -1 -1 -1 -1 -1 -1 -1 -1 -1 -1 -1 -1 -1 -1 -1 -1 -1 -1 -1 300 300 300 300 300 300 300 300 300 300 300 300 300 300 300 300 300 300 300 300 300 300 300 300 300 300 300 300 300 300 300 300 300 300 300 300 300 300 300 300 300 300 300 300 300 300 300 300 300 300 300 300 300 300 300 300 300 300 300 300 300 300 300 300 300 300 300 300 300 300 300 300 300 300 300 300 300 300 300 300 300 300 300 300 300 300 300 300 300 300 300 300 300 300 300 300 300 300 300 300 300 300 300 300 300 300 300 300 300 300 300 300 300 300 300 300 300 300 300 300 300 300 300 300 300 300 300 300 300 300 300 300 300 300 300 300 300 300 300 300 300 300 300 300 300 300 300 300 300 300 300 300 300 300 300 300 300 300 300 300 300 300 300 300 300 300 300 300 300 300 300 300 300 300 300 300 300 300 300 300 300 300 300 300 300 300 300 300 300 300 300 300 300 300 300 300 300 300 300 300 300 300 300 300 300 300 300 300 300 300 300 300 300 300 300 300 300 300 300 300 300 300 300 300 300 300 300 300 300 300 300 300 300 300 300 300 300 300 300 300 300 300 300 300 300 300 300 300 300 300 300 300 300 300 300 300 300 300 300 300 300 300 300 300 300 300 300 300 300 300 300 300 300 300 300 300 300 300 300 300 300 300 300 300 300 300 300 300 300 300 300 300 300 300 300 300 300 300 300 300 300 300 300 300 300 300 300 300 300 300 300 300 300 300 300 300 300 300 300 300 300 300 300 300 300 300 300 300 300 300 300 300 300 300 300 300 300 300 300 300 300 300 300 300 300 300 300 300 300 300 300 300 300 300 300 300 300 300 300 300 300 300 300 300 300 300 300 300 300 300 300 300 300 300 300 300 300 300 300 300 300 300 300 300 300 300 300 300 300 300 300 300 300 300 300 300 300 300 300 300 300 300 300 300 300 300 300 300 300 300 300 300 300 300 300 300 300 300 300 300 300 300 300 300 300 300 300 300 300 300 300 300 300 300 300 300 300 300 300 300 300 300 300 300 300 300 300 300 300 300 300 300 300 300 300 300 300 300 300 300 300 300 300 300 300 300 300 300 300 300 300 300 300 300 300 300 300 300 300 300 300 300 300 300 300 300 300 300 300 300 300 300 300 300 300 300 300 300 300 300 300 300 300 300 300 300 300 300 300 300 300 300 300 300 300 300 300 300 300 300 300 300 300 300 300 300 300 300 300 300 300 300 300 300 300 300 300 300 300 300 300 300 300 300 300 300 300 300 300 300 300 300 300 300 300 300 300 300 300 300 300 300 300 300 300 300 300 300 300 300 300 300 300 300 300 300 300 300 300 300 300 300 300 300 300 300 300 300 300 300 300 300 300 300 300 300 300 300 300 300 300 300 300 300 300 300 300 300 300 300 300 300 300 300 300 300 300 300 300 300 300 300 300 300 300 300 300 300 300 300 300 300 300 300 300 300 300 300 300 300 300 300 300 300 300 300 300 300 300 300 300 300 300 300 300 300 300 300 300 300 300 300 300 300 300 300 300 300 300 300 300 300 300 300 300 300 300 300 300 300 300 300 300 300 300 300 300 300 300 300 300 300 300 300 300 300 300 300 300 300 300 300 300 300 300 300 300 300 300 300 300 300 300 300 300 300 300 300 300 300 300 300 300 300 300 300 300 300 300 300 300 300 300 300 300 300 300 300 300 300 300 300 300 300 300 300 300 300 300 300 300 300 300 300 300 300 300 300 300 300 300 300 300 300 300 300 300 300 300 300 300 300 300 300 300 300 300 300 300 300 300 300 300 300 300 300 300 300 300 300 300 300 300 300 300 300 300 300 300 300 300 300 300 300 300 300 300 300 300 300 300 300 300 300 300 300 300 300 300 300 300 300 300 300 300 300 300 300 300 300 300 300 300 300 300 300 300 300 300 300 300 300 300 300 300 300 300 300 300 300 300 300 300 300 300 300 300 300 300 300 300 300 300 300 300 300 300 300 300 300 300 300 300 300 300 300 300 300 300 300 300 300 300 300 300 300 300 300 300 300 300 300 300 300 300 300 300 300 300 300 300 300 300 300 300 300 300 300 300 300 300 300 300 300 300 300 300 300 300 300 300 300 300 300 300 300 300 300 300 300 300 300 300 300 300 300 300 300 300 300 300 300 300 300 300 300 300 300 300 300 300 300 300 300 300 300 300 300 300 300 300 300 300 300 300 300 300 300 300 300 300 300 300 300 300 300 300 300 300 300 300 300 300 300 300 300 300 300 300 300 300 300 300 300 300 300 300 300 300 300 300 300 300 300 300 300 300 300 300 300 300 300 300 300 300 300 300 300 300 300 300 300 300 300 300 300 300 300 300 300 300 300 300 300 300 300 300 300 300 300 300 300 300 300 300 300 300 300 300 300 300 300 300 300 300 300 300 300 300 300 300 300 300 300 300 300 300 300 300 300 300 300 300 300 300 300 300 300 300 300 300 300 300 300 300 300 300 300 300 300 300 300 300 300 300 300 300 300 300 300 300 300 300 300 300 300 300 300 300 300 300 300 300 300 300 300 300 300 300 300 300 300 300 300 300 300 300 300 300 300 300 300 300 300 300 300 300 300 300 300 300 300 300 300 300 300 300 300 300 300 300 300 300 300 300 300 300 300 300 300 300 300 300 300 300 300 300 300 300 300 300 300 300 300 300 300 300 300 300 300 300 300 300 300 300 300 300 300 300 300 300 300 300 300 300 300 300 300 300 300 300 300 300 300 300 300 300 300 300 300 300 300 300 300 300 300 300 300 300 300 300 300 300 300 300 300 300 300 300 300 300 300 300 300 300 300 300 300 300 300 300 300 300 300 300 300 300 300 300 300 300 300 300 300 300 300 300 300 300 300 300 300 300 300 300 300 300 300 300 300 300 300 300 300 300 300 300 300 300 300 300 300 300 300 300 300 300 300 300 300 300 300 300 300 300 300 300 300 300 300 300 300 300 300 300 300 300 300 300 300 300 300 300 300 300 300 300 300 300 300 300 300 300 300 300 300 300 300 300 300 300 300 300 300 300 300 300 300 300 300 300 300 300 300 300 300 300 300 300 300 300 300 300 300 300 300 300 300 300 300 300 300 300 300 300 300 300 300 300 300 300 300 300 300 300 300 300 300 300 300 300 300 300 300 300 300 300 300 300 300 300 300 300 300 300 300 300 300 300 300 300 300 300 300 300 300 300 300 300 300 300 300 300 300 300 300 300 300 300 300 300 300 300 300 300 300 300 300 300 300 300 300 300 300 300 300 300 300 300 300 300 300 300 300 300 300 300 300 300 300 300 300 300 300 300 300 300 300 300 300 300 300 300 300 -1 -1 -1 -1 -1 -1 -1 -1 -1 -1 -1 -1 -1 -1 -1 -1 -1 -1 -1 -1 -1 -1 -1 -1 -1</firstValidSample>
        <lastValidSample count="1516">-1 -1 -1 -1 -1 -1 -1 -1 -1 -1 -1 -1 -1 -1 -1 -1 -1 -1 -1 -1 -1 -1 -1 -1 -1 -1 -1 23969 23969 23969 23969 23969 23969 23969 23969 23969 23969 23969 23969 23969 23969 23969 23969 23969 23969 23969 23969 23969 23969 23969 23969 23969 23969 23969 23969 23969 23969 23969 23969 23969 23969 23969 23969 23969 23969 23969 23969 23969 23969 23969 23969 23969 23969 23969 23969 23969 23969 23969 23969 23969 23969 23969 23969 23969 23969 23969 23969 23969 23969 23969 23969 23969 23969 23969 23969 23969 23969 23969 23969 23969 23969 23969 23969 23969 23969 23969 23969 23969 23969 23969 23969 23969 23969 23969 23969 23969 23969 23969 23969 23969 23969 23969 23969 23969 23969 23969 23969 23969 23969 23969 23969 23969 23969 23969 23969 23969 23969 23969 23969 23969 23969 23969 23969 23969 23969 23969 23969 23969 23969 23969 23969 23969 23969 23969 23969 23969 23969 23969 23969 23969 23969 23969 23969 23969 23969 23969 23969 23969 23969 23969 23969 23969 23969 23969 23969 23969 23969 23969 23969 23969 23969 23969 23969 23969 23969 23969 23969 23969 23969 23969 23969 23969 23969 23969 23969 23969 23969 23969 23969 23969 23969 23969 23969 23969 23969 23969 23969 23969 23969 23969 23969 23969 23969 23969 23969 23969 23969 23969 23969 23969 23969 23969 23969 23969 23969 23969 23969 23969 23969 23969 23969 23969 23969 23969 23969 23969 23969 23969 23969 23969 23969 23969 23969 23969 23969 23969 23969 23969 23969 23969 23969 23969 23969 23969 23969 23969 23969 23969 23969 23969 23969 23969 23969 23969 23969 23969 23969 23969 23969 23969 23969 23969 23969 23969 23969 23969 23969 23969 23969 23969 23969 23969 23969 23969 23969 23969 23969 23969 23969 23969 23969 23969 23969 23969 23969 23969 23969 23969 23969 23969 23969 23969 23969 23969 23969 23969 23969 23969 23969 23969 23969 23969 23969 23969 23969 23969 23969 23969 23969 23969 23969 23969 23969 23969 23969 23969 23969 23969 23969 23969 23969 23969 23969 23969 23969 23969 23969 23969 23969 23969 23969 23969 23969 23969 23969 23969 23969 23969 23969 23969 23969 23969 23969 23969 23969 23969 23969 23969 23969 23969 23969 23969 23969 23969 23969 23969 23969 23969 23969 23969 23969 23969 23969 23969 23969 23969 23969 23969 23969 23969 23969 23969 23969 23969 23969 23969 23969 23969 23969 23969 23969 23969 23969 23969 23969 23969 23969 23969 23969 23969 23969 23969 23969 23969 23969 23969 23969 23969 23969 23969 23969 23969 23969 23969 23969 23969 23969 23969 23969 23969 23969 23969 23969 23969 23969 23969 23969 23969 23969 23969 23969 23969 23969 23969 23969 23969 23969 23969 23969 23969 23969 23969 23969 23969 23969 23969 23969 23969 23969 23969 23969 23969 23969 23969 23969 23969 23969 23969 23969 23969 23969 23969 23969 23969 23969 23969 23969 23969 23969 23969 23969 23969 23969 23969 23969 23969 23969 23969 23969 23969 23969 23969 23969 23969 23969 23969 23969 23969 23969 23969 23969 23969 23969 23969 23969 23969 23969 23969 23969 23969 23969 23969 23969 23969 23969 23969 23969 23969 23969 23969 23969 23969 23969 23969 23969 23969 23969 23969 23969 23969 23969 23969 23969 23969 23969 23969 23969 23969 23969 23969 23969 23969 23969 23969 23969 23969 23969 23969 23969 23969 23969 23969 23969 23969 23969 23969 23969 23969 23969 23969 23969 23969 23969 23969 23969 23969 23969 23969 23969 23969 23969 23969 23969 23969 23969 23969 23969 23969 23969 23969 23969 23969 23969 23969 23969 23969 23969 23969 23969 23969 23969 23969 23969 23969 23969 23969 23969 23969 23969 23969 23969 23969 23969 23969 23969 23969 23969 23969 23969 23969 23969 23969 23969 23969 23969 23969 23969 23969 23969 23969 23969 23969 23969 23969 23969 23969 23969 23969 23969 23969 23969 23969 23969 23969 23969 23969 23969 23969 23969 23969 23969 23969 23969 23969 23969 23969 23969 23969 23969 23969 23969 23969 23969 23969 23969 23969 23969 23969 23969 23969 23969 23969 23969 23969 23969 23969 23969 23969 23969 23969 23969 23969 23969 23969 23969 23969 23969 23969 23969 23969 23969 23969 23969 23969 23969 23969 23969 23969 23969 23969 23969 23969 23969 23969 23969 23969 23969 23969 23969 23969 23969 23969 23969 23969 23969 23969 23969 23969 23969 23969 23969 23969 23969 23969 23969 23969 23969 23969 23969 23969 23969 23969 23969 23969 23969 23969 23969 23969 23969 23969 23969 23969 23969 23969 23969 23969 23969 23969 23969 23969 23969 23969 23969 23969 23969 23969 23969 23969 23969 23969 23969 23969 23969 23969 23969 23969 23969 23969 23969 23969 23969 23969 23969 23969 23969 23969 23969 23969 23969 23969 23969 23969 23969 23969 23969 23969 23969 23969 23969 23969 23969 23969 23969 23969 23969 23969 23969 23969 23969 23969 23969 23969 23969 23969 23969 23969 23969 23969 23969 23969 23969 23969 23969 23969 23969 23969 23969 23969 23969 23969 23969 23969 23969 23969 23969 23969 23969 23969 23969 23969 23969 23969 23969 23969 23969 23969 23969 23969 23969 23969 23969 23969 23969 23969 23969 23969 23969 23969 23969 23969 23969 23969 23969 23969 23969 23969 23969 23969 23969 23969 23969 23969 23969 23969 23969 23969 23969 23969 23969 23969 23969 23969 23969 23969 23969 23969 23969 23969 23969 23969 23969 23969 23969 23969 23969 23969 23969 23969 23969 23969 23969 23969 23969 23969 23969 23969 23969 23969 23969 23969 23969 23969 23969 23969 23969 23969 23969 23969 23969 23969 23969 23969 23969 23969 23969 23969 23969 23969 23969 23969 23969 23969 23969 23969 23969 23969 23969 23969 23969 23969 23969 23969 23969 23969 23969 23969 23969 23969 23969 23969 23969 23969 23969 23969 23969 23969 23969 23969 23969 23969 23969 23969 23969 23969 23969 23969 23969 23969 23969 23969 23969 23969 23969 23969 23969 23969 23969 23969 23969 23969 23969 23969 23969 23969 23969 23969 23969 23969 23969 23969 23969 23969 23969 23969 23969 23969 23969 23969 23969 23969 23969 23969 23969 23969 23969 23969 23969 23969 23969 23969 23969 23969 23969 23969 23969 23969 23969 23969 23969 23969 23969 23969 23969 23969 23969 23969 23969 23969 23969 23969 23969 23969 23969 23969 23969 23969 23969 23969 23969 23969 23969 23969 23969 23969 23969 23969 23969 23969 23969 23969 23969 23969 23969 23969 23969 23969 23969 23969 23969 23969 23969 23969 23969 23969 23969 23969 23969 23969 23969 23969 23969 23969 23969 23969 23969 23969 23969 23969 23969 23969 23969 23969 23969 23969 23969 23969 23969 23969 23969 23969 23969 23969 23969 23969 23969 23969 23969 23969 23969 23969 23969 23969 23969 23969 23969 23969 23969 23969 23969 23969 23969 23969 23969 23969 23969 23969 23969 23969 23969 23969 23969 23969 23969 23969 23969 23969 23969 23969 23969 23969 23969 23969 23969 23969 23969 23969 23969 23969 23969 23969 23969 23969 23969 23969 23969 23969 23969 23969 23969 23969 23969 23969 23969 23969 23969 23969 23969 23969 23969 23969 23969 23969 23969 23969 23969 23969 23969 23969 23969 23969 23969 23969 23969 23969 23969 23969 23969 23969 23969 23969 23969 23969 23969 23969 23969 23969 23969 23969 23969 23969 23969 23969 23969 23969 23969 23969 23969 23969 23969 23969 23969 23969 23969 23969 23969 23969 23969 23969 23969 23969 23969 23969 23969 23969 23969 23969 23969 23969 23969 23969 23969 23969 23969 23969 23969 23969 23969 23969 23969 23969 23969 23969 23969 23969 23969 23969 23969 23969 23969 23969 23969 23969 23969 23969 23969 23969 23969 23969 23969 23969 23969 23969 23969 23969 23969 23969 23969 23969 23969 23969 23969 23969 23969 23969 23969 23969 23969 23969 23969 23969 23969 23969 23969 23969 23969 23969 23969 23969 23969 23969 23969 23969 23969 23969 23969 23969 23969 23969 23969 23969 23969 23969 23969 23969 23969 23969 23969 23969 23969 23969 23969 23969 23969 23969 23969 23969 23969 23969 23969 23969 23969 23969 23969 23969 23969 23969 23969 23969 23969 23969 23969 23969 23969 23969 23969 23969 23969 23969 23969 23969 23969 23969 23969 23969 23969 23969 23969 23969 23969 23969 23969 23969 23969 23969 23969 23969 23969 23969 23969 23969 23969 23969 23969 23969 23969 23969 23969 23969 23969 23969 23969 23969 23969 23969 23969 23969 23969 23969 23969 23969 23969 23969 23969 23969 23969 23969 23969 23969 23969 23969 23969 23969 23969 23969 23969 23969 23969 23969 23969 23969 23969 23969 23969 23969 23969 23969 23969 23969 23969 23969 23969 23969 23969 23969 23969 23969 23969 23969 23969 23969 23969 23969 23969 23969 23969 23969 23969 23969 23969 23969 23969 23969 23969 23969 23969 23969 23969 23969 23969 23969 23969 23969 23969 23969 23969 23969 23969 23969 23969 23969 23969 23969 23969 23969 23969 23969 23969 23969 23969 23969 23969 23969 23969 23969 23969 23969 23969 23969 23969 23969 23969 23969 23969 23969 23969 23969 23969 23969 23969 23969 23969 23969 23969 23969 23969 23969 23969 23969 23969 23969 23969 23969 23969 23969 23969 23969 23969 23969 23969 23969 23969 23969 23969 23969 23969 23969 23969 23969 23969 23969 23969 23969 23969 23969 23969 23969 23969 23969 23969 23969 23969 23969 23969 23969 23969 23969 23969 23969 23969 23969 23969 -1 -1 -1 -1 -1 -1 -1 -1 -1 -1 -1 -1 -1 -1 -1 -1 -1 -1 -1 -1 -1 -1 -1 -1 -1</lastValidSample>
      </burst>
      <burst>
        <azimuthTime>2015-05-16T13:34:40.266616</azimuthTime>
        <azimuthAnxTime>2.348039222810547e+03</azimuthAnxTime>
        <sensingTime>2015-05-16T13:34:41.408826</sensingTime>
        <byteOffset>1042565336</byteOffset>
        <firstValidSample count="1516">-1 -1 -1 -1 -1 -1 -1 -1 -1 -1 -1 -1 -1 -1 -1 -1 -1 -1 -1 -1 -1 -1 -1 -1 -1 -1 -1 300 300 300 300 300 300 300 300 300 300 300 300 300 300 300 300 300 300 300 300 300 300 300 300 300 300 300 300 300 300 300 300 300 300 300 300 300 300 300 300 300 300 300 300 300 300 300 300 300 300 300 300 300 300 300 300 300 300 300 300 300 300 300 300 300 300 300 300 300 300 300 300 300 300 300 300 300 300 300 300 300 300 300 300 300 300 300 300 300 300 300 300 300 300 300 300 300 300 300 300 300 300 300 300 300 300 300 300 300 300 300 300 300 300 300 300 300 300 300 300 300 300 300 300 300 300 300 300 300 300 300 300 300 300 300 300 300 300 300 300 300 300 300 300 300 300 300 300 300 300 300 300 300 300 300 300 300 300 300 300 300 300 300 300 300 300 300 300 300 300 300 300 300 300 300 300 300 300 300 300 300 300 300 300 300 300 300 300 300 300 300 300 300 300 300 300 300 300 300 300 300 300 300 300 300 300 300 300 300 300 300 300 300 300 300 300 300 300 300 300 300 300 300 300 300 300 300 300 300 300 300 300 300 300 300 300 300 300 300 300 300 300 300 300 300 300 300 300 300 300 300 300 300 300 300 300 300 300 300 300 300 300 300 300 300 300 300 300 300 300 300 300 300 300 300 300 300 300 300 300 300 300 300 300 300 300 300 300 300 300 300 300 300 300 300 300 300 300 300 300 300 300 300 300 300 300 300 300 300 300 300 300 300 300 300 300 300 300 300 300 300 300 300 300 300 300 300 300 300 300 300 300 300 300 300 300 300 300 300 300 300 300 300 300 300 300 300 300 300 300 300 300 300 300 300 300 300 300 300 300 300 300 300 300 300 300 300 300 300 300 300 300 300 300 300 300 300 300 300 300 300 300 300 300 300 300 300 300 300 300 300 300 300 300 300 300 300 300 300 300 300 300 300 300 300 300 300 300 300 300 300 300 300 300 300 300 300 300 300 300 300 300 300 300 300 300 300 300 300 300 300 300 300 300 300 300 300 300 300 300 300 300 300 300 300 300 300 300 300 300 300 300 300 300 300 300 300 300 300 300 300 300 300 300 300 300 300 300 300 300 300 300 300 300 300 300 300 300 300 300 300 300 300 300 300 300 300 300 300 300 300 300 300 300 300 300 300 300 300 300 300 300 300 300 300 300 300 300 300 300 300 300 300 300 300 300 300 300 300 300 300 300 300 300 300 300 300 300 300 300 300 300 300 300 300 300 300 300 300 300 300 300 300 300 300 300 300 300 300 300 300 300 300 300 300 300 300 300 300 300 300 300 300 300 300 300 300 300 300 300 300 300 300 300 300 300 300 300 300 300 300 300 300 300 300 300 300 300 300 300 300 300 300 300 300 300 300 300 300 300 300 300 300 300 300 300 300 300 300 300 300 300 300 300 300 300 300 300 300 300 300 300 300 300 300 300 300 300 300 300 300 300 300 300 300 300 300 300 300 300 300 300 300 300 300 300 300 300 300 300 300 300 300 300 300 300 300 300 300 300 300 300 300 300 300 300 300 300 300 300 300 300 300 300 300 300 300 300 300 300 300 300 300 300 300 300 300 300 300 300 300 300 300 300 300 300 300 300 300 300 300 300 300 300 300 300 300 300 300 300 300 300 300 300 300 300 300 300 300 300 300 300 300 300 300 300 300 300 300 300 300 300 300 300 300 300 300 300 300 300 300 300 300 300 300 300 300 300 300 300 300 300 300 300 300 300 300 300 300 300 300 300 300 300 300 300 300 300 300 300 300 300 300 300 300 300 300 300 300 300 300 300 300 300 300 300 300 300 300 300 300 300 300 300 300 300 300 300 300 300 300 300 300 300 300 300 300 300 300 300 300 300 300 300 300 300 300 300 300 300 300 300 300 300 300 300 300 300 300 300 300 300 300 300 300 300 300 300 300 300 300 300 300 300 300 300 300 300 300 300 300 300 300 300 300 300 300 300 300 300 300 300 300 300 300 300 300 300 300 300 300 300 300 300 300 300 300 300 300 300 300 300 300 300 300 300 300 300 300 300 300 300 300 300 300 300 300 300 300 300 300 300 300 300 300 300 300 300 300 300 300 300 300 300 300 300 300 300 300 300 300 300 300 300 300 300 300 300 300 300 300 300 300 300 300 300 300 300 300 300 300 300 300 300 300 300 300 300 300 300 300 300 300 300 300 300 300 300 300 300 300 300 300 300 300 300 300 300 300 300 300 300 300 300 300 300 300 300 300 300 300 300 300 300 300 300 300 300 300 300 300 300 300 300 300 300 300 300 300 300 300 300 300 300 300 300 300 300 300 300 300 300 300 300 300 300 300 300 300 300 300 300 300 300 300 300 300 300 300 300 300 300 300 300 300 300 300 300 300 300 300 300 300 300 300 300 300 300 300 300 300 300 300 300 300 300 300 300 300 300 300 300 300 300 300 300 300 300 300 300 300 300 300 300 300 300 300 300 300 300 300 300 300 300 300 300 300 300 300 300 300 300 300 300 300 300 300 300 300 300 300 300 300 300 300 300 300 300 300 300 300 300 300 300 300 300 300 300 300 300 300 300 300 300 300 300 300 300 300 300 300 300 300 300 300 300 300 300 300 300 300 300 300 300 300 300 300 300 300 300 300 300 300 300 300 300 300 300 300 300 300 300 300 300 300 300 300 300 300 300 300 300 300 300 300 300 300 300 300 300 300 300 300 300 300 300 300 300 300 300 300 300 300 300 300 300 300 300 300 300 300 300 300 300 300 300 300 300 300 300 300 300 300 300 300 300 300 300 300 300 300 300 300 300 300 300 300 300 300 300 300 300 300 300 300 300 300 300 300 300 300 300 300 300 300 300 300 300 300 300 300 300 300 300 300 300 300 300 300 300 300 300 300 300 300 300 300 300 300 300 300 300 300 300 300 300 300 300 300 300 300 300 300 300 300 300 300 300 300 300 300 300 300 300 300 300 300 300 300 300 300 300 300 300 300 300 300 300 300 300 300 300 300 300 300 300 300 300 300 300 300 300 300 300 300 300 300 300 300 300 300 300 300 300 300 300 300 300 300 300 300 300 300 300 300 300 300 300 300 300 300 300 300 300 300 300 300 300 300 300 300 300 300 300 300 300 300 300 300 300 300 300 300 300 300 300 300 300 300 300 300 300 300 300 300 300 300 300 300 300 300 300 300 300 300 300 300 300 300 300 300 300 300 300 300 300 300 300 300 300 300 300 300 300 300 300 300 300 300 300 300 300 300 300 300 300 300 300 300 300 300 300 300 300 300 300 300 300 300 300 300 300 300 300 300 300 300 300 300 300 300 300 300 300 300 300 300 300 300 300 300 300 300 300 -1 -1 -1 -1 -1 -1 -1 -1 -1 -1 -1 -1 -1 -1 -1 -1 -1 -1 -1 -1 -1 -1 -1 -1 -1</firstValidSample>
        <lastValidSample count="1516">-1 -1 -1 -1 -1 -1 -1 -1 -1 -1 -1 -1 -1 -1 -1 -1 -1 -1 -1 -1 -1 -1 -1 -1 -1 -1 -1 23969 23969 23969 23969 23969 23969 23969 23969 23969 23969 23969 23969 23969 23969 23969 23969 23969 23969 23969 23969 23969 23969 23969 23969 23969 23969 23969 23969 23969 23969 23969 23969 23969 23969 23969 23969 23969 23969 23969 23969 23969 23969 23969 23969 23969 23969 23969 23969 23969 23969 23969 23969 23969 23969 23969 23969 23969 23969 23969 23969 23969 23969 23969 23969 23969 23969 23969 23969 23969 23969 23969 23969 23969 23969 23969 23969 23969 23969 23969 23969 23969 23969 23969 23969 23969 23969 23969 23969 23969 23969 23969 23969 23969 23969 23969 23969 23969 23969 23969 23969 23969 23969 23969 23969 23969 23969 23969 23969 23969 23969 23969 23969 23969 23969 23969 23969 23969 23969 23969 23969 23969 23969 23969 23969 23969 23969 23969 23969 23969 23969 23969 23969 23969 23969 23969 23969 23969 23969 23969 23969 23969 23969 23969 23969 23969 23969 23969 23969 23969 23969 23969 23969 23969 23969 23969 23969 23969 23969 23969 23969 23969 23969 23969 23969 23969 23969 23969 23969 23969 23969 23969 23969 23969 23969 23969 23969 23969 23969 23969 23969 23969 23969 23969 23969 23969 23969 23969 23969 23969 23969 23969 23969 23969 23969 23969 23969 23969 23969 23969 23969 23969 23969 23969 23969 23969 23969 23969 23969 23969 23969 23969 23969 23969 23969 23969 23969 23969 23969 23969 23969 23969 23969 23969 23969 23969 23969 23969 23969 23969 23969 23969 23969 23969 23969 23969 23969 23969 23969 23969 23969 23969 23969 23969 23969 23969 23969 23969 23969 23969 23969 23969 23969 23969 23969 23969 23969 23969 23969 23969 23969 23969 23969 23969 23969 23969 23969 23969 23969 23969 23969 23969 23969 23969 23969 23969 23969 23969 23969 23969 23969 23969 23969 23969 23969 23969 23969 23969 23969 23969 23969 23969 23969 23969 23969 23969 23969 23969 23969 23969 23969 23969 23969 23969 23969 23969 23969 23969 23969 23969 23969 23969 23969 23969 23969 23969 23969 23969 23969 23969 23969 23969 23969 23969 23969 23969 23969 23969 23969 23969 23969 23969 23969 23969 23969 23969 23969 23969 23969 23969 23969 23969 23969 23969 23969 23969 23969 23969 23969 23969 23969 23969 23969 23969 23969 23969 23969 23969 23969 23969 23969 23969 23969 23969 23969 23969 23969 23969 23969 23969 23969 23969 23969 23969 23969 23969 23969 23969 23969 23969 23969 23969 23969 23969 23969 23969 23969 23969 23969 23969 23969 23969 23969 23969 23969 23969 23969 23969 23969 23969 23969 23969 23969 23969 23969 23969 23969 23969 23969 23969 23969 23969 23969 23969 23969 23969 23969 23969 23969 23969 23969 23969 23969 23969 23969 23969 23969 23969 23969 23969 23969 23969 23969 23969 23969 23969 23969 23969 23969 23969 23969 23969 23969 23969 23969 23969 23969 23969 23969 23969 23969 23969 23969 23969 23969 23969 23969 23969 23969 23969 23969 23969 23969 23969 23969 23969 23969 23969 23969 23969 23969 23969 23969 23969 23969 23969 23969 23969 23969 23969 23969 23969 23969 23969 23969 23969 23969 23969 23969 23969 23969 23969 23969 23969 23969 23969 23969 23969 23969 23969 23969 23969 23969 23969 23969 23969 23969 23969 23969 23969 23969 23969 23969 23969 23969 23969 23969 23969 23969 23969 23969 23969 23969 23969 23969 23969 23969 23969 23969 23969 23969 23969 23969 23969 23969 23969 23969 23969 23969 23969 23969 23969 23969 23969 23969 23969 23969 23969 23969 23969 23969 23969 23969 23969 23969 23969 23969 23969 23969 23969 23969 23969 23969 23969 23969 23969 23969 23969 23969 23969 23969 23969 23969 23969 23969 23969 23969 23969 23969 23969 23969 23969 23969 23969 23969 23969 23969 23969 23969 23969 23969 23969 23969 23969 23969 23969 23969 23969 23969 23969 23969 23969 23969 23969 23969 23969 23969 23969 23969 23969 23969 23969 23969 23969 23969 23969 23969 23969 23969 23969 23969 23969 23969 23969 23969 23969 23969 23969 23969 23969 23969 23969 23969 23969 23969 23969 23969 23969 23969 23969 23969 23969 23969 23969 23969 23969 23969 23969 23969 23969 23969 23969 23969 23969 23969 23969 23969 23969 23969 23969 23969 23969 23969 23969 23969 23969 23969 23969 23969 23969 23969 23969 23969 23969 23969 23969 23969 23969 23969 23969 23969 23969 23969 23969 23969 23969 23969 23969 23969 23969 23969 23969 23969 23969 23969 23969 23969 23969 23969 23969 23969 23969 23969 23969 23969 23969 23969 23969 23969 23969 23969 23969 23969 23969 23969 23969 23969 23969 23969 23969 23969 23969 23969 23969 23969 23969 23969 23969 23969 23969 23969 23969 23969 23969 23969 23969 23969 23969 23969 23969 23969 23969 23969 23969 23969 23969 23969 23969 23969 23969 23969 23969 23969 23969 23969 23969 23969 23969 23969 23969 23969 23969 23969 23969 23969 23969 23969 23969 23969 23969 23969 23969 23969 23969 23969 23969 23969 23969 23969 23969 23969 23969 23969 23969 23969 23969 23969 23969 23969 23969 23969 23969 23969 23969 23969 23969 23969 23969 23969 23969 23969 23969 23969 23969 23969 23969 23969 23969 23969 23969 23969 23969 23969 23969 23969 23969 23969 23969 23969 23969 23969 23969 23969 23969 23969 23969 23969 23969 23969 23969 23969 23969 23969 23969 23969 23969 23969 23969 23969 23969 23969 23969 23969 23969 23969 23969 23969 23969 23969 23969 23969 23969 23969 23969 23969 23969 23969 23969 23969 23969 23969 23969 23969 23969 23969 23969 23969 23969 23969 23969 23969 23969 23969 23969 23969 23969 23969 23969 23969 23969 23969 23969 23969 23969 23969 23969 23969 23969 23969 23969 23969 23969 23969 23969 23969 23969 23969 23969 23969 23969 23969 23969 23969 23969 23969 23969 23969 23969 23969 23969 23969 23969 23969 23969 23969 23969 23969 23969 23969 23969 23969 23969 23969 23969 23969 23969 23969 23969 23969 23969 23969 23969 23969 23969 23969 23969 23969 23969 23969 23969 23969 23969 23969 23969 23969 23969 23969 23969 23969 23969 23969 23969 23969 23969 23969 23969 23969 23969 23969 23969 23969 23969 23969 23969 23969 23969 23969 23969 23969 23969 23969 23969 23969 23969 23969 23969 23969 23969 23969 23969 23969 23969 23969 23969 23969 23969 23969 23969 23969 23969 23969 23969 23969 23969 23969 23969 23969 23969 23969 23969 23969 23969 23969 23969 23969 23969 23969 23969 23969 23969 23969 23969 23969 23969 23969 23969 23969 23969 23969 23969 23969 23969 23969 23969 23969 23969 23969 23969 23969 23969 23969 23969 23969 23969 23969 23969 23969 23969 23969 23969 23969 23969 23969 23969 23969 23969 23969 23969 23969 23969 23969 23969 23969 23969 23969 23969 23969 23969 23969 23969 23969 23969 23969 23969 23969 23969 23969 23969 23969 23969 23969 23969 23969 23969 23969 23969 23969 23969 23969 23969 23969 23969 23969 23969 23969 23969 23969 23969 23969 23969 23969 23969 23969 23969 23969 23969 23969 23969 23969 23969 23969 23969 23969 23969 23969 23969 23969 23969 23969 23969 23969 23969 23969 23969 23969 23969 23969 23969 23969 23969 23969 23969 23969 23969 23969 23969 23969 23969 23969 23969 23969 23969 23969 23969 23969 23969 23969 23969 23969 23969 23969 23969 23969 23969 23969 23969 23969 23969 23969 23969 23969 23969 23969 23969 23969 23969 23969 23969 23969 23969 23969 23969 23969 23969 23969 23969 23969 23969 23969 23969 23969 23969 23969 23969 23969 23969 23969 23969 23969 23969 23969 23969 23969 23969 23969 23969 23969 23969 23969 23969 23969 23969 23969 23969 23969 23969 23969 23969 23969 23969 23969 23969 23969 23969 23969 23969 23969 23969 23969 23969 23969 23969 23969 23969 23969 23969 23969 23969 23969 23969 23969 23969 23969 23969 23969 23969 23969 23969 23969 23969 23969 23969 23969 23969 23969 23969 23969 23969 23969 23969 23969 23969 23969 23969 23969 23969 23969 23969 23969 23969 23969 23969 23969 23969 23969 23969 23969 23969 23969 23969 23969 23969 23969 23969 23969 23969 23969 23969 23969 23969 23969 23969 23969 23969 23969 23969 23969 23969 23969 23969 23969 23969 23969 23969 23969 23969 23969 23969 23969 23969 23969 23969 23969 23969 23969 23969 23969 23969 23969 23969 23969 23969 23969 23969 23969 23969 23969 23969 23969 23969 23969 23969 23969 23969 23969 23969 23969 23969 23969 23969 23969 23969 23969 23969 23969 23969 23969 23969 23969 23969 23969 23969 23969 23969 23969 23969 23969 23969 23969 23969 23969 23969 23969 23969 23969 23969 23969 23969 23969 23969 23969 23969 23969 23969 23969 23969 23969 23969 23969 23969 23969 23969 23969 23969 23969 23969 23969 23969 23969 23969 23969 23969 23969 23969 23969 23969 23969 23969 23969 23969 23969 23969 23969 23969 23969 23969 23969 23969 23969 23969 23969 23969 23969 23969 23969 23969 23969 23969 23969 23969 23969 23969 23969 23969 23969 23969 23969 23969 23969 23969 23969 23969 23969 23969 23969 23969 23969 23969 23969 23969 23969 23969 23969 23969 23969 23969 23969 23969 23969 23969 23969 23969 23969 23969 23969 23969 23969 23969 23969 23969 23969 23969 23969 23969 23969 23969 23969 23969 23969 23969 23969 23969 23969 23969 23969 23969 23969 23969 23969 23969 23969 23969 23969 23969 23969 -1 -1 -1 -1 -1 -1 -1 -1 -1 -1 -1 -1 -1 -1 -1 -1 -1 -1 -1 -1 -1 -1 -1 -1 -1</lastValidSample>
      </burst>
      <burst>
        <azimuthTime>2015-05-16T13:34:43.027236</azimuthTime>
        <azimuthAnxTime>2.350799842927735e+03</azimuthAnxTime>
        <sensingTime>2015-05-16T13:34:44.167103</sensingTime>
        <byteOffset>1191503240</byteOffset>
        <firstValidSample count="1516">-1 -1 -1 -1 -1 -1 -1 -1 -1 -1 -1 -1 -1 -1 -1 -1 -1 -1 -1 -1 -1 -1 -1 -1 -1 -1 -1 300 300 300 300 300 300 300 300 300 300 300 300 300 300 300 300 300 300 300 300 300 300 300 300 300 300 300 300 300 300 300 300 300 300 300 300 300 300 300 300 300 300 300 300 300 300 300 300 300 300 300 300 300 300 300 300 300 300 300 300 300 300 300 300 300 300 300 300 300 300 300 300 300 300 300 300 300 300 300 300 300 300 300 300 300 300 300 300 300 300 300 300 300 300 300 300 300 300 300 300 300 300 300 300 300 300 300 300 300 300 300 300 300 300 300 300 300 300 300 300 300 300 300 300 300 300 300 300 300 300 300 300 300 300 300 300 300 300 300 300 300 300 300 300 300 300 300 300 300 300 300 300 300 300 300 300 300 300 300 300 300 300 300 300 300 300 300 300 300 300 300 300 300 300 300 300 300 300 300 300 300 300 300 300 300 300 300 300 300 300 300 300 300 300 300 300 300 300 300 300 300 300 300 300 300 300 300 300 300 300 300 300 300 300 300 300 300 300 300 300 300 300 300 300 300 300 300 300 300 300 300 300 300 300 300 300 300 300 300 300 300 300 300 300 300 300 300 300 300 300 300 300 300 300 300 300 300 300 300 300 300 300 300 300 300 300 300 300 300 300 300 300 300 300 300 300 300 300 300 300 300 300 300 300 300 300 300 300 300 300 300 300 300 300 300 300 300 300 300 300 300 300 300 300 300 300 300 300 300 300 300 300 300 300 300 300 300 300 300 300 300 300 300 300 300 300 300 300 300 300 300 300 300 300 300 300 300 300 300 300 300 300 300 300 300 300 300 300 300 300 300 300 300 300 300 300 300 300 300 300 300 300 300 300 300 300 300 300 300 300 300 300 300 300 300 300 300 300 300 300 300 300 300 300 300 300 300 300 300 300 300 300 300 300 300 300 300 300 300 300 300 300 300 300 300 300 300 300 300 300 300 300 300 300 300 300 300 300 300 300 300 300 300 300 300 300 300 300 300 300 300 300 300 300 300 300 300 300 300 300 300 300 300 300 300 300 300 300 300 300 300 300 300 300 300 300 300 300 300 300 300 300 300 300 300 300 300 300 300 300 300 300 300 300 300 300 300 300 300 300 300 300 300 300 300 300 300 300 300 300 300 300 300 300 300 300 300 300 300 300 300 300 300 300 300 300 300 300 300 300 300 300 300 300 300 300 300 300 300 300 300 300 300 300 300 300 300 300 300 300 300 300 300 300 300 300 300 300 300 300 300 300 300 300 300 300 300 300 300 300 300 300 300 300 300 300 300 300 300 300 300 300 300 300 300 300 300 300 300 300 300 300 300 300 300 300 300 300 300 300 300 300 300 300 300 300 300 300 300 300 300 300 300 300 300 300 300 300 300 300 300 300 300 300 300 300 300 300 300 300 300 300 300 300 300 300 300 300 300 300 300 300 300 300 300 300 300 300 300 300 300 300 300 300 300 300 300 300 300 300 300 300 300 300 300 300 300 300 300 300 300 300 300 300 300 300 300 300 300 300 300 300 300 300 300 300 300 300 300 300 300 300 300 300 300 300 300 300 300 300 300 300 300 300 300 300 300 300 300 300 300 300 300 300 300 300 300 300 300 300 300 300 300 300 300 300 300 300 300 300 300 300 300 300 300 300 300 300 300 300 300 300 300 300 300 300 300 300 300 300 300 300 300 300 300 300 300 300 300 300 300 300 300 300 300 300 300 300 300 300 300 300 300 300 300 300 300 300 300 300 300 300 300 300 300 300 300 300 300 300 300 300 300 300 300 300 300 300 300 300 300 300 300 300 300 300 300 300 300 300 300 300 300 300 300 300 300 300 300 300 300 300 300 300 300 300 300 300 300 300 300 300 300 300 300 300 300 300 300 300 300 300 300 300 300 300 300 300 300 300 300 300 300 300 300 300 300 300 300 300 300 300 300 300 300 300 300 300 300 300 300 300 300 300 300 300 300 300 300 300 300 300 300 300 300 300 300 300 300 300 300 300 300 300 300 300 300 300 300 300 300 300 300 300 300 300 300 300 300 300 300 300 300 300 300 300 300 300 300 300 300 300 300 300 300 300 300 300 300 300 300 300 300 300 300 300 300 300 300 300 300 300 300 300 300 300 300 300 300 300 300 300 300 300 300 300 300 300 300 300 300 300 300 300 300 300 300 300 300 300 300 300 300 300 300 300 300 300 300 300 300 300 300 300 300 300 300 300 300 300 300 300 300 300 300 300 300 300 300 300 300 300 300 300 300 300 300 300 300 300 300 300 300 300 300 300 300 300 300 300 300 300 300 300 300 300 300 300 300 300 300 300 300 300 300 300 300 300 300 300 300 300 300 300 300 300 300 300 300 300 300 300 300 300 300 300 300 300 300 300 300 300 300 300 300 300 300 300 300 300 300 300 300 300 300 300 300 300 300 300 300 300 300 300 300 300 300 300 300 300 300 300 300 300 300 300 300 300 300 300 300 300 300 300 300 300 300 300 300 300 300 300 300 300 300 300 300 300 300 300 300 300 300 300 300 300 300 300 300 300 300 300 300 300 300 300 300 300 300 300 300 300 300 300 300 300 300 300 300 300 300 300 300 300 300 300 300 300 300 300 300 300 300 300 300 300 300 300 300 300 300 300 300 300 300 300 300 300 300 300 300 300 300 300 300 300 300 300 300 300 300 300 300 300 300 300 300 300 300 300 300 300 300 300 300 300 300 300 300 300 300 300 300 300 300 300 300 300 300 300 300 300 300 300 300 300 300 300 300 300 300 300 300 300 300 300 300 300 300 300 300 300 300 300 300 300 300 300 300 300 300 300 300 300 300 300 300 300 300 300 300 300 300 300 300 300 300 300 300 300 300 300 300 300 300 300 300 300 300 300 300 300 300 300 300 300 300 300 300 300 300 300 300 300 300 300 300 300 300 300 300 300 300 300 300 300 300 300 300 300 300 300 300 300 300 300 300 300 300 300 300 300 300 300 300 300 300 300 300 300 300 300 300 300 300 300 300 300 300 300 300 300 300 300 300 300 300 300 300 300 300 300 300 300 300 300 300 300 300 300 300 300 300 300 300 300 300 300 300 300 300 300 300 300 300 300 300 300 300 300 300 300 300 300 300 300 300 300 300 300 300 300 300 300 300 300 300 300 300 300 300 300 300 300 300 300 300 300 300 300 300 300 300 300 300 300 300 300 300 300 300 300 300 300 300 300 300 300 300 300 300 300 300 300 300 300 300 300 300 300 300 300 300 300 300 300 300 300 300 300 300 300 300 300 300 300 300 300 300 300 300 300 300 300 300 300 300 300 300 300 300 300 300 300 300 300 300 300 300 300 300 300 300 300 -1 -1 -1 -1 -1 -1 -1 -1 -1 -1 -1 -1 -1 -1 -1 -1 -1 -1 -1 -1 -1 -1 -1 -1 -1</firstValidSample>
        <lastValidSample count="1516">-1 -1 -1 -1 -1 -1 -1 -1 -1 -1 -1 -1 -1 -1 -1 -1 -1 -1 -1 -1 -1 -1 -1 -1 -1 -1 -1 23969 23969 23969 23969 23969 23969 23969 23969 23969 23969 23969 23969 23969 23969 23969 23969 23969 23969 23969 23969 23969 23969 23969 23969 23969 23969 23969 23969 23969 23969 23969 23969 23969 23969 23969 23969 23969 23969 23969 23969 23969 23969 23969 23969 23969 23969 23969 23969 23969 23969 23969 23969 23969 23969 23969 23969 23969 23969 23969 23969 23969 23969 23969 23969 23969 23969 23969 23969 23969 23969 23969 23969 23969 23969 23969 23969 23969 23969 23969 23969 23969 23969 23969 23969 23969 23969 23969 23969 23969 23969 23969 23969 23969 23969 23969 23969 23969 23969 23969 23969 23969 23969 23969 23969 23969 23969 23969 23969 23969 23969 23969 23969 23969 23969 23969 23969 23969 23969 23969 23969 23969 23969 23969 23969 23969 23969 23969 23969 23969 23969 23969 23969 23969 23969 23969 23969 23969 23969 23969 23969 23969 23969 23969 23969 23969 23969 23969 23969 23969 23969 23969 23969 23969 23969 23969 23969 23969 23969 23969 23969 23969 23969 23969 23969 23969 23969 23969 23969 23969 23969 23969 23969 23969 23969 23969 23969 23969 23969 23969 23969 23969 23969 23969 23969 23969 23969 23969 23969 23969 23969 23969 23969 23969 23969 23969 23969 23969 23969 23969 23969 23969 23969 23969 23969 23969 23969 23969 23969 23969 23969 23969 23969 23969 23969 23969 23969 23969 23969 23969 23969 23969 23969 23969 23969 23969 23969 23969 23969 23969 23969 23969 23969 23969 23969 23969 23969 23969 23969 23969 23969 23969 23969 23969 23969 23969 23969 23969 23969 23969 23969 23969 23969 23969 23969 23969 23969 23969 23969 23969 23969 23969 23969 23969 23969 23969 23969 23969 23969 23969 23969 23969 23969 23969 23969 23969 23969 23969 23969 23969 23969 23969 23969 23969 23969 23969 23969 23969 23969 23969 23969 23969 23969 23969 23969 23969 23969 23969 23969 23969 23969 23969 23969 23969 23969 23969 23969 23969 23969 23969 23969 23969 23969 23969 23969 23969 23969 23969 23969 23969 23969 23969 23969 23969 23969 23969 23969 23969 23969 23969 23969 23969 23969 23969 23969 23969 23969 23969 23969 23969 23969 23969 23969 23969 23969 23969 23969 23969 23969 23969 23969 23969 23969 23969 23969 23969 23969 23969 23969 23969 23969 23969 23969 23969 23969 23969 23969 23969 23969 23969 23969 23969 23969 23969 23969 23969 23969 23969 23969 23969 23969 23969 23969 23969 23969 23969 23969 23969 23969 23969 23969 23969 23969 23969 23969 23969 23969 23969 23969 23969 23969 23969 23969 23969 23969 23969 23969 23969 23969 23969 23969 23969 23969 23969 23969 23969 23969 23969 23969 23969 23969 23969 23969 23969 23969 23969 23969 23969 23969 23969 23969 23969 23969 23969 23969 23969 23969 23969 23969 23969 23969 23969 23969 23969 23969 23969 23969 23969 23969 23969 23969 23969 23969 23969 23969 23969 23969 23969 23969 23969 23969 23969 23969 23969 23969 23969 23969 23969 23969 23969 23969 23969 23969 23969 23969 23969 23969 23969 23969 23969 23969 23969 23969 23969 23969 23969 23969 23969 23969 23969 23969 23969 23969 23969 23969 23969 23969 23969 23969 23969 23969 23969 23969 23969 23969 23969 23969 23969 23969 23969 23969 23969 23969 23969 23969 23969 23969 23969 23969 23969 23969 23969 23969 23969 23969 23969 23969 23969 23969 23969 23969 23969 23969 23969 23969 23969 23969 23969 23969 23969 23969 23969 23969 23969 23969 23969 23969 23969 23969 23969 23969 23969 23969 23969 23969 23969 23969 23969 23969 23969 23969 23969 23969 23969 23969 23969 23969 23969 23969 23969 23969 23969 23969 23969 23969 23969 23969 23969 23969 23969 23969 23969 23969 23969 23969 23969 23969 23969 23969 23969 23969 23969 23969 23969 23969 23969 23969 23969 23969 23969 23969 23969 23969 23969 23969 23969 23969 23969 23969 23969 23969 23969 23969 23969 23969 23969 23969 23969 23969 23969 23969 23969 23969 23969 23969 23969 23969 23969 23969 23969 23969 23969 23969 23969 23969 23969 23969 23969 23969 23969 23969 23969 23969 23969 23969 23969 23969 23969 23969 23969 23969 23969 23969 23969 23969 23969 23969 23969 23969 23969 23969 23969 23969 23969 23969 23969 23969 23969 23969 23969 23969 23969 23969 23969 23969 23969 23969 23969 23969 23969 23969 23969 23969 23969 23969 23969 23969 23969 23969 23969 23969 23969 23969 23969 23969 23969 23969 23969 23969 23969 23969 23969 23969 23969 23969 23969 23969 23969 23969 23969 23969 23969 23969 23969 23969 23969 23969 23969 23969 23969 23969 23969 23969 23969 23969 23969 23969 23969 23969 23969 23969 23969 23969 23969 23969 23969 23969 23969 23969 23969 23969 23969 23969 23969 23969 23969 23969 23969 23969 23969 23969 23969 23969 23969 23969 23969 23969 23969 23969 23969 23969 23969 23969 23969 23969 23969 23969 23969 23969 23969 23969 23969 23969 23969 23969 23969 23969 23969 23969 23969 23969 23969 23969 23969 23969 23969 23969 23969 23969 23969 23969 23969 23969 23969 23969 23969 23969 23969 23969 23969 23969 23969 23969 23969 23969 23969 23969 23969 23969 23969 23969 23969 23969 23969 23969 23969 23969 23969 23969 23969 23969 23969 23969 23969 23969 23969 23969 23969 23969 23969 23969 23969 23969 23969 23969 23969 23969 23969 23969 23969 23969 23969 23969 23969 23969 23969 23969 23969 23969 23969 23969 23969 23969 23969 23969 23969 23969 23969 23969 23969 23969 23969 23969 23969 23969 23969 23969 23969 23969 23969 23969 23969 23969 23969 23969 23969 23969 23969 23969 23969 23969 23969 23969 23969 23969 23969 23969 23969 23969 23969 23969 23969 23969 23969 23969 23969 23969 23969 23969 23969 23969 23969 23969 23969 23969 23969 23969 23969 23969 23969 23969 23969 23969 23969 23969 23969 23969 23969 23969 23969 23969 23969 23969 23969 23969 23969 23969 23969 23969 23969 23969 23969 23969 23969 23969 23969 23969 23969 23969 23969 23969 23969 23969 23969 23969 23969 23969 23969 23969 23969 23969 23969 23969 23969 23969 23969 23969 23969 23969 23969 23969 23969 23969 23969 23969 23969 23969 23969 23969 23969 23969 23969 23969 23969 23969 23969 23969 23969 23969 23969 23969 23969 23969 23969 23969 23969 23969 23969 23969 23969 23969 23969 23969 23969 23969 23969 23969 23969 23969 23969 23969 23969 23969 23969 23969 23969 23969 23969 23969 23969 23969 23969 23969 23969 23969 23969 23969 23969 23969 23969 23969 23969 23969 23969 23969 23969 23969 23969 23969 23969 23969 23969 23969 23969 23969 23969 23969 23969 23969 23969 23969 23969 23969 23969 23969 23969 23969 23969 23969 23969 23969 23969 23969 23969 23969 23969 23969 23969 23969 23969 23969 23969 23969 23969 23969 23969 23969 23969 23969 23969 23969 23969 23969 23969 23969 23969 23969 23969 23969 23969 23969 23969 23969 23969 23969 23969 23969 23969 23969 23969 23969 23969 23969 23969 23969 23969 23969 23969 23969 23969 23969 23969 23969 23969 23969 23969 23969 23969 23969 23969 23969 23969 23969 23969 23969 23969 23969 23969 23969 23969 23969 23969 23969 23969 23969 23969 23969 23969 23969 23969 23969 23969 23969 23969 23969 23969 23969 23969 23969 23969 23969 23969 23969 23969 23969 23969 23969 23969 23969 23969 23969 23969 23969 23969 23969 23969 23969 23969 23969 23969 23969 23969 23969 23969 23969 23969 23969 23969 23969 23969 23969 23969 23969 23969 23969 23969 23969 23969 23969 23969 23969 23969 23969 23969 23969 23969 23969 23969 23969 23969 23969 23969 23969 23969 23969 23969 23969 23969 23969 23969 23969 23969 23969 23969 23969 23969 23969 23969 23969 23969 23969 23969 23969 23969 23969 23969 23969 23969 23969 23969 23969 23969 23969 23969 23969 23969 23969 23969 23969 23969 23969 23969 23969 23969 23969 23969 23969 23969 23969 23969 23969 23969 23969 23969 23969 23969 23969 23969 23969 23969 23969 23969 23969 23969 23969 23969 23969 23969 23969 23969 23969 23969 23969 23969 23969 23969 23969 23969 23969 23969 23969 23969 23969 23969 23969 23969 23969 23969 23969 23969 23969 23969 23969 23969 23969 23969 23969 23969 23969 23969 23969 23969 23969 23969 23969 23969 23969 23969 23969 23969 23969 23969 23969 23969 23969 23969 23969 23969 23969 23969 23969 23969 23969 23969 23969 23969 23969 23969 23969 23969 23969 23969 23969 23969 23969 23969 23969 23969 23969 23969 23969 23969 23969 23969 23969 23969 23969 23969 23969 23969 23969 23969 23969 23969 23969 23969 23969 23969 23969 23969 23969 23969 23969 23969 23969 23969 23969 23969 23969 23969 23969 23969 23969 23969 23969 23969 23969 23969 23969 23969 23969 23969 23969 23969 23969 23969 23969 23969 23969 23969 23969 23969 23969 23969 23969 23969 23969 23969 23969 23969 23969 23969 23969 23969 23969 23969 23969 23969 23969 23969 23969 23969 23969 23969 23969 23969 23969 23969 23969 23969 23969 23969 23969 23969 23969 23969 23969 23969 23969 23969 23969 23969 23969 23969 23969 23969 23969 23969 23969 23969 23969 23969 23969 23969 23969 23969 23969 23969 23969 23969 23969 23969 23969 23969 23969 23969 23969 23969 23969 23969 23969 23969 23969 23969 23969 23969 23969 23969 23969 23969 23969 23969 23969 23969 23969 -1 -1 -1 -1 -1 -1 -1 -1 -1 -1 -1 -1 -1 -1 -1 -1 -1 -1 -1 -1 -1 -1 -1 -1 -1</lastValidSample>
      </burst>
    </burstList>
  </swathTiming>
  <geolocationGrid>
    <geolocationGridPointList count="210">
      <geolocationGridPoint>
        <azimuthTime>2015-05-16T13:34:20.958872</azimuthTime>
        <slantRangeTime>6.017656326448498e-03</slantRangeTime>
        <line>0</line>
        <pixel>0</pixel>
        <latitude>3.895904662616588e+01</latitude>
        <longitude>-1.131191526383540e+02</longitude>
        <height>2.215784639428571e+03</height>
        <incidenceAngle>4.172824492727865e+01</incidenceAngle>
        <elevationAngle>3.685727073854883e+01</elevationAngle>
      </geolocationGridPoint>
      <geolocationGridPoint>
        <azimuthTime>2015-05-16T13:34:20.958881</azimuthTime>
        <slantRangeTime>6.036740877780809e-03</slantRangeTime>
        <line>0</line>
        <pixel>1228</pixel>
        <latitude>3.896548418411039e+01</latitude>
        <longitude>-1.131678844609558e+02</longitude>
        <height>2.215784639428571e+03</height>
        <incidenceAngle>4.196911640532442e+01</incidenceAngle>
        <elevationAngle>3.705961000330208e+01</elevationAngle>
      </geolocationGridPoint>
      <geolocationGridPoint>
        <azimuthTime>2015-05-16T13:34:20.958891</azimuthTime>
        <slantRangeTime>6.055825429113122e-03</slantRangeTime>
        <line>0</line>
        <pixel>2456</pixel>
        <latitude>3.897187174702142e+01</latitude>
        <longitude>-1.132163992894189e+02</longitude>
        <height>2.215784639428571e+03</height>
        <incidenceAngle>4.220748217034061e+01</incidenceAngle>
        <elevationAngle>3.725962202587989e+01</elevationAngle>
      </geolocationGridPoint>
      <geolocationGridPoint>
        <azimuthTime>2015-05-16T13:34:20.958900</azimuthTime>
        <slantRangeTime>6.074909980445432e-03</slantRangeTime>
        <line>0</line>
        <pixel>3684</pixel>
        <latitude>3.897821027115234e+01</latitude>
        <longitude>-1.132647021939379e+02</longitude>
        <height>2.215784639428571e+03</height>
        <incidenceAngle>4.244339366940841e+01</incidenceAngle>
        <elevationAngle>3.745735413149174e+01</elevationAngle>
      </geolocationGridPoint>
      <geolocationGridPoint>
        <azimuthTime>2015-05-16T13:34:20.958910</azimuthTime>
        <slantRangeTime>6.093994531777744e-03</slantRangeTime>
        <line>0</line>
        <pixel>4912</pixel>
        <latitude>3.898450067938366e+01</latitude>
        <longitude>-1.133127980678597e+02</longitude>
        <height>2.215784639428571e+03</height>
        <incidenceAngle>4.267690068216542e+01</incidenceAngle>
        <elevationAngle>3.765285212149193e+01</elevationAngle>
      </geolocationGridPoint>
      <geolocationGridPoint>
        <azimuthTime>2015-05-16T13:34:20.958919</azimuthTime>
        <slantRangeTime>6.113079083110056e-03</slantRangeTime>
        <line>0</line>
        <pixel>6140</pixel>
        <latitude>3.899074386279491e+01</latitude>
        <longitude>-1.133606916360141e+02</longitude>
        <height>2.215784639428571e+03</height>
        <incidenceAngle>4.290805139617812e+01</incidenceAngle>
        <elevationAngle>3.784616034198802e+01</elevationAngle>
      </geolocationGridPoint>
      <geolocationGridPoint>
        <azimuthTime>2015-05-16T13:34:20.958929</azimuthTime>
        <slantRangeTime>6.132163634442367e-03</slantRangeTime>
        <line>0</line>
        <pixel>7368</pixel>
        <latitude>3.899694068214331e+01</latitude>
        <longitude>-1.134083874625498e+02</longitude>
        <height>2.215784639428571e+03</height>
        <incidenceAngle>4.313689247795234e+01</incidenceAngle>
        <elevationAngle>3.803732174848795e+01</elevationAngle>
      </geolocationGridPoint>
      <geolocationGridPoint>
        <azimuthTime>2015-05-16T13:34:20.958938</azimuthTime>
        <slantRangeTime>6.151248185774679e-03</slantRangeTime>
        <line>0</line>
        <pixel>8596</pixel>
        <latitude>3.900309196925592e+01</latitude>
        <longitude>-1.134558899583113e+02</longitude>
        <height>2.215784639428571e+03</height>
        <incidenceAngle>4.336346913987997e+01</incidenceAngle>
        <elevationAngle>3.822637796685650e+01</elevationAngle>
      </geolocationGridPoint>
      <geolocationGridPoint>
        <azimuthTime>2015-05-16T13:34:20.958948</azimuthTime>
        <slantRangeTime>6.170332737106990e-03</slantRangeTime>
        <line>0</line>
        <pixel>9824</pixel>
        <latitude>3.900919852834095e+01</latitude>
        <longitude>-1.135032033877894e+02</longitude>
        <height>2.215784639428571e+03</height>
        <incidenceAngle>4.358782520340541e+01</incidenceAngle>
        <elevationAngle>3.841336935083814e+01</elevationAngle>
      </geolocationGridPoint>
      <geolocationGridPoint>
        <azimuthTime>2015-05-16T13:34:20.958957</azimuthTime>
        <slantRangeTime>6.189417288439301e-03</slantRangeTime>
        <line>0</line>
        <pixel>11052</pixel>
        <latitude>3.901526113722458e+01</latitude>
        <longitude>-1.135503318756742e+02</longitude>
        <height>2.215784639428571e+03</height>
        <incidenceAngle>4.381000315867254e+01</incidenceAngle>
        <elevationAngle>3.859833503638271e+01</elevationAngle>
      </geolocationGridPoint>
      <geolocationGridPoint>
        <azimuthTime>2015-05-16T13:34:20.958967</azimuthTime>
        <slantRangeTime>6.208501839771613e-03</slantRangeTime>
        <line>0</line>
        <pixel>12280</pixel>
        <latitude>3.902128054851767e+01</latitude>
        <longitude>-1.135972794130385e+02</longitude>
        <height>2.215784639428571e+03</height>
        <incidenceAngle>4.403004422089070e+01</incidenceAngle>
        <elevationAngle>3.878131299299022e+01</elevationAngle>
      </geolocationGridPoint>
      <geolocationGridPoint>
        <azimuthTime>2015-05-16T13:34:20.958976</azimuthTime>
        <slantRangeTime>6.227586391103925e-03</slantRangeTime>
        <line>0</line>
        <pixel>13508</pixel>
        <latitude>3.902725749071764e+01</latitude>
        <longitude>-1.136440498631768e+02</longitude>
        <height>2.215784639428571e+03</height>
        <incidenceAngle>4.424798838363638e+01</incidenceAngle>
        <elevationAngle>3.896234007227150e+01</elevationAngle>
      </geolocationGridPoint>
      <geolocationGridPoint>
        <azimuthTime>2015-05-16T13:34:20.958986</azimuthTime>
        <slantRangeTime>6.246670942436236e-03</slantRangeTime>
        <line>0</line>
        <pixel>14736</pixel>
        <latitude>3.903319266924962e+01</latitude>
        <longitude>-1.136906469671226e+02</longitude>
        <height>2.215784639428571e+03</height>
        <incidenceAngle>4.446387446929659e+01</incidenceAngle>
        <elevationAngle>3.914145205391144e+01</elevationAngle>
      </geolocationGridPoint>
      <geolocationGridPoint>
        <azimuthTime>2015-05-16T13:34:20.958996</azimuthTime>
        <slantRangeTime>6.265755493768547e-03</slantRangeTime>
        <line>0</line>
        <pixel>15964</pixel>
        <latitude>3.903908676745097e+01</latitude>
        <longitude>-1.137370743488654e+02</longitude>
        <height>2.215784639428571e+03</height>
        <incidenceAngle>4.467774017683703e+01</incidenceAngle>
        <elevationAngle>3.931868368920079e+01</elevationAngle>
      </geolocationGridPoint>
      <geolocationGridPoint>
        <azimuthTime>2015-05-16T13:34:20.959005</azimuthTime>
        <slantRangeTime>6.284840045100859e-03</slantRangeTime>
        <line>0</line>
        <pixel>17192</pixel>
        <latitude>3.904494044750281e+01</latitude>
        <longitude>-1.137833355202872e+02</longitude>
        <height>2.215784639428571e+03</height>
        <incidenceAngle>4.488962212706976e+01</incidenceAngle>
        <elevationAngle>3.949406874229543e+01</elevationAngle>
      </geolocationGridPoint>
      <geolocationGridPoint>
        <azimuthTime>2015-05-16T13:34:20.959015</azimuthTime>
        <slantRangeTime>6.303924596433170e-03</slantRangeTime>
        <line>0</line>
        <pixel>18420</pixel>
        <latitude>3.905075435131211e+01</latitude>
        <longitude>-1.138294338858368e+02</longitude>
        <height>2.215784639428571e+03</height>
        <incidenceAngle>4.509955590557787e+01</incidenceAngle>
        <elevationAngle>3.966764002934574e+01</elevationAngle>
      </geolocationGridPoint>
      <geolocationGridPoint>
        <azimuthTime>2015-05-16T13:34:20.959024</azimuthTime>
        <slantRangeTime>6.323009147765482e-03</slantRangeTime>
        <line>0</line>
        <pixel>19648</pixel>
        <latitude>3.905652910134749e+01</latitude>
        <longitude>-1.138753727469581e+02</longitude>
        <height>2.215784639428571e+03</height>
        <incidenceAngle>4.530757610344767e+01</incidenceAngle>
        <elevationAngle>3.983942945563262e+01</elevationAngle>
      </geolocationGridPoint>
      <geolocationGridPoint>
        <azimuthTime>2015-05-16T13:34:20.959034</azimuthTime>
        <slantRangeTime>6.342093699097794e-03</slantRangeTime>
        <line>0</line>
        <pixel>20876</pixel>
        <latitude>3.906226530143137e+01</latitude>
        <longitude>-1.139211553062891e+02</longitude>
        <height>2.215784639428571e+03</height>
        <incidenceAngle>4.551371635593962e+01</incidenceAngle>
        <elevationAngle>4.000946805082944e+01</elevationAngle>
      </geolocationGridPoint>
      <geolocationGridPoint>
        <azimuthTime>2015-05-16T13:34:20.959043</azimuthTime>
        <slantRangeTime>6.361178250430105e-03</slantRangeTime>
        <line>0</line>
        <pixel>22104</pixel>
        <latitude>3.906796353749173e+01</latitude>
        <longitude>-1.139667846716437e+02</longitude>
        <height>2.215784639428571e+03</height>
        <incidenceAngle>4.571800937922927e+01</incidenceAngle>
        <elevationAngle>4.017778600250903e+01</elevationAngle>
      </geolocationGridPoint>
      <geolocationGridPoint>
        <azimuthTime>2015-05-16T13:34:20.959053</azimuthTime>
        <slantRangeTime>6.380262801762416e-03</slantRangeTime>
        <line>0</line>
        <pixel>23332</pixel>
        <latitude>3.907362437827546e+01</latitude>
        <longitude>-1.140122638597934e+02</longitude>
        <height>2.215784639428571e+03</height>
        <incidenceAngle>4.592048700533481e+01</incidenceAngle>
        <elevationAngle>4.034441268800139e+01</elevationAngle>
      </geolocationGridPoint>
      <geolocationGridPoint>
        <azimuthTime>2015-05-16T13:34:20.959062</azimuthTime>
        <slantRangeTime>6.399347353094728e-03</slantRangeTime>
        <line>0</line>
        <pixel>24560</pixel>
        <latitude>3.907924837602602e+01</latitude>
        <longitude>-1.140575958000568e+02</longitude>
        <height>2.215784639428571e+03</height>
        <incidenceAngle>4.612118021533801e+01</incidenceAngle>
        <elevationAngle>4.050937670469931e+01</elevationAngle>
      </geolocationGridPoint>
      <geolocationGridPoint>
        <azimuthTime>2015-05-16T13:34:23.717416</azimuthTime>
        <slantRangeTime>6.017656326448498e-03</slantRangeTime>
        <line>1516</line>
        <pixel>0</pixel>
        <latitude>3.879327834088497e+01</latitude>
        <longitude>-1.131555398753910e+02</longitude>
        <height>2.215784639428571e+03</height>
        <incidenceAngle>4.173169143428184e+01</incidenceAngle>
        <elevationAngle>3.686040697972144e+01</elevationAngle>
      </geolocationGridPoint>
      <geolocationGridPoint>
        <azimuthTime>2015-05-16T13:34:23.717426</azimuthTime>
        <slantRangeTime>6.036740877780809e-03</slantRangeTime>
        <line>1516</line>
        <pixel>1228</pixel>
        <latitude>3.879971943359961e+01</latitude>
        <longitude>-1.132041545656667e+02</longitude>
        <height>2.215784639428571e+03</height>
        <incidenceAngle>4.197253575252605e+01</incidenceAngle>
        <elevationAngle>3.706272200807597e+01</elevationAngle>
      </geolocationGridPoint>
      <geolocationGridPoint>
        <azimuthTime>2015-05-16T13:34:23.717436</azimuthTime>
        <slantRangeTime>6.055825429113122e-03</slantRangeTime>
        <line>1516</line>
        <pixel>2456</pixel>
        <latitude>3.880611064342362e+01</latitude>
        <longitude>-1.132525527878897e+02</longitude>
        <height>2.215784639428571e+03</height>
        <incidenceAngle>4.221087489506873e+01</incidenceAngle>
        <elevationAngle>3.726271027739295e+01</elevationAngle>
      </geolocationGridPoint>
      <geolocationGridPoint>
        <azimuthTime>2015-05-16T13:34:23.717445</azimuthTime>
        <slantRangeTime>6.074909980445432e-03</slantRangeTime>
        <line>1516</line>
        <pixel>3684</pixel>
        <latitude>3.881245292507538e+01</latitude>
        <longitude>-1.133007395991618e+02</longitude>
        <height>2.215784639428571e+03</height>
        <incidenceAngle>4.244676029106420e+01</incidenceAngle>
        <elevationAngle>3.746041909675097e+01</elevationAngle>
      </geolocationGridPoint>
      <geolocationGridPoint>
        <azimuthTime>2015-05-16T13:34:23.717455</azimuthTime>
        <slantRangeTime>6.093994531777744e-03</slantRangeTime>
        <line>1516</line>
        <pixel>4912</pixel>
        <latitude>3.881874719995884e+01</latitude>
        <longitude>-1.133487198802219e+02</longitude>
        <height>2.215784639428571e+03</height>
        <incidenceAngle>4.268024170305353e+01</incidenceAngle>
        <elevationAngle>3.765589425212087e+01</elevationAngle>
      </geolocationGridPoint>
      <geolocationGridPoint>
        <azimuthTime>2015-05-16T13:34:23.717464</azimuthTime>
        <slantRangeTime>6.113079083110056e-03</slantRangeTime>
        <line>1516</line>
        <pixel>6140</pixel>
        <latitude>3.882499435773253e+01</latitude>
        <longitude>-1.133964983437525e+02</longitude>
        <height>2.215784639428571e+03</height>
        <incidenceAngle>4.291136730229064e+01</incidenceAngle>
        <elevationAngle>3.784918007493255e+01</elevationAngle>
      </geolocationGridPoint>
      <geolocationGridPoint>
        <azimuthTime>2015-05-16T13:34:23.717474</azimuthTime>
        <slantRangeTime>6.132163634442367e-03</slantRangeTime>
        <line>1516</line>
        <pixel>7368</pixel>
        <latitude>3.883119525778542e+01</latitude>
        <longitude>-1.134440795421931e+02</longitude>
        <height>2.215784639428571e+03</height>
        <incidenceAngle>4.314018373970708e+01</incidenceAngle>
        <elevationAngle>3.804031950668070e+01</elevationAngle>
      </geolocationGridPoint>
      <geolocationGridPoint>
        <azimuthTime>2015-05-16T13:34:23.717483</azimuthTime>
        <slantRangeTime>6.151248185774679e-03</slantRangeTime>
        <line>1516</line>
        <pixel>8596</pixel>
        <latitude>3.883735073062632e+01</latitude>
        <longitude>-1.134914678750961e+02</longitude>
        <height>2.215784639428571e+03</height>
        <incidenceAngle>4.336673621281413e+01</incidenceAngle>
        <elevationAngle>3.822935415984144e+01</elevationAngle>
      </geolocationGridPoint>
      <geolocationGridPoint>
        <azimuthTime>2015-05-16T13:34:23.717493</azimuthTime>
        <slantRangeTime>6.170332737106990e-03</slantRangeTime>
        <line>1516</line>
        <pixel>9824</pixel>
        <latitude>3.884346157919295e+01</latitude>
        <longitude>-1.135386675960573e+02</longitude>
        <height>2.215784639428571e+03</height>
        <incidenceAngle>4.359106852883189e+01</incidenceAngle>
        <elevationAngle>3.841632437536114e+01</elevationAngle>
      </geolocationGridPoint>
      <geolocationGridPoint>
        <azimuthTime>2015-05-16T13:34:23.717502</azimuthTime>
        <slantRangeTime>6.189417288439301e-03</slantRangeTime>
        <line>1516</line>
        <pixel>11052</pixel>
        <latitude>3.884952858008628e+01</latitude>
        <longitude>-1.135856828192501e+02</longitude>
        <height>2.215784639428571e+03</height>
        <incidenceAngle>4.381322316429865e+01</incidenceAngle>
        <elevationAngle>3.860126927694845e+01</elevationAngle>
      </geolocationGridPoint>
      <geolocationGridPoint>
        <azimuthTime>2015-05-16T13:34:23.717512</azimuthTime>
        <slantRangeTime>6.208501839771613e-03</slantRangeTime>
        <line>1516</line>
        <pixel>12280</pixel>
        <latitude>3.885555248473514e+01</latitude>
        <longitude>-1.136325175255917e+02</longitude>
        <height>2.215784639428571e+03</height>
        <incidenceAngle>4.403324132140148e+01</incidenceAngle>
        <elevationAngle>3.878422682238742e+01</elevationAngle>
      </geolocationGridPoint>
      <geolocationGridPoint>
        <azimuthTime>2015-05-16T13:34:23.717521</azimuthTime>
        <slantRangeTime>6.227586391103925e-03</slantRangeTime>
        <line>1516</line>
        <pixel>13508</pixel>
        <latitude>3.886153402049609e+01</latitude>
        <longitude>-1.136791755685652e+02</longitude>
        <height>2.215784639428571e+03</height>
        <incidenceAngle>4.425116298124919e+01</incidenceAngle>
        <elevationAngle>3.896523385207185e+01</elevationAngle>
      </geolocationGridPoint>
      <geolocationGridPoint>
        <azimuthTime>2015-05-16T13:34:23.717531</azimuthTime>
        <slantRangeTime>6.246670942436236e-03</slantRangeTime>
        <line>1516</line>
        <pixel>14736</pixel>
        <latitude>3.886747389169266e+01</latitude>
        <longitude>-1.137256606797214e+02</longitude>
        <height>2.215784639428571e+03</height>
        <incidenceAngle>4.446702695428144e+01</incidenceAngle>
        <elevationAngle>3.914432613493804e+01</elevationAngle>
      </geolocationGridPoint>
      <geolocationGridPoint>
        <azimuthTime>2015-05-16T13:34:23.717541</azimuthTime>
        <slantRangeTime>6.265755493768547e-03</slantRangeTime>
        <line>1516</line>
        <pixel>15964</pixel>
        <latitude>3.887337278059796e+01</latitude>
        <longitude>-1.137719764738816e+02</longitude>
        <height>2.215784639428571e+03</height>
        <incidenceAngle>4.468087092801334e+01</incidenceAngle>
        <elevationAngle>3.932153841197528e+01</elevationAngle>
      </geolocationGridPoint>
      <geolocationGridPoint>
        <azimuthTime>2015-05-16T13:34:23.717550</azimuthTime>
        <slantRangeTime>6.284840045100859e-03</slantRangeTime>
        <line>1516</line>
        <pixel>17192</pixel>
        <latitude>3.887923134836470e+01</latitude>
        <longitude>-1.138181264540592e+02</longitude>
        <height>2.215784639428571e+03</height>
        <incidenceAngle>4.489273151227336e+01</incidenceAngle>
        <elevationAngle>3.949690443745828e+01</elevationAngle>
      </geolocationGridPoint>
      <geolocationGridPoint>
        <azimuthTime>2015-05-16T13:34:23.717560</azimuthTime>
        <slantRangeTime>6.303924596433170e-03</slantRangeTime>
        <line>1516</line>
        <pixel>18420</pixel>
        <latitude>3.888505023590547e+01</latitude>
        <longitude>-1.138641140161218e+02</longitude>
        <height>2.215784639428571e+03</height>
        <incidenceAngle>4.510264428210630e+01</incidenceAngle>
        <elevationAngle>3.967045701805700e+01</elevationAngle>
      </geolocationGridPoint>
      <geolocationGridPoint>
        <azimuthTime>2015-05-16T13:34:23.717569</azimuthTime>
        <slantRangeTime>6.323009147765482e-03</slantRangeTime>
        <line>1516</line>
        <pixel>19648</pixel>
        <latitude>3.889083006472715e+01</latitude>
        <longitude>-1.139099424532069e+02</longitude>
        <height>2.215784639428571e+03</height>
        <incidenceAngle>4.531064381848010e+01</incidenceAngle>
        <elevationAngle>3.984222804994984e+01</elevationAngle>
      </geolocationGridPoint>
      <geolocationGridPoint>
        <azimuthTime>2015-05-16T13:34:23.717579</azimuthTime>
        <slantRangeTime>6.342093699097794e-03</slantRangeTime>
        <line>1516</line>
        <pixel>20876</pixel>
        <latitude>3.889657143772166e+01</latitude>
        <longitude>-1.139556149599086e+02</longitude>
        <height>2.215784639428571e+03</height>
        <incidenceAngle>4.551676374693783e+01</incidenceAngle>
        <elevationAngle>4.001224855406864e+01</elevationAngle>
      </geolocationGridPoint>
      <geolocationGridPoint>
        <azimuthTime>2015-05-16T13:34:23.717588</azimuthTime>
        <slantRangeTime>6.361178250430105e-03</slantRangeTime>
        <line>1516</line>
        <pixel>22104</pixel>
        <latitude>3.890227493991627e+01</latitude>
        <longitude>-1.140011346362495e+02</longitude>
        <height>2.215784639428571e+03</height>
        <incidenceAngle>4.572103677431693e+01</incidenceAngle>
        <elevationAngle>4.018054870958590e+01</elevationAngle>
      </geolocationGridPoint>
      <geolocationGridPoint>
        <azimuthTime>2015-05-16T13:34:23.717598</azimuthTime>
        <slantRangeTime>6.380262801762416e-03</slantRangeTime>
        <line>1516</line>
        <pixel>23332</pixel>
        <latitude>3.890794113918574e+01</latitude>
        <longitude>-1.140465044914505e+02</longitude>
        <height>2.215784639428571e+03</height>
        <incidenceAngle>4.592349472365800e+01</incidenceAngle>
        <elevationAngle>4.034715788575588e+01</elevationAngle>
      </geolocationGridPoint>
      <geolocationGridPoint>
        <azimuthTime>2015-05-16T13:34:23.717607</azimuthTime>
        <slantRangeTime>6.399347353094728e-03</slantRangeTime>
        <line>1516</line>
        <pixel>24560</pixel>
        <latitude>3.891357058692873e+01</latitude>
        <longitude>-1.140917274475117e+02</longitude>
        <height>2.215784639428571e+03</height>
        <incidenceAngle>4.612416856740828e+01</incidenceAngle>
        <elevationAngle>4.051210467220432e+01</elevationAngle>
      </geolocationGridPoint>
      <geolocationGridPoint>
        <azimuthTime>2015-05-16T13:34:26.473932</azimuthTime>
        <slantRangeTime>6.017656326448498e-03</slantRangeTime>
        <line>3032</line>
        <pixel>0</pixel>
        <latitude>3.862762363724200e+01</latitude>
        <longitude>-1.131918369799531e+02</longitude>
        <height>2.215784639428571e+03</height>
        <incidenceAngle>4.173512381811003e+01</incidenceAngle>
        <elevationAngle>3.686353047426924e+01</elevationAngle>
      </geolocationGridPoint>
      <geolocationGridPoint>
        <azimuthTime>2015-05-16T13:34:26.473942</azimuthTime>
        <slantRangeTime>6.036740877780809e-03</slantRangeTime>
        <line>3032</line>
        <pixel>1228</pixel>
        <latitude>3.863406830779032e+01</latitude>
        <longitude>-1.132403355686392e+02</longitude>
        <height>2.215784639428571e+03</height>
        <incidenceAngle>4.197594109824087e+01</incidenceAngle>
        <elevationAngle>3.706582137545989e+01</elevationAngle>
      </geolocationGridPoint>
      <geolocationGridPoint>
        <azimuthTime>2015-05-16T13:34:26.473951</azimuthTime>
        <slantRangeTime>6.055825429113122e-03</slantRangeTime>
        <line>3032</line>
        <pixel>2456</pixel>
        <latitude>3.864046320669552e+01</latitude>
        <longitude>-1.132886182107861e+02</longitude>
        <height>2.215784639428571e+03</height>
        <incidenceAngle>4.221425373748624e+01</incidenceAngle>
        <elevationAngle>3.726578599849159e+01</elevationAngle>
      </geolocationGridPoint>
      <geolocationGridPoint>
        <azimuthTime>2015-05-16T13:34:26.473961</azimuthTime>
        <slantRangeTime>6.074909980445432e-03</slantRangeTime>
        <line>3032</line>
        <pixel>3684</pixel>
        <latitude>3.864680928715602e+01</latitude>
        <longitude>-1.133366899505159e+02</longitude>
        <height>2.215784639428571e+03</height>
        <incidenceAngle>4.245011314715926e+01</incidenceAngle>
        <elevationAngle>3.746347163638922e+01</elevationAngle>
      </geolocationGridPoint>
      <geolocationGridPoint>
        <azimuthTime>2015-05-16T13:34:26.473970</azimuthTime>
        <slantRangeTime>6.093994531777744e-03</slantRangeTime>
        <line>3032</line>
        <pixel>4912</pixel>
        <latitude>3.865310746911369e+01</latitude>
        <longitude>-1.133845556560683e+02</longitude>
        <height>2.215784639428571e+03</height>
        <incidenceAngle>4.268356907278712e+01</incidenceAngle>
        <elevationAngle>3.765892405981454e+01</elevationAngle>
      </geolocationGridPoint>
      <geolocationGridPoint>
        <azimuthTime>2015-05-16T13:34:26.473980</azimuthTime>
        <slantRangeTime>6.113079083110056e-03</slantRangeTime>
        <line>3032</line>
        <pixel>6140</pixel>
        <latitude>3.865935864081997e+01</latitude>
        <longitude>-1.134322200280831e+02</longitude>
        <height>2.215784639428571e+03</height>
        <incidenceAngle>4.291466966939129e+01</incidenceAngle>
        <elevationAngle>3.785218758559169e+01</elevationAngle>
      </geolocationGridPoint>
      <geolocationGridPoint>
        <azimuthTime>2015-05-16T13:34:26.473989</azimuthTime>
        <slantRangeTime>6.132163634442367e-03</slantRangeTime>
        <line>3032</line>
        <pixel>7368</pixel>
        <latitude>3.866556366030897e+01</latitude>
        <longitude>-1.134796876073916e+02</longitude>
        <height>2.215784639428571e+03</height>
        <incidenceAngle>4.314346157240178e+01</incidenceAngle>
        <elevationAngle>3.804330514126782e+01</elevationAngle>
      </geolocationGridPoint>
      <geolocationGridPoint>
        <azimuthTime>2015-05-16T13:34:26.473999</azimuthTime>
        <slantRangeTime>6.151248185774679e-03</slantRangeTime>
        <line>3032</line>
        <pixel>8596</pixel>
        <latitude>3.867172335678423e+01</latitude>
        <longitude>-1.135269627823513e+02</longitude>
        <height>2.215784639428571e+03</height>
        <incidenceAngle>4.336998996452201e+01</incidenceAngle>
        <elevationAngle>3.823231832599551e+01</elevationAngle>
      </geolocationGridPoint>
      <geolocationGridPoint>
        <azimuthTime>2015-05-16T13:34:26.474008</azimuthTime>
        <slantRangeTime>6.170332737106990e-03</slantRangeTime>
        <line>3032</line>
        <pixel>9824</pixel>
        <latitude>3.867783853192540e+01</latitude>
        <longitude>-1.135740497957565e+02</longitude>
        <height>2.215784639428571e+03</height>
        <incidenceAngle>4.359429863881537e+01</incidenceAngle>
        <elevationAngle>3.841926746798404e+01</elevationAngle>
      </geolocationGridPoint>
      <geolocationGridPoint>
        <azimuthTime>2015-05-16T13:34:26.474018</azimuthTime>
        <slantRangeTime>6.189417288439301e-03</slantRangeTime>
        <line>3032</line>
        <pixel>11052</pixel>
        <latitude>3.868390996112029e+01</latitude>
        <longitude>-1.136209527513547e+02</longitude>
        <height>2.215784639428571e+03</height>
        <incidenceAngle>4.381643005827947e+01</incidenceAngle>
        <elevationAngle>3.860419167875937e+01</elevationAngle>
      </geolocationGridPoint>
      <geolocationGridPoint>
        <azimuthTime>2015-05-16T13:34:26.474027</azimuthTime>
        <slantRangeTime>6.208501839771613e-03</slantRangeTime>
        <line>3032</line>
        <pixel>12280</pixel>
        <latitude>3.868993839462738e+01</latitude>
        <longitude>-1.136676756199948e+02</longitude>
        <height>2.215784639428571e+03</height>
        <incidenceAngle>4.403642541214325e+01</incidenceAngle>
        <elevationAngle>3.878712890444699e+01</elevationAngle>
      </geolocationGridPoint>
      <geolocationGridPoint>
        <azimuthTime>2015-05-16T13:34:26.474037</azimuthTime>
        <slantRangeTime>6.227586391103925e-03</slantRangeTime>
        <line>3032</line>
        <pixel>13508</pixel>
        <latitude>3.869592455867358e+01</latitude>
        <longitude>-1.137142222454327e+02</longitude>
        <height>2.215784639428571e+03</height>
        <incidenceAngle>4.425432466910485e+01</incidenceAngle>
        <elevationAngle>3.896811597427524e+01</elevationAngle>
      </geolocationGridPoint>
      <geolocationGridPoint>
        <azimuthTime>2015-05-16T13:34:26.474047</azimuthTime>
        <slantRangeTime>6.246670942436236e-03</slantRangeTime>
        <line>3032</line>
        <pixel>14736</pixel>
        <latitude>3.870186915649160e+01</latitude>
        <longitude>-1.137605963498184e+02</longitude>
        <height>2.215784639428571e+03</height>
        <incidenceAngle>4.447016662771587e+01</incidenceAngle>
        <elevationAngle>3.914718864648504e+01</elevationAngle>
      </geolocationGridPoint>
      <geolocationGridPoint>
        <azimuthTime>2015-05-16T13:34:26.474056</azimuthTime>
        <slantRangeTime>6.265755493768547e-03</slantRangeTime>
        <line>3032</line>
        <pixel>15964</pixel>
        <latitude>3.870777286930089e+01</latitude>
        <longitude>-1.138068015388831e+02</longitude>
        <height>2.215784639428571e+03</height>
        <incidenceAngle>4.468398896409373e+01</incidenceAngle>
        <elevationAngle>3.932438165181184e+01</elevationAngle>
      </geolocationGridPoint>
      <geolocationGridPoint>
        <azimuthTime>2015-05-16T13:34:26.474066</azimuthTime>
        <slantRangeTime>6.284840045100859e-03</slantRangeTime>
        <line>3032</line>
        <pixel>17192</pixel>
        <latitude>3.871363635723576e+01</latitude>
        <longitude>-1.138528413068482e+02</longitude>
        <height>2.215784639428571e+03</height>
        <incidenceAngle>4.489582827713642e+01</incidenceAngle>
        <elevationAngle>3.949972873469689e+01</elevationAngle>
      </geolocationGridPoint>
      <geolocationGridPoint>
        <azimuthTime>2015-05-16T13:34:26.474075</azimuthTime>
        <slantRangeTime>6.303924596433170e-03</slantRangeTime>
        <line>3032</line>
        <pixel>18420</pixel>
        <latitude>3.871946026022437e+01</latitude>
        <longitude>-1.138987190410736e+02</longitude>
        <height>2.215784639428571e+03</height>
        <incidenceAngle>4.510572013140007e+01</incidenceAngle>
        <elevationAngle>3.967326269237446e+01</elevationAngle>
      </geolocationGridPoint>
      <geolocationGridPoint>
        <azimuthTime>2015-05-16T13:34:26.474085</azimuthTime>
        <slantRangeTime>6.323009147765482e-03</slantRangeTime>
        <line>3032</line>
        <pixel>19648</pixel>
        <latitude>3.872524519882130e+01</latitude>
        <longitude>-1.139444380264614e+02</longitude>
        <height>2.215784639428571e+03</height>
        <incidenceAngle>4.531369909778313e+01</incidenceAngle>
        <elevationAngle>3.984501541196440e+01</elevationAngle>
      </geolocationGridPoint>
      <geolocationGridPoint>
        <azimuthTime>2015-05-16T13:34:26.474094</azimuthTime>
        <slantRangeTime>6.342093699097794e-03</slantRangeTime>
        <line>3032</line>
        <pixel>20876</pixel>
        <latitude>3.873099177499712e+01</latitude>
        <longitude>-1.139900014496312e+02</longitude>
        <height>2.215784639428571e+03</height>
        <incidenceAngle>4.551979879215664e+01</incidenceAngle>
        <elevationAngle>4.001501790569777e+01</elevationAngle>
      </geolocationGridPoint>
      <geolocationGridPoint>
        <azimuthTime>2015-05-16T13:34:26.474104</azimuthTime>
        <slantRangeTime>6.361178250430105e-03</slantRangeTime>
        <line>3032</line>
        <pixel>22104</pixel>
        <latitude>3.873670057288736e+01</latitude>
        <longitude>-1.140354124028806e+02</longitude>
        <height>2.215784639428571e+03</height>
        <incidenceAngle>4.572405191206418e+01</incidenceAngle>
        <elevationAngle>4.018330034438669e+01</elevationAngle>
      </geolocationGridPoint>
      <geolocationGridPoint>
        <azimuthTime>2015-05-16T13:34:26.474113</azimuthTime>
        <slantRangeTime>6.380262801762416e-03</slantRangeTime>
        <line>3032</line>
        <pixel>23332</pixel>
        <latitude>3.874237215950324e+01</latitude>
        <longitude>-1.140806738879450e+02</longitude>
        <height>2.215784639428571e+03</height>
        <incidenceAngle>4.592649027161149e+01</incidenceAngle>
        <elevationAngle>4.034989208924797e+01</elevationAngle>
      </geolocationGridPoint>
      <geolocationGridPoint>
        <azimuthTime>2015-05-16T13:34:26.474123</azimuthTime>
        <slantRangeTime>6.399347353094728e-03</slantRangeTime>
        <line>3032</line>
        <pixel>24560</pixel>
        <latitude>3.874800708540702e+01</latitude>
        <longitude>-1.141257888195682e+02</longitude>
        <height>2.215784639428571e+03</height>
        <incidenceAngle>4.612714483465201e+01</incidenceAngle>
        <elevationAngle>4.051482172217696e+01</elevationAngle>
      </geolocationGridPoint>
      <geolocationGridPoint>
        <azimuthTime>2015-05-16T13:34:29.236597</azimuthTime>
        <slantRangeTime>6.017656326448498e-03</slantRangeTime>
        <line>4548</line>
        <pixel>0</pixel>
        <latitude>3.846159149972178e+01</latitude>
        <longitude>-1.132281522367992e+02</longitude>
        <height>2.215784639428571e+03</height>
        <incidenceAngle>4.173855205443568e+01</incidenceAngle>
        <elevationAngle>3.686665030087739e+01</elevationAngle>
      </geolocationGridPoint>
      <geolocationGridPoint>
        <azimuthTime>2015-05-16T13:34:29.236606</azimuthTime>
        <slantRangeTime>6.036740877780809e-03</slantRangeTime>
        <line>4548</line>
        <pixel>1228</pixel>
        <latitude>3.846803980539247e+01</latitude>
        <longitude>-1.132765354035375e+02</longitude>
        <height>2.215784639428571e+03</height>
        <incidenceAngle>4.197934233942224e+01</incidenceAngle>
        <elevationAngle>3.706891711390153e+01</elevationAngle>
      </geolocationGridPoint>
      <geolocationGridPoint>
        <azimuthTime>2015-05-16T13:34:29.236616</azimuthTime>
        <slantRangeTime>6.055825429113122e-03</slantRangeTime>
        <line>4548</line>
        <pixel>2456</pixel>
        <latitude>3.847443845009600e+01</latitude>
        <longitude>-1.133247031422527e+02</longitude>
        <height>2.215784639428571e+03</height>
        <incidenceAngle>4.221762851738462e+01</incidenceAngle>
        <elevationAngle>3.726885812878626e+01</elevationAngle>
      </geolocationGridPoint>
      <geolocationGridPoint>
        <azimuthTime>2015-05-16T13:34:29.236625</azimuthTime>
        <slantRangeTime>6.074909980445432e-03</slantRangeTime>
        <line>4548</line>
        <pixel>3684</pixel>
        <latitude>3.848078838552147e+01</latitude>
        <longitude>-1.133726604841608e+02</longitude>
        <height>2.215784639428571e+03</height>
        <incidenceAngle>4.245346198182880e+01</incidenceAngle>
        <elevationAngle>3.746652062253325e+01</elevationAngle>
      </geolocationGridPoint>
      <geolocationGridPoint>
        <azimuthTime>2015-05-16T13:34:29.236635</azimuthTime>
        <slantRangeTime>6.093994531777744e-03</slantRangeTime>
        <line>4548</line>
        <pixel>4912</pixel>
        <latitude>3.848709053015910e+01</latitude>
        <longitude>-1.134204122850734e+02</longitude>
        <height>2.215784639428571e+03</height>
        <incidenceAngle>4.268689246130193e+01</incidenceAngle>
        <elevationAngle>3.766195035052569e+01</elevationAngle>
      </geolocationGridPoint>
      <geolocationGridPoint>
        <azimuthTime>2015-05-16T13:34:29.236644</azimuthTime>
        <slantRangeTime>6.113079083110056e-03</slantRangeTime>
        <line>4548</line>
        <pixel>6140</pixel>
        <latitude>3.849334577086327e+01</latitude>
        <longitude>-1.134679632336562e+02</longitude>
        <height>2.215784639428571e+03</height>
        <incidenceAngle>4.291796809462247e+01</incidenceAngle>
        <elevationAngle>3.785519161500857e+01</elevationAngle>
      </geolocationGridPoint>
      <geolocationGridPoint>
        <azimuthTime>2015-05-16T13:34:29.236654</azimuthTime>
        <slantRangeTime>6.132163634442367e-03</slantRangeTime>
        <line>4548</line>
        <pixel>7368</pixel>
        <latitude>3.849955496432280e+01</latitude>
        <longitude>-1.135153178591981e+02</longitude>
        <height>2.215784639428571e+03</height>
        <incidenceAngle>4.314673550175084e+01</incidenceAngle>
        <elevationAngle>3.804628732961000e+01</elevationAngle>
      </geolocationGridPoint>
      <geolocationGridPoint>
        <azimuthTime>2015-05-16T13:34:29.236663</azimuthTime>
        <slantRangeTime>6.151248185774679e-03</slantRangeTime>
        <line>4548</line>
        <pixel>8596</pixel>
        <latitude>3.850571893844528e+01</latitude>
        <longitude>-1.135624805389251e+02</longitude>
        <height>2.215784639428571e+03</height>
        <incidenceAngle>4.337323985060943e+01</incidenceAngle>
        <elevationAngle>3.823527908018342e+01</elevationAngle>
      </geolocationGridPoint>
      <geolocationGridPoint>
        <azimuthTime>2015-05-16T13:34:29.236673</azimuthTime>
        <slantRangeTime>6.170332737106990e-03</slantRangeTime>
        <line>4548</line>
        <pixel>9824</pixel>
        <latitude>3.851183849366128e+01</latitude>
        <longitude>-1.136094555048915e+02</longitude>
        <height>2.215784639428571e+03</height>
        <incidenceAngle>4.359752492013264e+01</incidenceAngle>
        <elevationAngle>3.842220718222580e+01</elevationAngle>
      </geolocationGridPoint>
      <geolocationGridPoint>
        <azimuthTime>2015-05-16T13:34:29.236683</azimuthTime>
        <slantRangeTime>6.189417288439301e-03</slantRangeTime>
        <line>4548</line>
        <pixel>11052</pixel>
        <latitude>3.851791440415413e+01</latitude>
        <longitude>-1.136562468504779e+02</longitude>
        <height>2.215784639428571e+03</height>
        <incidenceAngle>4.381963315980337e+01</incidenceAngle>
        <elevationAngle>3.860711073510370e+01</elevationAngle>
      </geolocationGridPoint>
      <geolocationGridPoint>
        <azimuthTime>2015-05-16T13:34:29.236692</azimuthTime>
        <slantRangeTime>6.208501839771613e-03</slantRangeTime>
        <line>4548</line>
        <pixel>12280</pixel>
        <latitude>3.852394741902022e+01</latitude>
        <longitude>-1.137028585365216e+02</longitude>
        <height>2.215784639428571e+03</height>
        <incidenceAngle>4.403960574591544e+01</incidenceAngle>
        <elevationAngle>3.879002767330497e+01</elevationAngle>
      </geolocationGridPoint>
      <geolocationGridPoint>
        <azimuthTime>2015-05-16T13:34:29.236702</azimuthTime>
        <slantRangeTime>6.227586391103925e-03</slantRangeTime>
        <line>4548</line>
        <pixel>13508</pixel>
        <latitude>3.852993826336495e+01</latitude>
        <longitude>-1.137492943971068e+02</longitude>
        <height>2.215784639428571e+03</height>
        <incidenceAngle>4.425748263478177e+01</incidenceAngle>
        <elevationAngle>3.897099481491515e+01</elevationAngle>
      </geolocationGridPoint>
      <geolocationGridPoint>
        <azimuthTime>2015-05-16T13:34:29.236711</azimuthTime>
        <slantRangeTime>6.246670942436236e-03</slantRangeTime>
        <line>4548</line>
        <pixel>14736</pixel>
        <latitude>3.853588763933806e+01</latitude>
        <longitude>-1.137955581450354e+02</longitude>
        <height>2.215784639428571e+03</height>
        <incidenceAngle>4.447330261308699e+01</incidenceAngle>
        <elevationAngle>3.915004790749896e+01</elevationAngle>
      </geolocationGridPoint>
      <geolocationGridPoint>
        <azimuthTime>2015-05-16T13:34:29.236721</azimuthTime>
        <slantRangeTime>6.265755493768547e-03</slantRangeTime>
        <line>4548</line>
        <pixel>15964</pixel>
        <latitude>3.854179622711278e+01</latitude>
        <longitude>-1.138416533770002e+02</longitude>
        <height>2.215784639428571e+03</height>
        <incidenceAngle>4.468710334557255e+01</incidenceAngle>
        <elevationAngle>3.932722167155737e+01</elevationAngle>
      </geolocationGridPoint>
      <geolocationGridPoint>
        <azimuthTime>2015-05-16T13:34:29.236730</azimuthTime>
        <slantRangeTime>6.284840045100859e-03</slantRangeTime>
        <line>4548</line>
        <pixel>17192</pixel>
        <latitude>3.854766468581244e+01</latitude>
        <longitude>-1.138875835784799e+02</longitude>
        <height>2.215784639428571e+03</height>
        <incidenceAngle>4.489892142022629e+01</incidenceAngle>
        <elevationAngle>3.950254984171662e+01</elevationAngle>
      </geolocationGridPoint>
      <geolocationGridPoint>
        <azimuthTime>2015-05-16T13:34:29.236740</azimuthTime>
        <slantRangeTime>6.303924596433170e-03</slantRangeTime>
        <line>4548</line>
        <pixel>18420</pixel>
        <latitude>3.855349365438772e+01</latitude>
        <longitude>-1.139333521283749e+02</longitude>
        <height>2.215784639428571e+03</height>
        <incidenceAngle>4.510879239113537e+01</incidenceAngle>
        <elevationAngle>3.967606520579288e+01</elevationAngle>
      </geolocationGridPoint>
      <geolocationGridPoint>
        <azimuthTime>2015-05-16T13:34:29.236749</azimuthTime>
        <slantRangeTime>6.323009147765482e-03</slantRangeTime>
        <line>4548</line>
        <pixel>19648</pixel>
        <latitude>3.855928375244785e+01</latitude>
        <longitude>-1.139789623033984e+02</longitude>
        <height>2.215784639428571e+03</height>
        <incidenceAngle>4.531675081914737e+01</incidenceAngle>
        <elevationAngle>3.984779964186428e+01</elevationAngle>
      </geolocationGridPoint>
      <geolocationGridPoint>
        <azimuthTime>2015-05-16T13:34:29.236759</azimuthTime>
        <slantRangeTime>6.342093699097794e-03</slantRangeTime>
        <line>4548</line>
        <pixel>20876</pixel>
        <latitude>3.856503558104870e+01</latitude>
        <longitude>-1.140244172822403e+02</longitude>
        <height>2.215784639428571e+03</height>
        <incidenceAngle>4.552283031047941e+01</incidenceAngle>
        <elevationAngle>4.001778415347739e+01</elevationAngle>
      </geolocationGridPoint>
      <geolocationGridPoint>
        <azimuthTime>2015-05-16T13:34:29.236768</azimuthTime>
        <slantRangeTime>6.361178250430105e-03</slantRangeTime>
        <line>4548</line>
        <pixel>22104</pixel>
        <latitude>3.857074972344033e+01</latitude>
        <longitude>-1.140697201495166e+02</longitude>
        <height>2.215784639428571e+03</height>
        <incidenceAngle>4.572706355339855e+01</incidenceAngle>
        <elevationAngle>4.018604890309945e+01</elevationAngle>
      </geolocationGridPoint>
      <geolocationGridPoint>
        <azimuthTime>2015-05-16T13:34:29.236778</azimuthTime>
        <slantRangeTime>6.380262801762416e-03</slantRangeTime>
        <line>4548</line>
        <pixel>23332</pixel>
        <latitude>3.857642674577678e+01</latitude>
        <longitude>-1.141148738995193e+02</longitude>
        <height>2.215784639428571e+03</height>
        <incidenceAngle>4.592948235309147e+01</incidenceAngle>
        <elevationAngle>4.035262324392418e+01</elevationAngle>
      </geolocationGridPoint>
      <geolocationGridPoint>
        <azimuthTime>2015-05-16T13:34:29.236787</azimuthTime>
        <slantRangeTime>6.399347353094728e-03</slantRangeTime>
        <line>4548</line>
        <pixel>24560</pixel>
        <latitude>3.858206719778988e+01</latitude>
        <longitude>-1.141598814397769e+02</longitude>
        <height>2.215784639428571e+03</height>
        <incidenceAngle>4.613011766483391e+01</incidenceAngle>
        <elevationAngle>4.051753575013095e+01</elevationAngle>
      </geolocationGridPoint>
      <geolocationGridPoint>
        <azimuthTime>2015-05-16T13:34:31.993097</azimuthTime>
        <slantRangeTime>6.017656326448498e-03</slantRangeTime>
        <line>6064</line>
        <pixel>0</pixel>
        <latitude>3.829592168076336e+01</latitude>
        <longitude>-1.132643246803910e+02</longitude>
        <height>2.215784639428571e+03</height>
        <incidenceAngle>4.174196071218616e+01</incidenceAngle>
        <elevationAngle>3.686975241701534e+01</elevationAngle>
      </geolocationGridPoint>
      <geolocationGridPoint>
        <azimuthTime>2015-05-16T13:34:31.993106</azimuthTime>
        <slantRangeTime>6.036740877780809e-03</slantRangeTime>
        <line>6064</line>
        <pixel>1228</pixel>
        <latitude>3.830237365928530e+01</latitude>
        <longitude>-1.133125936116137e+02</longitude>
        <height>2.215784639428571e+03</height>
        <incidenceAngle>4.198272416660915e+01</incidenceAngle>
        <elevationAngle>3.707199528939324e+01</elevationAngle>
      </geolocationGridPoint>
      <geolocationGridPoint>
        <azimuthTime>2015-05-16T13:34:31.993116</azimuthTime>
        <slantRangeTime>6.055825429113122e-03</slantRangeTime>
        <line>6064</line>
        <pixel>2456</pixel>
        <latitude>3.830877608646534e+01</latitude>
        <longitude>-1.133606476280461e+02</longitude>
        <height>2.215784639428571e+03</height>
        <incidenceAngle>4.222098404450959e+01</incidenceAngle>
        <elevationAngle>3.727191284062972e+01</elevationAngle>
      </geolocationGridPoint>
      <geolocationGridPoint>
        <azimuthTime>2015-05-16T13:34:31.993125</azimuthTime>
        <slantRangeTime>6.074909980445432e-03</slantRangeTime>
        <line>6064</line>
        <pixel>3684</pixel>
        <latitude>3.831512991250050e+01</latitude>
        <longitude>-1.134084917481291e+02</longitude>
        <height>2.215784639428571e+03</height>
        <incidenceAngle>4.245679172170232e+01</incidenceAngle>
        <elevationAngle>3.746955233180767e+01</elevationAngle>
      </geolocationGridPoint>
      <geolocationGridPoint>
        <azimuthTime>2015-05-16T13:34:31.993135</azimuthTime>
        <slantRangeTime>6.093994531777744e-03</slantRangeTime>
        <line>6064</line>
        <pixel>4912</pixel>
        <latitude>3.832143605444579e+01</latitude>
        <longitude>-1.134561308153719e+02</longitude>
        <height>2.215784639428571e+03</height>
        <incidenceAngle>4.269019690986308e+01</incidenceAngle>
        <elevationAngle>3.766495950312947e+01</elevationAngle>
      </geolocationGridPoint>
      <geolocationGridPoint>
        <azimuthTime>2015-05-16T13:34:31.993144</azimuthTime>
        <slantRangeTime>6.113079083110056e-03</slantRangeTime>
        <line>6064</line>
        <pixel>6140</pixel>
        <latitude>3.832769539777440e+01</latitude>
        <longitude>-1.135035695065871e+02</longitude>
        <height>2.215784639428571e+03</height>
        <incidenceAngle>4.292124773171219e+01</incidenceAngle>
        <elevationAngle>3.785817864235526e+01</elevationAngle>
      </geolocationGridPoint>
      <geolocationGridPoint>
        <azimuthTime>2015-05-16T13:34:31.993154</azimuthTime>
        <slantRangeTime>6.132163634442367e-03</slantRangeTime>
        <line>6064</line>
        <pixel>7368</pixel>
        <latitude>3.833390879784525e+01</latitude>
        <longitude>-1.135508123396381e+02</longitude>
        <height>2.215784639428571e+03</height>
        <incidenceAngle>4.314999079183888e+01</incidenceAngle>
        <elevationAngle>3.804925264928266e+01</elevationAngle>
      </geolocationGridPoint>
      <geolocationGridPoint>
        <azimuthTime>2015-05-16T13:34:31.993163</azimuthTime>
        <slantRangeTime>6.151248185774679e-03</slantRangeTime>
        <line>6064</line>
        <pixel>8596</pixel>
        <latitude>3.834007708128471e+01</latitude>
        <longitude>-1.135978636807319e+02</longitude>
        <height>2.215784639428571e+03</height>
        <incidenceAngle>4.337647124348014e+01</incidenceAngle>
        <elevationAngle>3.823822309655199e+01</elevationAngle>
      </geolocationGridPoint>
      <geolocationGridPoint>
        <azimuthTime>2015-05-16T13:34:31.993173</azimuthTime>
        <slantRangeTime>6.170332737106990e-03</slantRangeTime>
        <line>6064</line>
        <pixel>9824</pixel>
        <latitude>3.834620104728852e+01</latitude>
        <longitude>-1.136447277512916e+02</longitude>
        <height>2.215784639428571e+03</height>
        <incidenceAngle>4.360073285153199e+01</incidenceAngle>
        <elevationAngle>3.842513028702945e+01</elevationAngle>
      </geolocationGridPoint>
      <geolocationGridPoint>
        <azimuthTime>2015-05-16T13:34:31.993183</azimuthTime>
        <slantRangeTime>6.189417288439301e-03</slantRangeTime>
        <line>6064</line>
        <pixel>11052</pixel>
        <latitude>3.835228146884918e+01</latitude>
        <longitude>-1.136914086344352e+02</longitude>
        <height>2.215784639428571e+03</height>
        <incidenceAngle>4.382281805204813e+01</incidenceAngle>
        <elevationAngle>3.861001330799917e+01</elevationAngle>
      </geolocationGridPoint>
      <geolocationGridPoint>
        <azimuthTime>2015-05-16T13:34:31.993192</azimuthTime>
        <slantRangeTime>6.208501839771613e-03</slantRangeTime>
        <line>6064</line>
        <pixel>12280</pixel>
        <latitude>3.835831909391439e+01</latitude>
        <longitude>-1.137379102810900e+02</longitude>
        <height>2.215784639428571e+03</height>
        <incidenceAngle>4.404276800847164e+01</incidenceAngle>
        <elevationAngle>3.879291008238720e+01</elevationAngle>
      </geolocationGridPoint>
      <geolocationGridPoint>
        <azimuthTime>2015-05-16T13:34:31.993202</azimuthTime>
        <slantRangeTime>6.227586391103925e-03</slantRangeTime>
        <line>6064</line>
        <pixel>13508</pixel>
        <latitude>3.836431464648076e+01</latitude>
        <longitude>-1.137842365157658e+02</longitude>
        <height>2.215784639428571e+03</height>
        <incidenceAngle>4.426062266480832e+01</incidenceAngle>
        <elevationAngle>3.897385741720662e+01</elevationAngle>
      </geolocationGridPoint>
      <geolocationGridPoint>
        <azimuthTime>2015-05-16T13:34:31.993211</azimuthTime>
        <slantRangeTime>6.246670942436236e-03</slantRangeTime>
        <line>6064</line>
        <pixel>14736</pixel>
        <latitude>3.837026882762743e+01</latitude>
        <longitude>-1.138303910420109e+02</longitude>
        <height>2.215784639428571e+03</height>
        <incidenceAngle>4.447642079595162e+01</incidenceAngle>
        <elevationAngle>3.915289104941402e+01</elevationAngle>
      </geolocationGridPoint>
      <geolocationGridPoint>
        <azimuthTime>2015-05-16T13:34:31.993221</azimuthTime>
        <slantRangeTime>6.265755493768547e-03</slantRangeTime>
        <line>6064</line>
        <pixel>15964</pixel>
        <latitude>3.837618231649346e+01</latitude>
        <longitude>-1.138763774475707e+02</longitude>
        <height>2.215784639428571e+03</height>
        <incidenceAngle>4.469020005534001e+01</incidenceAngle>
        <elevationAngle>3.933004568934173e+01</elevationAngle>
      </geolocationGridPoint>
      <geolocationGridPoint>
        <azimuthTime>2015-05-16T13:34:31.993230</azimuthTime>
        <slantRangeTime>6.284840045100859e-03</slantRangeTime>
        <line>6064</line>
        <pixel>17192</pixel>
        <latitude>3.838205577120272e+01</latitude>
        <longitude>-1.139221992092696e+02</longitude>
        <height>2.215784639428571e+03</height>
        <incidenceAngle>4.490199702012094e+01</incidenceAngle>
        <elevationAngle>3.950535506186360e+01</elevationAngle>
      </geolocationGridPoint>
      <geolocationGridPoint>
        <azimuthTime>2015-05-16T13:34:31.993240</azimuthTime>
        <slantRangeTime>6.303924596433170e-03</slantRangeTime>
        <line>6064</line>
        <pixel>18420</pixel>
        <latitude>3.838788982973958e+01</latitude>
        <longitude>-1.139678596976337e+02</longitude>
        <height>2.215784639428571e+03</height>
        <incidenceAngle>4.511184723397874e+01</incidenceAngle>
        <elevationAngle>3.967885194543722e+01</elevationAngle>
      </geolocationGridPoint>
      <geolocationGridPoint>
        <azimuthTime>2015-05-16T13:34:31.993249</azimuthTime>
        <slantRangeTime>6.323009147765482e-03</slantRangeTime>
        <line>6064</line>
        <pixel>19648</pixel>
        <latitude>3.839368511077875e+01</latitude>
        <longitude>-1.140133621812696e+02</longitude>
        <height>2.215784639428571e+03</height>
        <incidenceAngle>4.531978524777392e+01</incidenceAngle>
        <elevationAngle>3.985056820915649e+01</elevationAngle>
      </geolocationGridPoint>
      <geolocationGridPoint>
        <azimuthTime>2015-05-16T13:34:31.993259</azimuthTime>
        <slantRangeTime>6.342093699097794e-03</slantRangeTime>
        <line>6064</line>
        <pixel>20876</pixel>
        <latitude>3.839944221447184e+01</latitude>
        <longitude>-1.140587098310175e+02</longitude>
        <height>2.215784639428571e+03</height>
        <incidenceAngle>4.552584465813202e+01</incidenceAngle>
        <elevationAngle>4.002053484793944e+01</elevationAngle>
      </geolocationGridPoint>
      <geolocationGridPoint>
        <azimuthTime>2015-05-16T13:34:31.993268</azimuthTime>
        <slantRangeTime>6.361178250430105e-03</slantRangeTime>
        <line>6064</line>
        <pixel>22104</pixel>
        <latitude>3.840516172319376e+01</latitude>
        <longitude>-1.141039057238893e+02</longitude>
        <height>2.215784639428571e+03</height>
        <incidenceAngle>4.573005814410132e+01</incidenceAngle>
        <elevationAngle>4.018878201596047e+01</elevationAngle>
      </geolocationGridPoint>
      <geolocationGridPoint>
        <azimuthTime>2015-05-16T13:34:31.993278</azimuthTime>
        <slantRangeTime>6.380262801762416e-03</slantRangeTime>
        <line>6064</line>
        <pixel>23332</pixel>
        <latitude>3.841084420225106e+01</latitude>
        <longitude>-1.141489528468083e+02</longitude>
        <height>2.215784639428571e+03</height>
        <incidenceAngle>4.593245750200704e+01</incidenceAngle>
        <elevationAngle>4.035533905844196e+01</elevationAngle>
      </geolocationGridPoint>
      <geolocationGridPoint>
        <azimuthTime>2015-05-16T13:34:31.993287</azimuthTime>
        <slantRangeTime>6.399347353094728e-03</slantRangeTime>
        <line>6064</line>
        <pixel>24560</pixel>
        <latitude>3.841649020055473e+01</latitude>
        <longitude>-1.141938541001602e+02</longitude>
        <height>2.215784639428571e+03</height>
        <incidenceAngle>4.613307367860146e+01</incidenceAngle>
        <elevationAngle>4.052023454189617e+01</elevationAngle>
      </geolocationGridPoint>
      <geolocationGridPoint>
        <azimuthTime>2015-05-16T13:34:34.749598</azimuthTime>
        <slantRangeTime>6.017656326448498e-03</slantRangeTime>
        <line>7580</line>
        <pixel>0</pixel>
        <latitude>3.813024449506446e+01</latitude>
        <longitude>-1.133004360623672e+02</longitude>
        <height>2.215784639428571e+03</height>
        <incidenceAngle>4.174535726153761e+01</incidenceAngle>
        <elevationAngle>3.687284362129070e+01</elevationAngle>
      </geolocationGridPoint>
      <geolocationGridPoint>
        <azimuthTime>2015-05-16T13:34:34.749607</azimuthTime>
        <slantRangeTime>6.036740877780809e-03</slantRangeTime>
        <line>7580</line>
        <pixel>1228</pixel>
        <latitude>3.813670019844378e+01</latitude>
        <longitude>-1.133485916770240e+02</longitude>
        <height>2.215784639428571e+03</height>
        <incidenceAngle>4.198609399087940e+01</incidenceAngle>
        <elevationAngle>3.707506264781208e+01</elevationAngle>
      </geolocationGridPoint>
      <geolocationGridPoint>
        <azimuthTime>2015-05-16T13:34:34.749617</azimuthTime>
        <slantRangeTime>6.055825429113122e-03</slantRangeTime>
        <line>7580</line>
        <pixel>2456</pixel>
        <latitude>3.814310645928386e+01</latitude>
        <longitude>-1.133965328860435e+02</longitude>
        <height>2.215784639428571e+03</height>
        <incidenceAngle>4.222432767201081e+01</incidenceAngle>
        <elevationAngle>3.727495682822069e+01</elevationAngle>
      </geolocationGridPoint>
      <geolocationGridPoint>
        <azimuthTime>2015-05-16T13:34:34.749626</azimuthTime>
        <slantRangeTime>6.074909980445432e-03</slantRangeTime>
        <line>7580</line>
        <pixel>3684</pixel>
        <latitude>3.814946422630403e+01</latitude>
        <longitude>-1.134442646951926e+02</longitude>
        <height>2.215784639428571e+03</height>
        <incidenceAngle>4.246010966313059e+01</incidenceAngle>
        <elevationAngle>3.747257340774814e+01</elevationAngle>
      </geolocationGridPoint>
      <geolocationGridPoint>
        <azimuthTime>2015-05-16T13:34:34.749636</azimuthTime>
        <slantRangeTime>6.093994531777744e-03</slantRangeTime>
        <line>7580</line>
        <pixel>4912</pixel>
        <latitude>3.815577441513788e+01</latitude>
        <longitude>-1.134917919357751e+02</longitude>
        <height>2.215784639428571e+03</height>
        <incidenceAngle>4.269348965911654e+01</incidenceAngle>
        <elevationAngle>3.766795811148204e+01</elevationAngle>
      </geolocationGridPoint>
      <geolocationGridPoint>
        <azimuthTime>2015-05-16T13:34:34.749645</azimuthTime>
        <slantRangeTime>6.113079083110056e-03</slantRangeTime>
        <line>7580</line>
        <pixel>6140</pixel>
        <latitude>3.816203790989067e+01</latitude>
        <longitude>-1.135391192728442e+02</longitude>
        <height>2.215784639428571e+03</height>
        <incidenceAngle>4.292451576665847e+01</incidenceAngle>
        <elevationAngle>3.786115521275857e+01</elevationAngle>
      </geolocationGridPoint>
      <geolocationGridPoint>
        <azimuthTime>2015-05-16T13:34:34.749655</azimuthTime>
        <slantRangeTime>6.132163634442367e-03</slantRangeTime>
        <line>7580</line>
        <pixel>7368</pixel>
        <latitude>3.816825556460419e+01</latitude>
        <longitude>-1.135862512129277e+02</longitude>
        <height>2.215784639428571e+03</height>
        <incidenceAngle>4.315323457504068e+01</incidenceAngle>
        <elevationAngle>3.805220759760451e+01</elevationAngle>
      </geolocationGridPoint>
      <geolocationGridPoint>
        <azimuthTime>2015-05-16T13:34:34.749664</azimuthTime>
        <slantRangeTime>6.151248185774679e-03</slantRangeTime>
        <line>7580</line>
        <pixel>8596</pixel>
        <latitude>3.817442820463595e+01</latitude>
        <longitude>-1.136331921113006e+02</longitude>
        <height>2.215784639428571e+03</height>
        <incidenceAngle>4.337969122287676e+01</incidenceAngle>
        <elevationAngle>3.824115682550282e+01</elevationAngle>
      </geolocationGridPoint>
      <geolocationGridPoint>
        <azimuthTime>2015-05-16T13:34:34.749674</azimuthTime>
        <slantRangeTime>6.170332737106990e-03</slantRangeTime>
        <line>7580</line>
        <pixel>9824</pixel>
        <latitude>3.818055662795871e+01</latitude>
        <longitude>-1.136799461788384e+02</longitude>
        <height>2.215784639428571e+03</height>
        <incidenceAngle>4.360392946108414e+01</incidenceAngle>
        <elevationAngle>3.842804318674270e+01</elevationAngle>
      </geolocationGridPoint>
      <geolocationGridPoint>
        <azimuthTime>2015-05-16T13:34:34.749683</azimuthTime>
        <slantRangeTime>6.189417288439301e-03</slantRangeTime>
        <line>7580</line>
        <pixel>11052</pixel>
        <latitude>3.818664160638573e+01</latitude>
        <longitude>-1.137265174884774e+02</longitude>
        <height>2.215784639428571e+03</height>
        <incidenceAngle>4.382599171234477e+01</incidenceAngle>
        <elevationAngle>3.861290575657756e+01</elevationAngle>
      </geolocationGridPoint>
      <geolocationGridPoint>
        <azimuthTime>2015-05-16T13:34:34.749693</azimuthTime>
        <slantRangeTime>6.208501839771613e-03</slantRangeTime>
        <line>7580</line>
        <pixel>12280</pixel>
        <latitude>3.819268388672705e+01</latitude>
        <longitude>-1.137729099813127e+02</longitude>
        <height>2.215784639428571e+03</height>
        <incidenceAngle>4.404591912730433e+01</incidenceAngle>
        <elevationAngle>3.879578244641964e+01</elevationAngle>
      </geolocationGridPoint>
      <geolocationGridPoint>
        <azimuthTime>2015-05-16T13:34:34.749703</azimuthTime>
        <slantRangeTime>6.227586391103925e-03</slantRangeTime>
        <line>7580</line>
        <pixel>13508</pixel>
        <latitude>3.819868419188119e+01</latitude>
        <longitude>-1.138191274723552e+02</longitude>
        <height>2.215784639428571e+03</height>
        <incidenceAngle>4.426375163771397e+01</incidenceAngle>
        <elevationAngle>3.897671005225676e+01</elevationAngle>
      </geolocationGridPoint>
      <geolocationGridPoint>
        <azimuthTime>2015-05-16T13:34:34.749712</azimuthTime>
        <slantRangeTime>6.246670942436236e-03</slantRangeTime>
        <line>7580</line>
        <pixel>14736</pixel>
        <latitude>3.820464322186706e+01</latitude>
        <longitude>-1.138651736559720e+02</longitude>
        <height>2.215784639428571e+03</height>
        <incidenceAngle>4.447952800672586e+01</incidenceAngle>
        <elevationAngle>3.915572430048228e+01</elevationAngle>
      </geolocationGridPoint>
      <geolocationGridPoint>
        <azimuthTime>2015-05-16T13:34:34.749722</azimuthTime>
        <slantRangeTime>6.265755493768547e-03</slantRangeTime>
        <line>7580</line>
        <pixel>15964</pixel>
        <latitude>3.821056165479955e+01</latitude>
        <longitude>-1.139110521110318e+02</longitude>
        <height>2.215784639428571e+03</height>
        <incidenceAngle>4.469328587652331e+01</incidenceAngle>
        <elevationAngle>3.933285989130283e+01</elevationAngle>
      </geolocationGridPoint>
      <geolocationGridPoint>
        <azimuthTime>2015-05-16T13:34:34.749731</azimuthTime>
        <slantRangeTime>6.284840045100859e-03</slantRangeTime>
        <line>7580</line>
        <pixel>17192</pixel>
        <latitude>3.821644014781272e+01</latitude>
        <longitude>-1.139567663057726e+02</longitude>
        <height>2.215784639428571e+03</height>
        <incidenceAngle>4.490506181345878e+01</incidenceAngle>
        <elevationAngle>3.950815053988087e+01</elevationAngle>
      </geolocationGridPoint>
      <geolocationGridPoint>
        <azimuthTime>2015-05-16T13:34:34.749741</azimuthTime>
        <slantRangeTime>6.303924596433170e-03</slantRangeTime>
        <line>7580</line>
        <pixel>18420</pixel>
        <latitude>3.822227933793407e+01</latitude>
        <longitude>-1.140023196024115e+02</longitude>
        <height>2.215784639428571e+03</height>
        <incidenceAngle>4.511489135085726e+01</incidenceAngle>
        <elevationAngle>3.968162901535445e+01</elevationAngle>
      </geolocationGridPoint>
      <geolocationGridPoint>
        <azimuthTime>2015-05-16T13:34:34.749750</azimuthTime>
        <slantRangeTime>6.323009147765482e-03</slantRangeTime>
        <line>7580</line>
        <pixel>19648</pixel>
        <latitude>3.822807984291278e+01</latitude>
        <longitude>-1.140477152615126e+02</longitude>
        <height>2.215784639428571e+03</height>
        <incidenceAngle>4.532280902963537e+01</incidenceAngle>
        <elevationAngle>3.985332717787207e+01</elevationAngle>
      </geolocationGridPoint>
      <geolocationGridPoint>
        <azimuthTime>2015-05-16T13:34:34.749760</azimuthTime>
        <slantRangeTime>6.342093699097794e-03</slantRangeTime>
        <line>7580</line>
        <pixel>20876</pixel>
        <latitude>3.823384226200508e+01</latitude>
        <longitude>-1.140929564461276e+02</longitude>
        <height>2.215784639428571e+03</height>
        <incidenceAngle>4.552884843686505e+01</incidenceAngle>
        <elevationAngle>4.002327601375746e+01</elevationAngle>
      </geolocationGridPoint>
      <geolocationGridPoint>
        <azimuthTime>2015-05-16T13:34:34.749769</azimuthTime>
        <slantRangeTime>6.361178250430105e-03</slantRangeTime>
        <line>7580</line>
        <pixel>22104</pixel>
        <latitude>3.823956717671913e+01</latitude>
        <longitude>-1.141380462257240e+02</longitude>
        <height>2.215784639428571e+03</height>
        <incidenceAngle>4.573304224241662e+01</incidenceAngle>
        <elevationAngle>4.019150566892882e+01</elevationAngle>
      </geolocationGridPoint>
      <geolocationGridPoint>
        <azimuthTime>2015-05-16T13:34:34.749779</azimuthTime>
        <slantRangeTime>6.380262801762416e-03</slantRangeTime>
        <line>7580</line>
        <pixel>23332</pixel>
        <latitude>3.824525515152227e+01</latitude>
        <longitude>-1.141829875799141e+02</longitude>
        <height>2.215784639428571e+03</height>
        <incidenceAngle>4.593542223378981e+01</incidenceAngle>
        <elevationAngle>4.035804548066962e+01</elevationAngle>
      </geolocationGridPoint>
      <geolocationGridPoint>
        <azimuthTime>2015-05-16T13:34:34.749788</azimuthTime>
        <slantRangeTime>6.399347353094728e-03</slantRangeTime>
        <line>7580</line>
        <pixel>24560</pixel>
        <latitude>3.825090673451267e+01</latitude>
        <longitude>-1.142277834019967e+02</longitude>
        <height>2.215784639428571e+03</height>
        <incidenceAngle>4.613601934924898e+01</incidenceAngle>
        <elevationAngle>4.052292400785690e+01</elevationAngle>
      </geolocationGridPoint>
      <geolocationGridPoint>
        <azimuthTime>2015-05-16T13:34:37.508157</azimuthTime>
        <slantRangeTime>6.017656326448498e-03</slantRangeTime>
        <line>9096</line>
        <pixel>0</pixel>
        <latitude>3.796443452771652e+01</latitude>
        <longitude>-1.133365144636818e+02</longitude>
        <height>2.215784639428571e+03</height>
        <incidenceAngle>4.174874413049459e+01</incidenceAngle>
        <elevationAngle>3.687592612356948e+01</elevationAngle>
      </geolocationGridPoint>
      <geolocationGridPoint>
        <azimuthTime>2015-05-16T13:34:37.508167</azimuthTime>
        <slantRangeTime>6.036740877780809e-03</slantRangeTime>
        <line>9096</line>
        <pixel>1228</pixel>
        <latitude>3.797089399612343e+01</latitude>
        <longitude>-1.133845575911978e+02</longitude>
        <height>2.215784639428571e+03</height>
        <incidenceAngle>4.198945422167586e+01</incidenceAngle>
        <elevationAngle>3.707812138247268e+01</elevationAngle>
      </geolocationGridPoint>
      <geolocationGridPoint>
        <azimuthTime>2015-05-16T13:34:37.508176</azimuthTime>
        <slantRangeTime>6.055825429113122e-03</slantRangeTime>
        <line>9096</line>
        <pixel>2456</pixel>
        <latitude>3.797730413012294e+01</latitude>
        <longitude>-1.134323868185273e+02</longitude>
        <height>2.215784639428571e+03</height>
        <incidenceAngle>4.222766179113797e+01</incidenceAngle>
        <elevationAngle>3.727799226865368e+01</elevationAngle>
      </geolocationGridPoint>
      <geolocationGridPoint>
        <azimuthTime>2015-05-16T13:34:37.508186</azimuthTime>
        <slantRangeTime>6.074909980445432e-03</slantRangeTime>
        <line>9096</line>
        <pixel>3684</pixel>
        <latitude>3.798366587696817e+01</latitude>
        <longitude>-1.134800071388541e+02</longitude>
        <height>2.215784639428571e+03</height>
        <incidenceAngle>4.246341817952626e+01</incidenceAngle>
        <elevationAngle>3.747558601154928e+01</elevationAngle>
      </geolocationGridPoint>
      <geolocationGridPoint>
        <azimuthTime>2015-05-16T13:34:37.508195</azimuthTime>
        <slantRangeTime>6.093994531777744e-03</slantRangeTime>
        <line>9096</line>
        <pixel>4912</pixel>
        <latitude>3.798998015088262e+01</latitude>
        <longitude>-1.135274233713647e+02</longitude>
        <height>2.215784639428571e+03</height>
        <incidenceAngle>4.269677306498084e+01</incidenceAngle>
        <elevationAngle>3.767094832118640e+01</elevationAngle>
      </geolocationGridPoint>
      <geolocationGridPoint>
        <azimuthTime>2015-05-16T13:34:37.508205</azimuthTime>
        <slantRangeTime>6.113079083110056e-03</slantRangeTime>
        <line>9096</line>
        <pixel>6140</pixel>
        <latitude>3.799624783461434e+01</latitude>
        <longitude>-1.135746401694375e+02</longitude>
        <height>2.215784639428571e+03</height>
        <incidenceAngle>4.292777453821927e+01</incidenceAngle>
        <elevationAngle>3.786412345652976e+01</elevationAngle>
      </geolocationGridPoint>
      <geolocationGridPoint>
        <azimuthTime>2015-05-16T13:34:37.508214</azimuthTime>
        <slantRangeTime>6.132163634442367e-03</slantRangeTime>
        <line>9096</line>
        <pixel>7368</pixel>
        <latitude>3.800246978089839e+01</latitude>
        <longitude>-1.136216620283460e+02</longitude>
        <height>2.215784639428571e+03</height>
        <incidenceAngle>4.315646917327444e+01</incidenceAngle>
        <elevationAngle>3.805515428988344e+01</elevationAngle>
      </geolocationGridPoint>
      <geolocationGridPoint>
        <azimuthTime>2015-05-16T13:34:37.508224</azimuthTime>
        <slantRangeTime>6.151248185774679e-03</slantRangeTime>
        <line>9096</line>
        <pixel>8596</pixel>
        <latitude>3.800864681383347e+01</latitude>
        <longitude>-1.136684932925120e+02</longitude>
        <height>2.215784639428571e+03</height>
        <incidenceAngle>4.338290209419012e+01</incidenceAngle>
        <elevationAngle>3.824408236762122e+01</elevationAngle>
      </geolocationGridPoint>
      <geolocationGridPoint>
        <azimuthTime>2015-05-16T13:34:37.508233</azimuthTime>
        <slantRangeTime>6.170332737106990e-03</slantRangeTime>
        <line>9096</line>
        <pixel>9824</pixel>
        <latitude>3.801477973017899e+01</latitude>
        <longitude>-1.137151381623387e+02</longitude>
        <height>2.215784639428571e+03</height>
        <incidenceAngle>4.360711703795369e+01</incidenceAngle>
        <elevationAngle>3.843094796749902e+01</elevationAngle>
      </geolocationGridPoint>
      <geolocationGridPoint>
        <azimuthTime>2015-05-16T13:34:37.508243</azimuthTime>
        <slantRangeTime>6.189417288439301e-03</slantRangeTime>
        <line>9096</line>
        <pixel>11052</pixel>
        <latitude>3.802086930057831e+01</latitude>
        <longitude>-1.137616007006543e+02</longitude>
        <height>2.215784639428571e+03</height>
        <incidenceAngle>4.382915641392403e+01</incidenceAngle>
        <elevationAngle>3.861579015278325e+01</elevationAngle>
      </geolocationGridPoint>
      <geolocationGridPoint>
        <azimuthTime>2015-05-16T13:34:37.508253</azimuthTime>
        <slantRangeTime>6.208501839771613e-03</slantRangeTime>
        <line>9096</line>
        <pixel>12280</pixel>
        <latitude>3.802691627071275e+01</latitude>
        <longitude>-1.138078848387920e+02</longitude>
        <height>2.215784639428571e+03</height>
        <incidenceAngle>4.404906135999450e+01</incidenceAngle>
        <elevationAngle>3.879864682341297e+01</elevationAngle>
      </geolocationGridPoint>
      <geolocationGridPoint>
        <azimuthTime>2015-05-16T13:34:37.508262</azimuthTime>
        <slantRangeTime>6.227586391103925e-03</slantRangeTime>
        <line>9096</line>
        <pixel>13508</pixel>
        <latitude>3.803292136239153e+01</latitude>
        <longitude>-1.138539943823317e+02</longitude>
        <height>2.215784639428571e+03</height>
        <incidenceAngle>4.426687179570532e+01</incidenceAngle>
        <elevationAngle>3.897955476439004e+01</elevationAngle>
      </geolocationGridPoint>
      <geolocationGridPoint>
        <azimuthTime>2015-05-16T13:34:37.508272</azimuthTime>
        <slantRangeTime>6.246670942436236e-03</slantRangeTime>
        <line>9096</line>
        <pixel>14736</pixel>
        <latitude>3.803888527458167e+01</latitude>
        <longitude>-1.138999330165256e+02</longitude>
        <height>2.215784639428571e+03</height>
        <incidenceAngle>4.448262647250887e+01</incidenceAngle>
        <elevationAngle>3.915854969158195e+01</elevationAngle>
      </geolocationGridPoint>
      <geolocationGridPoint>
        <azimuthTime>2015-05-16T13:34:37.508281</azimuthTime>
        <slantRangeTime>6.265755493768547e-03</slantRangeTime>
        <line>9096</line>
        <pixel>15964</pixel>
        <latitude>3.804480868438199e+01</latitude>
        <longitude>-1.139457043114288e+02</longitude>
        <height>2.215784639428571e+03</height>
        <incidenceAngle>4.469636302137284e+01</incidenceAngle>
        <elevationAngle>3.933566629510528e+01</elevationAngle>
      </geolocationGridPoint>
      <geolocationGridPoint>
        <azimuthTime>2015-05-16T13:34:37.508291</azimuthTime>
        <slantRangeTime>6.284840045100859e-03</slantRangeTime>
        <line>9096</line>
        <pixel>17192</pixel>
        <latitude>3.805069224794466e+01</latitude>
        <longitude>-1.139913117267542e+02</longitude>
        <height>2.215784639428571e+03</height>
        <incidenceAngle>4.490811799789287e+01</incidenceAngle>
        <elevationAngle>3.951093828044519e+01</elevationAngle>
      </geolocationGridPoint>
      <geolocationGridPoint>
        <azimuthTime>2015-05-16T13:34:37.508300</azimuthTime>
        <slantRangeTime>6.303924596433170e-03</slantRangeTime>
        <line>9096</line>
        <pixel>18420</pixel>
        <latitude>3.805653660134785e+01</latitude>
        <longitude>-1.140367586164699e+02</longitude>
        <height>2.215784639428571e+03</height>
        <incidenceAngle>4.511792692507170e+01</incidenceAngle>
        <elevationAngle>3.968439840745386e+01</elevationAngle>
      </geolocationGridPoint>
      <geolocationGridPoint>
        <azimuthTime>2015-05-16T13:34:37.508310</azimuthTime>
        <slantRangeTime>6.323009147765482e-03</slantRangeTime>
        <line>9096</line>
        <pixel>19648</pixel>
        <latitude>3.806234236142264e+01</latitude>
        <longitude>-1.140820482331546e+02</longitude>
        <height>2.215784639428571e+03</height>
        <incidenceAngle>4.532582433391602e+01</incidenceAngle>
        <elevationAngle>3.985607852736468e+01</elevationAngle>
      </geolocationGridPoint>
      <geolocationGridPoint>
        <azimuthTime>2015-05-16T13:34:37.508319</azimuthTime>
        <slantRangeTime>6.342093699097794e-03</slantRangeTime>
        <line>9096</line>
        <pixel>20876</pixel>
        <latitude>3.806811012653687e+01</latitude>
        <longitude>-1.141271837321271e+02</longitude>
        <height>2.215784639428571e+03</height>
        <incidenceAngle>4.553184380197915e+01</incidenceAngle>
        <elevationAngle>4.002600961793870e+01</elevationAngle>
      </geolocationGridPoint>
      <geolocationGridPoint>
        <azimuthTime>2015-05-16T13:34:37.508329</azimuthTime>
        <slantRangeTime>6.361178250430105e-03</slantRangeTime>
        <line>9096</line>
        <pixel>22104</pixel>
        <latitude>3.807384047733893e+01</latitude>
        <longitude>-1.141721681753644e+02</longitude>
        <height>2.215784639428571e+03</height>
        <incidenceAngle>4.573601798998405e+01</incidenceAngle>
        <elevationAngle>4.019422181686550e+01</elevationAngle>
      </geolocationGridPoint>
      <geolocationGridPoint>
        <azimuthTime>2015-05-16T13:34:37.508338</azimuthTime>
        <slantRangeTime>6.380262801762416e-03</slantRangeTime>
        <line>9096</line>
        <pixel>23332</pixel>
        <latitude>3.807953397746362e+01</latitude>
        <longitude>-1.142170045352203e+02</longitude>
        <height>2.215784639428571e+03</height>
        <incidenceAngle>4.593837867663744e+01</incidenceAngle>
        <elevationAngle>4.036074445351871e+01</elevationAngle>
      </geolocationGridPoint>
      <geolocationGridPoint>
        <azimuthTime>2015-05-16T13:34:37.508348</azimuthTime>
        <slantRangeTime>6.399347353094728e-03</slantRangeTime>
        <line>9096</line>
        <pixel>24560</pixel>
        <latitude>3.808519117420271e+01</latitude>
        <longitude>-1.142616956979569e+02</longitude>
        <height>2.215784639428571e+03</height>
        <incidenceAngle>4.613895679174427e+01</incidenceAngle>
        <elevationAngle>4.052560607916592e+01</elevationAngle>
      </geolocationGridPoint>
      <geolocationGridPoint>
        <azimuthTime>2015-05-16T13:34:40.266702</azimuthTime>
        <slantRangeTime>6.017656326448498e-03</slantRangeTime>
        <line>10612</line>
        <pixel>0</pixel>
        <latitude>3.779861819657303e+01</latitude>
        <longitude>-1.133725331148479e+02</longitude>
        <height>2.215784639428571e+03</height>
        <incidenceAngle>4.175211853047568e+01</incidenceAngle>
        <elevationAngle>3.687899738677815e+01</elevationAngle>
      </geolocationGridPoint>
      <geolocationGridPoint>
        <azimuthTime>2015-05-16T13:34:40.266711</azimuthTime>
        <slantRangeTime>6.036740877780809e-03</slantRangeTime>
        <line>10612</line>
        <pixel>1228</pixel>
        <latitude>3.780508148106617e+01</latitude>
        <longitude>-1.134204646605800e+02</longitude>
        <height>2.215784639428571e+03</height>
        <incidenceAngle>4.199280209181544e+01</incidenceAngle>
        <elevationAngle>3.708116897539750e+01</elevationAngle>
      </geolocationGridPoint>
      <geolocationGridPoint>
        <azimuthTime>2015-05-16T13:34:40.266721</azimuthTime>
        <slantRangeTime>6.055825429113122e-03</slantRangeTime>
        <line>10612</line>
        <pixel>2456</pixel>
        <latitude>3.781149553847460e+01</latitude>
        <longitude>-1.134681828075454e+02</longitude>
        <height>2.215784639428571e+03</height>
        <incidenceAngle>4.223098365568252e+01</incidenceAngle>
        <elevationAngle>3.728101666266603e+01</elevationAngle>
      </geolocationGridPoint>
      <geolocationGridPoint>
        <azimuthTime>2015-05-16T13:34:40.266730</azimuthTime>
        <slantRangeTime>6.074909980445432e-03</slantRangeTime>
        <line>10612</line>
        <pixel>3684</pixel>
        <latitude>3.781786131459946e+01</latitude>
        <longitude>-1.135156925364447e+02</longitude>
        <height>2.215784639428571e+03</height>
        <incidenceAngle>4.246671454524830e+01</incidenceAngle>
        <elevationAngle>3.747858766229714e+01</elevationAngle>
      </geolocationGridPoint>
      <geolocationGridPoint>
        <azimuthTime>2015-05-16T13:34:40.266740</azimuthTime>
        <slantRangeTime>6.093994531777744e-03</slantRangeTime>
        <line>10612</line>
        <pixel>4912</pixel>
        <latitude>3.782417972226757e+01</latitude>
        <longitude>-1.135629986544430e+02</longitude>
        <height>2.215784639428571e+03</height>
        <incidenceAngle>4.270004442198722e+01</incidenceAngle>
        <elevationAngle>3.767392766932204e+01</elevationAngle>
      </geolocationGridPoint>
      <geolocationGridPoint>
        <azimuthTime>2015-05-16T13:34:40.266749</azimuthTime>
        <slantRangeTime>6.113079083110056e-03</slantRangeTime>
        <line>10612</line>
        <pixel>6140</pixel>
        <latitude>3.783045164288296e+01</latitude>
        <longitude>-1.136101058033361e+02</longitude>
        <height>2.215784639428571e+03</height>
        <incidenceAngle>4.293102136071527e+01</incidenceAngle>
        <elevationAngle>3.786708092839747e+01</elevationAngle>
      </geolocationGridPoint>
      <geolocationGridPoint>
        <azimuthTime>2015-05-16T13:34:40.266759</azimuthTime>
        <slantRangeTime>6.132163634442367e-03</slantRangeTime>
        <line>10612</line>
        <pixel>7368</pixel>
        <latitude>3.783667792788656e+01</latitude>
        <longitude>-1.136570184672327e+02</longitude>
        <height>2.215784639428571e+03</height>
        <incidenceAngle>4.315969192028183e+01</incidenceAngle>
        <elevationAngle>3.805809029816589e+01</elevationAngle>
      </geolocationGridPoint>
      <geolocationGridPoint>
        <azimuthTime>2015-05-16T13:34:40.266768</azimuthTime>
        <slantRangeTime>6.151248185774679e-03</slantRangeTime>
        <line>10612</line>
        <pixel>8596</pixel>
        <latitude>3.784285940013034e+01</latitude>
        <longitude>-1.137037409797867e+02</longitude>
        <height>2.215784639428571e+03</height>
        <incidenceAngle>4.338610121022376e+01</incidenceAngle>
        <elevationAngle>3.824699731194855e+01</elevationAngle>
      </geolocationGridPoint>
      <geolocationGridPoint>
        <azimuthTime>2015-05-16T13:34:40.266778</azimuthTime>
        <slantRangeTime>6.170332737106990e-03</slantRangeTime>
        <line>10612</line>
        <pixel>9824</pixel>
        <latitude>3.784899685517220e+01</latitude>
        <longitude>-1.137502775310122e+02</longitude>
        <height>2.215784639428571e+03</height>
        <incidenceAngle>4.361029295366007e+01</incidenceAngle>
        <elevationAngle>3.843384223502354e+01</elevationAngle>
      </geolocationGridPoint>
      <geolocationGridPoint>
        <azimuthTime>2015-05-16T13:34:40.266787</azimuthTime>
        <slantRangeTime>6.189417288439301e-03</slantRangeTime>
        <line>10612</line>
        <pixel>11052</pixel>
        <latitude>3.785509106249680e+01</latitude>
        <longitude>-1.137966321737088e+02</longitude>
        <height>2.215784639428571e+03</height>
        <incidenceAngle>4.383230954668431e+01</incidenceAngle>
        <elevationAngle>3.861866411872229e+01</elevationAngle>
      </geolocationGridPoint>
      <geolocationGridPoint>
        <azimuthTime>2015-05-16T13:34:40.266797</azimuthTime>
        <slantRangeTime>6.208501839771613e-03</slantRangeTime>
        <line>10612</line>
        <pixel>12280</pixel>
        <latitude>3.786114276666773e+01</latitude>
        <longitude>-1.138428088295250e+02</longitude>
        <height>2.215784639428571e+03</height>
        <incidenceAngle>4.405219211449351e+01</incidenceAngle>
        <elevationAngle>3.880150085156098e+01</elevationAngle>
      </geolocationGridPoint>
      <geolocationGridPoint>
        <azimuthTime>2015-05-16T13:34:40.266807</azimuthTime>
        <slantRangeTime>6.227586391103925e-03</slantRangeTime>
        <line>10612</line>
        <pixel>13508</pixel>
        <latitude>3.786715268841544e+01</latitude>
        <longitude>-1.138888112946843e+02</longitude>
        <height>2.215784639428571e+03</height>
        <incidenceAngle>4.426998056447052e+01</incidenceAngle>
        <elevationAngle>3.898238920760374e+01</elevationAngle>
      </geolocationGridPoint>
      <geolocationGridPoint>
        <azimuthTime>2015-05-16T13:34:40.266816</azimuthTime>
        <slantRangeTime>6.246670942436236e-03</slantRangeTime>
        <line>10612</line>
        <pixel>14736</pixel>
        <latitude>3.787312152566528e+01</latitude>
        <longitude>-1.139346432453954e+02</longitude>
        <height>2.215784639428571e+03</height>
        <incidenceAngle>4.448571363641847e+01</incidenceAngle>
        <elevationAngle>3.916136489223768e+01</elevationAngle>
      </geolocationGridPoint>
      <geolocationGridPoint>
        <azimuthTime>2015-05-16T13:34:40.266826</azimuthTime>
        <slantRangeTime>6.265755493768547e-03</slantRangeTime>
        <line>10612</line>
        <pixel>15964</pixel>
        <latitude>3.787904995450984e+01</latitude>
        <longitude>-1.139803082429696e+02</longitude>
        <height>2.215784639428571e+03</height>
        <incidenceAngle>4.469942895013821e+01</incidenceAngle>
        <elevationAngle>3.933846258553314e+01</elevationAngle>
      </geolocationGridPoint>
      <geolocationGridPoint>
        <azimuthTime>2015-05-16T13:34:40.266835</azimuthTime>
        <slantRangeTime>6.284840045100859e-03</slantRangeTime>
        <line>10612</line>
        <pixel>17192</pixel>
        <latitude>3.788493863012896e+01</latitude>
        <longitude>-1.140258097386621e+02</longitude>
        <height>2.215784639428571e+03</height>
        <incidenceAngle>4.491116305051546e+01</incidenceAngle>
        <elevationAngle>3.951371598334034e+01</elevationAngle>
      </geolocationGridPoint>
      <geolocationGridPoint>
        <azimuthTime>2015-05-16T13:34:40.266845</azimuthTime>
        <slantRangeTime>6.303924596433170e-03</slantRangeTime>
        <line>10612</line>
        <pixel>18420</pixel>
        <latitude>3.789078818766065e+01</latitude>
        <longitude>-1.140711510782564e+02</longitude>
        <height>2.215784639428571e+03</height>
        <incidenceAngle>4.512095145027538e+01</incidenceAngle>
        <elevationAngle>3.968715783626555e+01</elevationAngle>
      </geolocationGridPoint>
      <geolocationGridPoint>
        <azimuthTime>2015-05-16T13:34:40.266854</azimuthTime>
        <slantRangeTime>6.323009147765482e-03</slantRangeTime>
        <line>10612</line>
        <pixel>19648</pixel>
        <latitude>3.789659924302685e+01</latitude>
        <longitude>-1.141163355064088e+02</longitude>
        <height>2.215784639428571e+03</height>
        <incidenceAngle>4.532882867055770e+01</incidenceAngle>
        <elevationAngle>3.985881998666591e+01</elevationAngle>
      </geolocationGridPoint>
      <geolocationGridPoint>
        <azimuthTime>2015-05-16T13:34:40.266864</azimuthTime>
        <slantRangeTime>6.342093699097794e-03</slantRangeTime>
        <line>10612</line>
        <pixel>20876</pixel>
        <latitude>3.790237239371569e+01</latitude>
        <longitude>-1.141613661707665e+02</longitude>
        <height>2.215784639428571e+03</height>
        <incidenceAngle>4.553482827943863e+01</incidenceAngle>
        <elevationAngle>4.002873340377702e+01</elevationAngle>
      </geolocationGridPoint>
      <geolocationGridPoint>
        <azimuthTime>2015-05-16T13:34:40.266873</azimuthTime>
        <slantRangeTime>6.361178250430105e-03</slantRangeTime>
        <line>10612</line>
        <pixel>22104</pixel>
        <latitude>3.790810821952414e+01</latitude>
        <longitude>-1.142062461258745e+02</longitude>
        <height>2.215784639428571e+03</height>
        <incidenceAngle>4.573898292853337e+01</incidenceAngle>
        <elevationAngle>4.019692821709548e+01</elevationAngle>
      </geolocationGridPoint>
      <geolocationGridPoint>
        <azimuthTime>2015-05-16T13:34:40.266883</azimuthTime>
        <slantRangeTime>6.380262801762416e-03</slantRangeTime>
        <line>10612</line>
        <pixel>23332</pixel>
        <latitude>3.791380728326258e+01</latitude>
        <longitude>-1.142509783368848e+02</longitude>
        <height>2.215784639428571e+03</height>
        <incidenceAngle>4.594132438779253e+01</incidenceAngle>
        <elevationAngle>4.036343374811836e+01</elevationAngle>
      </geolocationGridPoint>
      <geolocationGridPoint>
        <azimuthTime>2015-05-16T13:34:40.266892</azimuthTime>
        <slantRangeTime>6.399347353094728e-03</slantRangeTime>
        <line>10612</line>
        <pixel>24560</pixel>
        <latitude>3.791947013142430e+01</latitude>
        <longitude>-1.142955656830785e+02</longitude>
        <height>2.215784639428571e+03</height>
        <incidenceAngle>4.614188357859970e+01</incidenceAngle>
        <elevationAngle>4.052827854053798e+01</elevationAngle>
      </geolocationGridPoint>
      <geolocationGridPoint>
        <azimuthTime>2015-05-16T13:34:43.027322</azimuthTime>
        <slantRangeTime>6.017656326448498e-03</slantRangeTime>
        <line>12128</line>
        <pixel>0</pixel>
        <latitude>3.763266878504768e+01</latitude>
        <longitude>-1.134085202701206e+02</longitude>
        <height>2.215784639428571e+03</height>
        <incidenceAngle>4.175548288327948e+01</incidenceAngle>
        <elevationAngle>3.688205961545982e+01</elevationAngle>
      </geolocationGridPoint>
      <geolocationGridPoint>
        <azimuthTime>2015-05-16T13:34:43.027331</azimuthTime>
        <slantRangeTime>6.036740877780809e-03</slantRangeTime>
        <line>12128</line>
        <pixel>1228</pixel>
        <latitude>3.763913593072440e+01</latitude>
        <longitude>-1.134563410493174e+02</longitude>
        <height>2.215784639428571e+03</height>
        <incidenceAngle>4.199614000437891e+01</incidenceAngle>
        <elevationAngle>3.708420761443866e+01</elevationAngle>
      </geolocationGridPoint>
      <geolocationGridPoint>
        <azimuthTime>2015-05-16T13:34:43.027341</azimuthTime>
        <slantRangeTime>6.055825429113122e-03</slantRangeTime>
        <line>12128</line>
        <pixel>2456</pixel>
        <latitude>3.764555395595869e+01</latitude>
        <longitude>-1.135039489275238e+02</longitude>
        <height>2.215784639428571e+03</height>
        <incidenceAngle>4.223429565037959e+01</incidenceAngle>
        <elevationAngle>3.728403218175344e+01</elevationAngle>
      </geolocationGridPoint>
      <geolocationGridPoint>
        <azimuthTime>2015-05-16T13:34:43.027350</azimuthTime>
        <slantRangeTime>6.074909980445432e-03</slantRangeTime>
        <line>12128</line>
        <pixel>3684</pixel>
        <latitude>3.765192380511168e+01</latitude>
        <longitude>-1.135513488730470e+02</longitude>
        <height>2.215784639428571e+03</height>
        <incidenceAngle>4.247000112704232e+01</incidenceAngle>
        <elevationAngle>3.748158051545126e+01</elevationAngle>
      </geolocationGridPoint>
      <geolocationGridPoint>
        <azimuthTime>2015-05-16T13:34:43.027360</azimuthTime>
        <slantRangeTime>6.093994531777744e-03</slantRangeTime>
        <line>12128</line>
        <pixel>4912</pixel>
        <latitude>3.765824638962508e+01</latitude>
        <longitude>-1.135985456811171e+02</longitude>
        <height>2.215784639428571e+03</height>
        <incidenceAngle>4.270330607923935e+01</incidenceAngle>
        <elevationAngle>3.767689829562469e+01</elevationAngle>
      </geolocationGridPoint>
      <geolocationGridPoint>
        <azimuthTime>2015-05-16T13:34:43.027369</azimuthTime>
        <slantRangeTime>6.113079083110056e-03</slantRangeTime>
        <line>12128</line>
        <pixel>6140</pixel>
        <latitude>3.766452258957002e+01</latitude>
        <longitude>-1.136455439820309e+02</longitude>
        <height>2.215784639428571e+03</height>
        <incidenceAngle>4.293425856594350e+01</incidenceAngle>
        <elevationAngle>3.787002975267502e+01</elevationAngle>
      </geolocationGridPoint>
      <geolocationGridPoint>
        <azimuthTime>2015-05-16T13:34:43.027379</azimuthTime>
        <slantRangeTime>6.132163634442367e-03</slantRangeTime>
        <line>12128</line>
        <pixel>7368</pixel>
        <latitude>3.767075325510397e+01</latitude>
        <longitude>-1.136923482488122e+02</longitude>
        <height>2.215784639428571e+03</height>
        <incidenceAngle>4.316290513087672e+01</incidenceAngle>
        <elevationAngle>3.806101773163363e+01</elevationAngle>
      </geolocationGridPoint>
      <geolocationGridPoint>
        <azimuthTime>2015-05-16T13:34:43.027389</azimuthTime>
        <slantRangeTime>6.151248185774679e-03</slantRangeTime>
        <line>12128</line>
        <pixel>8596</pixel>
        <latitude>3.767693920784258e+01</latitude>
        <longitude>-1.137389628044248e+02</longitude>
        <height>2.215784639428571e+03</height>
        <incidenceAngle>4.338929086912291e+01</incidenceAngle>
        <elevationAngle>3.824990375281770e+01</elevationAngle>
      </geolocationGridPoint>
      <geolocationGridPoint>
        <azimuthTime>2015-05-16T13:34:43.027398</azimuthTime>
        <slantRangeTime>6.170332737106990e-03</slantRangeTime>
        <line>12128</line>
        <pixel>9824</pixel>
        <latitude>3.768308124215213e+01</latitude>
        <longitude>-1.137853918285683e+02</longitude>
        <height>2.215784639428571e+03</height>
        <incidenceAngle>4.361345948998382e+01</incidenceAngle>
        <elevationAngle>3.843672806907355e+01</elevationAngle>
      </geolocationGridPoint>
      <geolocationGridPoint>
        <azimuthTime>2015-05-16T13:34:43.027408</azimuthTime>
        <slantRangeTime>6.189417288439301e-03</slantRangeTime>
        <line>12128</line>
        <pixel>11052</pixel>
        <latitude>3.768918012636829e+01</latitude>
        <longitude>-1.138316393640855e+02</longitude>
        <height>2.215784639428571e+03</height>
        <incidenceAngle>4.383545337633675e+01</incidenceAngle>
        <elevationAngle>3.862152971984169e+01</elevationAngle>
      </geolocationGridPoint>
      <geolocationGridPoint>
        <azimuthTime>2015-05-16T13:34:43.027417</azimuthTime>
        <slantRangeTime>6.208501839771613e-03</slantRangeTime>
        <line>12128</line>
        <pixel>12280</pixel>
        <latitude>3.769523660394614e+01</latitude>
        <longitude>-1.138777093230099e+02</longitude>
        <height>2.215784639428571e+03</height>
        <incidenceAngle>4.405531364072919e+01</incidenceAngle>
        <elevationAngle>3.880434658225766e+01</elevationAngle>
      </geolocationGridPoint>
      <geolocationGridPoint>
        <azimuthTime>2015-05-16T13:34:43.027427</azimuthTime>
        <slantRangeTime>6.227586391103925e-03</slantRangeTime>
        <line>12128</line>
        <pixel>13508</pixel>
        <latitude>3.770125139454630e+01</latitude>
        <longitude>-1.139236054922753e+02</longitude>
        <height>2.215784639428571e+03</height>
        <incidenceAngle>4.427308017843040e+01</incidenceAngle>
        <elevationAngle>3.898521541948718e+01</elevationAngle>
      </geolocationGridPoint>
      <geolocationGridPoint>
        <azimuthTime>2015-05-16T13:34:43.027436</azimuthTime>
        <slantRangeTime>6.246670942436236e-03</slantRangeTime>
        <line>12128</line>
        <pixel>14736</pixel>
        <latitude>3.770722519506118e+01</latitude>
        <longitude>-1.139693315391122e+02</longitude>
        <height>2.215784639428571e+03</height>
        <incidenceAngle>4.448879171763770e+01</incidenceAngle>
        <elevationAngle>3.916417192647602e+01</elevationAngle>
      </geolocationGridPoint>
      <geolocationGridPoint>
        <azimuthTime>2015-05-16T13:34:43.027446</azimuthTime>
        <slantRangeTime>6.265755493768547e-03</slantRangeTime>
        <line>12128</line>
        <pixel>15964</pixel>
        <latitude>3.771315868058554e+01</latitude>
        <longitude>-1.140148910161506e+02</longitude>
        <height>2.215784639428571e+03</height>
        <incidenceAngle>4.470248586702649e+01</incidenceAngle>
        <elevationAngle>3.934125077328552e+01</elevationAngle>
      </geolocationGridPoint>
      <geolocationGridPoint>
        <azimuthTime>2015-05-16T13:34:43.027455</azimuthTime>
        <slantRangeTime>6.284840045100859e-03</slantRangeTime>
        <line>12128</line>
        <pixel>17192</pixel>
        <latitude>3.771905250533487e+01</latitude>
        <longitude>-1.140602873662481e+02</longitude>
        <height>2.215784639428571e+03</height>
        <incidenceAngle>4.491419916081045e+01</incidenceAngle>
        <elevationAngle>3.951648564616513e+01</elevationAngle>
      </geolocationGridPoint>
      <geolocationGridPoint>
        <azimuthTime>2015-05-16T13:34:43.027465</azimuthTime>
        <slantRangeTime>6.303924596433170e-03</slantRangeTime>
        <line>12128</line>
        <pixel>18420</pixel>
        <latitude>3.772490730351502e+01</latitude>
        <longitude>-1.141055239270629e+02</longitude>
        <height>2.215784639428571e+03</height>
        <incidenceAngle>4.512396710147608e+01</incidenceAngle>
        <elevationAngle>3.968990928651021e+01</elevationAngle>
      </geolocationGridPoint>
      <geolocationGridPoint>
        <azimuthTime>2015-05-16T13:34:43.027474</azimuthTime>
        <slantRangeTime>6.323009147765482e-03</slantRangeTime>
        <line>12128</line>
        <pixel>19648</pixel>
        <latitude>3.773072369014625e+01</latitude>
        <longitude>-1.141506039353851e+02</longitude>
        <height>2.215784639428571e+03</height>
        <incidenceAngle>4.533182420033108e+01</incidenceAngle>
        <elevationAngle>3.986155352783300e+01</elevationAngle>
      </geolocationGridPoint>
      <geolocationGridPoint>
        <azimuthTime>2015-05-16T13:34:43.027484</azimuthTime>
        <slantRangeTime>6.342093699097794e-03</slantRangeTime>
        <line>12128</line>
        <pixel>20876</pixel>
        <latitude>3.773650226184439e+01</latitude>
        <longitude>-1.141955305312449e+02</longitude>
        <height>2.215784639428571e+03</height>
        <incidenceAngle>4.553780401600923e+01</incidenceAngle>
        <elevationAngle>4.003144933087496e+01</elevationAngle>
      </geolocationGridPoint>
      <geolocationGridPoint>
        <azimuthTime>2015-05-16T13:34:43.027493</azimuthTime>
        <slantRangeTime>6.361178250430105e-03</slantRangeTime>
        <line>12128</line>
        <pixel>22104</pixel>
        <latitude>3.774224359756204e+01</latitude>
        <longitude>-1.142403067618088e+02</longitude>
        <height>2.215784639428571e+03</height>
        <incidenceAngle>4.574193919105129e+01</incidenceAngle>
        <elevationAngle>4.019962681696959e+01</elevationAngle>
      </geolocationGridPoint>
      <geolocationGridPoint>
        <azimuthTime>2015-05-16T13:34:43.027503</azimuthTime>
        <slantRangeTime>6.380262801762416e-03</slantRangeTime>
        <line>12128</line>
        <pixel>23332</pixel>
        <latitude>3.774794825929214e+01</latitude>
        <longitude>-1.142849355850782e+02</longitude>
        <height>2.215784639428571e+03</height>
        <incidenceAngle>4.594426148668314e+01</incidenceAngle>
        <elevationAngle>4.036611529976570e+01</elevationAngle>
      </geolocationGridPoint>
      <geolocationGridPoint>
        <azimuthTime>2015-05-16T13:34:43.027513</azimuthTime>
        <slantRangeTime>6.399347353094728e-03</slantRangeTime>
        <line>12128</line>
        <pixel>24560</pixel>
        <latitude>3.775361679273610e+01</latitude>
        <longitude>-1.143294198734033e+02</longitude>
        <height>2.215784639428571e+03</height>
        <incidenceAngle>4.614480181589830e+01</incidenceAngle>
        <elevationAngle>4.053094331540842e+01</elevationAngle>
      </geolocationGridPoint>
      <geolocationGridPoint>
        <azimuthTime>2015-05-16T13:34:45.783823</azimuthTime>
        <slantRangeTime>6.017656326448498e-03</slantRangeTime>
        <line>13644</line>
        <pixel>0</pixel>
        <latitude>3.746695966849772e+01</latitude>
        <longitude>-1.134443958190103e+02</longitude>
        <height>2.215784639428571e+03</height>
        <incidenceAngle>4.175882945503713e+01</incidenceAngle>
        <elevationAngle>3.688510577076225e+01</elevationAngle>
      </geolocationGridPoint>
      <geolocationGridPoint>
        <azimuthTime>2015-05-16T13:34:45.783832</azimuthTime>
        <slantRangeTime>6.036740877780809e-03</slantRangeTime>
        <line>13644</line>
        <pixel>1228</pixel>
        <latitude>3.747343071863703e+01</latitude>
        <longitude>-1.134921068859649e+02</longitude>
        <height>2.215784639428571e+03</height>
        <incidenceAngle>4.199946028597765e+01</incidenceAngle>
        <elevationAngle>3.708723031470748e+01</elevationAngle>
      </geolocationGridPoint>
      <geolocationGridPoint>
        <azimuthTime>2015-05-16T13:34:45.783842</azimuthTime>
        <slantRangeTime>6.055825429113122e-03</slantRangeTime>
        <line>13644</line>
        <pixel>2456</pixel>
        <latitude>3.747985275402515e+01</latitude>
        <longitude>-1.135396055449923e+02</longitude>
        <height>2.215784639428571e+03</height>
        <incidenceAngle>4.223759016112619e+01</incidenceAngle>
        <elevationAngle>3.728703189391668e+01</elevationAngle>
      </geolocationGridPoint>
      <geolocationGridPoint>
        <azimuthTime>2015-05-16T13:34:45.783851</azimuthTime>
        <slantRangeTime>6.074909980445432e-03</slantRangeTime>
        <line>13644</line>
        <pixel>3684</pixel>
        <latitude>3.748622671759912e+01</latitude>
        <longitude>-1.135868967521232e+02</longitude>
        <height>2.215784639428571e+03</height>
        <incidenceAngle>4.247327036893816e+01</incidenceAngle>
        <elevationAngle>3.748455769086527e+01</elevationAngle>
      </geolocationGridPoint>
      <geolocationGridPoint>
        <azimuthTime>2015-05-16T13:34:45.783861</azimuthTime>
        <slantRangeTime>6.093994531777744e-03</slantRangeTime>
        <line>13644</line>
        <pixel>4912</pixel>
        <latitude>3.749255351943091e+01</latitude>
        <longitude>-1.136339852907652e+02</longitude>
        <height>2.215784639428571e+03</height>
        <incidenceAngle>4.270655053778325e+01</incidenceAngle>
        <elevationAngle>3.767985337079678e+01</elevationAngle>
      </geolocationGridPoint>
      <geolocationGridPoint>
        <azimuthTime>2015-05-16T13:34:45.783870</azimuthTime>
        <slantRangeTime>6.113079083110056e-03</slantRangeTime>
        <line>13644</line>
        <pixel>6140</pixel>
        <latitude>3.749883403827346e+01</latitude>
        <longitude>-1.136808757798239e+02</longitude>
        <height>2.215784639428571e+03</height>
        <incidenceAngle>4.293747871088630e+01</incidenceAngle>
        <elevationAngle>3.787296314994280e+01</elevationAngle>
      </geolocationGridPoint>
      <geolocationGridPoint>
        <azimuthTime>2015-05-16T13:34:45.783880</azimuthTime>
        <slantRangeTime>6.132163634442367e-03</slantRangeTime>
        <line>13644</line>
        <pixel>7368</pixel>
        <latitude>3.750506912301506e+01</latitude>
        <longitude>-1.137275726813429e+02</longitude>
        <height>2.215784639428571e+03</height>
        <incidenceAngle>4.316610141693273e+01</incidenceAngle>
        <elevationAngle>3.806392985980537e+01</elevationAngle>
      </geolocationGridPoint>
      <geolocationGridPoint>
        <azimuthTime>2015-05-16T13:34:45.783889</azimuthTime>
        <slantRangeTime>6.151248185774679e-03</slantRangeTime>
        <line>13644</line>
        <pixel>8596</pixel>
        <latitude>3.751125959404875e+01</latitude>
        <longitude>-1.137740803076962e+02</longitude>
        <height>2.215784639428571e+03</height>
        <incidenceAngle>4.339246373664010e+01</incidenceAngle>
        <elevationAngle>3.825279500777555e+01</elevationAngle>
      </geolocationGridPoint>
      <geolocationGridPoint>
        <azimuthTime>2015-05-16T13:34:45.783899</azimuthTime>
        <slantRangeTime>6.170332737106990e-03</slantRangeTime>
        <line>13644</line>
        <pixel>9824</pixel>
        <latitude>3.751740624456242e+01</latitude>
        <longitude>-1.138204028283654e+02</longitude>
        <height>2.215784639428571e+03</height>
        <incidenceAngle>4.361660936557590e+01</incidenceAngle>
        <elevationAngle>3.843959883434250e+01</elevationAngle>
      </geolocationGridPoint>
      <geolocationGridPoint>
        <azimuthTime>2015-05-16T13:34:45.783909</azimuthTime>
        <slantRangeTime>6.189417288439301e-03</slantRangeTime>
        <line>13644</line>
        <pixel>11052</pixel>
        <latitude>3.752350984175546e+01</latitude>
        <longitude>-1.138665442763306e+02</longitude>
        <height>2.215784639428571e+03</height>
        <incidenceAngle>4.383858067347952e+01</incidenceAngle>
        <elevationAngle>3.862438036712649e+01</elevationAngle>
      </geolocationGridPoint>
      <geolocationGridPoint>
        <azimuthTime>2015-05-16T13:34:45.783918</azimuthTime>
        <slantRangeTime>6.208501839771613e-03</slantRangeTime>
        <line>13644</line>
        <pixel>12280</pixel>
        <latitude>3.752957112798685e+01</latitude>
        <longitude>-1.139125085541000e+02</longitude>
        <height>2.215784639428571e+03</height>
        <incidenceAngle>4.405841876032499e+01</incidenceAngle>
        <elevationAngle>3.880717747195063e+01</elevationAngle>
      </geolocationGridPoint>
      <geolocationGridPoint>
        <azimuthTime>2015-05-16T13:34:45.783928</azimuthTime>
        <slantRangeTime>6.227586391103925e-03</slantRangeTime>
        <line>13644</line>
        <pixel>13508</pixel>
        <latitude>3.753559082185928e+01</latitude>
        <longitude>-1.139582994394054e+02</longitude>
        <height>2.215784639428571e+03</height>
        <incidenceAngle>4.427616350934044e+01</incidenceAngle>
        <elevationAngle>3.898802690114754e+01</elevationAngle>
      </geolocationGridPoint>
      <geolocationGridPoint>
        <azimuthTime>2015-05-16T13:34:45.783937</azimuthTime>
        <slantRangeTime>6.246670942436236e-03</slantRangeTime>
        <line>13644</line>
        <pixel>14736</pixel>
        <latitude>3.754156961924367e+01</latitude>
        <longitude>-1.140039205905831e+02</longitude>
        <height>2.215784639428571e+03</height>
        <incidenceAngle>4.449185363718674e+01</incidenceAngle>
        <elevationAngle>3.916696433928408e+01</elevationAngle>
      </geolocationGridPoint>
      <geolocationGridPoint>
        <azimuthTime>2015-05-16T13:34:45.783947</azimuthTime>
        <slantRangeTime>6.265755493768547e-03</slantRangeTime>
        <line>13644</line>
        <pixel>15964</pixel>
        <latitude>3.754750819424807e+01</latitude>
        <longitude>-1.140493755516629e+02</longitude>
        <height>2.215784639428571e+03</height>
        <incidenceAngle>4.470552674147918e+01</incidenceAngle>
        <elevationAngle>3.934402444647144e+01</elevationAngle>
      </geolocationGridPoint>
      <geolocationGridPoint>
        <azimuthTime>2015-05-16T13:34:45.783956</azimuthTime>
        <slantRangeTime>6.284840045100859e-03</slantRangeTime>
        <line>13644</line>
        <pixel>17192</pixel>
        <latitude>3.755340720013444e+01</latitude>
        <longitude>-1.140946677571840e+02</longitude>
        <height>2.215784639428571e+03</height>
        <incidenceAngle>4.491721934582459e+01</incidenceAngle>
        <elevationAngle>3.951924089941671e+01</elevationAngle>
      </geolocationGridPoint>
      <geolocationGridPoint>
        <azimuthTime>2015-05-16T13:34:45.783966</azimuthTime>
        <slantRangeTime>6.303924596433170e-03</slantRangeTime>
        <line>13644</line>
        <pixel>18420</pixel>
        <latitude>3.755926727018679e+01</latitude>
        <longitude>-1.141398005367548e+02</longitude>
        <height>2.215784639428571e+03</height>
        <incidenceAngle>4.512696694252966e+01</incidenceAngle>
        <elevationAngle>3.969264643035749e+01</elevationAngle>
      </geolocationGridPoint>
      <geolocationGridPoint>
        <azimuthTime>2015-05-16T13:34:45.783975</azimuthTime>
        <slantRangeTime>6.323009147765482e-03</slantRangeTime>
        <line>13644</line>
        <pixel>19648</pixel>
        <latitude>3.756508901853383e+01</latitude>
        <longitude>-1.141847771193734e+02</longitude>
        <height>2.215784639428571e+03</height>
        <incidenceAngle>4.533480403313013e+01</incidenceAngle>
        <elevationAngle>3.986427286401518e+01</elevationAngle>
      </geolocationGridPoint>
      <geolocationGridPoint>
        <azimuthTime>2015-05-16T13:34:45.783985</azimuthTime>
        <slantRangeTime>6.342093699097794e-03</slantRangeTime>
        <line>13644</line>
        <pixel>20876</pixel>
        <latitude>3.757087304092881e+01</latitude>
        <longitude>-1.142296006375240e+02</longitude>
        <height>2.215784639428571e+03</height>
        <incidenceAngle>4.554076416687251e+01</incidenceAngle>
        <elevationAngle>4.003415115268663e+01</elevationAngle>
      </geolocationGridPoint>
      <geolocationGridPoint>
        <azimuthTime>2015-05-16T13:34:45.783994</azimuthTime>
        <slantRangeTime>6.361178250430105e-03</slantRangeTime>
        <line>13644</line>
        <pixel>22104</pixel>
        <latitude>3.757661991548947e+01</latitude>
        <longitude>-1.142742741310635e+02</longitude>
        <height>2.215784639428571e+03</height>
        <incidenceAngle>4.574487997727740e+01</incidenceAngle>
        <elevationAngle>4.020231140959113e+01</elevationAngle>
      </geolocationGridPoint>
      <geolocationGridPoint>
        <azimuthTime>2015-05-16T13:34:45.784004</azimuthTime>
        <slantRangeTime>6.380262801762416e-03</slantRangeTime>
        <line>13644</line>
        <pixel>23332</pixel>
        <latitude>3.758233020340033e+01</latitude>
        <longitude>-1.143188005509100e+02</longitude>
        <height>2.215784639428571e+03</height>
        <incidenceAngle>4.594718321689836e+01</incidenceAngle>
        <elevationAngle>4.036878294057632e+01</elevationAngle>
      </geolocationGridPoint>
      <geolocationGridPoint>
        <azimuthTime>2015-05-16T13:34:45.784014</azimuthTime>
        <slantRangeTime>6.399347353094728e-03</slantRangeTime>
        <line>13644</line>
        <pixel>24560</pixel>
        <latitude>3.758800444957988e+01</latitude>
        <longitude>-1.143631827625470e+02</longitude>
        <height>2.215784639428571e+03</height>
        <incidenceAngle>4.614770479038657e+01</incidenceAngle>
        <elevationAngle>4.053359427428320e+01</elevationAngle>
      </geolocationGridPoint>
    </geolocationGridPointList>
  </geolocationGrid>
  <coordinateConversion>
    <coordinateConversionList count="0"/>
  </coordinateConversion>
  <swathMerging>
    <swathMergeList count="0"/>
  </swathMerging>
</product>
